Flat profile:

Each sample counts as 0.01 seconds.
  %   cumulative   self              self     total           
 time   seconds   seconds    calls   s/call   s/call  name    
 65.78     66.48    66.48 43942471     0.00     0.00  euclideanDistance(double*, unsigned int, double*)
 12.61     79.22    12.74       26     0.49     0.49  updateNeighbors(std::vector<Node, std::allocator<Node> >, std::vector<std::vector<Node, std::allocator<Node> >, std::allocator<std::vector<Node, std::allocator<Node> > > >*)
  6.52     85.81     6.59                             splitNodes(double*, std::vector<Node, std::allocator<Node> >, unsigned int, double, double*, unsigned int, unsigned int, std::vector<Node, std::allocator<Node> >*)
  4.65     90.51     4.70   143491     0.00     0.00  void thrust::system::detail::sequential::radix_sort_detail::radix_sort<8u, true, thrust::system::cpp::detail::par_t, unsigned int*, thrust::detail::normal_iterator<thrust::pointer<unsigned int, thrust::system::cpp::detail::par_t, thrust::use_default, thrust::use_default> >, unsigned int*, thrust::detail::normal_iterator<thrust::pointer<unsigned int, thrust::system::cpp::detail::par_t, thrust::use_default, thrust::use_default> > >(thrust::system::detail::sequential::execution_policy<thrust::system::cpp::detail::par_t>&, unsigned int*, thrust::detail::normal_iterator<thrust::pointer<unsigned int, thrust::system::cpp::detail::par_t, thrust::use_default, thrust::use_default> >, unsigned int*, thrust::detail::normal_iterator<thrust::pointer<unsigned int, thrust::system::cpp::detail::par_t, thrust::use_default, thrust::use_default> >, unsigned long)
  2.88     93.42     2.91        6     0.49     0.49  stddev(double*, unsigned int, unsigned int)
  1.69     95.13     1.71                             __cudaUnregisterBinaryUtil()
  1.27     96.41     1.28    67555     0.00     0.00  void thrust::system::detail::sequential::radix_sort_detail::radix_shuffle_n<8u, thrust::system::cpp::detail::par_t, unsigned int*, unsigned int*, thrust::detail::normal_iterator<thrust::pointer<unsigned int, thrust::system::cpp::detail::par_t, thrust::use_default, thrust::use_default> >, thrust::detail::normal_iterator<thrust::pointer<unsigned int, thrust::system::cpp::detail::par_t, thrust::use_default, thrust::use_default> >, unsigned int>(thrust::system::detail::sequential::execution_policy<thrust::system::cpp::detail::par_t>&, unsigned int*, unsigned int*, unsigned long, thrust::detail::normal_iterator<thrust::pointer<unsigned int, thrust::system::cpp::detail::par_t, thrust::use_default, thrust::use_default> >, thrust::detail::normal_iterator<thrust::pointer<unsigned int, thrust::system::cpp::detail::par_t, thrust::use_default, thrust::use_default> >, unsigned int, unsigned long*)
  0.99     97.41     1.00        4     0.25     2.72  initNodes(double*, unsigned int, unsigned int, double, double*, unsigned int*, std::vector<Node, std::allocator<Node> >*)
  0.71     98.13     0.72                             void cub::EmptyKernel<void>()
  0.69     98.83     0.70        2     0.35     0.35  void thrust::system::detail::sequential::radix_sort_detail::radix_sort<3u, true, thrust::system::cpp::detail::par_t, unsigned int*, thrust::detail::normal_iterator<thrust::pointer<unsigned int, thrust::system::cpp::detail::par_t, thrust::use_default, thrust::use_default> >, unsigned int*, thrust::detail::normal_iterator<thrust::pointer<unsigned int, thrust::system::cpp::detail::par_t, thrust::use_default, thrust::use_default> > >(thrust::system::detail::sequential::execution_policy<thrust::system::cpp::detail::par_t>&, unsigned int*, thrust::detail::normal_iterator<thrust::pointer<unsigned int, thrust::system::cpp::detail::par_t, thrust::use_default, thrust::use_default> >, unsigned int*, thrust::detail::normal_iterator<thrust::pointer<unsigned int, thrust::system::cpp::detail::par_t, thrust::use_default, thrust::use_default> >, unsigned long)
  0.44     99.27     0.44   164892     0.00     0.00  std::vector<Node, std::allocator<Node> >::operator=(std::vector<Node, std::allocator<Node> > const&)
  0.32     99.59     0.32                             std::vector<unsigned int, std::allocator<unsigned int> >::_M_realloc_insert(__gnu_cxx::__normal_iterator<unsigned int*, std::vector<unsigned int, std::allocator<unsigned int> > >, unsigned int const&)
  0.25     99.84     0.25  1038415     0.00     0.00  buildNodeNet(double*, unsigned int, unsigned int, unsigned int, unsigned int*, double, std::vector<Node, std::allocator<Node> >*)
  0.18    100.02     0.18   300037     0.00     0.00  newNode(unsigned int, unsigned int*, Node, unsigned int, unsigned int)
  0.18    100.20     0.18                             nodeLauncher(double*, unsigned int, unsigned int, unsigned int, unsigned int*, double)
  0.16    100.36     0.16  1505805     0.00     0.00  void std::vector<unsigned int, std::allocator<unsigned int> >::_M_realloc_insert<unsigned int const&>(__gnu_cxx::__normal_iterator<unsigned int*, std::vector<unsigned int, std::allocator<unsigned int> > >, unsigned int const&)
  0.16    100.52     0.16   350063     0.00     0.00  void std::vector<Node, std::allocator<Node> >::emplace_back<Node>(Node&&)
  0.16    100.68     0.16                             frame_dummy
  0.07    100.75     0.07 10305140     0.00     0.00  std::vector<unsigned int, std::allocator<unsigned int> >::_M_default_append(unsigned long)
  0.06    100.81     0.07 10000000     0.00     0.00  std::vector<unsigned int, std::allocator<unsigned int> >::operator=(std::vector<unsigned int, std::allocator<unsigned int> > const&)
  0.06    100.87     0.06   415557     0.00     0.00  void std::vector<unsigned int, std::allocator<unsigned int> >::emplace_back<unsigned int>(unsigned int&&)
  0.03    100.90     0.03       23     0.00     0.00  std::vector<std::vector<Node, std::allocator<Node> >, std::allocator<std::vector<Node, std::allocator<Node> > > >::_M_default_append(unsigned long)
  0.02    100.92     0.02  5000000     0.00     0.00  std::vector<unsigned int*, std::allocator<unsigned int*> >::_M_default_append(unsigned long)
  0.02    100.94     0.02  5000000     0.00     0.00  std::vector<unsigned int*, std::allocator<unsigned int*> >::operator=(std::vector<unsigned int*, std::allocator<unsigned int*> > const&)
  0.02    100.96     0.02      182     0.00     0.00  newNode(unsigned int, unsigned int*, unsigned int, unsigned int)
  0.01    100.98     0.02                             compPair(std::pair<unsigned int, unsigned int> const&, std::pair<unsigned int, unsigned int> const&)
  0.01    100.99     0.01   283144     0.00     0.00  __cudaUnregisterBinaryUtil()
  0.00    100.99     0.01                             neighborTable::~neighborTable()
  0.00    100.99     0.00   146016     0.00     0.00  void thrust::system::detail::sequential::stable_radix_sort_by_key<thrust::system::cpp::detail::par_t, unsigned int*, unsigned int*>(thrust::system::detail::sequential::execution_policy<thrust::system::cpp::detail::par_t>&, unsigned int*, unsigned int*, unsigned int*) [clone .constprop.314]
  0.00    100.99     0.00       43     0.00     0.00  cudaError cub::DeviceRadixSort::SortPairs<unsigned int, unsigned int>(void*, unsigned long&, cub::DoubleBuffer<unsigned int>&, cub::DoubleBuffer<unsigned int>&, int, int, int, CUstream_st*, bool)
  0.00    100.99     0.00       22     0.00     0.00  __device_stub__ZN3cub33DeviceRadixSortExclusiveSumKernelINS_21DeviceRadixSortPolicyIjjiE9Policy800EiEEvPT0_(int*)
  0.00    100.99     0.00       22     0.00     0.00  __device_stub__ZN3cub30DeviceRadixSortHistogramKernelINS_21DeviceRadixSortPolicyIjjiE9Policy800ELb0EjiEEvPT2_PKT1_S4_ii(int*, unsigned int const*, int, int, int)
  0.00    100.99     0.00       21     0.00     0.00  GPU_SortbyKey(CUstream_st*, unsigned int*, unsigned int, unsigned int*)
  0.00    100.99     0.00       21     0.00     0.00  thrust::detail::temporary_allocator<unsigned char, thrust::cuda_cub::execute_on_stream>::allocate(unsigned long)
  0.00    100.99     0.00       11     0.00     0.00  kernelUniqueKeys(unsigned int*, unsigned long long*, unsigned int*, unsigned int*, unsigned int*)
  0.00    100.99     0.00       11     0.00     0.00  nodeCalculationsKernel(unsigned int*, unsigned int*, unsigned int*, unsigned int*, double*, unsigned int*, unsigned long long*, unsigned long long*, double*, unsigned int*, unsigned int*, unsigned int*, unsigned int*, unsigned long long*, unsigned int*, unsigned int*)
  0.00    100.99     0.00        7     0.00     0.00  void thrust::system::detail::sequential::radix_sort_detail::radix_sort<8u, true, thrust::system::cpp::detail::tag, double*, thrust::detail::normal_iterator<thrust::pointer<double, thrust::system::cpp::detail::tag, thrust::use_default, thrust::use_default> >, unsigned int*, thrust::detail::normal_iterator<thrust::pointer<unsigned int, thrust::system::cpp::detail::tag, thrust::use_default, thrust::use_default> > >(thrust::system::detail::sequential::execution_policy<thrust::system::cpp::detail::tag>&, double*, thrust::detail::normal_iterator<thrust::pointer<double, thrust::system::cpp::detail::tag, thrust::use_default, thrust::use_default> >, unsigned int*, thrust::detail::normal_iterator<thrust::pointer<unsigned int, thrust::system::cpp::detail::tag, thrust::use_default, thrust::use_default> >, unsigned long)
  0.00    100.99     0.00        7     0.00     0.00  void thrust::system::detail::sequential::stable_radix_sort_by_key<thrust::system::cpp::detail::tag, double*, unsigned int*>(thrust::system::detail::sequential::execution_policy<thrust::system::cpp::detail::tag>&, double*, double*, unsigned int*)
  0.00    100.99     0.00        6     0.00     0.49  createRPArray(double*, unsigned int, unsigned int, unsigned long long)
  0.00    100.99     0.00        1     0.00     0.00  _GLOBAL__sub_I__Z12buildNodeNetPdjjjPjdPSt6vectorI4NodeSaIS2_EE
  0.00    100.99     0.00        1     0.00     0.00  _GLOBAL__sub_I__Z15GPUBinarySearchjPjS_jjS_S_S_PyS_S_S_S_j
  0.00    100.99     0.00        1     0.00     0.00  _GLOBAL__sub_I__Z22constructNeighborTablePjS_PyS_S_jP13neighborTable
  0.00    100.99     0.00        1     0.00     0.00  _GLOBAL__sub_I__Z8compPairRKSt4pairIjjES2_
  0.00    100.99     0.00        1     0.00     0.00  _GLOBAL__sub_I__Z9buildTreePPPjPdjydjS_S1_S_S_j
  0.00    100.99     0.00        1     0.00     0.00  _GLOBAL__sub_I_main
  0.00    100.99     0.00        1     0.00     0.00  totalNodeCalcs(std::vector<Node, std::allocator<Node> >, unsigned int)
  0.00    100.99     0.00        1     0.00     0.00  __sti____cudaRegisterAll()
  0.00    100.99     0.00        1     0.00     0.00  __sti____cudaRegisterAll()
  0.00    100.99     0.00        1     0.00     0.00  __sti____cudaRegisterAll()
  0.00    100.99     0.00        1     0.00     0.00  __sti____cudaRegisterAll()
  0.00    100.99     0.00        1     0.00     0.00  __sti____cudaRegisterAll()
  0.00    100.99     0.00        1     0.00     0.00  __sti____cudaRegisterAll()

 %         the percentage of the total running time of the
time       program used by this function.

cumulative a running sum of the number of seconds accounted
 seconds   for by this function and those listed above it.

 self      the number of seconds accounted for by this
seconds    function alone.  This is the major sort for this
           listing.

calls      the number of times this function was invoked, if
           this function is profiled, else blank.

 self      the average number of milliseconds spent in this
ms/call    function per call, if this function is profiled,
	   else blank.

 total     the average number of milliseconds spent in this
ms/call    function and its descendents per call, if this
	   function is profiled, else blank.

name       the name of the function.  This is the minor sort
           for this listing. The index shows the location of
	   the function in the gprof listing. If the index is
	   in parenthesis it shows where it would appear in
	   the gprof listing if it were to be printed.

Copyright (C) 2012-2018 Free Software Foundation, Inc.

Copying and distribution of this file, with or without modification,
are permitted in any medium without royalty provided the copyright
notice and this notice are preserved.

		     Call graph (explanation follows)


granularity: each sample hit covers 2 byte(s) for 0.01% of 100.99 seconds

index % time    self  children    called     name
                                                 <spontaneous>
[1]     96.7    6.59   91.12                 splitNodes(double*, std::vector<Node, std::allocator<Node> >, unsigned int, double, double*, unsigned int, unsigned int, std::vector<Node, std::allocator<Node> >*) [1]
               56.64    0.00 37437761/43942471     euclideanDistance(double*, unsigned int, double*) [2]
               12.74    0.00      26/26          updateNeighbors(std::vector<Node, std::allocator<Node> >, std::vector<std::vector<Node, std::allocator<Node> >, std::allocator<std::vector<Node, std::allocator<Node> > > >*) [3]
                1.00    9.86       4/4           initNodes(double*, unsigned int, unsigned int, double, double*, unsigned int*, std::vector<Node, std::allocator<Node> >*) [4]
                0.00    6.69  146013/146016      void thrust::system::detail::sequential::stable_radix_sort_by_key<thrust::system::cpp::detail::par_t, unsigned int*, unsigned int*>(thrust::system::detail::sequential::execution_policy<thrust::system::cpp::detail::par_t>&, unsigned int*, unsigned int*, unsigned int*) [clone .constprop.314] [5]
                0.25    2.92 1038414/1038415     buildNodeNet(double*, unsigned int, unsigned int, unsigned int, unsigned int*, double, std::vector<Node, std::allocator<Node> >*) [7]
                0.44    0.00  164882/164892      std::vector<Node, std::allocator<Node> >::operator=(std::vector<Node, std::allocator<Node> > const&) [14]
                0.18    0.16  300037/300037      newNode(unsigned int, unsigned int*, Node, unsigned int, unsigned int) [16]
                0.16    0.00  349889/350063      void std::vector<Node, std::allocator<Node> >::emplace_back<Node>(Node&&) [20]
                0.06    0.00  415236/415557      void std::vector<unsigned int, std::allocator<unsigned int> >::emplace_back<unsigned int>(unsigned int&&) [23]
                0.02    0.00      17/23          std::vector<std::vector<Node, std::allocator<Node> >, std::allocator<std::vector<Node, std::allocator<Node> > > >::_M_default_append(unsigned long) [24]
-----------------------------------------------
                9.84    0.00 6504710/43942471     initNodes(double*, unsigned int, unsigned int, double, double*, unsigned int*, std::vector<Node, std::allocator<Node> >*) [4]
               56.64    0.00 37437761/43942471     splitNodes(double*, std::vector<Node, std::allocator<Node> >, unsigned int, double, double*, unsigned int, unsigned int, std::vector<Node, std::allocator<Node> >*) [1]
[2]     65.8   66.48    0.00 43942471         euclideanDistance(double*, unsigned int, double*) [2]
-----------------------------------------------
               12.74    0.00      26/26          splitNodes(double*, std::vector<Node, std::allocator<Node> >, unsigned int, double, double*, unsigned int, unsigned int, std::vector<Node, std::allocator<Node> >*) [1]
[3]     12.6   12.74    0.00      26         updateNeighbors(std::vector<Node, std::allocator<Node> >, std::vector<std::vector<Node, std::allocator<Node> >, std::allocator<std::vector<Node, std::allocator<Node> > > >*) [3]
-----------------------------------------------
                1.00    9.86       4/4           splitNodes(double*, std::vector<Node, std::allocator<Node> >, unsigned int, double, double*, unsigned int, unsigned int, std::vector<Node, std::allocator<Node> >*) [1]
[4]     10.8    1.00    9.86       4         initNodes(double*, unsigned int, unsigned int, double, double*, unsigned int*, std::vector<Node, std::allocator<Node> >*) [4]
                9.84    0.00 6504710/43942471     euclideanDistance(double*, unsigned int, double*) [2]
                0.02    0.00     182/182         newNode(unsigned int, unsigned int*, unsigned int, unsigned int) [25]
                0.00    0.00       3/146016      void thrust::system::detail::sequential::stable_radix_sort_by_key<thrust::system::cpp::detail::par_t, unsigned int*, unsigned int*>(thrust::system::detail::sequential::execution_policy<thrust::system::cpp::detail::par_t>&, unsigned int*, unsigned int*, unsigned int*) [clone .constprop.314] [5]
                0.00    0.00     174/350063      void std::vector<Node, std::allocator<Node> >::emplace_back<Node>(Node&&) [20]
                0.00    0.00     321/415557      void std::vector<unsigned int, std::allocator<unsigned int> >::emplace_back<unsigned int>(unsigned int&&) [23]
                0.00    0.00       3/164892      std::vector<Node, std::allocator<Node> >::operator=(std::vector<Node, std::allocator<Node> > const&) [14]
-----------------------------------------------
                0.00    0.00       3/146016      initNodes(double*, unsigned int, unsigned int, double, double*, unsigned int*, std::vector<Node, std::allocator<Node> >*) [4]
                0.00    6.69  146013/146016      splitNodes(double*, std::vector<Node, std::allocator<Node> >, unsigned int, double, double*, unsigned int, unsigned int, std::vector<Node, std::allocator<Node> >*) [1]
[5]      6.6    0.00    6.69  146016         void thrust::system::detail::sequential::stable_radix_sort_by_key<thrust::system::cpp::detail::par_t, unsigned int*, unsigned int*>(thrust::system::detail::sequential::execution_policy<thrust::system::cpp::detail::par_t>&, unsigned int*, unsigned int*, unsigned int*) [clone .constprop.314] [5]
                4.70    1.28  143491/143491      void thrust::system::detail::sequential::radix_sort_detail::radix_sort<8u, true, thrust::system::cpp::detail::par_t, unsigned int*, thrust::detail::normal_iterator<thrust::pointer<unsigned int, thrust::system::cpp::detail::par_t, thrust::use_default, thrust::use_default> >, unsigned int*, thrust::detail::normal_iterator<thrust::pointer<unsigned int, thrust::system::cpp::detail::par_t, thrust::use_default, thrust::use_default> > >(thrust::system::detail::sequential::execution_policy<thrust::system::cpp::detail::par_t>&, unsigned int*, thrust::detail::normal_iterator<thrust::pointer<unsigned int, thrust::system::cpp::detail::par_t, thrust::use_default, thrust::use_default> >, unsigned int*, thrust::detail::normal_iterator<thrust::pointer<unsigned int, thrust::system::cpp::detail::par_t, thrust::use_default, thrust::use_default> >, unsigned long) [6]
                0.70    0.00       2/2           void thrust::system::detail::sequential::radix_sort_detail::radix_sort<3u, true, thrust::system::cpp::detail::par_t, unsigned int*, thrust::detail::normal_iterator<thrust::pointer<unsigned int, thrust::system::cpp::detail::par_t, thrust::use_default, thrust::use_default> >, unsigned int*, thrust::detail::normal_iterator<thrust::pointer<unsigned int, thrust::system::cpp::detail::par_t, thrust::use_default, thrust::use_default> > >(thrust::system::detail::sequential::execution_policy<thrust::system::cpp::detail::par_t>&, unsigned int*, thrust::detail::normal_iterator<thrust::pointer<unsigned int, thrust::system::cpp::detail::par_t, thrust::use_default, thrust::use_default> >, unsigned int*, thrust::detail::normal_iterator<thrust::pointer<unsigned int, thrust::system::cpp::detail::par_t, thrust::use_default, thrust::use_default> >, unsigned long) [13]
                0.01    0.00  283144/283144      __cudaUnregisterBinaryUtil() [29]
-----------------------------------------------
                4.70    1.28  143491/143491      void thrust::system::detail::sequential::stable_radix_sort_by_key<thrust::system::cpp::detail::par_t, unsigned int*, unsigned int*>(thrust::system::detail::sequential::execution_policy<thrust::system::cpp::detail::par_t>&, unsigned int*, unsigned int*, unsigned int*) [clone .constprop.314] [5]
[6]      5.9    4.70    1.28  143491         void thrust::system::detail::sequential::radix_sort_detail::radix_sort<8u, true, thrust::system::cpp::detail::par_t, unsigned int*, thrust::detail::normal_iterator<thrust::pointer<unsigned int, thrust::system::cpp::detail::par_t, thrust::use_default, thrust::use_default> >, unsigned int*, thrust::detail::normal_iterator<thrust::pointer<unsigned int, thrust::system::cpp::detail::par_t, thrust::use_default, thrust::use_default> > >(thrust::system::detail::sequential::execution_policy<thrust::system::cpp::detail::par_t>&, unsigned int*, thrust::detail::normal_iterator<thrust::pointer<unsigned int, thrust::system::cpp::detail::par_t, thrust::use_default, thrust::use_default> >, unsigned int*, thrust::detail::normal_iterator<thrust::pointer<unsigned int, thrust::system::cpp::detail::par_t, thrust::use_default, thrust::use_default> >, unsigned long) [6]
                1.28    0.00   67555/67555       void thrust::system::detail::sequential::radix_sort_detail::radix_shuffle_n<8u, thrust::system::cpp::detail::par_t, unsigned int*, unsigned int*, thrust::detail::normal_iterator<thrust::pointer<unsigned int, thrust::system::cpp::detail::par_t, thrust::use_default, thrust::use_default> >, thrust::detail::normal_iterator<thrust::pointer<unsigned int, thrust::system::cpp::detail::par_t, thrust::use_default, thrust::use_default> >, unsigned int>(thrust::system::detail::sequential::execution_policy<thrust::system::cpp::detail::par_t>&, unsigned int*, unsigned int*, unsigned long, thrust::detail::normal_iterator<thrust::pointer<unsigned int, thrust::system::cpp::detail::par_t, thrust::use_default, thrust::use_default> >, thrust::detail::normal_iterator<thrust::pointer<unsigned int, thrust::system::cpp::detail::par_t, thrust::use_default, thrust::use_default> >, unsigned int, unsigned long*) [11]
-----------------------------------------------
                0.00    0.00       1/1038415     nodeLauncher(double*, unsigned int, unsigned int, unsigned int, unsigned int*, double) [15]
                0.25    2.92 1038414/1038415     splitNodes(double*, std::vector<Node, std::allocator<Node> >, unsigned int, double, double*, unsigned int, unsigned int, std::vector<Node, std::allocator<Node> >*) [1]
[7]      3.1    0.25    2.92 1038415         buildNodeNet(double*, unsigned int, unsigned int, unsigned int, unsigned int*, double, std::vector<Node, std::allocator<Node> >*) [7]
                0.00    2.91       6/6           createRPArray(double*, unsigned int, unsigned int, unsigned long long) [8]
                0.01    0.00       6/23          std::vector<std::vector<Node, std::allocator<Node> >, std::allocator<std::vector<Node, std::allocator<Node> > > >::_M_default_append(unsigned long) [24]
                0.00    0.00       7/164892      std::vector<Node, std::allocator<Node> >::operator=(std::vector<Node, std::allocator<Node> > const&) [14]
-----------------------------------------------
                0.00    2.91       6/6           buildNodeNet(double*, unsigned int, unsigned int, unsigned int, unsigned int*, double, std::vector<Node, std::allocator<Node> >*) [7]
[8]      2.9    0.00    2.91       6         createRPArray(double*, unsigned int, unsigned int, unsigned long long) [8]
                2.91    0.00       6/6           stddev(double*, unsigned int, unsigned int) [9]
-----------------------------------------------
                2.91    0.00       6/6           createRPArray(double*, unsigned int, unsigned int, unsigned long long) [8]
[9]      2.9    2.91    0.00       6         stddev(double*, unsigned int, unsigned int) [9]
                0.00    0.00       7/7           void thrust::system::detail::sequential::stable_radix_sort_by_key<thrust::system::cpp::detail::tag, double*, unsigned int*>(thrust::system::detail::sequential::execution_policy<thrust::system::cpp::detail::tag>&, double*, double*, unsigned int*) [418]
-----------------------------------------------
                                                 <spontaneous>
[10]     1.7    1.71    0.00                 __cudaUnregisterBinaryUtil() [10]
-----------------------------------------------
                1.28    0.00   67555/67555       void thrust::system::detail::sequential::radix_sort_detail::radix_sort<8u, true, thrust::system::cpp::detail::par_t, unsigned int*, thrust::detail::normal_iterator<thrust::pointer<unsigned int, thrust::system::cpp::detail::par_t, thrust::use_default, thrust::use_default> >, unsigned int*, thrust::detail::normal_iterator<thrust::pointer<unsigned int, thrust::system::cpp::detail::par_t, thrust::use_default, thrust::use_default> > >(thrust::system::detail::sequential::execution_policy<thrust::system::cpp::detail::par_t>&, unsigned int*, thrust::detail::normal_iterator<thrust::pointer<unsigned int, thrust::system::cpp::detail::par_t, thrust::use_default, thrust::use_default> >, unsigned int*, thrust::detail::normal_iterator<thrust::pointer<unsigned int, thrust::system::cpp::detail::par_t, thrust::use_default, thrust::use_default> >, unsigned long) [6]
[11]     1.3    1.28    0.00   67555         void thrust::system::detail::sequential::radix_sort_detail::radix_shuffle_n<8u, thrust::system::cpp::detail::par_t, unsigned int*, unsigned int*, thrust::detail::normal_iterator<thrust::pointer<unsigned int, thrust::system::cpp::detail::par_t, thrust::use_default, thrust::use_default> >, thrust::detail::normal_iterator<thrust::pointer<unsigned int, thrust::system::cpp::detail::par_t, thrust::use_default, thrust::use_default> >, unsigned int>(thrust::system::detail::sequential::execution_policy<thrust::system::cpp::detail::par_t>&, unsigned int*, unsigned int*, unsigned long, thrust::detail::normal_iterator<thrust::pointer<unsigned int, thrust::system::cpp::detail::par_t, thrust::use_default, thrust::use_default> >, thrust::detail::normal_iterator<thrust::pointer<unsigned int, thrust::system::cpp::detail::par_t, thrust::use_default, thrust::use_default> >, unsigned int, unsigned long*) [11]
-----------------------------------------------
                                                 <spontaneous>
[12]     0.7    0.72    0.00                 void cub::EmptyKernel<void>() [12]
-----------------------------------------------
                0.70    0.00       2/2           void thrust::system::detail::sequential::stable_radix_sort_by_key<thrust::system::cpp::detail::par_t, unsigned int*, unsigned int*>(thrust::system::detail::sequential::execution_policy<thrust::system::cpp::detail::par_t>&, unsigned int*, unsigned int*, unsigned int*) [clone .constprop.314] [5]
[13]     0.7    0.70    0.00       2         void thrust::system::detail::sequential::radix_sort_detail::radix_sort<3u, true, thrust::system::cpp::detail::par_t, unsigned int*, thrust::detail::normal_iterator<thrust::pointer<unsigned int, thrust::system::cpp::detail::par_t, thrust::use_default, thrust::use_default> >, unsigned int*, thrust::detail::normal_iterator<thrust::pointer<unsigned int, thrust::system::cpp::detail::par_t, thrust::use_default, thrust::use_default> > >(thrust::system::detail::sequential::execution_policy<thrust::system::cpp::detail::par_t>&, unsigned int*, thrust::detail::normal_iterator<thrust::pointer<unsigned int, thrust::system::cpp::detail::par_t, thrust::use_default, thrust::use_default> >, unsigned int*, thrust::detail::normal_iterator<thrust::pointer<unsigned int, thrust::system::cpp::detail::par_t, thrust::use_default, thrust::use_default> >, unsigned long) [13]
-----------------------------------------------
                0.00    0.00       3/164892      initNodes(double*, unsigned int, unsigned int, double, double*, unsigned int*, std::vector<Node, std::allocator<Node> >*) [4]
                0.00    0.00       7/164892      buildNodeNet(double*, unsigned int, unsigned int, unsigned int, unsigned int*, double, std::vector<Node, std::allocator<Node> >*) [7]
                0.44    0.00  164882/164892      splitNodes(double*, std::vector<Node, std::allocator<Node> >, unsigned int, double, double*, unsigned int, unsigned int, std::vector<Node, std::allocator<Node> >*) [1]
[14]     0.4    0.44    0.00  164892         std::vector<Node, std::allocator<Node> >::operator=(std::vector<Node, std::allocator<Node> > const&) [14]
-----------------------------------------------
                                                 <spontaneous>
[15]     0.3    0.18    0.17                 nodeLauncher(double*, unsigned int, unsigned int, unsigned int, unsigned int*, double) [15]
                0.07    0.00 10000000/10305140     std::vector<unsigned int, std::allocator<unsigned int> >::_M_default_append(unsigned long) [21]
                0.07    0.00 10000000/10000000     std::vector<unsigned int, std::allocator<unsigned int> >::operator=(std::vector<unsigned int, std::allocator<unsigned int> > const&) [22]
                0.02    0.00 5000000/5000000     std::vector<unsigned int*, std::allocator<unsigned int*> >::operator=(std::vector<unsigned int*, std::allocator<unsigned int*> > const&) [27]
                0.02    0.00 5000000/5000000     std::vector<unsigned int*, std::allocator<unsigned int*> >::_M_default_append(unsigned long) [26]
                0.00    0.00       1/1038415     buildNodeNet(double*, unsigned int, unsigned int, unsigned int, unsigned int*, double, std::vector<Node, std::allocator<Node> >*) [7]
                0.00    0.00       1/1           totalNodeCalcs(std::vector<Node, std::allocator<Node> >, unsigned int) [425]
-----------------------------------------------
                0.18    0.16  300037/300037      splitNodes(double*, std::vector<Node, std::allocator<Node> >, unsigned int, double, double*, unsigned int, unsigned int, std::vector<Node, std::allocator<Node> >*) [1]
[16]     0.3    0.18    0.16  300037         newNode(unsigned int, unsigned int*, Node, unsigned int, unsigned int) [16]
                0.16    0.00 1505439/1505805     void std::vector<unsigned int, std::allocator<unsigned int> >::_M_realloc_insert<unsigned int const&>(__gnu_cxx::__normal_iterator<unsigned int*, std::vector<unsigned int, std::allocator<unsigned int> > >, unsigned int const&) [19]
                0.00    0.00  304956/10305140     std::vector<unsigned int, std::allocator<unsigned int> >::_M_default_append(unsigned long) [21]
-----------------------------------------------
                                                 <spontaneous>
[17]     0.3    0.32    0.00                 std::vector<unsigned int, std::allocator<unsigned int> >::_M_realloc_insert(__gnu_cxx::__normal_iterator<unsigned int*, std::vector<unsigned int, std::allocator<unsigned int> > >, unsigned int const&) [17]
-----------------------------------------------
                                                 <spontaneous>
[18]     0.2    0.16    0.00                 frame_dummy [18]
-----------------------------------------------
                0.00    0.00     366/1505805     newNode(unsigned int, unsigned int*, unsigned int, unsigned int) [25]
                0.16    0.00 1505439/1505805     newNode(unsigned int, unsigned int*, Node, unsigned int, unsigned int) [16]
[19]     0.2    0.16    0.00 1505805         void std::vector<unsigned int, std::allocator<unsigned int> >::_M_realloc_insert<unsigned int const&>(__gnu_cxx::__normal_iterator<unsigned int*, std::vector<unsigned int, std::allocator<unsigned int> > >, unsigned int const&) [19]
-----------------------------------------------
                0.00    0.00     174/350063      initNodes(double*, unsigned int, unsigned int, double, double*, unsigned int*, std::vector<Node, std::allocator<Node> >*) [4]
                0.16    0.00  349889/350063      splitNodes(double*, std::vector<Node, std::allocator<Node> >, unsigned int, double, double*, unsigned int, unsigned int, std::vector<Node, std::allocator<Node> >*) [1]
[20]     0.2    0.16    0.00  350063         void std::vector<Node, std::allocator<Node> >::emplace_back<Node>(Node&&) [20]
-----------------------------------------------
                0.00    0.00     184/10305140     newNode(unsigned int, unsigned int*, unsigned int, unsigned int) [25]
                0.00    0.00  304956/10305140     newNode(unsigned int, unsigned int*, Node, unsigned int, unsigned int) [16]
                0.07    0.00 10000000/10305140     nodeLauncher(double*, unsigned int, unsigned int, unsigned int, unsigned int*, double) [15]
[21]     0.1    0.07    0.00 10305140         std::vector<unsigned int, std::allocator<unsigned int> >::_M_default_append(unsigned long) [21]
-----------------------------------------------
                0.07    0.00 10000000/10000000     nodeLauncher(double*, unsigned int, unsigned int, unsigned int, unsigned int*, double) [15]
[22]     0.1    0.07    0.00 10000000         std::vector<unsigned int, std::allocator<unsigned int> >::operator=(std::vector<unsigned int, std::allocator<unsigned int> > const&) [22]
-----------------------------------------------
                0.00    0.00     321/415557      initNodes(double*, unsigned int, unsigned int, double, double*, unsigned int*, std::vector<Node, std::allocator<Node> >*) [4]
                0.06    0.00  415236/415557      splitNodes(double*, std::vector<Node, std::allocator<Node> >, unsigned int, double, double*, unsigned int, unsigned int, std::vector<Node, std::allocator<Node> >*) [1]
[23]     0.1    0.06    0.00  415557         void std::vector<unsigned int, std::allocator<unsigned int> >::emplace_back<unsigned int>(unsigned int&&) [23]
-----------------------------------------------
                0.01    0.00       6/23          buildNodeNet(double*, unsigned int, unsigned int, unsigned int, unsigned int*, double, std::vector<Node, std::allocator<Node> >*) [7]
                0.02    0.00      17/23          splitNodes(double*, std::vector<Node, std::allocator<Node> >, unsigned int, double, double*, unsigned int, unsigned int, std::vector<Node, std::allocator<Node> >*) [1]
[24]     0.0    0.03    0.00      23         std::vector<std::vector<Node, std::allocator<Node> >, std::allocator<std::vector<Node, std::allocator<Node> > > >::_M_default_append(unsigned long) [24]
-----------------------------------------------
                0.02    0.00     182/182         initNodes(double*, unsigned int, unsigned int, double, double*, unsigned int*, std::vector<Node, std::allocator<Node> >*) [4]
[25]     0.0    0.02    0.00     182         newNode(unsigned int, unsigned int*, unsigned int, unsigned int) [25]
                0.00    0.00     366/1505805     void std::vector<unsigned int, std::allocator<unsigned int> >::_M_realloc_insert<unsigned int const&>(__gnu_cxx::__normal_iterator<unsigned int*, std::vector<unsigned int, std::allocator<unsigned int> > >, unsigned int const&) [19]
                0.00    0.00     184/10305140     std::vector<unsigned int, std::allocator<unsigned int> >::_M_default_append(unsigned long) [21]
-----------------------------------------------
                0.02    0.00 5000000/5000000     nodeLauncher(double*, unsigned int, unsigned int, unsigned int, unsigned int*, double) [15]
[26]     0.0    0.02    0.00 5000000         std::vector<unsigned int*, std::allocator<unsigned int*> >::_M_default_append(unsigned long) [26]
-----------------------------------------------
                0.02    0.00 5000000/5000000     nodeLauncher(double*, unsigned int, unsigned int, unsigned int, unsigned int*, double) [15]
[27]     0.0    0.02    0.00 5000000         std::vector<unsigned int*, std::allocator<unsigned int*> >::operator=(std::vector<unsigned int*, std::allocator<unsigned int*> > const&) [27]
-----------------------------------------------
                                                 <spontaneous>
[28]     0.0    0.02    0.00                 compPair(std::pair<unsigned int, unsigned int> const&, std::pair<unsigned int, unsigned int> const&) [28]
-----------------------------------------------
                0.01    0.00  283144/283144      void thrust::system::detail::sequential::stable_radix_sort_by_key<thrust::system::cpp::detail::par_t, unsigned int*, unsigned int*>(thrust::system::detail::sequential::execution_policy<thrust::system::cpp::detail::par_t>&, unsigned int*, unsigned int*, unsigned int*) [clone .constprop.314] [5]
[29]     0.0    0.01    0.00  283144         __cudaUnregisterBinaryUtil() [29]
-----------------------------------------------
                                                 <spontaneous>
[30]     0.0    0.01    0.00                 neighborTable::~neighborTable() [30]
-----------------------------------------------
                0.00    0.00      43/43          GPU_SortbyKey(CUstream_st*, unsigned int*, unsigned int, unsigned int*) [413]
[410]    0.0    0.00    0.00      43         cudaError cub::DeviceRadixSort::SortPairs<unsigned int, unsigned int>(void*, unsigned long&, cub::DoubleBuffer<unsigned int>&, cub::DoubleBuffer<unsigned int>&, int, int, int, CUstream_st*, bool) [410]
                0.00    0.00      22/22          __device_stub__ZN3cub30DeviceRadixSortHistogramKernelINS_21DeviceRadixSortPolicyIjjiE9Policy800ELb0EjiEEvPT2_PKT1_S4_ii(int*, unsigned int const*, int, int, int) [412]
                0.00    0.00      22/22          __device_stub__ZN3cub33DeviceRadixSortExclusiveSumKernelINS_21DeviceRadixSortPolicyIjjiE9Policy800EiEEvPT0_(int*) [411]
-----------------------------------------------
                0.00    0.00      22/22          cudaError cub::DeviceRadixSort::SortPairs<unsigned int, unsigned int>(void*, unsigned long&, cub::DoubleBuffer<unsigned int>&, cub::DoubleBuffer<unsigned int>&, int, int, int, CUstream_st*, bool) [410]
[411]    0.0    0.00    0.00      22         __device_stub__ZN3cub33DeviceRadixSortExclusiveSumKernelINS_21DeviceRadixSortPolicyIjjiE9Policy800EiEEvPT0_(int*) [411]
-----------------------------------------------
                0.00    0.00      22/22          cudaError cub::DeviceRadixSort::SortPairs<unsigned int, unsigned int>(void*, unsigned long&, cub::DoubleBuffer<unsigned int>&, cub::DoubleBuffer<unsigned int>&, int, int, int, CUstream_st*, bool) [410]
[412]    0.0    0.00    0.00      22         __device_stub__ZN3cub30DeviceRadixSortHistogramKernelINS_21DeviceRadixSortPolicyIjjiE9Policy800ELb0EjiEEvPT2_PKT1_S4_ii(int*, unsigned int const*, int, int, int) [412]
-----------------------------------------------
                0.00    0.00      21/21          __cudaUnregisterBinaryUtil() [459]
[413]    0.0    0.00    0.00      21         GPU_SortbyKey(CUstream_st*, unsigned int*, unsigned int, unsigned int*) [413]
                0.00    0.00      43/43          cudaError cub::DeviceRadixSort::SortPairs<unsigned int, unsigned int>(void*, unsigned long&, cub::DoubleBuffer<unsigned int>&, cub::DoubleBuffer<unsigned int>&, int, int, int, CUstream_st*, bool) [410]
                0.00    0.00      21/21          thrust::detail::temporary_allocator<unsigned char, thrust::cuda_cub::execute_on_stream>::allocate(unsigned long) [414]
-----------------------------------------------
                0.00    0.00      21/21          GPU_SortbyKey(CUstream_st*, unsigned int*, unsigned int, unsigned int*) [413]
[414]    0.0    0.00    0.00      21         thrust::detail::temporary_allocator<unsigned char, thrust::cuda_cub::execute_on_stream>::allocate(unsigned long) [414]
-----------------------------------------------
                0.00    0.00      11/11          __cudaUnregisterBinaryUtil() [459]
[415]    0.0    0.00    0.00      11         kernelUniqueKeys(unsigned int*, unsigned long long*, unsigned int*, unsigned int*, unsigned int*) [415]
-----------------------------------------------
                0.00    0.00      11/11          __cudaUnregisterBinaryUtil() [459]
[416]    0.0    0.00    0.00      11         nodeCalculationsKernel(unsigned int*, unsigned int*, unsigned int*, unsigned int*, double*, unsigned int*, unsigned long long*, unsigned long long*, double*, unsigned int*, unsigned int*, unsigned int*, unsigned int*, unsigned long long*, unsigned int*, unsigned int*) [416]
-----------------------------------------------
                0.00    0.00       7/7           void thrust::system::detail::sequential::stable_radix_sort_by_key<thrust::system::cpp::detail::tag, double*, unsigned int*>(thrust::system::detail::sequential::execution_policy<thrust::system::cpp::detail::tag>&, double*, double*, unsigned int*) [418]
[417]    0.0    0.00    0.00       7         void thrust::system::detail::sequential::radix_sort_detail::radix_sort<8u, true, thrust::system::cpp::detail::tag, double*, thrust::detail::normal_iterator<thrust::pointer<double, thrust::system::cpp::detail::tag, thrust::use_default, thrust::use_default> >, unsigned int*, thrust::detail::normal_iterator<thrust::pointer<unsigned int, thrust::system::cpp::detail::tag, thrust::use_default, thrust::use_default> > >(thrust::system::detail::sequential::execution_policy<thrust::system::cpp::detail::tag>&, double*, thrust::detail::normal_iterator<thrust::pointer<double, thrust::system::cpp::detail::tag, thrust::use_default, thrust::use_default> >, unsigned int*, thrust::detail::normal_iterator<thrust::pointer<unsigned int, thrust::system::cpp::detail::tag, thrust::use_default, thrust::use_default> >, unsigned long) [417]
-----------------------------------------------
                0.00    0.00       7/7           stddev(double*, unsigned int, unsigned int) [9]
[418]    0.0    0.00    0.00       7         void thrust::system::detail::sequential::stable_radix_sort_by_key<thrust::system::cpp::detail::tag, double*, unsigned int*>(thrust::system::detail::sequential::execution_policy<thrust::system::cpp::detail::tag>&, double*, double*, unsigned int*) [418]
                0.00    0.00       7/7           void thrust::system::detail::sequential::radix_sort_detail::radix_sort<8u, true, thrust::system::cpp::detail::tag, double*, thrust::detail::normal_iterator<thrust::pointer<double, thrust::system::cpp::detail::tag, thrust::use_default, thrust::use_default> >, unsigned int*, thrust::detail::normal_iterator<thrust::pointer<unsigned int, thrust::system::cpp::detail::tag, thrust::use_default, thrust::use_default> > >(thrust::system::detail::sequential::execution_policy<thrust::system::cpp::detail::tag>&, double*, thrust::detail::normal_iterator<thrust::pointer<double, thrust::system::cpp::detail::tag, thrust::use_default, thrust::use_default> >, unsigned int*, thrust::detail::normal_iterator<thrust::pointer<unsigned int, thrust::system::cpp::detail::tag, thrust::use_default, thrust::use_default> >, unsigned long) [417]
-----------------------------------------------
                0.00    0.00       1/1           __libc_csu_init [1701]
[419]    0.0    0.00    0.00       1         _GLOBAL__sub_I__Z12buildNodeNetPdjjjPjdPSt6vectorI4NodeSaIS2_EE [419]
-----------------------------------------------
                0.00    0.00       1/1           __libc_csu_init [1701]
[420]    0.0    0.00    0.00       1         _GLOBAL__sub_I__Z15GPUBinarySearchjPjS_jjS_S_S_PyS_S_S_S_j [420]
-----------------------------------------------
                0.00    0.00       1/1           __libc_csu_init [1701]
[421]    0.0    0.00    0.00       1         _GLOBAL__sub_I__Z22constructNeighborTablePjS_PyS_S_jP13neighborTable [421]
-----------------------------------------------
                0.00    0.00       1/1           __libc_csu_init [1701]
[422]    0.0    0.00    0.00       1         _GLOBAL__sub_I__Z8compPairRKSt4pairIjjES2_ [422]
-----------------------------------------------
                0.00    0.00       1/1           __libc_csu_init [1701]
[423]    0.0    0.00    0.00       1         _GLOBAL__sub_I__Z9buildTreePPPjPdjydjS_S1_S_S_j [423]
-----------------------------------------------
                0.00    0.00       1/1           __libc_csu_init [1701]
[424]    0.0    0.00    0.00       1         _GLOBAL__sub_I_main [424]
-----------------------------------------------
                0.00    0.00       1/1           nodeLauncher(double*, unsigned int, unsigned int, unsigned int, unsigned int*, double) [15]
[425]    0.0    0.00    0.00       1         totalNodeCalcs(std::vector<Node, std::allocator<Node> >, unsigned int) [425]
-----------------------------------------------
                0.00    0.00       1/1           __libc_csu_init [1701]
[426]    0.0    0.00    0.00       1         __sti____cudaRegisterAll() [426]
-----------------------------------------------
                0.00    0.00       1/1           __libc_csu_init [1701]
[427]    0.0    0.00    0.00       1         __sti____cudaRegisterAll() [427]
-----------------------------------------------
                0.00    0.00       1/1           __libc_csu_init [1701]
[428]    0.0    0.00    0.00       1         __sti____cudaRegisterAll() [428]
-----------------------------------------------
                0.00    0.00       1/1           __libc_csu_init [1701]
[429]    0.0    0.00    0.00       1         __sti____cudaRegisterAll() [429]
-----------------------------------------------
                0.00    0.00       1/1           __libc_csu_init [1701]
[430]    0.0    0.00    0.00       1         __sti____cudaRegisterAll() [430]
-----------------------------------------------
                0.00    0.00       1/1           __libc_csu_init [1701]
[431]    0.0    0.00    0.00       1         __sti____cudaRegisterAll() [431]
-----------------------------------------------

 This table describes the call tree of the program, and was sorted by
 the total amount of time spent in each function and its children.

 Each entry in this table consists of several lines.  The line with the
 index number at the left hand margin lists the current function.
 The lines above it list the functions that called this function,
 and the lines below it list the functions this one called.
 This line lists:
     index	A unique number given to each element of the table.
		Index numbers are sorted numerically.
		The index number is printed next to every function name so
		it is easier to look up where the function is in the table.

     % time	This is the percentage of the `total' time that was spent
		in this function and its children.  Note that due to
		different viewpoints, functions excluded by options, etc,
		these numbers will NOT add up to 100%.

     self	This is the total amount of time spent in this function.

     children	This is the total amount of time propagated into this
		function by its children.

     called	This is the number of times the function was called.
		If the function called itself recursively, the number
		only includes non-recursive calls, and is followed by
		a `+' and the number of recursive calls.

     name	The name of the current function.  The index number is
		printed after it.  If the function is a member of a
		cycle, the cycle number is printed between the
		function's name and the index number.


 For the function's parents, the fields have the following meanings:

     self	This is the amount of time that was propagated directly
		from the function into this parent.

     children	This is the amount of time that was propagated from
		the function's children into this parent.

     called	This is the number of times this parent called the
		function `/' the total number of times the function
		was called.  Recursive calls to the function are not
		included in the number after the `/'.

     name	This is the name of the parent.  The parent's index
		number is printed after it.  If the parent is a
		member of a cycle, the cycle number is printed between
		the name and the index number.

 If the parents of the function cannot be determined, the word
 `<spontaneous>' is printed in the `name' field, and all the other
 fields are blank.

 For the function's children, the fields have the following meanings:

     self	This is the amount of time that was propagated directly
		from the child into the function.

     children	This is the amount of time that was propagated from the
		child's children to the function.

     called	This is the number of times the function called
		this child `/' the total number of times the child
		was called.  Recursive calls by the child are not
		listed in the number after the `/'.

     name	This is the name of the child.  The child's index
		number is printed after it.  If the child is a
		member of a cycle, the cycle number is printed
		between the name and the index number.

 If there are any cycles (circles) in the call graph, there is an
 entry for the cycle-as-a-whole.  This entry shows who called the
 cycle (as parents) and the members of the cycle (as children.)
 The `+' recursive calls entry shows the number of function calls that
 were internal to the cycle, and the calls entry for each member shows,
 for that member, how many times it was called from other members of
 the cycle.

Copyright (C) 2012-2018 Free Software Foundation, Inc.

Copying and distribution of this file, with or without modification,
are permitted in any medium without royalty provided the copyright
notice and this notice are preserved.

Index by function name

 [419] _GLOBAL__sub_I__Z12buildNodeNetPdjjjPjdPSt6vectorI4NodeSaIS2_EE [25] newNode(unsigned int, unsigned int*, unsigned int, unsigned int) [417] void thrust::system::detail::sequential::radix_sort_detail::radix_sort<8u, true, thrust::system::cpp::detail::tag, double*, thrust::detail::normal_iterator<thrust::pointer<double, thrust::system::cpp::detail::tag, thrust::use_default, thrust::use_default> >, unsigned int*, thrust::detail::normal_iterator<thrust::pointer<unsigned int, thrust::system::cpp::detail::tag, thrust::use_default, thrust::use_default> > >(thrust::system::detail::sequential::execution_policy<thrust::system::cpp::detail::tag>&, double*, thrust::detail::normal_iterator<thrust::pointer<double, thrust::system::cpp::detail::tag, thrust::use_default, thrust::use_default> >, unsigned int*, thrust::detail::normal_iterator<thrust::pointer<unsigned int, thrust::system::cpp::detail::tag, thrust::use_default, thrust::use_default> >, unsigned long)
 [420] _GLOBAL__sub_I__Z15GPUBinarySearchjPjS_jjS_S_S_PyS_S_S_S_j [28] compPair(std::pair<unsigned int, unsigned int> const&, std::pair<unsigned int, unsigned int> const&) [6] void thrust::system::detail::sequential::radix_sort_detail::radix_sort<8u, true, thrust::system::cpp::detail::par_t, unsigned int*, thrust::detail::normal_iterator<thrust::pointer<unsigned int, thrust::system::cpp::detail::par_t, thrust::use_default, thrust::use_default> >, unsigned int*, thrust::detail::normal_iterator<thrust::pointer<unsigned int, thrust::system::cpp::detail::par_t, thrust::use_default, thrust::use_default> > >(thrust::system::detail::sequential::execution_policy<thrust::system::cpp::detail::par_t>&, unsigned int*, thrust::detail::normal_iterator<thrust::pointer<unsigned int, thrust::system::cpp::detail::par_t, thrust::use_default, thrust::use_default> >, unsigned int*, thrust::detail::normal_iterator<thrust::pointer<unsigned int, thrust::system::cpp::detail::par_t, thrust::use_default, thrust::use_default> >, unsigned long)
 [421] _GLOBAL__sub_I__Z22constructNeighborTablePjS_PyS_S_jP13neighborTable [4] initNodes(double*, unsigned int, unsigned int, double, double*, unsigned int*, std::vector<Node, std::allocator<Node> >*) [11] void thrust::system::detail::sequential::radix_sort_detail::radix_shuffle_n<8u, thrust::system::cpp::detail::par_t, unsigned int*, unsigned int*, thrust::detail::normal_iterator<thrust::pointer<unsigned int, thrust::system::cpp::detail::par_t, thrust::use_default, thrust::use_default> >, thrust::detail::normal_iterator<thrust::pointer<unsigned int, thrust::system::cpp::detail::par_t, thrust::use_default, thrust::use_default> >, unsigned int>(thrust::system::detail::sequential::execution_policy<thrust::system::cpp::detail::par_t>&, unsigned int*, unsigned int*, unsigned long, thrust::detail::normal_iterator<thrust::pointer<unsigned int, thrust::system::cpp::detail::par_t, thrust::use_default, thrust::use_default> >, thrust::detail::normal_iterator<thrust::pointer<unsigned int, thrust::system::cpp::detail::par_t, thrust::use_default, thrust::use_default> >, unsigned int, unsigned long*)
 [422] _GLOBAL__sub_I__Z8compPairRKSt4pairIjjES2_ [411] __device_stub__ZN3cub33DeviceRadixSortExclusiveSumKernelINS_21DeviceRadixSortPolicyIjjiE9Policy800EiEEvPT0_(int*) [418] void thrust::system::detail::sequential::stable_radix_sort_by_key<thrust::system::cpp::detail::tag, double*, unsigned int*>(thrust::system::detail::sequential::execution_policy<thrust::system::cpp::detail::tag>&, double*, double*, unsigned int*)
 [423] _GLOBAL__sub_I__Z9buildTreePPPjPdjydjS_S1_S_S_j [412] __device_stub__ZN3cub30DeviceRadixSortHistogramKernelINS_21DeviceRadixSortPolicyIjjiE9Policy800ELb0EjiEEvPT2_PKT1_S4_ii(int*, unsigned int const*, int, int, int) [5] void thrust::system::detail::sequential::stable_radix_sort_by_key<thrust::system::cpp::detail::par_t, unsigned int*, unsigned int*>(thrust::system::detail::sequential::execution_policy<thrust::system::cpp::detail::par_t>&, unsigned int*, unsigned int*, unsigned int*) [clone .constprop.314]
 [424] _GLOBAL__sub_I_main   [426] __sti____cudaRegisterAll() [20] void std::vector<Node, std::allocator<Node> >::emplace_back<Node>(Node&&)
   [1] splitNodes(double*, std::vector<Node, std::allocator<Node> >, unsigned int, double, double*, unsigned int, unsigned int, std::vector<Node, std::allocator<Node> >*) [427] __sti____cudaRegisterAll() [14] std::vector<Node, std::allocator<Node> >::operator=(std::vector<Node, std::allocator<Node> > const&)
   [7] buildNodeNet(double*, unsigned int, unsigned int, unsigned int, unsigned int*, double, std::vector<Node, std::allocator<Node> >*) [428] __sti____cudaRegisterAll() [26] std::vector<unsigned int*, std::allocator<unsigned int*> >::_M_default_append(unsigned long)
  [15] nodeLauncher(double*, unsigned int, unsigned int, unsigned int, unsigned int*, double) [429] __sti____cudaRegisterAll() [27] std::vector<unsigned int*, std::allocator<unsigned int*> >::operator=(std::vector<unsigned int*, std::allocator<unsigned int*> > const&)
 [413] GPU_SortbyKey(CUstream_st*, unsigned int*, unsigned int, unsigned int*) [430] __sti____cudaRegisterAll() [24] std::vector<std::vector<Node, std::allocator<Node> >, std::allocator<std::vector<Node, std::allocator<Node> > > >::_M_default_append(unsigned long)
   [8] createRPArray(double*, unsigned int, unsigned int, unsigned long long) [431] __sti____cudaRegisterAll() [23] void std::vector<unsigned int, std::allocator<unsigned int> >::emplace_back<unsigned int>(unsigned int&&)
 [425] totalNodeCalcs(std::vector<Node, std::allocator<Node> >, unsigned int) [29] __cudaUnregisterBinaryUtil() [21] std::vector<unsigned int, std::allocator<unsigned int> >::_M_default_append(unsigned long)
   [3] updateNeighbors(std::vector<Node, std::allocator<Node> >, std::vector<std::vector<Node, std::allocator<Node> >, std::allocator<std::vector<Node, std::allocator<Node> > > >*) [10] __cudaUnregisterBinaryUtil() [17] std::vector<unsigned int, std::allocator<unsigned int> >::_M_realloc_insert(__gnu_cxx::__normal_iterator<unsigned int*, std::vector<unsigned int, std::allocator<unsigned int> > >, unsigned int const&)
 [415] kernelUniqueKeys(unsigned int*, unsigned long long*, unsigned int*, unsigned int*, unsigned int*) [30] neighborTable::~neighborTable() [19] void std::vector<unsigned int, std::allocator<unsigned int> >::_M_realloc_insert<unsigned int const&>(__gnu_cxx::__normal_iterator<unsigned int*, std::vector<unsigned int, std::allocator<unsigned int> > >, unsigned int const&)
   [2] euclideanDistance(double*, unsigned int, double*) [12] void cub::EmptyKernel<void>() [22] std::vector<unsigned int, std::allocator<unsigned int> >::operator=(std::vector<unsigned int, std::allocator<unsigned int> > const&)
 [416] nodeCalculationsKernel(unsigned int*, unsigned int*, unsigned int*, unsigned int*, double*, unsigned int*, unsigned long long*, unsigned long long*, double*, unsigned int*, unsigned int*, unsigned int*, unsigned int*, unsigned long long*, unsigned int*, unsigned int*) [410] cudaError cub::DeviceRadixSort::SortPairs<unsigned int, unsigned int>(void*, unsigned long&, cub::DoubleBuffer<unsigned int>&, cub::DoubleBuffer<unsigned int>&, int, int, int, CUstream_st*, bool) [18] frame_dummy
   [9] stddev(double*, unsigned int, unsigned int) [414] thrust::detail::temporary_allocator<unsigned char, thrust::cuda_cub::execute_on_stream>::allocate(unsigned long)
  [16] newNode(unsigned int, unsigned int*, Node, unsigned int, unsigned int) [13] void thrust::system::detail::sequential::radix_sort_detail::radix_sort<3u, true, thrust::system::cpp::detail::par_t, unsigned int*, thrust::detail::normal_iterator<thrust::pointer<unsigned int, thrust::system::cpp::detail::par_t, thrust::use_default, thrust::use_default> >, unsigned int*, thrust::detail::normal_iterator<thrust::pointer<unsigned int, thrust::system::cpp::detail::par_t, thrust::use_default, thrust::use_default> > >(thrust::system::detail::sequential::execution_policy<thrust::system::cpp::detail::par_t>&, unsigned int*, thrust::detail::normal_iterator<thrust::pointer<unsigned int, thrust::system::cpp::detail::par_t, thrust::use_default, thrust::use_default> >, unsigned int*, thrust::detail::normal_iterator<thrust::pointer<unsigned int, thrust::system::cpp::detail::par_t, thrust::use_default, thrust::use_default> >, unsigned long)
