==886427== Memcheck, a memory error detector
==886427== Copyright (C) 2002-2017, and GNU GPL'd, by Julian Seward et al.
==886427== Using Valgrind-3.15.0 and LibVEX; rerun with -h for copyright info
==886427== Command: ./build/main /home/bdonnelly/real/SUSY.bin 18 0.01
==886427== 
==886427== Warning: set address range perms: large range [0x5220040, 0x300c5440) (undefined)
==886427== Syscall param read(buf) points to unaddressable byte(s)
==886427==    at 0x4884332: read (read.c:26)
==886427==    by 0x496571E: std::__basic_file<char>::xsgetn(char*, long) (in /usr/lib/x86_64-linux-gnu/libstdc++.so.6.0.28)
==886427==    by 0x49A3D70: std::basic_filebuf<char, std::char_traits<char> >::xsgetn(char*, long) (in /usr/lib/x86_64-linux-gnu/libstdc++.so.6.0.28)
==886427==    by 0x49B1A81: std::istream::read(char*, long) (in /usr/lib/x86_64-linux-gnu/libstdc++.so.6.0.28)
==886427==    by 0x10FD26: main (in /home/bdonnelly/self-join/build/main)
==886427==  Address 0x300c5440 is 0 bytes after a block of size 720,000,000 alloc'd
==886427==    at 0x483B7F3: malloc (in /usr/lib/x86_64-linux-gnu/valgrind/vgpreload_memcheck-amd64-linux.so)
==886427==    by 0x10FD09: main (in /home/bdonnelly/self-join/build/main)
==886427== 
==886427== Warning: set address range perms: large range [0x5220040, 0x300c5440) (defined)
==886427== Warning: set address range perms: large range [0x59c9d040, 0x84b42440) (undefined)
==886427== Warning: set address range perms: large range [0x96d69040, 0xaeae1440) (undefined)
==886427== Warning: set address range perms: large range [0x96d69028, 0xaeae1458) (noaccess)
==886427== Warning: set address range perms: large range [0x96d69040, 0xaeae1440) (undefined)
==886427== Warning: set address range perms: large range [0x96d69028, 0xaeae1458) (noaccess)
==886427== Warning: set address range perms: large range [0x96d69040, 0xaeae1440) (undefined)
==886427== Warning: set address range perms: large range [0x96d69028, 0xaeae1458) (noaccess)
==886427== Warning: set address range perms: large range [0x96d69040, 0xaeae1440) (undefined)
==886427== Warning: set address range perms: large range [0x96d69028, 0xaeae1458) (noaccess)
==886427== Warning: set address range perms: large range [0x96d69040, 0xaeae1440) (undefined)
==886427== Warning: set address range perms: large range [0x96d69028, 0xaeae1458) (noaccess)
==886427== Warning: set address range perms: large range [0xbe9ce040, 0xe9873440) (undefined)
==886427== Invalid read of size 4
==886427==    at 0x1119BA: launchKernel(int, double*, int, int, double, int*, int*, int*, int**, unsigned int**, int*, unsigned int*, unsigned long long*, int, unsigned long long, unsigned long long, int*, unsigned int*) (in /home/bdonnelly/self-join/build/main)
==886427==    by 0x110433: main (in /home/bdonnelly/self-join/build/main)
==886427==  Address 0x4574bde8 is 0 bytes after a block of size 4,296 alloc'd
==886427==    at 0x483DD99: calloc (in /usr/lib/x86_64-linux-gnu/valgrind/vgpreload_memcheck-amd64-linux.so)
==886427==    by 0x111975: launchKernel(int, double*, int, int, double, int*, int*, int*, int**, unsigned int**, int*, unsigned int*, unsigned long long*, int, unsigned long long, unsigned long long, int*, unsigned int*) (in /home/bdonnelly/self-join/build/main)
==886427==    by 0x110433: main (in /home/bdonnelly/self-join/build/main)
==886427== 
==886427== Invalid write of size 4
==886427==    at 0x1119CC: launchKernel(int, double*, int, int, double, int*, int*, int*, int**, unsigned int**, int*, unsigned int*, unsigned long long*, int, unsigned long long, unsigned long long, int*, unsigned int*) (in /home/bdonnelly/self-join/build/main)
==886427==    by 0x110433: main (in /home/bdonnelly/self-join/build/main)
==886427==  Address 0x4574bde8 is 0 bytes after a block of size 4,296 alloc'd
==886427==    at 0x483DD99: calloc (in /usr/lib/x86_64-linux-gnu/valgrind/vgpreload_memcheck-amd64-linux.so)
==886427==    by 0x111975: launchKernel(int, double*, int, int, double, int*, int*, int*, int**, unsigned int**, int*, unsigned int*, unsigned long long*, int, unsigned long long, unsigned long long, int*, unsigned int*) (in /home/bdonnelly/self-join/build/main)
==886427==    by 0x110433: main (in /home/bdonnelly/self-join/build/main)
==886427== 
==886427== Invalid read of size 4
==886427==    at 0x1119CF: launchKernel(int, double*, int, int, double, int*, int*, int*, int**, unsigned int**, int*, unsigned int*, unsigned long long*, int, unsigned long long, unsigned long long, int*, unsigned int*) (in /home/bdonnelly/self-join/build/main)
==886427==    by 0x110433: main (in /home/bdonnelly/self-join/build/main)
==886427==  Address 0x4574acd8 is 0 bytes after a block of size 4,296 alloc'd
==886427==    at 0x483DD99: calloc (in /usr/lib/x86_64-linux-gnu/valgrind/vgpreload_memcheck-amd64-linux.so)
==886427==    by 0x111963: launchKernel(int, double*, int, int, double, int*, int*, int*, int**, unsigned int**, int*, unsigned int*, unsigned long long*, int, unsigned long long, unsigned long long, int*, unsigned int*) (in /home/bdonnelly/self-join/build/main)
==886427==    by 0x110433: main (in /home/bdonnelly/self-join/build/main)
==886427== 
==886427== Invalid read of size 8
==886427==    at 0x1119DD: launchKernel(int, double*, int, int, double, int*, int*, int*, int**, unsigned int**, int*, unsigned int*, unsigned long long*, int, unsigned long long, unsigned long long, int*, unsigned int*) (in /home/bdonnelly/self-join/build/main)
==886427==    by 0x110433: main (in /home/bdonnelly/self-join/build/main)
==886427==  Address 0x45749bd0 is 0 bytes after a block of size 8,592 alloc'd
==886427==    at 0x483DD99: calloc (in /usr/lib/x86_64-linux-gnu/valgrind/vgpreload_memcheck-amd64-linux.so)
==886427==    by 0x111951: launchKernel(int, double*, int, int, double, int*, int*, int*, int**, unsigned int**, int*, unsigned int*, unsigned long long*, int, unsigned long long, unsigned long long, int*, unsigned int*) (in /home/bdonnelly/self-join/build/main)
==886427==    by 0x110433: main (in /home/bdonnelly/self-join/build/main)
==886427== 
--886427-- VALGRIND INTERNAL ERROR: Valgrind received a signal 11 (SIGSEGV) - exiting
--886427-- si_code=1;  Faulting address: 0x1FEE457FBFF8;  sp: 0x1002db1e10

valgrind: the 'impossible' happened:
   Killed by fatal signal

host stacktrace:
==886427==    at 0x5805160F: ??? (in /usr/lib/x86_64-linux-gnu/valgrind/memcheck-amd64-linux)
==886427==    by 0x58005A0C: ??? (in /usr/lib/x86_64-linux-gnu/valgrind/memcheck-amd64-linux)
==886427==    by 0x5800619E: ??? (in /usr/lib/x86_64-linux-gnu/valgrind/memcheck-amd64-linux)
==886427==    by 0x580A6A6A: ??? (in /usr/lib/x86_64-linux-gnu/valgrind/memcheck-amd64-linux)
==886427==    by 0x580F5FD4: ??? (in /usr/lib/x86_64-linux-gnu/valgrind/memcheck-amd64-linux)

sched status:
  running_tid=1

Thread 1: status = VgTs_Runnable (lwpid 886427)
==886427==    at 0x483DD99: calloc (in /usr/lib/x86_64-linux-gnu/valgrind/vgpreload_memcheck-amd64-linux.so)
==886427==    by 0x400D273: _dl_new_object (dl-object.c:89)
==886427==    by 0x4006E96: _dl_map_object_from_fd (dl-load.c:997)
==886427==    by 0x400A61A: _dl_map_object (dl-load.c:2236)
==886427==    by 0x4015D36: dl_open_worker (dl-open.c:513)
==886427==    by 0x4D8C8B7: _dl_catch_exception (dl-error-skeleton.c:208)
==886427==    by 0x40155F9: _dl_open (dl-open.c:837)
==886427==    by 0x489434B: dlopen_doit (dlopen.c:66)
==886427==    by 0x4D8C8B7: _dl_catch_exception (dl-error-skeleton.c:208)
==886427==    by 0x4D8C982: _dl_catch_error (dl-error-skeleton.c:227)
==886427==    by 0x4894B58: _dlerror_run (dlerror.c:170)
==886427==    by 0x48943D9: dlopen@@GLIBC_2.2.5 (dlopen.c:87)
==886427==    by 0x12AEA5: cudart::globalState::loadDriverInternal() (in /home/bdonnelly/self-join/build/main)
==886427==    by 0x12BED2: cudart::__loadDriverInternalUtil() (in /home/bdonnelly/self-join/build/main)
==886427==    by 0x488247E: __pthread_once_slow (pthread_once.c:116)
==886427==    by 0x168A08: cudart::cuosOnce(int*, void (*)()) (in /home/bdonnelly/self-join/build/main)
==886427==    by 0x12D302: cudart::globalState::initializeDriver() (in /home/bdonnelly/self-join/build/main)
==886427==    by 0x150E61: cudaMalloc (in /home/bdonnelly/self-join/build/main)
==886427==    by 0x111A04: launchKernel(int, double*, int, int, double, int*, int*, int*, int**, unsigned int**, int*, unsigned int*, unsigned long long*, int, unsigned long long, unsigned long long, int*, unsigned int*) (in /home/bdonnelly/self-join/build/main)
==886427==    by 0x110433: main (in /home/bdonnelly/self-join/build/main)
client stack range: [0x1FFEFFB000 0x1FFF000FFF] client SP: 0x1FFEFFECD0
valgrind stack range: [0x1002CB2000 0x1002DB1FFF] top usage: 12856 of 1048576

Thread 2: status = VgTs_Yielding (lwpid 886470)
==886427==    at 0x4BE9132: ??? (in /usr/lib/x86_64-linux-gnu/libgomp.so.1.0.0)
==886427==    by 0x4BE6767: ??? (in /usr/lib/x86_64-linux-gnu/libgomp.so.1.0.0)
==886427==    by 0x4879608: start_thread (pthread_create.c:477)
==886427==    by 0x4D4B292: clone (clone.S:95)
client stack range: [0x300C7000 0x308C5FFF] client SP: 0x308C5BB8
valgrind stack range: [0x1005B03000 0x1005C02FFF] top usage: 3272 of 1048576

Thread 3: status = VgTs_Yielding (lwpid 886471)
==886427==    at 0x4BE9132: ??? (in /usr/lib/x86_64-linux-gnu/libgomp.so.1.0.0)
==886427==    by 0x4BE6767: ??? (in /usr/lib/x86_64-linux-gnu/libgomp.so.1.0.0)
==886427==    by 0x4879608: start_thread (pthread_create.c:477)
==886427==    by 0x4D4B292: clone (clone.S:95)
client stack range: [0x308C8000 0x310C6FFF] client SP: 0x310C6BB8
valgrind stack range: [0x1005C07000 0x1005D06FFF] top usage: 2776 of 1048576

Thread 4: status = VgTs_Yielding (lwpid 886472)
==886427==    at 0x4BE9132: ??? (in /usr/lib/x86_64-linux-gnu/libgomp.so.1.0.0)
==886427==    by 0x4BE6767: ??? (in /usr/lib/x86_64-linux-gnu/libgomp.so.1.0.0)
==886427==    by 0x4879608: start_thread (pthread_create.c:477)
==886427==    by 0x4D4B292: clone (clone.S:95)
client stack range: [0x310C9000 0x318C7FFF] client SP: 0x318C7BB8
valgrind stack range: [0x1006038000 0x1006137FFF] top usage: 3448 of 1048576

Thread 5: status = VgTs_Yielding (lwpid 886473)
==886427==    at 0x4BE9132: ??? (in /usr/lib/x86_64-linux-gnu/libgomp.so.1.0.0)
==886427==    by 0x4BE6767: ??? (in /usr/lib/x86_64-linux-gnu/libgomp.so.1.0.0)
==886427==    by 0x4879608: start_thread (pthread_create.c:477)
==886427==    by 0x4D4B292: clone (clone.S:95)
client stack range: [0x318CA000 0x320C8FFF] client SP: 0x320C8BB8
valgrind stack range: [0x10062C8000 0x10063C7FFF] top usage: 3448 of 1048576

Thread 6: status = VgTs_WaitSys syscall 202 (lwpid 886474)
==886427==    at 0x4BE932C: ??? (in /usr/lib/x86_64-linux-gnu/libgomp.so.1.0.0)
==886427==    by 0x4BE6799: ??? (in /usr/lib/x86_64-linux-gnu/libgomp.so.1.0.0)
==886427==    by 0x4879608: start_thread (pthread_create.c:477)
==886427==    by 0x4D4B292: clone (clone.S:95)
client stack range: [0x320CB000 0x328C9FFF] client SP: 0x328C9B90
valgrind stack range: [0x10065CC000 0x10066CBFFF] top usage: 2888 of 1048576

Thread 7: status = VgTs_Yielding (lwpid 886475)
==886427==    at 0x4BE9132: ??? (in /usr/lib/x86_64-linux-gnu/libgomp.so.1.0.0)
==886427==    by 0x4BE6767: ??? (in /usr/lib/x86_64-linux-gnu/libgomp.so.1.0.0)
==886427==    by 0x4879608: start_thread (pthread_create.c:477)
==886427==    by 0x4D4B292: clone (clone.S:95)
client stack range: [0x328CC000 0x330CAFFF] client SP: 0x330CABB8
valgrind stack range: [0x10068D0000 0x10069CFFFF] top usage: 2888 of 1048576

Thread 8: status = VgTs_Yielding (lwpid 886476)
==886427==    at 0x4BE9132: ??? (in /usr/lib/x86_64-linux-gnu/libgomp.so.1.0.0)
==886427==    by 0x4BE6767: ??? (in /usr/lib/x86_64-linux-gnu/libgomp.so.1.0.0)
==886427==    by 0x4879608: start_thread (pthread_create.c:477)
==886427==    by 0x4D4B292: clone (clone.S:95)
client stack range: [0x330CD000 0x338CBFFF] client SP: 0x338CBBB8
valgrind stack range: [0x1006BD4000 0x1006CD3FFF] top usage: 2696 of 1048576

Thread 9: status = VgTs_Yielding (lwpid 886477)
==886427==    at 0x4BE9132: ??? (in /usr/lib/x86_64-linux-gnu/libgomp.so.1.0.0)
==886427==    by 0x4BE6767: ??? (in /usr/lib/x86_64-linux-gnu/libgomp.so.1.0.0)
==886427==    by 0x4879608: start_thread (pthread_create.c:477)
==886427==    by 0x4D4B292: clone (clone.S:95)
client stack range: [0x338CE000 0x340CCFFF] client SP: 0x340CCBB8
valgrind stack range: [0x1006ED8000 0x1006FD7FFF] top usage: 2888 of 1048576

Thread 10: status = VgTs_WaitSys syscall 202 (lwpid 886478)
==886427==    at 0x4BE932C: ??? (in /usr/lib/x86_64-linux-gnu/libgomp.so.1.0.0)
==886427==    by 0x4BE6799: ??? (in /usr/lib/x86_64-linux-gnu/libgomp.so.1.0.0)
==886427==    by 0x4879608: start_thread (pthread_create.c:477)
==886427==    by 0x4D4B292: clone (clone.S:95)
client stack range: [0x340CF000 0x348CDFFF] client SP: 0x348CDB90
valgrind stack range: [0x10071DC000 0x10072DBFFF] top usage: 2696 of 1048576

Thread 11: status = VgTs_Yielding (lwpid 886479)
==886427==    at 0x4BE9132: ??? (in /usr/lib/x86_64-linux-gnu/libgomp.so.1.0.0)
==886427==    by 0x4BE6767: ??? (in /usr/lib/x86_64-linux-gnu/libgomp.so.1.0.0)
==886427==    by 0x4879608: start_thread (pthread_create.c:477)
==886427==    by 0x4D4B292: clone (clone.S:95)
client stack range: [0x348D0000 0x350CEFFF] client SP: 0x350CEBB8
valgrind stack range: [0x10074E0000 0x10075DFFFF] top usage: 3272 of 1048576

Thread 12: status = VgTs_Yielding (lwpid 886480)
==886427==    at 0x4BE9132: ??? (in /usr/lib/x86_64-linux-gnu/libgomp.so.1.0.0)
==886427==    by 0x4BE6767: ??? (in /usr/lib/x86_64-linux-gnu/libgomp.so.1.0.0)
==886427==    by 0x4879608: start_thread (pthread_create.c:477)
==886427==    by 0x4D4B292: clone (clone.S:95)
client stack range: [0x350D1000 0x358CFFFF] client SP: 0x358CFBB8
valgrind stack range: [0x10077E8000 0x10078E7FFF] top usage: 2696 of 1048576

Thread 13: status = VgTs_Yielding (lwpid 886481)
==886427==    at 0x4BE9132: ??? (in /usr/lib/x86_64-linux-gnu/libgomp.so.1.0.0)
==886427==    by 0x4BE6767: ??? (in /usr/lib/x86_64-linux-gnu/libgomp.so.1.0.0)
==886427==    by 0x4879608: start_thread (pthread_create.c:477)
==886427==    by 0x4D4B292: clone (clone.S:95)
client stack range: [0x358D2000 0x360D0FFF] client SP: 0x360D0BB8
valgrind stack range: [0x1007AEC000 0x1007BEBFFF] top usage: 2696 of 1048576

Thread 14: status = VgTs_Yielding (lwpid 886482)
==886427==    at 0x4BE9132: ??? (in /usr/lib/x86_64-linux-gnu/libgomp.so.1.0.0)
==886427==    by 0x4BE6767: ??? (in /usr/lib/x86_64-linux-gnu/libgomp.so.1.0.0)
==886427==    by 0x4879608: start_thread (pthread_create.c:477)
==886427==    by 0x4D4B292: clone (clone.S:95)
client stack range: [0x360D3000 0x368D1FFF] client SP: 0x368D1BB8
valgrind stack range: [0x1007DF0000 0x1007EEFFFF] top usage: 2696 of 1048576

Thread 15: status = VgTs_Yielding (lwpid 886483)
==886427==    at 0x4BE9132: ??? (in /usr/lib/x86_64-linux-gnu/libgomp.so.1.0.0)
==886427==    by 0x4BE6767: ??? (in /usr/lib/x86_64-linux-gnu/libgomp.so.1.0.0)
==886427==    by 0x4879608: start_thread (pthread_create.c:477)
==886427==    by 0x4D4B292: clone (clone.S:95)
client stack range: [0x368D4000 0x370D2FFF] client SP: 0x370D2BB8
valgrind stack range: [0x10080F4000 0x10081F3FFF] top usage: 3272 of 1048576

Thread 16: status = VgTs_WaitSys syscall 202 (lwpid 886484)
==886427==    at 0x4BE915E: ??? (in /usr/lib/x86_64-linux-gnu/libgomp.so.1.0.0)
==886427==    by 0x4BE6767: ??? (in /usr/lib/x86_64-linux-gnu/libgomp.so.1.0.0)
==886427==    by 0x4879608: start_thread (pthread_create.c:477)
==886427==    by 0x4D4B292: clone (clone.S:95)
client stack range: [0x370D5000 0x378D3FFF] client SP: 0x378D3BB8
valgrind stack range: [0x10083F8000 0x10084F7FFF] top usage: 2952 of 1048576

Thread 17: status = VgTs_Yielding (lwpid 886485)
==886427==    at 0x4BE9132: ??? (in /usr/lib/x86_64-linux-gnu/libgomp.so.1.0.0)
==886427==    by 0x4BE6767: ??? (in /usr/lib/x86_64-linux-gnu/libgomp.so.1.0.0)
==886427==    by 0x4879608: start_thread (pthread_create.c:477)
==886427==    by 0x4D4B292: clone (clone.S:95)
client stack range: [0x378D6000 0x380D4FFF] client SP: 0x380D4BB8
valgrind stack range: [0x10086FC000 0x10087FBFFF] top usage: 2776 of 1048576

Thread 18: status = VgTs_Yielding (lwpid 886486)
==886427==    at 0x4BE9132: ??? (in /usr/lib/x86_64-linux-gnu/libgomp.so.1.0.0)
==886427==    by 0x4BE6767: ??? (in /usr/lib/x86_64-linux-gnu/libgomp.so.1.0.0)
==886427==    by 0x4879608: start_thread (pthread_create.c:477)
==886427==    by 0x4D4B292: clone (clone.S:95)
client stack range: [0x380D7000 0x388D5FFF] client SP: 0x388D5BB8
valgrind stack range: [0x1008A00000 0x1008AFFFFF] top usage: 2696 of 1048576

Thread 19: status = VgTs_Yielding (lwpid 886487)
==886427==    at 0x4BE9132: ??? (in /usr/lib/x86_64-linux-gnu/libgomp.so.1.0.0)
==886427==    by 0x4BE6767: ??? (in /usr/lib/x86_64-linux-gnu/libgomp.so.1.0.0)
==886427==    by 0x4879608: start_thread (pthread_create.c:477)
==886427==    by 0x4D4B292: clone (clone.S:95)
client stack range: [0x388D8000 0x390D6FFF] client SP: 0x390D6BB8
valgrind stack range: [0x1008D04000 0x1008E03FFF] top usage: 2696 of 1048576

Thread 20: status = VgTs_Yielding (lwpid 886488)
==886427==    at 0x4BE9132: ??? (in /usr/lib/x86_64-linux-gnu/libgomp.so.1.0.0)
==886427==    by 0x4BE6767: ??? (in /usr/lib/x86_64-linux-gnu/libgomp.so.1.0.0)
==886427==    by 0x4879608: start_thread (pthread_create.c:477)
==886427==    by 0x4D4B292: clone (clone.S:95)
client stack range: [0x390D9000 0x398D7FFF] client SP: 0x398D7BB8
valgrind stack range: [0x1009008000 0x1009107FFF] top usage: 2696 of 1048576

Thread 21: status = VgTs_WaitSys syscall 202 (lwpid 886489)
==886427==    at 0x4BE932C: ??? (in /usr/lib/x86_64-linux-gnu/libgomp.so.1.0.0)
==886427==    by 0x4BE6799: ??? (in /usr/lib/x86_64-linux-gnu/libgomp.so.1.0.0)
==886427==    by 0x4879608: start_thread (pthread_create.c:477)
==886427==    by 0x4D4B292: clone (clone.S:95)
client stack range: [0x398DA000 0x3A0D8FFF] client SP: 0x3A0D8B90
valgrind stack range: [0x100930C000 0x100940BFFF] top usage: 2696 of 1048576

Thread 22: status = VgTs_WaitSys syscall 202 (lwpid 886490)
==886427==    at 0x4BE932C: ??? (in /usr/lib/x86_64-linux-gnu/libgomp.so.1.0.0)
==886427==    by 0x4BE6799: ??? (in /usr/lib/x86_64-linux-gnu/libgomp.so.1.0.0)
==886427==    by 0x4879608: start_thread (pthread_create.c:477)
==886427==    by 0x4D4B292: clone (clone.S:95)
client stack range: [0x3A0DB000 0x3A8D9FFF] client SP: 0x3A8D9B90
valgrind stack range: [0x1009610000 0x100970FFFF] top usage: 2696 of 1048576

Thread 23: status = VgTs_Yielding (lwpid 886491)
==886427==    at 0x4BE9132: ??? (in /usr/lib/x86_64-linux-gnu/libgomp.so.1.0.0)
==886427==    by 0x4BE6767: ??? (in /usr/lib/x86_64-linux-gnu/libgomp.so.1.0.0)
==886427==    by 0x4879608: start_thread (pthread_create.c:477)
==886427==    by 0x4D4B292: clone (clone.S:95)
client stack range: [0x3A8DC000 0x3B0DAFFF] client SP: 0x3B0DABB8
valgrind stack range: [0x1009914000 0x1009A13FFF] top usage: 2776 of 1048576

Thread 24: status = VgTs_Yielding (lwpid 886492)
==886427==    at 0x4BE9132: ??? (in /usr/lib/x86_64-linux-gnu/libgomp.so.1.0.0)
==886427==    by 0x4BE6767: ??? (in /usr/lib/x86_64-linux-gnu/libgomp.so.1.0.0)
==886427==    by 0x4879608: start_thread (pthread_create.c:477)
==886427==    by 0x4D4B292: clone (clone.S:95)
client stack range: [0x3B0DD000 0x3B8DBFFF] client SP: 0x3B8DBBB8
valgrind stack range: [0x1009C18000 0x1009D17FFF] top usage: 2936 of 1048576

Thread 25: status = VgTs_WaitSys syscall 202 (lwpid 886493)
==886427==    at 0x4BE932C: ??? (in /usr/lib/x86_64-linux-gnu/libgomp.so.1.0.0)
==886427==    by 0x4BE6799: ??? (in /usr/lib/x86_64-linux-gnu/libgomp.so.1.0.0)
==886427==    by 0x4879608: start_thread (pthread_create.c:477)
==886427==    by 0x4D4B292: clone (clone.S:95)
client stack range: [0x3B8DE000 0x3C0DCFFF] client SP: 0x3C0DCB90
valgrind stack range: [0x1009F1C000 0x100A01BFFF] top usage: 3272 of 1048576

Thread 26: status = VgTs_Yielding (lwpid 886494)
==886427==    at 0x4BE9132: ??? (in /usr/lib/x86_64-linux-gnu/libgomp.so.1.0.0)
==886427==    by 0x4BE6767: ??? (in /usr/lib/x86_64-linux-gnu/libgomp.so.1.0.0)
==886427==    by 0x4879608: start_thread (pthread_create.c:477)
==886427==    by 0x4D4B292: clone (clone.S:95)
client stack range: [0x3C0DF000 0x3C8DDFFF] client SP: 0x3C8DDBB8
valgrind stack range: [0x100A220000 0x100A31FFFF] top usage: 2696 of 1048576

Thread 27: status = VgTs_WaitSys syscall 202 (lwpid 886495)
==886427==    at 0x4BE932C: ??? (in /usr/lib/x86_64-linux-gnu/libgomp.so.1.0.0)
==886427==    by 0x4BE6799: ??? (in /usr/lib/x86_64-linux-gnu/libgomp.so.1.0.0)
==886427==    by 0x4879608: start_thread (pthread_create.c:477)
==886427==    by 0x4D4B292: clone (clone.S:95)
client stack range: [0x3C8E0000 0x3D0DEFFF] client SP: 0x3D0DEB90
valgrind stack range: [0x100A524000 0x100A623FFF] top usage: 3272 of 1048576

Thread 28: status = VgTs_Yielding (lwpid 886496)
==886427==    at 0x4BE9132: ??? (in /usr/lib/x86_64-linux-gnu/libgomp.so.1.0.0)
==886427==    by 0x4BE6767: ??? (in /usr/lib/x86_64-linux-gnu/libgomp.so.1.0.0)
==886427==    by 0x4879608: start_thread (pthread_create.c:477)
==886427==    by 0x4D4B292: clone (clone.S:95)
client stack range: [0x3D0E1000 0x3D8DFFFF] client SP: 0x3D8DFBB8
valgrind stack range: [0x100A82C000 0x100A92BFFF] top usage: 2696 of 1048576

Thread 29: status = VgTs_Yielding (lwpid 886497)
==886427==    at 0x4BE9132: ??? (in /usr/lib/x86_64-linux-gnu/libgomp.so.1.0.0)
==886427==    by 0x4BE6767: ??? (in /usr/lib/x86_64-linux-gnu/libgomp.so.1.0.0)
==886427==    by 0x4879608: start_thread (pthread_create.c:477)
==886427==    by 0x4D4B292: clone (clone.S:95)
client stack range: [0x3D8E2000 0x3E0E0FFF] client SP: 0x3E0E0BB8
valgrind stack range: [0x100AB30000 0x100AC2FFFF] top usage: 2696 of 1048576

Thread 30: status = VgTs_Yielding (lwpid 886498)
==886427==    at 0x4BE9132: ??? (in /usr/lib/x86_64-linux-gnu/libgomp.so.1.0.0)
==886427==    by 0x4BE6767: ??? (in /usr/lib/x86_64-linux-gnu/libgomp.so.1.0.0)
==886427==    by 0x4879608: start_thread (pthread_create.c:477)
==886427==    by 0x4D4B292: clone (clone.S:95)
client stack range: [0x3E0E3000 0x3E8E1FFF] client SP: 0x3E8E1BB8
valgrind stack range: [0x100AE34000 0x100AF33FFF] top usage: 2696 of 1048576

Thread 31: status = VgTs_WaitSys syscall 202 (lwpid 886499)
==886427==    at 0x4BE932C: ??? (in /usr/lib/x86_64-linux-gnu/libgomp.so.1.0.0)
==886427==    by 0x4BE6799: ??? (in /usr/lib/x86_64-linux-gnu/libgomp.so.1.0.0)
==886427==    by 0x4879608: start_thread (pthread_create.c:477)
==886427==    by 0x4D4B292: clone (clone.S:95)
client stack range: [0x3E8E4000 0x3F0E2FFF] client SP: 0x3F0E2B90
valgrind stack range: [0x100B138000 0x100B237FFF] top usage: 2936 of 1048576

Thread 32: status = VgTs_WaitSys syscall 202 (lwpid 886500)
==886427==    at 0x4BE915E: ??? (in /usr/lib/x86_64-linux-gnu/libgomp.so.1.0.0)
==886427==    by 0x4BE6767: ??? (in /usr/lib/x86_64-linux-gnu/libgomp.so.1.0.0)
==886427==    by 0x4879608: start_thread (pthread_create.c:477)
==886427==    by 0x4D4B292: clone (clone.S:95)
client stack range: [0x3F0E5000 0x3F8E3FFF] client SP: 0x3F8E3BB8
valgrind stack range: [0x100B43C000 0x100B53BFFF] top usage: 3032 of 1048576

Thread 33: status = VgTs_Yielding (lwpid 886501)
==886427==    at 0x4BE9132: ??? (in /usr/lib/x86_64-linux-gnu/libgomp.so.1.0.0)
==886427==    by 0x4BE6767: ??? (in /usr/lib/x86_64-linux-gnu/libgomp.so.1.0.0)
==886427==    by 0x4879608: start_thread (pthread_create.c:477)
==886427==    by 0x4D4B292: clone (clone.S:95)
client stack range: [0x3F8E6000 0x400E4FFF] client SP: 0x400E4BB8
valgrind stack range: [0x100B740000 0x100B83FFFF] top usage: 2888 of 1048576

Thread 34: status = VgTs_Yielding (lwpid 886502)
==886427==    at 0x4BE9132: ??? (in /usr/lib/x86_64-linux-gnu/libgomp.so.1.0.0)
==886427==    by 0x4BE6767: ??? (in /usr/lib/x86_64-linux-gnu/libgomp.so.1.0.0)
==886427==    by 0x4879608: start_thread (pthread_create.c:477)
==886427==    by 0x4D4B292: clone (clone.S:95)
client stack range: [0x400E7000 0x408E5FFF] client SP: 0x408E5BB8
valgrind stack range: [0x100BA44000 0x100BB43FFF] top usage: 3272 of 1048576

Thread 35: status = VgTs_Yielding (lwpid 886503)
==886427==    at 0x4BE9132: ??? (in /usr/lib/x86_64-linux-gnu/libgomp.so.1.0.0)
==886427==    by 0x4BE6767: ??? (in /usr/lib/x86_64-linux-gnu/libgomp.so.1.0.0)
==886427==    by 0x4879608: start_thread (pthread_create.c:477)
==886427==    by 0x4D4B292: clone (clone.S:95)
client stack range: [0x408E8000 0x410E6FFF] client SP: 0x410E6BB8
valgrind stack range: [0x100BD48000 0x100BE47FFF] top usage: 2936 of 1048576

Thread 36: status = VgTs_Yielding (lwpid 886504)
==886427==    at 0x4BE9132: ??? (in /usr/lib/x86_64-linux-gnu/libgomp.so.1.0.0)
==886427==    by 0x4BE6767: ??? (in /usr/lib/x86_64-linux-gnu/libgomp.so.1.0.0)
==886427==    by 0x4879608: start_thread (pthread_create.c:477)
==886427==    by 0x4D4B292: clone (clone.S:95)
client stack range: [0x410E9000 0x418E7FFF] client SP: 0x418E7BB8
valgrind stack range: [0x100C04C000 0x100C14BFFF] top usage: 3320 of 1048576


Note: see also the FAQ in the source distribution.
It contains workarounds to several common problems.
In particular, if Valgrind aborted or crashed after
identifying problems in your program, there's a good chance
that fixing those problems will prevent Valgrind aborting or
crashing, especially if it happened in m_mallocfree.c.

If that doesn't help, please report this bug to: www.valgrind.org

In the bug report, send all the above text, the valgrind
version, and what OS and version you are using.  Thanks.

