src/nodes.cu(127): warning: variable "calcsPerSecondDyn" was declared but never referenced


0.007000 515345 10 1076 112084426191 2576086795 0.793397 3.287293 
0.007525 515345 9 876 121402157683 4100981213 0.774460 3.835743 
0.008050 515345 9 739 129430306245 4539754315 0.794503 4.606431 
0.008575 515345 12 1009 133914454639 3358979251 0.950596 5.573135 
0.009100 515345 10 742 144629102337 5033972187 0.780746 6.630020 
0.001000 2458285 4 22534 17481589105 959100727 2.338549 3.895551 
0.003250 2458285 6 10379 127769119479 2879795051 3.356929 7.153968 
0.005500 2458285 7 6416 374702580061 7038033009 4.024766 15.261558 
0.007750 2458285 11 6710 690807723125 6691913425 5.864859 28.362680 
0.010000 2458285 13 5900 1061220679959 9575785627 7.021729 main: src/launcher.cu:1831: neighborTable* nodeLauncher(double*, unsigned int, unsigned int, unsigned int, unsigned int*, double): Assertion `cudaSuccess == cudaMemcpyAsync(&keyValueIndex[i], &d_keyValueIndex[i], sizeof(unsigned long long ), cudaMemcpyDeviceToHost, stream[tid])' failed.
main: src/launcher.cu:1841: neighborTable* nodeLauncher(double*, unsigned int, unsigned int, unsigned int, unsigned int*, double): Assertion `cudaSuccess == cudaMallocHost((void**) &pointB[tid], sizeof(unsigned int)*(keyValueIndex[i] + 1))' failed.
/var/spool/slurm/slurmd/job53806744/slurm_script: line 54: 367722 Aborted                 (core dumped) ./build/main /scratch/bwd29/data/USC_Normalized_No1Col.bin 68 $j

0.002000 287999 6 872 10459155489 372777271 0.319759 0.548029 
0.003250 287999 6 494 18651919669 994801029 0.346646 0.704140 
0.004500 287999 6 358 25848652761 2028055527 0.329078 0.848894 
0.005750 287999 9 414 30928864909 1626392059 0.428072 1.206506 
0.007000 287999 8 313 36465164081 2275637755 0.384553 1.892428 
0.001000 11620300 4 197509 36522403064 2410531362 14.626910 18.251812 
0.005750 11620300 7 33121 1143710968494 8092744310 18.704815 35.938837 
0.010500 11620300 11 25713 4134326161466 14691551992 29.418466 88.160994 
0.015250 11620300 14 20514 9337950865088 26814852276 38.219652 169.357291 
0.020000 11620300 17 18382 15493428401434 32814323196 49.685351 283.322889 
0.010000 5000000 7 20952 623050020698 2742317518 6.954160 17.557906 
0.012750 5000000 8 18988 1176284654316 3228681028 8.610132 29.243079 
0.015500 5000000 9 16124 1988754876438 4530219438 10.398749 51.887990 
0.018250 5000000 10 14044 3027542969936 6515123088 11.351172 86.064274 
0.021000 5000000 12 14464 4258125232852 6084499966 15.386661 143.735688 
0.010000 11000000 7 52009 1787630746312 5278162774 21.973401 68.053983 
0.021375 11000000 11 38086 17007167481466 9337052026 45.032562 602.773554 
0.032750 11000000 15 28264 46272138370296 21586731608 72.656203 1721.201440 
0.044125 11000000 18 19877 74636577673948 60108201420 70.995028 3045.966602 
0.055500 11000000 20 14244 94836586050100 115474087004 61.152454 4510.100713 
0.200000 5000000 17 7537 5670083009548 31787897122 31.504067 549.094664 
0.260000 5000000 20 5866 7576542639610 47757747920 34.502949 slurmstepd: error: *** JOB 53806744 ON cn2 CANCELLED AT 2022-08-24T13:05:25 ***
Job has already finished for job 53806744
