src/nodes.cu(127): warning: variable "calcsPerSecondDyn" was declared but never referenced


0.007000 515345 6 1438 118983284587 9065447333 0.647927 3.392402 
0.007525 515345 8 2492 121935710305 5180669665 0.847900 4.017455 
0.008050 515345 8 1996 130797407497 6190085519 0.836581 4.869754 
0.008575 515345 8 1830 138734656953 7733169023 0.832784 5.801338 
0.009100 515345 8 1647 147226053523 8211188913 0.792888 6.913216 
0.001000 2458285 4 140129 8606226969 347700331 4.764445 6.554865 
0.003250 2458285 5 31209 110272623563 3673802859 3.140066 6.592442 
0.005500 2458285 6 15449 367236718341 10380565177 3.976994 15.813246 
0.007750 2458285 7 9849 745895126771 16483534081 4.037724 29.870328 
0.010000 2458285 8 7533 1166805117397 23847912913 4.076459 main: src/launcher.cu:1841: neighborTable* nodeLauncher(double*, unsigned int, unsigned int, unsigned int, unsigned int*, double): Assertion `cudaSuccess == cudaMallocHost((void**) &pointB[tid], sizeof(unsigned int)*(keyValueIndex[i] + 1))' failed.
main: src/launcher.cu:1831: neighborTable* nodeLauncher(double*, unsigned int, unsigned int, unsigned int, unsigned int*, double): Assertion `cudaSuccess == cudaMemcpyAsync(&keyValueIndex[i], &d_keyValueIndex[i], sizeof(unsigned long long ), cudaMemcpyDeviceToHost, stream[tid])' failed.
/var/spool/slurm/slurmd/job53811847/slurm_script: line 54: 183006 Aborted                 (core dumped) ./build/main /scratch/bwd29/data/USC_Normalized_No1Col.bin 68 $j

0.002000 287999 4 2447 11013316343 807499889 0.316382 0.545302 
0.003250 287999 5 1457 18785561251 1264289495 0.342203 0.693775 
0.004500 287999 6 1036 25537334521 2004944361 0.379384 0.885053 
0.005750 287999 7 893 31394247035 2284484893 0.374212 1.120820 
0.007000 287999 8 869 36210273179 2258059277 0.423456 1.908863 
0.001000 11620300 4 562275 14601608826 475494780 21.457301 25.272908 
0.005750 11620300 7 98619 780983255352 5258763292 25.337699 39.179499 
0.010500 11620300 11 73286 3502268645338 12488940960 45.890231 99.297647 
0.015250 11620300 14 50630 8667967081650 25380140978 54.897235 184.624961 
0.020000 11620300 14 24618 15796940091010 58837480326 39.313334 282.039908 
0.010000 5000000 7 104215 386444701544 1013983686 22.599500 /var/spool/slurm/slurmd/job53811847/slurm_script: line 80: 202343 Segmentation fault      (core dumped) ./build/main /scratch/bwd29/data/SUSY_Normalized.bin 18 $j

0.012750 5000000 8 83079 851013903628 1673248266 29.792880 48.203225 
0.015500 5000000 8 46919 1795539642238 5688522432 17.504404 56.577730 
0.018250 5000000 9 40293 2790760441706 8182733906 18.873464 91.435297 
0.021000 5000000 10 36920 4068974151486 11014215786 23.865044 147.477400 
0.010000 11000000 6 142002 1475228219150 3745788170 24.711655 64.222698 
0.021375 11000000 10 115437 15333690322462 11788136232 83.532603 654.396661 
0.032750 11000000 13 64078 45734502838040 48813366408 105.071036 free(): invalid size
/var/spool/slurm/slurmd/job53811847/slurm_script: line 88: 226879 Aborted                 (core dumped) ./build/main /scratch/bwd29/data/HIGSS_Normalized.bin 28 $j

0.044125 11000000 15 28916 75618031829598 125331709762 67.791640 3137.061932 
0.055500 11000000 17 20591 95644488828874 113493900274 64.720331 4783.112474 
0.200000 5000000 14 9892 5804159601990 58415897500 27.416323 546.342061 
0.260000 5000000 17 8169 7679250279922 76235651670 30.452285 1068.927673 
0.320000 5000000 19 6029 9490279840294 97521783774 33.361667 1859.498734 
0.380000 5000000 20 4446 11208428797686 112135822358 34.384445 main: src/launcher.cu:1841: neighborTable* nodeLauncher(double*, unsigned int, unsigned int, unsigned int, unsigned int*, double): Assertion `cudaSuccess == cudaMallocHost((void**) &pointB[tid], sizeof(unsigned int)*(keyValueIndex[i] + 1))' failed.
main: src/launcher.cu:1831: neighborTable* nodeLauncher(double*, unsigned int, unsigned int, unsigned int, unsigned int*, double): Assertion `cudaSuccess == cudaMemcpyAsync(&keyValueIndex[i], &d_keyValueIndex[i], sizeof(unsigned long long ), cudaMemcpyDeviceToHost, stream[tid])' failed.
/var/spool/slurm/slurmd/job53811847/slurm_script: line 96: 457585 Aborted                 (core dumped) ./build/main /scratch/bwd29/data/TINY_Normalized.bin 384 $j

0.440000 5000000 20 2672 12881984279788 129624195960 32.239963 main: src/launcher.cu:1831: neighborTable* nodeLauncher(double*, unsigned int, unsigned int, unsigned int, unsigned int*, double): Assertion `cudaSuccess == cudaMemcpyAsync(&keyValueIndex[i], &d_keyValueIndex[i], sizeof(unsigned long long ), cudaMemcpyDeviceToHost, stream[tid])' failed.
/var/spool/slurm/slurmd/job53811847/slurm_script: line 96: 514285 Aborted                 (core dumped) ./build/main /scratch/bwd29/data/TINY_Normalized.bin 384 $j
