
EPSILON | NUMPOINTS | RP | NODES | CALCS | Construct T | Kernel T | Total T

src/utils.cu(70): warning #177-D: variable "test_rp" was declared but never referenced

Remark: The warnings can be suppressed with "-diag-suppress <warning-number>"



 _______________ 256 _____ 1024 ____________________________



MSD ________________________________________________________________


0.007000 515345 16 12 2995 124420547383 1.385780 3 0.468485 2.51715 4.088685 
0.007525 515345 16 13 3135 133657237373 1.592925 3 0.503265 3.41893 5.175999 
0.008050 515345 16 13 3020 142833739177 1.392719 3 0.537817 4.61482 6.171902 
0.008575 515345 16 13 2752 150640412025 1.373829 3 0.567212 5.66141 7.200998 
0.009100 515345 16 14 2859 157893113227 1.599522 4 0.594521 7.64202 9.419466 

UNI ________________________________________________________________


0.250000 2000000 100 8 30427 302469099866 85.532766 8 0.075617 5.74846 93.317851 
0.300000 2000000 100 9 34169 539752432130 159.327911 8 0.134938 /var/spool/slurm/slurmd/job64904971/slurm_script: line 50: 1142456 Segmentation fault      (core dumped) ./build/main /scratch/bwd29/data/ndim_10_2mil.bin 10 $j

0.350000 2000000 100 10 38069 863016284500 275.905822 8 0.215754 /var/spool/slurm/slurmd/job64904971/slurm_script: line 50: 1144180 Segmentation fault      (core dumped) ./build/main /scratch/bwd29/data/ndim_10_2mil.bin 10 $j

0.400000 2000000 100 11 38269 1279674930890 448.149667 8 0.319919 munmap_chunk(): invalid pointer
/var/spool/slurm/slurmd/job64904971/slurm_script: line 50: 1144385 Aborted                 (core dumped) ./build/main /scratch/bwd29/data/ndim_10_2mil.bin 10 $j

0.450000 2000000 100 /var/spool/slurm/slurmd/job64904971/slurm_script: line 50: 1152107 Killed                  ./build/main /scratch/bwd29/data/ndim_10_2mil.bin 10 $j


EXPO ________________________________________________________________


0.030000 2000000 16 9 14923 1410814054412 7.732923 9 0.352704 24.3065 32.502882 
0.033750 2000000 16 9 10975 1797923975996 5.426072 13 0.449481 36.6181 42.539870 
0.037500 2000000 19 11 19359 1969813442164 24.216857 14 0.492453 47.3746 72.131553 
0.041250 2000000 19 /var/spool/slurm/slurmd/job64904971/slurm_script: line 61: 1159118 Killed                  ./build/main /scratch/bwd29/data/2mil16dexpo.bin 16 $j

0.045000 2000000 19 16 48179 2372102767898 295.813644 18 0.593026 free(): invalid size
/var/spool/slurm/slurmd/job64904971/slurm_script: line 61: 1160915 Aborted                 (core dumped) ./build/main /scratch/bwd29/data/2mil16dexpo.bin 16 $j


Census____________________________________________________________


0.001000 2458285 16 10 15657 22150808571 3.405939 10 0.003665 1.11073 5.230821 
0.003250 2458285 16 9 17772 118831834865 5.636182 10 0.019664 3.17225 9.546120 
0.005500 2458285 16 9 17794 348552162179 7.808729 10 0.057677 11.1593 19.680757 
0.007750 2458285 16 10 14223 774501769591 8.499183 10 0.128162 23.4919 32.734334 
0.010000 2458285 16 11 11414 1244699820971 7.127958 10 0.205968 main: src/launcher.cu:3449: neighborTable* nodeLauncher5(double*, unsigned int, unsigned int, unsigned int, unsigned int*, double): Assertion `cudaSuccess == cudaMemcpyAsync(&keyValueIndex[i], &d_keyValueIndex[i], sizeof(unsigned long long ), cudaMemcpyDeviceToHost, stream[tid])' failed.
main: src/launcher.cu:3449: neighborTable* nodeLauncher5(double*, unsigned int, unsigned int, unsigned int, unsigned int*, double): Assertion `cudaSuccess == cudaMemcpyAsync(&keyValueIndex[i], &d_keyValueIndex[i], sizeof(unsigned long long ), cudaMemcpyDeviceToHost, stream[tid])' failed.
/var/spool/slurm/slurmd/job64904971/slurm_script: line 72: 1167737 Aborted                 (core dumped) ./build/main /scratch/bwd29/data/USC_Normalized_No1Col.bin 68 $j


Wave __________________________________________________


0.002000 287999 16 12 1135 11280470943 0.304981 2 0.136002 0.11592 0.507264 
0.003250 287999 16 11 1008 19199317691 0.259308 2 0.231475 0.220343 0.567007 
0.004500 287999 16 13 934 26332472335 0.274203 2 0.317475 0.387231 0.748670 
0.005750 287999 16 14 823 32178695747 0.269531 2 0.387960 0.769076 1.125874 
0.007000 287999 16 15 823 37496765487 0.282904 2 0.452076 1.79471 2.163772 

BIGCROSS____________________________________________________________


0.001000 11620300 16 10 58978 99649534414 15.187327 45 0.000738 1.45104 21.291113 
0.005750 11620300 16 8 61598 694459071994 18.909475 45 0.005143 7.52802 31.144770 
0.010500 11620300 16 10 56374 3208504899404 32.092509 45 0.023761 26.5629 63.283920 
0.015250 11620300 16 12 41583 7818682622348 30.102572 45 0.057903 63.0219 97.846835 
0.020000 11620300 16 14 31155 13768851946164 37.290968 45 0.101968 120.518 162.486433 

SUSY ________________________________________________________________


0.010000 5000000 16 6 40603 409808694890 5.652664 20 0.016392 4.97461 12.009888 
0.012750 5000000 16 7 41576 868242976496 10.219163 20 0.034730 11.7342 23.353946 
0.015500 5000000 16 7 28661 1833970276280 7.503554 20 0.073359 26.6369 35.538779 
0.018250 5000000 16 8 30870 2987267993858 14.126808 20 0.119491 46.2542 61.814493 
0.021000 5000000 16 9 31037 4419212407718 17.684225 20 0.176768 77.7477 96.820847 

HIGGS ________________________________________________________________


0.010000 11000000 16 7 158779 1307772754462 62.050909 42 0.010808 28.465 95.058326 
0.021375 11000000 16 9 84409 21528597087848 65.126498 44 0.177922 slurmstepd: error: *** JOB 64904971 ON cn2 CANCELLED AT 2023-05-11T18:25:01 ***
Job has already finished for job 64904971
slurmstepd: error: --task-epilog failed status=256
slurmstepd: error: Detected 2 oom-kill event(s) in StepId=64904971.batch. Some of your processes may have been killed by the cgroup out-of-memory handler.
