rm -f build/main build/*.o
nvcc  -DCALC_MULTI=1.5 -DBS=256 -DCMP=14 -DCPB=115 -lcuda -Xcompiler -fopenmp -arch=compute_80 -code=sm_80 -O3 -I. -c -o build/main.o src/main.cu -lm
nvcc  -DCALC_MULTI=1.5 -DBS=256 -DCMP=14 -DCPB=115 -lcuda -Xcompiler -fopenmp -arch=compute_80 -code=sm_80 -O3 -I. -c -o build/launcher.o src/launcher.cu -lm
nvcc  -DCALC_MULTI=1.5 -DBS=256 -DCMP=14 -DCPB=115 -lcuda -Xcompiler -fopenmp -arch=compute_80 -code=sm_80 -O3 -I. -c -o build/kernel.o src/kernel.cu
nvcc  -DCALC_MULTI=1.5 -DBS=256 -DCMP=14 -DCPB=115 -lcuda -Xcompiler -fopenmp -arch=compute_80 -code=sm_80 -O3 -I. -c -o build/nodes.o src/nodes.cu -lm
nvcc  -DCALC_MULTI=1.5 -DBS=256 -DCMP=14 -DCPB=115 -lcuda -Xcompiler -fopenmp -arch=compute_80 -code=sm_80 -O3 -I. -c -o build/tree.o src/tree.cu -lm
nvcc  -DCALC_MULTI=1.5 -DBS=256 -DCMP=14 -DCPB=115 -lcuda -Xcompiler -fopenmp -arch=compute_80 -code=sm_80 -O3 -I. -c -o build/utils.o src/utils.cu -lm
nvcc  -DCALC_MULTI=1.5 -DBS=256 -DCMP=14 -DCPB=115 -lcuda -Xcompiler -fopenmp -arch=compute_80 -code=sm_80 -O3 -I. -o build/main build/main.o build/launcher.o build/kernel.o build/nodes.o build/tree.o build/utils.o
MSD ________________________________________________________________
MSD ________________________________________________________________

Time to read in file: 0.361702

Number points: 515345 
Number Dimensions: 90 
Number Concurent Streams: 2
Block Size: 256, Kernel Blocks: 1024
Using using binary searches
Distance Threshold: 0.007000 
*********************************

Predicted calcsPerSecond: 9029224236
SubGraph 0 Layer 0 Selecting RP 1 with Nodes: 21 and calcs: 170979007977 :: Predicted time: 0.000000, Actual Time: 0.015915
Build Time: 0.015915, Calc Time: 18.936179, reduction -18.936179
############################################
Predicted calcsPerSecond: 27230530525
SubGraph 0 Layer 1 Selecting RP 3 with Nodes: 60 and calcs: 149860162609 :: Predicted time: 0.015915, Actual Time: 0.032489
Build Time: 0.032489, Calc Time: 5.503388, reduction 13.432792
############################################
Predicted calcsPerSecond: 54489577690
SubGraph 0 Layer 2 Selecting RP 1 with Nodes: 123 and calcs: 139008172495 :: Predicted time: 0.032489, Actual Time: 0.015187
Build Time: 0.015187, Calc Time: 2.551097, reduction 2.952291
############################################
Predicted calcsPerSecond: 95403782767
SubGraph 0 Layer 3 Selecting RP 1 with Nodes: 217 and calcs: 129775808043 :: Predicted time: 0.015187, Actual Time: 0.014659
Build Time: 0.014659, Calc Time: 1.360279, reduction 1.190817
############################################
Predicted calcsPerSecond: 156721741813
SubGraph 0 Layer 4 Selecting RP 1 with Nodes: 326 and calcs: 124080002709 :: Predicted time: 0.014659, Actual Time: 0.014443
Build Time: 0.014443, Calc Time: 0.791722, reduction 0.568558
############################################
Predicted calcsPerSecond: 248766773770
SubGraph 0 Layer 5 Selecting RP 1 with Nodes: 489 and calcs: 119576095503 :: Predicted time: 0.014443, Actual Time: 0.015635
Build Time: 0.015635, Calc Time: 0.480676, reduction 0.311046
############################################
Predicted calcsPerSecond: 386468002746
SubGraph 0 Layer 6 Selecting RP 5 with Nodes: 669 and calcs: 116543627597 :: Predicted time: 0.015635, Actual Time: 0.047806
Build Time: 0.047806, Calc Time: 0.301561, reduction 0.179115
############################################
Predicted calcsPerSecond: 593268105628
SubGraph 0 Layer 7 Selecting RP 3 with Nodes: 910 and calcs: 114004585017 :: Predicted time: 0.047806, Actual Time: 0.026243
Build Time: 0.026243, Calc Time: 0.192164, reduction 0.109397
############################################
Predicted calcsPerSecond: 903420979732
SubGraph 0 Layer 8 Selecting RP 3 with Nodes: 1130 and calcs: 112390412367 :: Predicted time: 0.026243, Actual Time: 0.038547
Build Time: 0.038547, Calc Time: 0.124405, reduction 0.067758
############################################
Predicted calcsPerSecond: 1368692344759
SubGraph 0 Layer 9 Selecting RP 5 with Nodes: 1392 and calcs: 111189005735 :: Predicted time: 0.038547, Actual Time: 0.051072
Build Time: 0.051072, Calc Time: 0.081237, reduction 0.043168
############################################
Final graph has 1392 nodes, 111189005735 calcs total
Node Construct time: 0.798631
Batchs: 3
Total results Set Size: 65915313 
Node Laucnher time: 3.473862
Total Time: 3.929924

Time to read in file: 0.084672

Number points: 515345 
Number Dimensions: 90 
Number Concurent Streams: 2
Block Size: 256, Kernel Blocks: 1024
Using using binary searches
Distance Threshold: 0.007525 
*********************************

Predicted calcsPerSecond: 9031096033
SubGraph 0 Layer 0 Selecting RP 1 with Nodes: 20 and calcs: 177585998311 :: Predicted time: 0.000000, Actual Time: 0.015414
Build Time: 0.015414, Calc Time: 19.663837, reduction -19.663837
############################################
Predicted calcsPerSecond: 27208916676
SubGraph 0 Layer 1 Selecting RP 5 with Nodes: 68 and calcs: 158803937551 :: Predicted time: 0.015414, Actual Time: 0.037561
Build Time: 0.037561, Calc Time: 5.836467, reduction 13.827370
############################################
Predicted calcsPerSecond: 54490937706
SubGraph 0 Layer 2 Selecting RP 3 with Nodes: 131 and calcs: 148513057549 :: Predicted time: 0.037561, Actual Time: 0.014737
Build Time: 0.014737, Calc Time: 2.725463, reduction 3.111003
############################################
Predicted calcsPerSecond: 95371447032
SubGraph 0 Layer 3 Selecting RP 1 with Nodes: 234 and calcs: 137677365371 :: Predicted time: 0.014737, Actual Time: 0.014343
Build Time: 0.014343, Calc Time: 1.443591, reduction 1.281872
############################################
Predicted calcsPerSecond: 156737722630
SubGraph 0 Layer 4 Selecting RP 7 with Nodes: 358 and calcs: 133010189565 :: Predicted time: 0.014343, Actual Time: 0.013628
Build Time: 0.013628, Calc Time: 0.848616, reduction 0.594975
############################################
Predicted calcsPerSecond: 248749959241
SubGraph 0 Layer 5 Selecting RP 1 with Nodes: 539 and calcs: 127316136919 :: Predicted time: 0.013628, Actual Time: 0.025738
Build Time: 0.025738, Calc Time: 0.511824, reduction 0.336793
############################################
Predicted calcsPerSecond: 386722894176
SubGraph 0 Layer 6 Selecting RP 1 with Nodes: 680 and calcs: 125195795947 :: Predicted time: 0.025738, Actual Time: 0.019520
Build Time: 0.019520, Calc Time: 0.323735, reduction 0.188089
############################################
Predicted calcsPerSecond: 593736011877
SubGraph 0 Layer 7 Selecting RP 3 with Nodes: 901 and calcs: 122849642555 :: Predicted time: 0.019520, Actual Time: 0.024242
Build Time: 0.024242, Calc Time: 0.206910, reduction 0.116826
############################################
Predicted calcsPerSecond: 904237965217
SubGraph 0 Layer 8 Selecting RP 1 with Nodes: 1060 and calcs: 120833241637 :: Predicted time: 0.024242, Actual Time: 0.035915
Build Time: 0.035915, Calc Time: 0.133630, reduction 0.073280
############################################
Predicted calcsPerSecond: 1370064995476
SubGraph 0 Layer 9 Selecting RP 5 with Nodes: 1289 and calcs: 119524198435 :: Predicted time: 0.035915, Actual Time: 0.037501
Build Time: 0.037501, Calc Time: 0.087240, reduction 0.046390
############################################
Predicted calcsPerSecond: 2068766164378
SubGraph 0 Layer 10 Selecting RP 2 with Nodes: 1541 and calcs: 117590187375 :: Predicted time: 0.037501, Actual Time: 0.074849
Build Time: 0.074849, Calc Time: 0.056841, reduction 0.030399
############################################
Final graph has 1541 nodes, 117590187375 calcs total
Node Construct time: 0.885649
Batchs: 3
Total results Set Size: 121384099 
Node Laucnher time: 4.158109
Total Time: 4.618653

Time to read in file: 0.072265

Number points: 515345 
Number Dimensions: 90 
Number Concurent Streams: 2
Block Size: 256, Kernel Blocks: 1024
Using using binary searches
Distance Threshold: 0.008050 
*********************************

Predicted calcsPerSecond: 9076077392
SubGraph 0 Layer 0 Selecting RP 2 with Nodes: 20 and calcs: 185481056983 :: Predicted time: 0.000000, Actual Time: 0.015387
Build Time: 0.015387, Calc Time: 20.436258, reduction -20.436258
############################################
Predicted calcsPerSecond: 27282635401
SubGraph 0 Layer 1 Selecting RP 2 with Nodes: 49 and calcs: 166462369995 :: Predicted time: 0.015387, Actual Time: 0.028389
Build Time: 0.028389, Calc Time: 6.101404, reduction 14.334854
############################################
Predicted calcsPerSecond: 54523423179
SubGraph 0 Layer 2 Selecting RP 1 with Nodes: 98 and calcs: 155725370431 :: Predicted time: 0.028389, Actual Time: 0.018783
Build Time: 0.018783, Calc Time: 2.856119, reduction 3.245285
############################################
Predicted calcsPerSecond: 95457434749
SubGraph 0 Layer 3 Selecting RP 1 with Nodes: 178 and calcs: 145253277755 :: Predicted time: 0.018783, Actual Time: 0.018117
Build Time: 0.018117, Calc Time: 1.521655, reduction 1.334464
############################################
Predicted calcsPerSecond: 156817687362
SubGraph 0 Layer 4 Selecting RP 7 with Nodes: 272 and calcs: 140866333045 :: Predicted time: 0.018117, Actual Time: 0.013556
Build Time: 0.013556, Calc Time: 0.898281, reduction 0.623374
############################################
Predicted calcsPerSecond: 248860884490
SubGraph 0 Layer 5 Selecting RP 1 with Nodes: 388 and calcs: 137091205829 :: Predicted time: 0.013556, Actual Time: 0.021172
Build Time: 0.021172, Calc Time: 0.550875, reduction 0.347406
############################################
Predicted calcsPerSecond: 386963446297
SubGraph 0 Layer 6 Selecting RP 5 with Nodes: 532 and calcs: 134204713665 :: Predicted time: 0.021172, Actual Time: 0.016595
Build Time: 0.016595, Calc Time: 0.346815, reduction 0.204060
############################################
Predicted calcsPerSecond: 594090710439
SubGraph 0 Layer 7 Selecting RP 3 with Nodes: 760 and calcs: 131544057575 :: Predicted time: 0.016595, Actual Time: 0.022504
Build Time: 0.022504, Calc Time: 0.221421, reduction 0.125394
############################################
Predicted calcsPerSecond: 904739635510
SubGraph 0 Layer 8 Selecting RP 1 with Nodes: 926 and calcs: 128931015769 :: Predicted time: 0.022504, Actual Time: 0.032527
Build Time: 0.032527, Calc Time: 0.142506, reduction 0.078915
############################################
Predicted calcsPerSecond: 1370766294922
SubGraph 0 Layer 9 Selecting RP 0 with Nodes: 1118 and calcs: 127399720333 :: Predicted time: 0.032527, Actual Time: 0.019162
Build Time: 0.019162, Calc Time: 0.092941, reduction 0.049566
############################################
Predicted calcsPerSecond: 2069839720203
SubGraph 0 Layer 10 Selecting RP 8 with Nodes: 1366 and calcs: 125896598495 :: Predicted time: 0.019162, Actual Time: 0.059313
Build Time: 0.059313, Calc Time: 0.060824, reduction 0.032116
############################################
Final graph has 1366 nodes, 125896598495 calcs total
Node Construct time: 0.858802
Batchs: 3
Total results Set Size: 207932133 
Node Laucnher time: 5.523357
Total Time: 5.984320

Time to read in file: 0.072026

Number points: 515345 
Number Dimensions: 90 
Number Concurent Streams: 2
Block Size: 256, Kernel Blocks: 1024
Using using binary searches
Distance Threshold: 0.008575 
*********************************

Predicted calcsPerSecond: 9070865948
SubGraph 0 Layer 0 Selecting RP 1 with Nodes: 18 and calcs: 191503325863 :: Predicted time: 0.000000, Actual Time: 0.014390
Build Time: 0.014390, Calc Time: 21.111912, reduction -21.111912
############################################
Predicted calcsPerSecond: 27279567544
SubGraph 0 Layer 1 Selecting RP 1 with Nodes: 58 and calcs: 171337397771 :: Predicted time: 0.014390, Actual Time: 0.035226
Build Time: 0.035226, Calc Time: 6.280796, reduction 14.831116
############################################
Predicted calcsPerSecond: 54598425174
SubGraph 0 Layer 2 Selecting RP 1 with Nodes: 105 and calcs: 162079090077 :: Predicted time: 0.035226, Actual Time: 0.013720
Build Time: 0.013720, Calc Time: 2.968567, reduction 3.312229
############################################
Predicted calcsPerSecond: 95548087215
SubGraph 0 Layer 3 Selecting RP 1 with Nodes: 170 and calcs: 153617511199 :: Predicted time: 0.013720, Actual Time: 0.013204
Build Time: 0.013204, Calc Time: 1.607751, reduction 1.360816
############################################
Predicted calcsPerSecond: 156980578573
SubGraph 0 Layer 4 Selecting RP 7 with Nodes: 254 and calcs: 148977654501 :: Predicted time: 0.013204, Actual Time: 0.012843
Build Time: 0.012843, Calc Time: 0.949020, reduction 0.658731
############################################
Predicted calcsPerSecond: 249062816761
SubGraph 0 Layer 5 Selecting RP 1 with Nodes: 390 and calcs: 143698129447 :: Predicted time: 0.012843, Actual Time: 0.026897
Build Time: 0.026897, Calc Time: 0.576955, reduction 0.372064
############################################
Predicted calcsPerSecond: 387230408452
SubGraph 0 Layer 6 Selecting RP 5 with Nodes: 516 and calcs: 141380708171 :: Predicted time: 0.026897, Actual Time: 0.016024
Build Time: 0.016024, Calc Time: 0.365107, reduction 0.211848
############################################
Predicted calcsPerSecond: 594462539776
SubGraph 0 Layer 7 Selecting RP 3 with Nodes: 709 and calcs: 139396701737 :: Predicted time: 0.016024, Actual Time: 0.020245
Build Time: 0.020245, Calc Time: 0.234492, reduction 0.130615
############################################
Predicted calcsPerSecond: 905328824166
SubGraph 0 Layer 8 Selecting RP 1 with Nodes: 852 and calcs: 137536270091 :: Predicted time: 0.020245, Actual Time: 0.025345
Build Time: 0.025345, Calc Time: 0.151919, reduction 0.082573
############################################
Predicted calcsPerSecond: 1371668271574
SubGraph 0 Layer 9 Selecting RP 1 with Nodes: 997 and calcs: 135897534261 :: Predicted time: 0.025345, Actual Time: 0.027710
Build Time: 0.027710, Calc Time: 0.099075, reduction 0.052844
############################################
Predicted calcsPerSecond: 2071162333620
SubGraph 0 Layer 10 Selecting RP 2 with Nodes: 1241 and calcs: 133826399615 :: Predicted time: 0.027710, Actual Time: 0.047738
Build Time: 0.047738, Calc Time: 0.064614, reduction 0.034460
############################################
Final graph has 1241 nodes, 133826399615 calcs total
Node Construct time: 0.861252
Batchs: 4
Total results Set Size: 335507787 
Node Laucnher time: 6.317802
Total Time: 6.780271

Time to read in file: 0.071532

Number points: 515345 
Number Dimensions: 90 
Number Concurent Streams: 2
Block Size: 256, Kernel Blocks: 1024
Using using binary searches
Distance Threshold: 0.009100 
*********************************

Predicted calcsPerSecond: 9063736775
SubGraph 0 Layer 0 Selecting RP 1 with Nodes: 17 and calcs: 197994635393 :: Predicted time: 0.000000, Actual Time: 0.013894
Build Time: 0.013894, Calc Time: 21.844703, reduction -21.844703
############################################
Predicted calcsPerSecond: 27229451056
SubGraph 0 Layer 1 Selecting RP 6 with Nodes: 57 and calcs: 181835460273 :: Predicted time: 0.013894, Actual Time: 0.032146
Build Time: 0.032146, Calc Time: 6.677897, reduction 15.166806
############################################
Predicted calcsPerSecond: 54483990379
SubGraph 0 Layer 2 Selecting RP 1 with Nodes: 111 and calcs: 171457913779 :: Predicted time: 0.032146, Actual Time: 0.014810
Build Time: 0.014810, Calc Time: 3.146941, reduction 3.530955
############################################
Predicted calcsPerSecond: 95370658782
SubGraph 0 Layer 3 Selecting RP 1 with Nodes: 176 and calcs: 161211297375 :: Predicted time: 0.014810, Actual Time: 0.013482
Build Time: 0.013482, Calc Time: 1.690366, reduction 1.456575
############################################
Predicted calcsPerSecond: 156700585726
SubGraph 0 Layer 4 Selecting RP 7 with Nodes: 251 and calcs: 157997765075 :: Predicted time: 0.013482, Actual Time: 0.013551
Build Time: 0.013551, Calc Time: 1.008278, reduction 0.682088
############################################
Predicted calcsPerSecond: 243899057002
SubGraph 0 Layer 5 Selecting RP 1 with Nodes: 376 and calcs: 152391504645 :: Predicted time: 0.013551, Actual Time: 0.023358
Build Time: 0.023358, Calc Time: 0.624814, reduction 0.383464
############################################
Predicted calcsPerSecond: 379517415640
SubGraph 0 Layer 6 Selecting RP 2 with Nodes: 476 and calcs: 149818884943 :: Predicted time: 0.023358, Actual Time: 0.015837
Build Time: 0.015837, Calc Time: 0.394762, reduction 0.230052
############################################
Predicted calcsPerSecond: 582941148763
SubGraph 0 Layer 7 Selecting RP 7 with Nodes: 626 and calcs: 147854988681 :: Predicted time: 0.015837, Actual Time: 0.018666
Build Time: 0.018666, Calc Time: 0.253636, reduction 0.141125
############################################
Predicted calcsPerSecond: 888030755728
SubGraph 0 Layer 8 Selecting RP 2 with Nodes: 756 and calcs: 145892674049 :: Predicted time: 0.018666, Actual Time: 0.020523
Build Time: 0.020523, Calc Time: 0.164288, reduction 0.089348
############################################
Predicted calcsPerSecond: 1345617416359
SubGraph 0 Layer 9 Selecting RP 1 with Nodes: 914 and calcs: 144172469429 :: Predicted time: 0.020523, Actual Time: 0.025470
Build Time: 0.025470, Calc Time: 0.107142, reduction 0.057146
############################################
Predicted calcsPerSecond: 2032112792541
SubGraph 0 Layer 10 Selecting RP 8 with Nodes: 1150 and calcs: 142501832035 :: Predicted time: 0.025470, Actual Time: 0.046894
Build Time: 0.046894, Calc Time: 0.070125, reduction 0.037017
############################################
Final graph has 1150 nodes, 142501832035 calcs total
Node Construct time: 0.783202
Batchs: 4
Total results Set Size: 514928275 
Node Laucnher time: 7.442130
Total Time: 7.897027
Census____________________________________________________________
Census____________________________________________________________

Time to read in file: 0.998893

Number points: 2458285 
Number Dimensions: 68 
Number Concurent Streams: 2
Block Size: 256, Kernel Blocks: 1024
Using using binary searches
Distance Threshold: 0.001000 
*********************************

Predicted calcsPerSecond: 12002569190
SubGraph 0 Layer 0 Selecting RP 1 with Nodes: 226 and calcs: 267839562229 :: Predicted time: 0.000000, Actual Time: 0.129889
Build Time: 0.129889, Calc Time: 22.315186, reduction -22.315186
############################################
Predicted calcsPerSecond: 35991744922
SubGraph 0 Layer 1 Selecting RP 8 with Nodes: 5569 and calcs: 49684967055 :: Predicted time: 0.129889, Actual Time: 3.669085
Build Time: 3.669085, Calc Time: 1.380455, reduction 20.934731
############################################
Predicted calcsPerSecond: 72019666531
SubGraph 0 Layer 2 Selecting RP 0 with Nodes: 10186 and calcs: 28853311551 :: Predicted time: 3.669085, Actual Time: 0.129880
Build Time: 0.129880, Calc Time: 0.400631, reduction 0.979824
############################################
Predicted calcsPerSecond: 126057982365
SubGraph 0 Layer 3 Selecting RP 1 with Nodes: 10329 and calcs: 28500904977 :: Predicted time: 0.129880, Actual Time: 0.044266
Build Time: 0.044266, Calc Time: 0.226094, reduction 0.174537
############################################
Predicted calcsPerSecond: 207055322202
SubGraph 0 Layer 4 Selecting RP 0 with Nodes: 10335 and calcs: 28500715217 :: Predicted time: 0.044266, Actual Time: 0.047599
Build Time: 0.047599, Calc Time: 0.137648, reduction 0.088446
############################################
Predicted calcsPerSecond: 328609720932
SubGraph 0 Layer 5 Selecting RP 2 with Nodes: 10335 and calcs: 28500715217 :: Predicted time: 0.047599, Actual Time: 0.037135
Build Time: 0.037135, Calc Time: 0.086731, reduction 0.050917
############################################
Predicted calcsPerSecond: 510963638487
SubGraph 0 Layer 6 Selecting RP 2 with Nodes: 10335 and calcs: 28500715217 :: Predicted time: 0.037135, Actual Time: 0.038123
Build Time: 0.038123, Calc Time: 0.055778, reduction 0.030953
############################################
Final graph has 10335 nodes, 28500715217 calcs total
Node Construct time: 3.175253
Batchs: 10
Total results Set Size: 55650567 
Node Laucnher time: 5.260443
Total Time: 6.915255

Time to read in file: 0.351995

Number points: 2458285 
Number Dimensions: 68 
Number Concurent Streams: 2
Block Size: 256, Kernel Blocks: 1024
Using using binary searches
Distance Threshold: 0.003250 
*********************************

Predicted calcsPerSecond: 11986180279
SubGraph 0 Layer 0 Selecting RP 1 with Nodes: 71 and calcs: 845568418799 :: Predicted time: 0.000000, Actual Time: 0.052412
Build Time: 0.052412, Calc Time: 70.545278, reduction -70.545278
############################################
Predicted calcsPerSecond: 36001586989
SubGraph 0 Layer 1 Selecting RP 8 with Nodes: 916 and calcs: 366799983833 :: Predicted time: 0.052412, Actual Time: 1.133860
Build Time: 1.133860, Calc Time: 10.188439, reduction 60.356839
############################################
Predicted calcsPerSecond: 72027543676
SubGraph 0 Layer 2 Selecting RP 2 with Nodes: 2374 and calcs: 235701471557 :: Predicted time: 1.133860, Actual Time: 0.130639
Build Time: 0.130639, Calc Time: 3.272380, reduction 6.916060
############################################
Predicted calcsPerSecond: 126003975031
SubGraph 0 Layer 3 Selecting RP 6 with Nodes: 4781 and calcs: 170667439095 :: Predicted time: 0.130639, Actual Time: 0.104974
Build Time: 0.104974, Calc Time: 1.354461, reduction 1.917919
############################################
Predicted calcsPerSecond: 207049644244
SubGraph 0 Layer 4 Selecting RP 6 with Nodes: 7493 and calcs: 134513642389 :: Predicted time: 0.104974, Actual Time: 0.163741
Build Time: 0.163741, Calc Time: 0.649669, reduction 0.704792
############################################
Predicted calcsPerSecond: 328592354103
SubGraph 0 Layer 5 Selecting RP 0 with Nodes: 8805 and calcs: 127565146105 :: Predicted time: 0.163741, Actual Time: 0.166003
Build Time: 0.166003, Calc Time: 0.388217, reduction 0.261452
############################################
Predicted calcsPerSecond: 510932533950
SubGraph 0 Layer 6 Selecting RP 8 with Nodes: 9523 and calcs: 125284874529 :: Predicted time: 0.166003, Actual Time: 0.226440
Build Time: 0.226440, Calc Time: 0.245208, reduction 0.143009
############################################
Final graph has 9523 nodes, 125284874529 calcs total
Node Construct time: 3.380242
Batchs: 10
Total results Set Size: 55650567 
Node Laucnher time: 7.341371
Total Time: 9.001212

Time to read in file: 0.251596

Number points: 2458285 
Number Dimensions: 68 
Number Concurent Streams: 2
Block Size: 256, Kernel Blocks: 1024
Using using binary searches
Distance Threshold: 0.005500 
*********************************

Predicted calcsPerSecond: 12005837651
SubGraph 0 Layer 0 Selecting RP 1 with Nodes: 43 and calcs: 1364011199683 :: Predicted time: 0.000000, Actual Time: 0.038385
Build Time: 0.038385, Calc Time: 113.612331, reduction -113.612331
############################################
Predicted calcsPerSecond: 36042981913
SubGraph 0 Layer 1 Selecting RP 8 with Nodes: 380 and calcs: 818114099099 :: Predicted time: 0.038385, Actual Time: 0.605613
Build Time: 0.605613, Calc Time: 22.698291, reduction 90.914040
############################################
Predicted calcsPerSecond: 72085579824
SubGraph 0 Layer 2 Selecting RP 6 with Nodes: 942 and calcs: 650095939019 :: Predicted time: 0.605613, Actual Time: 0.133653
Build Time: 0.133653, Calc Time: 9.018391, reduction 13.679900
############################################
Predicted calcsPerSecond: 126173434626
SubGraph 0 Layer 3 Selecting RP 9 with Nodes: 2062 and calcs: 528238697975 :: Predicted time: 0.133653, Actual Time: 0.089515
Build Time: 0.089515, Calc Time: 4.186608, reduction 4.831783
############################################
Predicted calcsPerSecond: 207291805728
SubGraph 0 Layer 4 Selecting RP 6 with Nodes: 3912 and calcs: 425410316367 :: Predicted time: 0.089515, Actual Time: 0.131634
Build Time: 0.131634, Calc Time: 2.052229, reduction 2.134379
############################################
Predicted calcsPerSecond: 328947854830
SubGraph 0 Layer 5 Selecting RP 3 with Nodes: 5775 and calcs: 381098875077 :: Predicted time: 0.131634, Actual Time: 0.252257
Build Time: 0.252257, Calc Time: 1.158539, reduction 0.893690
############################################
Predicted calcsPerSecond: 511460509332
SubGraph 0 Layer 6 Selecting RP 8 with Nodes: 7582 and calcs: 358264609455 :: Predicted time: 0.252257, Actual Time: 0.641350
Build Time: 0.641350, Calc Time: 0.700474, reduction 0.458065
############################################
Final graph has 7582 nodes, 358264609455 calcs total
Node Construct time: 3.649772
Batchs: 10
Total results Set Size: 311087687 
Node Laucnher time: 16.000647
Total Time: 17.651835
Wave __________________________________________________
Wave __________________________________________________

Time to read in file: 0.102302

Number points: 287999 
Number Dimensions: 49 
Number Concurent Streams: 2
Block Size: 256, Kernel Blocks: 1024
Using using binary searches
Distance Threshold: 0.002000 
*********************************

Predicted calcsPerSecond: 14193432484
SubGraph 0 Layer 0 Selecting RP 1 with Nodes: 38 and calcs: 18610355839 :: Predicted time: 0.000000, Actual Time: 0.020420
Build Time: 0.020420, Calc Time: 1.311195, reduction -1.311195
############################################
Predicted calcsPerSecond: 42753653656
SubGraph 0 Layer 1 Selecting RP 2 with Nodes: 150 and calcs: 14133410059 :: Predicted time: 0.020420, Actual Time: 0.043584
Build Time: 0.043584, Calc Time: 0.330578, reduction 0.980617
############################################
Predicted calcsPerSecond: 85637260759
SubGraph 0 Layer 2 Selecting RP 7 with Nodes: 215 and calcs: 12933587453 :: Predicted time: 0.043584, Actual Time: 0.005000
Build Time: 0.005000, Calc Time: 0.151028, reduction 0.179550
############################################
Predicted calcsPerSecond: 149897441338
SubGraph 0 Layer 3 Selecting RP 1 with Nodes: 304 and calcs: 11880589041 :: Predicted time: 0.005000, Actual Time: 0.005866
Build Time: 0.005866, Calc Time: 0.079258, reduction 0.071769
############################################
Predicted calcsPerSecond: 246365827720
SubGraph 0 Layer 4 Selecting RP 1 with Nodes: 392 and calcs: 11386496769 :: Predicted time: 0.005866, Actual Time: 0.006792
Build Time: 0.006792, Calc Time: 0.046218, reduction 0.033040
############################################
Predicted calcsPerSecond: 391137041962
SubGraph 0 Layer 5 Selecting RP 2 with Nodes: 484 and calcs: 11118774167 :: Predicted time: 0.006792, Actual Time: 0.007241
Build Time: 0.007241, Calc Time: 0.028427, reduction 0.017791
############################################
Predicted calcsPerSecond: 608182356061
SubGraph 0 Layer 6 Selecting RP 6 with Nodes: 542 and calcs: 10977666711 :: Predicted time: 0.007241, Actual Time: 0.007223
Build Time: 0.007223, Calc Time: 0.018050, reduction 0.010377
############################################
Predicted calcsPerSecond: 933811756840
SubGraph 0 Layer 7 Selecting RP 2 with Nodes: 576 and calcs: 10903610643 :: Predicted time: 0.007223, Actual Time: 0.005066
Build Time: 0.005066, Calc Time: 0.011676, reduction 0.006374
############################################
Predicted calcsPerSecond: 1422232695222
SubGraph 0 Layer 8 Selecting RP 2 with Nodes: 595 and calcs: 10871321453 :: Predicted time: 0.005066, Actual Time: 0.004572
Build Time: 0.004572, Calc Time: 0.007644, reduction 0.004033
############################################
Final graph has 595 nodes, 10871321453 calcs total
Node Construct time: 0.374306
Batchs: 2
Total results Set Size: 11651957 
Node Laucnher time: 0.575896
Total Time: 0.701758

Time to read in file: 0.027136

Number points: 287999 
Number Dimensions: 49 
Number Concurent Streams: 2
Block Size: 256, Kernel Blocks: 1024
Using using binary searches
Distance Threshold: 0.003250 
*********************************

Predicted calcsPerSecond: 14036210755
SubGraph 0 Layer 0 Selecting RP 1 with Nodes: 25 and calcs: 27540420945 :: Predicted time: 0.000000, Actual Time: 0.013936
Build Time: 0.013936, Calc Time: 1.962098, reduction -1.962098
############################################
Predicted calcsPerSecond: 42627957234
SubGraph 0 Layer 1 Selecting RP 2 with Nodes: 87 and calcs: 23345563191 :: Predicted time: 0.013936, Actual Time: 0.029809
Build Time: 0.029809, Calc Time: 0.547659, reduction 1.414439
############################################
Predicted calcsPerSecond: 85432190077
SubGraph 0 Layer 2 Selecting RP 1 with Nodes: 168 and calcs: 21381588217 :: Predicted time: 0.029809, Actual Time: 0.007245
Build Time: 0.007245, Calc Time: 0.250276, reduction 0.297383
############################################
Predicted calcsPerSecond: 149680680364
SubGraph 0 Layer 3 Selecting RP 1 with Nodes: 222 and calcs: 20136871299 :: Predicted time: 0.007245, Actual Time: 0.006061
Build Time: 0.006061, Calc Time: 0.134532, reduction 0.115743
############################################
Predicted calcsPerSecond: 246022460172
SubGraph 0 Layer 4 Selecting RP 1 with Nodes: 268 and calcs: 19473300895 :: Predicted time: 0.006061, Actual Time: 0.005265
Build Time: 0.005265, Calc Time: 0.079153, reduction 0.055380
############################################
Predicted calcsPerSecond: 390540000450
SubGraph 0 Layer 5 Selecting RP 1 with Nodes: 330 and calcs: 18972189179 :: Predicted time: 0.005265, Actual Time: 0.005981
Build Time: 0.005981, Calc Time: 0.048579, reduction 0.030573
############################################
Predicted calcsPerSecond: 607310799601
SubGraph 0 Layer 6 Selecting RP 1 with Nodes: 399 and calcs: 18572642983 :: Predicted time: 0.005981, Actual Time: 0.006224
Build Time: 0.006224, Calc Time: 0.030582, reduction 0.017998
############################################
Predicted calcsPerSecond: 932410794216
SubGraph 0 Layer 7 Selecting RP 1 with Nodes: 484 and calcs: 18269442773 :: Predicted time: 0.006224, Actual Time: 0.008136
Build Time: 0.008136, Calc Time: 0.019594, reduction 0.010988
############################################
Predicted calcsPerSecond: 1420177197261
SubGraph 0 Layer 8 Selecting RP 1 with Nodes: 558 and calcs: 17998124983 :: Predicted time: 0.008136, Actual Time: 0.010550
Build Time: 0.010550, Calc Time: 0.012673, reduction 0.006921
############################################
Final graph has 558 nodes, 17998124983 calcs total
Node Construct time: 0.337809
Batchs: 2
Total results Set Size: 27340089 
Node Laucnher time: 0.645843
Total Time: 0.766941

Time to read in file: 0.023457

Number points: 287999 
Number Dimensions: 49 
Number Concurent Streams: 2
Block Size: 256, Kernel Blocks: 1024
Using using binary searches
Distance Threshold: 0.004500 
*********************************

Predicted calcsPerSecond: 14127459733
SubGraph 0 Layer 0 Selecting RP 3 with Nodes: 17 and calcs: 34895868125 :: Predicted time: 0.000000, Actual Time: 0.009927
Build Time: 0.009927, Calc Time: 2.470074, reduction -2.470074
############################################
Predicted calcsPerSecond: 42774869155
SubGraph 0 Layer 1 Selecting RP 2 with Nodes: 52 and calcs: 30838039823 :: Predicted time: 0.009927, Actual Time: 0.022096
Build Time: 0.022096, Calc Time: 0.720938, reduction 1.749136
############################################
Predicted calcsPerSecond: 85583159326
SubGraph 0 Layer 2 Selecting RP 5 with Nodes: 96 and calcs: 28830936055 :: Predicted time: 0.022096, Actual Time: 0.006909
Build Time: 0.006909, Calc Time: 0.336876, reduction 0.384062
############################################
Predicted calcsPerSecond: 149879382685
SubGraph 0 Layer 3 Selecting RP 2 with Nodes: 157 and calcs: 27454889763 :: Predicted time: 0.006909, Actual Time: 0.005676
Build Time: 0.005676, Calc Time: 0.183180, reduction 0.153696
############################################
Predicted calcsPerSecond: 246382857858
SubGraph 0 Layer 4 Selecting RP 1 with Nodes: 211 and calcs: 26532268545 :: Predicted time: 0.005676, Actual Time: 0.005688
Build Time: 0.005688, Calc Time: 0.107687, reduction 0.075493
############################################
Predicted calcsPerSecond: 391070971908
SubGraph 0 Layer 5 Selecting RP 3 with Nodes: 261 and calcs: 26051948835 :: Predicted time: 0.005688, Actual Time: 0.005496
Build Time: 0.005496, Calc Time: 0.066617, reduction 0.041070
############################################
Predicted calcsPerSecond: 608021831772
SubGraph 0 Layer 6 Selecting RP 1 with Nodes: 313 and calcs: 25634393389 :: Predicted time: 0.005496, Actual Time: 0.005573
Build Time: 0.005573, Calc Time: 0.042160, reduction 0.024457
############################################
Predicted calcsPerSecond: 933564229075
SubGraph 0 Layer 7 Selecting RP 1 with Nodes: 355 and calcs: 25192282569 :: Predicted time: 0.005573, Actual Time: 0.005908
Build Time: 0.005908, Calc Time: 0.026985, reduction 0.015175
############################################
Predicted calcsPerSecond: 1421825736666
SubGraph 0 Layer 8 Selecting RP 2 with Nodes: 418 and calcs: 24877663803 :: Predicted time: 0.005908, Actual Time: 0.005693
Build Time: 0.005693, Calc Time: 0.017497, reduction 0.009488
############################################
Predicted calcsPerSecond: 2154174054412
SubGraph 0 Layer 9 Selecting RP 3 with Nodes: 485 and calcs: 24682058995 :: Predicted time: 0.005693, Actual Time: 0.008944
Build Time: 0.008944, Calc Time: 0.011458, reduction 0.006039
############################################
Final graph has 485 nodes, 24682058995 calcs total
Node Construct time: 0.384985
Batchs: 2
Total results Set Size: 47254879 
Node Laucnher time: 0.871822
Total Time: 0.992481

Time to read in file: 0.022888

Number points: 287999 
Number Dimensions: 49 
Number Concurent Streams: 2
Block Size: 256, Kernel Blocks: 1024
Using using binary searches
Distance Threshold: 0.005750 
*********************************

Predicted calcsPerSecond: 14117950915
SubGraph 0 Layer 0 Selecting RP 6 with Nodes: 15 and calcs: 40034425453 :: Predicted time: 0.000000, Actual Time: 0.008928
Build Time: 0.008928, Calc Time: 2.835711, reduction -2.835711
############################################
Predicted calcsPerSecond: 42606434041
SubGraph 0 Layer 1 Selecting RP 4 with Nodes: 36 and calcs: 36485535735 :: Predicted time: 0.008928, Actual Time: 0.015006
Build Time: 0.015006, Calc Time: 0.856339, reduction 1.979372
############################################
Predicted calcsPerSecond: 85270614982
SubGraph 0 Layer 2 Selecting RP 4 with Nodes: 64 and calcs: 35059788465 :: Predicted time: 0.015006, Actual Time: 0.006679
Build Time: 0.006679, Calc Time: 0.411159, reduction 0.445180
############################################
Predicted calcsPerSecond: 149487292357
SubGraph 0 Layer 3 Selecting RP 6 with Nodes: 108 and calcs: 33996926329 :: Predicted time: 0.006679, Actual Time: 0.005643
Build Time: 0.005643, Calc Time: 0.227424, reduction 0.183736
############################################
Predicted calcsPerSecond: 245762262897
SubGraph 0 Layer 4 Selecting RP 1 with Nodes: 164 and calcs: 33053360959 :: Predicted time: 0.005643, Actual Time: 0.006035
Build Time: 0.006035, Calc Time: 0.134493, reduction 0.092930
############################################
Predicted calcsPerSecond: 390243600312
SubGraph 0 Layer 5 Selecting RP 4 with Nodes: 220 and calcs: 32293817869 :: Predicted time: 0.006035, Actual Time: 0.005416
Build Time: 0.005416, Calc Time: 0.082753, reduction 0.051740
############################################
Predicted calcsPerSecond: 606708546316
SubGraph 0 Layer 6 Selecting RP 1 with Nodes: 265 and calcs: 31765613457 :: Predicted time: 0.005416, Actual Time: 0.004367
Build Time: 0.004367, Calc Time: 0.052357, reduction 0.030396
############################################
Predicted calcsPerSecond: 931612906924
SubGraph 0 Layer 7 Selecting RP 2 with Nodes: 310 and calcs: 31387352775 :: Predicted time: 0.004367, Actual Time: 0.004917
Build Time: 0.004917, Calc Time: 0.033691, reduction 0.018666
############################################
Predicted calcsPerSecond: 1418939168724
SubGraph 0 Layer 8 Selecting RP 1 with Nodes: 363 and calcs: 31015328147 :: Predicted time: 0.004917, Actual Time: 0.005982
Build Time: 0.005982, Calc Time: 0.021858, reduction 0.011833
############################################
Predicted calcsPerSecond: 2149901439787
SubGraph 0 Layer 9 Selecting RP 4 with Nodes: 386 and calcs: 30703110237 :: Predicted time: 0.005982, Actual Time: 0.004722
Build Time: 0.004722, Calc Time: 0.014281, reduction 0.007577
############################################
Predicted calcsPerSecond: 3246410245306
SubGraph 0 Layer 10 Selecting RP 3 with Nodes: 424 and calcs: 30474749757 :: Predicted time: 0.004722, Actual Time: 0.005632
Build Time: 0.005632, Calc Time: 0.009387, reduction 0.004894
############################################
Final graph has 424 nodes, 30474749757 calcs total
Node Construct time: 0.333719
Batchs: 2
Total results Set Size: 93070851 
Node Laucnher time: 1.148940
Total Time: 1.272759

Time to read in file: 0.022978

Number points: 287999 
Number Dimensions: 49 
Number Concurent Streams: 2
Block Size: 256, Kernel Blocks: 1024
Using using binary searches
Distance Threshold: 0.007000 
*********************************

Predicted calcsPerSecond: 14053068671
SubGraph 0 Layer 0 Selecting RP 3 with Nodes: 13 and calcs: 43968382041 :: Predicted time: 0.000000, Actual Time: 0.007935
Build Time: 0.007935, Calc Time: 3.128739, reduction -3.128739
############################################
Predicted calcsPerSecond: 42682424503
SubGraph 0 Layer 1 Selecting RP 6 with Nodes: 32 and calcs: 41506087741 :: Predicted time: 0.007935, Actual Time: 0.015079
Build Time: 0.015079, Calc Time: 0.972440, reduction 2.156299
############################################
Predicted calcsPerSecond: 85450712088
SubGraph 0 Layer 2 Selecting RP 5 with Nodes: 63 and calcs: 39746059499 :: Predicted time: 0.015079, Actual Time: 0.006431
Build Time: 0.006431, Calc Time: 0.465134, reduction 0.507305
############################################
Predicted calcsPerSecond: 149740167027
SubGraph 0 Layer 3 Selecting RP 6 with Nodes: 96 and calcs: 38816859959 :: Predicted time: 0.006431, Actual Time: 0.005111
Build Time: 0.005111, Calc Time: 0.259228, reduction 0.205906
############################################
Predicted calcsPerSecond: 246126080367
SubGraph 0 Layer 4 Selecting RP 5 with Nodes: 147 and calcs: 38097259923 :: Predicted time: 0.005111, Actual Time: 0.005540
Build Time: 0.005540, Calc Time: 0.154788, reduction 0.104441
############################################
Predicted calcsPerSecond: 390755052727
SubGraph 0 Layer 5 Selecting RP 3 with Nodes: 184 and calcs: 37558645459 :: Predicted time: 0.005540, Actual Time: 0.005163
Build Time: 0.005163, Calc Time: 0.096118, reduction 0.058669
############################################
Predicted calcsPerSecond: 607683896643
SubGraph 0 Layer 6 Selecting RP 1 with Nodes: 235 and calcs: 36915363819 :: Predicted time: 0.005163, Actual Time: 0.005345
Build Time: 0.005345, Calc Time: 0.060748, reduction 0.035370
############################################
Predicted calcsPerSecond: 932991322207
SubGraph 0 Layer 7 Selecting RP 1 with Nodes: 282 and calcs: 36538113321 :: Predicted time: 0.005345, Actual Time: 0.005850
Build Time: 0.005850, Calc Time: 0.039162, reduction 0.021585
############################################
Predicted calcsPerSecond: 1420949253955
SubGraph 0 Layer 8 Selecting RP 3 with Nodes: 316 and calcs: 36233727363 :: Predicted time: 0.005850, Actual Time: 0.006092
Build Time: 0.006092, Calc Time: 0.025500, reduction 0.013663
############################################
Predicted calcsPerSecond: 2152872130426
SubGraph 0 Layer 9 Selecting RP 3 with Nodes: 361 and calcs: 35998401051 :: Predicted time: 0.006092, Actual Time: 0.005887
Build Time: 0.005887, Calc Time: 0.016721, reduction 0.008779
############################################
Predicted calcsPerSecond: 3250851662976
SubGraph 0 Layer 10 Selecting RP 2 with Nodes: 421 and calcs: 35781252667 :: Predicted time: 0.005887, Actual Time: 0.007590
Build Time: 0.007590, Calc Time: 0.011007, reduction 0.005714
############################################
Final graph has 421 nodes, 35781252667 calcs total
Node Construct time: 0.433288
Batchs: 2
Total results Set Size: 290127035 
Node Laucnher time: 2.253286
Total Time: 2.378210
BIGCROSS____________________________________________________________
BIGCROSS____________________________________________________________

Time to read in file: 12.691069

Number points: 11620300 
Number Dimensions: 57 
Number Concurent Streams: 2
Block Size: 256, Kernel Blocks: 1024
Using using binary searches
Distance Threshold: 0.001000 
*********************************

Predicted calcsPerSecond: 12382564993
SubGraph 0 Layer 0 Selecting RP 1 with Nodes: 284 and calcs: 2218851098970 :: Predicted time: 0.000000, Actual Time: 0.212851
Build Time: 0.212851, Calc Time: 179.191557, reduction -179.191557
############################################
Predicted calcsPerSecond: 37139194372
SubGraph 0 Layer 1 Selecting RP 9 with Nodes: 12804 and calcs: 199240449126 :: Predicted time: 0.212851, Actual Time: 32.983581
Build Time: 32.983581, Calc Time: 5.364695, reduction 173.826862
############################################
Predicted calcsPerSecond: 74281877574
SubGraph 0 Layer 2 Selecting RP 0 with Nodes: 56603 and calcs: 120929213754 :: Predicted time: 32.983581, Actual Time: 2.163778
Build Time: 2.163778, Calc Time: 1.627977, reduction 3.736718
############################################
Predicted calcsPerSecond: 129994216075
SubGraph 0 Layer 3 Selecting RP 0 with Nodes: 56603 and calcs: 120929213754 :: Predicted time: 2.163778, Actual Time: 0.425656
Build Time: 0.425656, Calc Time: 0.930266, reduction 0.697711
############################################
Predicted calcsPerSecond: 213577600590
SubGraph 0 Layer 4 Selecting RP 0 with Nodes: 56603 and calcs: 120929213754 :: Predicted time: 0.425656, Actual Time: 0.496294
Build Time: 0.496294, Calc Time: 0.566207, reduction 0.364059
############################################
Final graph has 56603 nodes, 120929213754 calcs total
Node Construct time: 13.722329
Batchs: 45
Total results Set Size: 41137474 
Node Laucnher time: 20.172734
Total Time: 26.667084

Time to read in file: 11.505928

Number points: 11620300 
Number Dimensions: 57 
Number Concurent Streams: 2
Block Size: 256, Kernel Blocks: 1024
Using using binary searches
Distance Threshold: 0.005750 
*********************************

Predicted calcsPerSecond: 12380184169
SubGraph 0 Layer 0 Selecting RP 1 with Nodes: 50 and calcs: 12707374244866 :: Predicted time: 0.000000, Actual Time: 0.095864
Build Time: 0.095864, Calc Time: 1026.428531, reduction -1026.428531
############################################
Predicted calcsPerSecond: 37141211484
SubGraph 0 Layer 1 Selecting RP 9 with Nodes: 491 and calcs: 5686280490162 :: Predicted time: 0.095864, Actual Time: 3.011419
Build Time: 3.011419, Calc Time: 153.098950, reduction 873.329580
############################################
Predicted calcsPerSecond: 74301912981
SubGraph 0 Layer 2 Selecting RP 0 with Nodes: 3403 and calcs: 2813104710430 :: Predicted time: 3.011419, Actual Time: 2.455684
Build Time: 2.455684, Calc Time: 37.860461, reduction 115.238489
############################################
Predicted calcsPerSecond: 130025123038
SubGraph 0 Layer 3 Selecting RP 7 with Nodes: 7685 and calcs: 2275045131178 :: Predicted time: 2.455684, Actual Time: 1.361445
Build Time: 1.361445, Calc Time: 17.496966, reduction 20.363496
############################################
Predicted calcsPerSecond: 213621609946
SubGraph 0 Layer 4 Selecting RP 0 with Nodes: 14791 and calcs: 1618859620100 :: Predicted time: 1.361445, Actual Time: 0.861838
Build Time: 0.861838, Calc Time: 7.578164, reduction 9.918802
############################################
Predicted calcsPerSecond: 339019456642
SubGraph 0 Layer 5 Selecting RP 4 with Nodes: 29122 and calcs: 1173221806090 :: Predicted time: 0.861838, Actual Time: 2.101181
Build Time: 2.101181, Calc Time: 3.460633, reduction 4.117531
############################################
Predicted calcsPerSecond: 527103846730
SubGraph 0 Layer 6 Selecting RP 1 with Nodes: 39126 and calcs: 1014566290784 :: Predicted time: 2.101181, Actual Time: 2.281697
Build Time: 2.281697, Calc Time: 1.924794, reduction 1.535839
############################################
Final graph has 39126 nodes, 1014566290784 calcs total
Node Construct time: 18.731720
Batchs: 45
Total results Set Size: 539888914 
Node Laucnher time: 32.446387
Total Time: 38.932982

Time to read in file: 11.562286

Number points: 11620300 
Number Dimensions: 57 
Number Concurent Streams: 2
Block Size: 256, Kernel Blocks: 1024
Using using binary searches
Distance Threshold: 0.010500 
*********************************

Predicted calcsPerSecond: 12384759645
SubGraph 0 Layer 0 Selecting RP 1 with Nodes: 28 and calcs: 23026901662088 :: Predicted time: 0.000000, Actual Time: 0.084838
Build Time: 0.084838, Calc Time: 1859.293383, reduction -1859.293383
############################################
Predicted calcsPerSecond: 37142665395
SubGraph 0 Layer 1 Selecting RP 9 with Nodes: 171 and calcs: 15137745540152 :: Predicted time: 0.084838, Actual Time: 2.154903
Build Time: 2.154903, Calc Time: 407.556792, reduction 1451.736592
############################################
Predicted calcsPerSecond: 74272753477
SubGraph 0 Layer 2 Selecting RP 0 with Nodes: 823 and calcs: 10665352954338 :: Predicted time: 2.154903, Actual Time: 1.228672
Build Time: 1.228672, Calc Time: 143.597113, reduction 263.959679
############################################
Predicted calcsPerSecond: 129969815845
SubGraph 0 Layer 3 Selecting RP 7 with Nodes: 1842 and calcs: 9277529000604 :: Predicted time: 1.228672, Actual Time: 1.289676
Build Time: 1.289676, Calc Time: 71.382182, reduction 72.214931
############################################
Predicted calcsPerSecond: 213549702337
SubGraph 0 Layer 4 Selecting RP 0 with Nodes: 4074 and calcs: 6944932139770 :: Predicted time: 1.289676, Actual Time: 0.642133
Build Time: 0.642133, Calc Time: 32.521385, reduction 38.860796
############################################
Predicted calcsPerSecond: 338896786324
SubGraph 0 Layer 5 Selecting RP 4 with Nodes: 8637 and calcs: 5842543402050 :: Predicted time: 0.642133, Actual Time: 0.644491
Build Time: 0.644491, Calc Time: 17.239890, reduction 15.281495
############################################
Predicted calcsPerSecond: 526902225580
SubGraph 0 Layer 6 Selecting RP 1 with Nodes: 15136 and calcs: 4685296243906 :: Predicted time: 0.644491, Actual Time: 1.646825
Build Time: 1.646825, Calc Time: 8.892155, reduction 8.347735
############################################
Predicted calcsPerSecond: 808943566443
SubGraph 0 Layer 7 Selecting RP 6 with Nodes: 21116 and calcs: 4418819402866 :: Predicted time: 1.646825, Actual Time: 1.901787
Build Time: 1.901787, Calc Time: 5.462457, reduction 3.429698
############################################
Predicted calcsPerSecond: 1231986385209
SubGraph 0 Layer 8 Selecting RP 0 with Nodes: 29185 and calcs: 4029409608102 :: Predicted time: 1.901787, Actual Time: 1.770299
Build Time: 1.770299, Calc Time: 3.270661, reduction 2.191796
############################################
Predicted calcsPerSecond: 1866545972424
SubGraph 0 Layer 9 Selecting RP 0 with Nodes: 37530 and calcs: 3785327975158 :: Predicted time: 1.770299, Actual Time: 2.272157
Build Time: 2.272157, Calc Time: 2.027985, reduction 1.242675
############################################
Final graph has 37530 nodes, 3785327975158 calcs total
Node Construct time: 29.821851
Batchs: 45
Total results Set Size: 1686078098 
Node Laucnher time: 64.965611
Total Time: 71.478089

Time to read in file: 11.476742

Number points: 11620300 
Number Dimensions: 57 
Number Concurent Streams: 2
Block Size: 256, Kernel Blocks: 1024
Using using binary searches
Distance Threshold: 0.015250 
*********************************

Predicted calcsPerSecond: 12373661204
SubGraph 0 Layer 0 Selecting RP 1 with Nodes: 19 and calcs: 33074580959368 :: Predicted time: 0.000000, Actual Time: 0.080402
Build Time: 0.080402, Calc Time: 2672.982589, reduction -2672.982589
############################################
Predicted calcsPerSecond: 37123953324
SubGraph 0 Layer 1 Selecting RP 9 with Nodes: 95 and calcs: 25399610622444 :: Predicted time: 0.080402, Actual Time: 1.521626
Build Time: 1.521626, Calc Time: 684.183885, reduction 1988.798704
############################################
Predicted calcsPerSecond: 74264772921
SubGraph 0 Layer 2 Selecting RP 0 with Nodes: 355 and calcs: 20820491874220 :: Predicted time: 1.521626, Actual Time: 1.074313
Build Time: 1.074313, Calc Time: 280.354885, reduction 403.829000
############################################
Predicted calcsPerSecond: 129948148845
SubGraph 0 Layer 3 Selecting RP 2 with Nodes: 748 and calcs: 18481532606976 :: Predicted time: 1.074313, Actual Time: 0.651955
Build Time: 0.651955, Calc Time: 142.222362, reduction 138.132523
############################################
Predicted calcsPerSecond: 213500658993
SubGraph 0 Layer 4 Selecting RP 0 with Nodes: 1684 and calcs: 14529927649062 :: Predicted time: 0.651955, Actual Time: 0.715535
Build Time: 0.715535, Calc Time: 68.055657, reduction 74.166704
############################################
Predicted calcsPerSecond: 338826717595
SubGraph 0 Layer 5 Selecting RP 2 with Nodes: 3058 and calcs: 13340423302278 :: Predicted time: 0.715535, Actual Time: 0.491542
Build Time: 0.491542, Calc Time: 39.372407, reduction 28.683251
############################################
Predicted calcsPerSecond: 526795608202
SubGraph 0 Layer 6 Selecting RP 1 with Nodes: 4948 and calcs: 11895957726760 :: Predicted time: 0.491542, Actual Time: 0.752198
Build Time: 0.752198, Calc Time: 22.581733, reduction 16.790674
############################################
Predicted calcsPerSecond: 808757677188
SubGraph 0 Layer 7 Selecting RP 6 with Nodes: 7624 and calcs: 11318627801790 :: Predicted time: 0.752198, Actual Time: 0.863322
Build Time: 0.863322, Calc Time: 13.995079, reduction 8.586654
############################################
Predicted calcsPerSecond: 1231694317893
SubGraph 0 Layer 8 Selecting RP 0 with Nodes: 11647 and calcs: 10530533676306 :: Predicted time: 0.863322, Actual Time: 0.660715
Build Time: 0.660715, Calc Time: 8.549632, reduction 5.445447
############################################
Predicted calcsPerSecond: 1866105282718
SubGraph 0 Layer 9 Selecting RP 4 with Nodes: 14967 and calcs: 10087249078888 :: Predicted time: 0.660715, Actual Time: 1.665977
Build Time: 1.665977, Calc Time: 5.405509, reduction 3.144123
############################################
Predicted calcsPerSecond: 2817744075871
SubGraph 0 Layer 10 Selecting RP 1 with Nodes: 20076 and calcs: 9760642083300 :: Predicted time: 1.665977, Actual Time: 2.252083
Build Time: 2.252083, Calc Time: 3.463992, reduction 1.941517
############################################
Final graph has 20076 nodes, 9760642083300 calcs total
Node Construct time: 27.927991
Batchs: 45
Total results Set Size: 4751938200 
Node Laucnher time: 111.562124
Total Time: 118.058193

Time to read in file: 11.312793

Number points: 11620300 
Number Dimensions: 57 
Number Concurent Streams: 2
Block Size: 256, Kernel Blocks: 1024
Using using binary searches
Distance Threshold: 0.020000 
*********************************

Predicted calcsPerSecond: 12366827863
SubGraph 0 Layer 0 Selecting RP 1 with Nodes: 15 and calcs: 42781421770598 :: Predicted time: 0.000000, Actual Time: 0.078441
Build Time: 0.078441, Calc Time: 3459.369067, reduction -3459.369067
############################################
Predicted calcsPerSecond: 37124709204
SubGraph 0 Layer 1 Selecting RP 9 with Nodes: 58 and calcs: 35176437417218 :: Predicted time: 0.078441, Actual Time: 1.302922
Build Time: 1.302922, Calc Time: 947.520888, reduction 2511.848180
############################################
Predicted calcsPerSecond: 74262303547
SubGraph 0 Layer 2 Selecting RP 0 with Nodes: 199 and calcs: 31156064280546 :: Predicted time: 1.302922, Actual Time: 0.875250
Build Time: 0.875250, Calc Time: 419.540774, reduction 527.980114
############################################
Predicted calcsPerSecond: 129972475605
SubGraph 0 Layer 3 Selecting RP 2 with Nodes: 401 and calcs: 28345082153310 :: Predicted time: 0.875250, Actual Time: 0.512000
Build Time: 0.512000, Calc Time: 218.085268, reduction 201.455506
############################################
Predicted calcsPerSecond: 213531533812
SubGraph 0 Layer 4 Selecting RP 0 with Nodes: 890 and calcs: 23547976626506 :: Predicted time: 0.512000, Actual Time: 0.605478
Build Time: 0.605478, Calc Time: 110.278684, reduction 107.806583
############################################
Predicted calcsPerSecond: 338882120956
SubGraph 0 Layer 5 Selecting RP 4 with Nodes: 1649 and calcs: 21843812575554 :: Predicted time: 0.605478, Actual Time: 0.546532
Build Time: 0.546532, Calc Time: 64.458439, reduction 45.820245
############################################
Predicted calcsPerSecond: 526889993460
SubGraph 0 Layer 6 Selecting RP 1 with Nodes: 2817 and calcs: 19606715706008 :: Predicted time: 0.546532, Actual Time: 0.485056
Build Time: 0.485056, Calc Time: 37.212162, reduction 27.246277
############################################
Predicted calcsPerSecond: 808911740841
SubGraph 0 Layer 7 Selecting RP 5 with Nodes: 4029 and calcs: 18935882150126 :: Predicted time: 0.485056, Actual Time: 0.415270
Build Time: 0.415270, Calc Time: 23.409083, reduction 13.803079
############################################
Predicted calcsPerSecond: 1231944472792
SubGraph 0 Layer 8 Selecting RP 0 with Nodes: 6175 and calcs: 18118395976384 :: Predicted time: 0.415270, Actual Time: 0.452454
Build Time: 0.452454, Calc Time: 14.707153, reduction 8.701930
############################################
Predicted calcsPerSecond: 1866503465097
SubGraph 0 Layer 9 Selecting RP 3 with Nodes: 7947 and calcs: 17478150168388 :: Predicted time: 0.452454, Actual Time: 0.873431
Build Time: 0.873431, Calc Time: 9.364113, reduction 5.343040
############################################
Predicted calcsPerSecond: 2818320991414
SubGraph 0 Layer 10 Selecting RP 1 with Nodes: 10893 and calcs: 17059404167616 :: Predicted time: 0.873431, Actual Time: 1.208929
Build Time: 1.208929, Calc Time: 6.053038, reduction 3.311075
############################################
Predicted calcsPerSecond: 4246038223954
SubGraph 0 Layer 11 Selecting RP 0 with Nodes: 15119 and calcs: 16260774919312 :: Predicted time: 1.208929, Actual Time: 1.432125
Build Time: 1.432125, Calc Time: 3.829635, reduction 2.223403
############################################
Predicted calcsPerSecond: 6387630603825
SubGraph 0 Layer 12 Selecting RP 0 with Nodes: 20112 and calcs: 15977405174908 :: Predicted time: 1.432125, Actual Time: 1.874371
Build Time: 1.874371, Calc Time: 2.501304, reduction 1.328331
############################################
Final graph has 20112 nodes, 15977405174908 calcs total
Node Construct time: 32.598959
Batchs: 45
Total results Set Size: 12151386442 
Node Laucnher time: 176.305416
Total Time: 182.790571
SUSY ________________________________________________________________
SUSY ________________________________________________________________

Time to read in file: 0.600904

Number points: 5000000 
Number Dimensions: 18 
Number Concurent Streams: 2
Block Size: 256, Kernel Blocks: 1024
Using using binary searches
Distance Threshold: 0.010000 
*********************************

Predicted calcsPerSecond: 52913300371
SubGraph 0 Layer 0 Selecting RP 5 with Nodes: 33 and calcs: 8418473200814 :: Predicted time: 0.000000, Actual Time: 0.020509
Build Time: 0.020509, Calc Time: 159.099378, reduction -159.099378
############################################
Predicted calcsPerSecond: 159849686907
SubGraph 0 Layer 1 Selecting RP 7 with Nodes: 375 and calcs: 3497905710176 :: Predicted time: 0.020509, Actual Time: 1.735633
Build Time: 1.735633, Calc Time: 21.882468, reduction 137.216910
############################################
Predicted calcsPerSecond: 319306864425
SubGraph 0 Layer 2 Selecting RP 5 with Nodes: 1940 and calcs: 1940815258058 :: Predicted time: 1.735633, Actual Time: 0.732857
Build Time: 0.732857, Calc Time: 6.078213, reduction 15.804255
############################################
Predicted calcsPerSecond: 558255348855
SubGraph 0 Layer 3 Selecting RP 8 with Nodes: 5330 and calcs: 1078558060880 :: Predicted time: 0.732857, Actual Time: 0.306121
Build Time: 0.306121, Calc Time: 1.932016, reduction 4.146198
############################################
Predicted calcsPerSecond: 917160675910
SubGraph 0 Layer 4 Selecting RP 3 with Nodes: 12931 and calcs: 741620864094 :: Predicted time: 0.306121, Actual Time: 0.745480
Build Time: 0.745480, Calc Time: 0.808605, reduction 1.123410
############################################
Predicted calcsPerSecond: 1455770564154
SubGraph 0 Layer 5 Selecting RP 0 with Nodes: 21594 and calcs: 604590868836 :: Predicted time: 0.745480, Actual Time: 0.627266
Build Time: 0.627266, Calc Time: 0.415306, reduction 0.393299
############################################
Final graph has 21594 nodes, 604590868836 calcs total
Node Construct time: 4.672668
Batchs: 20
Total results Set Size: 30844186 
Node Laucnher time: 12.359606
Total Time: 13.218700

Time to read in file: 0.161777

Number points: 5000000 
Number Dimensions: 18 
Number Concurent Streams: 2
Block Size: 256, Kernel Blocks: 1024
Using using binary searches
Distance Threshold: 0.012750 
*********************************

Predicted calcsPerSecond: 53044399278
SubGraph 0 Layer 0 Selecting RP 5 with Nodes: 26 and calcs: 10500822904818 :: Predicted time: 0.000000, Actual Time: 0.016999
Build Time: 0.016999, Calc Time: 197.962896, reduction -197.962896
############################################
Predicted calcsPerSecond: 159119451304
SubGraph 0 Layer 1 Selecting RP 7 with Nodes: 251 and calcs: 5350617776724 :: Predicted time: 0.016999, Actual Time: 1.344883
Build Time: 1.344883, Calc Time: 33.626422, reduction 164.336474
############################################
Predicted calcsPerSecond: 317292394638
SubGraph 0 Layer 2 Selecting RP 5 with Nodes: 1165 and calcs: 3449022735320 :: Predicted time: 1.344883, Actual Time: 0.556084
Build Time: 0.556084, Calc Time: 10.870171, reduction 22.756250
############################################
Predicted calcsPerSecond: 555919545238
SubGraph 0 Layer 3 Selecting RP 8 with Nodes: 3087 and calcs: 2215253042120 :: Predicted time: 0.556084, Actual Time: 0.281042
Build Time: 0.281042, Calc Time: 3.984845, reduction 6.885327
############################################
Predicted calcsPerSecond: 913632519480
SubGraph 0 Layer 4 Selecting RP 3 with Nodes: 7821 and calcs: 1634876869472 :: Predicted time: 0.281042, Actual Time: 0.429039
Build Time: 0.429039, Calc Time: 1.789425, reduction 2.195420
############################################
Predicted calcsPerSecond: 1450546753798
SubGraph 0 Layer 5 Selecting RP 0 with Nodes: 14169 and calcs: 1369777553108 :: Predicted time: 0.429039, Actual Time: 0.623428
Build Time: 0.623428, Calc Time: 0.944318, reduction 0.845107
############################################
Predicted calcsPerSecond: 2256145585828
SubGraph 0 Layer 6 Selecting RP 0 with Nodes: 25679 and calcs: 1061977281130 :: Predicted time: 0.623428, Actual Time: 1.856602
Build Time: 1.856602, Calc Time: 0.470704, reduction 0.473614
############################################
Final graph has 25679 nodes, 1061977281130 calcs total
Node Construct time: 6.789813
Batchs: 20
Total results Set Size: 162647128 
Node Laucnher time: 21.287278
Total Time: 22.141504

Time to read in file: 0.517923

Number points: 5000000 
Number Dimensions: 18 
Number Concurent Streams: 2
Block Size: 256, Kernel Blocks: 1024
Using using binary searches
Distance Threshold: 0.015500 
*********************************

Predicted calcsPerSecond: 52954572295
SubGraph 0 Layer 0 Selecting RP 5 with Nodes: 21 and calcs: 12434365277642 :: Predicted time: 0.000000, Actual Time: 0.014506
Build Time: 0.014506, Calc Time: 234.811929, reduction -234.811929
############################################
Predicted calcsPerSecond: 158965951333
SubGraph 0 Layer 1 Selecting RP 7 with Nodes: 187 and calcs: 7362745253038 :: Predicted time: 0.014506, Actual Time: 1.273200
Build Time: 1.273200, Calc Time: 46.316492, reduction 188.495437
############################################
Predicted calcsPerSecond: 317493714294
SubGraph 0 Layer 2 Selecting RP 5 with Nodes: 813 and calcs: 5250065978912 :: Predicted time: 1.273200, Actual Time: 0.449163
Build Time: 0.449163, Calc Time: 16.535968, reduction 29.780524
############################################
Predicted calcsPerSecond: 555736043575
SubGraph 0 Layer 3 Selecting RP 8 with Nodes: 1979 and calcs: 3776043498506 :: Predicted time: 0.449163, Actual Time: 0.210938
Build Time: 0.210938, Calc Time: 6.794671, reduction 9.741297
############################################
Predicted calcsPerSecond: 913467162685
SubGraph 0 Layer 4 Selecting RP 3 with Nodes: 5123 and calcs: 2960837329790 :: Predicted time: 0.210938, Actual Time: 0.322595
Build Time: 0.322595, Calc Time: 3.241318, reduction 3.553353
############################################
Predicted calcsPerSecond: 1449865299265
SubGraph 0 Layer 5 Selecting RP 0 with Nodes: 9367 and calcs: 2600018977904 :: Predicted time: 0.322595, Actual Time: 0.847121
Build Time: 0.847121, Calc Time: 1.793283, reduction 1.448035
############################################
Predicted calcsPerSecond: 2254449336514
SubGraph 0 Layer 6 Selecting RP 0 with Nodes: 17947 and calcs: 2080969736578 :: Predicted time: 0.847121, Actual Time: 1.376836
Build Time: 1.376836, Calc Time: 0.923050, reduction 0.870233
############################################
Final graph has 17947 nodes, 2080969736578 calcs total
Node Construct time: 5.782692
Batchs: 20
Total results Set Size: 655680946 
Node Laucnher time: 35.279095
Total Time: 36.136082

Time to read in file: 0.501924

Number points: 5000000 
Number Dimensions: 18 
Number Concurent Streams: 2
Block Size: 256, Kernel Blocks: 1024
Using using binary searches
Distance Threshold: 0.018250 
*********************************

Predicted calcsPerSecond: 53179079396
SubGraph 0 Layer 0 Selecting RP 5 with Nodes: 19 and calcs: 14196403216390 :: Predicted time: 0.000000, Actual Time: 0.013489
Build Time: 0.013489, Calc Time: 266.954663, reduction -266.954663
############################################
Predicted calcsPerSecond: 160287729984
SubGraph 0 Layer 1 Selecting RP 7 with Nodes: 139 and calcs: 9414195657546 :: Predicted time: 0.013489, Actual Time: 0.961652
Build Time: 0.961652, Calc Time: 58.733102, reduction 208.221561
############################################
Predicted calcsPerSecond: 319832072232
SubGraph 0 Layer 2 Selecting RP 5 with Nodes: 554 and calcs: 7211845423704 :: Predicted time: 0.961652, Actual Time: 0.469548
Build Time: 0.469548, Calc Time: 22.548850, reduction 36.184252
############################################
Predicted calcsPerSecond: 559980588766
SubGraph 0 Layer 3 Selecting RP 8 with Nodes: 1368 and calcs: 5619905596064 :: Predicted time: 0.469548, Actual Time: 0.279778
Build Time: 0.279778, Calc Time: 10.035894, reduction 12.512956
############################################
Predicted calcsPerSecond: 918627264717
SubGraph 0 Layer 4 Selecting RP 3 with Nodes: 3494 and calcs: 4618966869870 :: Predicted time: 0.279778, Actual Time: 0.353127
Build Time: 0.353127, Calc Time: 5.028119, reduction 5.007775
############################################
Predicted calcsPerSecond: 1457899463899
SubGraph 0 Layer 5 Selecting RP 7 with Nodes: 6092 and calcs: 4193705490116 :: Predicted time: 0.353127, Actual Time: 0.481757
Build Time: 0.481757, Calc Time: 2.876540, reduction 2.151579
############################################
Predicted calcsPerSecond: 2266161237916
SubGraph 0 Layer 6 Selecting RP 0 with Nodes: 11712 and calcs: 3532542974232 :: Predicted time: 0.481757, Actual Time: 0.878798
Build Time: 0.878798, Calc Time: 1.558822, reduction 1.317717
############################################
Predicted calcsPerSecond: 3479031489073
SubGraph 0 Layer 7 Selecting RP 6 with Nodes: 17053 and calcs: 3136842883786 :: Predicted time: 0.878798, Actual Time: 3.033199
Build Time: 3.033199, Calc Time: 0.901643, reduction 0.657180
############################################
Final graph has 17053 nodes, 3136842883786 calcs total
Node Construct time: 7.808073
Batchs: 20
Total results Set Size: 2072898048 
Node Laucnher time: 56.906227
Total Time: 57.763536

Time to read in file: 0.497850

Number points: 5000000 
Number Dimensions: 18 
Number Concurent Streams: 2
Block Size: 256, Kernel Blocks: 1024
Using using binary searches
Distance Threshold: 0.021000 
*********************************

Predicted calcsPerSecond: 53142242353
SubGraph 0 Layer 0 Selecting RP 5 with Nodes: 16 and calcs: 15786445839984 :: Predicted time: 0.000000, Actual Time: 0.011992
Build Time: 0.011992, Calc Time: 297.060213, reduction -297.060213
############################################
Predicted calcsPerSecond: 159372160879
SubGraph 0 Layer 1 Selecting RP 7 with Nodes: 115 and calcs: 11415409130670 :: Predicted time: 0.011992, Actual Time: 0.751457
Build Time: 0.751457, Calc Time: 71.627372, reduction 225.432841
############################################
Predicted calcsPerSecond: 318596315002
SubGraph 0 Layer 2 Selecting RP 5 with Nodes: 441 and calcs: 9217569760074 :: Predicted time: 0.751457, Actual Time: 0.672210
Build Time: 0.672210, Calc Time: 28.931815, reduction 42.695557
############################################
Predicted calcsPerSecond: 557540456896
SubGraph 0 Layer 3 Selecting RP 8 with Nodes: 1017 and calcs: 7621645778304 :: Predicted time: 0.672210, Actual Time: 0.296953
Build Time: 0.296953, Calc Time: 13.670121, reduction 15.261694
############################################
Predicted calcsPerSecond: 916365419130
SubGraph 0 Layer 4 Selecting RP 3 with Nodes: 2533 and calcs: 6497591836078 :: Predicted time: 0.296953, Actual Time: 0.376369
Build Time: 0.376369, Calc Time: 7.090612, reduction 6.579509
############################################
Predicted calcsPerSecond: 1454096998810
SubGraph 0 Layer 5 Selecting RP 7 with Nodes: 4464 and calcs: 6004370893982 :: Predicted time: 0.376369, Actual Time: 0.545161
Build Time: 0.545161, Calc Time: 4.129278, reduction 2.961334
############################################
Predicted calcsPerSecond: 2260966241931
SubGraph 0 Layer 6 Selecting RP 0 with Nodes: 8568 and calcs: 5283172796642 :: Predicted time: 0.545161, Actual Time: 0.829382
Build Time: 0.829382, Calc Time: 2.336688, reduction 1.792590
############################################
Predicted calcsPerSecond: 3470885579748
SubGraph 0 Layer 7 Selecting RP 6 with Nodes: 12788 and calcs: 4783519594994 :: Predicted time: 0.829382, Actual Time: 2.324586
Build Time: 2.324586, Calc Time: 1.378184, reduction 0.958504
############################################
Final graph has 12788 nodes, 4783519594994 calcs total
Node Construct time: 7.354502
Batchs: 21
Total results Set Size: 5457260816 
Node Laucnher time: 94.640492
Total Time: 95.498030
HIGGS ________________________________________________________________
HIGGS ________________________________________________________________

Time to read in file: 1.866422

Number points: 11000000 
Number Dimensions: 28 
Number Concurent Streams: 2
Block Size: 256, Kernel Blocks: 1024
Using using binary searches
Distance Threshold: 0.010000 
*********************************

Predicted calcsPerSecond: 25640688950
SubGraph 0 Layer 0 Selecting RP 1 with Nodes: 27 and calcs: 38474612440442 :: Predicted time: 0.000000, Actual Time: 0.036201
Build Time: 0.036201, Calc Time: 1500.529589, reduction -1500.529589
############################################
Predicted calcsPerSecond: 76977024577
SubGraph 0 Layer 1 Selecting RP 5 with Nodes: 291 and calcs: 16198994249218 :: Predicted time: 0.036201, Actual Time: 3.531337
Build Time: 3.531337, Calc Time: 210.439340, reduction 1290.090249
############################################
Predicted calcsPerSecond: 153972796671
SubGraph 0 Layer 2 Selecting RP 3 with Nodes: 1766 and calcs: 8583667810584 :: Predicted time: 3.531337, Actual Time: 1.999852
Build Time: 1.999852, Calc Time: 55.747950, reduction 154.691390
############################################
Predicted calcsPerSecond: 269426103844
SubGraph 0 Layer 3 Selecting RP 8 with Nodes: 8485 and calcs: 4415495184422 :: Predicted time: 1.999852, Actual Time: 1.285816
Build Time: 1.285816, Calc Time: 16.388520, reduction 39.359430
############################################
Predicted calcsPerSecond: 442628455911
SubGraph 0 Layer 4 Selecting RP 1 with Nodes: 29540 and calcs: 2515049303244 :: Predicted time: 1.285816, Actual Time: 4.703446
Build Time: 4.703446, Calc Time: 5.682078, reduction 10.706443
############################################
Predicted calcsPerSecond: 702406316265
SubGraph 0 Layer 5 Selecting RP 2 with Nodes: 66077 and calcs: 1630322673358 :: Predicted time: 4.703446, Actual Time: 9.578040
Build Time: 9.578040, Calc Time: 2.321054, reduction 3.361024
############################################
Final graph has 66077 nodes, 1630322673358 calcs total
Node Construct time: 17.662728
Batchs: 42
Total results Set Size: 11566498 
Node Laucnher time: 48.690840
Total Time: 51.677842

Time to read in file: 1.670376

Number points: 11000000 
Number Dimensions: 28 
Number Concurent Streams: 2
Block Size: 256, Kernel Blocks: 1024
Using using binary searches
Distance Threshold: 0.021375 
*********************************

Predicted calcsPerSecond: 25657154895
SubGraph 0 Layer 0 Selecting RP 1 with Nodes: 13 and calcs: 74441187486930 :: Predicted time: 0.000000, Actual Time: 0.029186
Build Time: 0.029186, Calc Time: 2901.381225, reduction -2901.381225
############################################
Predicted calcsPerSecond: 77001759891
SubGraph 0 Layer 1 Selecting RP 5 with Nodes: 81 and calcs: 53899504259972 :: Predicted time: 0.029186, Actual Time: 1.556058
Build Time: 1.556058, Calc Time: 699.977563, reduction 2201.403661
############################################
Predicted calcsPerSecond: 153979826677
SubGraph 0 Layer 2 Selecting RP 3 with Nodes: 324 and calcs: 43612675509494 :: Predicted time: 1.556058, Actual Time: 1.158210
Build Time: 1.158210, Calc Time: 283.236294, reduction 416.741269
############################################
Predicted calcsPerSecond: 269444430265
SubGraph 0 Layer 3 Selecting RP 8 with Nodes: 1139 and calcs: 35597151518506 :: Predicted time: 1.158210, Actual Time: 0.844095
Build Time: 0.844095, Calc Time: 132.113147, reduction 151.123148
############################################
Predicted calcsPerSecond: 442697421943
SubGraph 0 Layer 4 Selecting RP 1 with Nodes: 3543 and calcs: 29530541554316 :: Predicted time: 0.844095, Actual Time: 0.749447
Build Time: 0.749447, Calc Time: 66.705926, reduction 65.407220
############################################
Predicted calcsPerSecond: 702545351487
SubGraph 0 Layer 5 Selecting RP 8 with Nodes: 8867 and calcs: 25539386126918 :: Predicted time: 0.749447, Actual Time: 1.057926
Build Time: 1.057926, Calc Time: 36.352651, reduction 30.353275
############################################
Predicted calcsPerSecond: 1092340866694
SubGraph 0 Layer 6 Selecting RP 0 with Nodes: 20665 and calcs: 21877389673024 :: Predicted time: 1.057926, Actual Time: 2.977069
Build Time: 2.977069, Calc Time: 20.027988, reduction 16.324663
############################################
Predicted calcsPerSecond: 1676982407829
SubGraph 0 Layer 7 Selecting RP 5 with Nodes: 40215 and calcs: 19464683942980 :: Predicted time: 2.977069, Actual Time: 12.869540
Build Time: 12.869540, Calc Time: 11.606970, reduction 8.421018
############################################
Final graph has 40215 nodes, 19464683942980 calcs total
Node Construct time: 23.923593
Batchs: 48
Total results Set Size: 11660630 
Node Laucnher time: 350.267164
Total Time: 353.232648

Time to read in file: 1.663735

Number points: 11000000 
Number Dimensions: 28 
Number Concurent Streams: 2
Block Size: 256, Kernel Blocks: 1024
Using using binary searches
Distance Threshold: 0.032750 
*********************************

Predicted calcsPerSecond: 25677777903
SubGraph 0 Layer 0 Selecting RP 1 with Nodes: 9 and calcs: 98163646799238 :: Predicted time: 0.000000, Actual Time: 0.027168
Build Time: 0.027168, Calc Time: 3822.902713, reduction -3822.902713
############################################
Predicted calcsPerSecond: 77011926927
SubGraph 0 Layer 1 Selecting RP 5 with Nodes: 39 and calcs: 85446703101200 :: Predicted time: 0.027168, Actual Time: 1.196646
Build Time: 1.196646, Calc Time: 1109.525583, reduction 2713.377130
############################################
Predicted calcsPerSecond: 154034728152
SubGraph 0 Layer 2 Selecting RP 3 with Nodes: 132 and calcs: 78052669892590 :: Predicted time: 1.196646, Actual Time: 0.772043
Build Time: 0.772043, Calc Time: 506.721249, reduction 602.804333
############################################
Predicted calcsPerSecond: 269560452924
SubGraph 0 Layer 3 Selecting RP 8 with Nodes: 405 and calcs: 71874067346166 :: Predicted time: 0.772043, Actual Time: 0.637488
Build Time: 0.637488, Calc Time: 266.634317, reduction 240.086932
############################################
Predicted calcsPerSecond: 442835482639
SubGraph 0 Layer 4 Selecting RP 1 with Nodes: 1106 and calcs: 66432768662536 :: Predicted time: 0.637488, Actual Time: 0.625524
Build Time: 0.625524, Calc Time: 150.016815, reduction 116.617502
############################################
Predicted calcsPerSecond: 702777022728
SubGraph 0 Layer 5 Selecting RP 1 with Nodes: 2313 and calcs: 62675761495426 :: Predicted time: 0.625524, Actual Time: 0.466906
Build Time: 0.466906, Calc Time: 89.182998, reduction 60.833817
############################################
Predicted calcsPerSecond: 1092676973185
SubGraph 0 Layer 6 Selecting RP 3 with Nodes: 4764 and calcs: 59186895258870 :: Predicted time: 0.466906, Actual Time: 1.350416
Build Time: 1.350416, Calc Time: 54.166873, reduction 35.016124
############################################
Predicted calcsPerSecond: 1677534424510
SubGraph 0 Layer 7 Selecting RP 5 with Nodes: 9084 and calcs: 56454334657046 :: Predicted time: 1.350416, Actual Time: 1.899646
Build Time: 1.899646, Calc Time: 33.653160, reduction 20.513713
############################################
Predicted calcsPerSecond: 2554817553544
SubGraph 0 Layer 8 Selecting RP 7 with Nodes: 17172 and calcs: 53421210332934 :: Predicted time: 1.899646, Actual Time: 5.471669
Build Time: 5.471669, Calc Time: 20.909990, reduction 12.743170
############################################
Predicted calcsPerSecond: 3870714129312
SubGraph 0 Layer 9 Selecting RP 7 with Nodes: 29654 and calcs: 50500786849246 :: Predicted time: 5.471669, Actual Time: 12.349263
Build Time: 12.349263, Calc Time: 13.046891, reduction 7.863099
############################################
Final graph has 29654 nodes, 50500786849246 calcs total
Node Construct time: 30.644882
Batchs: 227
Total results Set Size: 33883428 
Node Laucnher time: 2426.972094
Total Time: 2429.976643

Time to read in file: 1.789284

Number points: 11000000 
Number Dimensions: 28 
Number Concurent Streams: 2
Block Size: 256, Kernel Blocks: 1024
Using using binary searches
Distance Threshold: 0.044125 
*********************************

Predicted calcsPerSecond: 25624361791
SubGraph 0 Layer 0 Selecting RP 1 with Nodes: 6 and calcs: 110598613851622 :: Predicted time: 0.000000, Actual Time: 0.025715
Build Time: 0.025715, Calc Time: 4316.150964, reduction -4316.150964
############################################
Predicted calcsPerSecond: 76927089664
SubGraph 0 Layer 1 Selecting RP 5 with Nodes: 26 and calcs: 104371528691070 :: Predicted time: 0.025715, Actual Time: 0.924930
Build Time: 0.924930, Calc Time: 1356.759097, reduction 2959.391867
############################################
Predicted calcsPerSecond: 153919181425
SubGraph 0 Layer 2 Selecting RP 1 with Nodes: 91 and calcs: 100028925990976 :: Predicted time: 0.924930, Actual Time: 0.732966
Build Time: 0.732966, Calc Time: 649.879535, reduction 706.879562
############################################
Predicted calcsPerSecond: 269374778319
SubGraph 0 Layer 3 Selecting RP 8 with Nodes: 200 and calcs: 96141501197490 :: Predicted time: 0.732966, Actual Time: 0.565121
Build Time: 0.565121, Calc Time: 356.906099, reduction 292.973436
############################################
Predicted calcsPerSecond: 442567152943
SubGraph 0 Layer 4 Selecting RP 6 with Nodes: 428 and calcs: 92485149955922 :: Predicted time: 0.565121, Actual Time: 0.584076
Build Time: 0.584076, Calc Time: 208.974275, reduction 147.931824
############################################
Predicted calcsPerSecond: 702398106345
SubGraph 0 Layer 5 Selecting RP 1 with Nodes: 810 and calcs: 89751430202420 :: Predicted time: 0.584076, Actual Time: 0.458511
Build Time: 0.458511, Calc Time: 127.778577, reduction 81.195699
############################################
Predicted calcsPerSecond: 1092073007223
SubGraph 0 Layer 6 Selecting RP 2 with Nodes: 1489 and calcs: 87097383179352 :: Predicted time: 0.458511, Actual Time: 0.545399
Build Time: 0.545399, Calc Time: 79.754176, reduction 48.024400
############################################
Predicted calcsPerSecond: 1676636369887
SubGraph 0 Layer 7 Selecting RP 1 with Nodes: 2658 and calcs: 85083189114582 :: Predicted time: 0.545399, Actual Time: 0.487968
Build Time: 0.487968, Calc Time: 50.746358, reduction 29.007819
############################################
Predicted calcsPerSecond: 2553467114040
SubGraph 0 Layer 8 Selecting RP 7 with Nodes: 4913 and calcs: 82928089149890 :: Predicted time: 0.487968, Actual Time: 0.890413
Build Time: 0.890413, Calc Time: 32.476662, reduction 18.269695
############################################
Predicted calcsPerSecond: 3868705077702
SubGraph 0 Layer 9 Selecting RP 7 with Nodes: 8031 and calcs: 81282393317710 :: Predicted time: 0.890413, Actual Time: 2.164902
Build Time: 2.164902, Calc Time: 21.010233, reduction 11.466430
############################################
Predicted calcsPerSecond: 5841546445798
SubGraph 0 Layer 10 Selecting RP 7 with Nodes: 12610 and calcs: 79960108440670 :: Predicted time: 2.164902, Actual Time: 4.066026
Build Time: 4.066026, Calc Time: 13.688175, reduction 7.322058
############################################
Predicted calcsPerSecond: 8800829691919
SubGraph 0 Layer 11 Selecting RP 7 with Nodes: 18293 and calcs: 78794892677462 :: Predicted time: 4.066026, Actual Time: 6.900692
Build Time: 6.900692, Calc Time: 8.953121, reduction 4.735054
############################################
Final graph has 18293 nodes, 78794892677462 calcs total
Node Construct time: 32.590223
Batchs: 523
Total results Set Size: 808812334 
Node Laucnher time: 8161.226341
Total Time: 8164.221554

Time to read in file: 1.807009

Number points: 11000000 
Number Dimensions: 28 
Number Concurent Streams: 2
Block Size: 256, Kernel Blocks: 1024
Using using binary searches
Distance Threshold: 0.055500 
*********************************

Predicted calcsPerSecond: 25683854958
SubGraph 0 Layer 0 Selecting RP 1 with Nodes: 6 and calcs: 116321627012368 :: Predicted time: 0.000000, Actual Time: 0.025663
Build Time: 0.025663, Calc Time: 4528.978504, reduction -4528.978504
############################################
Predicted calcsPerSecond: 77015457097
SubGraph 0 Layer 1 Selecting RP 5 with Nodes: 22 and calcs: 113038369410520 :: Predicted time: 0.025663, Actual Time: 0.708229
Build Time: 0.708229, Calc Time: 1467.736136, reduction 3061.242368
############################################
Predicted calcsPerSecond: 154036097673
SubGraph 0 Layer 2 Selecting RP 9 with Nodes: 68 and calcs: 110884923562394 :: Predicted time: 0.708229, Actual Time: 0.650444
Build Time: 0.650444, Calc Time: 719.863235, reduction 747.872901
############################################
Predicted calcsPerSecond: 269512769056
SubGraph 0 Layer 3 Selecting RP 8 with Nodes: 138 and calcs: 108651216413490 :: Predicted time: 0.650444, Actual Time: 0.424410
Build Time: 0.424410, Calc Time: 403.139401, reduction 316.723833
############################################
Predicted calcsPerSecond: 442774559734
SubGraph 0 Layer 4 Selecting RP 3 with Nodes: 255 and calcs: 107047853239208 :: Predicted time: 0.424410, Actual Time: 0.521827
Build Time: 0.521827, Calc Time: 241.766043, reduction 161.373359
############################################
Predicted calcsPerSecond: 702659164189
SubGraph 0 Layer 5 Selecting RP 1 with Nodes: 461 and calcs: 105201868935316 :: Predicted time: 0.521827, Actual Time: 0.450661
Build Time: 0.450661, Calc Time: 149.719628, reduction 92.046415
############################################
Predicted calcsPerSecond: 1092524543580
SubGraph 0 Layer 6 Selecting RP 2 with Nodes: 781 and calcs: 103912944305720 :: Predicted time: 0.450661, Actual Time: 0.491111
Build Time: 0.491111, Calc Time: 95.112686, reduction 54.606942
############################################
Predicted calcsPerSecond: 1677296085613
SubGraph 0 Layer 7 Selecting RP 1 with Nodes: 1377 and calcs: 102505301962000 :: Predicted time: 0.491111, Actual Time: 0.503478
Build Time: 0.503478, Calc Time: 61.113421, reduction 33.999265
############################################
Predicted calcsPerSecond: 2554457292012
SubGraph 0 Layer 8 Selecting RP 2 with Nodes: 2083 and calcs: 101287824494222 :: Predicted time: 0.503478, Actual Time: 0.325982
Build Time: 0.325982, Calc Time: 39.651407, reduction 21.462015
############################################
Predicted calcsPerSecond: 3870194814382
SubGraph 0 Layer 9 Selecting RP 8 with Nodes: 3229 and calcs: 100523339346762 :: Predicted time: 0.325982, Actual Time: 0.744098
Build Time: 0.744098, Calc Time: 25.973716, reduction 13.677691
############################################
Predicted calcsPerSecond: 5843807921565
SubGraph 0 Layer 10 Selecting RP 7 with Nodes: 4888 and calcs: 99602413630370 :: Predicted time: 0.744098, Actual Time: 1.547882
Build Time: 1.547882, Calc Time: 17.044094, reduction 8.929621
############################################
Predicted calcsPerSecond: 8804210261409
SubGraph 0 Layer 11 Selecting RP 7 with Nodes: 6975 and calcs: 98864218838626 :: Predicted time: 1.547882, Actual Time: 2.068207
Build Time: 2.068207, Calc Time: 11.229198, reduction 5.814897
############################################
Predicted calcsPerSecond: 13244774849281
SubGraph 0 Layer 12 Selecting RP 3 with Nodes: 9858 and calcs: 98153638489218 :: Predicted time: 2.068207, Actual Time: 3.862468
Build Time: 3.862468, Calc Time: 7.410744, reduction 3.818454
############################################
Final graph has 9858 nodes, 98153638489218 calcs total
Node Construct time: 29.531851
Batchs: 795
Total results Set Size: 11110258258 
Node Laucnher time: 15693.881100
Total Time: 15696.858112
Tiny____________________________________________________
Tiny____________________________________________________

Time to read in file: 13.338135

Number points: 5000000 
Number Dimensions: 384 
Number Concurent Streams: 2
Block Size: 256, Kernel Blocks: 1024
Using using binary searches
Distance Threshold: 0.200000 
*********************************

Predicted calcsPerSecond: 4073842794
SubGraph 0 Layer 0 Selecting RP 1 with Nodes: 17 and calcs: 9224939816732 :: Predicted time: 0.000000, Actual Time: 0.249009
Build Time: 0.249009, Calc Time: 2264.431959, reduction -2264.431959
############################################
Predicted calcsPerSecond: 12230129107
SubGraph 0 Layer 1 Selecting RP 8 with Nodes: 48 and calcs: 7840667873660 :: Predicted time: 0.249009, Actual Time: 0.591103
Build Time: 0.591103, Calc Time: 641.094448, reduction 1623.337510
############################################
Predicted calcsPerSecond: 24460657729
SubGraph 0 Layer 2 Selecting RP 2 with Nodes: 112 and calcs: 7377749678464 :: Predicted time: 0.591103, Actual Time: 0.527895
Build Time: 0.527895, Calc Time: 301.616979, reduction 339.477470
############################################
Predicted calcsPerSecond: 42809935681
SubGraph 0 Layer 3 Selecting RP 3 with Nodes: 221 and calcs: 7001657277166 :: Predicted time: 0.527895, Actual Time: 0.407207
Build Time: 0.407207, Calc Time: 163.552156, reduction 138.064823
############################################
Predicted calcsPerSecond: 70333334262
SubGraph 0 Layer 4 Selecting RP 6 with Nodes: 453 and calcs: 6753306846342 :: Predicted time: 0.407207, Actual Time: 0.468284
Build Time: 0.468284, Calc Time: 96.018579, reduction 67.533576
############################################
Predicted calcsPerSecond: 111615784657
SubGraph 0 Layer 5 Selecting RP 4 with Nodes: 752 and calcs: 6551383198998 :: Predicted time: 0.468284, Actual Time: 0.428715
Build Time: 0.428715, Calc Time: 58.695849, reduction 37.322731
############################################
Predicted calcsPerSecond: 173541422115
SubGraph 0 Layer 6 Selecting RP 8 with Nodes: 1113 and calcs: 6403865901376 :: Predicted time: 0.428715, Actual Time: 0.438697
Build Time: 0.438697, Calc Time: 36.901080, reduction 21.794769
############################################
Predicted calcsPerSecond: 266430034693
SubGraph 0 Layer 7 Selecting RP 3 with Nodes: 1656 and calcs: 6281230815148 :: Predicted time: 0.438697, Actual Time: 0.402094
Build Time: 0.402094, Calc Time: 23.575536, reduction 13.325544
############################################
Predicted calcsPerSecond: 405756753915
SubGraph 0 Layer 8 Selecting RP 2 with Nodes: 2364 and calcs: 6178676771582 :: Predicted time: 0.402094, Actual Time: 0.439437
Build Time: 0.439437, Calc Time: 15.227539, reduction 8.347997
############################################
Predicted calcsPerSecond: 614752502508
SubGraph 0 Layer 9 Selecting RP 4 with Nodes: 3333 and calcs: 6077074188452 :: Predicted time: 0.439437, Actual Time: 0.464171
Build Time: 0.464171, Calc Time: 9.885400, reduction 5.342139
############################################
Predicted calcsPerSecond: 928242969592
SubGraph 0 Layer 10 Selecting RP 4 with Nodes: 4505 and calcs: 5999084889702 :: Predicted time: 0.464171, Actual Time: 0.635391
Build Time: 0.635391, Calc Time: 6.462839, reduction 3.422561
############################################
Predicted calcsPerSecond: 1398476721316
SubGraph 0 Layer 11 Selecting RP 9 with Nodes: 5927 and calcs: 5928995818144 :: Predicted time: 0.635391, Actual Time: 1.493279
Build Time: 1.493279, Calc Time: 4.239610, reduction 2.223229
############################################
Predicted calcsPerSecond: 2103831140118
SubGraph 0 Layer 12 Selecting RP 4 with Nodes: 8029 and calcs: 5856545280098 :: Predicted time: 1.493279, Actual Time: 1.554373
Build Time: 1.554373, Calc Time: 2.783753, reduction 1.455857
############################################
Final graph has 8029 nodes, 5856545280098 calcs total
Node Construct time: 27.890550
Batchs: 27
Total results Set Size: 53619112 
Node Laucnher time: 431.130950
Total Time: 451.390503

Time to read in file: 20.644215

Number points: 5000000 
Number Dimensions: 384 
Number Concurent Streams: 2
Block Size: 256, Kernel Blocks: 1024
Using using binary searches
Distance Threshold: 0.260000 
*********************************

Predicted calcsPerSecond: 4077332369
SubGraph 0 Layer 0 Selecting RP 1 with Nodes: 13 and calcs: 11630594670776 :: Predicted time: 0.000000, Actual Time: 0.246803
Build Time: 0.246803, Calc Time: 2852.501003, reduction -2852.501003
############################################
Predicted calcsPerSecond: 12227076457
SubGraph 0 Layer 1 Selecting RP 2 with Nodes: 35 and calcs: 9979815098384 :: Predicted time: 0.246803, Actual Time: 0.545039
Build Time: 0.545039, Calc Time: 816.206158, reduction 2036.294845
############################################
Predicted calcsPerSecond: 24457039098
SubGraph 0 Layer 2 Selecting RP 1 with Nodes: 67 and calcs: 9445124722168 :: Predicted time: 0.545039, Actual Time: 0.410832
Build Time: 0.410832, Calc Time: 386.192486, reduction 430.013672
############################################
Predicted calcsPerSecond: 42801054141
SubGraph 0 Layer 3 Selecting RP 4 with Nodes: 135 and calcs: 9021834012044 :: Predicted time: 0.410832, Actual Time: 0.440566
Build Time: 0.440566, Calc Time: 210.785323, reduction 175.407163
############################################
Predicted calcsPerSecond: 70321317871
SubGraph 0 Layer 4 Selecting RP 4 with Nodes: 215 and calcs: 8808454576474 :: Predicted time: 0.440566, Actual Time: 0.367142
Build Time: 0.367142, Calc Time: 125.260090, reduction 85.525233
############################################
Predicted calcsPerSecond: 111594149608
SubGraph 0 Layer 5 Selecting RP 1 with Nodes: 352 and calcs: 8616136346988 :: Predicted time: 0.367142, Actual Time: 0.422041
Build Time: 0.422041, Calc Time: 77.209570, reduction 48.050519
############################################
Predicted calcsPerSecond: 173504343192
SubGraph 0 Layer 6 Selecting RP 8 with Nodes: 519 and calcs: 8483361925504 :: Predicted time: 0.422041, Actual Time: 0.406786
Build Time: 0.406786, Calc Time: 48.894234, reduction 28.315337
############################################
Predicted calcsPerSecond: 266379988281
SubGraph 0 Layer 7 Selecting RP 3 with Nodes: 771 and calcs: 8340833850014 :: Predicted time: 0.406786, Actual Time: 0.386256
Build Time: 0.386256, Calc Time: 31.311788, reduction 17.582445
############################################
Predicted calcsPerSecond: 405684778674
SubGraph 0 Layer 8 Selecting RP 2 with Nodes: 1110 and calcs: 8237059509578 :: Predicted time: 0.386256, Actual Time: 0.406863
Build Time: 0.406863, Calc Time: 20.304088, reduction 11.007700
############################################
Predicted calcsPerSecond: 614641971633
SubGraph 0 Layer 9 Selecting RP 7 with Nodes: 1489 and calcs: 8135746044656 :: Predicted time: 0.406863, Actual Time: 0.605552
Build Time: 0.605552, Calc Time: 13.236561, reduction 7.067527
############################################
Predicted calcsPerSecond: 928082856015
SubGraph 0 Layer 10 Selecting RP 4 with Nodes: 1979 and calcs: 8052639704072 :: Predicted time: 0.605552, Actual Time: 0.395796
Build Time: 0.395796, Calc Time: 8.676639, reduction 4.559922
############################################
Predicted calcsPerSecond: 1398247531080
SubGraph 0 Layer 11 Selecting RP 3 with Nodes: 2485 and calcs: 7977319755054 :: Predicted time: 0.395796, Actual Time: 0.415589
Build Time: 0.415589, Calc Time: 5.705227, reduction 2.971412
############################################
Predicted calcsPerSecond: 2103484946869
SubGraph 0 Layer 12 Selecting RP 4 with Nodes: 3324 and calcs: 7920120131492 :: Predicted time: 0.415589, Actual Time: 0.474938
Build Time: 0.474938, Calc Time: 3.765237, reduction 1.939990
############################################
Predicted calcsPerSecond: 3161346371266
SubGraph 0 Layer 13 Selecting RP 2 with Nodes: 4300 and calcs: 7857910706894 :: Predicted time: 0.474938, Actual Time: 0.756574
Build Time: 0.756574, Calc Time: 2.485622, reduction 1.279616
############################################
Predicted calcsPerSecond: 4748136454152
SubGraph 0 Layer 14 Selecting RP 2 with Nodes: 5342 and calcs: 7807632213244 :: Predicted time: 0.756574, Actual Time: 1.397468
Build Time: 1.397468, Calc Time: 1.644357, reduction 0.841264
############################################
Final graph has 5342 nodes, 7807632213244 calcs total
Node Construct time: 27.986584
Batchs: 42
Total results Set Size: 181164422 
Node Laucnher time: 999.258008
Total Time: 1019.639711
Completed!
