
EPSILON | NUMPOINTS | RP | NODES | CALCS | Construct T | Total T



MSD ________________________________________________________________


0.007000 515345 10 1456 111428057663 1.397753 4.000472 
0.007525 515345 12 1713 116918749089 2.066409 5.148893 
0.008050 515345 12 1507 125339927889 1.844077 5.568215 
0.008575 515345 12 1466 132833605625 1.744989 6.426617 
0.009100 515345 12 1277 141782303653 1.896452 7.566767 

UNI ________________________________________________________________


0.250000 2000000 6 8106 442725070138 3.810385 10.693562 
0.300000 2000000 6 4954 861717510220 3.192875 17.552172 
0.350000 2000000 7 6814 1182818437044 4.703811 27.419784 
0.400000 2000000 7 4542 1757881982348 3.714934 40.626357 
0.450000 2000000 8 5987 2088238497084 5.466359 55.961321 

EXPO ________________________________________________________________


0.030000 2000000 8 7770 1531225559730 6.721933 46.402456 
0.033750 2000000 9 9219 1797287137094 9.726917 63.268849 
0.037500 2000000 9 7030 2146765324230 7.062124 77.853282 
0.041250 2000000 9 5358 2493628750138 6.366358 95.760225 
0.045000 2000000 10 6489 2676176901946 8.423522 116.276573 

Census____________________________________________________________


0.001000 2458285 4 10329 28500904977 3.146558 4.962450 
0.003250 2458285 7 9624 125470105399 5.548467 9.094752 
0.005500 2458285 8 9842 331677080031 7.750064 19.540092 
0.007750 2458285 9 8839 660071767019 10.448609 35.198106 
0.010000 2458285 9 5931 1098387715027 7.325333 main: src/launcher.cu:1848: neighborTable* nodeLauncher(double*, unsigned int, unsigned int, unsigned int, unsigned int*, double): Assertion `cudaSuccess == cudaMallocHost((void**) &pointB[tid], sizeof(unsigned int)*(keyValueIndex[i] + 1))' failed.
main: src/launcher.cu:1838: neighborTable* nodeLauncher(double*, unsigned int, unsigned int, unsigned int, unsigned int*, double): Assertion `cudaSuccess == cudaMemcpyAsync(&keyValueIndex[i], &d_keyValueIndex[i], sizeof(unsigned long long ), cudaMemcpyDeviceToHost, stream[tid])' failed.
/var/spool/slurm/slurmd/job54088723/slurm_script: line 71: 1344401 Aborted                 (core dumped) ./build/main /scratch/bwd29/data/USC_Normalized_No1Col.bin 68 $j


Wave __________________________________________________


0.002000 287999 7 588 10731048907 0.526784 0.754120 
0.003250 287999 9 558 17998124983 0.606569 0.951135 
0.004500 287999 10 489 24623186015 0.626668 1.098218 
0.005750 287999 12 476 30263695755 0.708042 1.387454 
0.007000 287999 11 421 35781252667 0.642671 1.947905 

BIGCROSS____________________________________________________________


0.001000 11620300 3 68551 116835872028 14.809140 20.574231 
0.005750 11620300 8 43801 939765239266 43.442260 59.701582 
0.010500 11620300 10 39212 3646302197584 56.750023 111.177200 
0.015250 11620300 13 40943 8271133652476 91.126053 terminate called after throwing an instance of 'thrust::system::detail::bad_alloc'
  what():  std::bad_alloc: cudaErrorMemoryAllocation: out of memory
/var/spool/slurm/slurmd/job54088723/slurm_script: line 93: 1356425 Aborted                 (core dumped) ./build/main /scratch/bwd29/data/BIGCROSS_Normalized.bin 57 $j

0.020000 11620300 16 40461 14263078561626 135.232153 main: src/launcher.cu:1707: neighborTable* nodeLauncher(double*, unsigned int, unsigned int, unsigned int, unsigned int*, double): Assertion `cudaSuccess == cudaMalloc((void**)&d_pointB[i], sizeof(unsigned int)*resultsSize)' failed.
/var/spool/slurm/slurmd/job54088723/slurm_script: line 93: 1361284 Aborted                 (core dumped) ./build/main /scratch/bwd29/data/BIGCROSS_Normalized.bin 57 $j


SUSY ________________________________________________________________


0.010000 5000000 6 27543 446213105684 10.473296 18.467952 
0.012750 5000000 7 27638 925336925344 16.823166 35.487517 
0.015500 5000000 7 19700 1843801873214 12.272700 53.267705 
0.018250 5000000 8 19899 2798468215830 18.779801 94.802569 
0.021000 5000000 9 22475 4081534144080 27.573718 158.978726 

HIGGS ________________________________________________________________


0.010000 11000000 6 73006 1507770370194 33.421671 78.243089 
0.021375 11000000 9 74679 16775518555940 114.226933 756.473832 
0.032750 11000000 11 48447 47646957960310 135.099283 1959.334776 
0.044125 11000000 13 34149 75999649827350 139.897225 3405.353203 
0.055500 11000000 15 25681 95750925277436 134.211097 terminate called after throwing an instance of 'thrust::system::detail::bad_alloc'
  what():  std::bad_alloc: cudaErrorMemoryAllocation: out of memory
/var/spool/slurm/slurmd/job54088723/slurm_script: line 117: 1489446 Aborted                 (core dumped) ./build/main /scratch/bwd29/data/HIGSS_Normalized.bin 28 $j

Tiny____________________________________________________


0.200000 5000000 16 20218 5552985081620 91.127538 721.125983 
0.260000 5000000 19 16222 7497379931758 96.203087 main: src/launcher.cu:1707: neighborTable* nodeLauncher(double*, unsigned int, unsigned int, unsigned int, unsigned int*, double): Assertion `cudaSuccess == cudaMalloc((void**)&d_pointB[i], sizeof(unsigned int)*resultsSize)' failed.
/var/spool/slurm/slurmd/job54088723/slurm_script: line 128: 1553525 Aborted                 (core dumped) ./build/main /scratch/bwd29/data/TINY_Normalized.bin 384 $j

0.320000 5000000 21 11941 9334278272700 83.037750 main: src/launcher.cu:1707: neighborTable* nodeLauncher(double*, unsigned int, unsigned int, unsigned int, unsigned int*, double): Assertion `cudaSuccess == cudaMalloc((void**)&d_pointB[i], sizeof(unsigned int)*resultsSize)' failed.
/var/spool/slurm/slurmd/job54088723/slurm_script: line 128: 1556285 Aborted                 (core dumped) ./build/main /scratch/bwd29/data/TINY_Normalized.bin 384 $j

0.380000 5000000 24 11220 11017188660632 92.023688 main: src/launcher.cu:1707: neighborTable* nodeLauncher(double*, unsigned int, unsigned int, unsigned int, unsigned int*, double): Assertion `cudaSuccess == cudaMalloc((void**)&d_pointB[i], sizeof(unsigned int)*resultsSize)' failed.
/var/spool/slurm/slurmd/job54088723/slurm_script: line 128: 1560294 Aborted                 (core dumped) ./build/main /scratch/bwd29/data/TINY_Normalized.bin 384 $j

0.440000 5000000 27 10016 12610260665512 102.055324 main: src/launcher.cu:1707: neighborTable* nodeLauncher(double*, unsigned int, unsigned int, unsigned int, unsigned int*, double): Assertion `cudaSuccess == cudaMalloc((void**)&d_pointB[i], sizeof(unsigned int)*resultsSize)' failed.
/var/spool/slurm/slurmd/job54088723/slurm_script: line 128: 1561336 Aborted                 (core dumped) ./build/main /scratch/bwd29/data/TINY_Normalized.bin 384 $j
