
EPSILON | NUMPOINTS | RP | NODES | CALCS | Construct T | Total T



MSD ________________________________________________________________


0.007000 515345 3 90 139414378473 0.432399 3.551148 
0.007525 515345 3 86 149034050995 0.501158 4.572469 
0.008050 515345 14 719 128360876313 1.668051 5.512804 
0.008575 515345 14 709 135245747481 1.657989 6.309684 
0.009100 515345 14 645 143345380667 1.607544 7.379423 

UNI ________________________________________________________________


0.250000 2000000 6 3863 525099115162 2.996668 10.705875 
0.300000 2000000 6 2902 901144296056 2.824714 17.371420 
0.350000 2000000 7 3790 1231186195528 3.489134 26.493722 
0.400000 2000000 8 4631 1628478028794 4.972836 39.586790 
0.450000 2000000 8 3551 2119117129284 4.211053 54.623898 

EXPO ________________________________________________________________


0.030000 2000000 10 6014 1476756788644 8.710443 48.694324 
0.035000 2000000 10 4970 1929177340632 7.487821 65.933223 
0.040000 2000000 10 4355 2333795202790 6.589052 88.608688 
0.045000 2000000 11 4453 2657799454580 7.313857 113.095775 
0.050000 2000000 11 3927 2958354874664 6.421790 main: src/launcher.cu:1840: neighborTable* nodeLauncher(double*, unsigned int, unsigned int, unsigned int, unsigned int*, double): Assertion `cudaSuccess == cudaMallocHost((void**) &pointB[tid], sizeof(unsigned int)*(keyValueIndex[i] + 1))' failed.
main: src/launcher.cu:1830: neighborTable* nodeLauncher(double*, unsigned int, unsigned int, unsigned int, unsigned int*, double): Assertion `cudaSuccess == cudaMemcpyAsync(&keyValueIndex[i], &d_keyValueIndex[i], sizeof(unsigned long long ), cudaMemcpyDeviceToHost, stream[tid])' failed.
/var/spool/slurm/slurmd/job54045072/slurm_script: line 55: 221825 Aborted                 (core dumped) ./build/main /scratch/bwd29/data/2mil16dexpo.bin 16 $j


SUSY ________________________________________________________________


0.010000 5000000 6 9128 740257669440 7.071755 18.522067 
0.012750 5000000 7 9814 1238212937974 9.384729 32.363872 
0.015500 5000000 8 11104 1888132962590 12.742110 53.733877 
0.018250 5000000 9 13483 2806142536814 16.091689 90.327356 
0.021000 5000000 10 13413 4125692180952 22.366611 144.567328 

HIGGS ________________________________________________________________


0.010000 11000000 7 27957 2176644993594 31.714834 87.603122 
0.021375 11000000 10 56042 15671934503634 120.491974 628.816145 
0.032750 11000000 12 37968 46201766875430 141.237675 1780.225416 
0.044125 11000000 14 25500 75073924678462 133.928573 3241.193340 
0.055500 11000000 15 16025 95811452577506 82.444361 terminate called after throwing an instance of 'thrust::system::detail::bad_alloc'
  what():  std::bad_alloc: cudaErrorMemoryAllocation: out of memory
/var/spool/slurm/slurmd/job54045072/slurm_script: line 99: 347833 Aborted                 (core dumped) ./build/main /scratch/bwd29/data/HIGSS_Normalized.bin 28 $j


MSD ________________________________________________________________


0.007000 515345 12 655 113879389131 1.342337 3.898003 
0.007525 515345 14 765 120565215175 1.641492 4.678476 
0.008050 515345 16 820 127796537563 1.783426 5.578201 
0.008575 515345 14 709 135245747481 1.587258 6.236762 
0.009100 515345 15 701 142965096773 1.686546 7.515867 

UNI ________________________________________________________________


0.250000 2000000 6 3863 525099115162 2.807120 10.237743 
0.300000 2000000 7 4711 791365203276 3.997072 17.675691 
0.350000 2000000 7 3790 1231186195528 3.226356 26.223624 
0.400000 2000000 8 4631 1628478028794 4.548898 39.053435 
0.450000 2000000 8 3551 2119117129284 3.954450 53.991936 

EXPO ________________________________________________________________


0.030000 2000000 10 6014 1476756788644 8.300548 47.320280 
0.035000 2000000 10 4970 1929177340632 7.387723 66.267993 
0.040000 2000000 10 4355 2333795202790 6.711789 88.096552 
0.045000 2000000 11 4453 2657799454580 7.342817 112.678722 
0.050000 2000000 11 3927 2958354874664 6.352145 main: src/launcher.cu:1830: neighborTable* nodeLauncher(double*, unsigned int, unsigned int, unsigned int, unsigned int*, double): Assertion `cudaSuccess == cudaMemcpyAsync(&keyValueIndex[i], &d_keyValueIndex[i], sizeof(unsigned long long ), cudaMemcpyDeviceToHost, stream[tid])' failed.
main: src/launcher.cu:1840: neighborTable* nodeLauncher(double*, unsigned int, unsigned int, unsigned int, unsigned int*, double): Assertion `cudaSuccess == cudaMallocHost((void**) &pointB[tid], sizeof(unsigned int)*(keyValueIndex[i] + 1))' failed.
/var/spool/slurm/slurmd/job54045072/slurm_script: line 55: 406633 Aborted                 (core dumped) ./build/main /scratch/bwd29/data/2mil16dexpo.bin 16 $j


SUSY ________________________________________________________________


0.010000 5000000 6 9128 740257669440 6.544024 17.988573 
0.012750 5000000 7 9814 1238212937974 8.772024 32.861830 
0.015500 5000000 8 11104 1888132962590 12.788639 54.167152 
0.018250 5000000 9 13483 2806142536814 16.545247 89.964267 
0.021000 5000000 10 13413 4125692180952 21.389265 143.897074 

HIGGS ________________________________________________________________


0.010000 11000000 7 27957 2176644993594 31.514578 87.371334 
0.021375 11000000 10 56042 15671934503634 121.631454 630.241178 
0.032750 11000000 13 52998 44375212456488 243.163678 /var/spool/slurm/slurmd/job54045072/slurm_script: line 99: 428654 Segmentation fault      (core dumped) ./build/main /scratch/bwd29/data/HIGSS_Normalized.bin 28 $j

0.044125 11000000 14 25500 75073924678462 133.655396 slurmstepd: error: *** JOB 54045072 ON cn2 CANCELLED AT 2022-10-06T13:06:48 ***
Job has already finished for job 54045072
