
EPSILON | NUMPOINTS | RP | NODES | CALCS | Construct T | Total T



MSD ________________________________________________________________


0.007000 515345 14 1136 110542408617 1.832596 4.279343 
0.007525 515345 13 1057 118752402897 1.611359 4.679171 
0.008050 515345 14 1041 126324401615 1.781087 5.357019 
0.008575 515345 14 998 133407766973 1.746961 6.269520 
0.009100 515345 14 889 142232866745 1.668903 7.294876 

SUSY ________________________________________________________________


0.010000 5000000 6 14029 611929908276 7.422836 16.479245 
0.012750 5000000 7 14894 1110690896942 10.000405 29.977840 
0.015500 5000000 8 15695 1737323516914 13.939794 49.599770 
0.018250 5000000 9 18997 2649571420480 21.784535 85.817958 
0.021000 5000000 9 14261 4201305210822 19.561048 130.887060 

HIGGS ________________________________________________________________


0.010000 11000000 7 45098 1821534431444 39.194695 83.647308 
0.021375 11000000 10 76118 15154182093780 170.458648 free(): invalid pointer
/var/spool/slurm/slurmd/job54037205/slurm_script: line 97: 761973 Aborted                 (core dumped) ./build/main /scratch/bwd29/data/HIGSS_Normalized.bin 28 $j

0.032750 11000000 12 48053 46013145042564 184.237308 1766.610363 
0.044125 11000000 14 31351 75000902914410 165.602128 3249.637980 
0.055500 11000000 15 19019 95781760395042 101.031062 main: src/launcher.cu:1703: neighborTable* nodeLauncher(double*, unsigned int, unsigned int, unsigned int, unsigned int*, double): Assertion `cudaSuccess == cudaMalloc((void**)&d_pointB[i], sizeof(unsigned int)*resultsSize)' failed.
/var/spool/slurm/slurmd/job54037205/slurm_script: line 97: 867720 Aborted                 (core dumped) ./build/main /scratch/bwd29/data/HIGSS_Normalized.bin 28 $j

Tiny____________________________________________________


0.200000 5000000 17 14807 5519763148086 79.192268 535.395370 
0.260000 5000000 20 11610 7461690334312 82.863766 1020.159690 
0.320000 5000000 23 10198 9262323527052 91.725944 main: src/launcher.cu:1703: neighborTable* nodeLauncher(double*, unsigned int, unsigned int, unsigned int, unsigned int*, double): Assertion `cudaSuccess == cudaMalloc((void**)&d_pointB[i], sizeof(unsigned int)*resultsSize)' failed.
/var/spool/slurm/slurmd/job54037205/slurm_script: line 105: 904534 Aborted                 (core dumped) ./build/main /scratch/bwd29/data/TINY_Normalized.bin 384 $j

0.380000 5000000 26 9985 10952418706358 100.776450 main: src/launcher.cu:1703: neighborTable* nodeLauncher(double*, unsigned int, unsigned int, unsigned int, unsigned int*, double): Assertion `cudaSuccess == cudaMalloc((void**)&d_pointB[i], sizeof(unsigned int)*resultsSize)' failed.
/var/spool/slurm/slurmd/job54037205/slurm_script: line 105: 905444 Aborted                 (core dumped) ./build/main /scratch/bwd29/data/TINY_Normalized.bin 384 $j

0.440000 5000000 28 7729 12588950650542 98.771302 main: src/launcher.cu:1703: neighborTable* nodeLauncher(double*, unsigned int, unsigned int, unsigned int, unsigned int*, double): Assertion `cudaSuccess == cudaMalloc((void**)&d_pointB[i], sizeof(unsigned int)*resultsSize)' failed.
/var/spool/slurm/slurmd/job54037205/slurm_script: line 105: 906906 Aborted                 (core dumped) ./build/main /scratch/bwd29/data/TINY_Normalized.bin 384 $j


MSD ________________________________________________________________


0.007000 515345 12 979 111751608717 1.460799 3.936493 
0.007525 515345 12 935 119279995101 1.521714 4.598420 
0.008050 515345 13 937 126893182915 1.612304 5.256686 
0.008575 515345 14 998 133407766973 1.719702 6.289767 
0.009100 515345 12 697 143807192601 1.475975 7.173435 

SUSY ________________________________________________________________


0.010000 5000000 6 14029 611929908276 7.107981 16.396883 
0.012750 5000000 7 14894 1110690896942 10.561512 30.229728 
0.015500 5000000 8 15695 1737323516914 15.045496 50.806615 
0.018250 5000000 8 12960 2847032557936 13.259885 79.488825 
0.021000 5000000 9 14261 4201305210822 19.436308 131.120587 

HIGGS ________________________________________________________________


0.010000 11000000 7 45098 1821534431444 40.128064 84.464503 
0.021375 11000000 10 76118 15154182093780 164.102721 free(): invalid pointer
/var/spool/slurm/slurmd/job54037205/slurm_script: line 97: 929284 Aborted                 (core dumped) ./build/main /scratch/bwd29/data/HIGSS_Normalized.bin 28 $j

0.032750 11000000 12 48053 46013145042564 173.742122 1740.892493 
0.044125 11000000 14 31351 75000902914410 171.511975 3256.343219 
0.055500 11000000 15 19019 95781760395042 99.024007 main: src/launcher.cu:1703: neighborTable* nodeLauncher(double*, unsigned int, unsigned int, unsigned int, unsigned int*, double): Assertion `cudaSuccess == cudaMalloc((void**)&d_pointB[i], sizeof(unsigned int)*resultsSize)' failed.
/var/spool/slurm/slurmd/job54037205/slurm_script: line 97: 1031085 Aborted                 (core dumped) ./build/main /scratch/bwd29/data/HIGSS_Normalized.bin 28 $j

Tiny____________________________________________________


0.200000 5000000 17 14807 5519763148086 80.227537 536.086748 
0.260000 5000000 20 11610 7461690334312 81.914614 1017.872859 
0.320000 5000000 23 10198 9262323527052 90.894816 main: src/launcher.cu:1703: neighborTable* nodeLauncher(double*, unsigned int, unsigned int, unsigned int, unsigned int*, double): Assertion `cudaSuccess == cudaMalloc((void**)&d_pointB[i], sizeof(unsigned int)*resultsSize)' failed.
/var/spool/slurm/slurmd/job54037205/slurm_script: line 105: 1066197 Aborted                 (core dumped) ./build/main /scratch/bwd29/data/TINY_Normalized.bin 384 $j

0.380000 5000000 26 9985 10952418706358 100.865614 main: src/launcher.cu:1703: neighborTable* nodeLauncher(double*, unsigned int, unsigned int, unsigned int, unsigned int*, double): Assertion `cudaSuccess == cudaMalloc((void**)&d_pointB[i], sizeof(unsigned int)*resultsSize)' failed.
/var/spool/slurm/slurmd/job54037205/slurm_script: line 105: 1069101 Aborted                 (core dumped) ./build/main /scratch/bwd29/data/TINY_Normalized.bin 384 $j

0.440000 5000000 28 7729 12588950650542 96.546145 main: src/launcher.cu:1703: neighborTable* nodeLauncher(double*, unsigned int, unsigned int, unsigned int, unsigned int*, double): Assertion `cudaSuccess == cudaMalloc((void**)&d_pointB[i], sizeof(unsigned int)*resultsSize)' failed.
/var/spool/slurm/slurmd/job54037205/slurm_script: line 105: 1073673 Aborted                 (core dumped) ./build/main /scratch/bwd29/data/TINY_Normalized.bin 384 $j


MSD ________________________________________________________________


0.007000 515345 12 979 111751608717 1.450333 3.909761 
0.007525 515345 12 935 119279995101 1.444879 4.525017 
0.008050 515345 13 937 126893182915 1.582554 5.182111 
0.008575 515345 14 998 133407766973 1.697418 6.235588 
0.009100 515345 15 983 141632177315 1.906882 7.560522 

SUSY ________________________________________________________________


0.010000 5000000 6 14029 611929908276 7.048969 16.119477 
0.012750 5000000 7 14894 1110690896942 9.527768 29.162435 
0.015500 5000000 8 15695 1737323516914 14.344421 50.197980 
0.018250 5000000 9 18997 2649571420480 23.284796 87.085446 
0.021000 5000000 9 14261 4201305210822 20.195597 132.874309 

HIGGS ________________________________________________________________


0.010000 11000000 7 45098 1821534431444 38.846157 82.653372 
0.021375 11000000 10 76118 15154182093780 160.081221 616.004402 
0.032750 11000000 12 48053 46013145042564 176.914370 slurmstepd: error: *** JOB 54037205 ON cn2 CANCELLED AT 2022-10-04T15:02:39 ***
Job has already finished for job 54037205
