
EPSILON | NUMPOINTS | RP | NODES | CALCS | Construct T | Total T



MSD ________________________________________________________________


0.007000 515345 13 2202 107876911003 1.347834 7.514405 
0.007525 515345 12 1713 116918749089 1.177609 8.799324 
0.008050 515345 14 2128 123335502953 1.384744 10.943604 
0.008575 515345 14 1936 131170941807 1.373469 13.231967 
0.009100 515345 12 1359 141748885439 1.058730 terminate called after throwing an instance of 'thrust::system::system_error'
  what():  smart_sort: failed to synchronize: cudaErrorIllegalAddress: an illegal memory access was encountered
/var/spool/slurm/slurmd/job54250482/slurm_script: line 36: 1924153 Aborted                 (core dumped) ./build/main /scratch/bwd29/data/MSD.bin 90 $j


UNI ________________________________________________________________


0.250000 2000000 7 14303 380741931490 4.005062 31.874861 
0.300000 2000000 7 9544 742469458250 2.928836 62.638108 
0.350000 2000000 8 12080 1051625127648 4.516920 111.852884 
0.400000 2000000 8 7993 1611980428584 3.199525 185.631919 
0.450000 2000000 5 589 2642672354444 1.273095 main: src/launcher.cu:2622: neighborTable* nodeLauncher3(double*, unsigned int, unsigned int, unsigned int, unsigned int*, double): Assertion `cudaSuccess == cudaMemcpyAsync(&keyValueIndex[i], &d_keyValueIndex[i], sizeof(unsigned long long ), cudaMemcpyDeviceToHost, stream[tid])' failed.
main: src/launcher.cu:2622: neighborTable* nodeLauncher3(double*, unsigned int, unsigned int, unsigned int, unsigned int*, double): Assertion `cudaSuccess == cudaMemcpyAsync(&keyValueIndex[i], &d_keyValueIndex[i], sizeof(unsigned long long ), cudaMemcpyDeviceToHost, stream[tid])' failed.
/var/spool/slurm/slurmd/job54250482/slurm_script: line 47: 1927001 Aborted                 (core dumped) ./build/main /scratch/bwd29/data/ndim_10_2mil.bin 10 $j


EXPO ________________________________________________________________


0.030000 2000000 10 13782 1447117561564 7.632949 211.576760 
0.033750 2000000 10 10985 1821002823652 6.530051 297.759131 
0.037500 2000000 10 9983 2127730479806 5.890402 394.056431 
0.041250 2000000 11 10465 2413733837108 7.005744 505.778919 
0.045000 2000000 11 8231 2664959580840 6.137173 main: src/launcher.cu:2632: neighborTable* nodeLauncher3(double*, unsigned int, unsigned int, unsigned int, unsigned int*, double): Assertion `cudaSuccess == cudaMallocHost((void**) &pointB[tid], sizeof(unsigned int)*(keyValueIndex[i] + 1))' failed.
main: src/launcher.cu:2622: neighborTable* nodeLauncher3(double*, unsigned int, unsigned int, unsigned int, unsigned int*, double): Assertion `cudaSuccess == cudaMemcpyAsync(&keyValueIndex[i], &d_keyValueIndex[i], sizeof(unsigned long long ), cudaMemcpyDeviceToHost, stream[tid])' failed.
/var/spool/slurm/slurmd/job54250482/slurm_script: line 58: 1931101 Aborted                 (core dumped) ./build/main /scratch/bwd29/data/2mil16dexpo.bin 16 $j


Census____________________________________________________________


0.001000 2458285 4 10329 28500904977 2.031904 6.892560 
0.003250 2458285 7 9523 125284874529 4.026429 25.258436 
0.005500 2458285 10 12698 321481519709 6.866770 86.396096 
0.007750 2458285 12 14973 609975294041 12.302942 main: src/launcher.cu:2622: neighborTable* nodeLauncher3(double*, unsigned int, unsigned int, unsigned int, unsigned int*, double): Assertion `cudaSuccess == cudaMemcpyAsync(&keyValueIndex[i], &d_keyValueIndex[i], sizeof(unsigned long long ), cudaMemcpyDeviceToHost, stream[tid])' failed.
main: src/launcher.cu:2622: neighborTable* nodeLauncher3(double*, unsigned int, unsigned int, unsigned int, unsigned int*, double): Assertion `cudaSuccess == cudaMemcpyAsync(&keyValueIndex[i], &d_keyValueIndex[i], sizeof(unsigned long long ), cudaMemcpyDeviceToHost, stream[tid])' failed.
/var/spool/slurm/slurmd/job54250482/slurm_script: line 69: 1933528 Aborted                 (core dumped) ./build/main /scratch/bwd29/data/USC_Normalized_No1Col.bin 68 $j

0.010000 2458285 14 15600 956039215375 16.700225 main: src/launcher.cu:2622: neighborTable* nodeLauncher3(double*, unsigned int, unsigned int, unsigned int, unsigned int*, double): Assertion `cudaSuccess == cudaMemcpyAsync(&keyValueIndex[i], &d_keyValueIndex[i], sizeof(unsigned long long ), cudaMemcpyDeviceToHost, stream[tid])' failed.
main: src/launcher.cu:2632: neighborTable* nodeLauncher3(double*, unsigned int, unsigned int, unsigned int, unsigned int*, double): Assertion `cudaSuccess == cudaMallocHost((void**) &pointB[tid], sizeof(unsigned int)*(keyValueIndex[i] + 1))' failed.
/var/spool/slurm/slurmd/job54250482/slurm_script: line 69: 1934406 Aborted                 (core dumped) ./build/main /scratch/bwd29/data/USC_Normalized_No1Col.bin 68 $j


Wave __________________________________________________


0.002000 287999 10 606 10861634319 0.494107 0.814956 
0.003250 287999 10 635 17878180011 0.431398 1.012624 
0.004500 287999 14 764 24080499553 0.671173 1.614309 
0.005750 287999 15 658 29722116243 0.708950 2.193735 
0.007000 287999 17 755 34585937515 0.839108 3.674764 

BIGCROSS____________________________________________________________


0.001000 11620300 4 56603 120929213754 11.479067 24.590564 
0.005750 11620300 8 43764 992052523520 25.304079 160.727905 
0.010500 11620300 13 66094 3359504873684 65.637942 550.412079 
0.015250 11620300 16 59052 8194827042090 89.112937 main: src/launcher.cu:2622: neighborTable* nodeLauncher3(double*, unsigned int, unsigned int, unsigned int, unsigned int*, double): Assertion `cudaSuccess == cudaMemcpyAsync(&keyValueIndex[i], &d_keyValueIndex[i], sizeof(unsigned long long ), cudaMemcpyDeviceToHost, stream[tid])' failed.
/var/spool/slurm/slurmd/job54250482/slurm_script: line 87: 1941335 Aborted                 (core dumped) ./build/main /scratch/bwd29/data/BIGCROSS_Normalized.bin 57 $j

0.020000 11620300 18 49101 14485444117576 87.514144 main: src/launcher.cu:2622: neighborTable* nodeLauncher3(double*, unsigned int, unsigned int, unsigned int, unsigned int*, double): Assertion `cudaSuccess == cudaMemcpyAsync(&keyValueIndex[i], &d_keyValueIndex[i], sizeof(unsigned long long ), cudaMemcpyDeviceToHost, stream[tid])' failed.
main: src/launcher.cu:2622: neighborTable* nodeLauncher3(double*, unsigned int, unsigned int, unsigned int, unsigned int*, double): Assertion `cudaSuccess == cudaMemcpyAsync(&keyValueIndex[i], &d_keyValueIndex[i], sizeof(unsigned long long ), cudaMemcpyDeviceToHost, stream[tid])' failed.
/var/spool/slurm/slurmd/job54250482/slurm_script: line 87: 1943178 Aborted                 (core dumped) ./build/main /scratch/bwd29/data/BIGCROSS_Normalized.bin 57 $j


SUSY ________________________________________________________________


0.010000 5000000 7 32076 517598545148 9.172790 89.545372 
0.012750 5000000 8 35338 960853651250 15.537920 181.531612 
0.015500 5000000 8 25167 1849400808182 11.274726 341.006001 
0.018250 5000000 10 31969 2635912172844 21.738158 main: src/launcher.cu:2622: neighborTable* nodeLauncher3(double*, unsigned int, unsigned int, unsigned int, unsigned int*, double): Assertion `cudaSuccess == cudaMemcpyAsync(&keyValueIndex[i], &d_keyValueIndex[i], sizeof(unsigned long long ), cudaMemcpyDeviceToHost, stream[tid])' failed.
main: src/launcher.cu:2632: neighborTable* nodeLauncher3(double*, unsigned int, unsigned int, unsigned int, unsigned int*, double): Assertion `cudaSuccess == cudaMallocHost((void**) &pointB[tid], sizeof(unsigned int)*(keyValueIndex[i] + 1))' failed.
/var/spool/slurm/slurmd/job54250482/slurm_script: line 98: 1946235 Aborted                 (core dumped) ./build/main /scratch/bwd29/data/SUSY_Normalized.bin 18 $j

0.021000 5000000 10 25471 4094840908100 19.172256 main: src/launcher.cu:2622: neighborTable* nodeLauncher3(double*, unsigned int, unsigned int, unsigned int, unsigned int*, double): Assertion `cudaSuccess == cudaMemcpyAsync(&keyValueIndex[i], &d_keyValueIndex[i], sizeof(unsigned long long ), cudaMemcpyDeviceToHost, stream[tid])' failed.
main: src/launcher.cu:2622: neighborTable* nodeLauncher3(double*, unsigned int, unsigned int, unsigned int, unsigned int*, double): Assertion `cudaSuccess == cudaMemcpyAsync(&keyValueIndex[i], &d_keyValueIndex[i], sizeof(unsigned long long ), cudaMemcpyDeviceToHost, stream[tid])' failed.
/var/spool/slurm/slurmd/job54250482/slurm_script: line 98: 1947080 Aborted                 (core dumped) ./build/main /scratch/bwd29/data/SUSY_Normalized.bin 18 $j


HIGGS ________________________________________________________________


0.010000 11000000 8 116282 1313330531178 56.291562 407.293544 
0.021375 11000000 11 166586 13707484660112 177.137856 munmap_chunk(): invalid pointer
/var/spool/slurm/slurmd/job54250482/slurm_script: line 107: 1948567 Aborted                 (core dumped) ./build/main /scratch/bwd29/data/HIGSS_Normalized.bin 28 $j

0.032750 11000000 13 93810 45488950909170 166.713282 /var/spool/slurm/slurmd/job54250482/slurm_script: line 107: 1949304 Segmentation fault      (core dumped) ./build/main /scratch/bwd29/data/HIGSS_Normalized.bin 28 $j

0.044125 11000000 15 46223 75523017277484 119.996968 /var/spool/slurm/slurmd/job54250482/slurm_script: line 107: 1950274 Segmentation fault      (core dumped) ./build/main /scratch/bwd29/data/HIGSS_Normalized.bin 28 $j

0.055500 11000000 16 26330 96159564952642 71.579863 main: src/launcher.cu:2622: neighborTable* nodeLauncher3(double*, unsigned int, unsigned int, unsigned int, unsigned int*, double): Assertion `cudaSuccess == cudaMemcpyAsync(&keyValueIndex[i], &d_keyValueIndex[i], sizeof(unsigned long long ), cudaMemcpyDeviceToHost, stream[tid])' failed.
main: src/launcher.cu:2622: neighborTable* nodeLauncher3(double*, unsigned int, unsigned int, unsigned int, unsigned int*, double): Assertion `cudaSuccess == cudaMemcpyAsync(&keyValueIndex[i], &d_keyValueIndex[i], sizeof(unsigned long long ), cudaMemcpyDeviceToHost, stream[tid])' failed.
/var/spool/slurm/slurmd/job54250482/slurm_script: line 107: 1951314 Aborted                 (core dumped) ./build/main /scratch/bwd29/data/HIGSS_Normalized.bin 28 $j

Tiny____________________________________________________


0.200000 5000000 19 29987 5536736284600 77.482149 2830.668277 
0.260000 5000000 22 23466 7459090958354 73.642993 5367.063804 
0.320000 5000000 25 18184 9268356805916 67.814005 9012.213619 
0.380000 5000000 27 14664 10971288770374 71.724692 main: src/launcher.cu:2632: neighborTable* nodeLauncher3(double*, unsigned int, unsigned int, unsigned int, unsigned int*, double): Assertion `cudaSuccess == cudaMallocHost((void**) &pointB[tid], sizeof(unsigned int)*(keyValueIndex[i] + 1))' failed.
main: src/launcher.cu:2622: neighborTable* nodeLauncher3(double*, unsigned int, unsigned int, unsigned int, unsigned int*, double): Assertion `cudaSuccess == cudaMemcpyAsync(&keyValueIndex[i], &d_keyValueIndex[i], sizeof(unsigned long long ), cudaMemcpyDeviceToHost, stream[tid])' failed.
/var/spool/slurm/slurmd/job54250482/slurm_script: line 116: 1969070 Aborted                 (core dumped) ./build/main /scratch/bwd29/data/TINY_Normalized.bin 384 $j

0.440000 5000000 30 12641 12593162988542 72.402487 main: src/launcher.cu:2622: neighborTable* nodeLauncher3(double*, unsigned int, unsigned int, unsigned int, unsigned int*, double): Assertion `cudaSuccess == cudaMemcpyAsync(&keyValueIndex[i], &d_keyValueIndex[i], sizeof(unsigned long long ), cudaMemcpyDeviceToHost, stream[tid])' failed.
/var/spool/slurm/slurmd/job54250482/slurm_script: line 116: 1974032 Aborted                 (core dumped) ./build/main /scratch/bwd29/data/TINY_Normalized.bin 384 $j


MSD ________________________________________________________________


0.007000 515345 14 2438 107142926357 1.567833 7.038677 
0.007525 515345 14 2271 115477802753 1.443224 8.287336 
0.008050 515345 14 2128 123335502953 1.437184 9.972567 
0.008575 515345 14 1936 131170941807 1.362020 11.983279 
0.009100 515345 15 2090 138666871987 1.578638 main: src/launcher.cu:2622: neighborTable* nodeLauncher3(double*, unsigned int, unsigned int, unsigned int, unsigned int*, double): Assertion `cudaSuccess == cudaMemcpyAsync(&keyValueIndex[i], &d_keyValueIndex[i], sizeof(unsigned long long ), cudaMemcpyDeviceToHost, stream[tid])' failed.
/var/spool/slurm/slurmd/job54250482/slurm_script: line 36: 1981025 Aborted                 (core dumped) ./build/main /scratch/bwd29/data/MSD.bin 90 $j


UNI ________________________________________________________________


0.250000 2000000 7 14303 380741931490 4.052012 24.539056 
0.300000 2000000 7 9544 742469458250 2.970130 47.899185 
0.350000 2000000 8 12080 1051625127648 4.579649 83.204923 
0.400000 2000000 8 7993 1611980428584 3.502657 139.114732 
0.450000 2000000 8 5830 2091756932602 2.950962 main: src/launcher.cu:2622: neighborTable* nodeLauncher3(double*, unsigned int, unsigned int, unsigned int, unsigned int*, double): Assertion `cudaSuccess == cudaMemcpyAsync(&keyValueIndex[i], &d_keyValueIndex[i], sizeof(unsigned long long ), cudaMemcpyDeviceToHost, stream[tid])' failed.
main: src/launcher.cu:2622: neighborTable* nodeLauncher3(double*, unsigned int, unsigned int, unsigned int, unsigned int*, double): Assertion `cudaSuccess == cudaMemcpyAsync(&keyValueIndex[i], &d_keyValueIndex[i], sizeof(unsigned long long ), cudaMemcpyDeviceToHost, stream[tid])' failed.
/var/spool/slurm/slurmd/job54250482/slurm_script: line 47: 1984114 Aborted                 (core dumped) ./build/main /scratch/bwd29/data/ndim_10_2mil.bin 10 $j


EXPO ________________________________________________________________


0.030000 2000000 7 4200 1680622894052 1.971922 161.701809 
0.033750 2000000 10 10985 1821002823652 6.611881 224.553529 
0.037500 2000000 10 9983 2127730479806 5.995185 299.255426 
0.041250 2000000 11 10465 2413733837108 7.392164 376.042381 
0.045000 2000000 11 8231 2664959580840 5.841201 main: src/launcher.cu:2622: neighborTable* nodeLauncher3(double*, unsigned int, unsigned int, unsigned int, unsigned int*, double): Assertion `cudaSuccess == cudaMemcpyAsync(&keyValueIndex[i], &d_keyValueIndex[i], sizeof(unsigned long long ), cudaMemcpyDeviceToHost, stream[tid])' failed.
main: src/launcher.cu:2622: neighborTable* nodeLauncher3(double*, unsigned int, unsigned int, unsigned int, unsigned int*, double): Assertion `cudaSuccess == cudaMemcpyAsync(&keyValueIndex[i], &d_keyValueIndex[i], sizeof(unsigned long long ), cudaMemcpyDeviceToHost, stream[tid])' failed.
/var/spool/slurm/slurmd/job54250482/slurm_script: line 58: 1987866 Aborted                 (core dumped) ./build/main /scratch/bwd29/data/2mil16dexpo.bin 16 $j


Census____________________________________________________________


0.001000 2458285 4 10329 28500904977 2.055281 6.000490 
0.003250 2458285 7 9523 125284874529 3.945707 18.812599 
0.005500 2458285 10 12698 321481519709 7.810918 65.700187 
0.007750 2458285 12 14973 609975294041 13.076734 main: src/launcher.cu:2622: neighborTable* nodeLauncher3(double*, unsigned int, unsigned int, unsigned int, unsigned int*, double): Assertion `cudaSuccess == cudaMemcpyAsync(&keyValueIndex[i], &d_keyValueIndex[i], sizeof(unsigned long long ), cudaMemcpyDeviceToHost, stream[tid])' failed.
main: src/launcher.cu:2622: neighborTable* nodeLauncher3(double*, unsigned int, unsigned int, unsigned int, unsigned int*, double): Assertion `cudaSuccess == cudaMemcpyAsync(&keyValueIndex[i], &d_keyValueIndex[i], sizeof(unsigned long long ), cudaMemcpyDeviceToHost, stream[tid])' failed.
/var/spool/slurm/slurmd/job54250482/slurm_script: line 69: 1990183 Aborted                 (core dumped) ./build/main /scratch/bwd29/data/USC_Normalized_No1Col.bin 68 $j

0.010000 2458285 12 11350 1007872259545 11.168250 main: src/launcher.cu:2622: neighborTable* nodeLauncher3(double*, unsigned int, unsigned int, unsigned int, unsigned int*, double): Assertion `cudaSuccess == cudaMemcpyAsync(&keyValueIndex[i], &d_keyValueIndex[i], sizeof(unsigned long long ), cudaMemcpyDeviceToHost, stream[tid])' failed.
main: src/launcher.cu:2632: neighborTable* nodeLauncher3(double*, unsigned int, unsigned int, unsigned int, unsigned int*, double): Assertion `cudaSuccess == cudaMallocHost((void**) &pointB[tid], sizeof(unsigned int)*(keyValueIndex[i] + 1))' failed.
/var/spool/slurm/slurmd/job54250482/slurm_script: line 69: 1991004 Aborted                 (core dumped) ./build/main /scratch/bwd29/data/USC_Normalized_No1Col.bin 68 $j


Wave __________________________________________________


0.002000 287999 9 595 10871321453 0.468019 0.749748 
0.003250 287999 10 635 17878180011 0.488048 1.002305 
0.004500 287999 13 688 24154594281 0.616158 1.442996 
0.005750 287999 14 600 29861024347 0.713553 2.025773 
0.007000 287999 14 586 35101001357 0.710514 3.275827 

BIGCROSS____________________________________________________________


0.001000 11620300 4 56603 120929213754 10.906071 21.957376 
0.005750 11620300 8 43764 992052523520 24.089766 120.630325 
0.010500 11620300 14 72924 3325324912520 74.748108 336.590835 
0.015250 11620300 17 68886 7999650020588 100.354315 main: src/launcher.cu:2622: neighborTable* nodeLauncher3(double*, unsigned int, unsigned int, unsigned int, unsigned int*, double): Assertion `cudaSuccess == cudaMemcpyAsync(&keyValueIndex[i], &d_keyValueIndex[i], sizeof(unsigned long long ), cudaMemcpyDeviceToHost, stream[tid])' failed.
main: src/launcher.cu:2622: neighborTable* nodeLauncher3(double*, unsigned int, unsigned int, unsigned int, unsigned int*, double): Assertion `cudaSuccess == cudaMemcpyAsync(&keyValueIndex[i], &d_keyValueIndex[i], sizeof(unsigned long long ), cudaMemcpyDeviceToHost, stream[tid])' failed.
/var/spool/slurm/slurmd/job54250482/slurm_script: line 87: 1997459 Aborted                 (core dumped) ./build/main /scratch/bwd29/data/BIGCROSS_Normalized.bin 57 $j

0.020000 11620300 18 49101 14485444117576 86.573473 main: src/launcher.cu:2622: neighborTable* nodeLauncher3(double*, unsigned int, unsigned int, unsigned int, unsigned int*, double): Assertion `cudaSuccess == cudaMemcpyAsync(&keyValueIndex[i], &d_keyValueIndex[i], sizeof(unsigned long long ), cudaMemcpyDeviceToHost, stream[tid])' failed.
main: src/launcher.cu:2622: neighborTable* nodeLauncher3(double*, unsigned int, unsigned int, unsigned int, unsigned int*, double): Assertion `cudaSuccess == cudaMemcpyAsync(&keyValueIndex[i], &d_keyValueIndex[i], sizeof(unsigned long long ), cudaMemcpyDeviceToHost, stream[tid])' failed.
/var/spool/slurm/slurmd/job54250482/slurm_script: line 87: 1999017 Aborted                 (core dumped) ./build/main /scratch/bwd29/data/BIGCROSS_Normalized.bin 57 $j


SUSY ________________________________________________________________


0.010000 5000000 8 35615 508775335134 12.913155 59.552662 
0.012750 5000000 8 35338 960853651250 14.786737 122.299837 
0.015500 5000000 8 25167 1849400808182 10.641569 234.792087 
0.018250 5000000 10 31969 2635912172844 20.508642 main: src/launcher.cu:2632: neighborTable* nodeLauncher3(double*, unsigned int, unsigned int, unsigned int, unsigned int*, double): Assertion `cudaSuccess == cudaMallocHost((void**) &pointB[tid], sizeof(unsigned int)*(keyValueIndex[i] + 1))' failed.
main: src/launcher.cu:2622: neighborTable* nodeLauncher3(double*, unsigned int, unsigned int, unsigned int, unsigned int*, double): Assertion `cudaSuccess == cudaMemcpyAsync(&keyValueIndex[i], &d_keyValueIndex[i], sizeof(unsigned long long ), cudaMemcpyDeviceToHost, stream[tid])' failed.
/var/spool/slurm/slurmd/job54250482/slurm_script: line 98: 2001952 Aborted                 (core dumped) ./build/main /scratch/bwd29/data/SUSY_Normalized.bin 18 $j

0.021000 5000000 10 25471 4094840908100 17.835078 main: src/launcher.cu:2622: neighborTable* nodeLauncher3(double*, unsigned int, unsigned int, unsigned int, unsigned int*, double): Assertion `cudaSuccess == cudaMemcpyAsync(&keyValueIndex[i], &d_keyValueIndex[i], sizeof(unsigned long long ), cudaMemcpyDeviceToHost, stream[tid])' failed.
main: src/launcher.cu:2622: neighborTable* nodeLauncher3(double*, unsigned int, unsigned int, unsigned int, unsigned int*, double): Assertion `cudaSuccess == cudaMemcpyAsync(&keyValueIndex[i], &d_keyValueIndex[i], sizeof(unsigned long long ), cudaMemcpyDeviceToHost, stream[tid])' failed.
/var/spool/slurm/slurmd/job54250482/slurm_script: line 98: 2002760 Aborted                 (core dumped) ./build/main /scratch/bwd29/data/SUSY_Normalized.bin 18 $j


HIGGS ________________________________________________________________


0.010000 11000000 7 112063 1318011263498 34.580320 252.478734 
0.021375 11000000 11 166586 13707484660112 217.684055 /var/spool/slurm/slurmd/job54250482/slurm_script: line 107: 2004045 Segmentation fault      (core dumped) ./build/main /scratch/bwd29/data/HIGSS_Normalized.bin 28 $j

0.032750 11000000 13 93810 45488950909170 165.525640 /var/spool/slurm/slurmd/job54250482/slurm_script: line 107: 2004890 Segmentation fault      (core dumped) ./build/main /scratch/bwd29/data/HIGSS_Normalized.bin 28 $j

0.044125 11000000 15 46223 75523017277484 118.135078 /var/spool/slurm/slurmd/job54250482/slurm_script: line 107: 2005826 Segmentation fault      (core dumped) ./build/main /scratch/bwd29/data/HIGSS_Normalized.bin 28 $j

0.055500 11000000 17 34941 95577570764904 89.254407 main: src/launcher.cu:2622: neighborTable* nodeLauncher3(double*, unsigned int, unsigned int, unsigned int, unsigned int*, double): Assertion `cudaSuccess == cudaMemcpyAsync(&keyValueIndex[i], &d_keyValueIndex[i], sizeof(unsigned long long ), cudaMemcpyDeviceToHost, stream[tid])' failed.
main: src/launcher.cu:2622: neighborTable* nodeLauncher3(double*, unsigned int, unsigned int, unsigned int, unsigned int*, double): Assertion `cudaSuccess == cudaMemcpyAsync(&keyValueIndex[i], &d_keyValueIndex[i], sizeof(unsigned long long ), cudaMemcpyDeviceToHost, stream[tid])' failed.
/var/spool/slurm/slurmd/job54250482/slurm_script: line 107: 2006769 Aborted                 (core dumped) ./build/main /scratch/bwd29/data/HIGSS_Normalized.bin 28 $j

Tiny____________________________________________________


0.200000 5000000 20 35750 5489796002610 89.653852 2120.192184 
0.260000 5000000 22 23466 7459090958354 72.301590 4038.767616 
0.320000 5000000 25 18184 9268356805916 71.849233 6842.150595 
0.380000 5000000 28 16726 10947931410626 76.961268 main: src/launcher.cu:2640: neighborTable* nodeLauncher3(double*, unsigned int, unsigned int, unsigned int, unsigned int*, double): Assertion `cudaSuccess == cudaMemcpyAsync(pointB[tid], d_pointB[tid], sizeof(unsigned int)*keyValueIndex[i], cudaMemcpyDeviceToHost, stream[tid])' failed.
/var/spool/slurm/slurmd/job54250482/slurm_script: line 116: 2022090 Aborted                 (core dumped) ./build/main /scratch/bwd29/data/TINY_Normalized.bin 384 $j

0.440000 5000000 28 10024 12635742269342 60.766426 main: src/launcher.cu:2622: neighborTable* nodeLauncher3(double*, unsigned int, unsigned int, unsigned int, unsigned int*, double): Assertion `cudaSuccess == cudaMemcpyAsync(&keyValueIndex[i], &d_keyValueIndex[i], sizeof(unsigned long long ), cudaMemcpyDeviceToHost, stream[tid])' failed.
/var/spool/slurm/slurmd/job54250482/slurm_script: line 116: 2026369 Aborted                 (core dumped) ./build/main /scratch/bwd29/data/TINY_Normalized.bin 384 $j


MSD ________________________________________________________________


0.007000 515345 3 123 139008172495 0.377691 5.987757 
0.007525 515345 14 2271 115477802753 1.511426 7.673095 
0.008050 515345 14 2128 123335502953 1.443293 9.159388 
0.008575 515345 13 1712 131919015945 1.215087 10.907142 
0.009100 515345 15 2090 138666871987 1.525686 main: src/launcher.cu:2622: neighborTable* nodeLauncher3(double*, unsigned int, unsigned int, unsigned int, unsigned int*, double): Assertion `cudaSuccess == cudaMemcpyAsync(&keyValueIndex[i], &d_keyValueIndex[i], sizeof(unsigned long long ), cudaMemcpyDeviceToHost, stream[tid])' failed.
terminate called after throwing an instance of 'thrust::system::system_error'
/var/spool/slurm/slurmd/job54250482/slurm_script: line 36: 2032350 Aborted                 (core dumped) ./build/main /scratch/bwd29/data/MSD.bin 90 $j


UNI ________________________________________________________________


0.250000 2000000 7 14303 380741931490 3.639001 19.161228 
0.300000 2000000 7 9544 742469458250 3.057492 37.923019 
0.350000 2000000 8 12080 1051625127648 4.264007 63.622002 
0.400000 2000000 3 104 2836465026598 0.885785 77.392644 
0.450000 2000000 8 5830 2091756932602 2.804680 main: src/launcher.cu:2622: neighborTable* nodeLauncher3(double*, unsigned int, unsigned int, unsigned int, unsigned int*, double): Assertion `cudaSuccess == cudaMemcpyAsync(&keyValueIndex[i], &d_keyValueIndex[i], sizeof(unsigned long long ), cudaMemcpyDeviceToHost, stream[tid])' failed.
/var/spool/slurm/slurmd/job54250482/slurm_script: line 47: 2035088 Aborted                 (core dumped) ./build/main /scratch/bwd29/data/ndim_10_2mil.bin 10 $j


EXPO ________________________________________________________________


0.030000 2000000 6 2406 1785101377914 1.630945 128.222234 
0.033750 2000000 10 10985 1821002823652 5.913175 172.759888 
0.037500 2000000 10 9983 2127730479806 5.864238 233.223293 
0.041250 2000000 9 5309 2548697705498 3.386771 292.948446 
0.045000 2000000 11 8231 2664959580840 6.508870 main: src/launcher.cu:2622: neighborTable* nodeLauncher3(double*, unsigned int, unsigned int, unsigned int, unsigned int*, double): Assertion `cudaSuccess == cudaMemcpyAsync(&keyValueIndex[i], &d_keyValueIndex[i], sizeof(unsigned long long ), cudaMemcpyDeviceToHost, stream[tid])' failed.
main: src/launcher.cu:2632: neighborTable* nodeLauncher3(double*, unsigned int, unsigned int, unsigned int, unsigned int*, double): Assertion `cudaSuccess == cudaMallocHost((void**) &pointB[tid], sizeof(unsigned int)*(keyValueIndex[i] + 1))' failed.
/var/spool/slurm/slurmd/job54250482/slurm_script: line 58: 2038406 Aborted                 (core dumped) ./build/main /scratch/bwd29/data/2mil16dexpo.bin 16 $j


Census____________________________________________________________


0.001000 2458285 4 10329 28500904977 2.035892 6.613448 
0.003250 2458285 7 9523 125284874529 3.785425 15.540511 
0.005500 2458285 9 11197 329064452405 6.637838 49.748234 
0.007750 2458285 11 12564 625873926701 9.353425 main: src/launcher.cu:2640: neighborTable* nodeLauncher3(double*, unsigned int, unsigned int, unsigned int, unsigned int*, double): Assertion `cudaSuccess == cudaMemcpyAsync(pointB[tid], d_pointB[tid], sizeof(unsigned int)*keyValueIndex[i], cudaMemcpyDeviceToHost, stream[tid])' failed.
/var/spool/slurm/slurmd/job54250482/slurm_script: line 69: 2040590 Aborted                 (core dumped) ./build/main /scratch/bwd29/data/USC_Normalized_No1Col.bin 68 $j

0.010000 2458285 14 15600 956039215375 17.681430 /var/spool/slurm/slurmd/job54250482/slurm_script: line 69: 2041300 Segmentation fault      (core dumped) ./build/main /scratch/bwd29/data/USC_Normalized_No1Col.bin 68 $j


Wave __________________________________________________


0.002000 287999 8 576 10903610643 0.464856 0.727203 
0.003250 287999 10 635 17878180011 0.533642 0.997213 
0.004500 287999 12 626 24343736929 0.556890 1.250337 
0.005750 287999 15 658 29722116243 0.695634 1.881511 
0.007000 287999 19 897 34242629667 0.935004 3.273344 

BIGCROSS____________________________________________________________


0.001000 11620300 4 56603 120929213754 11.321263 21.625166 
0.005750 11620300 8 43764 992052523520 25.293398 84.855833 
0.010500 11620300 13 66094 3359504873684 69.423710 243.277332 
0.015250 11620300 17 68886 7999650020588 107.861698 main: src/launcher.cu:2622: neighborTable* nodeLauncher3(double*, unsigned int, unsigned int, unsigned int, unsigned int*, double): Assertion `cudaSuccess == cudaMemcpyAsync(&keyValueIndex[i], &d_keyValueIndex[i], sizeof(unsigned long long ), cudaMemcpyDeviceToHost, stream[tid])' failed.
main: src/launcher.cu:2622: neighborTable* nodeLauncher3(double*, unsigned int, unsigned int, unsigned int, unsigned int*, double): Assertion `cudaSuccess == cudaMemcpyAsync(&keyValueIndex[i], &d_keyValueIndex[i], sizeof(unsigned long long ), cudaMemcpyDeviceToHost, stream[tid])' failed.
/var/spool/slurm/slurmd/job54250482/slurm_script: line 87: 2047867 Aborted                 (core dumped) ./build/main /scratch/bwd29/data/BIGCROSS_Normalized.bin 57 $j

0.020000 11620300 18 49101 14485444117576 88.935680 main: src/launcher.cu:2622: neighborTable* nodeLauncher3(double*, unsigned int, unsigned int, unsigned int, unsigned int*, double): Assertion `cudaSuccess == cudaMemcpyAsync(&keyValueIndex[i], &d_keyValueIndex[i], sizeof(unsigned long long ), cudaMemcpyDeviceToHost, stream[tid])' failed.
main: src/launcher.cu:2622: neighborTable* nodeLauncher3(double*, unsigned int, unsigned int, unsigned i/var/spool/slurm/slurmd/job54250482/slurm_script: line 87: 2049300 Aborted                 (core dumped) ./build/main /scratch/bwd29/data/BIGCROSS_Normalized.bin 57 $j


SUSY ________________________________________________________________


0.010000 5000000 7 32076 517598545148 8.714635 39.183498 
0.012750 5000000 8 35338 960853651250 13.508022 80.710973 
0.015500 5000000 8 25167 1849400808182 11.162984 172.329097 
0.018250 5000000 9 24515 2831943967006 13.230823 main: src/launcher.cu:2622: neighborTable* nodeLauncher3(double*, unsigned int, unsigned int, unsigned int, unsigned int*, double): Assertion `cudaSuccess == cudaMemcpyAsync(&keyValueIndex[i], &d_keyValueIndex[i], sizeof(unsigned long long ), cudaMemcpyDeviceToHost, stream[tid])' failed.
main: src/launcher.cu:2632: neighborTable* nodeLauncher3(double*, unsigned int, unsigned int, unsigned int, unsigned int*, double): Assertion `cudaSuccess == cudaMallocHost((void**) &pointB[tid], sizeof(unsigned int)*(keyValueIndex[i] + 1))' failed.
/var/spool/slurm/slurmd/job54250482/slurm_script: line 98: 2052057 Aborted                 (core dumped) ./build/main /scratch/bwd29/data/SUSY_Normalized.bin 18 $j

0.021000 5000000 10 25471 4094840908100 19.079676 main: src/launcher.cu:2622: neighborTable* nodeLauncher3(double*, unsigned int, unsigned int, unsigned int, unsigned int*, double): Assertion `cudaSuccess == cudaMemcpyAsync(&keyValueIndex[i], &d_keyValueIndex[i], sizeof(unsigned long long ), cudaMemcpyDeviceToHost, stream[tid])' failed.
main: src/launcher.cu:2622: neighborTable* nodeLauncher3(double*, unsigned int, unsigned int, unsigned int, unsigned int*, double): Assertion `cudaSuccess == cudaMemcpyAsync(&keyValueIndex[i], &d_keyValueIndex[i], sizeof(unsigned long long ), cudaMemcpyDeviceToHost, stream[tid])' failed.
/var/spool/slurm/slurmd/job54250482/slurm_script: line 98: 2052779 Aborted                 (core dumped) ./build/main /scratch/bwd29/data/SUSY_Normalized.bin 18 $j


HIGGS ________________________________________________________________


0.010000 11000000 8 116282 1313330531178 49.326146 180.135470 
0.021375 11000000 11 166586 13707484660112 167.472379 /var/spool/slurm/slurmd/job54250482/slurm_script: line 107: 2054075 Segmentation fault      (core dumped) ./build/main /scratch/bwd29/data/HIGSS_Normalized.bin 28 $j

0.032750 11000000 13 93810 45488950909170 168.295307 free(): invalid size
/var/spool/slurm/slurmd/job54250482/slurm_script: line 107: 2054807 Aborted                 (core dumped) ./build/main /scratch/bwd29/data/HIGSS_Normalized.bin 28 $j

0.044125 11000000 15 46223 75523017277484 114.169248 free(): invalid pointer
/var/spool/slurm/slurmd/job54250482/slurm_script: line 107: 2055764 Aborted                 (core dumped) ./build/main /scratch/bwd29/data/HIGSS_Normalized.bin 28 $j

0.055500 11000000 17 34941 95577570764904 94.317597 /var/spool/slurm/slurmd/job54250482/slurm_script: line 107: 2056798 Segmentation fault      (core dumped) ./build/main /scratch/bwd29/data/HIGSS_Normalized.bin 28 $j

Tiny____________________________________________________


0.200000 5000000 19 29987 5536736284600 78.765745 1670.764747 
0.260000 5000000 22 23466 7459090958354 79.661322 3185.791281 
0.320000 5000000 22 11297 9368595106724 47.894748 5328.818434 
0.380000 5000000 28 16726 10947931410626 78.888650 main: src/launcher.cu:2640: neighborTable* nodeLauncher3(double*, unsigned int, unsigned int, unsigned int, unsigned int*, double): Assertion `cudaSuccess == cudaMemcpyAsync(pointB[tid], d_pointB[tid], sizeof(unsigned int)*keyValueIndex[i], cudaMemcpyDeviceToHost, stream[tid])' failed.
/var/spool/slurm/slurmd/job54250482/slurm_script: line 116: 2068150 Aborted                 (core dumped) ./build/main /scratch/bwd29/data/TINY_Normalized.bin 384 $j

0.440000 5000000 29 11318 12617509457620 66.642000 main: src/launcher.cu:2622: neighborTable* nodeLauncher3(double*, unsigned int, unsigned int, unsigned int, unsigned int*, double): Assertion `cudaSuccess == cudaMemcpyAsync(&keyValueIndex[i], &d_keyValueIndex[i], sizeof(unsigned long long ), cudaMemcpyDeviceToHost, stream[tid])' failed.
/var/spool/slurm/slurmd/job54250482/slurm_script: line 116: 2071927 Aborted                 (core dumped) ./build/main /scratch/bwd29/data/TINY_Normalized.bin 384 $j


MSD ________________________________________________________________


0.007000 515345 14 2438 107142926357 1.628626 6.207324 
0.007525 515345 5 358 133010189565 0.508045 6.708686 
0.008050 515345 14 2128 123335502953 1.470809 8.698668 
0.008575 515345 14 1936 131170941807 1.421749 10.496343 
0.009100 515345 15 2090 138666871987 1.532106 main: src/launcher.cu:2622: neighborTable* nodeLauncher3(double*, unsigned int, unsigned int, unsigned int, unsigned int*, double): Assertion `cudaSuccess == cudaMemcpyAsync(&keyValueIndex[i], &d_keyValueIndex[i], sizeof(unsigned long long ), cudaMemcpyDeviceToHost, stream[tid])' failed.
/var/spool/slurm/slurmd/job54250482/slurm_script: line 36: 2077626 Aborted                 (core dumped) ./build/main /scratch/bwd29/data/MSD.bin 90 $j


UNI ________________________________________________________________


0.250000 2000000 7 14303 380741931490 3.929017 16.480954 
0.300000 2000000 7 9544 742469458250 2.994746 31.823423 
0.350000 2000000 8 12080 1051625127648 4.426600 52.924642 
0.400000 2000000 8 7993 1611980428584 3.352621 89.571765 
0.450000 2000000 8 5830 2091756932602 2.822938 main: src/launcher.cu:2622: neighborTable* nodeLauncher3(double*, unsigned int, unsigned int, unsigned int, unsigned int*, double): Assertion `cudaSuccess == cudaMemcpyAsync(&keyValueIndex[i], &d_keyValueIndex[i], sizeof(unsigned long long ), cudaMemcpyDeviceToHost, stream[tid])' failed.
main: src/launcher.cu:2622: neighborTable* nodeLauncher3(double*, unsigned int, unsigned int, unsigned int, unsigned int*, double): Assertion `cudaSuccess == cudaMemcpyAsync(&keyValueIndex[i], &d_keyValueIndex[i], sizeof(unsigned long long ), cudaMemcpyDeviceToHost, stream[tid])' failed.
/var/spool/slurm/slurmd/job54250482/slurm_script: line 47: 2080572 Aborted                 (core dumped) ./build/main /scratch/bwd29/data/ndim_10_2mil.bin 10 $j


EXPO ________________________________________________________________


0.030000 2000000 10 13782 1447117561564 7.842678 102.257302 
0.033750 2000000 11 15593 1752850120104 11.920780 145.287838 
0.037500 2000000 10 9983 2127730479806 6.189323 194.020858 
0.041250 2000000 11 10465 2413733837108 7.926686 243.494616 
0.045000 2000000 11 8231 2664959580840 6.166663 main: src/launcher.cu:2622: neighborTable* nodeLauncher3(double*, unsigned int, unsigned int, unsigned int, unsigned int*, double): Assertion `cudaSuccess == cudaMemcpyAsync(&keyValueIndex[i], &d_keyValueIndex[i], sizeof(unsigned long long ), cudaMemcpyDeviceToHost, stream[tid])' failed.
main: src/launcher.cu:2622: neighborTable* nodeLauncher3(double*, unsigned int, unsigned int, unsigned int, unsigned int*, double): Assertion `cudaSuccess == cudaMemcpyAsync(&keyValueIndex[i], &d_keyValueIndex[i], sizeof(unsigned long long ), cudaMemcpyDeviceToHost, stream[tid])' failed.
/var/spool/slurm/slurmd/job54250482/slurm_script: line 58: 2084094 Aborted                 (core dumped) ./build/main /scratch/bwd29/data/2mil16dexpo.bin 16 $j


Census____________________________________________________________


0.001000 2458285 4 10329 28500904977 2.105749 5.266978 
0.003250 2458285 7 9523 125284874529 3.657724 13.673172 
0.005500 2458285 9 11197 329064452405 6.170234 41.156942 
0.007750 2458285 12 14973 609975294041 12.218599 main: src/launcher.cu:2622: neighborTable* nodeLauncher3(double*, unsigned int, unsigned int, unsigned int, unsigned int*, double): Assertion `cudaSuccess == cudaMemcpyAsync(&keyValueIndex[i], &d_keyValueIndex[i], sizeof(unsigned long long ), cudaMemcpyDeviceToHost, stream[tid])' failed.
main: src/launcher.cu:2622: neighborTable* nodeLauncher3(double*, unsigned int, unsigned int, unsigned int, unsigned int*, double): Assertion `cudaSuccess == cudaMemcpyAsync(&keyValueIndex[i], &d_keyValueIndex[i], sizeof(unsigned long long ), cudaMemcpyDeviceToHost, stream[tid])' failed.
/var/spool/slurm/slurmd/job54250482/slurm_script: line 69: 2086225 Aborted                 (core dumped) ./build/main /scratch/bwd29/data/USC_Normalized_No1Col.bin 68 $j

0.010000 2458285 14 15600 956039215375 17.354620 main: src/launcher.cu:2622: neighborTable* nodeLauncher3(double*, unsigned int, unsigned int, unsigned int, unsigned int*, double): Assertion `cudaSuccess == cudaMemcpyAsync(&keyValueIndex[i], &d_keyValueIndex[i], sizeof(unsigned long long ), cudaMemcpyDeviceToHost, stream[tid])' failed.
main: src/launcher.cu:2622: neighborTable* nodeLauncher3(double*, unsigned int, unsigned int, unsigned int, unsigned int*, double): Assertion `cudaSuccess == cudaMemcpyAsync(&keyValueIndex[i], &d_keyValueIndex[i], sizeof(unsigned long long ), cudaMemcpyDeviceToHost, stream[tid])' failed.
/var/spool/slurm/slurmd/job54250482/slurm_script: line 69: 2086987 Aborted                 (core dumped) ./build/main /scratch/bwd29/data/USC_Normalized_No1Col.bin 68 $j


Wave __________________________________________________


0.002000 287999 9 595 10871321453 0.499342 0.738590 
0.003250 287999 10 635 17878180011 0.533313 0.955478 
0.004500 287999 12 626 24343736929 0.570232 1.239106 
0.005750 287999 15 658 29722116243 0.704916 1.775299 
0.007000 287999 16 697 34663684381 0.735506 2.955231 

BIGCROSS____________________________________________________________


0.001000 11620300 4 56603 120929213754 10.819377 21.173314 
0.005750 11620300 8 43764 992052523520 24.368526 60.180033 
0.010500 11620300 13 66094 3359504873684 68.119244 195.589022 
0.015250 11620300 17 68886 7999650020588 103.791641 main: src/launcher.cu:2622: neighborTable* nodeLauncher3(double*, unsigned int, unsigned int, unsigned int, unsigned int*, double): Assertion `cudaSuccess == cudaMemcpyAsync(&keyValueIndex[i], &d_keyValueIndex[i], sizeof(unsigned long long ), cudaMemcpyDeviceToHost, stream[tid])' failed.
main: src/launcher.cu:2622: neighborTable* nodeLauncher3(double*, unsigned int, unsigned int, unsigned int, unsigned int*, double): Assertion `cudaSuccess == cudaMemcpyAsync(&keyValueIndex[i], &d_keyValueIndex[i], sizeof(unsigned long long ), cudaMemcpyDeviceToHost, stream[tid])' failed.
/var/spool/slurm/slurmd/job54250482/slurm_script: line 87: 2093308 Aborted                 (core dumped) ./build/main /scratch/bwd29/data/BIGCROSS_Normalized.bin 57 $j

0.020000 11620300 18 49101 14485444117576 91.271693 main: src/launcher.cu:2622: neighborTable* nodeLauncher3(double*, unsigned int, unsigned int, unsigned int, unsigned int*, double): Assertion `cudaSuccess == cudaMemcpyAsync(&keyValueIndex[i], &d_keyValueIndex[i], sizeof(unsigned long long ), cudaMemcpyDeviceToHost, stream[tid])' failed.
main: src/launcher.cu:2622: neighborTable* nodeLauncher3(double*, unsigned int, unsigned int, unsigned int, unsigned int*, double): Assertion `cudaSuccess == cudaMemcpyAsync(&keyValueIndex[i], &d_keyValueIndex[i], sizeof(unsigned long long ), cudaMemcpyDeviceToHost, stream[tid])' failed.
/var/spool/slurm/slurmd/job54250482/slurm_script: line 87: 2094643 Aborted                 (core dumped) ./build/main /scratch/bwd29/data/BIGCROSS_Normalized.bin 57 $j


SUSY ________________________________________________________________


0.010000 5000000 7 32076 517598545148 9.230482 31.859518 
0.012750 5000000 8 35338 960853651250 14.592021 63.820719 
0.015500 5000000 9 33898 1661144973446 17.129914 123.549678 
0.018250 5000000 10 31969 2635912172844 21.431338 main: src/launcher.cu:2632: neighborTable* nodeLauncher3(double*, unsigned int, unsigned int, unsigned int, unsigned int*, double): Assertion `cudaSuccess == cudaMallocHost((void**) &pointB[tid], sizeof(unsigned int)*(keyValueIndex[i] + 1))' failed.
main: src/launcher.cu:2622: neighborTable* nodeLauncher3(double*, unsigned int, unsigned int, unsigned int, unsigned int*, double): Assertion `cudaSuccess == cudaMemcpyAsync(&keyValueIndex[i], &d_keyValueIndex[i], sizeof(unsigned long long ), cudaMemcpyDeviceToHost, stream[tid])' failed.
/var/spool/slurm/slurmd/job54250482/slurm_script: line 98: 2097420 Aborted                 (core dumped) ./build/main /scratch/bwd29/data/SUSY_Normalized.bin 18 $j

0.021000 5000000 10 25471 4094840908100 17.822876 main: src/launcher.cu:2622: neighborTable* nodeLauncher3(double*, unsigned int, unsigned int, unsigned int, unsigned int*, double): Assertion `cudaSuccess == cudaMemcpyAsync(&keyValueIndex[i], &d_keyValueIndex[i], sizeof(unsigned long long ), cudaMemcpyDeviceToHost, stream[tid])' failed.
main: src/launcher.cu:2622: neighborTable* nodeLauncher3(double*, unsigned int, unsigned int, unsigned int, unsigned int*, double): Assertion `cudaSuccess == cudaMemcpyAsync(&keyValueIndex[i], &d_keyValueIndex[i], sizeof(unsigned long long ), cudaMemcpyDeviceToHost, stream[tid])' failed.
/var/spool/slurm/slurmd/job54250482/slurm_script: line 98: 2098190 Aborted                 (core dumped) ./build/main /scratch/bwd29/data/SUSY_Normalized.bin 18 $j


HIGGS ________________________________________________________________


0.010000 11000000 8 116282 1313330531178 54.233511 148.307105 
0.021375 11000000 11 166586 13707484660112 193.988721 munmap_chunk(): invalid pointer
/var/spool/slurm/slurmd/job54250482/slurm_script: line 107: 2099480 Aborted                 (core dumped) ./build/main /scratch/bwd29/data/HIGSS_Normalized.bin 28 $j

0.032750 11000000 13 93810 45488950909170 169.616848 /var/spool/slurm/slurmd/job54250482/slurm_script: line 107: 2100222 Segmentation fault      (core dumped) ./build/main /scratch/bwd29/data/HIGSS_Normalized.bin 28 $j

0.044125 11000000 15 46223 75523017277484 125.361337 /var/spool/slurm/slurmd/job54250482/slurm_script: line 107: 2101170 Segmentation fault      (core dumped) ./build/main /scratch/bwd29/data/HIGSS_Normalized.bin 28 $j

0.055500 11000000 17 34941 95577570764904 94.307337 /var/spool/slurm/slurmd/job54250482/slurm_script: line 107: 2102211 Segmentation fault      (core dumped) ./build/main /scratch/bwd29/data/HIGSS_Normalized.bin 28 $j

Tiny____________________________________________________


0.200000 5000000 19 29987 5536736284600 76.130714 1390.304465 
0.260000 5000000 22 23466 7459090958354 74.132465 2704.163806 
0.320000 5000000 25 18184 9268356805916 70.848033 4641.977360 
0.380000 5000000 27 14664 10971288770374 68.358735 main: src/launcher.cu:2640: neighborTable* nodeLauncher3(double*, unsigned int, unsigned int, unsigned int, unsigned int*, double): Assertion `cudaSuccess == cudaMemcpyAsync(pointB[tid], d_pointB[tid], sizeof(unsigned int)*keyValueIndex[i], cudaMemcpyDeviceToHost, stream[tid])' failed.
/var/spool/slurm/slurmd/job54250482/slurm_script: line 116: 2112812 Aborted                 (core dumped) ./build/main /scratch/bwd29/data/TINY_Normalized.bin 384 $j

0.440000 5000000 10 352 13469431410814 18.271314 main: src/launcher.cu:2622: neighborTable* nodeLauncher3(double*, unsigned int, unsigned int, unsigned int, unsigned int*, double): Assertion `cudaSuccess == cudaMemcpyAsync(&keyValueIndex[i], &d_keyValueIndex[i], sizeof(unsigned long long ), cudaMemcpyDeviceToHost, stream[tid])' failed.
main: src/launcher.cu:2622: neighborTable* nodeLauncher3(double*, unsigned int, unsigned int, unsigned int, unsigned int*, double): Assertion `cudaSuccess == cudaMemcpyAsync(&keyValueIndex[i], &d_keyValueIndex[i], sizeof(unsigned long long ), cudaMemcpyDeviceToHost, stream[tid])' failed.
/var/spool/slurm/slurmd/job54250482/slurm_script: line 116: 2116054 Aborted                 (core dumped) ./build/main /scratch/bwd29/data/TINY_Normalized.bin 384 $j


MSD ________________________________________________________________


0.007000 515345 12 1890 108778791561 1.260095 5.595760 
0.007525 515345 12 1713 116918749089 1.150036 6.587956 
0.008050 515345 14 2128 123335502953 1.430383 8.192718 
0.008575 515345 14 1936 131170941807 1.364747 9.879818 
0.009100 515345 14 1845 139382979989 1.343973 main: src/launcher.cu:2622: neighborTable* nodeLauncher3(double*, unsigned int, unsigned int, unsigned int, unsigned int*, double): Assertion `cudaSuccess == cudaMemcpyAsync(&keyValueIndex[i], &d_keyValueIndex[i], sizeof(unsigned long long ), cudaMemcpyDeviceToHost, stream[tid])' failed.
/var/spool/slurm/slurmd/job54250482/slurm_script: line 36: 2120903 Aborted                 (core dumped) ./build/main /scratch/bwd29/data/MSD.bin 90 $j


UNI ________________________________________________________________


0.250000 2000000 7 14303 380741931490 3.784187 14.234299 
0.300000 2000000 7 9544 742469458250 2.986727 27.851481 
0.350000 2000000 8 12080 1051625127648 4.900504 46.176137 
0.400000 2000000 8 7993 1611980428584 3.343388 78.158105 
0.450000 2000000 9 10102 1950897125192 5.044429 main: src/launcher.cu:2622: neighborTable* nodeLauncher3(double*, unsigned int, unsigned int, unsigned int, unsigned int*, double): Assertion `cudaSuccess == cudaMemcpyAsync(&keyValueIndex[i], &d_keyValueIndex[i], sizeof(unsigned long long ), cudaMemcpyDeviceToHost, stream[tid])' failed.
main: src/launcher.cu:2622: neighborTable* nodeLauncher3(double*, unsigned int, unsigned int, unsigned int, unsigned int*, double): Assertion `cudaSuccess == cudaMemcpyAsync(&keyValueIndex[i], &d_keyValueIndex[i], sizeof(unsigned long long ), cudaMemcpyDeviceToHost, stream[tid])' failed.
/var/spool/slurm/slurmd/job54250482/slurm_script: line 47: 2123702 Aborted                 (core dumped) ./build/main /scratch/bwd29/data/ndim_10_2mil.bin 10 $j


EXPO ________________________________________________________________


0.030000 2000000 10 13782 1447117561564 8.089021 90.502958 
0.033750 2000000 10 10985 1821002823652 6.731559 127.878272 
0.037500 2000000 8 4482 2288613385566 2.791010 176.247753 
0.041250 2000000 11 10465 2413733837108 8.045318 215.411252 
0.045000 2000000 12 11713 2596596935180 10.561645 main: src/launcher.cu:2622: neighborTable* nodeLauncher3(double*, unsigned int, unsigned int, unsigned int, unsigned int*, double): Assertion `cudaSuccess == cudaMemcpyAsync(&keyValueIndex[i], &d_keyValueIndex[i], sizeof(unsigned long long ), cudaMemcpyDeviceToHost, stream[tid])' failed.
main: src/launcher.cu:2622: neighborTable* nodeLauncher3(double*, unsigned int, unsigned int, unsigned int, unsigned int*, double): Assertion `cudaSuccess == cudaMemcpyAsync(&keyValueIndex[i], &d_keyValueIndex[i], sizeof(unsigned long long ), cudaMemcpyDeviceToHost, stream[tid])' failed.
/var/spool/slurm/slurmd/job54250482/slurm_script: line 58: 2127062 Aborted                 (core dumped) ./build/main /scratch/bwd29/data/2mil16dexpo.bin 16 $j


Census____________________________________________________________


0.001000 2458285 4 10329 28500904977 2.102272 6.268817 
0.003250 2458285 7 9523 125284874529 4.185581 13.076567 
0.005500 2458285 9 11197 329064452405 5.585695 34.350135 
0.007750 2458285 12 14973 609975294041 11.935189 main: src/launcher.cu:2622: neighborTable* nodeLauncher3(double*, unsigned int, unsigned int, unsigned int, unsigned int*, double): Assertion `cudaSuccess == cudaMemcpyAsync(&keyValueIndex[i], &d_keyValueIndex[i], sizeof(unsigned long long ), cudaMemcpyDeviceToHost, stream[tid])' failed.
main: src/launcher.cu:2622: neighborTable* nodeLauncher3(double*, unsigned int, unsigned int, unsigned int, unsigned int*, double): Assertion `cudaSuccess == cudaMemcpyAsync(&keyValueIndex[i], &d_keyValueIndex[i], sizeof(unsigned long long ), cudaMemcpyDeviceToHost, stream[tid])' failed.
/var/spool/slurm/slurmd/job54250482/slurm_script: line 69: 2129254 Aborted                 (core dumped) ./build/main /scratch/bwd29/data/USC_Normalized_No1Col.bin 68 $j

0.010000 2458285 14 15600 956039215375 17.255983 main: src/launcher.cu:2622: neighborTable* nodeLauncher3(double*, unsigned int, unsigned int, unsigned int, unsigned int*, double): Assertion `cudaSuccess == cudaMemcpyAsync(&keyValueIndex[i], &d_keyValueIndex[i], sizeof(unsigned long long ), cudaMemcpyDeviceToHost, stream[tid])' failed.
/var/spool/slurm/slurmd/job54250482/slurm_script: line 69: 2130002 Aborted                 (core dumped) ./build/main /scratch/bwd29/data/USC_Normalized_No1Col.bin 68 $j


Wave __________________________________________________


0.002000 287999 9 595 10871321453 0.479380 0.718355 
0.003250 287999 10 635 17878180011 0.504057 0.916446 
0.004500 287999 12 626 24343736929 0.613965 1.242502 
0.005750 287999 15 658 29722116243 0.758471 1.790600 
0.007000 287999 12 480 35576042543 0.599257 2.693696 

BIGCROSS____________________________________________________________


0.001000 11620300 4 56603 120929213754 11.595060 29.253254 
0.005750 11620300 8 43764 992052523520 24.258355 59.658200 
0.010500 11620300 13 66094 3359504873684 65.694336 168.135889 
0.015250 11620300 17 68886 7999650020588 110.328465 main: src/launcher.cu:2622: neighborTable* nodeLauncher3(double*, unsigned int, unsigned int, unsigned int, unsigned int*, double): Assertion `cudaSuccess == cudaMemcpyAsync(&keyValueIndex[i], &d_keyValueIndex[i], sizeof(unsigned long long ), cudaMemcpyDeviceToHost, stream[tid])' failed.
main: src/launcher.cu:2622: neighborTable* nodeLauncher3(double*, unsigned int, unsigned int, unsigned int, unsigned int*, double): Assertion `cudaSuccess == cudaMemcpyAsync(&keyValueIndex[i], &d_keyValueIndex[i], sizeof(unsigned long long ), cudaMemcpyDeviceToHost, stream[tid])' failed.
/var/spool/slurm/slurmd/job54250482/slurm_script: line 87: 2136215 Aborted                 (core dumped) ./build/main /scratch/bwd29/data/BIGCROSS_Normalized.bin 57 $j

0.020000 11620300 18 49101 14485444117576 93.407747 main: src/launcher.cu:2622: neighborTable* nodeLauncher3(double*, unsigned int, unsigned int, unsigned int, unsigned int*, double): Assertion `cudaSuccess == cudaMemcpyAsync(&keyValueIndex[i], &d_keyValueIndex[i], sizeof(unsigned long long ), cudaMemcpyDeviceToHost, stream[tid])' failed.
main: src/launcher.cu:2622: neighborTable* nodeLauncher3(double*, unsigned int, unsigned int, unsigned int, unsigned int*, double): Assertion `cudaSuccess == cudaMemcpyAsync(&keyValueIndex[i], &d_keyValueIndex[i], sizeof(unsigned long long ), cudaMemcpyDeviceToHost, stream[tid])' failed.
/var/spool/slurm/slurmd/job54250482/slurm_script: line 87: 2137423 Aborted                 (core dumped) ./build/main /scratch/bwd29/data/BIGCROSS_Normalized.bin 57 $j


SUSY ________________________________________________________________


0.010000 5000000 7 32076 517598545148 9.433643 27.093926 
0.012750 5000000 8 35338 960853651250 14.465719 54.104611 
0.015500 5000000 8 25167 1849400808182 10.503291 112.355366 
0.018250 5000000 10 31969 2635912172844 20.581660 main: src/launcher.cu:2632: neighborTable* nodeLauncher3(double*, unsigned int, unsigned int, unsigned int, unsigned int*, double): Assertion `cudaSuccess == cudaMallocHost((void**) &pointB[tid], sizeof(unsigned int)*(keyValueIndex[i] + 1))' failed.
main: src/launcher.cu:2622: neighborTable* nodeLauncher3(double*, unsigned int, unsigned int, unsigned int, unsigned int*, double): Assertion `cudaSuccess == cudaMemcpyAsync(&keyValueIndex[i], &d_keyValueIndex[i], sizeof(unsigned long long ), cudaMemcpyDeviceToHost, stream[tid])' failed.
/var/spool/slurm/slurmd/job54250482/slurm_script: line 98: 2140166 Aborted                 (core dumped) ./build/main /scratch/bwd29/data/SUSY_Normalized.bin 18 $j

0.021000 5000000 10 25471 4094840908100 15.807031 main: src/launcher.cu:2622: neighborTable* nodeLauncher3(double*, unsigned int, unsigned int, unsigned int, unsigned int*, double): Assertion `cudaSuccess == cudaMemcpyAsync(&keyValueIndex[i], &d_keyValueIndex[i], sizeof(unsigned long long ), cudaMemcpyDeviceToHost, stream[tid])' failed.
main: src/launcher.cu:2622: neighborTable* nodeLauncher3(double*, unsigned int, unsigned int, unsigned int, unsigned int*, double): Assertion `cudaSuccess == cudaMemcpyAsync(&keyValueIndex[i], &d_keyValueIndex[i], sizeof(unsigned long long ), cudaMemcpyDeviceToHost, stream[tid])' failed.
/var/spool/slurm/slurmd/job54250482/slurm_script: line 98: 2140920 Aborted                 (core dumped) ./build/main /scratch/bwd29/data/SUSY_Normalized.bin 18 $j


HIGGS ________________________________________________________________


0.010000 11000000 8 116282 1313330531178 53.981480 128.023410 
0.021375 11000000 11 166586 13707484660112 186.566714 /var/spool/slurm/slurmd/job54250482/slurm_script: line 107: 2142117 Segmentation fault      (core dumped) ./build/main /scratch/bwd29/data/HIGSS_Normalized.bin 28 $j

0.032750 11000000 13 93810 45488950909170 187.510308 free(): invalid pointer
/var/spool/slurm/slurmd/job54250482/slurm_script: line 107: 2142949 Aborted                 (core dumped) ./build/main /scratch/bwd29/data/HIGSS_Normalized.bin 28 $j

0.044125 11000000 15 46223 75523017277484 103.681248 double free or corruption (!prev)
/var/spool/slurm/slurmd/job54250482/slurm_script: line 107: 2143899 Aborted                 (core dumped) ./build/main /scratch/bwd29/data/HIGSS_Normalized.bin 28 $j

0.055500 11000000 17 34941 95577570764904 101.453413 /var/spool/slurm/slurmd/job54250482/slurm_script: line 107: 2144832 Segmentation fault      (core dumped) ./build/main /scratch/bwd29/data/HIGSS_Normalized.bin 28 $j

Tiny____________________________________________________


0.200000 5000000 18 25266 5586064408000 61.813137 1238.652688 
0.260000 5000000 22 23466 7459090958354 76.849571 2434.141720 
0.320000 5000000 25 18184 9268356805916 70.916909 4204.873079 
0.380000 5000000 27 14664 10971288770374 70.021569 main: src/launcher.cu:2622: neighborTable* nodeLauncher3(double*, unsigned int, unsigned int, unsigned int, unsigned int*, double): Assertion `cudaSuccess == cudaMemcpyAsync(&keyValueIndex[i], &d_keyValueIndex[i], sizeof(unsigned long long ), cudaMemcpyDeviceToHost, stream[tid])' failed.
/var/spool/slurm/slurmd/job54250482/slurm_script: line 116: 2155580 Aborted                 (core dumped) ./build/main /scratch/bwd29/data/TINY_Normalized.bin 384 $j

0.440000 5000000 30 12641 12593162988542 75.770025 main: src/launcher.cu:2622: neighborTable* nodeLauncher3(double*, unsigned int, unsigned int, unsigned int, unsigned int*, double): Assertion `cudaSuccess == cudaMemcpyAsync(&keyValueIndex[i], &d_keyValueIndex[i], sizeof(unsigned long long ), cudaMemcpyDeviceToHost, stream[tid])' failed.
/var/spool/slurm/slurmd/job54250482/slurm_script: line 116: 2158699 Aborted                 (core dumped) ./build/main /scratch/bwd29/data/TINY_Normalized.bin 384 $j


MSD ________________________________________________________________


0.007000 515345 12 1890 108778791561 1.161783 5.277843 
0.007525 515345 14 2271 115477802753 1.487532 6.662353 
0.008050 515345 14 2128 123335502953 1.429730 7.919085 
0.008575 515345 14 1936 131170941807 1.391467 9.486719 
0.009100 515345 14 1845 139382979989 1.343056 main: src/launcher.cu:2622: neighborTable* nodeLauncher3(double*, unsigned int, unsigned int, unsigned int, unsigned int*, double): Assertion `cudaSuccess == cudaMemcpyAsync(&keyValueIndex[i], &d_keyValueIndex[i], sizeof(unsigned long long ), cudaMemcpyDeviceToHost, stream[tid])' failed.
/var/spool/slurm/slurmd/job54250482/slurm_script: line 36: 2164471 Aborted                 (core dumped) ./build/main /scratch/bwd29/data/MSD.bin 90 $j


UNI ________________________________________________________________


0.250000 2000000 7 14303 380741931490 3.693973 13.169541 
0.300000 2000000 7 9544 742469458250 2.987118 24.415169 
0.350000 2000000 8 12080 1051625127648 4.365741 40.759335 
0.400000 2000000 8 7993 1611980428584 3.392162 69.590395 
0.450000 2000000 9 10102 1950897125192 5.061626 main: src/launcher.cu:2622: neighborTable* nodeLauncher3(double*, unsigned int, unsigned int, unsigned int, unsigned int*, double): Assertion `cudaSuccess == cudaMemcpyAsync(&keyValueIndex[i], &d_keyValueIndex[i], sizeof(unsigned long long ), cudaMemcpyDeviceToHost, stream[tid])' failed.
main: src/launcher.cu:2622: neighborTable* nodeLauncher3(double*, unsigned int, unsigned int, unsigned int, unsigned int*, double): Assertion `cudaSuccess == cudaMemcpyAsync(&keyValueIndex[i], &d_keyValueIndex[i], sizeof(unsigned long long ), cudaMemcpyDeviceToHost, stream[tid])' failed.
/var/spool/slurm/slurmd/job54250482/slurm_script: line 47: 2167374 Aborted                 (core dumped) ./build/main /scratch/bwd29/data/ndim_10_2mil.bin 10 $j


EXPO ________________________________________________________________


0.030000 2000000 10 13782 1447117561564 7.326337 81.085269 
0.033750 2000000 9 7591 1917112748992 3.852065 121.361908 
0.037500 2000000 10 9983 2127730479806 6.039202 154.759811 
0.041250 2000000 11 10465 2413733837108 8.184516 197.345909 
0.045000 2000000 11 8231 2664959580840 5.796212 main: src/launcher.cu:2622: neighborTable* nodeLauncher3(double*, unsigned int, unsigned int, unsigned int, unsigned int*, double): Assertion `cudaSuccess == cudaMemcpyAsync(&keyValueIndex[i], &d_keyValueIndex[i], sizeof(unsigned long long ), cudaMemcpyDeviceToHost, stream[tid])' failed.
main: src/launcher.cu:2622: neighborTable* nodeLauncher3(double*, unsigned int, unsigned int, unsigned int, unsigned int*, double): Assertion `cudaSuccess == cudaMemcpyAsync(&keyValueIndex[i], &d_keyValueIndex[i], sizeof(unsigned long long ), cudaMemcpyDeviceToHost, stream[tid])' failed.
/var/spool/slurm/slurmd/job54250482/slurm_script: line 58: 2170795 Aborted                 (core dumped) ./build/main /scratch/bwd29/data/2mil16dexpo.bin 16 $j


Census____________________________________________________________


0.001000 2458285 4 10329 28500904977 2.065140 4.781127 
0.003250 2458285 8 10038 124029401459 4.159750 10.975699 
0.005500 2458285 10 12698 321481519709 7.951654 31.836846 
0.007750 2458285 12 14973 609975294041 11.874227 main: src/launcher.cu:2622: neighborTable* nodeLauncher3(double*, unsigned int, unsigned int, unsigned int, unsigned int*, double): Assertion `cudaSuccess == cudaMemcpyAsync(&keyValueIndex[i], &d_keyValueIndex[i], sizeof(unsigned long long ), cudaMemcpyDeviceToHost, stream[tid])' failed.
main: src/launcher.cu:2622: neighborTable* nodeLauncher3(double*, unsigned int, unsigned int, unsigned int, unsigned int*, double): Assertion `cudaSuccess == cudaMemcpyAsync(&keyValueIndex[i], &d_keyValueIndex[i], sizeof(unsigned long long ), cudaMemcpyDeviceToHost, stream[tid])' failed.
/var/spool/slurm/slurmd/job54250482/slurm_script: line 69: 2172933 Aborted                 (core dumped) ./build/main /scratch/bwd29/data/USC_Normalized_No1Col.bin 68 $j

0.010000 2458285 14 15600 956039215375 16.348496 main: src/launcher.cu:2622: neighborTable* nodeLauncher3(double*, unsigned int, unsigned int, unsigned int, unsigned int*, double): Assertion `cudaSuccess == cudaMemcpyAsync(&keyValueIndex[i], &d_keyValueIndex[i], sizeof(unsigned long long ), cudaMemcpyDeviceToHost, stream[tid])' failed.
/var/spool/slurm/slurmd/job54250482/slurm_script: line 69: 2173775 Aborted                 (core dumped) ./build/main /scratch/bwd29/data/USC_Normalized_No1Col.bin 68 $j


Wave __________________________________________________


0.002000 287999 8 576 10903610643 0.439747 0.661808 
0.003250 287999 10 635 17878180011 0.477127 0.862950 
0.004500 287999 11 566 24496083547 0.550755 1.129340 
0.005750 287999 15 658 29722116243 0.706458 1.717753 
0.007000 287999 16 697 34663684381 0.737848 2.740086 

BIGCROSS____________________________________________________________


0.001000 11620300 4 56603 120929213754 10.894268 21.425678 
0.005750 11620300 8 43764 992052523520 25.847382 50.825847 
0.010500 11620300 13 66094 3359504873684 69.082848 156.659225 
0.015250 11620300 18 77012 7906252958154 124.204497 main: src/launcher.cu:2622: neighborTable* nodeLauncher3(double*, unsigned int, unsigned int, unsigned int, unsigned int*, double): Assertion `cudaSuccess == cudaMemcpyAsync(&keyValueIndex[i], &d_keyValueIndex[i], sizeof(unsigned long long ), cudaMemcpyDeviceToHost, stream[tid])' failed.
main: src/launcher.cu:2622: neighborTable* nodeLauncher3(double*, unsigned int, unsigned int, unsigned int, unsigned int*, double): Assertion `cudaSuccess == cudaMemcpyAsync(&keyValueIndex[i], &d_keyValueIndex[i], sizeof(unsigned long long ), cudaMemcpyDeviceToHost, stream[tid])' failed.
/var/spool/slurm/slurmd/job54250482/slurm_script: line 87: 2179987 Aborted                 (core dumped) ./build/main /scratch/bwd29/data/BIGCROSS_Normalized.bin 57 $j

0.020000 11620300 18 49101 14485444117576 90.220100 main: src/launcher.cu:2622: neighborTable* nodeLauncher3(double*, unsigned int, unsigned int, unsigned int, unsigned int*, double): Assertion `cudaSuccess == cudaMemcpyAsync(&keyValueIndex[i], &d_keyValueIndex[i], sizeof(unsigned long long ), cudaMemcpyDeviceToHost, stream[tid])' failed.
main: src/launcher.cu:2622: neighborTable* nodeLauncher3(double*, unsigned int, unsigned int, unsigned int, unsigned int*, double): Assertion `cudaSuccess == cudaMemcpyAsync(&keyValueIndex[i], &d_keyValueIndex[i], sizeof(unsigned long long ), cudaMemcpyDeviceToHost, stream[tid])' failed.
/var/spool/slurm/slurmd/job54250482/slurm_script: line 87: 2181277 Aborted                 (core dumped) ./build/main /scratch/bwd29/data/BIGCROSS_Normalized.bin 57 $j


SUSY ________________________________________________________________


0.010000 5000000 7 32076 517598545148 8.417147 25.813481 
0.012750 5000000 8 35338 960853651250 14.193069 47.622244 
0.015500 5000000 9 33898 1661144973446 17.726922 91.929839 
0.018250 5000000 9 24515 2831943967006 13.859906 main: src/launcher.cu:2622: neighborTable* nodeLauncher3(double*, unsigned int, unsigned int, unsigned int, unsigned int*, double): Assertion `cudaSuccess == cudaMemcpyAsync(&keyValueIndex[i], &d_keyValueIndex[i], sizeof(unsigned long long ), cudaMemcpyDeviceToHost, stream[tid])' failed.
main: src/launcher.cu:2632: neighborTable* nodeLauncher3(double*, unsigned int, unsigned int, unsigned int, unsigned int*, double): Assertion `cudaSuccess == cudaMallocHost((void**) &pointB[tid], sizeof(unsigned int)*(keyValueIndex[i] + 1))' failed.
/var/spool/slurm/slurmd/job54250482/slurm_script: line 98: 2184031 Aborted                 (core dumped) ./build/main /scratch/bwd29/data/SUSY_Normalized.bin 18 $j

0.021000 5000000 10 25471 4094840908100 17.950315 main: src/launcher.cu:2622: neighborTable* nodeLauncher3(double*, unsigned int, unsigned int, unsigned int, unsigned int*, double): Assertion `cudaSuccess == cudaMemcpyAsync(&keyValueIndex[i], &d_keyValueIndex[i], sizeof(unsigned long long ), cudaMemcpyDeviceToHost, stream[tid])' failed.
main: src/launcher.cu:2622: neighborTable* nodeLauncher3(double*, unsigned int, unsigned int, unsigned int, unsigned int*, double): Assertion `cudaSuccess == cudaMemcpyAsync(&keyValueIndex[i], &d_keyValueIndex[i], sizeof(unsigned long long ), cudaMemcpyDeviceToHost, stream[tid])' failed.
/var/spool/slurm/slurmd/job54250482/slurm_script: line 98: 2184687 Aborted                 (core dumped) ./build/main /scratch/bwd29/data/SUSY_Normalized.bin 18 $j


HIGGS ________________________________________________________________


0.010000 11000000 8 116282 1313330531178 54.061586 114.266501 
0.021375 11000000 11 166586 13707484660112 191.083572 munmap_chunk(): invalid pointer
/var/spool/slurm/slurmd/job54250482/slurm_script: line 107: 2186012 Aborted                 (core dumped) ./build/main /scratch/bwd29/data/HIGSS_Normalized.bin 28 $j

0.032750 11000000 13 93810 45488950909170 168.253365 /var/spool/slurm/slurmd/job54250482/slurm_script: line 107: 2186902 Segmentation fault      (core dumped) ./build/main /scratch/bwd29/data/HIGSS_Normalized.bin 28 $j

0.044125 11000000 15 46223 75523017277484 109.626273 munmap_chunk(): invalid pointer
/var/spool/slurm/slurmd/job54250482/slurm_script: line 107: 2187796 Aborted                 (core dumped) ./build/main /scratch/bwd29/data/HIGSS_Normalized.bin 28 $j

0.055500 11000000 16 26330 96159564952642 69.514914 main: src/launcher.cu:2622: neighborTable* nodeLauncher3(double*, unsigned int, unsigned int, unsigned int, unsigned int*, double): Assertion `cudaSuccess == cudaMemcpyAsync(&keyValueIndex[i], &d_keyValueIndex[i], sizeof(unsigned long long ), cudaMemcpyDeviceToHost, stream[tid])' failed.
main: src/launcher.cu:2622: neighborTable* nodeLauncher3(double*, unsigned int, unsigned int, unsigned int, unsigned int*, double): Assertion `cudaSuccess == cudaMemcpyAsync(&keyValueIndex[i], &d_keyValueIndex[i], sizeof(unsigned long long ), cudaMemcpyDeviceToHost, stream[tid])' failed.
/var/spool/slurm/slurmd/job54250482/slurm_script: line 107: 2188886 Aborted                 (core dumped) ./build/main /scratch/bwd29/data/HIGSS_Normalized.bin 28 $j

Tiny____________________________________________________


0.200000 5000000 18 25266 5586064408000 63.233388 1149.730117 
0.260000 5000000 22 23466 7459090958354 72.830238 2276.997820 
0.320000 5000000 25 18184 9268356805916 68.231096 3973.610320 
0.380000 5000000 28 16726 10947931410626 80.051691 main: src/launcher.cu:2640: neighborTable* nodeLauncher3(double*, unsigned int, unsigned int, unsigned int, unsigned int*, double): Assertion `cudaSuccess == cudaMemcpyAsync(pointB[tid], d_pointB[tid], sizeof(unsigned int)*keyValueIndex[i], cudaMemcpyDeviceToHost, stream[tid])' failed.
/var/spool/slurm/slurmd/job54250482/slurm_script: line 116: 2199096 Aborted                 (core dumped) ./build/main /scratch/bwd29/data/TINY_Normalized.bin 384 $j

0.440000 5000000 29 11318 12617509457620 65.514152 main: src/launcher.cu:2632: neighborTable* nodeLauncher3(double*, unsigned int, unsigned int, unsigned int, unsigned int*, double): Assertion `cudaSuccess == cudaMallocHost((void**) &pointB[tid], sizeof(unsigned int)*(keyValueIndex[i] + 1))' failed.
main: src/launcher.cu:2622: neighborTable* nodeLauncher3(double*, unsigned int, unsigned int, unsigned int, unsigned int*, double): Assertion `cudaSuccess == cudaMemcpyAsync(&keyValueIndex[i], &d_keyValueIndex[i], sizeof(unsigned long long ), cudaMemcpyDeviceToHost, stream[tid])' failed.
/var/spool/slurm/slurmd/job54250482/slurm_script: line 116: 2202236 Aborted                 (core dumped) ./build/main /scratch/bwd29/data/TINY_Normalized.bin 384 $j
