
EPSILON | NUMPOINTS | RP | NODES | CALCS | Construct T | Total T



 _______________ 1 ____________ 14 __________ 1.5 ______________________



MSD ________________________________________________________________


0.007000 515345 6 10 1564 136543607113 0.309236 4 0.514133 3.224311 
0.007525 515345 6 10 1352 146877988489 0.279717 4 0.553045 4.076887 
0.008050 515345 6 10 1298 155390070787 0.276613 5 0.585096 5.320715 
0.008575 515345 6 11 1355 160461230695 0.300841 5 0.604191 6.962522 
0.009100 515345 6 11 1215 168428772801 0.288471 6 0.634191 8.366089 

Wave __________________________________________________


0.002000 287999 3 6 410 14414616685 0.049674 2 0.173789 0.270665 
0.003250 287999 3 8 392 21653745279 0.060583 2 0.261066 0.389090 
0.004500 287999 3 8 331 29520041101 0.060264 2 0.355906 0.563137 
0.005750 287999 3 10 357 34804636193 0.071640 2 0.419619 0.936763 
0.007000 287999 3 10 347 40297891215 0.067665 2 0.485848 1.997414 

BIGCROSS____________________________________________________________


0.001000 11620300 25 3 23316 108970109662 6.222841 45 0.000807 12.406907 
0.005750 11620300 25 6 31533 708463926736 13.322623 45 0.005247 26.228258 
0.010500 11620300 25 9 34738 2946005854852 24.507832 45 0.021817 54.403157 
0.015250 11620300 25 11 29182 7501702718554 29.971133 45 0.055555 96.842569 
0.020000 11620300 25 13 25781 13777388835628 36.699102 45 0.102031 166.390987 

SUSY ________________________________________________________________


0.010000 5000000 9 7 35808 531005830876 5.409238 20 0.021240 12.752598 
0.012750 5000000 9 7 28192 1165447756146 4.719200 20 0.046618 20.684686 
0.015500 5000000 9 8 30840 2003084612934 7.033210 20 0.080123 37.211372 
0.018250 5000000 9 8 22093 3535963911362 4.715155 20 0.141439 60.870778 
0.021000 5000000 9 9 25342 4955061115304 7.836149 22 0.198202 97.318276 

HIGGS ________________________________________________________________


0.010000 11000000 17 6 72053 1771591608418 13.697332 42 0.014641 47.418033 
0.021375 11000000 17 9 71631 20797310024244 47.657940 52 0.171879 412.857593 
0.032750 11000000 17 slurmstepd: error: *** JOB 64582092 ON cn2 CANCELLED AT 2023-04-18T14:30:17 ***
Job has already finished for job 64582092
slurmstepd: error: --task-epilog failed status=256
