
EPSILON | NUMPOINTS | RP | NODES | CALCS | Construct T | Total T



MSD ________________________________________________________________


0.007000 515345 15 531 115873286463 1.610141 4.087590 
0.007525 515345 14 533 122766389291 1.571479 4.607856 
0.008050 515345 15 513 130409403737 1.676662 5.370797 
0.008575 515345 15 540 137411288915 1.602026 6.275082 
0.009100 515345 14 467 146229156173 1.531601 7.126230 

SUSY ________________________________________________________________


0.010000 5000000 6 5939 885772001460 5.477331 17.529388 
0.012750 5000000 7 6522 1405481235942 6.895005 29.242035 
0.015500 5000000 8 7593 2085728763084 8.914629 47.097219 
0.018250 5000000 9 9329 3015349525304 12.438682 76.761419 
0.021000 5000000 10 9509 4345233708810 19.006396 129.806365 

HIGGS ________________________________________________________________


0.010000 11000000 7 17767 2604340649204 24.175881 73.877351 
0.021375 11000000 11 47890 15963837171422 149.030336 614.839677 
0.032750 11000000 13 40192 44798603970438 183.084159 main: src/launcher.cu:1728: neighborTable* nodeLauncher(double*, unsigned int, unsigned int, unsigned int, unsigned int*, double): Assertion `cudaSuccess == cudaMalloc((void**)&d_uniqueKeys[i], sizeof(unsigned int)*numPoints)' failed.
/var/spool/slurm/slurmd/job54044282/slurm_script: line 97: 3388830 Aborted                 (core dumped) ./build/main /scratch/bwd29/data/HIGSS_Normalized.bin 28 $j

0.044125 11000000 15 27219 74078578665450 163.893578 main: src/launcher.cu:1689: neighborTable* nodeLauncher(double*, unsigned int, unsigned int, unsigned int, unsigned int*, double): Assertion `cudaSuccess == cudaMalloc((void**)&d_threadOffsets, sizeof(unsigned int)*totalThreads)' failed.
/var/spool/slurm/slurmd/job54044282/slurm_script: line 97: 3392957 Aborted                 (core dumped) ./build/main /scratch/bwd29/data/HIGSS_Normalized.bin 28 $j

0.055500 11000000 16 17119 95276544238380 106.723197 main: src/launcher.cu:1689: neighborTable* nodeLauncher(double*, unsigned int, unsigned int, unsigned int, unsigned int*, double): Assertion `cudaSuccess == cudaMalloc((void**)&d_threadOffsets, sizeof(unsigned int)*totalThreads)' failed.
/var/spool/slurm/slurmd/job54044282/slurm_script: line 97: 3397165 Aborted                 (core dumped) ./build/main /scratch/bwd29/data/HIGSS_Normalized.bin 28 $j

Tiny____________________________________________________


0.200000 5000000 19 10191 5504107902884 74.817967 475.412962 
0.260000 5000000 23 9845 7401129865340 86.744983 slurmstepd: error: *** JOB 54044282 ON cn2 CANCELLED AT 2022-10-05T21:59:21 ***
Job has already finished for job 54044282
