
EPSILON | NUMPOINTS | RP | NODES | CALCS | Construct T | Total T



MSD ________________________________________________________________


0.007000 515345 13 2202 107876911003 1.379326 5.301671 
0.007525 515345 14 2271 115477802753 1.536056 6.488456 
0.008050 515345 14 2128 123335502953 1.471427 7.683655 
0.008575 515345 14 1936 131170941807 1.422951 9.226639 
0.009100 515345 14 1845 139382979989 1.416357 main: src/launcher.cu:2622: neighborTable* nodeLauncher3(double*, unsigned int, unsigned int, unsigned int, unsigned int*, double): Assertion `cudaSuccess == cudaMemcpyAsync(&keyValueIndex[i], &d_keyValueIndex[i], sizeof(unsigned long long ), cudaMemcpyDeviceToHost, stream[tid])' failed.
/var/spool/slurm/slurmd/job54428642/slurm_script: line 36: 2233263 Aborted                 (core dumped) ./build/main /scratch/bwd29/data/MSD.bin 90 $j


UNI ________________________________________________________________


0.250000 2000000 7 14303 380741931490 3.844728 13.352864 
0.300000 2000000 7 9544 742469458250 3.219613 22.331789 
0.350000 2000000 8 12080 1051625127648 4.539787 37.705079 
0.400000 2000000 8 7993 1611980428584 3.320692 63.500515 
0.450000 2000000 8 5830 2091756932602 2.977857 97.626560 

EXPO ________________________________________________________________


0.030000 2000000 10 13782 1447117561564 7.804194 75.466114 
0.033750 2000000 10 10985 1821002823652 6.632594 108.779837 
0.037500 2000000 10 9983 2127730479806 6.243767 143.953312 
0.041250 2000000 11 10465 2413733837108 7.900791 186.798555 
0.045000 2000000 11 8231 2664959580840 6.445106 229.576769 

Census____________________________________________________________


0.001000 2458285 4 10329 28500904977 2.062372 5.009793 
0.003250 2458285 7 9523 125284874529 3.749151 10.338377 
0.005500 2458285 9 11197 329064452405 6.116383 29.035582 
0.007750 2458285 11 12564 625873926701 10.024108 main: src/launcher.cu:2622: neighborTable* nodeLauncher3(double*, unsigned int, unsigned int, unsigned int, unsigned int*, double): Assertion `cudaSuccess == cudaMemcpyAsync(&keyValueIndex[i], &d_keyValueIndex[i], sizeof(unsigned long long ), cudaMemcpyDeviceToHost, stream[tid])' failed.
terminate called after throwing an instance of 'thrust::system::system_error'
/var/spool/slurm/slurmd/job54428642/slurm_script: line 69: 2241745 Aborted                 (core dumped) ./build/main /scratch/bwd29/data/USC_Normalized_No1Col.bin 68 $j

0.010000 2458285 13 13584 975534227949 14.651771 main: src/launcher.cu:2632: neighborTable* nodeLauncher3(double*, unsigned int, unsigned int, unsigned int, unsigned int*, double): Assertion `cudaSuccess == cudaMallocHost((void**) &pointB[tid], sizeof(unsigned int)*(keyValueIndex[i] + 1))' failed.
main: src/launcher.cu:2622: neighborTable* nodeLauncher3(double*, unsigned int, unsigned int, unsigned int, unsigned int*, double): Assertion `cudaSuccess == cudaMemcpyAsync(&keyValueIndex[i], &d_keyValueIndex[i], sizeof(unsigned long long ), cudaMemcpyDeviceToHost, stream[tid])' failed.
/var/spool/slurm/slurmd/job54428642/slurm_script: line 69: 2242444 Aborted                 (core dumped) ./build/main /scratch/bwd29/data/USC_Normalized_No1Col.bin 68 $j


Wave __________________________________________________


0.002000 287999 8 576 10903610643 0.467607 0.696908 
0.003250 287999 12 774 17685609051 0.511047 0.876055 
0.004500 287999 10 485 24682058995 0.505479 1.077409 
0.005750 287999 14 600 29861024347 0.700099 1.684106 
0.007000 287999 13 549 35311801559 0.660234 2.576100 

BIGCROSS____________________________________________________________


0.001000 11620300 4 56603 120929213754 11.376186 40.891960 
0.005750 11620300 8 43764 992052523520 24.548217 53.685458 
0.010500 11620300 14 72924 3325324912520 80.383228 159.459081 
0.015250 11620300 18 77012 7906252958154 124.858926 332.108971 
0.020000 11620300 18 49101 14485444117576 91.315608 main: src/launcher.cu:2622: neighborTable* nodeLauncher3(double*, unsigned int, unsigned int, unsigned int, unsigned int*, double): Assertion `cudaSuccess == cudaMemcpyAsync(&keyValueIndex[i], &d_keyValueIndex[i], sizeof(unsigned long long ), cudaMemcpyDeviceToHost, stream[tid])' failed.
terminate called after throwing an instance of 'thrust::system::system_error'
/var/spool/slurm/slurmd/job54428642/slurm_script: line 87: 2249977 Aborted                 (core dumped) ./build/main /scratch/bwd29/data/BIGCROSS_Normalized.bin 57 $j


SUSY ________________________________________________________________


0.010000 5000000 7 32076 517598545148 9.089801 24.542563 
0.012750 5000000 8 35338 960853651250 14.922520 44.522857 
0.015500 5000000 8 25167 1849400808182 11.259559 87.224472 
0.018250 5000000 9 24515 2831943967006 14.349059 157.302750 
0.021000 5000000 10 25471 4094840908100 19.539620 main: src/launcher.cu:2622: neighborTable* nodeLauncher3(double*, unsigned int, unsigned int, unsigned int, unsigned int*, double): Assertion `cudaSuccess == cudaMemcpyAsync(&keyValueIndex[i], &d_keyValueIndex[i], sizeof(unsigned long long ), cudaMemcpyDeviceToHost, stream[tid])' failed.
main: src/launcher.cu:2622: neighborTable* nodeLauncher3(double*, unsigned int, unsigned int, unsigned int, unsigned int*, double): Assertion `cudaSuccess == cudaMemcpyAsync(&keyValueIndex[i], &d_keyValueIndex[i], sizeof(unsigned long long ), cudaMemcpyDeviceToHost, stream[tid])' failed.
/var/spool/slurm/slurmd/job54428642/slurm_script: line 98: 2253544 Aborted                 (core dumped) ./build/main /scratch/bwd29/data/SUSY_Normalized.bin 18 $j


HIGGS ________________________________________________________________


0.010000 11000000 8 116282 1313330531178 52.537327 109.018726 
0.021375 11000000 11 166586 13707484660112 192.904636 munmap_chunk(): invalid pointer
/var/spool/slurm/slurmd/job54428642/slurm_script: line 107: 2254795 Aborted                 (core dumped) ./build/main /scratch/bwd29/data/HIGSS_Normalized.bin 28 $j

0.032750 11000000 13 93810 45488950909170 172.886877 /var/spool/slurm/slurmd/job54428642/slurm_script: line 107: 2255686 Segmentation fault      (core dumped) ./build/main /scratch/bwd29/data/HIGSS_Normalized.bin 28 $j

0.044125 11000000 15 46223 75523017277484 122.011658 free(): invalid pointer
/var/spool/slurm/slurmd/job54428642/slurm_script: line 107: 2256673 Aborted                 (core dumped) ./build/main /scratch/bwd29/data/HIGSS_Normalized.bin 28 $j

0.055500 11000000 17 34941 95577570764904 103.734447 main: src/launcher.cu:2622: neighborTable* nodeLauncher3(double*, unsigned int, unsigned int, unsigned int, unsigned int*, double): Assertion `cudaSuccess == cudaMemcpyAsync(&keyValueIndex[i], &d_keyValueIndex[i], sizeof(unsigned long long ), cudaMemcpyDeviceToHost, stream[tid])' failed.
main: src/launcher.cu:2622: neighborTable* nodeLauncher3(double*, unsigned int, unsigned int, unsigned int, unsigned int*, double): Assertion `cudaSuccess == cudaMemcpyAsync(&keyValueIndex[i], &d_keyValueIndex[i], sizeof(unsigned long long ), cudaMemcpyDeviceToHost, stream[tid])' failed.
/var/spool/slurm/slurmd/job54428642/slurm_script: line 107: 2257626 Aborted                 (core dumped) ./build/main /scratch/bwd29/data/HIGSS_Normalized.bin 28 $j

Tiny____________________________________________________


0.200000 5000000 18 25266 5586064408000 61.959256 1095.250730 
0.260000 5000000 22 23466 7459090958354 75.211064 2197.547339 
0.320000 5000000 25 18184 9268356805916 73.507325 3854.126298 
0.380000 5000000 28 16726 10947931410626 78.416507 6132.719392 
0.440000 5000000 30 12641 12593162988542 75.476627 main: src/launcher.cu:2632: neighborTable* nodeLauncher3(double*, unsigned int, unsigned int, unsigned int, unsigned int*, double): Assertion `cudaSuccess == cudaMallocHost((void**) &pointB[tid], sizeof(unsigned int)*(keyValueIndex[i] + 1))' failed.
main: src/launcher.cu:2622: neighborTable* nodeLauncher3(double*, unsigned int, unsigned int, unsigned int, unsigned int*, double): Assertion `cudaSuccess == cudaMemcpyAsync(&keyValueIndex[i], &d_keyValueIndex[i], sizeof(unsigned long long ), cudaMemcpyDeviceToHost, stream[tid])' failed.
/var/spool/slurm/slurmd/job54428642/slurm_script: line 116: 2275594 Aborted                 (core dumped) ./build/main /scratch/bwd29/data/TINY_Normalized.bin 384 $j


MSD ________________________________________________________________


0.007000 515345 14 2438 107142926357 1.597639 5.368306 
0.007525 515345 12 1713 116918749089 1.195521 6.042303 
0.008050 515345 14 2128 123335502953 1.486881 7.505026 
0.008575 515345 14 1936 131170941807 1.420341 9.092160 
0.009100 515345 14 1845 139382979989 1.388436 terminate called after throwing an instance of 'thrust::system::system_error'
main: src/launcher.cu:2622: neighborTable* nodeLauncher3(double*, unsigned int, unsigned int, unsigned int, unsigned int*, double): Assertion `cudaSuccess == cudaMemcpyAsync(&keyValueIndex[i], &d_keyValueIndex[i], sizeof(unsigned long long ), cudaMemcpyDeviceToHost, stream[tid])' failed.
  what():  smart_sort: failed to synchronize: cudaErrorIllegalAddress: an illegal memory access was encountered
/var/spool/slurm/slurmd/job54428642/slurm_script: line 36: 2281543 Aborted                 (core dumped) ./build/main /scratch/bwd29/data/MSD.bin 90 $j


UNI ________________________________________________________________


0.250000 2000000 7 14303 380741931490 4.190338 12.997873 
0.300000 2000000 7 9544 742469458250 2.991297 20.383832 
0.350000 2000000 8 12080 1051625127648 4.556534 35.207520 
0.400000 2000000 8 7993 1611980428584 3.342555 58.804854 
0.450000 2000000 8 5830 2091756932602 2.927678 90.564251 

EXPO ________________________________________________________________


0.030000 2000000 10 13782 1447117561564 8.280831 70.697832 
0.033750 2000000 10 10985 1821002823652 7.215711 102.204117 
0.037500 2000000 10 9983 2127730479806 7.061691 138.970733 
0.041250 2000000 11 10465 2413733837108 7.946981 177.478353 
0.045000 2000000 11 8231 2664959580840 6.097348 218.599753 

Census____________________________________________________________


0.001000 2458285 4 10329 28500904977 2.084821 4.554312 
0.003250 2458285 7 9523 125284874529 3.932390 9.905726 
0.005500 2458285 6 5775 381098875077 2.835059 27.846885 
0.007750 2458285 11 12564 625873926701 10.212976 main: src/launcher.cu:2622: neighborTable* nodeLauncher3(double*, unsigned int, unsigned int, unsigned int, unsigned int*, double): Assertion `cudaSuccess == cudaMemcpyAsync(&keyValueIndex[i], &d_keyValueIndex[i], sizeof(unsigned long long ), cudaMemcpyDeviceToHost, stream[tid])' failed.
terminate called after throwing an instance of 'thrust::system::system_error'
/var/spool/slurm/slurmd/job54428642/slurm_script: line 69: 2289692 Aborted                 (core dumped) ./build/main /scratch/bwd29/data/USC_Normalized_No1Col.bin 68 $j

0.010000 2458285 14 15600 956039215375 17.529344 main: src/launcher.cu:2632: neighborTable* nodeLauncher3(double*, unsigned int, unsigned int, unsigned int, unsigned int*, double): Assertion `cudaSuccess == cudaMallocHost((void**) &pointB[tid], sizeof(unsigned int)*(keyValueIndex[i] + 1))' failed.
main: src/launcher.cu:2622: neighborTable* nodeLauncher3(double*, unsigned int, unsigned int, unsigned int, unsigned int*, double): Assertion `cudaSuccess == cudaMemcpyAsync(&keyValueIndex[i], &d_keyValueIndex[i], sizeof(unsigned long long ), cudaMemcpyDeviceToHost, stream[tid])' failed.
/var/spool/slurm/slurmd/job54428642/slurm_script: line 69: 2290494 Aborted                 (core dumped) ./build/main /scratch/bwd29/data/USC_Normalized_No1Col.bin 68 $j


Wave __________________________________________________


0.002000 287999 9 595 10871321453 0.494571 0.716568 
0.003250 287999 10 635 17878180011 0.520716 0.897170 
0.004500 287999 12 626 24343736929 0.579937 1.151920 
0.005750 287999 17 809 29494878803 0.807911 1.767709 
0.007000 287999 14 586 35101001357 0.675768 2.594203 

BIGCROSS____________________________________________________________


0.001000 11620300 4 56603 120929213754 11.248935 24.051814 
0.005750 11620300 8 43764 992052523520 25.331113 55.092915 
0.010500 11620300 13 66094 3359504873684 71.025978 145.053100 
0.015250 11620300 17 68886 7999650020588 95.789464 297.461454 
0.020000 11620300 18 49101 14485444117576 86.441748 main: src/launcher.cu:2622: neighborTable* nodeLauncher3(double*, unsigned int, unsigned int, unsigned int, unsigned int*, double): Assertion `cudaSuccess == cudaMemcpyAsync(&keyValueIndex[i], &d_keyValueIndex[i], sizeof(unsigned long long ), cudaMemcpyDeviceToHost, stream[tid])' failed.
main: src/launcher.cu:2622: neighborTable* nodeLauncher3(double*, unsigned int, unsigned int, unsigned int, unsigned int*, double): Assertion `cudaSuccess == cudaMemcpyAsync(&keyValueIndex[i], &d_keyValueIndex[i], sizeof(unsigned long long ), cudaMemcpyDeviceToHost, stream[tid])' failed.
/var/spool/slurm/slurmd/job54428642/slurm_script: line 87: 2298001 Aborted                 (core dumped) ./build/main /scratch/bwd29/data/BIGCROSS_Normalized.bin 57 $j


SUSY ________________________________________________________________


0.010000 5000000 7 32076 517598545148 8.279916 20.275473 
0.012750 5000000 8 35338 960853651250 14.871655 41.141614 
0.015500 5000000 8 25167 1849400808182 11.617020 80.640665 
0.018250 5000000 10 31969 2635912172844 21.101336 145.099211 
0.021000 5000000 10 25471 4094840908100 17.656845 main: src/launcher.cu:2622: neighborTable* nodeLauncher3(double*, unsigned int, unsigned int, unsigned int, unsigned int*, double): Assertion `cudaSuccess == cudaMemcpyAsync(&keyValueIndex[i], &d_keyValueIndex[i], sizeof(unsigned long long ), cudaMemcpyDeviceToHost, stream[tid])' failed.
/var/spool/slurm/slurmd/job54428642/slurm_script: line 98: 2301476 Aborted                 (core dumped) ./build/main /scratch/bwd29/data/SUSY_Normalized.bin 18 $j


HIGGS ________________________________________________________________


0.010000 11000000 8 116282 1313330531178 49.121947 100.047689 
0.021375 11000000 11 166586 13707484660112 200.159209 munmap_chunk(): invalid pointer
/var/spool/slurm/slurmd/job54428642/slurm_script: line 107: 2302665 Aborted                 (core dumped) ./build/main /scratch/bwd29/data/HIGSS_Normalized.bin 28 $j

0.032750 11000000 13 93810 45488950909170 172.735495 free(): invalid pointer
/var/spool/slurm/slurmd/job54428642/slurm_script: line 107: 2303503 Aborted                 (core dumped) ./build/main /scratch/bwd29/data/HIGSS_Normalized.bin 28 $j

0.044125 11000000 15 46223 75523017277484 122.013472 double free or corruption (!prev)
/var/spool/slurm/slurmd/job54428642/slurm_script: line 107: 2304441 Aborted                 (core dumped) ./build/main /scratch/bwd29/data/HIGSS_Normalized.bin 28 $j

0.055500 11000000 16 26330 96159564952642 72.375360 main: src/launcher.cu:2622: neighborTable* nodeLauncher3(double*, unsigned int, unsigned int, unsigned int, unsigned int*, double): Assertion `cudaSuccess == cudaMemcpyAsync(&keyValueIndex[i], &d_keyValueIndex[i], sizeof(unsigned long long ), cudaMemcpyDeviceToHost, stream[tid])' failed.
main: src/launcher.cu:2622: neighborTable* nodeLauncher3(double*, unsigned int, unsigned int, unsigned int, unsigned int*, double): Assertion `cudaSuccess == cudaMemcpyAsync(&keyValueIndex[i], &d_keyValueIndex[i], sizeof(unsigned long long ), cudaMemcpyDeviceToHost, stream[tid])' failed.
/var/spool/slurm/slurmd/job54428642/slurm_script: line 107: 2305383 Aborted                 (core dumped) ./build/main /scratch/bwd29/data/HIGSS_Normalized.bin 28 $j

Tiny____________________________________________________


0.200000 5000000 20 35750 5489796002610 90.415765 /var/spool/slurm/slurmd/job54428642/slurm_script: line 116: 2308861 Segmentation fault      (core dumped) ./build/main /scratch/bwd29/data/TINY_Normalized.bin 384 $j

0.260000 5000000 22 23466 7459090958354 81.183589 2141.356706 
0.320000 5000000 23 13452 9326733387914 55.092696 3766.915426 
0.380000 5000000 27 14664 10971288770374 71.762855 6045.938676 
0.440000 5000000 30 12641 12593162988542 75.767881 main: src/launcher.cu:2622: neighborTable* nodeLauncher3(double*, unsigned int, unsigned int, unsigned int, unsigned int*, double): Assertion `cudaSuccess == cudaMemcpyAsync(&keyValueIndex[i], &d_keyValueIndex[i], sizeof(unsigned long long ), cudaMemcpyDeviceToHost, stream[tid])' failed.
/var/spool/slurm/slurmd/job54428642/slurm_script: line 116: 2322632 Aborted                 (core dumped) ./build/main /scratch/bwd29/data/TINY_Normalized.bin 384 $j


MSD ________________________________________________________________


0.007000 515345 14 2438 107142926357 1.585071 5.201167 
0.007525 515345 14 2271 115477802753 1.543128 6.084410 
0.008050 515345 14 2128 123335502953 1.486000 7.293662 
0.008575 515345 14 1936 131170941807 1.396405 8.748871 
0.009100 515345 12 1359 141748885439 1.115541 main: src/launcher.cu:2622: neighborTable* nodeLauncher3(double*, unsigned int, unsigned int, unsigned int, unsigned int*, double): Assertion `cudaSuccess == cudaMemcpyAsync(&keyValueIndex[i], &d_keyValueIndex[i], sizeof(unsigned long long ), cudaMemcpyDeviceToHost, stream[tid])' failed.
terminate called after throwing an instance of '/var/spool/slurm/slurmd/job54428642/slurm_script: line 36: 2328936 Aborted                 (core dumped) ./build/main /scratch/bwd29/data/MSD.bin 90 $j


UNI ________________________________________________________________


0.250000 2000000 7 14303 380741931490 4.260188 11.368592 
0.300000 2000000 7 9544 742469458250 3.057767 18.885845 
0.350000 2000000 7 6082 1242601335468 2.657881 35.340518 
0.400000 2000000 8 7993 1611980428584 3.336900 54.929352 
0.450000 2000000 8 5830 2091756932602 2.969425 86.662986 

EXPO ________________________________________________________________


0.030000 2000000 10 13782 1447117561564 7.897799 67.430592 
0.033750 2000000 11 15593 1752850120104 11.172130 /var/spool/slurm/slurmd/job54428642/slurm_script: line 58: 2332821 Segmentation fault      (core dumped) ./build/main /scratch/bwd29/data/2mil16dexpo.bin 16 $j

0.037500 2000000 11 13590 2064136427938 9.390265 131.243939 
0.041250 2000000 10 7673 2481617679726 5.369406 174.445526 
0.045000 2000000 11 8231 2664959580840 6.145683 212.912343 

Census____________________________________________________________


0.001000 2458285 4 10329 28500904977 2.098033 4.489890 
0.003250 2458285 7 9523 125284874529 4.104918 9.533646 
0.005500 2458285 10 12698 321481519709 7.955618 25.625390 
0.007750 2458285 11 12564 625873926701 9.893797 main: src/launcher.cu:2622: neighborTable* nodeLauncher3(double*, unsigned int, unsigned int, unsigned int, unsigned int*, double): Assertion `cudaSuccess == cudaMemcpyAsync(&keyValueIndex[i], &d_keyValueIndex[i], sizeof(unsigned long long ), cudaMemcpyDeviceToHost, stream[tid])' failed.
terminate called after throwing an instance of 'thrust::system::system_error'
/var/spool/slurm/slurmd/job54428642/slurm_script: line 69: 2337167 Aborted                 (core dumped) ./build/main /scratch/bwd29/data/USC_Normalized_No1Col.bin 68 $j

0.010000 2458285 13 13584 975534227949 13.313578 main: src/launcher.cu:2632: neighborTable* nodeLauncher3(double*, unsigned int, unsigned int, unsigned int, unsigned int*, double): Assertion `cudaSuccess == cudaMallocHost((void**) &pointB[tid], sizeof(unsigned int)*(keyValueIndex[i] + 1))' failed.
main: src/launcher.cu:2622: neighborTable* nodeLauncher3(double*, unsigned int, unsigned int, unsigned int, unsigned int*, double): Assertion `cudaSuccess == cudaMemcpyAsync(&keyValueIndex[i], &d_keyValueIndex[i], sizeof(unsigned long long ), cudaMemcpyDeviceToHost, stream[tid])' failed.
/var/spool/slurm/slurmd/job54428642/slurm_script: line 69: 2337862 Aborted                 (core dumped) ./build/main /scratch/bwd29/data/USC_Normalized_No1Col.bin 68 $j


Wave __________________________________________________


0.002000 287999 9 595 10871321453 0.489181 0.704073 
0.003250 287999 11 709 17768989247 0.557419 0.901943 
0.004500 287999 11 566 24496083547 0.579522 1.130458 
0.005750 287999 14 600 29861024347 0.626639 1.473499 
0.007000 287999 14 586 35101001357 0.632238 2.478739 

BIGCROSS____________________________________________________________


0.001000 11620300 4 56603 120929213754 11.235550 23.280191 
0.005750 11620300 8 43764 992052523520 24.866879 48.878561 
0.010500 11620300 13 66094 3359504873684 73.842840 156.058067 
0.015250 11620300 17 68886 7999650020588 105.711646 /var/spool/slurm/slurmd/job54428642/slurm_script: line 87: 2343971 Segmentation fault      (core dumped) ./build/main /scratch/bwd29/data/BIGCROSS_Normalized.bin 57 $j

0.020000 11620300 20 61654 14181835464508 118.929543 main: src/launcher.cu:2632: neighborTable* nodeLauncher3(double*, unsigned int, unsigned int, unsigned int, unsigned int*, double): Assertion `cudaSuccess == cudaMallocHost((void**) &pointB[tid], sizeof(unsigned int)*(keyValueIndex[i] + 1))' failed.
main: src/launcher.cu:2622: neighborTable* nodeLauncher3(double*, unsigned int, unsigned int, unsigned int, unsigned int*, double): Assertion `cudaSuccess == cudaMemcpyAsync(&keyValueIndex[i], &d_keyValueIndex[i], sizeof(unsigned long long ), cudaMemcpyDeviceToHost, stream[tid])' failed.
/var/spool/slurm/slurmd/job54428642/slurm_script: line 87: 2345118 Aborted                 (core dumped) ./build/main /scratch/bwd29/data/BIGCROSS_Normalized.bin 57 $j


SUSY ________________________________________________________________


0.010000 5000000 7 32076 517598545148 9.297107 25.626375 
0.012750 5000000 8 35338 960853651250 14.960152 39.205868 
0.015500 5000000 8 25167 1849400808182 12.260902 78.384677 
0.018250 5000000 9 24515 2831943967006 13.926525 131.946782 
0.021000 5000000 10 25471 4094840908100 19.802503 main: src/launcher.cu:2622: neighborTable* nodeLauncher3(double*, unsigned int, unsigned int, unsigned int, unsigned int*, double): Assertion `cudaSuccess == cudaMemcpyAsync(&keyValueIndex[i], &d_keyValueIndex[i], sizeof(unsigned long long ), cudaMemcpyDeviceToHost, stream[tid])' failed.
/var/spool/slurm/slurmd/job54428642/slurm_script: line 98: 2348541 Aborted                 (core dumped) ./build/main /scratch/bwd29/data/SUSY_Normalized.bin 18 $j


HIGGS ________________________________________________________________


0.010000 11000000 7 112063 1318011263498 33.140323 80.980068 
0.021375 11000000 11 166586 13707484660112 201.504957 /var/spool/slurm/slurmd/job54428642/slurm_script: line 107: 2349790 Segmentation fault      (core dumped) ./build/main /scratch/bwd29/data/HIGSS_Normalized.bin 28 $j

0.032750 11000000 13 93810 45488950909170 165.463025 /var/spool/slurm/slurmd/job54428642/slurm_script: line 107: 2350526 Segmentation fault      (core dumped) ./build/main /scratch/bwd29/data/HIGSS_Normalized.bin 28 $j

0.044125 11000000 15 46223 75523017277484 121.562213 munmap_chunk(): invalid pointer
/var/spool/slurm/slurmd/job54428642/slurm_script: line 107: 2351473 Aborted                 (core dumped) ./build/main /scratch/bwd29/data/HIGSS_Normalized.bin 28 $j

0.055500 11000000 16 26330 96159564952642 71.688565 main: src/launcher.cu:2622: neighborTable* nodeLauncher3(double*, unsigned int, unsigned int, unsigned int, unsigned int*, double): Assertion `cudaSuccess == cudaMemcpyAsync(&keyValueIndex[i], &d_keyValueIndex[i], sizeof(unsigned long long ), cudaMemcpyDeviceToHost, stream[tid])' failed.
main: src/launcher.cu:2622: neighborTable* nodeLauncher3(double*, unsigned int, unsigned int, unsigned int, unsigned int*, double): Assertion `cudaSuccess == cudaMemcpyAsync(&keyValueIndex[i], &d_keyValueIndex[i], sizeof(unsigned long long ), cudaMemcpyDeviceToHost, stream[tid])' failed.
/var/spool/slurm/slurmd/job54428642/slurm_script: line 107: 2352502 Aborted                 (core dumped) ./build/main /scratch/bwd29/data/HIGSS_Normalized.bin 28 $j

Tiny____________________________________________________


0.200000 5000000 19 29987 5536736284600 77.335417 1022.892813 
0.260000 5000000 22 23466 7459090958354 74.808159 2091.073293 
0.320000 5000000 25 18184 9268356805916 71.475158 3720.903624 
0.380000 5000000 28 16726 10947931410626 80.854808 5977.102427 
0.440000 5000000 30 12641 12593162988542 72.657309 main: src/launcher.cu:2622: neighborTable* nodeLauncher3(double*, unsigned int, unsigned int, unsigned int, unsigned int*, double): Assertion `cudaSuccess == cudaMemcpyAsync(&keyValueIndex[i], &d_keyValueIndex[i], sizeof(unsigned long long ), cudaMemcpyDeviceToHost, stream[tid])' failed.
main: src/launcher.cu:2632: neighborTable* nodeLauncher3(double*, unsigned int, unsigned int, unsigned int, unsigned int*, double): Assertion `cudaSuccess == cudaMallocHost((void**) &pointB[tid], sizeof(unsigned int)*(keyValueIndex[i] + 1))' failed.
/var/spool/slurm/slurmd/job54428642/slurm_script: line 116: 2369740 Aborted                 (core dumped) ./build/main /scratch/bwd29/data/TINY_Normalized.bin 384 $j


MSD ________________________________________________________________


0.007000 515345 13 2202 107876911003 1.376458 4.868639 
0.007525 515345 14 2271 115477802753 1.543127 5.950827 
0.008050 515345 14 2128 123335502953 1.417926 6.990716 
0.008575 515345 14 1936 131170941807 1.366568 8.478799 
0.009100 515345 14 1845 139382979989 1.415144 main: src/launcher.cu:2622: neighborTable* nodeLauncher3(double*, unsigned int, unsigned int, unsigned int, unsigned int*, double): Assertion `cudaSuccess == cudaMemcpyAsync(&keyValueIndex[i], &d_keyValueIndex[i], sizeof(unsigned long long ), cudaMemcpyDeviceToHost, stream[tid])' failed.
/var/spool/slurm/slurmd/job54428642/slurm_script: line 36: 2375867 Aborted                 (core dumped) ./build/main /scratch/bwd29/data/MSD.bin 90 $j


UNI ________________________________________________________________


0.250000 2000000 7 14303 380741931490 3.913184 11.835346 
0.300000 2000000 7 9544 742469458250 3.251136 18.341642 
0.350000 2000000 8 12080 1051625127648 4.370449 32.079469 
0.400000 2000000 8 7993 1611980428584 3.404400 51.733184 
0.450000 2000000 8 5830 2091756932602 2.897197 81.915300 

EXPO ________________________________________________________________


0.030000 2000000 10 13782 1447117561564 8.031907 64.894884 
0.033750 2000000 4 383 2494151516670 1.156739 62.523688 
0.037500 2000000 9 6786 2209586890698 3.798254 129.601882 
0.041250 2000000 11 10465 2413733837108 7.783033 167.636838 
0.045000 2000000 11 8231 2664959580840 6.329114 205.828790 

Census____________________________________________________________


0.001000 2458285 4 10329 28500904977 2.123819 4.388202 
0.003250 2458285 7 9523 125284874529 3.694615 8.767366 
0.005500 2458285 10 12698 321481519709 8.130706 24.196765 
0.007750 2458285 11 12564 625873926701 10.911727 main: src/launcher.cu:2622: neighborTable* nodeLauncher3(double*, unsigned int, unsigned int, unsigned int, unsigned int*, double): Assertion `cudaSuccess == cudaMemcpyAsync(&keyValueIndex[i], &d_keyValueIndex[i], sizeof(unsigned long long ), cudaMemcpyDeviceToHost, stream[tid])' failed.
/var/spool/slurm/slurmd/job54428642/slurm_script: line 69: 2383862 Aborted                 (core dumped) ./build/main /scratch/bwd29/data/USC_Normalized_No1Col.bin 68 $j

0.010000 2458285 13 13584 975534227949 13.756125 main: src/launcher.cu:2632: neighborTable* nodeLauncher3(double*, unsigned int, unsigned int, unsigned int, unsigned int*, double): Assertion `cudaSuccess == cudaMallocHost((void**) &pointB[tid], sizeof(unsigned int)*(keyValueIndex[i] + 1))' failed.
main: src/launcher.cu:2622: neighborTable* nodeLauncher3(double*, unsigned int, unsigned int, unsigned int, unsigned int*, double): Assertion `cudaSuccess == cudaMemcpyAsync(&keyValueIndex[i], &d_keyValueIndex[i], sizeof(unsigned long long ), cudaMemcpyDeviceToHost, stream[tid])' failed.
/var/spool/slurm/slurmd/job54428642/slurm_script: line 69: 2384556 Aborted                 (core dumped) ./build/main /scratch/bwd29/data/USC_Normalized_No1Col.bin 68 $j


Wave __________________________________________________


0.002000 287999 8 576 10903610643 0.430040 0.644421 
0.003250 287999 10 635 17878180011 0.544407 0.900004 
0.004500 287999 12 626 24343736929 0.596464 1.144506 
0.005750 287999 15 658 29722116243 0.746132 1.606408 
0.007000 287999 17 755 34585937515 0.775028 2.513133 

BIGCROSS____________________________________________________________


0.001000 11620300 4 56603 120929213754 10.925035 24.860001 
0.005750 11620300 8 43764 992052523520 26.496531 49.131992 
0.010500 11620300 13 66094 3359504873684 68.777788 132.252596 
0.015250 11620300 17 68886 7999650020588 109.397948 275.551941 
0.020000 11620300 18 49101 14485444117576 101.133386 main: src/launcher.cu:2622: neighborTable* nodeLauncher3(double*, unsigned int, unsigned int, unsigned int, unsigned int*, double): Assertion `cudaSuccess == cudaMemcpyAsync(&keyValueIndex[i], &d_keyValueIndex[i], sizeof(unsigned long long ), cudaMemcpyDeviceToHost, stream[tid])' failed.
main: src/launcher.cu:2622: neighborTable* nodeLauncher3(double*, unsigned int, unsigned int, unsigned int, unsigned int*, double): Assertion `cudaSuccess == cudaMemcpyAsync(&keyValueIndex[i], &d_keyValueIndex[i], sizeof(unsigned long long ), cudaMemcpyDeviceToHost, stream[tid])' failed.
/var/spool/slurm/slurmd/job54428642/slurm_script: line 87: 2391980 Aborted                 (core dumped) ./build/main /scratch/bwd29/data/BIGCROSS_Normalized.bin 57 $j


SUSY ________________________________________________________________


0.010000 5000000 7 32076 517598545148 9.107880 21.287414 
0.012750 5000000 8 35338 960853651250 14.791713 37.820518 
0.015500 5000000 8 25167 1849400808182 11.431622 66.213650 
0.018250 5000000 9 24515 2831943967006 13.998682 122.402050 
0.021000 5000000 10 25471 4094840908100 19.227228 main: src/launcher.cu:2632: neighborTable* nodeLauncher3(double*, unsigned int, unsigned int, unsigned int, unsigned int*, double): Assertion `cudaSuccess == cudaMallocHost((void**) &pointB[tid], sizeof(unsigned int)*(keyValueIndex[i] + 1))' failed.
main: src/launcher.cu:2622: neighborTable* nodeLauncher3(double*, unsigned int, unsigned int, unsigned int, unsigned int*, double): Assertion `cudaSuccess == cudaMemcpyAsync(&keyValueIndex[i], &d_keyValueIndex[i], sizeof(unsigned long long ), cudaMemcpyDeviceToHost, stream[tid])' failed.
/var/spool/slurm/slurmd/job54428642/slurm_script: line 98: 2395306 Aborted                 (core dumped) ./build/main /scratch/bwd29/data/SUSY_Normalized.bin 18 $j


HIGGS ________________________________________________________________


0.010000 11000000 8 116282 1313330531178 54.739994 99.553561 
0.021375 11000000 11 166586 13707484660112 202.519483 /var/spool/slurm/slurmd/job54428642/slurm_script: line 107: 2396583 Segmentation fault      (core dumped) ./build/main /scratch/bwd29/data/HIGSS_Normalized.bin 28 $j

0.032750 11000000 12 65548 47109217270942 111.056225 free(): invalid pointer
/var/spool/slurm/slurmd/job54428642/slurm_script: line 107: 2397423 Aborted                 (core dumped) ./build/main /scratch/bwd29/data/HIGSS_Normalized.bin 28 $j

0.044125 11000000 15 46223 75523017277484 125.666289 7198.641248 
0.055500 11000000 17 34941 95577570764904 97.237656 free(): invalid size
/var/spool/slurm/slurmd/job54428642/slurm_script: line 107: 2403789 Aborted                 (core dumped) ./build/main /scratch/bwd29/data/HIGSS_Normalized.bin 28 $j

Tiny____________________________________________________


0.200000 5000000 18 25266 5586064408000 62.712382 996.976843 
0.260000 5000000 22 23466 7459090958354 76.507752 2078.298386 
0.320000 5000000 25 18184 9268356805916 73.268267 3692.680584 
0.380000 5000000 27 14664 10971288770374 70.845603 5943.676858 
0.440000 5000000 29 11318 12617509457620 64.968172 main: src/launcher.cu:2622: neighborTable* nodeLauncher3(double*, unsigned int, unsigned int, unsigned int, unsigned int*, double): Assertion `cudaSuccess == cudaMemcpyAsync(&keyValueIndex[i], &d_keyValueIndex[i], sizeof(unsigned long long ), cudaMemcpyDeviceToHost, stream[tid])' failed.
main: src/launcher.cu:2622: neighborTable* nodeLauncher3(double*, unsigned int, unsigned int, unsigned int, unsigned int*, double): Assertion `cudaSuccess == cudaMemcpyAsync(&keyValueIndex[i], &d_keyValueIndex[i], sizeof(unsigned long long ), cudaMemcpyDeviceToHost, stream[tid])' failed.
/var/spool/slurm/slurmd/job54428642/slurm_script: line 116: 2419088 Aborted                 (core dumped) ./build/main /scratch/bwd29/data/TINY_Normalized.bin 384 $j
