
EPSILON | NUMPOINTS | RP | NODES | CALCS | Construct T | Total T



Census____________________________________________________________


0.001000 2458285 3 3197 56909325371 2.286830 4.712526 
0.003250 2458285 6 2794 188488191587 3.688007 8.518832 
0.005500 2458285 11 3767 404829391971 7.926215 20.665085 
0.007750 2458285 11 4173 711971545823 10.087675 34.924684 
0.010000 2458285 15 5558 1034594821303 16.242312 main: src/launcher.cu:1840: neighborTable* nodeLauncher(double*, unsigned int, unsigned int, unsigned int, unsigned int*, double): Assertion `cudaSuccess == cudaMallocHost((void**) &pointB[tid], sizeof(unsigned int)*(keyValueIndex[i] + 1))' failed.
main: src/launcher.cu:1830: neighborTable* nodeLauncher(double*, unsigned int, unsigned int, unsigned int, unsigned int*, double): Assertion `cudaSuccess == cudaMemcpyAsync(&keyValueIndex[i], &d_keyValueIndex[i], sizeof(unsigned long long ), cudaMemcpyDeviceToHost, stream[tid])' failed.
/var/spool/slurm/slurmd/job54045431/slurm_script: line 65: 522074 Aborted                 (core dumped) ./build/main /scratch/bwd29/data/USC_Normalized_No1Col.bin 68 $j


Wave __________________________________________________


0.002000 287999 5 126 13895914175 0.384063 0.623538 
0.003250 287999 8 160 20355460671 0.510173 0.868488 
0.004500 287999 11 179 26131557713 0.678858 1.147263 
0.005750 287999 12 179 31448422679 0.684869 1.357893 
0.007000 287999 13 194 36446779849 0.739023 2.038430 

BIGCROSS____________________________________________________________


0.001000 11620300 3 12859 197115706966 13.935612 20.205727 
0.005750 11620300 7 11518 1511736383248 26.436382 51.143532 
0.010500 11620300 12 20324 4096743758620 56.403857 111.669914 
0.015250 11620300 16 27207 8467896368844 107.470456 terminate called after throwing an instance of 'thrust::system::detail::bad_alloc'
  what():  std::bad_alloc: cudaErrorMemoryAllocation: out of memory
/var/spool/slurm/slurmd/job54045431/slurm_script: line 81: 529360 Aborted                 (core dumped) ./build/main /scratch/bwd29/data/BIGCROSS_Normalized.bin 57 $j

0.020000 11620300 17 25716 14561989181908 109.028482 main: src/launcher.cu:1703: neighborTable* nodeLauncher(double*, unsigned int, unsigned int, unsigned int, unsigned int*, double): Assertion `cudaSuccess == cudaMalloc((void**)&d_pointB[i], sizeof(unsigned int)*resultsSize)' failed.
/var/spool/slurm/slurmd/job54045431/slurm_script: line 81: 530969 Aborted                 (core dumped) ./build/main /scratch/bwd29/data/BIGCROSS_Normalized.bin 57 $j


Census____________________________________________________________


0.001000 2458285 3 3197 56909325371 2.310670 4.701450 
0.003250 2458285 6 2794 188488191587 4.038337 8.635620 
0.005500 2458285 10 3656 405654934809 6.018827 18.670172 
0.007750 2458285 11 4173 711971545823 10.140914 35.195911 
0.010000 2458285 14 5127 1039661357713 15.351499 main: src/launcher.cu:1840: neighborTable* nodeLauncher(double*, unsigned int, unsigned int, unsigned int, unsigned int*, double): Assertion `cudaSuccess == cudaMallocHost((void**) &pointB[tid], sizeof(unsigned int)*(keyValueIndex[i] + 1))' failed.
main: src/launcher.cu:1830: neighborTable* nodeLauncher(double*, unsigned int, unsigned int, unsigned int, unsigned int*, double): Assertion `cudaSuccess == cudaMemcpyAsync(&keyValueIndex[i], &d_keyValueIndex[i], sizeof(unsigned long long ), cudaMemcpyDeviceToHost, stream[tid])' failed.
/var/spool/slurm/slurmd/job54045431/slurm_script: line 65: 540445 Aborted                 (core dumped) ./build/main /scratch/bwd29/data/USC_Normalized_No1Col.bin 68 $j


Wave __________________________________________________


0.002000 287999 5 126 13895914175 0.416498 0.661225 
0.003250 287999 8 160 20355460671 0.509432 0.871645 
0.004500 287999 11 179 26131557713 0.559581 1.038916 
0.005750 287999 12 179 31448422679 0.696548 1.379763 
0.007000 287999 13 194 36446779849 0.713331 2.029312 

BIGCROSS____________________________________________________________


0.001000 11620300 3 12859 197115706966 14.380198 20.494295 
0.005750 11620300 7 11518 1511736383248 25.168949 48.362818 
0.010500 11620300 12 20324 4096743758620 57.071722 112.585959 
0.015250 11620300 16 27207 8467896368844 106.562807 terminate called after throwing an instance of 'thrust::system::detail::bad_alloc'
  what():  std::bad_alloc: cudaErrorMemoryAllocation: out of memory
/var/spool/slurm/slurmd/job54045431/slurm_script: line 81: 549382 Aborted                 (core dumped) ./build/main /scratch/bwd29/data/BIGCROSS_Normalized.bin 57 $j

0.020000 11620300 17 25716 14561989181908 113.001486 main: src/launcher.cu:1703: neighborTable* nodeLauncher(double*, unsigned int, unsigned int, unsigned int, unsigned int*, double): Assertion `cudaSuccess == cudaMalloc((void**)&d_pointB[i], sizeof(unsigned int)*resultsSize)' failed.
/var/spool/slurm/slurmd/job54045431/slurm_script: line 81: 553640 Aborted                 (core dumped) ./build/main /scratch/bwd29/data/BIGCROSS_Normalized.bin 57 $j


Census____________________________________________________________


0.001000 2458285 3 3197 56909325371 2.311311 4.830775 
0.003250 2458285 7 2834 188065455295 4.196831 8.757238 
0.005500 2458285 10 3656 405654934809 6.644561 19.272312 
0.007750 2458285 11 4173 711971545823 9.877227 34.907174 
0.010000 2458285 14 5127 1039661357713 14.005608 main: src/launcher.cu:1840: neighborTable* nodeLauncher(double*, unsigned int, unsigned int, unsigned int, unsigned int*, double): Assertion `cudaSuccess == cudaMallocHost((void**) &pointB[tid], sizeof(unsigned int)*(keyValueIndex[i] + 1))' failed.
main: src/launcher.cu:1830: neighborTable* nodeLauncher(double*, unsigned int, unsigned int, unsigned int, unsigned int*, double): Assertion `cudaSuccess == cudaMemcpyAsync(&keyValueIndex[i], &d_keyValueIndex[i], sizeof(unsigned long long ), cudaMemcpyDeviceToHost, stream[tid])' failed.
/var/spool/slurm/slurmd/job54045431/slurm_script: line 65: 555786 Aborted                 (core dumped) ./build/main /scratch/bwd29/data/USC_Normalized_No1Col.bin 68 $j


Wave __________________________________________________


0.002000 287999 5 126 13895914175 0.401368 0.645090 
0.003250 287999 8 160 20355460671 0.494156 0.851909 
0.004500 287999 10 172 26179359713 0.594899 1.063072 
0.005750 287999 14 200 31340622221 0.744395 1.419646 
0.007000 287999 12 181 36532480803 0.715591 2.033164 

BIGCROSS____________________________________________________________


0.001000 11620300 3 12859 197115706966 13.604072 19.915707 
0.005750 11620300 7 11518 1511736383248 26.924296 49.708554 
0.010500 11620300 12 20324 4096743758620 56.172376 111.045100 
0.015250 11620300 16 27207 8467896368844 103.155663 terminate called after throwing an instance of 'thrust::system::detail::bad_alloc'
  what():  std::bad_alloc: cudaErrorMemoryAllocation: out of memory
/var/spool/slurm/slurmd/job54045431/slurm_script: line 81: 567683 Aborted                 (core dumped) ./build/main /scratch/bwd29/data/BIGCROSS_Normalized.bin 57 $j

0.020000 11620300 17 25716 14561989181908 110.001328 main: src/launcher.cu:1703: neighborTable* nodeLauncher(double*, unsigned int, unsigned int, unsigned int, unsigned int*, double): Assertion `cudaSuccess == cudaMalloc((void**)&d_pointB[i], sizeof(unsigned int)*resultsSize)' failed.
/var/spool/slurm/slurmd/job54045431/slurm_script: line 81: 572132 Aborted                 (core dumped) ./build/main /scratch/bwd29/data/BIGCROSS_Normalized.bin 57 $j
