
EPSILON | NUMPOINTS | RP | NODES | CALCS | Construct T | Total T



MSD ________________________________________________________________


0.007000 515345 1 21 170979007977 0.256893 4.835215 
0.007525 515345 1 20 177585998311 0.262815 5.331910 
0.008050 515345 1 20 185481056983 0.270706 6.590288 
0.008575 515345 1 18 191503325863 0.268850 7.627560 
0.009100 515345 1 17 197994635393 0.279475 9.444136 

MSD ________________________________________________________________


0.007000 515345 2 52 149939760245 0.357171 3.858979 
0.007525 515345 2 68 158803937551 0.356946 4.641008 
0.008050 515345 2 42 166529333641 0.366115 5.688361 
0.008575 515345 2 49 171407693957 0.370906 7.012059 
0.009100 515345 2 49 181875047541 0.392699 8.149895 

MSD ________________________________________________________________


0.007000 515345 3 100 139200595557 0.470937 3.604420 
0.007525 515345 3 112 148625324851 0.483146 4.573689 
0.008050 515345 3 79 155820953273 0.433011 5.100397 
0.008575 515345 3 90 162186495633 0.411476 6.244238 
0.009100 515345 3 84 171686978723 0.415111 7.644462 

MSD ________________________________________________________________


0.007000 515345 4 161 130253427857 0.520356 3.525791 
0.007525 515345 4 173 138039412237 0.555286 4.217938 
0.008050 515345 4 134 145513907653 0.523510 4.901334 
0.008575 515345 4 132 153896234755 0.520411 6.081201 
0.009100 515345 4 130 161509391333 0.540023 7.299584 

MSD ________________________________________________________________


0.007000 515345 5 242 124670409489 0.608041 3.344721 
0.007525 515345 5 239 133551295451 0.639476 4.057266 
0.008050 515345 5 192 141241553471 0.638454 4.877932 
0.008575 515345 5 191 149372026937 0.692686 5.926051 
0.009100 515345 5 180 158263732995 0.731654 7.259962 

MSD ________________________________________________________________


0.007000 515345 6 340 120439196589 0.786403 3.461968 
0.007525 515345 6 329 128253786953 0.732497 4.021029 
0.008050 515345 6 278 137161531399 0.735899 4.775046 
0.008575 515345 6 267 144365349703 0.804142 5.825045 
0.009100 515345 6 239 153631739617 0.723943 7.114852 

MSD ________________________________________________________________


0.007000 515345 7 410 118040357201 0.862310 3.481849 
0.007525 515345 7 404 126325934239 0.921644 4.190484 
0.008050 515345 7 346 134817972417 0.924001 4.846474 
0.008575 515345 7 337 142197738717 0.888506 5.803529 
0.009100 515345 7 305 150912123855 0.905197 7.086574 

MSD ________________________________________________________________


0.007000 515345 8 552 116242427543 0.973260 3.570187 
0.007525 515345 8 527 124245408061 1.044747 4.310134 
0.008050 515345 8 436 132743661635 1.020547 4.935854 
0.008575 515345 8 426 140138131293 1.038468 5.845254 
0.009100 515345 8 381 148504604619 0.959657 6.947713 

MSD ________________________________________________________________


0.007000 515345 9 644 114775513913 1.094340 3.644532 
0.007525 515345 9 614 122408976845 1.168457 4.403417 
0.008050 515345 9 541 131109349511 1.126496 4.928650 
0.008575 515345 9 503 138226646201 1.154848 5.959830 
0.009100 515345 9 453 146949992211 1.150240 7.157370 

MSD ________________________________________________________________


0.007000 515345 10 779 113736904751 1.188704 3.676011 
0.007525 515345 10 735 121297176863 1.240305 4.366116 
0.008050 515345 10 633 129554467405 1.206791 5.069797 
0.008575 515345 10 606 136966545987 1.246525 5.938211 
0.009100 515345 10 521 145596069185 1.226896 7.101498 

MSD ________________________________________________________________


0.007000 515345 11 892 112294931405 1.379241 3.920522 
0.007525 515345 11 860 119801941169 1.381323 4.472138 
0.008050 515345 11 717 128112137793 1.369420 5.177210 
0.008575 515345 11 701 135444387367 1.394462 6.118764 
0.009100 515345 11 615 144351421993 1.355936 7.235128 

MSD ________________________________________________________________


0.007000 515345 12 979 111751608717 1.466634 3.969342 
0.007525 515345 12 935 119279995101 1.534235 4.619153 
0.008050 515345 12 815 127509754523 1.480151 5.291085 
0.008575 515345 12 788 134820601791 1.496061 6.146373 
0.009100 515345 12 697 143807192601 1.455190 7.335985 

MSD ________________________________________________________________


0.007000 515345 13 1060 111108437393 1.653763 4.185932 
0.007525 515345 13 1057 118752402897 1.691050 4.785536 
0.008050 515345 13 937 126893182915 1.634962 5.468609 
0.008575 515345 13 893 133877040557 1.664760 6.203425 
0.009100 515345 13 802 142972110529 1.595971 7.528793 

MSD ________________________________________________________________


0.007000 515345 14 1136 110542408617 1.830029 4.323218 
0.007525 515345 14 1155 118284831973 1.873281 4.989589 
0.008050 515345 14 1041 126324401615 1.807463 5.547126 
0.008575 515345 14 998 133407766973 1.792582 6.354858 
0.009100 515345 14 889 142232866745 1.765724 7.528265 

MSD ________________________________________________________________


0.007000 515345 15 1242 110212112765 1.992698 4.513038 
0.007525 515345 15 1247 117826199751 2.028414 5.134686 
0.008050 515345 15 1132 125853421191 2.048561 5.784905 
0.008575 515345 15 1082 132962490213 2.030145 6.707151 
0.009100 515345 15 983 141632177315 1.900038 7.600372 

MSD ________________________________________________________________


0.007000 515345 16 1309 109926143909 2.230280 4.756069 
0.007525 515345 16 1349 117613432457 2.248302 5.344702 
0.008050 515345 16 1222 125550065525 2.178540 5.960067 
0.008575 515345 16 1174 132642475363 2.166974 6.806497 
0.009100 515345 16 1059 141328877499 2.096726 7.757227 

MSD ________________________________________________________________


0.007000 515345 17 1364 109652097705 2.345374 4.818418 
0.007525 515345 17 1426 117228301787 2.647136 5.778799 
0.008050 515345 17 1293 125228638825 2.388997 6.116739 
0.008575 515345 17 1252 132282563579 2.490498 7.035241 
0.009100 515345 17 1137 140880185207 2.320530 8.000672 

MSD ________________________________________________________________


0.007000 515345 18 1432 109563463303 2.562279 5.094211 
0.007525 515345 18 1526 117093098529 3.205113 6.311468 
0.008050 515345 18 1369 125094738979 2.526112 6.252610 
0.008575 515345 18 1338 132108989115 2.579206 7.161870 
0.009100 515345 18 1211 140657452123 2.541621 8.251382 

MSD ________________________________________________________________


0.007000 515345 19 1492 109430133513 2.725757 5.246902 
0.007525 515345 19 1595 116970228999 3.186523 6.299904 
0.008050 515345 19 1438 124851504313 2.693500 6.441438 
0.008575 515345 19 1400 131905950577 3.130820 7.669126 
0.009100 515345 19 1288 140309303813 2.705738 8.418915 

MSD ________________________________________________________________


0.007000 515345 20 1542 109327958035 2.942384 5.499964 
0.007525 515345 20 1651 116893341707 3.489515 6.595430 
0.008050 515345 20 1510 124744539741 2.973561 6.729398 
0.008575 515345 20 1484 131804583531 2.995013 7.554717 
0.009100 515345 20 1369 140095753673 3.142023 8.816841 

MSD ________________________________________________________________


0.007000 515345 21 1592 109273470989 3.502923 6.045851 
0.007525 515345 21 1696 116828019995 3.714651 6.772476 
0.008050 515345 21 1584 124600640885 3.240692 7.083319 
0.008575 515345 21 1561 131649329479 3.639495 8.246440 
0.009100 515345 21 1438 139890898011 3.385880 9.131431 

MSD ________________________________________________________________


0.007000 515345 22 1643 109234103595 3.336393 5.908309 
0.007525 515345 22 1751 116774622235 3.602532 6.717881 
0.008050 515345 22 1671 124523096473 3.968576 7.711486 
0.008575 515345 22 1623 131540586557 3.965813 8.530821 
0.009100 515345 22 1519 139821649581 3.381360 9.134549 

MSD ________________________________________________________________


0.007000 515345 23 1677 109200252101 3.648898 6.211889 
0.007525 515345 23 1788 116614977829 3.813902 6.904786 
0.008050 515345 23 1719 124406566589 3.591652 7.348710 
0.008575 515345 23 1686 131346240901 3.590474 8.158758 
0.009100 515345 23 1593 139483155965 3.581777 9.376812 

MSD ________________________________________________________________


0.007000 515345 24 1707 109166339407 3.631680 6.166521 
0.007525 515345 24 1820 116563848037 4.317050 7.386127 
0.008050 515345 24 1775 124349785797 3.818784 7.557146 
0.008575 515345 24 1747 131277849975 4.329150 8.954231 
0.009100 515345 24 1671 139381660843 3.716538 9.509374 

MSD ________________________________________________________________


0.007000 515345 25 1730 109145418121 4.649416 7.216438 
0.007525 515345 25 1856 116549320167 4.067973 7.126750 
0.008050 515345 25 1814 124316473391 4.083369 7.818578 
0.008575 515345 25 1804 131245594005 4.966637 9.542357 
0.009100 515345 25 1740 139311802061 3.945030 9.785510 

MSD ________________________________________________________________


0.007000 515345 26 1753 109124979439 4.055907 6.633890 
0.007525 515345 26 1882 116538604665 4.463318 7.595847 
0.008050 515345 26 1858 124288825093 4.398225 8.198142 
0.008575 515345 26 1846 131208660083 4.320317 8.908647 
0.009100 515345 26 1797 139245372629 5.277307 11.052525 

MSD ________________________________________________________________


0.007000 515345 27 1775 109082040321 4.991347 7.579019 
0.007525 515345 27 1909 116517865921 5.058003 8.155398 
0.008050 515345 27 1902 124236433885 5.023196 8.755527 
0.008575 515345 27 1885 131136968131 5.003538 9.543182 
0.009100 515345 27 1855 139160463301 4.890388 10.665539 

MSD ________________________________________________________________


0.007000 515345 28 1791 109076717245 4.763584 7.376570 
0.007525 515345 28 1933 116505930505 5.136828 8.240701 
0.008050 515345 28 1940 124221039541 5.281618 9.132652 
0.008575 515345 28 1924 131130587151 5.450413 10.063433 
0.009100 515345 28 1902 139142449747 5.274008 11.004738 

MSD ________________________________________________________________


0.007000 515345 29 1802 109072214561 5.169483 7.769616 
0.007525 515345 29 1945 116497186657 5.340164 8.440294 
0.008050 515345 29 1974 124209805353 5.800578 9.605808 
0.008575 515345 29 1946 131123669687 5.764502 10.355120 
0.009100 515345 29 1936 139127244803 5.728184 11.462316 

MSD ________________________________________________________________


0.007000 515345 30 1811 109070501837 5.338493 7.933982 
0.007525 515345 30 1958 116490956641 6.315371 9.463607 
0.008050 515345 30 1996 124204803023 6.113222 9.983446 
0.008575 515345 30 1963 131117208685 5.834768 10.521737 
0.009100 515345 30 1966 139113726817 5.986147 11.746000 