
EPSILON | NUMPOINTS | MIN | MAX | SSE | STDEV | RP | Construct T | Kernel T | Total T

src/launcher.cu(3612): warning #177-D: variable "lastLayerOffset" was declared but never referenced
      const unsigned int lastLayerOffset = totalBinNumber - binSizes[numLayers-1];
                         ^

Remark: The warnings can be suppressed with "-diag-suppress <warning-number>"

src/launcher.cu(3755): warning #177-D: variable "d_arrayCounter" was declared but never referenced
      const unsigned int d_arrayCounter = nonEmptyBins;
                         ^

src/launcher.cu(3756): warning #177-D: variable "d_numLayers" was declared but never referenced
      const unsigned int d_numLayers = numLayers;
                         ^



 _______________ 256 _____ 1024 ______1 ______________________



MSD ________________________________________________________________


0.007600 515345 32 6 423 53619504061 0.568262 2 0.201896 1.56631 131620689 2.288930 2.751902 
0.009130 515345 32 6 371 69429511557 0.584813 2 0.261426 3.37734 526971289 4.132859 4.597867 
0.011334 515345 32 6 331 89699774549 0.569648 2 0.337750 7.94288 2119984377 8.696482 9.167222 src/launcher.cu(3612): warning #177-D: variable "lastLayerOffset" was declared but never referenced
      const unsigned int lastLayerOffset = totalBinNumber - binSizes[numLayers-1];
                         ^

Remark: The warnings can be suppressed with "-diag-suppress <warning-number>"

src/launcher.cu(3755): warning #177-D: variable "d_arrayCounter" was declared but never referenced
      const unsigned int d_arrayCounter = nonEmptyBins;
                         ^

src/launcher.cu(3756): warning #177-D: variable "d_numLayers" was declared but never referenced
      const unsigned int d_numLayers = numLayers;
                         ^



Wave __________________________________________________


0.005400 287999 32 6 96 14735146385 0.264576 2 0.177653 0.514003 74145223 0.855875 1.007572 
0.007020 287999 32 6 78 16694286575 0.274485 2 0.201273 1.13555 296550643 1.485862 1.635987 
0.008358 287999 32 6 73 19865878009 0.272779 2 0.239511 2.93748 1175790333 3.285045 3.431944 src/launcher.cu(3612): warning #177-D: variable "lastLayerOffset" was declared but never referenced
      const unsigned int lastLayerOffset = totalBinNumber - binSizes[numLayers-1];
                         ^

Remark: The warnings can be suppressed with "-diag-suppress <warning-number>"

src/launcher.cu(3755): warning #177-D: variable "d_arrayCounter" was declared but never referenced
      const unsigned int d_arrayCounter = nonEmptyBins;
                         ^

src/launcher.cu(3756): warning #177-D: variable "d_numLayers" was declared but never referenced
      const unsigned int d_numLayers = numLayers;
                         ^



BIGCROSS____________________________________________________________


0.013100 11620300 32 6 7400 470479672344 16.529565 45 0.003484 14.1941 2989546486 35.447609 42.306800 
0.019940 11620300 32 6 4502 806586310000 15.647586 45 0.005973 32.7655 12015645920 53.159930 59.520284 
0.028100 11620300 32 6 3147 1701229010000 16.300417 45 0.012599 89.2315 47684544042 110.163418 116.618770 src/launcher.cu(3612): warning #177-D: variable "lastLayerOffset" was declared but never referenced
      const unsigned int lastLayerOffset = totalBinNumber - binSizes[numLayers-1];
                         ^

Remark: The warnings can be suppressed with "-diag-suppress <warning-number>"

src/launcher.cu(3755): warning #177-D: variable "d_arrayCounter" was declared but never referenced
      const unsigned int d_arrayCounter = nonEmptyBins;
                         ^

src/launcher.cu(3756): warning #177-D: variable "d_numLayers" was declared but never referenced
      const unsigned int d_numLayers = numLayers;
                         ^



SUSY ________________________________________________________________


0.017030 5000000 32 6 1604 2544915441984 4.949346 20 0.101797 39.0412 1276531250 45.267470 46.129535 
0.020780 5000000 32 6 2173 3804246517248 5.427295 20 0.152170 64.811 5078904052 71.507885 72.373312 
0.025555 5000000 32 6 1779 6430194496196 5.507494 21 0.257208 129.488 20296655478 136.305795 137.184039 