
EPSILON | NUMPOINTS | MIN | MAX | SSE | STDEV | RP | Construct T | Kernel T | Total T

src/launcher.cu(3612): warning #177-D: variable "lastLayerOffset" was declared but never referenced
      const unsigned int lastLayerOffset = totalBinNumber - binSizes[numLayers-1];
                         ^

Remark: The warnings can be suppressed with "-diag-suppress <warning-number>"

src/launcher.cu(3755): warning #177-D: variable "d_arrayCounter" was declared but never referenced
      const unsigned int d_arrayCounter = nonEmptyBins;
                         ^

src/launcher.cu(3756): warning #177-D: variable "d_numLayers" was declared but never referenced
      const unsigned int d_numLayers = numLayers;
                         ^



 _______________ 256 _____ 1024 ______1 ______________________



MSD ________________________________________________________________


0.007600 515345 32 6 28137 37933394623 3.993527 2 0.142832 1.69906 131620689 5.877237 6.330370 
0.009130 515345 32 6 20191 54250924133 3.370503 2 0.204273 3.76816 526971289 7.328383 7.783589 
0.011334 515345 32 6 13421 78593808505 2.151914 2 0.295932 9.09188 2119984377 11.416112 11.873376 src/launcher.cu(3612): warning #177-D: variable "lastLayerOffset" was declared but never referenced
      const unsigned int lastLayerOffset = totalBinNumber - binSizes[numLayers-1];
                         ^

Remark: The warnings can be suppressed with "-diag-suppress <warning-number>"

src/launcher.cu(3755): warning #177-D: variable "d_arrayCounter" was declared but never referenced
      const unsigned int d_arrayCounter = nonEmptyBins;
                         ^

src/launcher.cu(3756): warning #177-D: variable "d_numLayers" was declared but never referenced
      const unsigned int d_numLayers = numLayers;
                         ^



Wave __________________________________________________


0.005400 287999 32 6 15294 13099342907 2.014368 2 0.157931 0.463777 74145223 2.566049 2.683636 
0.007020 287999 32 6 7495 15780875979 0.738961 2 0.190261 1.12279 296550643 1.946780 2.068348 
0.008358 287999 32 6 761 19690692581 0.315074 2 0.237399 2.9079 1175790333 3.305123 3.428307 src/launcher.cu(3612): warning #177-D: variable "lastLayerOffset" was declared but never referenced
      const unsigned int lastLayerOffset = totalBinNumber - binSizes[numLayers-1];
                         ^

Remark: The warnings can be suppressed with "-diag-suppress <warning-number>"

src/launcher.cu(3755): warning #177-D: variable "d_arrayCounter" was declared but never referenced
      const unsigned int d_arrayCounter = nonEmptyBins;
                         ^

src/launcher.cu(3756): warning #177-D: variable "d_numLayers" was declared but never referenced
      const unsigned int d_numLayers = numLayers;
                         ^



BIGCROSS____________________________________________________________


0.013100 11620300 32 6 81779 67017383972 28.469492 45 0.000496 4.50934 2989546486 37.740726 44.179872 
0.019940 11620300 32 6 45516 320702920582 20.736552 45 0.002375 18.7168 12015645920 44.180473 50.620902 
0.028100 11620300 32 6 20439 1225741457434 19.201294 45 0.009077 73.6968 47684544042 97.536489 103.984893 

SUSY ________________________________________________________________


0.017030 5000000 32 6 33829 1239069996550 11.254955 20 0.049563 20.0537 1276531250 32.615043 33.464021 
0.020780 5000000 32 6 11655 2819007302736 7.640708 20 0.112760 47.033 5078904052 55.959290 56.836228 
0.025555 5000000 32 6 6520 5760011495632 6.019479 20 0.230400 103.628 20296655478 110.941750 111.791292 