not unicomp, 32x1024 launches, 100 x 0.02 sampling, 32 per layer, variable rps 5 to 6, non-rand rp, not sorted by varience
SUSY ________________________________________________________________
SUSY ________________________________________________________________
SUSY ________________________________________________________________

Time to read in file: 0.535434

Number points: 5000000 
Number Dimensions: 18 
Number Concurent Streams: 2
Distance Threshold: 0.010000 
*********************************

layer 0 bincount: 69
layer 1 bincount: 2295
layer 2 bincount: 26937
layer 3 bincount: 233325
layer 4 bincount: 1693900
layer 5 bincount: 2830688
Selected 6 reference points
Last Layer Bin Count: 2830688
Tree Check: 5000000
Time to build tree: 4.919692
Number non-empty bins: 209749
Number of calcs: 579514802472
Number Address for calcs: 61974975
Tree search time: 2.022808
Total results Set Size: 30844186 
Kernel time: 33.102344
Total Time: 40.044844

Time to read in file: 0.506024

Number points: 5000000 
Number Dimensions: 18 
Number Concurent Streams: 2
Distance Threshold: 0.012750 
*********************************

layer 0 bincount: 36
layer 1 bincount: 1230
layer 2 bincount: 15708
layer 3 bincount: 86800
layer 4 bincount: 371552
layer 5 bincount: 2200653
Selected 6 reference points
Last Layer Bin Count: 2200653
Tree Check: 5000000
Time to build tree: 5.064077
Number non-empty bins: 97514
Number of calcs: 2057912808988
Number Address for calcs: 27856236
Tree search time: 0.839889
Total results Set Size: 162647128 
Kernel time: 93.131323
Total Time: 99.035289

Time to read in file: 0.497973

Number points: 5000000 
Number Dimensions: 18 
Number Concurent Streams: 2
Distance Threshold: 0.015500 
*********************************

layer 0 bincount: 22
layer 1 bincount: 595
layer 2 bincount: 8520
layer 3 bincount: 58559
layer 4 bincount: 162942
layer 5 bincount: 828630
Selected 6 reference points
Last Layer Bin Count: 828630
Tree Check: 5000000
Time to build tree: 4.771786
Number non-empty bins: 43071
Number of calcs: 3802331966270
Number Address for calcs: 10335385
Tree search time: 0.339267
Total results Set Size: 655680946 
Kernel time: 143.707094
Total Time: 148.818147

Time to read in file: 0.518218

Number points: 5000000 
Number Dimensions: 18 
Number Concurent Streams: 2
Distance Threshold: 0.018250 
*********************************

layer 0 bincount: 40
layer 1 bincount: 945
layer 2 bincount: 7260
layer 3 bincount: 44921
layer 4 bincount: 119106
layer 5 bincount: 285679
Selected 6 reference points
Last Layer Bin Count: 285679
Tree Check: 5000000
Time to build tree: 4.804690
Number non-empty bins: 22809
Number of calcs: 5925055381316
Number Address for calcs: 5159575
Tree search time: 0.171709
Total results Set Size: 2052134550 
Kernel time: 227.456130
Total Time: 232.432528

Time to read in file: 0.495188

Number points: 5000000 
Number Dimensions: 18 
Number Concurent Streams: 2
Distance Threshold: 0.021000 
*********************************

layer 0 bincount: 24
layer 1 bincount: 432
layer 2 bincount: 2200
layer 3 bincount: 12000
layer 4 bincount: 44298
layer 5 bincount: 136530
Selected 6 reference points
Last Layer Bin Count: 136530
Tree Check: 5000000
Time to build tree: 4.937676
Number non-empty bins: 12542
Number of calcs: 8822911975770
Number Address for calcs: 2672962
Tree search time: 0.072584
Total results Set Size: 4690008512 
Kernel time: 329.904484
Total Time: 334.914744
Completed!
