

MSD ________________________________________________________________


0.007000 515345 18 1869 107921820803 2.227689 4.696935 
0.007525 515345 16 1648 116438847253 1.812340 4.834255 
0.008050 515345 20 1751 123314217117 2.677989 6.448236 
0.008575 515345 18 1507 131194193299 2.140183 6.656326 
0.009100 515345 21 1630 138971142873 2.868185 8.388887 

SUSY ________________________________________________________________


0.010000 5000000 9 21594 532416051544 13.970688 23.821804 
0.012750 5000000 6 13069 1161889693246 5.988841 27.856469 
0.015500 5000000 7 11908 1979553457182 7.678849 50.247912 
0.018250 5000000 8 11115 2981774076210 10.262733 84.709536 
0.021000 5000000 9 9979 4513644419152 10.759456 136.844603 
Tiny____________________________________________________


0.200000 5000000 27 17002 5410904697958 116.930244 main: src/launcher.cu:1703: neighborTable* nodeLauncher(double*, unsigned int, unsigned int, unsigned int, unsigned int*, double): Assertion `cudaSuccess == cudaMalloc((void**)&d_pointB[i], sizeof(unsigned int)*resultsSize)' failed.
/var/spool/slurm/slurmd/job53991333/slurm_script: line 96: 2488195 Aborted                 (core dumped) ./build/main /scratch/bwd29/data/TINY_Normalized.bin 384 $j

0.260000 5000000 30 14290 7285900330292 112.637576 main: src/launcher.cu:1703: neighborTable* nodeLauncher(double*, unsigned int, unsigned int, unsigned int, unsigned int*, double): Assertion `cudaSuccess == cudaMalloc((void**)&d_pointB[i], sizeof(unsigned int)*resultsSize)' failed.
/var/spool/slurm/slurmd/job53991333/slurm_script: line 96: 2489521 Aborted                 (core dumped) ./build/main /scratch/bwd29/data/TINY_Normalized.bin 384 $j

0.320000 5000000 30 9415 9156313231702 93.176404 main: src/launcher.cu:1703: neighborTable* nodeLauncher(double*, unsigned int, unsigned int, unsigned int, unsigned int*, double): Assertion `cudaSuccess == cudaMalloc((void**)&d_pointB[i], sizeof(unsigned int)*resultsSize)' failed.
/var/spool/slurm/slurmd/job53991333/slurm_script: line 96: 2491311 Aborted                 (core dumped) ./build/main /scratch/bwd29/data/TINY_Normalized.bin 384 $j

0.380000 5000000 30 6685 10921563692144 79.708647 main: src/launcher.cu:1703: neighborTable* nodeLauncher(double*, unsigned int, unsigned int, unsigned int, unsigned int*, double): Assertion `cudaSuccess == cudaMalloc((void**)&d_pointB[i], sizeof(unsigned int)*resultsSize)' failed.
/var/spool/slurm/slurmd/job53991333/slurm_script: line 96: 2493823 Aborted                 (core dumped) ./build/main /scratch/bwd29/data/TINY_Normalized.bin 384 $j

0.440000 5000000 30 4604 12581257655504 70.018702 main: src/launcher.cu:1703: neighborTable* nodeLauncher(double*, unsigned int, unsigned int, unsigned int, unsigned int*, double): Assertion `cudaSuccess == cudaMalloc((void**)&d_pointB[i], sizeof(unsigned int)*resultsSize)' failed.
/var/spool/slurm/slurmd/job53991333/slurm_script: line 96: 2500085 Aborted                 (core dumped) ./build/main /scratch/bwd29/data/TINY_Normalized.bin 384 $j
Unexpected message received for job 53991333
