

MSD ________________________________________________________________


0.007000 515345 17 1798 107993245191 2.124131 4.542098 
0.007525 515345 13 1359 117592042109 1.379031 4.444514 
0.008050 515345 18 1628 123683775403 2.100017 5.749145 
0.008575 515345 18 1507 131194193299 2.127307 6.499687 
0.009100 515345 18 1427 139643259737 2.158199 7.466464 

SUSY ________________________________________________________________


0.010000 5000000 9 21594 532416051544 11.967887 20.552623 
0.012750 5000000 6 13069 1161889693246 6.174483 26.161501 
0.015500 5000000 6 8376 2211561367952 5.155303 47.988040 
0.018250 5000000 7 8375 3299802125090 6.160177 81.970750 
0.021000 5000000 8 8077 4807369994564 7.865842 135.570210 
Tiny____________________________________________________


0.200000 5000000 20 11185 5480900963902 61.456783 593.462849 
0.260000 5000000 20 6403 7469323347508 49.201379 1072.845524 
0.320000 5000000 20 3846 9392749143622 45.213534 terminate called after throwing an instance of 'thrust::system::detail::bad_alloc'
  what():  std::bad_alloc: cudaErrorMemoryAllocation: out of memory
/var/spool/slurm/slurmd/job53996411/slurm_script: line 96: 1440291 Aborted                 (core dumped) ./build/main /scratch/bwd29/data/TINY_Normalized.bin 384 $j

0.380000 5000000 20 2581 11182503799894 43.705704 main: src/launcher.cu:1840: neighborTable* nodeLauncher(double*, unsigned int, unsigned int, unsigned int, unsigned int*, double): Assertion `cudaSuccess == cudaMallocHost((void**) &pointB[tid], sizeof(unsigned int)*(keyValueIndex[i] + 1))' failed.
main: src/launcher.cu:1830: neighborTable* nodeLauncher(double*, unsigned int, unsigned int, unsigned int, unsigned int*, double): Assertion `cudaSuccess == cudaMemcpyAsync(&keyValueIndex[i], &d_keyValueIndex[i], sizeof(unsigned long long ), cudaMemcpyDeviceToHost, stream[tid])' failed.
/var/spool/slurm/slurmd/job53996411/slurm_script: line 96: 1476146 Aborted                 (core dumped) ./build/main /scratch/bwd29/data/TINY_Normalized.bin 384 $j

0.440000 5000000 20 1683 12871884474876 43.173206 main: src/launcher.cu:1830: neighborTable* nodeLauncher(double*, unsigned int, unsigned int, unsigned int, unsigned int*, double): Assertion `cudaSuccess == cudaMemcpyAsync(&keyValueIndex[i], &d_keyValueIndex[i], sizeof(unsigned long long ), cudaMemcpyDeviceToHost, stream[tid])' failed.
main: src/launcher.cu:1840: neighborTable* nodeLauncher(double*, unsigned int, unsigned int, unsigned int, unsigned int*, double): Assertion `cudaSuccess == cudaMallocHost((void**) &pointB[tid], sizeof(unsigned int)*(keyValueIndex[i] + 1))' failed.
/var/spool/slurm/slurmd/job53996411/slurm_script: line 96: 1533194 Aborted                 (core dumped) ./build/main /scratch/bwd29/data/TINY_Normalized.bin 384 $j
