
EPSILON | NUMPOINTS | RP | Construct T | Kernel T | Total T

src/launcher.cu(3749): warning #550-D: variable "bufferSizes" was set but never used
      unsigned long long bufferSizes[NUMSTREAMS];
                         ^

Remark: The warnings can be suppressed with "-diag-suppress <warning-number>"



 _______________ 256 _____ 1024 ______1 ______________________



MSD ________________________________________________________________


0.007600 515345 6 1.508015 6437 4.411733 148458717509 6.045801 
0.009130 515345 6 1.528122 3456 5.069343 171632876931 6.722670 
0.011334 515345 6 1.283774 1944 5.826975 198148196865 7.230004 src/launcher.cu(3749): warning #550-D: variable "bufferSizes" was set but never used
      unsigned long long bufferSizes[NUMSTREAMS];
                         ^

Remark: The warnings can be suppressed with "-diag-suppress <warning-number>"



Wave __________________________________________________


0.005400 287999 6 0.690165 1614 1.059015 35222766993 1.817067 
0.007020 287999 6 0.932748 577 1.354614 45739759445 2.353247 
0.008358 287999 6 0.846156 308 1.430485 48658835635 2.341725 src/launcher.cu(3749): warning #550-D: variable "bufferSizes" was set but never used
      unsigned long long bufferSizes[NUMSTREAMS];
                         ^

Remark: The warnings can be suppressed with "-diag-suppress <warning-number>"



BIGCROSS____________________________________________________________


0.013100 11620300 6 16.841723 10080 235.229796 8043006474624 256.427991 
0.019940 11620300 6 17.152354 2883 593.133758 20423202624734 614.285172 
0.028100 11620300 6 16.600492 1188 1134.465674 39134906094328 1155.247738 src/launcher.cu(3749): warning #550-D: variable "bufferSizes" was set but never used
      unsigned long long bufferSizes[NUMSTREAMS];
                         ^

Remark: The warnings can be suppressed with "-diag-suppress <warning-number>"



SUSY ________________________________________________________________


0.017030 5000000 6 5.095519 45078 90.894269 3089584329488 97.372108 
0.020780 5000000 6 5.074225 23323 177.793875 6092507293622 184.031108 
0.025555 5000000 6 5.289474 13882 292.366539 10045294211662 298.809271 src/launcher.cu(3749): warning #550-D: variable "bufferSizes" was set but never used
      unsigned long long bufferSizes[NUMSTREAMS];
                         ^

Remark: The warnings can be suppressed with "-diag-suppress <warning-number>"



HIGGS ________________________________________________________________


0.049186 11000000 6 11.981835 1075 3101.587925 107094581886586 3117.096600 
0.055580 11000000 6 11.911476 827 3270.891043 112950031480104 3286.313854 
0.063117 11000000 6 11.956709 638 3404.624401 117554984231002 3420.107568 