
EPSILON | NUMPOINTS | RP | Construct T | Kernel T | Total T



 _______________ 256 _____ 1024 ______1 ______________________



MSD ________________________________________________________________


0.007600 515345 6 1.447374 6437 3.701059 5.275859 
0.009130 515345 6 1.149869 3456 5.954010 7.231190 
0.011334 515345 6 1.074434 1944 12.006391 13.203376 

Wave __________________________________________________


0.005400 287999 6 0.843017 1614 0.635773 1.552195 
0.007020 287999 6 0.945796 577 1.427869 2.440154 
0.008358 287999 6 0.854677 308 3.240518 4.167561 

BIGCROSS____________________________________________________________


0.013100 11620300 6 16.674792 10080 94.765181 115.469632 
0.019940 11620300 6 16.586579 2883 257.656708 278.241865 
0.028100 11620300 6 16.542265 1188 570.505658 591.271341 

SUSY ________________________________________________________________


0.017030 5000000 6 5.350217 45078 44.075394 50.562095 
0.020780 5000000 6 5.017702 23323 85.139532 91.205000 
0.025555 5000000 6 5.016809 13882 156.546764 162.710627 

HIGGS ________________________________________________________________


0.049186 11000000 6 11.401277 1075 1420.357357 1435.312485 
0.055580 11000000 6 11.424037 827 1607.865889 1622.871689 
0.063117 11000000 6 11.672605 638 1878.440072 1893.610162 