
EPSILON | NUMPOINTS | RP | Construct T | Kernel T | Total T



 _______________ 256 _____ 1024 ______1 ______________________



MSD ________________________________________________________________


0.007600 515345 6 1.294758 8417 2.717085 131620689 4.129792 
0.009130 515345 6 1.309509 5556 4.744835 526971289 6.170447 
0.011334 515345 6 1.328252 3493 11.316637 2119984377 12.766117 

Wave __________________________________________________


0.005400 287999 6 0.909037 2909 0.437454 74145223 1.415005 
0.007020 287999 6 0.980121 1587 1.136545 296550643 2.190873 
0.008358 287999 6 0.981254 1058 2.725563 1175790333 3.775276 

BIGCROSS____________________________________________________________


0.013100 11620300 6 22.201893 52941 19.646656 2989546486 45.857386 
0.019940 11620300 6 23.112191 17928 62.402279 12015645920 89.554168 
0.028100 11620300 6 21.277863 6661 162.691571 47684544042 187.947143 

SUSY ________________________________________________________________


0.017030 5000000 6 5.907365 39529 26.905737 1276531250 33.939435 
0.020780 5000000 6 5.720453 20184 55.607839 5078904052 62.473611 
0.025555 5000000 6 5.747617 13113 101.828079 20296655478 108.655730 

HIGGS ________________________________________________________________


0.049186 11000000 6 13.607506 1141 1468.501094 2829176458 1485.590067 
0.055580 11000000 6 13.730496 813 1644.185320 11290229520 1661.392539 
0.063117 11000000 6 13.420619 703 1877.506342 45284147572 1894.437007 