
EPSILON | NUMPOINTS | RP | Construct T | Kernel T | Total T



 _______________ 32 _____ 1024 ______1 ______________________



MSD ________________________________________________________________


0.007600 515345 6 1.453027 8417 4.160048 131620689 5.764012 
0.009130 515345 6 1.244344 5556 6.900872 526971289 8.293807 
0.011334 515345 6 1.515307 3493 13.024766 2119984377 14.688203 

Wave __________________________________________________


0.005400 287999 6 0.516738 2909 0.836250 74145223 1.427150 
0.007020 287999 6 0.934907 1587 1.718298 296550643 2.733717 
0.008358 287999 6 0.881773 1058 3.595545 1175790333 4.563750 

BIGCROSS____________________________________________________________


0.013100 11620300 6 17.787786 52941 32.814135 2989546486 68.050269 
0.019940 11620300 6 17.901024 17928 70.388165 12015645920 105.099728 
0.028100 11620300 6 17.993587 6661 156.136946 47684544042 191.471292 

SUSY ________________________________________________________________


0.017030 5000000 6 5.342470 39529 166.275868 1276531250 175.176494 
0.020780 5000000 6 5.599796 20184 302.906275 5078904052 312.044888 
0.025555 5000000 6 5.563094 13113 499.052964 20296655478 508.211812 

HIGGS ________________________________________________________________


0.049186 11000000 6 12.734869 1141 3023.213134 2829176458 3050.747514 
0.055580 11000000 6 12.275211 813 3275.077033 11290229518 3302.437742 
0.063117 11000000 6 12.147168 703 3569.781582 45284147574 3596.853693 