
EPSILON | NUMPOINTS | RP | Construct T | Kernel T | Total T



 _______________ 256 _____ 1024 ______1 ______________________



MSD ________________________________________________________________


0.007600 515345 6 1.537037 8417 85.317500 463461939362 86.971933 
0.009130 515345 6 1.582674 5556 103.421582 638702597854 105.127173 
0.011334 515345 6 1.561234 3493 124.947813 994505921086 126.627483 

Wave __________________________________________________


0.005400 287999 6 1.000311 2909 13.875820 88593577745 14.951248 
0.007020 287999 6 0.753409 1587 17.490578 142624314489 18.312865 
0.008358 287999 6 0.747995 1058 20.076685 216658044569 20.891759 

BIGCROSS____________________________________________________________


0.013100 11620300 6 18.215906 52941 737.749653 3501894132814 760.231826 
0.019940 11620300 6 19.692239 17928 1889.147980 9310498981040 1912.834512 
0.028100 11620300 6 18.916536 6661 3807.250166 20244890684018 3830.505653 

SUSY ________________________________________________________________


0.017030 5000000 6 5.554846 39529 2402.615945 11939969354616 2409.318796 
0.020780 5000000 6 5.520977 20184 4722.407275 24265277292000 4729.063962 
0.025555 5000000 6 5.522139 13113 7494.594233 39867095964888 7501.283241 

HIGGS ________________________________________________________________


0.049186 11000000 6 12.562709 1141 99083.613029 561720331686816 99099.714923 
0.055580 11000000 6 12.267388 813 slurmstepd: error: *** JOB 5792780 ON cn2 CANCELLED AT 2023-10-18T23:18:36 DUE TO TIME LIMIT ***
