rm -f build/main build/*.o
nvcc  -DMAXRP=3 -DDIM=90 -DBS=256 -DKB=1024 -DILP=4 -lcuda -Xcompiler -fopenmp -arch=compute_80 -code=sm_80 -O3 -I. -c -o build/main.o src/main.cu -lm
nvcc  -DMAXRP=3 -DDIM=90 -DBS=256 -DKB=1024 -DILP=4 -lcuda -Xcompiler -fopenmp -arch=compute_80 -code=sm_80 -O3 -I. -c -o build/launcher.o src/launcher.cu -lm
nvcc  -DMAXRP=3 -DDIM=90 -DBS=256 -DKB=1024 -DILP=4 -lcuda -Xcompiler -fopenmp -arch=compute_80 -code=sm_80 -O3 -I. -c -o build/kernel.o src/kernel.cu
nvcc  -DMAXRP=3 -DDIM=90 -DBS=256 -DKB=1024 -DILP=4 -lcuda -Xcompiler -fopenmp -arch=compute_80 -code=sm_80 -O3 -I. -c -o build/nodes.o src/nodes.cu -lm
nvcc  -DMAXRP=3 -DDIM=90 -DBS=256 -DKB=1024 -DILP=4 -lcuda -Xcompiler -fopenmp -arch=compute_80 -code=sm_80 -O3 -I. -c -o build/tree.o src/tree.cu -lm
nvcc  -DMAXRP=3 -DDIM=90 -DBS=256 -DKB=1024 -DILP=4 -lcuda -Xcompiler -fopenmp -arch=compute_80 -code=sm_80 -O3 -I. -c -o build/utils.o src/utils.cu -lm
nvcc  -DMAXRP=3 -DDIM=90 -DBS=256 -DKB=1024 -DILP=4 -lcuda -Xcompiler -fopenmp -arch=compute_80 -code=sm_80 -O3 -I. -o build/main build/main.o build/launcher.o build/kernel.o build/nodes.o build/tree.o build/utils.o
MSD ________________________________________________________________
MSD ________________________________________________________________

Time to read in file: 0.274245

Number points: 515345 
Number Dimensions: 90 
Number Reference Points: 7 
Number Concurent Streams: 2
Block Size: 256, Kernel Blocks: 1024
Using dynamic searching
Distance Threshold: 0.007000 
*********************************

Selected 3 reference points
Layer 0 sumqrs: 64896023226.000000 BinCount: 25 AverageBinsCount: 25767.000000, nonEmpty: 20
Layer 1 sumqrs: 43471411197.000000 BinCount: 500 AverageBinsCount: 3324.000000, nonEmpty: 155
Layer 2 sumqrs: 25128627883.000000 BinCount: 4030 AverageBinsCount: 815.000000, nonEmpty: 632
Last Layer Bin Count: 4030
Tree Check: 515345
Time to build tree: 1.349707
Starting Kernel Launcher
Non Empty Bins in last layer: 632
Total Bin Count in Tree: 4555
Starting CUDA Mem transfers
Building Neighbor Tables
Creating CUDA Streams
Starting COSS style Kernel
Batch 0 Results: 278999, total Blocks: 1024, BlockSize: 256 
Batch 1 Results: 65636314, total Blocks: 1024, BlockSize: 256 
Kernel time: 3.291609
Total results Set Size: 65915313 
Total Time: 4.770382

Time to read in file: 0.100009

Number points: 515345 
Number Dimensions: 90 
Number Reference Points: 7 
Number Concurent Streams: 2
Block Size: 256, Kernel Blocks: 1024
Using dynamic searching
Distance Threshold: 0.007525 
*********************************

Selected 3 reference points
Layer 0 sumqrs: 67082937655.000000 BinCount: 24 AverageBinsCount: 25767.000000, nonEmpty: 20
Layer 1 sumqrs: 44426452861.000000 BinCount: 540 AverageBinsCount: 3603.000000, nonEmpty: 143
Layer 2 sumqrs: 29517941409.000000 BinCount: 2860 AverageBinsCount: 1018.000000, nonEmpty: 506
Last Layer Bin Count: 2860
Tree Check: 515345
Time to build tree: 1.311655
Starting Kernel Launcher
Non Empty Bins in last layer: 506
Total Bin Count in Tree: 3424
Starting CUDA Mem transfers
Building Neighbor Tables
Creating CUDA Streams
Starting COSS style Kernel
Batch 0 Results: 282019, total Blocks: 1024, BlockSize: 256 
Batch 1 Results: 121102080, total Blocks: 1024, BlockSize: 256 
Kernel time: 3.967584
Total results Set Size: 121384099 
Total Time: 5.415749

Time to read in file: 0.090911

Number points: 515345 
Number Dimensions: 90 
Number Reference Points: 7 
Number Concurent Streams: 2
Block Size: 256, Kernel Blocks: 1024
Using dynamic searching
Distance Threshold: 0.008050 
*********************************

Selected 3 reference points
Layer 0 sumqrs: 72836180369.000000 BinCount: 22 AverageBinsCount: 28630.000000, nonEmpty: 18
Layer 1 sumqrs: 49863375413.000000 BinCount: 306 AverageBinsCount: 5153.000000, nonEmpty: 100
Layer 2 sumqrs: 31333739271.000000 BinCount: 2700 AverageBinsCount: 1147.000000, nonEmpty: 449
Last Layer Bin Count: 2700
Tree Check: 515345
Time to build tree: 1.234681
Starting Kernel Launcher
Non Empty Bins in last layer: 449
Total Bin Count in Tree: 3028
Starting CUDA Mem transfers
Building Neighbor Tables
Creating CUDA Streams
Starting COSS style Kernel
Batch 0 Results: 313709, total Blocks: 1024, BlockSize: 256 
Batch 1 Results: 207618424, total Blocks: 1024, BlockSize: 256 
Kernel time: 4.720788
Total results Set Size: 207932133 
Total Time: 6.095299

Time to read in file: 0.091536

Number points: 515345 
Number Dimensions: 90 
Number Reference Points: 7 
Number Concurent Streams: 2
Block Size: 256, Kernel Blocks: 1024
Using dynamic searching
Distance Threshold: 0.008575 
*********************************

Selected 3 reference points
Layer 0 sumqrs: 75318589213.000000 BinCount: 19 AverageBinsCount: 34356.000000, nonEmpty: 15
Layer 1 sumqrs: 54871930116.000000 BinCount: 255 AverageBinsCount: 6523.000000, nonEmpty: 79
Layer 2 sumqrs: 34364162310.000000 BinCount: 1975 AverageBinsCount: 1419.000000, nonEmpty: 363
Last Layer Bin Count: 1975
Tree Check: 515345
Time to build tree: 1.500360
Starting Kernel Launcher
Non Empty Bins in last layer: 363
Total Bin Count in Tree: 2249
Starting CUDA Mem transfers
Building Neighbor Tables
Creating CUDA Streams
Starting COSS style Kernel
Batch 0 Results: 579092, total Blocks: 1024, BlockSize: 256 
Batch 1 Results: 334928695, total Blocks: 1024, BlockSize: 256 
Kernel time: 5.580547
Total results Set Size: 335507787 
Total Time: 7.210370

Time to read in file: 0.089634

Number points: 515345 
Number Dimensions: 90 
Number Reference Points: 7 
Number Concurent Streams: 2
Block Size: 256, Kernel Blocks: 1024
Using dynamic searching
Distance Threshold: 0.009100 
*********************************

Selected 3 reference points
Layer 0 sumqrs: 77153711197.000000 BinCount: 21 AverageBinsCount: 30314.000000, nonEmpty: 17
Layer 1 sumqrs: 54964564169.000000 BinCount: 374 AverageBinsCount: 4642.000000, nonEmpty: 111
Layer 2 sumqrs: 36978039024.000000 BinCount: 2109 AverageBinsCount: 1385.000000, nonEmpty: 372
Last Layer Bin Count: 2109
Tree Check: 515345
Time to build tree: 1.534565
Starting Kernel Launcher
Non Empty Bins in last layer: 372
Total Bin Count in Tree: 2504
Starting CUDA Mem transfers
Building Neighbor Tables
Creating CUDA Streams
Starting COSS style Kernel
Batch 0 Results: 328253, total Blocks: 1024, BlockSize: 256 
Batch 1 Results: 514600022, total Blocks: 1024, BlockSize: 256 
Kernel time: 6.215525
Total results Set Size: 514928275 
Total Time: 7.881683
rm -f build/main build/*.o
nvcc  -DMAXRP=3 -DDIM=68 -DBS=256 -DKB=1024 -DILP=4 -lcuda -Xcompiler -fopenmp -arch=compute_80 -code=sm_80 -O3 -I. -c -o build/main.o src/main.cu -lm
nvcc  -DMAXRP=3 -DDIM=68 -DBS=256 -DKB=1024 -DILP=4 -lcuda -Xcompiler -fopenmp -arch=compute_80 -code=sm_80 -O3 -I. -c -o build/launcher.o src/launcher.cu -lm
nvcc  -DMAXRP=3 -DDIM=68 -DBS=256 -DKB=1024 -DILP=4 -lcuda -Xcompiler -fopenmp -arch=compute_80 -code=sm_80 -O3 -I. -c -o build/kernel.o src/kernel.cu
nvcc  -DMAXRP=3 -DDIM=68 -DBS=256 -DKB=1024 -DILP=4 -lcuda -Xcompiler -fopenmp -arch=compute_80 -code=sm_80 -O3 -I. -c -o build/nodes.o src/nodes.cu -lm
nvcc  -DMAXRP=3 -DDIM=68 -DBS=256 -DKB=1024 -DILP=4 -lcuda -Xcompiler -fopenmp -arch=compute_80 -code=sm_80 -O3 -I. -c -o build/tree.o src/tree.cu -lm
nvcc  -DMAXRP=3 -DDIM=68 -DBS=256 -DKB=1024 -DILP=4 -lcuda -Xcompiler -fopenmp -arch=compute_80 -code=sm_80 -O3 -I. -c -o build/utils.o src/utils.cu -lm
nvcc  -DMAXRP=3 -DDIM=68 -DBS=256 -DKB=1024 -DILP=4 -lcuda -Xcompiler -fopenmp -arch=compute_80 -code=sm_80 -O3 -I. -o build/main build/main.o build/launcher.o build/kernel.o build/nodes.o build/tree.o build/utils.o
Census____________________________________________________________
Census____________________________________________________________

Time to read in file: 2.192951

Number points: 2458285 
Number Dimensions: 68 
Number Reference Points: 7 
Number Concurent Streams: 2
Block Size: 256, Kernel Blocks: 1024
Using dynamic searching
Distance Threshold: 0.001000 
*********************************

Selected 3 reference points
Layer 0 sumqrs: 71305239117.000000 BinCount: 131 AverageBinsCount: 19356.000000, nonEmpty: 127
Layer 1 sumqrs: 7740327254.000000 BinCount: 22987 AverageBinsCount: 327.000000, nonEmpty: 7502
Layer 2 sumqrs: 1630672431.000000 BinCount: 1507902 AverageBinsCount: 25.000000, nonEmpty: 95760
Last Layer Bin Count: 1507902
Tree Check: 2458285
Time to build tree: 5.282038
Starting Kernel Launcher
Non Empty Bins in last layer: 95760
Total Bin Count in Tree: 1531020
Starting CUDA Mem transfers
Building Neighbor Tables
Creating CUDA Streams
Starting COSS style Kernel
Batch 0 Results: 266646, total Blocks: 1024, BlockSize: 256 
Batch 1 Results: 284614, total Blocks: 1024, BlockSize: 256 
Batch 2 Results: 306638, total Blocks: 1024, BlockSize: 256 
Batch 3 Results: 301370, total Blocks: 1024, BlockSize: 256 
Batch 4 Results: 302176, total Blocks: 1024, BlockSize: 256 
Batch 5 Results: 327334, total Blocks: 1024, BlockSize: 256 
Batch 6 Results: 893018, total Blocks: 1024, BlockSize: 256 
Batch 7 Results: 12548742, total Blocks: 1024, BlockSize: 256 
Batch 8 Results: 37178395, total Blocks: 1024, BlockSize: 256 
Batch 9 Results: 3241634, total Blocks: 1024, BlockSize: 256 
Kernel time: 0.895892
Total results Set Size: 55650567 
Total Time: 6.770235

Time to read in file: 0.313878

Number points: 2458285 
Number Dimensions: 68 
Number Reference Points: 7 
Number Concurent Streams: 2
Block Size: 256, Kernel Blocks: 1024
Using dynamic searching
Distance Threshold: 0.003250 
*********************************

Selected 3 reference points
Layer 0 sumqrs: 242126992557.000000 BinCount: 44 AverageBinsCount: 61457.000000, nonEmpty: 40
Layer 1 sumqrs: 69341874633.000000 BinCount: 2360 AverageBinsCount: 2725.000000, nonEmpty: 902
Layer 2 sumqrs: 22612692829.000000 BinCount: 58630 AverageBinsCount: 353.000000, nonEmpty: 6962
Last Layer Bin Count: 58630
Tree Check: 2458285
Time to build tree: 5.409462
Starting Kernel Launcher
Non Empty Bins in last layer: 6962
Total Bin Count in Tree: 61034
Starting CUDA Mem transfers
Building Neighbor Tables
Creating CUDA Streams
Starting COSS style Kernel
Batch 0 Results: 266950, total Blocks: 1024, BlockSize: 256 
Batch 1 Results: 284318, total Blocks: 1024, BlockSize: 256 
Batch 2 Results: 302808, total Blocks: 1024, BlockSize: 256 
Batch 3 Results: 300644, total Blocks: 1024, BlockSize: 256 
Batch 4 Results: 294267, total Blocks: 1024, BlockSize: 256 
Batch 5 Results: 313086, total Blocks: 1024, BlockSize: 256 
Batch 6 Results: 773697, total Blocks: 1024, BlockSize: 256 
Batch 7 Results: 12283355, total Blocks: 1024, BlockSize: 256 
Batch 8 Results: 37553905, total Blocks: 1024, BlockSize: 256 
Batch 9 Results: 3277537, total Blocks: 1024, BlockSize: 256 
Kernel time: 6.013164
Total results Set Size: 55650567 
Total Time: 12.047088

Time to read in file: 0.566705

Number points: 2458285 
Number Dimensions: 68 
Number Reference Points: 7 
Number Concurent Streams: 2
Block Size: 256, Kernel Blocks: 1024
Using dynamic searching
Distance Threshold: 0.005500 
*********************************

Selected 3 reference points
Layer 0 sumqrs: 426412644227.000000 BinCount: 28 AverageBinsCount: 102428.000000, nonEmpty: 24
Layer 1 sumqrs: 183422615695.000000 BinCount: 864 AverageBinsCount: 7003.000000, nonEmpty: 351
Layer 2 sumqrs: 78237081157.000000 BinCount: 14391 AverageBinsCount: 1208.000000, nonEmpty: 2034
Last Layer Bin Count: 14391
Tree Check: 2458285
Time to build tree: 5.510698
Starting Kernel Launcher
Non Empty Bins in last layer: 2034
Total Bin Count in Tree: 15283
Starting CUDA Mem transfers
Building Neighbor Tables
Creating CUDA Streams
Starting COSS style Kernel
Batch 0 Results: 294648, total Blocks: 1024, BlockSize: 256 
Batch 1 Results: 351485, total Blocks: 1024, BlockSize: 256 
Batch 2 Results: 594681, total Blocks: 1024, BlockSize: 256 
Batch 3 Results: 440881, total Blocks: 1024, BlockSize: 256 
Batch 4 Results: 612042, total Blocks: 1024, BlockSize: 256 
Batch 5 Results: 930575, total Blocks: 1024, BlockSize: 256 
Batch 6 Results: 4730139, total Blocks: 1024, BlockSize: 256 
Batch 7 Results: 68318570, total Blocks: 1024, BlockSize: 256 
Batch 8 Results: 218308920, total Blocks: 1024, BlockSize: 256 
Batch 9 Results: 16505746, total Blocks: 1024, BlockSize: 256 
Kernel time: 19.708240
Total results Set Size: 311087687 
Total Time: 25.803913

Time to read in file: 1.984199

Number points: 2458285 
Number Dimensions: 68 
Number Reference Points: 7 
Number Concurent Streams: 2
Block Size: 256, Kernel Blocks: 1024
Using dynamic searching
Distance Threshold: 0.007750 
*********************************

Selected 3 reference points
Layer 0 sumqrs: 614393579174.000000 BinCount: 21 AverageBinsCount: 144605.000000, nonEmpty: 17
Layer 1 sumqrs: 319897257878.000000 BinCount: 459 AverageBinsCount: 12803.000000, nonEmpty: 192
Layer 2 sumqrs: 154632462081.000000 BinCount: 5952 AverageBinsCount: 2629.000000, nonEmpty: 935
Last Layer Bin Count: 5952
Tree Check: 2458285
Time to build tree: 5.056778
Starting Kernel Launcher
Non Empty Bins in last layer: 935
Total Bin Count in Tree: 6432
Starting CUDA Mem transfers
Building Neighbor Tables
Creating CUDA Streams
Starting COSS style Kernel
Batch 0 Results: 360677, total Blocks: 1024, BlockSize: 256 
Batch 1 Results: 621570, total Blocks: 1024, BlockSize: 256 
Batch 2 Results: 380229, total Blocks: 1024, BlockSize: 256 
Batch 3 Results: 2345088, total Blocks: 1024, BlockSize: 256 
Batch 4 Results: 965806, total Blocks: 1024, BlockSize: 256 
Batch 5 Results: 3498863, total Blocks: 1024, BlockSize: 256 
Batch 6 Results: 16001553, total Blocks: 1024, BlockSize: 256 
Batch 7 Results: 225567236, total Blocks: 1024, BlockSize: 256 
Batch 8 Results: 599170157, total Blocks: 1024, BlockSize: 256 
Batch 9 Results: 48799778, total Blocks: 1024, BlockSize: 256 
Kernel time: 37.952476
Total results Set Size: 897710957 
Total Time: 43.609984

Time to read in file: 1.984391

Number points: 2458285 
Number Dimensions: 68 
Number Reference Points: 7 
Number Concurent Streams: 2
Block Size: 256, Kernel Blocks: 1024
Using dynamic searching
Distance Threshold: 0.010000 
*********************************

Selected 3 reference points
Layer 0 sumqrs: 789359884817.000000 BinCount: 22 AverageBinsCount: 136571.000000, nonEmpty: 18
Layer 1 sumqrs: 444441014449.000000 BinCount: 324 AverageBinsCount: 18765.000000, nonEmpty: 131
Layer 2 sumqrs: 253300070987.000000 BinCount: 2358 AverageBinsCount: 5625.000000, nonEmpty: 437
Last Layer Bin Count: 2358
Tree Check: 2458285
Time to build tree: 5.164449
Starting Kernel Launcher
Non Empty Bins in last layer: 437
Total Bin Count in Tree: 2704
Starting CUDA Mem transfers
Building Neighbor Tables
Creating CUDA Streams
Starting COSS style Kernel
Batch 0 Results: 554113, total Blocks: 1024, BlockSize: 256 
Batch 1 Results: 692752, total Blocks: 1024, BlockSize: 256 
Batch 2 Results: 1717129, total Blocks: 1024, BlockSize: 256 
Batch 3 Results: 11529564, total Blocks: 1024, BlockSize: 256 
Batch 4 Results: 9446567, total Blocks: 1024, BlockSize: 256 
Batch 5 Results: 7191048, total Blocks: 1024, BlockSize: 256 
Batch 6 Results: 73480802, total Blocks: 1024, BlockSize: 256 
Batch 7 Results: 818240081, total Blocks: 1024, BlockSize: 256 
Batch 8 Results: 1595451926, total Blocks: 1024, BlockSize: 256 
Batch 9 Results: 133206479, total Blocks: 1024, BlockSize: 256 
Kernel time: 57.786628
Total results Set Size: 2651510461 
Total Time: 63.537730
rm -f build/main build/*.o
nvcc  -DMAXRP=3 -DDIM=49 -DBS=256 -DKB=1024 -DILP=4 -lcuda -Xcompiler -fopenmp -arch=compute_80 -code=sm_80 -O3 -I. -c -o build/main.o src/main.cu -lm
nvcc  -DMAXRP=3 -DDIM=49 -DBS=256 -DKB=1024 -DILP=4 -lcuda -Xcompiler -fopenmp -arch=compute_80 -code=sm_80 -O3 -I. -c -o build/launcher.o src/launcher.cu -lm
nvcc  -DMAXRP=3 -DDIM=49 -DBS=256 -DKB=1024 -DILP=4 -lcuda -Xcompiler -fopenmp -arch=compute_80 -code=sm_80 -O3 -I. -c -o build/kernel.o src/kernel.cu
nvcc  -DMAXRP=3 -DDIM=49 -DBS=256 -DKB=1024 -DILP=4 -lcuda -Xcompiler -fopenmp -arch=compute_80 -code=sm_80 -O3 -I. -c -o build/nodes.o src/nodes.cu -lm
nvcc  -DMAXRP=3 -DDIM=49 -DBS=256 -DKB=1024 -DILP=4 -lcuda -Xcompiler -fopenmp -arch=compute_80 -code=sm_80 -O3 -I. -c -o build/tree.o src/tree.cu -lm
nvcc  -DMAXRP=3 -DDIM=49 -DBS=256 -DKB=1024 -DILP=4 -lcuda -Xcompiler -fopenmp -arch=compute_80 -code=sm_80 -O3 -I. -c -o build/utils.o src/utils.cu -lm
nvcc  -DMAXRP=3 -DDIM=49 -DBS=256 -DKB=1024 -DILP=4 -lcuda -Xcompiler -fopenmp -arch=compute_80 -code=sm_80 -O3 -I. -o build/main build/main.o build/launcher.o build/kernel.o build/nodes.o build/tree.o build/utils.o
Wave __________________________________________________
Wave __________________________________________________

Time to read in file: 0.086199

Number points: 287999 
Number Dimensions: 49 
Number Reference Points: 7 
Number Concurent Streams: 2
Block Size: 256, Kernel Blocks: 1024
Using dynamic searching
Distance Threshold: 0.002000 
*********************************

Selected 3 reference points
Layer 0 sumqrs: 7501656952.000000 BinCount: 87 AverageBinsCount: 7783.000000, nonEmpty: 37
Layer 1 sumqrs: 4436243329.000000 BinCount: 777 AverageBinsCount: 1384.000000, nonEmpty: 208
Layer 2 sumqrs: 2184092551.000000 BinCount: 3744 AverageBinsCount: 307.000000, nonEmpty: 937
Last Layer Bin Count: 3744
Tree Check: 287999
Time to build tree: 0.361427
Starting Kernel Launcher
Non Empty Bins in last layer: 937
Total Bin Count in Tree: 4608
Starting CUDA Mem transfers
Building Neighbor Tables
Creating CUDA Streams
Starting COSS style Kernel
Batch 0 Results: 11619720, total Blocks: 1024, BlockSize: 256 
Batch 1 Results: 32237, total Blocks: 1024, BlockSize: 256 
Kernel time: 0.170658
Total results Set Size: 11651957 
Total Time: 0.603911

Time to read in file: 0.028653

Number points: 287999 
Number Dimensions: 49 
Number Reference Points: 7 
Number Concurent Streams: 2
Block Size: 256, Kernel Blocks: 1024
Using dynamic searching
Distance Threshold: 0.003250 
*********************************

Selected 3 reference points
Layer 0 sumqrs: 11693199949.000000 BinCount: 56 AverageBinsCount: 11999.000000, nonEmpty: 24
Layer 1 sumqrs: 8448173767.000000 BinCount: 312 AverageBinsCount: 3272.000000, nonEmpty: 88
Layer 2 sumqrs: 5035570205.000000 BinCount: 1496 AverageBinsCount: 852.000000, nonEmpty: 338
Last Layer Bin Count: 1496
Tree Check: 287999
Time to build tree: 0.375537
Starting Kernel Launcher
Non Empty Bins in last layer: 338
Total Bin Count in Tree: 1864
Starting CUDA Mem transfers
Building Neighbor Tables
Creating CUDA Streams
Starting COSS style Kernel
Batch 0 Results: 27307447, total Blocks: 1024, BlockSize: 256 
Batch 1 Results: 32642, total Blocks: 1024, BlockSize: 256 
Kernel time: 0.297821
Total results Set Size: 27340089 
Total Time: 0.750242

Time to read in file: 0.024651

Number points: 287999 
Number Dimensions: 49 
Number Reference Points: 7 
Number Concurent Streams: 2
Block Size: 256, Kernel Blocks: 1024
Using dynamic searching
Distance Threshold: 0.004500 
*********************************

Selected 3 reference points
Layer 0 sumqrs: 15541171634.000000 BinCount: 39 AverageBinsCount: 16941.000000, nonEmpty: 17
Layer 1 sumqrs: 11502928455.000000 BinCount: 170 AverageBinsCount: 5333.000000, nonEmpty: 54
Layer 2 sumqrs: 8185673721.000000 BinCount: 594 AverageBinsCount: 1799.000000, nonEmpty: 160
Last Layer Bin Count: 594
Tree Check: 287999
Time to build tree: 0.374279
Starting Kernel Launcher
Non Empty Bins in last layer: 160
Total Bin Count in Tree: 803
Starting CUDA Mem transfers
Building Neighbor Tables
Creating CUDA Streams
Starting COSS style Kernel
Batch 0 Results: 47220452, total Blocks: 1024, BlockSize: 256 
Batch 1 Results: 34427, total Blocks: 1024, BlockSize: 256 
Kernel time: 0.449713
Total results Set Size: 47254879 
Total Time: 0.901009

Time to read in file: 0.024443

Number points: 287999 
Number Dimensions: 49 
Number Reference Points: 7 
Number Concurent Streams: 2
Block Size: 256, Kernel Blocks: 1024
Using dynamic searching
Distance Threshold: 0.005750 
*********************************

Selected 3 reference points
Layer 0 sumqrs: 18923008304.000000 BinCount: 33 AverageBinsCount: 20571.000000, nonEmpty: 14
Layer 1 sumqrs: 16428432169.000000 BinCount: 126 AverageBinsCount: 8470.000000, nonEmpty: 34
Layer 2 sumqrs: 9092067011.000000 BinCount: 408 AverageBinsCount: 2909.000000, nonEmpty: 99
Last Layer Bin Count: 408
Tree Check: 287999
Time to build tree: 0.394948
Starting Kernel Launcher
Non Empty Bins in last layer: 99
Total Bin Count in Tree: 567
Starting CUDA Mem transfers
Building Neighbor Tables
Creating CUDA Streams
Starting COSS style Kernel
Batch 0 Results: 93020348, total Blocks: 1024, BlockSize: 256 
Batch 1 Results: 50503, total Blocks: 1024, BlockSize: 256 
Kernel time: 0.760291
Total results Set Size: 93070851 
Total Time: 1.237183

Time to read in file: 0.026422

Number points: 287999 
Number Dimensions: 49 
Number Reference Points: 7 
Number Concurent Streams: 2
Block Size: 256, Kernel Blocks: 1024
Using dynamic searching
Distance Threshold: 0.007000 
*********************************

Selected 3 reference points
Layer 0 sumqrs: 19953161356.000000 BinCount: 29 AverageBinsCount: 22153.000000, nonEmpty: 13
Layer 1 sumqrs: 17216778183.000000 BinCount: 130 AverageBinsCount: 8999.000000, nonEmpty: 32
Layer 2 sumqrs: 10008569359.000000 BinCount: 256 AverageBinsCount: 3839.000000, nonEmpty: 75
Last Layer Bin Count: 256
Tree Check: 287999
Time to build tree: 0.419772
Starting Kernel Launcher
Non Empty Bins in last layer: 75
Total Bin Count in Tree: 415
Starting CUDA Mem transfers
Building Neighbor Tables
Creating CUDA Streams
Starting COSS style Kernel
Batch 0 Results: 289856933, total Blocks: 1024, BlockSize: 256 
Batch 1 Results: 270102, total Blocks: 1024, BlockSize: 256 
Kernel time: 1.401951
Total results Set Size: 290127035 
Total Time: 1.898519
rm -f build/main build/*.o
nvcc  -DMAXRP=3 -DDIM=57 -DBS=256 -DKB=1024 -DILP=4 -lcuda -Xcompiler -fopenmp -arch=compute_80 -code=sm_80 -O3 -I. -c -o build/main.o src/main.cu -lm
nvcc  -DMAXRP=3 -DDIM=57 -DBS=256 -DKB=1024 -DILP=4 -lcuda -Xcompiler -fopenmp -arch=compute_80 -code=sm_80 -O3 -I. -c -o build/launcher.o src/launcher.cu -lm
nvcc  -DMAXRP=3 -DDIM=57 -DBS=256 -DKB=1024 -DILP=4 -lcuda -Xcompiler -fopenmp -arch=compute_80 -code=sm_80 -O3 -I. -c -o build/kernel.o src/kernel.cu
nvcc  -DMAXRP=3 -DDIM=57 -DBS=256 -DKB=1024 -DILP=4 -lcuda -Xcompiler -fopenmp -arch=compute_80 -code=sm_80 -O3 -I. -c -o build/nodes.o src/nodes.cu -lm
nvcc  -DMAXRP=3 -DDIM=57 -DBS=256 -DKB=1024 -DILP=4 -lcuda -Xcompiler -fopenmp -arch=compute_80 -code=sm_80 -O3 -I. -c -o build/tree.o src/tree.cu -lm
nvcc  -DMAXRP=3 -DDIM=57 -DBS=256 -DKB=1024 -DILP=4 -lcuda -Xcompiler -fopenmp -arch=compute_80 -code=sm_80 -O3 -I. -c -o build/utils.o src/utils.cu -lm
nvcc  -DMAXRP=3 -DDIM=57 -DBS=256 -DKB=1024 -DILP=4 -lcuda -Xcompiler -fopenmp -arch=compute_80 -code=sm_80 -O3 -I. -o build/main build/main.o build/launcher.o build/kernel.o build/nodes.o build/tree.o build/utils.o
BIGCROSS____________________________________________________________
BIGCROSS____________________________________________________________

Time to read in file: 12.820765

Number points: 11620300 
Number Dimensions: 57 
Number Reference Points: 7 
Number Concurent Streams: 2
Block Size: 256, Kernel Blocks: 1024
Using dynamic searching
Distance Threshold: 0.001000 
*********************************

Selected 3 reference points
Layer 0 sumqrs: 308195556098.000000 BinCount: 242 AverageBinsCount: 48824.000000, nonEmpty: 238
Layer 1 sumqrs: 12774350290.000000 BinCount: 50218 AverageBinsCount: 487.000000, nonEmpty: 23860
Layer 2 sumqrs: 1438183426.000000 BinCount: 4151640 AverageBinsCount: 18.000000, nonEmpty: 631922
Last Layer Bin Count: 4151640
Tree Check: 11620300
Time to build tree: 18.159436
Starting Kernel Launcher
Non Empty Bins in last layer: 631922
Total Bin Count in Tree: 4202100
Starting CUDA Mem transfers
Building Neighbor Tables
Creating CUDA Streams
Starting COSS style Kernel
Batch 0 Results: 847001, total Blocks: 1024, BlockSize: 256 
Batch 1 Results: 881965, total Blocks: 1024, BlockSize: 256 
Batch 2 Results: 915239, total Blocks: 1024, BlockSize: 256 
Batch 3 Results: 920737, total Blocks: 1024, BlockSize: 256 
Batch 4 Results: 929331, total Blocks: 1024, BlockSize: 256 
Batch 5 Results: 910728, total Blocks: 1024, BlockSize: 256 
Batch 6 Results: 917295, total Blocks: 1024, BlockSize: 256 
Batch 7 Results: 921270, total Blocks: 1024, BlockSize: 256 
Batch 8 Results: 907230, total Blocks: 1024, BlockSize: 256 
Batch 9 Results: 889309, total Blocks: 1024, BlockSize: 256 
Batch 10 Results: 883301, total Blocks: 1024, BlockSize: 256 
Batch 11 Results: 893461, total Blocks: 1024, BlockSize: 256 
Batch 12 Results: 909364, total Blocks: 1024, BlockSize: 256 
Batch 13 Results: 912786, total Blocks: 1024, BlockSize: 256 
Batch 14 Results: 937987, total Blocks: 1024, BlockSize: 256 
Batch 15 Results: 925957, total Blocks: 1024, BlockSize: 256 
Batch 16 Results: 929174, total Blocks: 1024, BlockSize: 256 
Batch 17 Results: 918415, total Blocks: 1024, BlockSize: 256 
Batch 18 Results: 925825, total Blocks: 1024, BlockSize: 256 
Batch 19 Results: 932944, total Blocks: 1024, BlockSize: 256 
Batch 20 Results: 930344, total Blocks: 1024, BlockSize: 256 
Batch 21 Results: 938036, total Blocks: 1024, BlockSize: 256 
Batch 22 Results: 947454, total Blocks: 1024, BlockSize: 256 
Batch 23 Results: 946364, total Blocks: 1024, BlockSize: 256 
Batch 24 Results: 927962, total Blocks: 1024, BlockSize: 256 
Batch 25 Results: 921228, total Blocks: 1024, BlockSize: 256 
Batch 26 Results: 919430, total Blocks: 1024, BlockSize: 256 
Batch 27 Results: 931456, total Blocks: 1024, BlockSize: 256 
Batch 28 Results: 928740, total Blocks: 1024, BlockSize: 256 
Batch 29 Results: 922946, total Blocks: 1024, BlockSize: 256 
Batch 30 Results: 928810, total Blocks: 1024, BlockSize: 256 
Batch 31 Results: 940287, total Blocks: 1024, BlockSize: 256 
Batch 32 Results: 946497, total Blocks: 1024, BlockSize: 256 
Batch 33 Results: 950993, total Blocks: 1024, BlockSize: 256 
Batch 34 Results: 931688, total Blocks: 1024, BlockSize: 256 
Batch 35 Results: 931185, total Blocks: 1024, BlockSize: 256 
Batch 36 Results: 927979, total Blocks: 1024, BlockSize: 256 
Batch 37 Results: 941310, total Blocks: 1024, BlockSize: 256 
Batch 38 Results: 948288, total Blocks: 1024, BlockSize: 256 
Batch 39 Results: 957355, total Blocks: 1024, BlockSize: 256 
Batch 40 Results: 961054, total Blocks: 1024, BlockSize: 256 
Batch 41 Results: 970297, total Blocks: 1024, BlockSize: 256 
Batch 42 Results: 964507, total Blocks: 1024, BlockSize: 256 
Batch 43 Results: 978114, total Blocks: 1024, BlockSize: 256 
Batch 44 Results: 335831, total Blocks: 1024, BlockSize: 256 
Kernel time: 1.008605
Total results Set Size: 41137474 
Total Time: 23.513750

Time to read in file: 11.609991

Number points: 11620300 
Number Dimensions: 57 
Number Reference Points: 7 
Number Concurent Streams: 2
Block Size: 256, Kernel Blocks: 1024
Using dynamic searching
Distance Threshold: 0.005750 
*********************************

Selected 3 reference points
Layer 0 sumqrs: 2065003685376.000000 BinCount: 46 AverageBinsCount: 276673.000000, nonEmpty: 42
Layer 1 sumqrs: 412665325756.000000 BinCount: 1722 AverageBinsCount: 14293.000000, nonEmpty: 813
Layer 2 sumqrs: 104608473828.000000 BinCount: 27642 AverageBinsCount: 1630.000000, nonEmpty: 7129
Last Layer Bin Count: 27642
Tree Check: 11620300
Time to build tree: 16.902939
Starting Kernel Launcher
Non Empty Bins in last layer: 7129
Total Bin Count in Tree: 29410
Starting CUDA Mem transfers
Building Neighbor Tables
Creating CUDA Streams
Starting COSS style Kernel
Batch 0 Results: 10615199, total Blocks: 1024, BlockSize: 256 
Batch 1 Results: 11476719, total Blocks: 1024, BlockSize: 256 
Batch 2 Results: 11602388, total Blocks: 1024, BlockSize: 256 
Batch 3 Results: 11933884, total Blocks: 1024, BlockSize: 256 
Batch 4 Results: 11890206, total Blocks: 1024, BlockSize: 256 
Batch 5 Results: 12002416, total Blocks: 1024, BlockSize: 256 
Batch 6 Results: 12470674, total Blocks: 1024, BlockSize: 256 
Batch 7 Results: 12107790, total Blocks: 1024, BlockSize: 256 
Batch 8 Results: 12305526, total Blocks: 1024, BlockSize: 256 
Batch 9 Results: 11345804, total Blocks: 1024, BlockSize: 256 
Batch 10 Results: 12007630, total Blocks: 1024, BlockSize: 256 
Batch 11 Results: 12199356, total Blocks: 1024, BlockSize: 256 
Batch 12 Results: 11839731, total Blocks: 1024, BlockSize: 256 
Batch 13 Results: 12440229, total Blocks: 1024, BlockSize: 256 
Batch 14 Results: 12298218, total Blocks: 1024, BlockSize: 256 
Batch 15 Results: 12340538, total Blocks: 1024, BlockSize: 256 
Batch 16 Results: 12455679, total Blocks: 1024, BlockSize: 256 
Batch 17 Results: 12085945, total Blocks: 1024, BlockSize: 256 
Batch 18 Results: 12642860, total Blocks: 1024, BlockSize: 256 
Batch 19 Results: 12113937, total Blocks: 1024, BlockSize: 256 
Batch 20 Results: 12359444, total Blocks: 1024, BlockSize: 256 
Batch 21 Results: 12738474, total Blocks: 1024, BlockSize: 256 
Batch 22 Results: 12321368, total Blocks: 1024, BlockSize: 256 
Batch 23 Results: 12229075, total Blocks: 1024, BlockSize: 256 
Batch 24 Results: 12014130, total Blocks: 1024, BlockSize: 256 
Batch 25 Results: 12178505, total Blocks: 1024, BlockSize: 256 
Batch 26 Results: 12033969, total Blocks: 1024, BlockSize: 256 
Batch 27 Results: 11926095, total Blocks: 1024, BlockSize: 256 
Batch 28 Results: 12020395, total Blocks: 1024, BlockSize: 256 
Batch 29 Results: 12042169, total Blocks: 1024, BlockSize: 256 
Batch 30 Results: 11942845, total Blocks: 1024, BlockSize: 256 
Batch 31 Results: 12268082, total Blocks: 1024, BlockSize: 256 
Batch 32 Results: 12303457, total Blocks: 1024, BlockSize: 256 
Batch 33 Results: 12445315, total Blocks: 1024, BlockSize: 256 
Batch 34 Results: 11992756, total Blocks: 1024, BlockSize: 256 
Batch 35 Results: 12083831, total Blocks: 1024, BlockSize: 256 
Batch 36 Results: 12075623, total Blocks: 1024, BlockSize: 256 
Batch 37 Results: 12149424, total Blocks: 1024, BlockSize: 256 
Batch 38 Results: 12600104, total Blocks: 1024, BlockSize: 256 
Batch 39 Results: 12240635, total Blocks: 1024, BlockSize: 256 
Batch 40 Results: 12630054, total Blocks: 1024, BlockSize: 256 
Batch 41 Results: 12881890, total Blocks: 1024, BlockSize: 256 
Batch 42 Results: 13009477, total Blocks: 1024, BlockSize: 256 
Batch 43 Results: 12864972, total Blocks: 1024, BlockSize: 256 
Batch 44 Results: 4362096, total Blocks: 1024, BlockSize: 256 
Kernel time: 17.185140
Total results Set Size: 539888914 
Total Time: 38.398707

Time to read in file: 11.562434

Number points: 11620300 
Number Dimensions: 57 
Number Reference Points: 7 
Number Concurent Streams: 2
Block Size: 256, Kernel Blocks: 1024
Using dynamic searching
Distance Threshold: 0.010500 
*********************************

Selected 3 reference points
Layer 0 sumqrs: 4213198783404.000000 BinCount: 27 AverageBinsCount: 505230.000000, nonEmpty: 23
Layer 1 sumqrs: 1382900430562.000000 BinCount: 575 AverageBinsCount: 44522.000000, nonEmpty: 261
Layer 2 sumqrs: 513809902363.000000 BinCount: 5481 AverageBinsCount: 7585.000000, nonEmpty: 1532
Last Layer Bin Count: 5481
Tree Check: 11620300
Time to build tree: 16.668682
Starting Kernel Launcher
Non Empty Bins in last layer: 1532
Total Bin Count in Tree: 6083
Starting CUDA Mem transfers
Building Neighbor Tables
Creating CUDA Streams
Starting COSS style Kernel
Batch 0 Results: 29635374, total Blocks: 1024, BlockSize: 256 
Batch 1 Results: 31986036, total Blocks: 1024, BlockSize: 256 
Batch 2 Results: 35047750, total Blocks: 1024, BlockSize: 256 
Batch 3 Results: 33663412, total Blocks: 1024, BlockSize: 256 
Batch 4 Results: 35313187, total Blocks: 1024, BlockSize: 256 
Batch 5 Results: 35571135, total Blocks: 1024, BlockSize: 256 
Batch 6 Results: 39751048, total Blocks: 1024, BlockSize: 256 
Batch 7 Results: 36470937, total Blocks: 1024, BlockSize: 256 
Batch 8 Results: 36562208, total Blocks: 1024, BlockSize: 256 
Batch 9 Results: 34592236, total Blocks: 1024, BlockSize: 256 
Batch 10 Results: 40039810, total Blocks: 1024, BlockSize: 256 
Batch 11 Results: 35657343, total Blocks: 1024, BlockSize: 256 
Batch 12 Results: 37479821, total Blocks: 1024, BlockSize: 256 
Batch 13 Results: 38943081, total Blocks: 1024, BlockSize: 256 
Batch 14 Results: 41438001, total Blocks: 1024, BlockSize: 256 
Batch 15 Results: 35637465, total Blocks: 1024, BlockSize: 256 
Batch 16 Results: 39020009, total Blocks: 1024, BlockSize: 256 
Batch 17 Results: 40012700, total Blocks: 1024, BlockSize: 256 
Batch 18 Results: 39586288, total Blocks: 1024, BlockSize: 256 
Batch 19 Results: 39232956, total Blocks: 1024, BlockSize: 256 
Batch 20 Results: 39191133, total Blocks: 1024, BlockSize: 256 
Batch 21 Results: 39833061, total Blocks: 1024, BlockSize: 256 
Batch 22 Results: 38799188, total Blocks: 1024, BlockSize: 256 
Batch 23 Results: 36288029, total Blocks: 1024, BlockSize: 256 
Batch 24 Results: 40040510, total Blocks: 1024, BlockSize: 256 
Batch 25 Results: 38754890, total Blocks: 1024, BlockSize: 256 
Batch 26 Results: 38578354, total Blocks: 1024, BlockSize: 256 
Batch 27 Results: 37126606, total Blocks: 1024, BlockSize: 256 
Batch 28 Results: 39409973, total Blocks: 1024, BlockSize: 256 
Batch 29 Results: 38930582, total Blocks: 1024, BlockSize: 256 
Batch 30 Results: 38992204, total Blocks: 1024, BlockSize: 256 
Batch 31 Results: 38551940, total Blocks: 1024, BlockSize: 256 
Batch 32 Results: 38911596, total Blocks: 1024, BlockSize: 256 
Batch 33 Results: 40695852, total Blocks: 1024, BlockSize: 256 
Batch 34 Results: 37658057, total Blocks: 1024, BlockSize: 256 
Batch 35 Results: 37306095, total Blocks: 1024, BlockSize: 256 
Batch 36 Results: 36264022, total Blocks: 1024, BlockSize: 256 
Batch 37 Results: 40150200, total Blocks: 1024, BlockSize: 256 
Batch 38 Results: 37932446, total Blocks: 1024, BlockSize: 256 
Batch 39 Results: 38307973, total Blocks: 1024, BlockSize: 256 
Batch 40 Results: 41958217, total Blocks: 1024, BlockSize: 256 
Batch 41 Results: 41528583, total Blocks: 1024, BlockSize: 256 
Batch 42 Results: 41434185, total Blocks: 1024, BlockSize: 256 
Batch 43 Results: 40488757, total Blocks: 1024, BlockSize: 256 
Batch 44 Results: 13304848, total Blocks: 1024, BlockSize: 256 
Kernel time: 73.660065
Total results Set Size: 1686078098 
Total Time: 94.668641

Time to read in file: 11.472772

Number points: 11620300 
Number Dimensions: 57 
Number Reference Points: 7 
Number Concurent Streams: 2
Block Size: 256, Kernel Blocks: 1024
Using dynamic searching
Distance Threshold: 0.015250 
*********************************

Selected 3 reference points
Layer 0 sumqrs: 6781691170056.000000 BinCount: 20 AverageBinsCount: 726268.000000, nonEmpty: 16
Layer 1 sumqrs: 2867031574496.000000 BinCount: 304 AverageBinsCount: 86076.000000, nonEmpty: 135
Layer 2 sumqrs: 1356654457636.000000 BinCount: 2160 AverageBinsCount: 18894.000000, nonEmpty: 615
Last Layer Bin Count: 2160
Tree Check: 11620300
Time to build tree: 17.669996
Starting Kernel Launcher
Non Empty Bins in last layer: 615
Total Bin Count in Tree: 2484
Starting CUDA Mem transfers
Building Neighbor Tables
Creating CUDA Streams
Starting COSS style Kernel
Batch 0 Results: 73676659, total Blocks: 1024, BlockSize: 256 
Batch 1 Results: 81415267, total Blocks: 1024, BlockSize: 256 
Batch 2 Results: 84004012, total Blocks: 1024, BlockSize: 256 
Batch 3 Results: 90730444, total Blocks: 1024, BlockSize: 256 
Batch 4 Results: 79624165, total Blocks: 1024, BlockSize: 256 
Batch 5 Results: 89102480, total Blocks: 1024, BlockSize: 256 
Batch 6 Results: 122869511, total Blocks: 1024, BlockSize: 256 
Batch 7 Results: 82976449, total Blocks: 1024, BlockSize: 256 
Batch 8 Results: 97822910, total Blocks: 1024, BlockSize: 256 
Batch 9 Results: 105653748, total Blocks: 1024, BlockSize: 256 
Batch 10 Results: 87397206, total Blocks: 1024, BlockSize: 256 
Batch 11 Results: 99073651, total Blocks: 1024, BlockSize: 256 
Batch 12 Results: 107039379, total Blocks: 1024, BlockSize: 256 
Batch 13 Results: 117333978, total Blocks: 1024, BlockSize: 256 
Batch 14 Results: 102601815, total Blocks: 1024, BlockSize: 256 
Batch 15 Results: 99561459, total Blocks: 1024, BlockSize: 256 
Batch 16 Results: 107178154, total Blocks: 1024, BlockSize: 256 
Batch 17 Results: 115889747, total Blocks: 1024, BlockSize: 256 
Batch 18 Results: 116127565, total Blocks: 1024, BlockSize: 256 
Batch 19 Results: 114228816, total Blocks: 1024, BlockSize: 256 
Batch 20 Results: 106653107, total Blocks: 1024, BlockSize: 256 
Batch 21 Results: 98565199, total Blocks: 1024, BlockSize: 256 
Batch 22 Results: 96100807, total Blocks: 1024, BlockSize: 256 
Batch 23 Results: 147240688, total Blocks: 1024, BlockSize: 256 
Batch 24 Results: 111955158, total Blocks: 1024, BlockSize: 256 
Batch 25 Results: 118890167, total Blocks: 1024, BlockSize: 256 
Batch 26 Results: 99734461, total Blocks: 1024, BlockSize: 256 
Batch 27 Results: 94764501, total Blocks: 1024, BlockSize: 256 
Batch 28 Results: 136852748, total Blocks: 1024, BlockSize: 256 
Batch 29 Results: 108859180, total Blocks: 1024, BlockSize: 256 
Batch 30 Results: 125008349, total Blocks: 1024, BlockSize: 256 
Batch 31 Results: 122267621, total Blocks: 1024, BlockSize: 256 
Batch 32 Results: 98597936, total Blocks: 1024, BlockSize: 256 
Batch 33 Results: 108226283, total Blocks: 1024, BlockSize: 256 
Batch 34 Results: 114178339, total Blocks: 1024, BlockSize: 256 
Batch 35 Results: 120132663, total Blocks: 1024, BlockSize: 256 
Batch 36 Results: 117885713, total Blocks: 1024, BlockSize: 256 
Batch 37 Results: 102536984, total Blocks: 1024, BlockSize: 256 
Batch 38 Results: 128018325, total Blocks: 1024, BlockSize: 256 
Batch 39 Results: 107429854, total Blocks: 1024, BlockSize: 256 
Batch 40 Results: 116128220, total Blocks: 1024, BlockSize: 256 
Batch 41 Results: 123978886, total Blocks: 1024, BlockSize: 256 
Batch 42 Results: 118532457, total Blocks: 1024, BlockSize: 256 
Batch 43 Results: 116711870, total Blocks: 1024, BlockSize: 256 
Batch 44 Results: 38381269, total Blocks: 1024, BlockSize: 256 
Kernel time: 174.980123
Total results Set Size: 4751938200 
Total Time: 196.714052

Time to read in file: 11.502789

Number points: 11620300 
Number Dimensions: 57 
Number Reference Points: 7 
Number Concurent Streams: 2
Block Size: 256, Kernel Blocks: 1024
Using dynamic searching
Distance Threshold: 0.020000 
*********************************

Selected 3 reference points
Layer 0 sumqrs: 9956591555339.000000 BinCount: 17 AverageBinsCount: 893869.000000, nonEmpty: 13
Layer 1 sumqrs: 4861055487076.000000 BinCount: 195 AverageBinsCount: 138336.000000, nonEmpty: 84
Layer 2 sumqrs: 2588039252550.000000 BinCount: 1260 AverageBinsCount: 33878.000000, nonEmpty: 343
Last Layer Bin Count: 1260
Tree Check: 11620300
Time to build tree: 17.279423
Starting Kernel Launcher
Non Empty Bins in last layer: 343
Total Bin Count in Tree: 1472
Starting CUDA Mem transfers
Building Neighbor Tables
Creating CUDA Streams
Starting COSS style Kernel
Batch 0 Results: 159289861, total Blocks: 1024, BlockSize: 256 
Batch 1 Results: 186145404, total Blocks: 1024, BlockSize: 256 
Batch 2 Results: 185271938, total Blocks: 1024, BlockSize: 256 
Batch 3 Results: 171299479, total Blocks: 1024, BlockSize: 256 
Batch 4 Results: 168281555, total Blocks: 1024, BlockSize: 256 
Batch 5 Results: 253092240, total Blocks: 1024, BlockSize: 256 
Batch 6 Results: 212412280, total Blocks: 1024, BlockSize: 256 
Batch 7 Results: 190865416, total Blocks: 1024, BlockSize: 256 
Batch 8 Results: 225889647, total Blocks: 1024, BlockSize: 256 
Batch 9 Results: 244267385, total Blocks: 1024, BlockSize: 256 
Batch 10 Results: 230581073, total Blocks: 1024, BlockSize: 256 
Batch 11 Results: 208190939, total Blocks: 1024, BlockSize: 256 
Batch 12 Results: 254795442, total Blocks: 1024, BlockSize: 256 
Batch 13 Results: 266423431, total Blocks: 1024, BlockSize: 256 
Batch 14 Results: 329267411, total Blocks: 1024, BlockSize: 256 
Batch 15 Results: 260401244, total Blocks: 1024, BlockSize: 256 
Batch 16 Results: 261528320, total Blocks: 1024, BlockSize: 256 
Batch 17 Results: 240021798, total Blocks: 1024, BlockSize: 256 
Batch 18 Results: 221685735, total Blocks: 1024, BlockSize: 256 
Batch 19 Results: 299658738, total Blocks: 1024, BlockSize: 256 
Batch 20 Results: 248082576, total Blocks: 1024, BlockSize: 256 
Batch 21 Results: 328564377, total Blocks: 1024, BlockSize: 256 
Batch 22 Results: 383991222, total Blocks: 1024, BlockSize: 256 
Batch 23 Results: 301275615, total Blocks: 1024, BlockSize: 256 
Batch 24 Results: 295361742, total Blocks: 1024, BlockSize: 256 
Batch 25 Results: 219223771, total Blocks: 1024, BlockSize: 256 
Batch 26 Results: 237912305, total Blocks: 1024, BlockSize: 256 
Batch 27 Results: 295087529, total Blocks: 1024, BlockSize: 256 
Batch 28 Results: 361123594, total Blocks: 1024, BlockSize: 256 
Batch 29 Results: 416473602, total Blocks: 1024, BlockSize: 256 
Batch 30 Results: 331724828, total Blocks: 1024, BlockSize: 256 
Batch 31 Results: 353274772, total Blocks: 1024, BlockSize: 256 
Batch 32 Results: 250449209, total Blocks: 1024, BlockSize: 256 
Batch 33 Results: 271897552, total Blocks: 1024, BlockSize: 256 
Batch 34 Results: 359045354, total Blocks: 1024, BlockSize: 256 
Batch 35 Results: 298920817, total Blocks: 1024, BlockSize: 256 
Batch 36 Results: 314353799, total Blocks: 1024, BlockSize: 256 
Batch 37 Results: 314513794, total Blocks: 1024, BlockSize: 256 
Batch 38 Results: 301391106, total Blocks: 1024, BlockSize: 256 
Batch 39 Results: 299045489, total Blocks: 1024, BlockSize: 256 
Batch 40 Results: 333165673, total Blocks: 1024, BlockSize: 256 
Batch 41 Results: 353538897, total Blocks: 1024, BlockSize: 256 
Batch 42 Results: 304058870, total Blocks: 1024, BlockSize: 256 
Batch 43 Results: 305714935, total Blocks: 1024, BlockSize: 256 
Batch 44 Results: 103825678, total Blocks: 1024, BlockSize: 256 
Kernel time: 299.865928
Total results Set Size: 12151386442 
Total Time: 321.207682
rm -f build/main build/*.o
nvcc  -DMAXRP=3 -DDIM=18 -DBS=256 -DKB=1024 -DILP=4 -lcuda -Xcompiler -fopenmp -arch=compute_80 -code=sm_80 -O3 -I. -c -o build/main.o src/main.cu -lm
nvcc  -DMAXRP=3 -DDIM=18 -DBS=256 -DKB=1024 -DILP=4 -lcuda -Xcompiler -fopenmp -arch=compute_80 -code=sm_80 -O3 -I. -c -o build/launcher.o src/launcher.cu -lm
nvcc  -DMAXRP=3 -DDIM=18 -DBS=256 -DKB=1024 -DILP=4 -lcuda -Xcompiler -fopenmp -arch=compute_80 -code=sm_80 -O3 -I. -c -o build/kernel.o src/kernel.cu
nvcc  -DMAXRP=3 -DDIM=18 -DBS=256 -DKB=1024 -DILP=4 -lcuda -Xcompiler -fopenmp -arch=compute_80 -code=sm_80 -O3 -I. -c -o build/nodes.o src/nodes.cu -lm
nvcc  -DMAXRP=3 -DDIM=18 -DBS=256 -DKB=1024 -DILP=4 -lcuda -Xcompiler -fopenmp -arch=compute_80 -code=sm_80 -O3 -I. -c -o build/tree.o src/tree.cu -lm
nvcc  -DMAXRP=3 -DDIM=18 -DBS=256 -DKB=1024 -DILP=4 -lcuda -Xcompiler -fopenmp -arch=compute_80 -code=sm_80 -O3 -I. -c -o build/utils.o src/utils.cu -lm
nvcc  -DMAXRP=3 -DDIM=18 -DBS=256 -DKB=1024 -DILP=4 -lcuda -Xcompiler -fopenmp -arch=compute_80 -code=sm_80 -O3 -I. -o build/main build/main.o build/launcher.o build/kernel.o build/nodes.o build/tree.o build/utils.o
SUSY ________________________________________________________________
SUSY ________________________________________________________________

Time to read in file: 0.542642

Number points: 5000000 
Number Dimensions: 18 
Number Reference Points: 7 
Number Concurent Streams: 2
Block Size: 256, Kernel Blocks: 1024
Using dynamic searching
Distance Threshold: 0.010000 
*********************************

Selected 3 reference points
Layer 0 sumqrs: 2552550472764.000000 BinCount: 44 AverageBinsCount: 147058.000000, nonEmpty: 34
Layer 1 sumqrs: 592932170714.000000 BinCount: 1700 AverageBinsCount: 9057.000000, nonEmpty: 552
Layer 2 sumqrs: 119261373946.000000 BinCount: 24840 AverageBinsCount: 921.000000, nonEmpty: 5424
Last Layer Bin Count: 24840
Tree Check: 5000000
Time to build tree: 3.926906
Starting Kernel Launcher
Non Empty Bins in last layer: 5424
Total Bin Count in Tree: 26584
Starting CUDA Mem transfers
Building Neighbor Tables
Creating CUDA Streams
Starting COSS style Kernel
Batch 0 Results: 367526, total Blocks: 1024, BlockSize: 256 
Batch 1 Results: 696553, total Blocks: 1024, BlockSize: 256 
Batch 2 Results: 1078088, total Blocks: 1024, BlockSize: 256 
Batch 3 Results: 939532, total Blocks: 1024, BlockSize: 256 
Batch 4 Results: 1635454, total Blocks: 1024, BlockSize: 256 
Batch 5 Results: 1385106, total Blocks: 1024, BlockSize: 256 
Batch 6 Results: 1567397, total Blocks: 1024, BlockSize: 256 
Batch 7 Results: 1730401, total Blocks: 1024, BlockSize: 256 
Batch 8 Results: 1683815, total Blocks: 1024, BlockSize: 256 
Batch 9 Results: 1610237, total Blocks: 1024, BlockSize: 256 
Batch 10 Results: 1847481, total Blocks: 1024, BlockSize: 256 
Batch 11 Results: 1888375, total Blocks: 1024, BlockSize: 256 
Batch 12 Results: 1827115, total Blocks: 1024, BlockSize: 256 
Batch 13 Results: 1900840, total Blocks: 1024, BlockSize: 256 
Batch 14 Results: 2193578, total Blocks: 1024, BlockSize: 256 
Batch 15 Results: 1949130, total Blocks: 1024, BlockSize: 256 
Batch 16 Results: 2116246, total Blocks: 1024, BlockSize: 256 
Batch 17 Results: 2117332, total Blocks: 1024, BlockSize: 256 
Batch 18 Results: 2170473, total Blocks: 1024, BlockSize: 256 
Batch 19 Results: 139507, total Blocks: 1024, BlockSize: 256 
Kernel time: 15.885617
Total results Set Size: 30844186 
Total Time: 20.941892

Time to read in file: 0.518622

Number points: 5000000 
Number Dimensions: 18 
Number Reference Points: 7 
Number Concurent Streams: 2
Block Size: 256, Kernel Blocks: 1024
Using dynamic searching
Distance Threshold: 0.012750 
*********************************

Selected 3 reference points
Layer 0 sumqrs: 3242274693656.000000 BinCount: 36 AverageBinsCount: 172413.000000, nonEmpty: 29
Layer 1 sumqrs: 947476677076.000000 BinCount: 1160 AverageBinsCount: 13550.000000, nonEmpty: 369
Layer 2 sumqrs: 231466963564.000000 BinCount: 13284 AverageBinsCount: 1559.000000, nonEmpty: 3207
Last Layer Bin Count: 13284
Tree Check: 5000000
Time to build tree: 3.969772
Starting Kernel Launcher
Non Empty Bins in last layer: 3207
Total Bin Count in Tree: 14480
Starting CUDA Mem transfers
Building Neighbor Tables
Creating CUDA Streams
Starting COSS style Kernel
Batch 0 Results: 814200, total Blocks: 1024, BlockSize: 256 
Batch 1 Results: 3315043, total Blocks: 1024, BlockSize: 256 
Batch 2 Results: 5162114, total Blocks: 1024, BlockSize: 256 
Batch 3 Results: 6073713, total Blocks: 1024, BlockSize: 256 
Batch 4 Results: 4512106, total Blocks: 1024, BlockSize: 256 
Batch 5 Results: 9281369, total Blocks: 1024, BlockSize: 256 
Batch 6 Results: 8933057, total Blocks: 1024, BlockSize: 256 
Batch 7 Results: 8485235, total Blocks: 1024, BlockSize: 256 
Batch 8 Results: 7415266, total Blocks: 1024, BlockSize: 256 
Batch 9 Results: 11613925, total Blocks: 1024, BlockSize: 256 
Batch 10 Results: 9224077, total Blocks: 1024, BlockSize: 256 
Batch 11 Results: 10167008, total Blocks: 1024, BlockSize: 256 
Batch 12 Results: 8892337, total Blocks: 1024, BlockSize: 256 
Batch 13 Results: 10203283, total Blocks: 1024, BlockSize: 256 
Batch 14 Results: 11434008, total Blocks: 1024, BlockSize: 256 
Batch 15 Results: 12361913, total Blocks: 1024, BlockSize: 256 
Batch 16 Results: 10602298, total Blocks: 1024, BlockSize: 256 
Batch 17 Results: 12095933, total Blocks: 1024, BlockSize: 256 
Batch 18 Results: 11364689, total Blocks: 1024, BlockSize: 256 
Batch 19 Results: 695554, total Blocks: 1024, BlockSize: 256 
Kernel time: 31.007721
Total results Set Size: 162647128 
Total Time: 36.140430

Time to read in file: 0.505949

Number points: 5000000 
Number Dimensions: 18 
Number Reference Points: 7 
Number Concurent Streams: 2
Block Size: 256, Kernel Blocks: 1024
Using dynamic searching
Distance Threshold: 0.015500 
*********************************

Selected 3 reference points
Layer 0 sumqrs: 3968030042653.000000 BinCount: 31 AverageBinsCount: 208333.000000, nonEmpty: 24
Layer 1 sumqrs: 1351960167138.000000 BinCount: 816 AverageBinsCount: 18382.000000, nonEmpty: 272
Layer 2 sumqrs: 392615652940.000000 BinCount: 8160 AverageBinsCount: 2387.000000, nonEmpty: 2094
Last Layer Bin Count: 8160
Tree Check: 5000000
Time to build tree: 3.978527
Starting Kernel Launcher
Non Empty Bins in last layer: 2094
Total Bin Count in Tree: 9007
Starting CUDA Mem transfers
Building Neighbor Tables
Creating CUDA Streams
Starting COSS style Kernel
Batch 0 Results: 2056444, total Blocks: 1024, BlockSize: 256 
Batch 1 Results: 12790087, total Blocks: 1024, BlockSize: 256 
Batch 2 Results: 21493177, total Blocks: 1024, BlockSize: 256 
Batch 3 Results: 30891247, total Blocks: 1024, BlockSize: 256 
Batch 4 Results: 16770928, total Blocks: 1024, BlockSize: 256 
Batch 5 Results: 30147419, total Blocks: 1024, BlockSize: 256 
Batch 6 Results: 32888009, total Blocks: 1024, BlockSize: 256 
Batch 7 Results: 38720507, total Blocks: 1024, BlockSize: 256 
Batch 8 Results: 42276247, total Blocks: 1024, BlockSize: 256 
Batch 9 Results: 25208154, total Blocks: 1024, BlockSize: 256 
Batch 10 Results: 36077899, total Blocks: 1024, BlockSize: 256 
Batch 11 Results: 46507741, total Blocks: 1024, BlockSize: 256 
Batch 12 Results: 41190282, total Blocks: 1024, BlockSize: 256 
Batch 13 Results: 45636482, total Blocks: 1024, BlockSize: 256 
Batch 14 Results: 45621968, total Blocks: 1024, BlockSize: 256 
Batch 15 Results: 39999210, total Blocks: 1024, BlockSize: 256 
Batch 16 Results: 47910410, total Blocks: 1024, BlockSize: 256 
Batch 17 Results: 51138113, total Blocks: 1024, BlockSize: 256 
Batch 18 Results: 45668808, total Blocks: 1024, BlockSize: 256 
Batch 19 Results: 2687814, total Blocks: 1024, BlockSize: 256 
Kernel time: 51.058826
Total results Set Size: 655680946 
Total Time: 56.172866

Time to read in file: 0.503293

Number points: 5000000 
Number Dimensions: 18 
Number Reference Points: 7 
Number Concurent Streams: 2
Block Size: 256, Kernel Blocks: 1024
Using dynamic searching
Distance Threshold: 0.018250 
*********************************

Selected 3 reference points
Layer 0 sumqrs: 4648566738181.000000 BinCount: 27 AverageBinsCount: 238095.000000, nonEmpty: 21
Layer 1 sumqrs: 1815315374405.000000 BinCount: 609 AverageBinsCount: 23809.000000, nonEmpty: 210
Layer 2 sumqrs: 606558870634.000000 BinCount: 5670 AverageBinsCount: 3403.000000, nonEmpty: 1469
Last Layer Bin Count: 5670
Tree Check: 5000000
Time to build tree: 3.920460
Starting Kernel Launcher
Non Empty Bins in last layer: 1469
Total Bin Count in Tree: 6306
Starting CUDA Mem transfers
Building Neighbor Tables
Creating CUDA Streams
Starting COSS style Kernel
Batch 0 Results: 12401785, total Blocks: 1024, BlockSize: 256 
Batch 1 Results: 35244314, total Blocks: 1024, BlockSize: 256 
Batch 2 Results: 84045471, total Blocks: 1024, BlockSize: 256 
Batch 3 Results: 57172994, total Blocks: 1024, BlockSize: 256 
Batch 4 Results: 62956088, total Blocks: 1024, BlockSize: 256 
Batch 5 Results: 85643048, total Blocks: 1024, BlockSize: 256 
Batch 6 Results: 152554411, total Blocks: 1024, BlockSize: 256 
Batch 7 Results: 84347143, total Blocks: 1024, BlockSize: 256 
Batch 8 Results: 156438839, total Blocks: 1024, BlockSize: 256 
Batch 9 Results: 76995752, total Blocks: 1024, BlockSize: 256 
Batch 10 Results: 102000142, total Blocks: 1024, BlockSize: 256 
Batch 11 Results: 123380759, total Blocks: 1024, BlockSize: 256 
Batch 12 Results: 142656940, total Blocks: 1024, BlockSize: 256 
Batch 13 Results: 186008010, total Blocks: 1024, BlockSize: 256 
Batch 14 Results: 112375843, total Blocks: 1024, BlockSize: 256 
Batch 15 Results: 145601316, total Blocks: 1024, BlockSize: 256 
Batch 16 Results: 145432173, total Blocks: 1024, BlockSize: 256 
Batch 17 Results: 154499398, total Blocks: 1024, BlockSize: 256 
Batch 18 Results: 145475498, total Blocks: 1024, BlockSize: 256 
Batch 19 Results: 7668124, total Blocks: 1024, BlockSize: 256 
Kernel time: 76.116167
Total results Set Size: 2072898048 
Total Time: 81.177326

Time to read in file: 0.504830

Number points: 5000000 
Number Dimensions: 18 
Number Reference Points: 7 
Number Concurent Streams: 2
Block Size: 256, Kernel Blocks: 1024
Using dynamic searching
Distance Threshold: 0.021000 
*********************************

Selected 3 reference points
Layer 0 sumqrs: 5344784977498.000000 BinCount: 24 AverageBinsCount: 277777.000000, nonEmpty: 18
Layer 1 sumqrs: 2336064634058.000000 BinCount: 486 AverageBinsCount: 30120.000000, nonEmpty: 166
Layer 2 sumqrs: 860033967042.000000 BinCount: 3984 AverageBinsCount: 4591.000000, nonEmpty: 1089
Last Layer Bin Count: 3984
Tree Check: 5000000
Time to build tree: 3.901480
Starting Kernel Launcher
Non Empty Bins in last layer: 1089
Total Bin Count in Tree: 4494
Starting CUDA Mem transfers
Building Neighbor Tables
Creating CUDA Streams
Starting COSS style Kernel
Batch 0 Results: 17195818, total Blocks: 1024, BlockSize: 256 
Batch 1 Results: 109995277, total Blocks: 1024, BlockSize: 256 
Batch 2 Results: 74803497, total Blocks: 1024, BlockSize: 256 
Batch 3 Results: 340169299, total Blocks: 1024, BlockSize: 256 
Batch 4 Results: 165274650, total Blocks: 1024, BlockSize: 256 
Batch 5 Results: 262953101, total Blocks: 1024, BlockSize: 256 
Batch 6 Results: 227792113, total Blocks: 1024, BlockSize: 256 
Batch 7 Results: 194499345, total Blocks: 1024, BlockSize: 256 
Batch 8 Results: 447368152, total Blocks: 1024, BlockSize: 256 
Batch 9 Results: 200836156, total Blocks: 1024, BlockSize: 256 
Batch 10 Results: 347327601, total Blocks: 1024, BlockSize: 256 
Batch 11 Results: 483435492, total Blocks: 1024, BlockSize: 256 
Batch 12 Results: 288676490, total Blocks: 1024, BlockSize: 256 
Batch 13 Results: 350796112, total Blocks: 1024, BlockSize: 256 
Batch 14 Results: 321536679, total Blocks: 1024, BlockSize: 256 
Batch 15 Results: 420262335, total Blocks: 1024, BlockSize: 256 
Batch 16 Results: 383186341, total Blocks: 1024, BlockSize: 256 
Batch 17 Results: 448106136, total Blocks: 1024, BlockSize: 256 
Batch 18 Results: 354601264, total Blocks: 1024, BlockSize: 256 
Batch 19 Results: 18444958, total Blocks: 1024, BlockSize: 256 
Kernel time: 106.651620
Total results Set Size: 5457260816 
Total Time: 111.703603
rm -f build/main build/*.o
nvcc  -DMAXRP=3 -DDIM=28 -DBS=256 -DKB=1024 -DILP=4 -lcuda -Xcompiler -fopenmp -arch=compute_80 -code=sm_80 -O3 -I. -c -o build/main.o src/main.cu -lm
nvcc  -DMAXRP=3 -DDIM=28 -DBS=256 -DKB=1024 -DILP=4 -lcuda -Xcompiler -fopenmp -arch=compute_80 -code=sm_80 -O3 -I. -c -o build/launcher.o src/launcher.cu -lm
nvcc  -DMAXRP=3 -DDIM=28 -DBS=256 -DKB=1024 -DILP=4 -lcuda -Xcompiler -fopenmp -arch=compute_80 -code=sm_80 -O3 -I. -c -o build/kernel.o src/kernel.cu
nvcc  -DMAXRP=3 -DDIM=28 -DBS=256 -DKB=1024 -DILP=4 -lcuda -Xcompiler -fopenmp -arch=compute_80 -code=sm_80 -O3 -I. -c -o build/nodes.o src/nodes.cu -lm
nvcc  -DMAXRP=3 -DDIM=28 -DBS=256 -DKB=1024 -DILP=4 -lcuda -Xcompiler -fopenmp -arch=compute_80 -code=sm_80 -O3 -I. -c -o build/tree.o src/tree.cu -lm
nvcc  -DMAXRP=3 -DDIM=28 -DBS=256 -DKB=1024 -DILP=4 -lcuda -Xcompiler -fopenmp -arch=compute_80 -code=sm_80 -O3 -I. -c -o build/utils.o src/utils.cu -lm
nvcc  -DMAXRP=3 -DDIM=28 -DBS=256 -DKB=1024 -DILP=4 -lcuda -Xcompiler -fopenmp -arch=compute_80 -code=sm_80 -O3 -I. -o build/main build/main.o build/launcher.o build/kernel.o build/nodes.o build/tree.o build/utils.o
HIGGS ________________________________________________________________
HIGGS ________________________________________________________________

Time to read in file: 2.793907

Number points: 11000000 
Number Dimensions: 28 
Number Reference Points: 7 
Number Concurent Streams: 2
Block Size: 256, Kernel Blocks: 1024
Using dynamic searching
Distance Threshold: 0.010000 
*********************************

Selected 3 reference points
Layer 0 sumqrs: 10725684101396.000000 BinCount: 36 AverageBinsCount: 343750.000000, nonEmpty: 32
Layer 1 sumqrs: 2332987942928.000000 BinCount: 1216 AverageBinsCount: 23706.000000, nonEmpty: 464
Layer 2 sumqrs: 480789401746.000000 BinCount: 15776 AverageBinsCount: 2998.000000, nonEmpty: 3668
Last Layer Bin Count: 15776
Tree Check: 11000000
Time to build tree: 11.621235
Starting Kernel Launcher
Non Empty Bins in last layer: 3668
Total Bin Count in Tree: 17028
Starting CUDA Mem transfers
Building Neighbor Tables
Creating CUDA Streams
Starting COSS style Kernel
Batch 0 Results: 277670, total Blocks: 1024, BlockSize: 256 
Batch 1 Results: 276511, total Blocks: 1024, BlockSize: 256 
Batch 2 Results: 276806, total Blocks: 1024, BlockSize: 256 
Batch 3 Results: 275306, total Blocks: 1024, BlockSize: 256 
Batch 4 Results: 277457, total Blocks: 1024, BlockSize: 256 
Batch 5 Results: 276319, total Blocks: 1024, BlockSize: 256 
Batch 6 Results: 275590, total Blocks: 1024, BlockSize: 256 
Batch 7 Results: 275300, total Blocks: 1024, BlockSize: 256 
Batch 8 Results: 277551, total Blocks: 1024, BlockSize: 256 
Batch 9 Results: 276446, total Blocks: 1024, BlockSize: 256 
Batch 10 Results: 275834, total Blocks: 1024, BlockSize: 256 
Batch 11 Results: 275336, total Blocks: 1024, BlockSize: 256 
Batch 12 Results: 275038, total Blocks: 1024, BlockSize: 256 
Batch 13 Results: 276041, total Blocks: 1024, BlockSize: 256 
Batch 14 Results: 276744, total Blocks: 1024, BlockSize: 256 
Batch 15 Results: 275851, total Blocks: 1024, BlockSize: 256 
Batch 16 Results: 275841, total Blocks: 1024, BlockSize: 256 
Batch 17 Results: 275224, total Blocks: 1024, BlockSize: 256 
Batch 18 Results: 275265, total Blocks: 1024, BlockSize: 256 
Batch 19 Results: 274863, total Blocks: 1024, BlockSize: 256 
Batch 20 Results: 276372, total Blocks: 1024, BlockSize: 256 
Batch 21 Results: 276104, total Blocks: 1024, BlockSize: 256 
Batch 22 Results: 275816, total Blocks: 1024, BlockSize: 256 
Batch 23 Results: 275604, total Blocks: 1024, BlockSize: 256 
Batch 24 Results: 274922, total Blocks: 1024, BlockSize: 256 
Batch 25 Results: 275006, total Blocks: 1024, BlockSize: 256 
Batch 26 Results: 275468, total Blocks: 1024, BlockSize: 256 
Batch 27 Results: 276038, total Blocks: 1024, BlockSize: 256 
Batch 28 Results: 275600, total Blocks: 1024, BlockSize: 256 
Batch 29 Results: 275450, total Blocks: 1024, BlockSize: 256 
Batch 30 Results: 274986, total Blocks: 1024, BlockSize: 256 
Batch 31 Results: 274423, total Blocks: 1024, BlockSize: 256 
Batch 32 Results: 275304, total Blocks: 1024, BlockSize: 256 
Batch 33 Results: 275753, total Blocks: 1024, BlockSize: 256 
Batch 34 Results: 275212, total Blocks: 1024, BlockSize: 256 
Batch 35 Results: 274810, total Blocks: 1024, BlockSize: 256 
Batch 36 Results: 274605, total Blocks: 1024, BlockSize: 256 
Batch 37 Results: 275242, total Blocks: 1024, BlockSize: 256 
Batch 38 Results: 274891, total Blocks: 1024, BlockSize: 256 
Batch 39 Results: 274331, total Blocks: 1024, BlockSize: 256 
Batch 40 Results: 275022, total Blocks: 1024, BlockSize: 256 
Batch 41 Results: 264546, total Blocks: 1024, BlockSize: 256 
Kernel time: 83.236684
Total results Set Size: 11566498 
Total Time: 98.411949

Time to read in file: 2.707045

Number points: 11000000 
Number Dimensions: 28 
Number Reference Points: 7 
Number Concurent Streams: 2
Block Size: 256, Kernel Blocks: 1024
Using dynamic searching
Distance Threshold: 0.021375 
*********************************

Selected 3 reference points
Layer 0 sumqrs: 23360276762087.000000 BinCount: 19 AverageBinsCount: 733333.000000, nonEmpty: 15
Layer 1 sumqrs: 9552119625549.000000 BinCount: 315 AverageBinsCount: 84615.000000, nonEmpty: 130
Layer 2 sumqrs: 3783320700782.000000 BinCount: 2600 AverageBinsCount: 17214.000000, nonEmpty: 639
Last Layer Bin Count: 2600
Tree Check: 11000000
Time to build tree: 10.983448
Starting Kernel Launcher
Non Empty Bins in last layer: 639
Total Bin Count in Tree: 2934
Starting CUDA Mem transfers
Building Neighbor Tables
Creating CUDA Streams
Starting COSS style Kernel
Batch 0 Results: 278243, total Blocks: 1024, BlockSize: 256 
Batch 1 Results: 277536, total Blocks: 1024, BlockSize: 256 
Batch 2 Results: 279131, total Blocks: 1024, BlockSize: 256 
Batch 3 Results: 277132, total Blocks: 1024, BlockSize: 256 
Batch 4 Results: 277901, total Blocks: 1024, BlockSize: 256 
Batch 5 Results: 278742, total Blocks: 1024, BlockSize: 256 
Batch 6 Results: 277677, total Blocks: 1024, BlockSize: 256 
Batch 7 Results: 277886, total Blocks: 1024, BlockSize: 256 
Batch 8 Results: 277614, total Blocks: 1024, BlockSize: 256 
Batch 9 Results: 278062, total Blocks: 1024, BlockSize: 256 
Batch 10 Results: 278339, total Blocks: 1024, BlockSize: 256 
Batch 11 Results: 278818, total Blocks: 1024, BlockSize: 256 
Batch 12 Results: 279346, total Blocks: 1024, BlockSize: 256 
Batch 13 Results: 278506, total Blocks: 1024, BlockSize: 256 
Batch 14 Results: 277408, total Blocks: 1024, BlockSize: 256 
Batch 15 Results: 277955, total Blocks: 1024, BlockSize: 256 
Batch 16 Results: 278088, total Blocks: 1024, BlockSize: 256 
Batch 17 Results: 277952, total Blocks: 1024, BlockSize: 256 
Batch 18 Results: 278576, total Blocks: 1024, BlockSize: 256 
Batch 19 Results: 278194, total Blocks: 1024, BlockSize: 256 
Batch 20 Results: 277570, total Blocks: 1024, BlockSize: 256 
Batch 21 Results: 277375, total Blocks: 1024, BlockSize: 256 
Batch 22 Results: 277587, total Blocks: 1024, BlockSize: 256 
Batch 23 Results: 278791, total Blocks: 1024, BlockSize: 256 
Batch 24 Results: 277741, total Blocks: 1024, BlockSize: 256 
Batch 25 Results: 278582, total Blocks: 1024, BlockSize: 256 
Batch 26 Results: 278385, total Blocks: 1024, BlockSize: 256 
Batch 27 Results: 278517, total Blocks: 1024, BlockSize: 256 
Batch 28 Results: 278748, total Blocks: 1024, BlockSize: 256 
Batch 29 Results: 278209, total Blocks: 1024, BlockSize: 256 
Batch 30 Results: 277040, total Blocks: 1024, BlockSize: 256 
Batch 31 Results: 277196, total Blocks: 1024, BlockSize: 256 
Batch 32 Results: 277012, total Blocks: 1024, BlockSize: 256 
Batch 33 Results: 277769, total Blocks: 1024, BlockSize: 256 
Batch 34 Results: 276842, total Blocks: 1024, BlockSize: 256 
Batch 35 Results: 277871, total Blocks: 1024, BlockSize: 256 
Batch 36 Results: 278168, total Blocks: 1024, BlockSize: 256 
Batch 37 Results: 277651, total Blocks: 1024, BlockSize: 256 
Batch 38 Results: 277531, total Blocks: 1024, BlockSize: 256 
Batch 39 Results: 276582, total Blocks: 1024, BlockSize: 256 
Batch 40 Results: 276225, total Blocks: 1024, BlockSize: 256 
Batch 41 Results: 266132, total Blocks: 1024, BlockSize: 256 
Kernel time: 463.361745
Total results Set Size: 11660630 
Total Time: 477.915913

Time to read in file: 2.745639

Number points: 11000000 
Number Dimensions: 28 
Number Reference Points: 7 
Number Concurent Streams: 2
Block Size: 256, Kernel Blocks: 1024
Using dynamic searching
Distance Threshold: 0.032750 
*********************************

Selected 3 reference points
Layer 0 sumqrs: 35910307053640.000000 BinCount: 14 AverageBinsCount: 1100000.000000, nonEmpty: 10
Layer 1 sumqrs: 19589955208388.000000 BinCount: 150 AverageBinsCount: 171875.000000, nonEmpty: 64
Layer 2 sumqrs: 10473041424364.000000 BinCount: 896 AverageBinsCount: 47210.000000, nonEmpty: 233
Last Layer Bin Count: 896
Tree Check: 11000000
Time to build tree: 10.889651
Starting Kernel Launcher
Non Empty Bins in last layer: 233
Total Bin Count in Tree: 1060
Starting CUDA Mem transfers
Building Neighbor Tables
Creating CUDA Streams
Starting COSS style Kernel
Batch 0 Results: 354173, total Blocks: 1024, BlockSize: 256 
Batch 1 Results: 437225, total Blocks: 1024, BlockSize: 256 
Batch 2 Results: 556298, total Blocks: 1024, BlockSize: 256 
Batch 3 Results: 658808, total Blocks: 1024, BlockSize: 256 
Batch 4 Results: 708415, total Blocks: 1024, BlockSize: 256 
Batch 5 Results: 707482, total Blocks: 1024, BlockSize: 256 
Batch 6 Results: 747934, total Blocks: 1024, BlockSize: 256 
Batch 7 Results: 785195, total Blocks: 1024, BlockSize: 256 
Batch 8 Results: 709273, total Blocks: 1024, BlockSize: 256 
Batch 9 Results: 619781, total Blocks: 1024, BlockSize: 256 
Batch 10 Results: 768029, total Blocks: 1024, BlockSize: 256 
Batch 11 Results: 923677, total Blocks: 1024, BlockSize: 256 
Batch 12 Results: 921632, total Blocks: 1024, BlockSize: 256 
Batch 13 Results: 919859, total Blocks: 1024, BlockSize: 256 
Batch 14 Results: 922640, total Blocks: 1024, BlockSize: 256 
Batch 15 Results: 918521, total Blocks: 1024, BlockSize: 256 
Batch 16 Results: 922684, total Blocks: 1024, BlockSize: 256 
Batch 17 Results: 896044, total Blocks: 1024, BlockSize: 256 
Batch 18 Results: 833286, total Blocks: 1024, BlockSize: 256 
Batch 19 Results: 796887, total Blocks: 1024, BlockSize: 256 
Batch 20 Results: 840190, total Blocks: 1024, BlockSize: 256 
Batch 21 Results: 834144, total Blocks: 1024, BlockSize: 256 
Batch 22 Results: 839817, total Blocks: 1024, BlockSize: 256 
Batch 23 Results: 836419, total Blocks: 1024, BlockSize: 256 
Batch 24 Results: 856890, total Blocks: 1024, BlockSize: 256 
Batch 25 Results: 857023, total Blocks: 1024, BlockSize: 256 
Batch 26 Results: 859248, total Blocks: 1024, BlockSize: 256 
Batch 27 Results: 859182, total Blocks: 1024, BlockSize: 256 
Batch 28 Results: 840927, total Blocks: 1024, BlockSize: 256 
Batch 29 Results: 840014, total Blocks: 1024, BlockSize: 256 
Batch 30 Results: 1009859, total Blocks: 1024, BlockSize: 256 
Batch 31 Results: 988885, total Blocks: 1024, BlockSize: 256 
Batch 32 Results: 1059412, total Blocks: 1024, BlockSize: 256 
Batch 33 Results: 1064661, total Blocks: 1024, BlockSize: 256 
Batch 34 Results: 913376, total Blocks: 1024, BlockSize: 256 
Batch 35 Results: 842670, total Blocks: 1024, BlockSize: 256 
Batch 36 Results: 845393, total Blocks: 1024, BlockSize: 256 
Batch 37 Results: 842519, total Blocks: 1024, BlockSize: 256 
Batch 38 Results: 785560, total Blocks: 1024, BlockSize: 256 
Batch 39 Results: 620269, total Blocks: 1024, BlockSize: 256 
Batch 40 Results: 666321, total Blocks: 1024, BlockSize: 256 
Batch 41 Results: 672806, total Blocks: 1024, BlockSize: 256 
Kernel time: 925.530504
Total results Set Size: 33883428 
Total Time: 940.009791

Time to read in file: 2.784744

Number points: 11000000 
Number Dimensions: 28 
Number Reference Points: 7 
Number Concurent Streams: 2
Block Size: 256, Kernel Blocks: 1024
Using dynamic searching
Distance Threshold: 0.044125 
*********************************

Selected 3 reference points
Layer 0 sumqrs: 47908465796334.000000 BinCount: 12 AverageBinsCount: 1375000.000000, nonEmpty: 8
Layer 1 sumqrs: 32025860844776.000000 BinCount: 80 AverageBinsCount: 354838.000000, nonEmpty: 31
Layer 2 sumqrs: 18340999761400.000000 BinCount: 372 AverageBinsCount: 85937.000000, nonEmpty: 128
Last Layer Bin Count: 372
Tree Check: 11000000
Time to build tree: 10.707009
Starting Kernel Launcher
Non Empty Bins in last layer: 128
Total Bin Count in Tree: 464
Starting CUDA Mem transfers
Building Neighbor Tables
Creating CUDA Streams
Starting COSS style Kernel
Batch 0 Results: 2085195, total Blocks: 1024, BlockSize: 256 
Batch 1 Results: 10835384, total Blocks: 1024, BlockSize: 256 
Batch 2 Results: 14188679, total Blocks: 1024, BlockSize: 256 
Batch 3 Results: 14618255, total Blocks: 1024, BlockSize: 256 
Batch 4 Results: 9907717, total Blocks: 1024, BlockSize: 256 
Batch 5 Results: 17090060, total Blocks: 1024, BlockSize: 256 
Batch 6 Results: 17146082, total Blocks: 1024, BlockSize: 256 
Batch 7 Results: 17046713, total Blocks: 1024, BlockSize: 256 
Batch 8 Results: 16945354, total Blocks: 1024, BlockSize: 256 
Batch 9 Results: 17143847, total Blocks: 1024, BlockSize: 256 
Batch 10 Results: 17122785, total Blocks: 1024, BlockSize: 256 
Batch 11 Results: 17002220, total Blocks: 1024, BlockSize: 256 
Batch 12 Results: 17105394, total Blocks: 1024, BlockSize: 256 
Batch 13 Results: 16991847, total Blocks: 1024, BlockSize: 256 
Batch 14 Results: 18044004, total Blocks: 1024, BlockSize: 256 
Batch 15 Results: 21423587, total Blocks: 1024, BlockSize: 256 
Batch 16 Results: 21566837, total Blocks: 1024, BlockSize: 256 
Batch 17 Results: 16017029, total Blocks: 1024, BlockSize: 256 
Batch 18 Results: 18705671, total Blocks: 1024, BlockSize: 256 
Batch 19 Results: 21442615, total Blocks: 1024, BlockSize: 256 
Batch 20 Results: 22765177, total Blocks: 1024, BlockSize: 256 
Batch 21 Results: 22777642, total Blocks: 1024, BlockSize: 256 
Batch 22 Results: 22763118, total Blocks: 1024, BlockSize: 256 
Batch 23 Results: 22785921, total Blocks: 1024, BlockSize: 256 
Batch 24 Results: 22786084, total Blocks: 1024, BlockSize: 256 
Batch 25 Results: 22668593, total Blocks: 1024, BlockSize: 256 
Batch 26 Results: 22691348, total Blocks: 1024, BlockSize: 256 
Batch 27 Results: 24978559, total Blocks: 1024, BlockSize: 256 
Batch 28 Results: 25664269, total Blocks: 1024, BlockSize: 256 
Batch 29 Results: 25596821, total Blocks: 1024, BlockSize: 256 
Batch 30 Results: 25544815, total Blocks: 1024, BlockSize: 256 
Batch 31 Results: 25567881, total Blocks: 1024, BlockSize: 256 
Batch 32 Results: 25522687, total Blocks: 1024, BlockSize: 256 
Batch 33 Results: 22510669, total Blocks: 1024, BlockSize: 256 
Batch 34 Results: 20963738, total Blocks: 1024, BlockSize: 256 
Batch 35 Results: 20123766, total Blocks: 1024, BlockSize: 256 
Batch 36 Results: 20031928, total Blocks: 1024, BlockSize: 256 
Batch 37 Results: 20014784, total Blocks: 1024, BlockSize: 256 
Batch 38 Results: 19959755, total Blocks: 1024, BlockSize: 256 
Batch 39 Results: 20090727, total Blocks: 1024, BlockSize: 256 
Batch 40 Results: 18537410, total Blocks: 1024, BlockSize: 256 
Batch 41 Results: 12037367, total Blocks: 1024, BlockSize: 256 
Kernel time: 1348.245286
Total results Set Size: 808812334 
Total Time: 1362.571680

Time to read in file: 2.727207

Number points: 11000000 
Number Dimensions: 28 
Number Reference Points: 7 
Number Concurent Streams: 2
Block Size: 256, Kernel Blocks: 1024
Using dynamic searching
Distance Threshold: 0.055500 
*********************************

Selected 3 reference points
Layer 0 sumqrs: 51340609867444.000000 BinCount: 11 AverageBinsCount: 1571428.000000, nonEmpty: 7
Layer 1 sumqrs: 37750366934678.000000 BinCount: 70 AverageBinsCount: 343750.000000, nonEmpty: 32
Layer 2 sumqrs: 25223719015780.000000 BinCount: 320 AverageBinsCount: 129411.000000, nonEmpty: 85
Last Layer Bin Count: 320
Tree Check: 11000000
Time to build tree: 10.219330
Starting Kernel Launcher
Non Empty Bins in last layer: 85
Total Bin Count in Tree: 401
Starting CUDA Mem transfers
Building Neighbor Tables
Creating CUDA Streams
Starting COSS style Kernel
Batch 0 Results: 18148629, total Blocks: 1024, BlockSize: 256 
Batch 1 Results: 225109169, total Blocks: 1024, BlockSize: 256 
Batch 2 Results: 229732072, total Blocks: 1024, BlockSize: 256 
Batch 3 Results: 230992863, total Blocks: 1024, BlockSize: 256 
Batch 4 Results: 229945669, total Blocks: 1024, BlockSize: 256 
Batch 5 Results: 231079344, total Blocks: 1024, BlockSize: 256 
Batch 6 Results: 229367498, total Blocks: 1024, BlockSize: 256 
Batch 7 Results: 230600688, total Blocks: 1024, BlockSize: 256 
Batch 8 Results: 231200163, total Blocks: 1024, BlockSize: 256 
Batch 9 Results: 229728980, total Blocks: 1024, BlockSize: 256 
Batch 10 Results: 229612090, total Blocks: 1024, BlockSize: 256 
Batch 11 Results: 230956331, total Blocks: 1024, BlockSize: 256 
Batch 12 Results: 229119217, total Blocks: 1024, BlockSize: 256 
Batch 13 Results: 230630532, total Blocks: 1024, BlockSize: 256 
Batch 14 Results: 241597013, total Blocks: 1024, BlockSize: 256 
Batch 15 Results: 272698209, total Blocks: 1024, BlockSize: 256 
Batch 16 Results: 272540686, total Blocks: 1024, BlockSize: 256 
Batch 17 Results: 273147900, total Blocks: 1024, BlockSize: 256 
Batch 18 Results: 272808096, total Blocks: 1024, BlockSize: 256 
Batch 19 Results: 283532839, total Blocks: 1024, BlockSize: 256 
Batch 20 Results: 290829592, total Blocks: 1024, BlockSize: 256 
Batch 21 Results: 307921316, total Blocks: 1024, BlockSize: 256 
Batch 22 Results: 345398812, total Blocks: 1024, BlockSize: 256 
Batch 23 Results: 344863175, total Blocks: 1024, BlockSize: 256 
Batch 24 Results: 342629913, total Blocks: 1024, BlockSize: 256 
Batch 25 Results: 337800759, total Blocks: 1024, BlockSize: 256 
Batch 26 Results: 297580703, total Blocks: 1024, BlockSize: 256 
Batch 27 Results: 296684197, total Blocks: 1024, BlockSize: 256 
Batch 28 Results: 295551678, total Blocks: 1024, BlockSize: 256 
Batch 29 Results: 296533594, total Blocks: 1024, BlockSize: 256 
Batch 30 Results: 297185971, total Blocks: 1024, BlockSize: 256 
Batch 31 Results: 296508131, total Blocks: 1024, BlockSize: 256 
Batch 32 Results: 332618788, total Blocks: 1024, BlockSize: 256 
Batch 33 Results: 342589554, total Blocks: 1024, BlockSize: 256 
Batch 34 Results: 264068050, total Blocks: 1024, BlockSize: 256 
Batch 35 Results: 264445862, total Blocks: 1024, BlockSize: 256 
Batch 36 Results: 264991635, total Blocks: 1024, BlockSize: 256 
Batch 37 Results: 264926184, total Blocks: 1024, BlockSize: 256 
Batch 38 Results: 265037685, total Blocks: 1024, BlockSize: 256 
Batch 39 Results: 264394227, total Blocks: 1024, BlockSize: 256 
Batch 40 Results: 264208986, total Blocks: 1024, BlockSize: 256 
Batch 41 Results: 210941458, total Blocks: 1024, BlockSize: 256 
Kernel time: 1652.479831
Total results Set Size: 11110258258 
Total Time: 1666.316271
rm -f build/main build/*.o
nvcc  -DMAXRP=3 -DDIM=384 -DBS=256 -DKB=1024 -DILP=4 -lcuda -Xcompiler -fopenmp -arch=compute_80 -code=sm_80 -O3 -I. -c -o build/main.o src/main.cu -lm
nvcc  -DMAXRP=3 -DDIM=384 -DBS=256 -DKB=1024 -DILP=4 -lcuda -Xcompiler -fopenmp -arch=compute_80 -code=sm_80 -O3 -I. -c -o build/launcher.o src/launcher.cu -lm
nvcc  -DMAXRP=3 -DDIM=384 -DBS=256 -DKB=1024 -DILP=4 -lcuda -Xcompiler -fopenmp -arch=compute_80 -code=sm_80 -O3 -I. -c -o build/kernel.o src/kernel.cu
nvcc  -DMAXRP=3 -DDIM=384 -DBS=256 -DKB=1024 -DILP=4 -lcuda -Xcompiler -fopenmp -arch=compute_80 -code=sm_80 -O3 -I. -c -o build/nodes.o src/nodes.cu -lm
nvcc  -DMAXRP=3 -DDIM=384 -DBS=256 -DKB=1024 -DILP=4 -lcuda -Xcompiler -fopenmp -arch=compute_80 -code=sm_80 -O3 -I. -c -o build/tree.o src/tree.cu -lm
nvcc  -DMAXRP=3 -DDIM=384 -DBS=256 -DKB=1024 -DILP=4 -lcuda -Xcompiler -fopenmp -arch=compute_80 -code=sm_80 -O3 -I. -c -o build/utils.o src/utils.cu -lm
nvcc  -DMAXRP=3 -DDIM=384 -DBS=256 -DKB=1024 -DILP=4 -lcuda -Xcompiler -fopenmp -arch=compute_80 -code=sm_80 -O3 -I. -o build/main build/main.o build/launcher.o build/kernel.o build/nodes.o build/tree.o build/utils.o
Tiny____________________________________________________
Tiny____________________________________________________
