
EPSILON | NUMPOINTS | RP | Construct T | Kernel T | Total T



 _______________ 256 _____ 1024 ______1 ______________________



MSD ________________________________________________________________


0.007600 515345 6 1.109519 8417 85.621028 327405278468 86.848600 
0.009130 515345 6 1.599247 5556 103.606787 477105712122 105.329501 
0.011334 515345 6 1.118732 3493 125.479970 803827502922 126.719229 

Wave __________________________________________________


0.005400 287999 6 0.506101 2909 13.901343 60507550451 14.475684 
0.007020 287999 6 0.876511 1587 17.523422 107331805075 18.465154 
0.008358 287999 6 0.519954 1058 20.160458 177552105049 20.747447 

BIGCROSS____________________________________________________________


0.013100 11620300 6 18.514282 52941 738.118094 2533509357480 760.626344 
0.019940 11620300 6 18.284185 17928 1890.608919 6802945477282 1912.747608 
0.028100 11620300 6 18.079403 6661 3811.536309 15129660071668 3833.877267 

SUSY ________________________________________________________________


0.017030 5000000 6 5.497742 39529 2403.999963 8600116957384 2410.639004 
0.020780 5000000 6 5.556904 20184 4723.116544 17811638092174 4729.842866 
0.025555 5000000 6 5.574879 13113 7496.691561 28985701963950 7503.424768 

HIGGS ________________________________________________________________


0.049186 11000000 6 12.795471 1141 99093.971889 407058333031548 99110.286884 
0.055580 11000000 6 12.707064 813 slurmstepd: error: *** JOB 5805959 ON cn2 CANCELLED AT 2023-10-20T13:06:33 ***
