
EPSILON | NUMPOINTS | RP | Construct T | Kernel T | Total T



 _______________ 32 _____ 1024 ____________________________



MSD ________________________________________________________________


0.007000 515345 6 1.791313 2.885083 4.792100 
0.007525 515345 6 1.654220 3.912108 5.680316 
0.008050 515345 6 2.055363 5.050377 7.220928 
0.008575 515345 6 1.586967 6.293686 7.996684 
0.009100 515345 6 1.696229 7.909677 9.722723 

Census____________________________________________________________


0.001000 2458285 6 10.846777 1.548231 12.969997 
0.003250 2458285 6 7.151683 3.911100 11.509839 
0.005500 2458285 6 7.477368 13.894399 21.792636 
0.007750 2458285 6 6.341822 25.434673 32.253719 
0.010000 2458285 6 7.942523 main: src/launcher.cu:3758: neighborTable* launchCOSS(unsigned int**, unsigned int, unsigned int**, unsigned int, unsigned int*, unsigned int*, double*, unsigned int, double, unsigned int*): Assertion `cudaSuccess == cudaMemcpyAsync(&keyValueIndex[i], &d_keyValueIndex[i], sizeof(unsigned long long ), cudaMemcpyDeviceToHost, stream[tid])' failed.
/var/spool/slurm/slurmd/job4225490/slurm_script: line 82: 1476443 Aborted                 (core dumped) ./build/main /scratch/bwd29/data/USC_Normalized_No1Col.bin 68 7 $j


Wave __________________________________________________


0.002000 287999 6 0.739130 0.205522 1.001791 
0.003250 287999 6 0.524851 0.310465 0.893803 
0.004500 287999 6 0.526705 0.478637 1.064101 
0.005750 287999 6 0.464214 0.852766 1.376610 
0.007000 287999 6 0.490911 1.901369 2.467533 

BIGCROSS____________________________________________________________


0.001000 11620300 6 38.843725 3.250006 45.974538 
0.005750 11620300 6 21.865106 10.014354 34.912614 
0.010500 11620300 6 21.096615 36.532491 60.676136 
0.015250 11620300 6 21.120140 97.997728 122.122133 
0.020000 11620300 6 21.370218 161.599168 186.055164 

SUSY ________________________________________________________________


0.010000 5000000 6 4.926426 7.201286 12.938921 
0.012750 5000000 6 5.579984 18.027874 24.435775 
0.015500 5000000 6 4.791572 35.936261 41.542767 
0.018250 5000000 6 4.632143 65.202610 70.636718 
0.021000 5000000 6 5.037197 110.844361 116.695737 

HIGGS ________________________________________________________________


0.010000 11000000 6 15.988978 29.321400 47.862466 
0.021375 11000000 6 14.392018 443.646043 460.582600 
0.032750 11000000 6 15.174058 1327.564994 1345.269931 
0.044125 11000000 6 14.280316 slurmstepd: error: *** JOB 4225490 ON cn2 CANCELLED AT 2023-09-09T22:21:13 ***
