
EPSILON | NUMPOINTS | RP | Construct T | Kernel T | Total T

src/launcher.cu(3749): warning #550-D: variable "bufferSizes" was set but never used
      unsigned long long bufferSizes[NUMSTREAMS];
                         ^

Remark: The warnings can be suppressed with "-diag-suppress <warning-number>"



 _______________ 256 _____ 1024 ______1 ______________________



MSD ________________________________________________________________


0.007600 515345 6 1.093134 6437 137.633655 690093690986 138.850216 
0.009130 515345 6 1.477283 3456 159.235314 881232643462 160.839790 
0.011334 515345 6 1.065833 1944 183.682494 1248279488350 184.870906 src/launcher.cu(3749): warning #550-D: variable "bufferSizes" was set but never used
      unsigned long long bufferSizes[NUMSTREAMS];
                         ^

Remark: The warnings can be suppressed with "-diag-suppress <warning-number>"



Wave __________________________________________________


0.005400 287999 6 0.801921 1614 32.639948 169762901657 33.509546 
0.007020 287999 6 0.754673 577 42.479524 250235145905 43.297079 
0.008358 287999 6 0.855987 308 45.092930 324901063057 46.019375 

BIGCROSS____________________________________________________________


0.013100 11620300 6 16.879779 10080 7449.353360 32498725324110 7470.195149 
0.019940 11620300 6 16.674706 2883 18920.254308 82856338494904 18940.828265 
0.028100 11620300 6 16.445696 1188 36260.895357 160364428702186 36281.326473 

SUSY ________________________________________________________________


0.017030 5000000 6 5.416547 45078 2866.232050 13926540507368 2872.766125 
0.020780 5000000 6 5.249117 23323 5649.812641 28281082870692 5656.232014 
0.025555 5000000 6 5.004251 13882 slurmstepd: error: *** JOB 5768844 ON cn2 CANCELLED AT 2023-10-15T10:19:15 ***
