
EPSILON | NUMPOINTS | RP | Construct T | Kernel T | Total T



 _______________ 256 _____ 1024 ______1 ______________________



MSD ________________________________________________________________


0.007600 515345 6 1.102169 8417 2.798230 131620689 4.024223 
0.009130 515345 6 1.128493 5556 4.804728 526971289 6.050884 
0.011334 515345 6 1.350232 3493 11.207024 2119984377 12.677740 

Wave __________________________________________________


0.005400 287999 6 0.900615 2909 0.478805 74145223 1.453874 
0.007020 287999 6 0.892808 1587 1.143840 296550643 2.103213 
0.008358 287999 6 0.893654 1058 2.808572 1175790333 3.771109 

BIGCROSS____________________________________________________________


0.013100 11620300 6 18.122892 52941 23.494967 2989546486 45.665942 
0.019940 11620300 6 18.385313 17928 62.877241 12015645920 85.241935 
0.028100 11620300 6 17.782824 6661 163.256256 47684544042 185.006217 

SUSY ________________________________________________________________


0.017030 5000000 6 5.375993 39529 37.395940 1276531250 43.894834 
0.020780 5000000 6 5.534324 20184 72.882538 5078904052 79.570198 
0.025555 5000000 6 5.521723 13113 132.403373 20296655478 139.127939 

HIGGS ________________________________________________________________


0.049186 11000000 6 12.560694 1141 1422.560540 2829176458 1438.774379 
0.055580 11000000 6 12.328335 813 1618.770245 11290229520 1634.729170 
0.063117 11000000 6 12.422634 703 1856.086649 45284147572 1872.138922 