
EPSILON | NUMPOINTS | RP | Construct T | Kernel T | Total T



 _______________ 32 _____ 1024 ____________________________



MSD ________________________________________________________________


0.007000 515345 6 1.368342 3.066690 4.549041 
0.007525 515345 6 1.359626 3.936302 5.416666 
0.008050 515345 6 1.352756 4.942812 6.412529 
0.008575 515345 6 1.655533 6.117253 7.893426 
0.009100 515345 6 1.549197 7.363207 9.027794 

Census____________________________________________________________


0.001000 2458285 6 10.298165 3.339269 14.253398 
0.003250 2458285 6 7.108814 5.142290 12.710185 
0.005500 2458285 6 6.813076 13.017217 20.277778 
0.007750 2458285 6 7.576961 25.058652 33.091805 
0.010000 2458285 6 6.986270 main: src/launcher.cu:3758: neighborTable* launchCOSS(unsigned int**, unsigned int, unsigned int**, unsigned int, unsigned int*, unsigned int*, double*, unsigned int, double, unsigned int*): Assertion `cudaSuccess == cudaMemcpyAsync(&keyValueIndex[i], &d_keyValueIndex[i], sizeof(unsigned long long ), cudaMemcpyDeviceToHost, stream[tid])' failed.
/var/spool/slurm/slurmd/job4225656/slurm_script: line 82: 1563392 Aborted                 (core dumped) ./build/main /scratch/bwd29/data/USC_Normalized_No1Col.bin 68 7 $j


Wave __________________________________________________


0.002000 287999 6 0.843001 0.388941 1.290240 
0.003250 287999 6 0.441856 0.438985 0.939671 
0.004500 287999 6 0.449669 0.550167 1.058233 
0.005750 287999 6 0.580813 0.811718 1.453047 
0.007000 287999 6 0.479862 1.573323 2.113146 

BIGCROSS____________________________________________________________


0.001000 11620300 6 39.401792 13.347548 56.217516 
0.005750 11620300 6 21.096163 18.873902 43.084125 
0.010500 11620300 6 21.052473 46.100524 70.259493 
0.015250 11620300 6 21.832645 121.801383 146.670910 
0.020000 11620300 6 20.900782 208.657764 232.612729 

SUSY ________________________________________________________________


0.010000 5000000 6 5.036134 12.692825 18.543273 
0.012750 5000000 6 4.858384 24.043780 29.759493 
0.015500 5000000 6 4.485756 45.894503 51.240706 
0.018250 5000000 6 4.619960 84.214966 89.705839 
0.021000 5000000 6 4.531129 135.364706 140.771615 

HIGGS ________________________________________________________________


0.010000 11000000 6 15.410157 40.036789 58.046956 
0.021375 11000000 6 14.436805 476.484508 493.478733 
0.032750 11000000 6 14.202474 1341.247424 1358.018190 
0.044125 11000000 6 14.509080 2244.910540 2261.937154 
0.055500 11000000 6 14.082918 2893.369673 2910.044261 
Tiny____________________________________________________


0.200000 5000000 6 47.721600 312.324079 362.098011 
0.260000 5000000 6 57.623770 755.755483 815.441657 
0.320000 5000000 6 54.515561 1462.594794 1519.174509 
0.380000 5000000 6 49.431793 main: src/launcher.cu:3758: neighborTable* launchCOSS(unsigned int**, unsigned int, unsigned int**, unsigned int, unsigned int*, unsigned int*, double*, unsigned int, double, unsigned int*): Assertion `cudaSuccess == cudaMemcpyAsync(&keyValueIndex[i], &d_keyValueIndex[i], sizeof(unsigned long long ), cudaMemcpyDeviceToHost, stream[tid])' failed.
/var/spool/slurm/slurmd/job4225656/slurm_script: line 135: 1694585 Aborted                 (core dumped) ./build/main /scratch/bwd29/data/TINY_Normalized.bin 384 7 $j

0.440000 5000000 6 49.934884 main: src/launcher.cu:3758: neighborTable* launchCOSS(unsigned int**, unsigned int, unsigned int**, unsigned int, unsigned int*, unsigned int*, double*, unsigned int, double, unsigned int*): Assertion `cudaSuccess == cudaMemcpyAsync(&keyValueIndex[i], &d_keyValueIndex[i], sizeof(unsigned long long ), cudaMemcpyDeviceToHost, stream[tid])' failed.
/var/spool/slurm/slurmd/job4225656/slurm_script: line 135: 1709339 Aborted                 (core dumped) ./build/main /scratch/bwd29/data/TINY_Normalized.bin 384 7 $j
