
EPSILON | NUMPOINTS | RP | Construct T | Kernel T | Total T



 _______________ 256 _____ 1024 ______1 ______________________



MSD ________________________________________________________________


0.007600 515345 2 0.802373 305 2.764293 131620689 3.740604 
0.009130 515345 2 0.954076 203 4.816180 526971289 5.914658 
0.011334 515345 2 0.926859 165 11.088364 2119984377 12.164289 

Wave __________________________________________________


0.005400 287999 2 0.435463 191 0.405692 74145223 0.918771 
0.007020 287999 2 0.453512 124 1.071417 296550643 1.602306 
0.008358 287999 2 0.433489 94 2.727253 1175790333 3.237693 

BIGCROSS____________________________________________________________


0.013100 11620300 2 12.538208 973 48.960880 2989546486 65.480862 
0.019940 11620300 2 13.025748 446 126.996892 12015645920 144.035750 
0.028100 11620300 2 12.456385 238 301.218181 47684544042 317.678700 

SUSY ________________________________________________________________


0.017030 5000000 2 3.361913 251 83.559459 1276531250 88.055740 
0.020780 5000000 2 3.338808 180 122.699366 5078904052 127.171377 
0.025555 5000000 2 3.309101 130 194.227803 20296655478 198.683992 

HIGGS ________________________________________________________________


0.049186 11000000 2 7.896225 25 1489.145866 2829176458 1500.678419 
0.055580 11000000 2 7.600871 29 1644.017413 11290229520 1655.253990 
0.063117 11000000 2 7.568273 42 1862.392801 45284147572 1873.453929 

 _______________ 256 _____ 1024 ______1 ______________________



MSD ________________________________________________________________


0.007600 515345 4 0.904065 2781 2.623757 131620689 3.688817 
0.009130 515345 4 1.200445 1988 4.830104 526971289 6.151105 
0.011334 515345 4 0.919348 1262 11.180284 2119984377 12.255933 

Wave __________________________________________________


0.005400 287999 4 0.690744 891 0.413973 74145223 1.183345 
0.007020 287999 4 0.731410 495 1.132945 296550643 1.942229 
0.008358 287999 4 0.726930 385 2.729909 1175790333 3.535662 

BIGCROSS____________________________________________________________


0.013100 11620300 4 15.539765 18502 21.030615 2989546486 40.582186 
0.019940 11620300 4 16.018837 6027 71.165404 12015645920 91.173812 
0.028100 11620300 4 15.425182 2526 198.486171 47684544042 217.919043 

SUSY ________________________________________________________________


0.017030 5000000 4 4.118978 6099 44.930496 1276531250 50.222415 
0.020780 5000000 4 4.453991 3652 80.075843 5078904052 85.682182 
0.025555 5000000 4 4.011656 2141 150.396421 20296655478 155.556849 

HIGGS ________________________________________________________________


0.049186 11000000 4 9.890753 277 1490.968157 2829176458 1504.518000 
0.055580 11000000 4 9.644525 173 1622.850189 11290229520 1636.176904 
0.063117 11000000 4 10.199498 204 1894.779033 45284147572 1908.574437 

 _______________ 256 _____ 1024 ______1 ______________________



MSD ________________________________________________________________


0.007600 515345 6 1.094415 8417 2.697329 131620689 3.910777 
0.009130 515345 6 1.475476 5556 4.785566 526971289 6.383619 
0.011334 515345 6 1.121527 3493 11.152416 2119984377 12.395946 

Wave __________________________________________________


0.005400 287999 6 0.914728 2909 0.454289 74145223 1.436626 
0.007020 287999 6 0.631243 1587 1.134486 296550643 1.838416 
0.008358 287999 6 0.710709 1058 2.735093 1175790333 3.513164 

BIGCROSS____________________________________________________________


0.013100 11620300 6 18.131995 52941 19.729879 2989546486 42.096359 
0.019940 11620300 6 18.495878 17928 60.632357 12015645920 83.068969 
0.028100 11620300 6 18.623420 6661 162.958986 47684544042 185.553445 

SUSY ________________________________________________________________


0.017030 5000000 6 5.303298 39529 27.111353 1276531250 33.546601 
0.020780 5000000 6 5.600470 20184 55.582110 5078904052 62.325047 
0.025555 5000000 6 5.547281 13113 101.712625 20296655478 108.400834 

HIGGS ________________________________________________________________


0.049186 11000000 6 12.726424 1141 1469.417533 2829176458 1485.651160 
0.055580 11000000 6 12.170129 813 1643.543437 11290229520 1659.203563 
0.063117 11000000 6 12.250954 703 1877.907389 45284147572 1893.635272 

 _______________ 256 _____ 1024 ______1 ______________________



MSD ________________________________________________________________


0.007600 515345 8 1.816585 16508 4.215003 131620689 6.160988 
0.009130 515345 8 1.334638 11891 5.906429 526971289 7.363796 
0.011334 515345 8 1.308755 6970 11.650419 2119984377 13.077729 

Wave __________________________________________________


0.005400 287999 8 0.807796 7900 1.300516 74145223 2.174278 
0.007020 287999 8 1.056405 3851 1.587247 296550643 2.740162 
0.008358 287999 8 1.132584 2464 3.199867 1175790333 4.412203 

BIGCROSS____________________________________________________________


0.013100 11620300 8 21.560514 92234 36.784531 2989546486 62.346722 
0.019940 11620300 8 20.888669 28507 76.686881 12015645920 101.633586 
0.028100 11620300 8 21.646111 10262 194.527287 47684544042 220.186938 

SUSY ________________________________________________________________


0.017030 5000000 8 6.438669 175248 27.173825 1276531250 34.789975 
0.020780 5000000 8 6.670877 104794 49.402966 5078904052 57.191956 
0.025555 5000000 8 6.653566 53479 92.387073 20296655478 100.181019 

HIGGS ________________________________________________________________


0.049186 11000000 8 15.051848 3841 1482.841101 2829176458 1501.373936 
0.055580 11000000 8 15.278354 2569 1672.229810 11290229520 1690.974953 
0.063117 11000000 8 15.492516 1688 1904.434819 45284147572 1923.467216 

 _______________ 256 _____ 1024 ______1 ______________________



MSD ________________________________________________________________


0.007600 515345 10 1.563966 26917 23.747628 131620689 25.432366 
0.009130 515345 10 1.515071 20429 21.341404 526971289 22.977254 
0.011334 515345 10 1.435186 11611 24.648095 2119984377 26.203735 

Wave __________________________________________________


0.005400 287999 10 0.724890 15994 10.955623 74145223 11.746595 
0.007020 287999 10 1.407675 6963 11.366593 296550643 12.859862 
0.008358 287999 10 0.963000 4800 11.014825 1175790333 12.043099 

BIGCROSS____________________________________________________________


0.013100 11620300 10 25.167562 159701 258.858779 2989546486 288.040486 
0.019940 11620300 10 25.116470 56728 221.947551 12015645920 250.981859 
0.028100 11620300 10 23.712635 22023 284.901758 47684544042 312.540808 

SUSY ________________________________________________________________


0.017030 5000000 10 9.631180 513483 165.032279 1276531250 175.763171 
0.020780 5000000 10 8.288657 267809 162.288668 5078904052 171.766615 
0.025555 5000000 10 7.716225 117940 171.399675 20296655478 180.272689 

HIGGS ________________________________________________________________


0.049186 11000000 10 17.990912 11066 1561.018029 2829176458 1582.583954 
0.055580 11000000 10 17.609320 6334 1780.697620 11290229520 1801.794357 
0.063117 11000000 10 17.191701 3963 2016.949228 45284147572 2037.732415 