rm -f build/main build/*.o
nvcc  -lcuda -Xcompiler -fopenmp -arch=compute_80 -code=sm_80 -O3 -I. -c -o build/main.o src/main.cu -lm
nvcc  -lcuda -Xcompiler -fopenmp -arch=compute_80 -code=sm_80 -O3 -I. -c -o build/launcher.o src/launcher.cu -lm
nvcc  -lcuda -Xcompiler -fopenmp -arch=compute_80 -code=sm_80 -O3 -I. -c -o build/kernel.o src/kernel.cu
nvcc  -lcuda -Xcompiler -fopenmp -arch=compute_80 -code=sm_80 -O3 -I. -c -o build/nodes.o src/nodes.cu -lm
nvcc  -lcuda -Xcompiler -fopenmp -arch=compute_80 -code=sm_80 -O3 -I. -c -o build/tree.o src/tree.cu -lm
nvcc  -lcuda -Xcompiler -fopenmp -arch=compute_80 -code=sm_80 -O3 -I. -c -o build/utils.o src/utils.cu -lm
nvcc  -lcuda -Xcompiler -fopenmp -arch=compute_80 -code=sm_80 -O3 -I. -o build/main build/main.o build/launcher.o build/kernel.o build/nodes.o build/tree.o build/utils.o
MSD ________________________________________________________________
MSD ________________________________________________________________

Time to read in file: 0.287905

Number points: 515345 
Number Dimensions: 90 
Number Concurent Streams: 2
Block Size: 1024, Kernel Blocks: 1024
Using using binary searches
Distance Threshold: 0.007000 
*********************************

Predicted calcsPerSecond: 9073957903
SubGraph 0 Layer 0 Selecting RP 1 with Nodes: 21 and calcs: 170979007977 :: Predicted time: 0.000000, Actual Time: 0.015888
Build Time: 0.015888, Calc Time: 18.842826, reduction -18.842826
############################################
Predicted calcsPerSecond: 9078534585
SubGraph 0 Layer 1 Selecting RP 3 with Nodes: 60 and calcs: 149860162609 :: Predicted time: 0.015888, Actual Time: 0.029289
Build Time: 0.029289, Calc Time: 16.507087, reduction 2.335739
############################################
Predicted calcsPerSecond: 9081684342
SubGraph 0 Layer 2 Selecting RP 1 with Nodes: 123 and calcs: 139008172495 :: Predicted time: 0.029289, Actual Time: 0.015719
Build Time: 0.015719, Calc Time: 15.306431, reduction 1.200657
############################################
Predicted calcsPerSecond: 9091995553
SubGraph 0 Layer 3 Selecting RP 1 with Nodes: 217 and calcs: 129775808043 :: Predicted time: 0.015719, Actual Time: 0.017371
Build Time: 0.017371, Calc Time: 14.273633, reduction 1.032798
############################################
Predicted calcsPerSecond: 9097125512
SubGraph 0 Layer 4 Selecting RP 1 with Nodes: 326 and calcs: 124080002709 :: Predicted time: 0.017371, Actual Time: 0.045311
Build Time: 0.045311, Calc Time: 13.639474, reduction 0.634159
############################################
Predicted calcsPerSecond: 9095678934
SubGraph 0 Layer 5 Selecting RP 1 with Nodes: 489 and calcs: 119576095503 :: Predicted time: 0.045311, Actual Time: 0.016587
Build Time: 0.016587, Calc Time: 13.146473, reduction 0.493001
############################################
Predicted calcsPerSecond: 9106790653
SubGraph 0 Layer 6 Selecting RP 5 with Nodes: 669 and calcs: 116543627597 :: Predicted time: 0.016587, Actual Time: 0.018492
Build Time: 0.018492, Calc Time: 12.797442, reduction 0.349031
############################################
Predicted calcsPerSecond: 9110456368
SubGraph 0 Layer 7 Selecting RP 3 with Nodes: 910 and calcs: 114004585017 :: Predicted time: 0.018492, Actual Time: 0.025231
Build Time: 0.025231, Calc Time: 12.513598, reduction 0.283845
############################################
Predicted calcsPerSecond: 9102056855
SubGraph 0 Layer 8 Selecting RP 3 with Nodes: 1130 and calcs: 112390412367 :: Predicted time: 0.025231, Actual Time: 0.033228
Build Time: 0.033228, Calc Time: 12.347804, reduction 0.165794
############################################
Predicted calcsPerSecond: 9110754566
SubGraph 0 Layer 9 Selecting RP 5 with Nodes: 1392 and calcs: 111189005735 :: Predicted time: 0.033228, Actual Time: 0.051674
Build Time: 0.051674, Calc Time: 12.204149, reduction 0.143655
############################################
Predicted calcsPerSecond: 9096037265
SubGraph 0 Layer 10 Selecting RP 2 with Nodes: 1667 and calcs: 109498184001 :: Predicted time: 0.051674, Actual Time: 0.081776
Build Time: 0.081776, Calc Time: 12.038010, reduction 0.166139
############################################
Predicted calcsPerSecond: 9112103984
SubGraph 0 Layer 11 Selecting RP 3 with Nodes: 1890 and calcs: 108778791561 :: Predicted time: 0.081776, Actual Time: 0.088195
Build Time: 0.088195, Calc Time: 11.937835, reduction 0.100175
############################################
Predicted calcsPerSecond: 9050772327
SubGraph 0 Layer 12 Selecting RP 4 with Nodes: 2202 and calcs: 107876911003 :: Predicted time: 0.088195, Actual Time: 0.106354
Build Time: 0.106354, Calc Time: 11.919083, reduction 0.018751
############################################
Final graph has 2202 nodes, 107876911003 calcs total
Node Construct time: 1.304000
Batchs: 2
Total results Set Size: 65915313 
Node Laucnher time: 3.927008
Total Time: 4.429690

Time to read in file: 0.094828

Number points: 515345 
Number Dimensions: 90 
Number Concurent Streams: 2
Block Size: 1024, Kernel Blocks: 1024
Using using binary searches
Distance Threshold: 0.007525 
*********************************

Predicted calcsPerSecond: 9072030671
SubGraph 0 Layer 0 Selecting RP 1 with Nodes: 20 and calcs: 177585998311 :: Predicted time: 0.000000, Actual Time: 0.015389
Build Time: 0.015389, Calc Time: 19.575110, reduction -19.575110
############################################
Predicted calcsPerSecond: 9085759356
SubGraph 0 Layer 1 Selecting RP 5 with Nodes: 68 and calcs: 158803937551 :: Predicted time: 0.015389, Actual Time: 0.036099
Build Time: 0.036099, Calc Time: 17.478334, reduction 2.096776
############################################
Predicted calcsPerSecond: 9105718180
SubGraph 0 Layer 2 Selecting RP 3 with Nodes: 131 and calcs: 148513057549 :: Predicted time: 0.036099, Actual Time: 0.014691
Build Time: 0.014691, Calc Time: 16.309868, reduction 1.168467
############################################
Predicted calcsPerSecond: 9110719769
SubGraph 0 Layer 3 Selecting RP 1 with Nodes: 234 and calcs: 137677365371 :: Predicted time: 0.014691, Actual Time: 0.015194
Build Time: 0.015194, Calc Time: 15.111579, reduction 1.198288
############################################
Predicted calcsPerSecond: 9091620201
SubGraph 0 Layer 4 Selecting RP 7 with Nodes: 358 and calcs: 133010189565 :: Predicted time: 0.015194, Actual Time: 0.021629
Build Time: 0.021629, Calc Time: 14.629976, reduction 0.481603
############################################
Predicted calcsPerSecond: 9097395972
SubGraph 0 Layer 5 Selecting RP 1 with Nodes: 539 and calcs: 127316136919 :: Predicted time: 0.021629, Actual Time: 0.017026
Build Time: 0.017026, Calc Time: 13.994789, reduction 0.635187
############################################
Predicted calcsPerSecond: 9083871179
SubGraph 0 Layer 6 Selecting RP 1 with Nodes: 680 and calcs: 125195795947 :: Predicted time: 0.017026, Actual Time: 0.019223
Build Time: 0.019223, Calc Time: 13.782207, reduction 0.212582
############################################
Predicted calcsPerSecond: 9090398808
SubGraph 0 Layer 7 Selecting RP 3 with Nodes: 901 and calcs: 122849642555 :: Predicted time: 0.019223, Actual Time: 0.025639
Build Time: 0.025639, Calc Time: 13.514219, reduction 0.267988
############################################
Predicted calcsPerSecond: 9083637103
SubGraph 0 Layer 8 Selecting RP 1 with Nodes: 1060 and calcs: 120833241637 :: Predicted time: 0.025639, Actual Time: 0.034562
Build Time: 0.034562, Calc Time: 13.302297, reduction 0.211922
############################################
Predicted calcsPerSecond: 9115562544
SubGraph 0 Layer 9 Selecting RP 5 with Nodes: 1289 and calcs: 119524198435 :: Predicted time: 0.034562, Actual Time: 0.038705
Build Time: 0.038705, Calc Time: 13.112103, reduction 0.190194
############################################
Predicted calcsPerSecond: 9117941927
SubGraph 0 Layer 10 Selecting RP 2 with Nodes: 1541 and calcs: 117590187375 :: Predicted time: 0.038705, Actual Time: 0.077671
Build Time: 0.077671, Calc Time: 12.896571, reduction 0.215532
############################################
Predicted calcsPerSecond: 9106815524
SubGraph 0 Layer 11 Selecting RP 2 with Nodes: 1713 and calcs: 116918749089 :: Predicted time: 0.077671, Actual Time: 0.069482
Build Time: 0.069482, Calc Time: 12.838599, reduction 0.057973
############################################
Final graph has 1713 nodes, 116918749089 calcs total
Node Construct time: 1.021434
Batchs: 2
Total results Set Size: 121384099 
Node Laucnher time: 4.514681
Total Time: 5.020277

Time to read in file: 0.080801

Number points: 515345 
Number Dimensions: 90 
Number Concurent Streams: 2
Block Size: 1024, Kernel Blocks: 1024
Using using binary searches
Distance Threshold: 0.008050 
*********************************

Predicted calcsPerSecond: 9101168179
SubGraph 0 Layer 0 Selecting RP 2 with Nodes: 20 and calcs: 185481056983 :: Predicted time: 0.000000, Actual Time: 0.015372
Build Time: 0.015372, Calc Time: 20.379918, reduction -20.379918
############################################
Predicted calcsPerSecond: 9106784875
SubGraph 0 Layer 1 Selecting RP 2 with Nodes: 49 and calcs: 166462369995 :: Predicted time: 0.015372, Actual Time: 0.028232
Build Time: 0.028232, Calc Time: 18.278940, reduction 2.100978
############################################
Predicted calcsPerSecond: 9104086587
SubGraph 0 Layer 2 Selecting RP 1 with Nodes: 98 and calcs: 155725370431 :: Predicted time: 0.028232, Actual Time: 0.015891
Build Time: 0.015891, Calc Time: 17.104997, reduction 1.173943
############################################
Predicted calcsPerSecond: 9110611258
SubGraph 0 Layer 3 Selecting RP 1 with Nodes: 178 and calcs: 145253277755 :: Predicted time: 0.015891, Actual Time: 0.018130
Build Time: 0.018130, Calc Time: 15.943308, reduction 1.161689
############################################
Predicted calcsPerSecond: 9103014659
SubGraph 0 Layer 4 Selecting RP 7 with Nodes: 272 and calcs: 140866333045 :: Predicted time: 0.018130, Actual Time: 0.026023
Build Time: 0.026023, Calc Time: 15.474690, reduction 0.468617
############################################
Predicted calcsPerSecond: 9103373811
SubGraph 0 Layer 5 Selecting RP 1 with Nodes: 388 and calcs: 137091205829 :: Predicted time: 0.026023, Actual Time: 0.015052
Build Time: 0.015052, Calc Time: 15.059384, reduction 0.415306
############################################
Predicted calcsPerSecond: 9099200533
SubGraph 0 Layer 6 Selecting RP 5 with Nodes: 532 and calcs: 134204713665 :: Predicted time: 0.015052, Actual Time: 0.016688
Build Time: 0.016688, Calc Time: 14.749066, reduction 0.310318
############################################
Predicted calcsPerSecond: 9097012654
SubGraph 0 Layer 7 Selecting RP 3 with Nodes: 760 and calcs: 131544057575 :: Predicted time: 0.016688, Actual Time: 0.022369
Build Time: 0.022369, Calc Time: 14.460138, reduction 0.288929
############################################
Predicted calcsPerSecond: 9099370902
SubGraph 0 Layer 8 Selecting RP 1 with Nodes: 926 and calcs: 128931015769 :: Predicted time: 0.022369, Actual Time: 0.032412
Build Time: 0.032412, Calc Time: 14.169223, reduction 0.290915
############################################
Predicted calcsPerSecond: 9090986888
SubGraph 0 Layer 9 Selecting RP 0 with Nodes: 1118 and calcs: 127399720333 :: Predicted time: 0.032412, Actual Time: 0.018571
Build Time: 0.018571, Calc Time: 14.013849, reduction 0.155374
############################################
Predicted calcsPerSecond: 9100597133
SubGraph 0 Layer 10 Selecting RP 8 with Nodes: 1366 and calcs: 125896598495 :: Predicted time: 0.018571, Actual Time: 0.055872
Build Time: 0.055872, Calc Time: 13.833883, reduction 0.179966
############################################
Predicted calcsPerSecond: 9110246508
SubGraph 0 Layer 11 Selecting RP 5 with Nodes: 1565 and calcs: 125172774401 :: Predicted time: 0.055872, Actual Time: 0.062638
Build Time: 0.062638, Calc Time: 13.739779, reduction 0.094104
############################################
Predicted calcsPerSecond: 9111554200
SubGraph 0 Layer 12 Selecting RP 4 with Nodes: 1884 and calcs: 124075306519 :: Predicted time: 0.062638, Actual Time: 0.083220
Build Time: 0.083220, Calc Time: 13.617359, reduction 0.122420
############################################
Predicted calcsPerSecond: 9111450818
SubGraph 0 Layer 13 Selecting RP 2 with Nodes: 2128 and calcs: 123335502953 :: Predicted time: 0.083220, Actual Time: 0.132461
Build Time: 0.132461, Calc Time: 13.536319, reduction 0.081040
############################################
Final graph has 2128 nodes, 123335502953 calcs total
Node Construct time: 1.344673
Batchs: 2
Total results Set Size: 207932133 
Node Laucnher time: 5.677221
Total Time: 6.179496

Time to read in file: 0.079496

Number points: 515345 
Number Dimensions: 90 
Number Concurent Streams: 2
Block Size: 1024, Kernel Blocks: 1024
Using using binary searches
Distance Threshold: 0.008575 
*********************************

Predicted calcsPerSecond: 9076487755
SubGraph 0 Layer 0 Selecting RP 1 with Nodes: 18 and calcs: 191503325863 :: Predicted time: 0.000000, Actual Time: 0.014386
Build Time: 0.014386, Calc Time: 21.098836, reduction -21.098836
############################################
Predicted calcsPerSecond: 9093551527
SubGraph 0 Layer 1 Selecting RP 1 with Nodes: 58 and calcs: 171337397771 :: Predicted time: 0.014386, Actual Time: 0.035765
Build Time: 0.035765, Calc Time: 18.841637, reduction 2.257199
############################################
Predicted calcsPerSecond: 9095934681
SubGraph 0 Layer 2 Selecting RP 1 with Nodes: 105 and calcs: 162079090077 :: Predicted time: 0.035765, Actual Time: 0.015650
Build Time: 0.015650, Calc Time: 17.818849, reduction 1.022788
############################################
Predicted calcsPerSecond: 9102790020
SubGraph 0 Layer 3 Selecting RP 1 with Nodes: 170 and calcs: 153617511199 :: Predicted time: 0.015650, Actual Time: 0.014007
Build Time: 0.014007, Calc Time: 16.875871, reduction 0.942978
############################################
Predicted calcsPerSecond: 9001291729
SubGraph 0 Layer 4 Selecting RP 7 with Nodes: 254 and calcs: 148977654501 :: Predicted time: 0.014007, Actual Time: 0.037807
Build Time: 0.037807, Calc Time: 16.550697, reduction 0.325174
############################################
Predicted calcsPerSecond: 9001070294
SubGraph 0 Layer 5 Selecting RP 1 with Nodes: 390 and calcs: 143698129447 :: Predicted time: 0.037807, Actual Time: 0.016420
Build Time: 0.016420, Calc Time: 15.964560, reduction 0.586137
############################################
Predicted calcsPerSecond: 9028713694
SubGraph 0 Layer 6 Selecting RP 5 with Nodes: 516 and calcs: 141380708171 :: Predicted time: 0.016420, Actual Time: 0.015919
Build Time: 0.015919, Calc Time: 15.659009, reduction 0.305551
############################################
Predicted calcsPerSecond: 9028420033
SubGraph 0 Layer 7 Selecting RP 3 with Nodes: 709 and calcs: 139396701737 :: Predicted time: 0.015919, Actual Time: 0.019033
Build Time: 0.019033, Calc Time: 15.439767, reduction 0.219242
############################################
Predicted calcsPerSecond: 9024826217
SubGraph 0 Layer 8 Selecting RP 1 with Nodes: 852 and calcs: 137536270091 :: Predicted time: 0.019033, Actual Time: 0.026233
Build Time: 0.026233, Calc Time: 15.239769, reduction 0.199998
############################################
Predicted calcsPerSecond: 9043947408
SubGraph 0 Layer 9 Selecting RP 1 with Nodes: 997 and calcs: 135897534261 :: Predicted time: 0.026233, Actual Time: 0.027973
Build Time: 0.027973, Calc Time: 15.026352, reduction 0.213418
############################################
Predicted calcsPerSecond: 9070911867
SubGraph 0 Layer 10 Selecting RP 2 with Nodes: 1241 and calcs: 133826399615 :: Predicted time: 0.027973, Actual Time: 0.044638
Build Time: 0.044638, Calc Time: 14.753357, reduction 0.272995
############################################
Predicted calcsPerSecond: 9070535879
SubGraph 0 Layer 11 Selecting RP 2 with Nodes: 1430 and calcs: 133046250459 :: Predicted time: 0.044638, Actual Time: 0.052441
Build Time: 0.052441, Calc Time: 14.667959, reduction 0.085398
############################################
Predicted calcsPerSecond: 9064026986
SubGraph 0 Layer 12 Selecting RP 4 with Nodes: 1712 and calcs: 131919015945 :: Predicted time: 0.052441, Actual Time: 0.077902
Build Time: 0.077902, Calc Time: 14.554129, reduction 0.113830
############################################
Predicted calcsPerSecond: 9070704676
SubGraph 0 Layer 13 Selecting RP 2 with Nodes: 1936 and calcs: 131170941807 :: Predicted time: 0.077902, Actual Time: 0.110564
Build Time: 0.110564, Calc Time: 14.460943, reduction 0.093186
############################################
Final graph has 1936 nodes, 131170941807 calcs total
Node Construct time: 1.312634
Batchs: 3
Total results Set Size: 335507787 
Node Laucnher time: 7.025791
Total Time: 7.529289

Time to read in file: 0.079915

Number points: 515345 
Number Dimensions: 90 
Number Concurent Streams: 2
Block Size: 1024, Kernel Blocks: 1024
Using using binary searches
Distance Threshold: 0.009100 
*********************************

Predicted calcsPerSecond: 9063068599
SubGraph 0 Layer 0 Selecting RP 1 with Nodes: 17 and calcs: 197994635393 :: Predicted time: 0.000000, Actual Time: 0.013894
Build Time: 0.013894, Calc Time: 21.846313, reduction -21.846313
############################################
Predicted calcsPerSecond: 9082933512
SubGraph 0 Layer 1 Selecting RP 6 with Nodes: 57 and calcs: 181835460273 :: Predicted time: 0.013894, Actual Time: 0.035282
Build Time: 0.035282, Calc Time: 20.019464, reduction 1.826849
############################################
Predicted calcsPerSecond: 9078461392
SubGraph 0 Layer 2 Selecting RP 1 with Nodes: 111 and calcs: 171457913779 :: Predicted time: 0.035282, Actual Time: 0.014987
Build Time: 0.014987, Calc Time: 18.886230, reduction 1.133234
############################################
Predicted calcsPerSecond: 9083966389
SubGraph 0 Layer 3 Selecting RP 1 with Nodes: 176 and calcs: 161211297375 :: Predicted time: 0.014987, Actual Time: 0.013764
Build Time: 0.013764, Calc Time: 17.746796, reduction 1.139435
############################################
Predicted calcsPerSecond: 8960300592
SubGraph 0 Layer 4 Selecting RP 7 with Nodes: 251 and calcs: 157997765075 :: Predicted time: 0.013764, Actual Time: 0.020785
Build Time: 0.020785, Calc Time: 17.633088, reduction 0.113708
############################################
Predicted calcsPerSecond: 8989298463
SubGraph 0 Layer 5 Selecting RP 1 with Nodes: 376 and calcs: 152391504645 :: Predicted time: 0.020785, Actual Time: 0.015251
Build Time: 0.015251, Calc Time: 16.952547, reduction 0.680541
############################################
Predicted calcsPerSecond: 9006933772
SubGraph 0 Layer 6 Selecting RP 2 with Nodes: 476 and calcs: 149818884943 :: Predicted time: 0.015251, Actual Time: 0.013094
Build Time: 0.013094, Calc Time: 16.633728, reduction 0.318819
############################################
Predicted calcsPerSecond: 9030436080
SubGraph 0 Layer 7 Selecting RP 7 with Nodes: 626 and calcs: 147854988681 :: Predicted time: 0.013094, Actual Time: 0.018427
Build Time: 0.018427, Calc Time: 16.372962, reduction 0.260766
############################################
Predicted calcsPerSecond: 9014231958
SubGraph 0 Layer 8 Selecting RP 2 with Nodes: 756 and calcs: 145892674049 :: Predicted time: 0.018427, Actual Time: 0.024263
Build Time: 0.024263, Calc Time: 16.184704, reduction 0.188258
############################################
Predicted calcsPerSecond: 9046119150
SubGraph 0 Layer 9 Selecting RP 1 with Nodes: 914 and calcs: 144172469429 :: Predicted time: 0.024263, Actual Time: 0.024252
Build Time: 0.024252, Calc Time: 15.937494, reduction 0.247210
############################################
Predicted calcsPerSecond: 9053962605
SubGraph 0 Layer 10 Selecting RP 8 with Nodes: 1150 and calcs: 142501832035 :: Predicted time: 0.024252, Actual Time: 0.045502
Build Time: 0.045502, Calc Time: 15.739167, reduction 0.198327
############################################
Predicted calcsPerSecond: 9070895997
SubGraph 0 Layer 11 Selecting RP 5 with Nodes: 1359 and calcs: 141748885439 :: Predicted time: 0.045502, Actual Time: 0.059655
Build Time: 0.059655, Calc Time: 15.626779, reduction 0.112388
############################################
Predicted calcsPerSecond: 9033707076
SubGraph 0 Layer 12 Selecting RP 4 with Nodes: 1596 and calcs: 140337485067 :: Predicted time: 0.059655, Actual Time: 0.073724
Build Time: 0.073724, Calc Time: 15.534872, reduction 0.091907
############################################
Predicted calcsPerSecond: 9052422879
SubGraph 0 Layer 13 Selecting RP 2 with Nodes: 1845 and calcs: 139382979989 :: Predicted time: 0.073724, Actual Time: 0.099123
Build Time: 0.099123, Calc Time: 15.397312, reduction 0.137560
############################################
Predicted calcsPerSecond: 9042872165
SubGraph 0 Layer 14 Selecting RP 3 with Nodes: 2090 and calcs: 138666871987 :: Predicted time: 0.099123, Actual Time: 0.136993
Build Time: 0.136993, Calc Time: 15.334384, reduction 0.062928
############################################
Final graph has 2090 nodes, 138666871987 calcs total
Node Construct time: 1.480248
Batchs: 3
Total results Set Size: 514928275 
Node Laucnher time: 9.276334
Total Time: 9.775073
Census____________________________________________________________
Census____________________________________________________________

Time to read in file: 2.076122

Number points: 2458285 
Number Dimensions: 68 
Number Concurent Streams: 2
Block Size: 1024, Kernel Blocks: 1024
Using using binary searches
Distance Threshold: 0.001000 
*********************************

Predicted calcsPerSecond: 11994043297
SubGraph 0 Layer 0 Selecting RP 1 with Nodes: 226 and calcs: 267839562229 :: Predicted time: 0.000000, Actual Time: 0.129901
Build Time: 0.129901, Calc Time: 22.331048, reduction -22.331048
############################################
Predicted calcsPerSecond: 12006254033
SubGraph 0 Layer 1 Selecting RP 8 with Nodes: 5569 and calcs: 49684967055 :: Predicted time: 0.129901, Actual Time: 3.784587
Build Time: 3.784587, Calc Time: 4.138257, reduction 18.192791
############################################
Predicted calcsPerSecond: 12019105737
SubGraph 0 Layer 2 Selecting RP 0 with Nodes: 10186 and calcs: 28853311551 :: Predicted time: 3.784587, Actual Time: 0.121769
Build Time: 0.121769, Calc Time: 2.400620, reduction 1.737637
############################################
Predicted calcsPerSecond: 12017371935
SubGraph 0 Layer 3 Selecting RP 1 with Nodes: 10329 and calcs: 28500904977 :: Predicted time: 0.121769, Actual Time: 0.054594
Build Time: 0.054594, Calc Time: 2.371642, reduction 0.028978
############################################
Final graph has 10329 nodes, 28500904977 calcs total
Node Construct time: 1.997470
Batchs: 3
Total results Set Size: 55650567 
Node Laucnher time: 3.782516
Total Time: 5.583246

Time to read in file: 0.316753

Number points: 2458285 
Number Dimensions: 68 
Number Concurent Streams: 2
Block Size: 1024, Kernel Blocks: 1024
Using using binary searches
Distance Threshold: 0.003250 
*********************************

Predicted calcsPerSecond: 11992805533
SubGraph 0 Layer 0 Selecting RP 1 with Nodes: 71 and calcs: 845568418799 :: Predicted time: 0.000000, Actual Time: 0.052403
Build Time: 0.052403, Calc Time: 70.506306, reduction -70.506306
############################################
Predicted calcsPerSecond: 12003205339
SubGraph 0 Layer 1 Selecting RP 8 with Nodes: 916 and calcs: 366799983833 :: Predicted time: 0.052403, Actual Time: 1.177747
Build Time: 1.177747, Calc Time: 30.558503, reduction 39.947803
############################################
Predicted calcsPerSecond: 12013209551
SubGraph 0 Layer 2 Selecting RP 2 with Nodes: 2374 and calcs: 235701471557 :: Predicted time: 1.177747, Actual Time: 0.119352
Build Time: 0.119352, Calc Time: 19.620191, reduction 10.938311
############################################
Predicted calcsPerSecond: 12013667615
SubGraph 0 Layer 3 Selecting RP 6 with Nodes: 4781 and calcs: 170667439095 :: Predicted time: 0.119352, Actual Time: 0.148186
Build Time: 0.148186, Calc Time: 14.206106, reduction 5.414085
############################################
Predicted calcsPerSecond: 12012063987
SubGraph 0 Layer 4 Selecting RP 6 with Nodes: 7493 and calcs: 134513642389 :: Predicted time: 0.148186, Actual Time: 0.174269
Build Time: 0.174269, Calc Time: 11.198212, reduction 3.007894
############################################
Predicted calcsPerSecond: 12000533811
SubGraph 0 Layer 5 Selecting RP 0 with Nodes: 8805 and calcs: 127565146105 :: Predicted time: 0.174269, Actual Time: 0.146354
Build Time: 0.146354, Calc Time: 10.629956, reduction 0.568256
############################################
Predicted calcsPerSecond: 12010895181
SubGraph 0 Layer 6 Selecting RP 8 with Nodes: 9523 and calcs: 125284874529 :: Predicted time: 0.146354, Actual Time: 0.212502
Build Time: 0.212502, Calc Time: 10.430936, reduction 0.199020
############################################
Final graph has 9523 nodes, 125284874529 calcs total
Node Construct time: 3.533582
Batchs: 3
Total results Set Size: 55650567 
Node Laucnher time: 6.885720
Total Time: 8.688956

Time to read in file: 0.269397

Number points: 2458285 
Number Dimensions: 68 
Number Concurent Streams: 2
Block Size: 1024, Kernel Blocks: 1024
Using using binary searches
Distance Threshold: 0.005500 
*********************************

Predicted calcsPerSecond: 11984835254
SubGraph 0 Layer 0 Selecting RP 1 with Nodes: 43 and calcs: 1364011199683 :: Predicted time: 0.000000, Actual Time: 0.038414
Build Time: 0.038414, Calc Time: 113.811427, reduction -113.811427
############################################
Predicted calcsPerSecond: 11994377057
SubGraph 0 Layer 1 Selecting RP 8 with Nodes: 380 and calcs: 818114099099 :: Predicted time: 0.038414, Actual Time: 0.688915
Build Time: 0.688915, Calc Time: 68.208136, reduction 45.603291
############################################
Predicted calcsPerSecond: 12007667095
SubGraph 0 Layer 2 Selecting RP 6 with Nodes: 942 and calcs: 650095939019 :: Predicted time: 0.688915, Actual Time: 0.093433
Build Time: 0.093433, Calc Time: 54.140070, reduction 14.068066
############################################
Predicted calcsPerSecond: 12004888653
SubGraph 0 Layer 3 Selecting RP 9 with Nodes: 2062 and calcs: 528238697975 :: Predicted time: 0.093433, Actual Time: 0.099572
Build Time: 0.099572, Calc Time: 44.001966, reduction 10.138105
############################################
Predicted calcsPerSecond: 12010937875
SubGraph 0 Layer 4 Selecting RP 6 with Nodes: 3912 and calcs: 425410316367 :: Predicted time: 0.099572, Actual Time: 0.137088
Build Time: 0.137088, Calc Time: 35.418576, reduction 8.583390
############################################
Predicted calcsPerSecond: 12013170106
SubGraph 0 Layer 5 Selecting RP 3 with Nodes: 5775 and calcs: 381098875077 :: Predicted time: 0.137088, Actual Time: 0.232692
Build Time: 0.232692, Calc Time: 31.723423, reduction 3.695153
############################################
Predicted calcsPerSecond: 12018442157
SubGraph 0 Layer 6 Selecting RP 8 with Nodes: 7582 and calcs: 358264609455 :: Predicted time: 0.232692, Actual Time: 0.356448
Build Time: 0.356448, Calc Time: 29.809571, reduction 1.913851
############################################
Predicted calcsPerSecond: 12021917500
SubGraph 0 Layer 7 Selecting RP 4 with Nodes: 9647 and calcs: 338486210573 :: Predicted time: 0.356448, Actual Time: 0.673404
Build Time: 0.673404, Calc Time: 28.155759, reduction 1.653812
############################################
Predicted calcsPerSecond: 12015868022
SubGraph 0 Layer 8 Selecting RP 3 with Nodes: 11197 and calcs: 329064452405 :: Predicted time: 0.673404, Actual Time: 0.692817
Build Time: 0.692817, Calc Time: 27.385824, reduction 0.769934
############################################
Predicted calcsPerSecond: 12017830243
SubGraph 0 Layer 9 Selecting RP 7 with Nodes: 12698 and calcs: 321481519709 :: Predicted time: 0.692817, Actual Time: 1.143683
Build Time: 1.143683, Calc Time: 26.750379, reduction 0.635445
############################################
Final graph has 12698 nodes, 321481519709 calcs total
Node Construct time: 6.959421
Batchs: 3
Total results Set Size: 311087687 
Node Laucnher time: 16.387929
Total Time: 18.196958
Wave __________________________________________________
Wave __________________________________________________

Time to read in file: 0.085767

Number points: 287999 
Number Dimensions: 49 
Number Concurent Streams: 2
Block Size: 1024, Kernel Blocks: 1024
Using using binary searches
Distance Threshold: 0.002000 
*********************************

Predicted calcsPerSecond: 14182844947
SubGraph 0 Layer 0 Selecting RP 1 with Nodes: 38 and calcs: 18610355839 :: Predicted time: 0.000000, Actual Time: 0.020421
Build Time: 0.020421, Calc Time: 1.312174, reduction -1.312174
############################################
Predicted calcsPerSecond: 14258765982
SubGraph 0 Layer 1 Selecting RP 2 with Nodes: 150 and calcs: 14133410059 :: Predicted time: 0.020421, Actual Time: 0.046263
Build Time: 0.046263, Calc Time: 0.991209, reduction 0.320965
############################################
Predicted calcsPerSecond: 14299641929
SubGraph 0 Layer 2 Selecting RP 7 with Nodes: 215 and calcs: 12933587453 :: Predicted time: 0.046263, Actual Time: 0.006330
Build Time: 0.006330, Calc Time: 0.904469, reduction 0.086739
############################################
Predicted calcsPerSecond: 14337336013
SubGraph 0 Layer 3 Selecting RP 1 with Nodes: 304 and calcs: 11880589041 :: Predicted time: 0.006330, Actual Time: 0.006276
Build Time: 0.006276, Calc Time: 0.828647, reduction 0.075822
############################################
Predicted calcsPerSecond: 14319253542
SubGraph 0 Layer 4 Selecting RP 1 with Nodes: 392 and calcs: 11386496769 :: Predicted time: 0.006276, Actual Time: 0.006692
Build Time: 0.006692, Calc Time: 0.795188, reduction 0.033459
############################################
Predicted calcsPerSecond: 14340270388
SubGraph 0 Layer 5 Selecting RP 2 with Nodes: 484 and calcs: 11118774167 :: Predicted time: 0.006692, Actual Time: 0.007200
Build Time: 0.007200, Calc Time: 0.775353, reduction 0.019835
############################################
Predicted calcsPerSecond: 14340491512
SubGraph 0 Layer 6 Selecting RP 6 with Nodes: 542 and calcs: 10977666711 :: Predicted time: 0.007200, Actual Time: 0.007520
Build Time: 0.007520, Calc Time: 0.765501, reduction 0.009852
############################################
Predicted calcsPerSecond: 14334477027
SubGraph 0 Layer 7 Selecting RP 2 with Nodes: 576 and calcs: 10903610643 :: Predicted time: 0.007520, Actual Time: 0.005408
Build Time: 0.005408, Calc Time: 0.760656, reduction 0.004845
############################################
Final graph has 576 nodes, 10903610643 calcs total
Node Construct time: 0.304640
Batchs: 1
Total results Set Size: 11651957 
Node Laucnher time: 0.493735
Total Time: 0.628100

Time to read in file: 0.030623

Number points: 287999 
Number Dimensions: 49 
Number Concurent Streams: 2
Block Size: 1024, Kernel Blocks: 1024
Using using binary searches
Distance Threshold: 0.003250 
*********************************

Predicted calcsPerSecond: 14181033119
SubGraph 0 Layer 0 Selecting RP 1 with Nodes: 25 and calcs: 27540420945 :: Predicted time: 0.000000, Actual Time: 0.013922
Build Time: 0.013922, Calc Time: 1.942060, reduction -1.942060
############################################
Predicted calcsPerSecond: 14270086065
SubGraph 0 Layer 1 Selecting RP 2 with Nodes: 87 and calcs: 23345563191 :: Predicted time: 0.013922, Actual Time: 0.032272
Build Time: 0.032272, Calc Time: 1.635979, reduction 0.306081
############################################
Predicted calcsPerSecond: 14298408956
SubGraph 0 Layer 2 Selecting RP 1 with Nodes: 168 and calcs: 21381588217 :: Predicted time: 0.032272, Actual Time: 0.007084
Build Time: 0.007084, Calc Time: 1.495382, reduction 0.140597
############################################
Predicted calcsPerSecond: 14313744006
SubGraph 0 Layer 3 Selecting RP 1 with Nodes: 222 and calcs: 20136871299 :: Predicted time: 0.007084, Actual Time: 0.005576
Build Time: 0.005576, Calc Time: 1.406821, reduction 0.088562
############################################
Predicted calcsPerSecond: 14338697276
SubGraph 0 Layer 4 Selecting RP 1 with Nodes: 268 and calcs: 19473300895 :: Predicted time: 0.005576, Actual Time: 0.005350
Build Time: 0.005350, Calc Time: 1.358094, reduction 0.048727
############################################
Predicted calcsPerSecond: 14339194334
SubGraph 0 Layer 5 Selecting RP 1 with Nodes: 330 and calcs: 18972189179 :: Predicted time: 0.005350, Actual Time: 0.005502
Build Time: 0.005502, Calc Time: 1.323100, reduction 0.034994
############################################
Predicted calcsPerSecond: 14331128770
SubGraph 0 Layer 6 Selecting RP 1 with Nodes: 399 and calcs: 18572642983 :: Predicted time: 0.005502, Actual Time: 0.006862
Build Time: 0.006862, Calc Time: 1.295965, reduction 0.027135
############################################
Predicted calcsPerSecond: 14321896748
SubGraph 0 Layer 7 Selecting RP 1 with Nodes: 484 and calcs: 18269442773 :: Predicted time: 0.006862, Actual Time: 0.008175
Build Time: 0.008175, Calc Time: 1.275630, reduction 0.020335
############################################
Predicted calcsPerSecond: 14318295842
SubGraph 0 Layer 8 Selecting RP 1 with Nodes: 558 and calcs: 17998124983 :: Predicted time: 0.008175, Actual Time: 0.010349
Build Time: 0.010349, Calc Time: 1.257002, reduction 0.018628
############################################
Predicted calcsPerSecond: 14308871402
SubGraph 0 Layer 9 Selecting RP 3 with Nodes: 635 and calcs: 17878180011 :: Predicted time: 0.010349, Actual Time: 0.010836
Build Time: 0.010836, Calc Time: 1.249447, reduction 0.007555
############################################
Final graph has 635 nodes, 17878180011 calcs total
Node Construct time: 0.322531
Batchs: 1
Total results Set Size: 27340089 
Node Laucnher time: 0.611656
Total Time: 0.745120

Time to read in file: 0.027428

Number points: 287999 
Number Dimensions: 49 
Number Concurent Streams: 2
Block Size: 1024, Kernel Blocks: 1024
Using using binary searches
Distance Threshold: 0.004500 
*********************************

Predicted calcsPerSecond: 14103605988
SubGraph 0 Layer 0 Selecting RP 3 with Nodes: 17 and calcs: 34895868125 :: Predicted time: 0.000000, Actual Time: 0.009929
Build Time: 0.009929, Calc Time: 2.474251, reduction -2.474251
############################################
Predicted calcsPerSecond: 14254243365
SubGraph 0 Layer 1 Selecting RP 2 with Nodes: 52 and calcs: 30838039823 :: Predicted time: 0.009929, Actual Time: 0.022433
Build Time: 0.022433, Calc Time: 2.163429, reduction 0.310823
############################################
Predicted calcsPerSecond: 14291250998
SubGraph 0 Layer 2 Selecting RP 5 with Nodes: 96 and calcs: 28830936055 :: Predicted time: 0.022433, Actual Time: 0.006781
Build Time: 0.006781, Calc Time: 2.017384, reduction 0.146045
############################################
Predicted calcsPerSecond: 14322993009
SubGraph 0 Layer 3 Selecting RP 2 with Nodes: 157 and calcs: 27454889763 :: Predicted time: 0.006781, Actual Time: 0.005788
Build Time: 0.005788, Calc Time: 1.916840, reduction 0.100543
############################################
Predicted calcsPerSecond: 14357654046
SubGraph 0 Layer 4 Selecting RP 1 with Nodes: 211 and calcs: 26532268545 :: Predicted time: 0.005788, Actual Time: 0.006025
Build Time: 0.006025, Calc Time: 1.847953, reduction 0.068887
############################################
Predicted calcsPerSecond: 14366912500
SubGraph 0 Layer 5 Selecting RP 3 with Nodes: 261 and calcs: 26051948835 :: Predicted time: 0.006025, Actual Time: 0.005390
Build Time: 0.005390, Calc Time: 1.813330, reduction 0.034623
############################################
Predicted calcsPerSecond: 14321615265
SubGraph 0 Layer 6 Selecting RP 1 with Nodes: 313 and calcs: 25634393389 :: Predicted time: 0.005390, Actual Time: 0.005861
Build Time: 0.005861, Calc Time: 1.789909, reduction 0.023420
############################################
Predicted calcsPerSecond: 14326570963
SubGraph 0 Layer 7 Selecting RP 1 with Nodes: 355 and calcs: 25192282569 :: Predicted time: 0.005861, Actual Time: 0.005635
Build Time: 0.005635, Calc Time: 1.758431, reduction 0.031479
############################################
Predicted calcsPerSecond: 14353835102
SubGraph 0 Layer 8 Selecting RP 2 with Nodes: 418 and calcs: 24877663803 :: Predicted time: 0.005635, Actual Time: 0.006332
Build Time: 0.006332, Calc Time: 1.733172, reduction 0.025259
############################################
Predicted calcsPerSecond: 14343496983
SubGraph 0 Layer 9 Selecting RP 3 with Nodes: 485 and calcs: 24682058995 :: Predicted time: 0.006332, Actual Time: 0.008818
Build Time: 0.008818, Calc Time: 1.720784, reduction 0.012388
############################################
Predicted calcsPerSecond: 14328182589
SubGraph 0 Layer 10 Selecting RP 2 with Nodes: 566 and calcs: 24496083547 :: Predicted time: 0.008818, Actual Time: 0.011372
Build Time: 0.011372, Calc Time: 1.709643, reduction 0.011140
############################################
Final graph has 566 nodes, 24496083547 calcs total
Node Construct time: 0.404174
Batchs: 1
Total results Set Size: 47254879 
Node Laucnher time: 0.835199
Total Time: 0.965288

Time to read in file: 0.026460

Number points: 287999 
Number Dimensions: 49 
Number Concurent Streams: 2
Block Size: 1024, Kernel Blocks: 1024
Using using binary searches
Distance Threshold: 0.005750 
*********************************

Predicted calcsPerSecond: 14131937548
SubGraph 0 Layer 0 Selecting RP 6 with Nodes: 15 and calcs: 40034425453 :: Predicted time: 0.000000, Actual Time: 0.008927
Build Time: 0.008927, Calc Time: 2.832904, reduction -2.832904
############################################
Predicted calcsPerSecond: 14253999352
SubGraph 0 Layer 1 Selecting RP 4 with Nodes: 36 and calcs: 36485535735 :: Predicted time: 0.008927, Actual Time: 0.015654
Build Time: 0.015654, Calc Time: 2.559670, reduction 0.273234
############################################
Predicted calcsPerSecond: 14285166064
SubGraph 0 Layer 2 Selecting RP 4 with Nodes: 64 and calcs: 35059788465 :: Predicted time: 0.015654, Actual Time: 0.006413
Build Time: 0.006413, Calc Time: 2.454279, reduction 0.105391
############################################
Predicted calcsPerSecond: 14344146405
SubGraph 0 Layer 3 Selecting RP 6 with Nodes: 108 and calcs: 33996926329 :: Predicted time: 0.006413, Actual Time: 0.005685
Build Time: 0.005685, Calc Time: 2.370091, reduction 0.084189
############################################
Predicted calcsPerSecond: 14354665807
SubGraph 0 Layer 4 Selecting RP 1 with Nodes: 164 and calcs: 33053360959 :: Predicted time: 0.005685, Actual Time: 0.005729
Build Time: 0.005729, Calc Time: 2.302621, reduction 0.067469
############################################
Predicted calcsPerSecond: 14317008136
SubGraph 0 Layer 5 Selecting RP 4 with Nodes: 220 and calcs: 32293817869 :: Predicted time: 0.005729, Actual Time: 0.005073
Build Time: 0.005073, Calc Time: 2.255626, reduction 0.046995
############################################
Predicted calcsPerSecond: 14325133326
SubGraph 0 Layer 6 Selecting RP 1 with Nodes: 265 and calcs: 31765613457 :: Predicted time: 0.005073, Actual Time: 0.005165
Build Time: 0.005165, Calc Time: 2.217474, reduction 0.038152
############################################
Predicted calcsPerSecond: 14298494901
SubGraph 0 Layer 7 Selecting RP 2 with Nodes: 310 and calcs: 31387352775 :: Predicted time: 0.005165, Actual Time: 0.005584
Build Time: 0.005584, Calc Time: 2.195151, reduction 0.022323
############################################
Predicted calcsPerSecond: 14274664184
SubGraph 0 Layer 8 Selecting RP 1 with Nodes: 363 and calcs: 31015328147 :: Predicted time: 0.005584, Actual Time: 0.005669
Build Time: 0.005669, Calc Time: 2.172754, reduction 0.022397
############################################
Predicted calcsPerSecond: 14305648730
SubGraph 0 Layer 9 Selecting RP 4 with Nodes: 386 and calcs: 30703110237 :: Predicted time: 0.005669, Actual Time: 0.004389
Build Time: 0.004389, Calc Time: 2.146223, reduction 0.026531
############################################
Predicted calcsPerSecond: 14316138137
SubGraph 0 Layer 10 Selecting RP 3 with Nodes: 424 and calcs: 30474749757 :: Predicted time: 0.004389, Actual Time: 0.005517
Build Time: 0.005517, Calc Time: 2.128699, reduction 0.017524
############################################
Predicted calcsPerSecond: 14329095244
SubGraph 0 Layer 11 Selecting RP 3 with Nodes: 476 and calcs: 30263695755 :: Predicted time: 0.005517, Actual Time: 0.007774
Build Time: 0.007774, Calc Time: 2.112045, reduction 0.016654
############################################
Predicted calcsPerSecond: 14329338517
SubGraph 0 Layer 12 Selecting RP 1 with Nodes: 530 and calcs: 29985011037 :: Predicted time: 0.007774, Actual Time: 0.009539
Build Time: 0.009539, Calc Time: 2.092561, reduction 0.019484
############################################
Predicted calcsPerSecond: 14296548954
SubGraph 0 Layer 13 Selecting RP 9 with Nodes: 600 and calcs: 29861024347 :: Predicted time: 0.009539, Actual Time: 0.010945
Build Time: 0.010945, Calc Time: 2.088688, reduction 0.003873
############################################
Final graph has 600 nodes, 29861024347 calcs total
Node Construct time: 0.538957
Batchs: 1
Total results Set Size: 93070851 
Node Laucnher time: 1.230716
Total Time: 1.370045

Time to read in file: 0.027727

Number points: 287999 
Number Dimensions: 49 
Number Concurent Streams: 2
Block Size: 1024, Kernel Blocks: 1024
Using using binary searches
Distance Threshold: 0.007000 
*********************************

Predicted calcsPerSecond: 14102517168
SubGraph 0 Layer 0 Selecting RP 3 with Nodes: 13 and calcs: 43968382041 :: Predicted time: 0.000000, Actual Time: 0.007930
Build Time: 0.007930, Calc Time: 3.117768, reduction -3.117768
############################################
Predicted calcsPerSecond: 14220907175
SubGraph 0 Layer 1 Selecting RP 6 with Nodes: 32 and calcs: 41506087741 :: Predicted time: 0.007930, Actual Time: 0.015198
Build Time: 0.015198, Calc Time: 2.918667, reduction 0.199102
############################################
Predicted calcsPerSecond: 14290432694
SubGraph 0 Layer 2 Selecting RP 5 with Nodes: 63 and calcs: 39746059499 :: Predicted time: 0.015198, Actual Time: 0.005980
Build Time: 0.005980, Calc Time: 2.781306, reduction 0.137361
############################################
Predicted calcsPerSecond: 14293261189
SubGraph 0 Layer 3 Selecting RP 6 with Nodes: 96 and calcs: 38816859959 :: Predicted time: 0.005980, Actual Time: 0.005485
Build Time: 0.005485, Calc Time: 2.715746, reduction 0.065560
############################################
Predicted calcsPerSecond: 14313418826
SubGraph 0 Layer 4 Selecting RP 5 with Nodes: 147 and calcs: 38097259923 :: Predicted time: 0.005485, Actual Time: 0.005445
Build Time: 0.005445, Calc Time: 2.661646, reduction 0.054099
############################################
Predicted calcsPerSecond: 14328042055
SubGraph 0 Layer 5 Selecting RP 3 with Nodes: 184 and calcs: 37558645459 :: Predicted time: 0.005445, Actual Time: 0.004492
Build Time: 0.004492, Calc Time: 2.621338, reduction 0.040308
############################################
Predicted calcsPerSecond: 14324581343
SubGraph 0 Layer 6 Selecting RP 1 with Nodes: 235 and calcs: 36915363819 :: Predicted time: 0.004492, Actual Time: 0.005481
Build Time: 0.005481, Calc Time: 2.577064, reduction 0.044274
############################################
Predicted calcsPerSecond: 14331423992
SubGraph 0 Layer 7 Selecting RP 1 with Nodes: 282 and calcs: 36538113321 :: Predicted time: 0.005481, Actual Time: 0.005923
Build Time: 0.005923, Calc Time: 2.549510, reduction 0.027554
############################################
Predicted calcsPerSecond: 14309593159
SubGraph 0 Layer 8 Selecting RP 3 with Nodes: 316 and calcs: 36233727363 :: Predicted time: 0.005923, Actual Time: 0.005800
Build Time: 0.005800, Calc Time: 2.532128, reduction 0.017382
############################################
Predicted calcsPerSecond: 14302638433
SubGraph 0 Layer 9 Selecting RP 3 with Nodes: 361 and calcs: 35998401051 :: Predicted time: 0.005800, Actual Time: 0.005573
Build Time: 0.005573, Calc Time: 2.516906, reduction 0.015222
############################################
Predicted calcsPerSecond: 14311422407
SubGraph 0 Layer 10 Selecting RP 2 with Nodes: 421 and calcs: 35781252667 :: Predicted time: 0.005573, Actual Time: 0.007806
Build Time: 0.007806, Calc Time: 2.500188, reduction 0.016718
############################################
Predicted calcsPerSecond: 14278204324
SubGraph 0 Layer 11 Selecting RP 2 with Nodes: 480 and calcs: 35576042543 :: Predicted time: 0.007806, Actual Time: 0.009043
Build Time: 0.009043, Calc Time: 2.491633, reduction 0.008556
############################################
Final graph has 480 nodes, 35576042543 calcs total
Node Construct time: 0.445099
Batchs: 1
Total results Set Size: 290127035 
Node Laucnher time: 1.941815
Total Time: 2.079804
BIGCROSS____________________________________________________________
BIGCROSS____________________________________________________________

Time to read in file: 11.329892

Number points: 11620300 
Number Dimensions: 57 
Number Concurent Streams: 2
Block Size: 1024, Kernel Blocks: 1024
Using using binary searches
Distance Threshold: 0.001000 
*********************************

Predicted calcsPerSecond: 12384986546
SubGraph 0 Layer 0 Selecting RP 1 with Nodes: 284 and calcs: 2218851098970 :: Predicted time: 0.000000, Actual Time: 0.212837
Build Time: 0.212837, Calc Time: 179.156521, reduction -179.156521
############################################
Predicted calcsPerSecond: 12384030348
SubGraph 0 Layer 1 Selecting RP 9 with Nodes: 12804 and calcs: 199240449126 :: Predicted time: 0.212837, Actual Time: 38.769670
Build Time: 38.769670, Calc Time: 16.088498, reduction 163.068023
############################################
Predicted calcsPerSecond: 12385903081
SubGraph 0 Layer 2 Selecting RP 0 with Nodes: 56603 and calcs: 120929213754 :: Predicted time: 38.769670, Actual Time: 3.163983
Build Time: 3.163983, Calc Time: 9.763456, reduction 6.325043
############################################
Predicted calcsPerSecond: 12387721006
SubGraph 0 Layer 3 Selecting RP 1 with Nodes: 56603 and calcs: 120929213754 :: Predicted time: 3.163983, Actual Time: 0.478414
Build Time: 0.478414, Calc Time: 9.762023, reduction 0.001433
############################################
Final graph has 56603 nodes, 120929213754 calcs total
Node Construct time: 11.018821
Batchs: 12
Total results Set Size: 41137474 
Node Laucnher time: 15.593510
Total Time: 22.335734

Time to read in file: 11.415851

Number points: 11620300 
Number Dimensions: 57 
Number Concurent Streams: 2
Block Size: 1024, Kernel Blocks: 1024
Using using binary searches
Distance Threshold: 0.005750 
*********************************

Predicted calcsPerSecond: 12378800603
SubGraph 0 Layer 0 Selecting RP 1 with Nodes: 50 and calcs: 12707374244866 :: Predicted time: 0.000000, Actual Time: 0.095872
Build Time: 0.095872, Calc Time: 1026.543253, reduction -1026.543253
############################################
Predicted calcsPerSecond: 12382858578
SubGraph 0 Layer 1 Selecting RP 9 with Nodes: 491 and calcs: 5686280490162 :: Predicted time: 0.095872, Actual Time: 4.768267
Build Time: 4.768267, Calc Time: 459.205801, reduction 567.337453
############################################
Predicted calcsPerSecond: 12382354085
SubGraph 0 Layer 2 Selecting RP 0 with Nodes: 3403 and calcs: 2813104710430 :: Predicted time: 4.768267, Actual Time: 1.775048
Build Time: 1.775048, Calc Time: 227.186583, reduction 232.019218
############################################
Predicted calcsPerSecond: 12376275567
SubGraph 0 Layer 3 Selecting RP 7 with Nodes: 7685 and calcs: 2275045131178 :: Predicted time: 1.775048, Actual Time: 0.541886
Build Time: 0.541886, Calc Time: 183.823083, reduction 43.363500
############################################
Predicted calcsPerSecond: 12379603520
SubGraph 0 Layer 4 Selecting RP 0 with Nodes: 14791 and calcs: 1618859620100 :: Predicted time: 0.541886, Actual Time: 0.884850
Build Time: 0.884850, Calc Time: 130.768293, reduction 53.054790
############################################
Predicted calcsPerSecond: 12383996104
SubGraph 0 Layer 5 Selecting RP 4 with Nodes: 29122 and calcs: 1173221806090 :: Predicted time: 0.884850, Actual Time: 2.928762
Build Time: 2.928762, Calc Time: 94.736933, reduction 36.031360
############################################
Predicted calcsPerSecond: 12384664459
SubGraph 0 Layer 6 Selecting RP 1 with Nodes: 39126 and calcs: 1014566290784 :: Predicted time: 2.928762, Actual Time: 2.846374
Build Time: 2.846374, Calc Time: 81.921177, reduction 12.815756
############################################
Predicted calcsPerSecond: 12382814992
SubGraph 0 Layer 7 Selecting RP 6 with Nodes: 43764 and calcs: 992052523520 :: Predicted time: 2.846374, Actual Time: 3.685952
Build Time: 3.685952, Calc Time: 80.115267, reduction 1.805911
############################################
Final graph has 43764 nodes, 992052523520 calcs total
Node Construct time: 26.117302
Batchs: 12
Total results Set Size: 539888914 
Node Laucnher time: 40.270510
Total Time: 46.999695

Time to read in file: 11.427553

Number points: 11620300 
Number Dimensions: 57 
Number Concurent Streams: 2
Block Size: 1024, Kernel Blocks: 1024
Using using binary searches
Distance Threshold: 0.010500 
*********************************

Predicted calcsPerSecond: 12385621944
SubGraph 0 Layer 0 Selecting RP 1 with Nodes: 28 and calcs: 23026901662088 :: Predicted time: 0.000000, Actual Time: 0.084833
Build Time: 0.084833, Calc Time: 1859.163938, reduction -1859.163938
############################################
Predicted calcsPerSecond: 12382794249
SubGraph 0 Layer 1 Selecting RP 9 with Nodes: 171 and calcs: 15137745540152 :: Predicted time: 0.084833, Actual Time: 2.270927
Build Time: 2.270927, Calc Time: 1222.482199, reduction 636.681739
############################################
Predicted calcsPerSecond: 12382296043
SubGraph 0 Layer 2 Selecting RP 0 with Nodes: 823 and calcs: 10665352954338 :: Predicted time: 2.270927, Actual Time: 0.975544
Build Time: 0.975544, Calc Time: 861.338876, reduction 361.143323
############################################
Predicted calcsPerSecond: 12383772701
SubGraph 0 Layer 3 Selecting RP 7 with Nodes: 1842 and calcs: 9277529000604 :: Predicted time: 0.975544, Actual Time: 0.437100
Build Time: 0.437100, Calc Time: 749.168224, reduction 112.170652
############################################
Predicted calcsPerSecond: 12388770739
SubGraph 0 Layer 4 Selecting RP 0 with Nodes: 4074 and calcs: 6944932139770 :: Predicted time: 0.437100, Actual Time: 0.557877
Build Time: 0.557877, Calc Time: 560.582828, reduction 188.585396
############################################
Predicted calcsPerSecond: 12387839615
SubGraph 0 Layer 5 Selecting RP 4 with Nodes: 8637 and calcs: 5842543402050 :: Predicted time: 0.557877, Actual Time: 1.180115
Build Time: 1.180115, Calc Time: 471.635377, reduction 88.947452
############################################
Predicted calcsPerSecond: 12385072541
SubGraph 0 Layer 6 Selecting RP 1 with Nodes: 15136 and calcs: 4685296243906 :: Predicted time: 1.180115, Actual Time: 2.341711
Build Time: 2.341711, Calc Time: 378.301881, reduction 93.333495
############################################
Predicted calcsPerSecond: 12386845354
SubGraph 0 Layer 7 Selecting RP 6 with Nodes: 21116 and calcs: 4418819402866 :: Predicted time: 2.341711, Actual Time: 2.186824
Build Time: 2.186824, Calc Time: 356.734849, reduction 21.567033
############################################
Predicted calcsPerSecond: 12386794994
SubGraph 0 Layer 8 Selecting RP 0 with Nodes: 29185 and calcs: 4029409608102 :: Predicted time: 2.186824, Actual Time: 2.540984
Build Time: 2.540984, Calc Time: 325.298805, reduction 31.436044
############################################
Predicted calcsPerSecond: 12389103662
SubGraph 0 Layer 9 Selecting RP 0 with Nodes: 37530 and calcs: 3785327975158 :: Predicted time: 2.540984, Actual Time: 2.890355
Build Time: 2.890355, Calc Time: 305.536872, reduction 19.761933
############################################
Predicted calcsPerSecond: 12381972566
SubGraph 0 Layer 10 Selecting RP 1 with Nodes: 47296 and calcs: 3638626014826 :: Predicted time: 2.890355, Actual Time: 8.422658
Build Time: 8.422658, Calc Time: 293.864810, reduction 11.672062
############################################
Predicted calcsPerSecond: 12377332615
SubGraph 0 Layer 11 Selecting RP 0 with Nodes: 57751 and calcs: 3445324284390 :: Predicted time: 8.422658, Actual Time: 7.780850
Build Time: 7.780850, Calc Time: 278.357574, reduction 15.507236
############################################
Predicted calcsPerSecond: 12378362232
SubGraph 0 Layer 12 Selecting RP 0 with Nodes: 66094 and calcs: 3359504873684 :: Predicted time: 7.780850, Actual Time: 8.070306
Build Time: 8.070306, Calc Time: 271.401403, reduction 6.956172
############################################
Final graph has 66094 nodes, 3359504873684 calcs total
Node Construct time: 69.434695
Batchs: 12
Total results Set Size: 1686078098 
Node Laucnher time: 98.295209
Total Time: 104.947830

Time to read in file: 11.363277

Number points: 11620300 
Number Dimensions: 57 
Number Concurent Streams: 2
Block Size: 1024, Kernel Blocks: 1024
Using using binary searches
Distance Threshold: 0.015250 
*********************************

Predicted calcsPerSecond: 12386503663
SubGraph 0 Layer 0 Selecting RP 1 with Nodes: 19 and calcs: 33074580959368 :: Predicted time: 0.000000, Actual Time: 0.080328
Build Time: 0.080328, Calc Time: 2670.211212, reduction -2670.211212
############################################
Predicted calcsPerSecond: 12382893867
SubGraph 0 Layer 1 Selecting RP 9 with Nodes: 95 and calcs: 25399610622444 :: Predicted time: 0.080328, Actual Time: 1.573842
Build Time: 1.573842, Calc Time: 2051.185361, reduction 619.025851
############################################
Predicted calcsPerSecond: 12382855292
SubGraph 0 Layer 2 Selecting RP 0 with Nodes: 355 and calcs: 20820491874220 :: Predicted time: 1.573842, Actual Time: 0.982557
Build Time: 0.982557, Calc Time: 1681.396688, reduction 369.788673
############################################
Predicted calcsPerSecond: 12381075782
SubGraph 0 Layer 3 Selecting RP 2 with Nodes: 748 and calcs: 18481532606976 :: Predicted time: 0.982557, Actual Time: 0.632376
Build Time: 0.632376, Calc Time: 1492.724294, reduction 188.672394
############################################
Predicted calcsPerSecond: 12381947959
SubGraph 0 Layer 4 Selecting RP 0 with Nodes: 1684 and calcs: 14529927649062 :: Predicted time: 0.632376, Actual Time: 0.511746
Build Time: 0.511746, Calc Time: 1173.476718, reduction 319.247576
############################################
Predicted calcsPerSecond: 12381625980
SubGraph 0 Layer 5 Selecting RP 2 with Nodes: 3058 and calcs: 13340423302278 :: Predicted time: 0.511746, Actual Time: 0.524221
Build Time: 0.524221, Calc Time: 1077.437109, reduction 96.039609
############################################
Predicted calcsPerSecond: 12387179089
SubGraph 0 Layer 6 Selecting RP 1 with Nodes: 4948 and calcs: 11895957726760 :: Predicted time: 0.524221, Actual Time: 0.485105
Build Time: 0.485105, Calc Time: 960.344372, reduction 117.092737
############################################
Predicted calcsPerSecond: 12384015760
SubGraph 0 Layer 7 Selecting RP 6 with Nodes: 7624 and calcs: 11318627801790 :: Predicted time: 0.485105, Actual Time: 0.668791
Build Time: 0.668791, Calc Time: 913.970720, reduction 46.373652
############################################
Predicted calcsPerSecond: 12384155360
SubGraph 0 Layer 8 Selecting RP 0 with Nodes: 11647 and calcs: 10530533676306 :: Predicted time: 0.668791, Actual Time: 0.943470
Build Time: 0.943470, Calc Time: 850.323124, reduction 63.647596
############################################
Predicted calcsPerSecond: 12371897528
SubGraph 0 Layer 9 Selecting RP 4 with Nodes: 14967 and calcs: 10087249078888 :: Predicted time: 0.943470, Actual Time: 1.851423
Build Time: 1.851423, Calc Time: 815.335647, reduction 34.987477
############################################
Predicted calcsPerSecond: 12379637038
SubGraph 0 Layer 10 Selecting RP 1 with Nodes: 20076 and calcs: 9760642083300 :: Predicted time: 1.851423, Actual Time: 3.010755
Build Time: 3.010755, Calc Time: 788.443316, reduction 26.892331
############################################
Predicted calcsPerSecond: 12379537666
SubGraph 0 Layer 11 Selecting RP 0 with Nodes: 27419 and calcs: 9175555938690 :: Predicted time: 3.010755, Actual Time: 4.527265
Build Time: 4.527265, Calc Time: 741.187287, reduction 47.256029
############################################
Predicted calcsPerSecond: 12374421202
SubGraph 0 Layer 12 Selecting RP 0 with Nodes: 36315 and calcs: 8835999313122 :: Predicted time: 4.527265, Actual Time: 5.338055
Build Time: 5.338055, Calc Time: 714.053544, reduction 27.133743
############################################
Predicted calcsPerSecond: 12376334745
SubGraph 0 Layer 13 Selecting RP 8 with Nodes: 42699 and calcs: 8706682541722 :: Predicted time: 5.338055, Actual Time: 9.048813
Build Time: 9.048813, Calc Time: 703.494429, reduction 10.559115
############################################
Predicted calcsPerSecond: 12376728176
SubGraph 0 Layer 14 Selecting RP 0 with Nodes: 50884 and calcs: 8416583954038 :: Predicted time: 9.048813, Actual Time: 10.768636
Build Time: 10.768636, Calc Time: 680.033029, reduction 23.461399
############################################
Predicted calcsPerSecond: 12376401856
SubGraph 0 Layer 15 Selecting RP 1 with Nodes: 59052 and calcs: 8194827042090 :: Predicted time: 10.768636, Actual Time: 13.606017
Build Time: 13.606017, Calc Time: 662.133239, reduction 17.899791
############################################
Predicted calcsPerSecond: 12375809674
SubGraph 0 Layer 16 Selecting RP 2 with Nodes: 68886 and calcs: 7999650020588 :: Predicted time: 13.606017, Actual Time: 16.016605
Build Time: 16.016605, Calc Time: 646.394073, reduction 15.739166
############################################
Final graph has 68886 nodes, 7999650020588 calcs total
Node Construct time: 100.620733
Batchs: 17
Total results Set Size: 4751938200 
Node Laucnher time: 171.849310
Total Time: 178.540300
SUSY ________________________________________________________________
SUSY ________________________________________________________________

Time to read in file: 0.582922

Number points: 5000000 
Number Dimensions: 18 
Number Concurent Streams: 2
Block Size: 1024, Kernel Blocks: 1024
Using using binary searches
Distance Threshold: 0.010000 
*********************************

Predicted calcsPerSecond: 52642845479
SubGraph 0 Layer 0 Selecting RP 5 with Nodes: 33 and calcs: 8418473200814 :: Predicted time: 0.000000, Actual Time: 0.020530
Build Time: 0.020530, Calc Time: 159.916758, reduction -159.916758
############################################
Predicted calcsPerSecond: 52954928051
SubGraph 0 Layer 1 Selecting RP 7 with Nodes: 375 and calcs: 3497905710176 :: Predicted time: 0.020530, Actual Time: 1.360234
Build Time: 1.360234, Calc Time: 66.054395, reduction 93.862364
############################################
Predicted calcsPerSecond: 52936837176
SubGraph 0 Layer 2 Selecting RP 5 with Nodes: 1940 and calcs: 1940815258058 :: Predicted time: 1.360234, Actual Time: 0.617524
Build Time: 0.617524, Calc Time: 36.662849, reduction 29.391546
############################################
Predicted calcsPerSecond: 53207398467
SubGraph 0 Layer 3 Selecting RP 8 with Nodes: 5330 and calcs: 1078558060880 :: Predicted time: 0.617524, Actual Time: 0.340353
Build Time: 0.340353, Calc Time: 20.270829, reduction 16.392020
############################################
Predicted calcsPerSecond: 53034665598
SubGraph 0 Layer 4 Selecting RP 3 with Nodes: 12931 and calcs: 741620864094 :: Predicted time: 0.340353, Actual Time: 0.823193
Build Time: 0.823193, Calc Time: 13.983700, reduction 6.287129
############################################
Predicted calcsPerSecond: 53311124039
SubGraph 0 Layer 5 Selecting RP 0 with Nodes: 21594 and calcs: 604590868836 :: Predicted time: 0.823193, Actual Time: 0.626405
Build Time: 0.626405, Calc Time: 11.340801, reduction 2.642899
############################################
Predicted calcsPerSecond: 53264301120
SubGraph 0 Layer 6 Selecting RP 0 with Nodes: 32076 and calcs: 517598545148 :: Predicted time: 0.626405, Actual Time: 1.686436
Build Time: 1.686436, Calc Time: 9.717551, reduction 1.623251
############################################
Final graph has 32076 nodes, 517598545148 calcs total
Node Construct time: 8.851587
Batchs: 5
Total results Set Size: 30844186 
Node Laucnher time: 14.846782
Total Time: 15.758920

Time to read in file: 0.184192

Number points: 5000000 
Number Dimensions: 18 
Number Concurent Streams: 2
Block Size: 1024, Kernel Blocks: 1024
Using using binary searches
Distance Threshold: 0.012750 
*********************************

Predicted calcsPerSecond: 53024370254
SubGraph 0 Layer 0 Selecting RP 5 with Nodes: 26 and calcs: 10500822904818 :: Predicted time: 0.000000, Actual Time: 0.017001
Build Time: 0.017001, Calc Time: 198.037673, reduction -198.037673
############################################
Predicted calcsPerSecond: 53197043242
SubGraph 0 Layer 1 Selecting RP 7 with Nodes: 251 and calcs: 5350617776724 :: Predicted time: 0.017001, Actual Time: 1.492830
Build Time: 1.492830, Calc Time: 100.581112, reduction 97.456561
############################################
Predicted calcsPerSecond: 53103999651
SubGraph 0 Layer 2 Selecting RP 5 with Nodes: 1165 and calcs: 3449022735320 :: Predicted time: 1.492830, Actual Time: 0.546683
Build Time: 0.546683, Calc Time: 64.948455, reduction 35.632657
############################################
Predicted calcsPerSecond: 53195084836
SubGraph 0 Layer 3 Selecting RP 8 with Nodes: 3087 and calcs: 2215253042120 :: Predicted time: 0.546683, Actual Time: 0.276860
Build Time: 0.276860, Calc Time: 41.643942, reduction 23.304513
############################################
Predicted calcsPerSecond: 53171081547
SubGraph 0 Layer 4 Selecting RP 3 with Nodes: 7821 and calcs: 1634876869472 :: Predicted time: 0.276860, Actual Time: 0.435181
Build Time: 0.435181, Calc Time: 30.747482, reduction 10.896460
############################################
Predicted calcsPerSecond: 52995144058
SubGraph 0 Layer 5 Selecting RP 0 with Nodes: 14169 and calcs: 1369777553108 :: Predicted time: 0.435181, Actual Time: 0.648041
Build Time: 0.648041, Calc Time: 25.847228, reduction 4.900254
############################################
Predicted calcsPerSecond: 53050049461
SubGraph 0 Layer 6 Selecting RP 0 with Nodes: 25679 and calcs: 1061977281130 :: Predicted time: 0.648041, Actual Time: 2.902520
Build Time: 2.902520, Calc Time: 20.018403, reduction 5.828824
############################################
Predicted calcsPerSecond: 53188450873
SubGraph 0 Layer 7 Selecting RP 1 with Nodes: 35338 and calcs: 960853651250 :: Predicted time: 2.902520, Actual Time: 7.182341
Build Time: 7.182341, Calc Time: 18.065081, reduction 1.953323
############################################
Final graph has 35338 nodes, 960853651250 calcs total
Node Construct time: 14.595744
Batchs: 5
Total results Set Size: 162647128 
Node Laucnher time: 26.237562
Total Time: 27.117191

Time to read in file: 0.521768

Number points: 5000000 
Number Dimensions: 18 
Number Concurent Streams: 2
Block Size: 1024, Kernel Blocks: 1024
Using using binary searches
Distance Threshold: 0.015500 
*********************************

Predicted calcsPerSecond: 52908408596
SubGraph 0 Layer 0 Selecting RP 5 with Nodes: 21 and calcs: 12434365277642 :: Predicted time: 0.000000, Actual Time: 0.014509
Build Time: 0.014509, Calc Time: 235.016807, reduction -235.016807
############################################
Predicted calcsPerSecond: 53172194854
SubGraph 0 Layer 1 Selecting RP 7 with Nodes: 187 and calcs: 7362745253038 :: Predicted time: 0.014509, Actual Time: 1.142263
Build Time: 1.142263, Calc Time: 138.469839, reduction 96.546969
############################################
Predicted calcsPerSecond: 53033304560
SubGraph 0 Layer 2 Selecting RP 5 with Nodes: 813 and calcs: 5250065978912 :: Predicted time: 1.142263, Actual Time: 0.460625
Build Time: 0.460625, Calc Time: 98.995641, reduction 39.474198
############################################
Predicted calcsPerSecond: 53077046776
SubGraph 0 Layer 3 Selecting RP 8 with Nodes: 1979 and calcs: 3776043498506 :: Predicted time: 0.460625, Actual Time: 0.245016
Build Time: 0.245016, Calc Time: 71.142683, reduction 27.852958
############################################
Predicted calcsPerSecond: 53208989763
SubGraph 0 Layer 4 Selecting RP 3 with Nodes: 5123 and calcs: 2960837329790 :: Predicted time: 0.245016, Actual Time: 0.321020
Build Time: 0.321020, Calc Time: 55.645434, reduction 15.497249
############################################
Predicted calcsPerSecond: 53115072340
SubGraph 0 Layer 5 Selecting RP 0 with Nodes: 9367 and calcs: 2600018977904 :: Predicted time: 0.321020, Actual Time: 0.567364
Build Time: 0.567364, Calc Time: 48.950681, reduction 6.694753
############################################
Predicted calcsPerSecond: 52844314283
SubGraph 0 Layer 6 Selecting RP 0 with Nodes: 17947 and calcs: 2080969736578 :: Predicted time: 0.567364, Actual Time: 1.639195
Build Time: 1.639195, Calc Time: 39.379255, reduction 9.571426
############################################
Predicted calcsPerSecond: 53035506857
SubGraph 0 Layer 7 Selecting RP 4 with Nodes: 25167 and calcs: 1849400808182 :: Predicted time: 1.639195, Actual Time: 4.426922
Build Time: 4.426922, Calc Time: 34.870993, reduction 4.508262
############################################
Predicted calcsPerSecond: 53358421697
SubGraph 0 Layer 8 Selecting RP 9 with Nodes: 33898 and calcs: 1661144973446 :: Predicted time: 4.426922, Actual Time: 5.862395
Build Time: 5.862395, Calc Time: 31.131824, reduction 3.739170
############################################
Final graph has 33898 nodes, 1661144973446 calcs total
Node Construct time: 15.540851
Batchs: 5
Total results Set Size: 655680946 
Node Laucnher time: 37.836485
Total Time: 38.749214

Time to read in file: 0.523139

Number points: 5000000 
Number Dimensions: 18 
Number Concurent Streams: 2
Block Size: 1024, Kernel Blocks: 1024
Using using binary searches
Distance Threshold: 0.018250 
*********************************

Predicted calcsPerSecond: 52741830892
SubGraph 0 Layer 0 Selecting RP 5 with Nodes: 19 and calcs: 14196403216390 :: Predicted time: 0.000000, Actual Time: 0.013522
Build Time: 0.013522, Calc Time: 269.167812, reduction -269.167812
############################################
Predicted calcsPerSecond: 52785654850
SubGraph 0 Layer 1 Selecting RP 7 with Nodes: 139 and calcs: 9414195657546 :: Predicted time: 0.013522, Actual Time: 0.970318
Build Time: 0.970318, Calc Time: 178.347615, reduction 90.820197
############################################
Predicted calcsPerSecond: 52675040655
SubGraph 0 Layer 2 Selecting RP 5 with Nodes: 554 and calcs: 7211845423704 :: Predicted time: 0.970318, Actual Time: 0.535058
Build Time: 0.535058, Calc Time: 136.912005, reduction 41.435610
############################################
Predicted calcsPerSecond: 53006178678
SubGraph 0 Layer 3 Selecting RP 8 with Nodes: 1368 and calcs: 5619905596064 :: Predicted time: 0.535058, Actual Time: 0.215019
Build Time: 0.215019, Calc Time: 106.023595, reduction 30.888410
############################################
Predicted calcsPerSecond: 53100456412
SubGraph 0 Layer 4 Selecting RP 3 with Nodes: 3494 and calcs: 4618966869870 :: Predicted time: 0.215019, Actual Time: 0.321626
Build Time: 0.321626, Calc Time: 86.985446, reduction 19.038149
############################################
Predicted calcsPerSecond: 52999216531
SubGraph 0 Layer 5 Selecting RP 7 with Nodes: 6092 and calcs: 4193705490116 :: Predicted time: 0.321626, Actual Time: 0.449793
Build Time: 0.449793, Calc Time: 79.127688, reduction 7.857757
############################################
Predicted calcsPerSecond: 52973469261
SubGraph 0 Layer 6 Selecting RP 0 with Nodes: 11712 and calcs: 3532542974232 :: Predicted time: 0.449793, Actual Time: 0.984704
Build Time: 0.984704, Calc Time: 66.685135, reduction 12.442553
############################################
Predicted calcsPerSecond: 52745865664
SubGraph 0 Layer 7 Selecting RP 6 with Nodes: 17053 and calcs: 3136842883786 :: Predicted time: 0.984704, Actual Time: 3.063978
Build Time: 3.063978, Calc Time: 59.470877, reduction 7.214259
############################################
Predicted calcsPerSecond: 52910901198
SubGraph 0 Layer 8 Selecting RP 9 with Nodes: 24515 and calcs: 2831943967006 :: Predicted time: 3.063978, Actual Time: 4.962999
Build Time: 4.962999, Calc Time: 53.522883, reduction 5.947994
############################################
Predicted calcsPerSecond: 52290056238
SubGraph 0 Layer 9 Selecting RP 8 with Nodes: 31969 and calcs: 2635912172844 :: Predicted time: 4.962999, Actual Time: 10.403669
Build Time: 10.403669, Calc Time: 50.409435, reduction 3.113448
############################################
Final graph has 31969 nodes, 2635912172844 calcs total
Node Construct time: 23.153226
Batchs: 10
Total results Set Size: 2072898048 
Node Laucnher time: 72.704322
Total Time: 73.623640

Time to read in file: 0.526900

Number points: 5000000 
Number Dimensions: 18 
Number Concurent Streams: 2
Block Size: 1024, Kernel Blocks: 1024
Using using binary searches
Distance Threshold: 0.021000 
*********************************

Predicted calcsPerSecond: 52996093610
SubGraph 0 Layer 0 Selecting RP 5 with Nodes: 16 and calcs: 15786445839984 :: Predicted time: 0.000000, Actual Time: 0.012003
Build Time: 0.012003, Calc Time: 297.879424, reduction -297.879424
############################################
Predicted calcsPerSecond: 53004709282
SubGraph 0 Layer 1 Selecting RP 7 with Nodes: 115 and calcs: 11415409130670 :: Predicted time: 0.012003, Actual Time: 1.116700
Build Time: 1.116700, Calc Time: 215.365942, reduction 82.513482
############################################
Predicted calcsPerSecond: 52904314105
SubGraph 0 Layer 2 Selecting RP 5 with Nodes: 441 and calcs: 9217569760074 :: Predicted time: 1.116700, Actual Time: 0.468621
Build Time: 0.468621, Calc Time: 174.230966, reduction 41.134976
############################################
Predicted calcsPerSecond: 53133311076
SubGraph 0 Layer 3 Selecting RP 8 with Nodes: 1017 and calcs: 7621645778304 :: Predicted time: 0.468621, Actual Time: 0.257373
Build Time: 0.257373, Calc Time: 143.443833, reduction 30.787134
############################################
Predicted calcsPerSecond: 53276215113
SubGraph 0 Layer 4 Selecting RP 3 with Nodes: 2533 and calcs: 6497591836078 :: Predicted time: 0.257373, Actual Time: 0.296721
Build Time: 0.296721, Calc Time: 121.960463, reduction 21.483370
############################################
Predicted calcsPerSecond: 53190052606
SubGraph 0 Layer 5 Selecting RP 7 with Nodes: 4464 and calcs: 6004370893982 :: Predicted time: 0.296721, Actual Time: 0.488545
Build Time: 0.488545, Calc Time: 112.885222, reduction 9.075241
############################################
Predicted calcsPerSecond: 52942255544
SubGraph 0 Layer 6 Selecting RP 0 with Nodes: 8568 and calcs: 5283172796642 :: Predicted time: 0.488545, Actual Time: 0.670787
Build Time: 0.670787, Calc Time: 99.791230, reduction 13.093992
############################################
Predicted calcsPerSecond: 53026601801
SubGraph 0 Layer 7 Selecting RP 6 with Nodes: 12788 and calcs: 4783519594994 :: Predicted time: 0.670787, Actual Time: 2.348647
Build Time: 2.348647, Calc Time: 90.209809, reduction 9.581421
############################################
Predicted calcsPerSecond: 52500549494
SubGraph 0 Layer 8 Selecting RP 9 with Nodes: 18997 and calcs: 4358666082846 :: Predicted time: 2.348647, Actual Time: 4.139341
Build Time: 4.139341, Calc Time: 83.021342, reduction 7.188466
############################################
Predicted calcsPerSecond: 52742287134
SubGraph 0 Layer 9 Selecting RP 8 with Nodes: 25471 and calcs: 4094840908100 :: Predicted time: 4.139341, Actual Time: 6.482997
Build Time: 6.482997, Calc Time: 77.638668, reduction 5.382674
############################################
Final graph has 25471 nodes, 4094840908100 calcs total
Node Construct time: 16.843048
Batchs: 23
Total results Set Size: 5457260816 
Node Laucnher time: 145.598097
Total Time: 146.539477
HIGGS ________________________________________________________________
HIGGS ________________________________________________________________

Time to read in file: 1.829933

Number points: 11000000 
Number Dimensions: 28 
Number Concurent Streams: 2
Block Size: 1024, Kernel Blocks: 1024
Using using binary searches
Distance Threshold: 0.010000 
*********************************

Predicted calcsPerSecond: 25639092216
SubGraph 0 Layer 0 Selecting RP 1 with Nodes: 27 and calcs: 38474612440442 :: Predicted time: 0.000000, Actual Time: 0.036202
Build Time: 0.036202, Calc Time: 1500.623038, reduction -1500.623038
############################################
Predicted calcsPerSecond: 25646422727
SubGraph 0 Layer 1 Selecting RP 5 with Nodes: 291 and calcs: 16198994249218 :: Predicted time: 0.036202, Actual Time: 4.078899
Build Time: 4.078899, Calc Time: 631.627827, reduction 868.995211
############################################
Predicted calcsPerSecond: 25657710208
SubGraph 0 Layer 2 Selecting RP 3 with Nodes: 1766 and calcs: 8583667810584 :: Predicted time: 4.078899, Actual Time: 2.323452
Build Time: 2.323452, Calc Time: 334.545357, reduction 297.082470
############################################
Predicted calcsPerSecond: 25648480360
SubGraph 0 Layer 3 Selecting RP 8 with Nodes: 8485 and calcs: 4415495184422 :: Predicted time: 2.323452, Actual Time: 3.487653
Build Time: 3.487653, Calc Time: 172.154261, reduction 162.391095
############################################
Predicted calcsPerSecond: 25663072690
SubGraph 0 Layer 4 Selecting RP 1 with Nodes: 29540 and calcs: 2515049303244 :: Predicted time: 3.487653, Actual Time: 3.077730
Build Time: 3.077730, Calc Time: 98.002657, reduction 74.151604
############################################
Predicted calcsPerSecond: 24233181207
SubGraph 0 Layer 5 Selecting RP 2 with Nodes: 66077 and calcs: 1630322673358 :: Predicted time: 3.077730, Actual Time: 10.624368
Build Time: 10.624368, Calc Time: 67.276461, reduction 30.726196
############################################
Predicted calcsPerSecond: 24955162014
SubGraph 0 Layer 6 Selecting RP 0 with Nodes: 112063 and calcs: 1318011263498 :: Predicted time: 10.624368, Actual Time: 14.012129
Build Time: 14.012129, Calc Time: 52.815176, reduction 14.461286
############################################
Predicted calcsPerSecond: 25301767501
SubGraph 0 Layer 7 Selecting RP 5 with Nodes: 116282 and calcs: 1313330531178 :: Predicted time: 14.012129, Actual Time: 15.686858
Build Time: 15.686858, Calc Time: 51.906671, reduction 0.908504
############################################
Final graph has 116282 nodes, 1313330531178 calcs total
Node Construct time: 52.005677
Batchs: 11
Total results Set Size: 11566498 
Node Laucnher time: 75.976277
Total Time: 79.187651
Tiny____________________________________________________
Tiny____________________________________________________

Time to read in file: 20.750484

Number points: 5000000 
Number Dimensions: 384 
Number Concurent Streams: 2
Block Size: 1024, Kernel Blocks: 1024
Using using binary searches
Distance Threshold: 0.200000 
*********************************

Predicted calcsPerSecond: 4076611452
SubGraph 0 Layer 0 Selecting RP 1 with Nodes: 17 and calcs: 9224939816732 :: Predicted time: 0.000000, Actual Time: 0.248846
Build Time: 0.248846, Calc Time: 2262.894054, reduction -2262.894054
############################################
Predicted calcsPerSecond: 4076830850
SubGraph 0 Layer 1 Selecting RP 8 with Nodes: 48 and calcs: 7840667873660 :: Predicted time: 0.248846, Actual Time: 0.571058
Build Time: 0.571058, Calc Time: 1923.226193, reduction 339.667862
############################################
Predicted calcsPerSecond: 4077709615
SubGraph 0 Layer 2 Selecting RP 2 with Nodes: 112 and calcs: 7377749678464 :: Predicted time: 0.571058, Actual Time: 0.545005
Build Time: 0.545005, Calc Time: 1809.287658, reduction 113.938535
############################################
Predicted calcsPerSecond: 4076585206
SubGraph 0 Layer 3 Selecting RP 3 with Nodes: 221 and calcs: 7001657277166 :: Predicted time: 0.545005, Actual Time: 0.478963
Build Time: 0.478963, Calc Time: 1717.529973, reduction 91.757685
############################################
Predicted calcsPerSecond: 4076425430
SubGraph 0 Layer 4 Selecting RP 6 with Nodes: 453 and calcs: 6753306846342 :: Predicted time: 0.478963, Actual Time: 0.501789
Build Time: 0.501789, Calc Time: 1656.673711, reduction 60.856261
############################################
Predicted calcsPerSecond: 4075745278
SubGraph 0 Layer 5 Selecting RP 4 with Nodes: 752 and calcs: 6551383198998 :: Predicted time: 0.501789, Actual Time: 0.421653
Build Time: 0.421653, Calc Time: 1607.407419, reduction 49.266292
############################################
Predicted calcsPerSecond: 4076412465
SubGraph 0 Layer 6 Selecting RP 8 with Nodes: 1113 and calcs: 6403865901376 :: Predicted time: 0.421653, Actual Time: 0.447362
Build Time: 0.447362, Calc Time: 1570.956314, reduction 36.451105
############################################
Predicted calcsPerSecond: 4075265576
SubGraph 0 Layer 7 Selecting RP 3 with Nodes: 1656 and calcs: 6281230815148 :: Predicted time: 0.447362, Actual Time: 0.431831
Build Time: 0.431831, Calc Time: 1541.305885, reduction 29.650429
############################################
Predicted calcsPerSecond: 4076017954
SubGraph 0 Layer 8 Selecting RP 2 with Nodes: 2364 and calcs: 6178676771582 :: Predicted time: 0.431831, Actual Time: 0.763399
Build Time: 0.763399, Calc Time: 1515.861029, reduction 25.444856
############################################
Predicted calcsPerSecond: 4076804052
SubGraph 0 Layer 9 Selecting RP 4 with Nodes: 3333 and calcs: 6077074188452 :: Predicted time: 0.763399, Actual Time: 0.725568
Build Time: 0.725568, Calc Time: 1490.646622, reduction 25.214407
############################################
Predicted calcsPerSecond: 4077446715
SubGraph 0 Layer 10 Selecting RP 4 with Nodes: 4505 and calcs: 5999084889702 :: Predicted time: 0.725568, Actual Time: 0.642689
Build Time: 0.642689, Calc Time: 1471.284681, reduction 19.361941
############################################
Predicted calcsPerSecond: 4078386510
SubGraph 0 Layer 11 Selecting RP 9 with Nodes: 5927 and calcs: 5928995818144 :: Predicted time: 0.642689, Actual Time: 1.108300
Build Time: 1.108300, Calc Time: 1453.760158, reduction 17.524523
############################################
Predicted calcsPerSecond: 4076107273
SubGraph 0 Layer 12 Selecting RP 4 with Nodes: 8029 and calcs: 5856545280098 :: Predicted time: 1.108300, Actual Time: 1.708962
Build Time: 1.708962, Calc Time: 1436.798614, reduction 16.961544
############################################
Predicted calcsPerSecond: 4076282755
SubGraph 0 Layer 13 Selecting RP 3 with Nodes: 9888 and calcs: 5803966989680 :: Predicted time: 1.708962, Actual Time: 2.028862
Build Time: 2.028862, Calc Time: 1423.838173, reduction 12.960441
############################################
Predicted calcsPerSecond: 4077401493
SubGraph 0 Layer 14 Selecting RP 7 with Nodes: 12556 and calcs: 5757401585524 :: Predicted time: 2.028862, Actual Time: 3.284242
Build Time: 3.284242, Calc Time: 1412.027144, reduction 11.811029
############################################
Predicted calcsPerSecond: 4077254888
SubGraph 0 Layer 15 Selecting RP 0 with Nodes: 16454 and calcs: 5692790349748 :: Predicted time: 3.284242, Actual Time: 4.870445
Build Time: 4.870445, Calc Time: 1396.231167, reduction 15.795977
############################################
Predicted calcsPerSecond: 4076807034
SubGraph 0 Layer 16 Selecting RP 1 with Nodes: 20639 and calcs: 5633242464258 :: Predicted time: 4.870445, Actual Time: 6.533310
Build Time: 6.533310, Calc Time: 1381.778048, reduction 14.453119
############################################
Predicted calcsPerSecond: 4076375843
SubGraph 0 Layer 17 Selecting RP 7 with Nodes: 25266 and calcs: 5586064408000 :: Predicted time: 6.533310, Actual Time: 9.540960
Build Time: 9.540960, Calc Time: 1370.350680, reduction 11.427368
############################################
Predicted calcsPerSecond: 4075742003
SubGraph 0 Layer 18 Selecting RP 4 with Nodes: 29987 and calcs: 5536736284600 :: Predicted time: 9.540960, Actual Time: 9.785175
Build Time: 9.785175, Calc Time: 1358.460933, reduction 11.889747
############################################
Predicted calcsPerSecond: 4077481740
SubGraph 0 Layer 19 Selecting RP 1 with Nodes: 35750 and calcs: 5489796002610 :: Predicted time: 9.785175, Actual Time: 12.932846
Build Time: 12.932846, Calc Time: 1346.369243, reduction 12.091690
############################################
Final graph has 35750 nodes, 5489796002610 calcs total
Node Construct time: 89.675489
Batchs: 41
Total results Set Size: 53619112 
Node Laucnher time: 995.806758
Total Time: 1016.221431

Time to read in file: 20.778303

Number points: 5000000 
Number Dimensions: 384 
Number Concurent Streams: 2
Block Size: 1024, Kernel Blocks: 1024
Using using binary searches
Distance Threshold: 0.260000 
*********************************

Predicted calcsPerSecond: 4076667025
SubGraph 0 Layer 0 Selecting RP 1 with Nodes: 13 and calcs: 11630594670776 :: Predicted time: 0.000000, Actual Time: 0.246842
Build Time: 0.246842, Calc Time: 2852.966553, reduction -2852.966553
############################################
Predicted calcsPerSecond: 4077220576
SubGraph 0 Layer 1 Selecting RP 2 with Nodes: 35 and calcs: 9979815098384 :: Predicted time: 0.246842, Actual Time: 0.541952
Build Time: 0.541952, Calc Time: 2447.700563, reduction 405.265990
############################################
Predicted calcsPerSecond: 4079175480
SubGraph 0 Layer 2 Selecting RP 1 with Nodes: 67 and calcs: 9445124722168 :: Predicted time: 0.541952, Actual Time: 0.461970
Build Time: 0.461970, Calc Time: 2315.449475, reduction 132.251088
############################################
Predicted calcsPerSecond: 4078689667
SubGraph 0 Layer 3 Selecting RP 4 with Nodes: 135 and calcs: 9021834012044 :: Predicted time: 0.461970, Actual Time: 0.455741
Build Time: 0.455741, Calc Time: 2211.944215, reduction 103.505260
############################################
Predicted calcsPerSecond: 4078452879
SubGraph 0 Layer 4 Selecting RP 4 with Nodes: 215 and calcs: 8808454576474 :: Predicted time: 0.455741, Actual Time: 0.398653
Build Time: 0.398653, Calc Time: 2159.753916, reduction 52.190299
############################################
Predicted calcsPerSecond: 4078483899
SubGraph 0 Layer 5 Selecting RP 1 with Nodes: 352 and calcs: 8616136346988 :: Predicted time: 0.398653, Actual Time: 0.442849
Build Time: 0.442849, Calc Time: 2112.583146, reduction 47.170770
############################################
Predicted calcsPerSecond: 4077637068
SubGraph 0 Layer 6 Selecting RP 8 with Nodes: 519 and calcs: 8483361925504 :: Predicted time: 0.442849, Actual Time: 0.392759
Build Time: 0.392759, Calc Time: 2080.460272, reduction 32.122874
############################################
Predicted calcsPerSecond: 4077826762
SubGraph 0 Layer 7 Selecting RP 3 with Nodes: 771 and calcs: 8340833850014 :: Predicted time: 0.392759, Actual Time: 0.379147
Build Time: 0.379147, Calc Time: 2045.411524, reduction 35.048749
############################################
Predicted calcsPerSecond: 4077141374
SubGraph 0 Layer 8 Selecting RP 2 with Nodes: 1110 and calcs: 8237059509578 :: Predicted time: 0.379147, Actual Time: 0.394217
Build Time: 0.394217, Calc Time: 2020.302647, reduction 25.108877
############################################
Predicted calcsPerSecond: 4078257123
SubGraph 0 Layer 9 Selecting RP 7 with Nodes: 1489 and calcs: 8135746044656 :: Predicted time: 0.394217, Actual Time: 0.385890
Build Time: 0.385890, Calc Time: 1994.907579, reduction 25.395068
############################################
Predicted calcsPerSecond: 4079366052
SubGraph 0 Layer 10 Selecting RP 4 with Nodes: 1979 and calcs: 8052639704072 :: Predicted time: 0.385890, Actual Time: 0.381847
Build Time: 0.381847, Calc Time: 1973.992920, reduction 20.914659
############################################
Predicted calcsPerSecond: 4077433996
SubGraph 0 Layer 11 Selecting RP 3 with Nodes: 2485 and calcs: 7977319755054 :: Predicted time: 0.381847, Actual Time: 0.413894
Build Time: 0.413894, Calc Time: 1956.455889, reduction 17.537030
############################################
Predicted calcsPerSecond: 4077374641
SubGraph 0 Layer 12 Selecting RP 4 with Nodes: 3324 and calcs: 7920120131492 :: Predicted time: 0.413894, Actual Time: 0.932892
Build Time: 0.932892, Calc Time: 1942.455827, reduction 14.000062
############################################
Predicted calcsPerSecond: 4078296932
SubGraph 0 Layer 13 Selecting RP 2 with Nodes: 4300 and calcs: 7857910706894 :: Predicted time: 0.932892, Actual Time: 0.802681
Build Time: 0.802681, Calc Time: 1926.762773, reduction 15.693054
############################################
Predicted calcsPerSecond: 4078642131
SubGraph 0 Layer 14 Selecting RP 2 with Nodes: 5342 and calcs: 7807632213244 :: Predicted time: 0.802681, Actual Time: 0.800705
Build Time: 0.800705, Calc Time: 1914.272437, reduction 12.490336
############################################
Predicted calcsPerSecond: 4078145228
SubGraph 0 Layer 15 Selecting RP 7 with Nodes: 6965 and calcs: 7746525224916 :: Predicted time: 0.800705, Actual Time: 1.534295
Build Time: 1.534295, Calc Time: 1899.521668, reduction 14.750770
############################################
Predicted calcsPerSecond: 4076232456
SubGraph 0 Layer 16 Selecting RP 1 with Nodes: 8898 and calcs: 7677941006810 :: Predicted time: 1.534295, Actual Time: 2.353586
Build Time: 2.353586, Calc Time: 1883.587624, reduction 15.934044
############################################
Predicted calcsPerSecond: 4077143836
SubGraph 0 Layer 17 Selecting RP 7 with Nodes: 10934 and calcs: 7629776128922 :: Predicted time: 2.353586, Actual Time: 3.147937
Build Time: 3.147937, Calc Time: 1871.353191, reduction 12.234433
############################################
Predicted calcsPerSecond: 4076032589
SubGraph 0 Layer 18 Selecting RP 4 with Nodes: 13304 and calcs: 7581884737032 :: Predicted time: 3.147937, Actual Time: 4.868919
Build Time: 4.868919, Calc Time: 1860.113866, reduction 11.239325
############################################
Predicted calcsPerSecond: 4075903994
SubGraph 0 Layer 19 Selecting RP 1 with Nodes: 16351 and calcs: 7537640531564 :: Predicted time: 4.868919, Actual Time: 5.978631
Build Time: 5.978631, Calc Time: 1849.317487, reduction 10.796379
############################################
Predicted calcsPerSecond: 4076994817
SubGraph 0 Layer 20 Selecting RP 0 with Nodes: 20362 and calcs: 7493227882462 :: Predicted time: 5.978631, Actual Time: 9.917623
Build Time: 9.917623, Calc Time: 1837.929215, reduction 11.388272
############################################
Predicted calcsPerSecond: 4077445009
SubGraph 0 Layer 21 Selecting RP 5 with Nodes: 23466 and calcs: 7459090958354 :: Predicted time: 9.917623, Actual Time: 12.508393
Build Time: 12.508393, Calc Time: 1829.354152, reduction 8.575062
############################################
Final graph has 23466 nodes, 7459090958354 calcs total
Node Construct time: 80.413468
Batchs: 75
Total results Set Size: 181164422 
Node Laucnher time: 3053.324084
Total Time: 3073.690142
