rm -f build/main build/*.o
nvcc  -lcuda -Xcompiler -fopenmp -arch=compute_80 -code=sm_80 -O3 -I. -c -o build/main.o src/main.cu -lm
nvcc  -lcuda -Xcompiler -fopenmp -arch=compute_80 -code=sm_80 -O3 -I. -c -o build/launcher.o src/launcher.cu -lm
nvcc  -lcuda -Xcompiler -fopenmp -arch=compute_80 -code=sm_80 -O3 -I. -c -o build/kernel.o src/kernel.cu
nvcc  -lcuda -Xcompiler -fopenmp -arch=compute_80 -code=sm_80 -O3 -I. -c -o build/nodes.o src/nodes.cu -lm
nvcc  -lcuda -Xcompiler -fopenmp -arch=compute_80 -code=sm_80 -O3 -I. -c -o build/tree.o src/tree.cu -lm
nvcc  -lcuda -Xcompiler -fopenmp -arch=compute_80 -code=sm_80 -O3 -I. -c -o build/utils.o src/utils.cu -lm
nvcc  -lcuda -Xcompiler -fopenmp -arch=compute_80 -code=sm_80 -O3 -I. -o build/main build/main.o build/launcher.o build/kernel.o build/nodes.o build/tree.o build/utils.o
MSD ________________________________________________________________
MSD ________________________________________________________________

Time to read in file: 0.280215

Number points: 515345 
Number Dimensions: 90 
Number Concurent Streams: 2
Block Size: 256, Kernel Blocks: 1024
Using using binary searches
Distance Threshold: 0.007000 
*********************************

Predicted calcsPerSecond: 9061315691
SubGraph 0 Layer 0 Selecting RP 1 with Nodes: 21 and calcs: 170979007977 :: Predicted time: 0.000000, Actual Time: 0.015895
Build Time: 0.015895, Calc Time: 18.869115, reduction -18.869115
############################################
Predicted calcsPerSecond: 9088848986
SubGraph 0 Layer 1 Selecting RP 3 with Nodes: 60 and calcs: 149860162609 :: Predicted time: 0.015895, Actual Time: 0.031107
Build Time: 0.031107, Calc Time: 16.488354, reduction 2.380761
############################################
Predicted calcsPerSecond: 9093877915
SubGraph 0 Layer 2 Selecting RP 1 with Nodes: 123 and calcs: 139008172495 :: Predicted time: 0.031107, Actual Time: 0.016830
Build Time: 0.016830, Calc Time: 15.285907, reduction 1.202447
############################################
Predicted calcsPerSecond: 9113071603
SubGraph 0 Layer 3 Selecting RP 1 with Nodes: 217 and calcs: 129775808043 :: Predicted time: 0.016830, Actual Time: 0.015487
Build Time: 0.015487, Calc Time: 14.240622, reduction 1.045285
############################################
Predicted calcsPerSecond: 9112096846
SubGraph 0 Layer 4 Selecting RP 1 with Nodes: 326 and calcs: 124080002709 :: Predicted time: 0.015487, Actual Time: 0.014680
Build Time: 0.014680, Calc Time: 13.617064, reduction 0.623558
############################################
Predicted calcsPerSecond: 9115397942
SubGraph 0 Layer 5 Selecting RP 1 with Nodes: 489 and calcs: 119576095503 :: Predicted time: 0.014680, Actual Time: 0.040494
Build Time: 0.040494, Calc Time: 13.118033, reduction 0.499030
############################################
Predicted calcsPerSecond: 9117968565
SubGraph 0 Layer 6 Selecting RP 5 with Nodes: 669 and calcs: 116543627597 :: Predicted time: 0.040494, Actual Time: 0.020109
Build Time: 0.020109, Calc Time: 12.781754, reduction 0.336280
############################################
Predicted calcsPerSecond: 9124433101
SubGraph 0 Layer 7 Selecting RP 3 with Nodes: 910 and calcs: 114004585017 :: Predicted time: 0.020109, Actual Time: 0.024764
Build Time: 0.024764, Calc Time: 12.494429, reduction 0.287324
############################################
Predicted calcsPerSecond: 9106721295
SubGraph 0 Layer 8 Selecting RP 3 with Nodes: 1130 and calcs: 112390412367 :: Predicted time: 0.024764, Actual Time: 0.037544
Build Time: 0.037544, Calc Time: 12.341479, reduction 0.152950
############################################
Predicted calcsPerSecond: 9080890898
SubGraph 0 Layer 9 Selecting RP 5 with Nodes: 1392 and calcs: 111189005735 :: Predicted time: 0.037544, Actual Time: 0.051686
Build Time: 0.051686, Calc Time: 12.244284, reduction 0.097195
############################################
Predicted calcsPerSecond: 9109878589
SubGraph 0 Layer 10 Selecting RP 2 with Nodes: 1667 and calcs: 109498184001 :: Predicted time: 0.051686, Actual Time: 0.070049
Build Time: 0.070049, Calc Time: 12.019719, reduction 0.224564
############################################
Predicted calcsPerSecond: 9098479584
SubGraph 0 Layer 11 Selecting RP 3 with Nodes: 1890 and calcs: 108778791561 :: Predicted time: 0.070049, Actual Time: 0.084514
Build Time: 0.084514, Calc Time: 11.955711, reduction 0.064008
############################################
Final graph has 1890 nodes, 108778791561 calcs total
Node Construct time: 1.070813
Batchs: 3
Total results Set Size: 65915313 
Node Laucnher time: 4.011291
Total Time: 4.463452

Time to read in file: 0.092515

Number points: 515345 
Number Dimensions: 90 
Number Concurent Streams: 2
Block Size: 256, Kernel Blocks: 1024
Using using binary searches
Distance Threshold: 0.007525 
*********************************

Predicted calcsPerSecond: 9049032316
SubGraph 0 Layer 0 Selecting RP 1 with Nodes: 20 and calcs: 177585998311 :: Predicted time: 0.000000, Actual Time: 0.015403
Build Time: 0.015403, Calc Time: 19.624861, reduction -19.624861
############################################
Predicted calcsPerSecond: 9070125495
SubGraph 0 Layer 1 Selecting RP 5 with Nodes: 68 and calcs: 158803937551 :: Predicted time: 0.015403, Actual Time: 0.037015
Build Time: 0.037015, Calc Time: 17.508461, reduction 2.116400
############################################
Predicted calcsPerSecond: 9086607576
SubGraph 0 Layer 2 Selecting RP 3 with Nodes: 131 and calcs: 148513057549 :: Predicted time: 0.037015, Actual Time: 0.014888
Build Time: 0.014888, Calc Time: 16.344170, reduction 1.164291
############################################
Predicted calcsPerSecond: 9112842730
SubGraph 0 Layer 3 Selecting RP 1 with Nodes: 234 and calcs: 137677365371 :: Predicted time: 0.014888, Actual Time: 0.015739
Build Time: 0.015739, Calc Time: 15.108059, reduction 1.236111
############################################
Predicted calcsPerSecond: 9109919699
SubGraph 0 Layer 4 Selecting RP 7 with Nodes: 358 and calcs: 133010189565 :: Predicted time: 0.015739, Actual Time: 0.015124
Build Time: 0.015124, Calc Time: 14.600589, reduction 0.507470
############################################
Predicted calcsPerSecond: 9101915334
SubGraph 0 Layer 5 Selecting RP 1 with Nodes: 539 and calcs: 127316136919 :: Predicted time: 0.015124, Actual Time: 0.038052
Build Time: 0.038052, Calc Time: 13.987840, reduction 0.612748
############################################
Predicted calcsPerSecond: 9104388066
SubGraph 0 Layer 6 Selecting RP 1 with Nodes: 680 and calcs: 125195795947 :: Predicted time: 0.038052, Actual Time: 0.019047
Build Time: 0.019047, Calc Time: 13.751149, reduction 0.236691
############################################
Predicted calcsPerSecond: 9094045938
SubGraph 0 Layer 7 Selecting RP 3 with Nodes: 901 and calcs: 122849642555 :: Predicted time: 0.019047, Actual Time: 0.025171
Build Time: 0.025171, Calc Time: 13.508799, reduction 0.242349
############################################
Predicted calcsPerSecond: 9097531715
SubGraph 0 Layer 8 Selecting RP 1 with Nodes: 1060 and calcs: 120833241637 :: Predicted time: 0.025171, Actual Time: 0.036735
Build Time: 0.036735, Calc Time: 13.281981, reduction 0.226819
############################################
Predicted calcsPerSecond: 9099682115
SubGraph 0 Layer 9 Selecting RP 5 with Nodes: 1289 and calcs: 119524198435 :: Predicted time: 0.036735, Actual Time: 0.037620
Build Time: 0.037620, Calc Time: 13.134986, reduction 0.146995
############################################
Predicted calcsPerSecond: 9125215881
SubGraph 0 Layer 10 Selecting RP 2 with Nodes: 1541 and calcs: 117590187375 :: Predicted time: 0.037620, Actual Time: 0.075484
Build Time: 0.075484, Calc Time: 12.886291, reduction 0.248695
############################################
Predicted calcsPerSecond: 9126633770
SubGraph 0 Layer 11 Selecting RP 2 with Nodes: 1713 and calcs: 116918749089 :: Predicted time: 0.075484, Actual Time: 0.059298
Build Time: 0.059298, Calc Time: 12.810720, reduction 0.075571
############################################
Predicted calcsPerSecond: 9103242146
SubGraph 0 Layer 12 Selecting RP 4 with Nodes: 2010 and calcs: 116092384989 :: Predicted time: 0.059298, Actual Time: 0.084068
Build Time: 0.084068, Calc Time: 12.752861, reduction 0.057859
############################################
Final graph has 2010 nodes, 116092384989 calcs total
Node Construct time: 1.181897
Batchs: 4
Total results Set Size: 121384099 
Node Laucnher time: 4.858526
Total Time: 5.315378

Time to read in file: 0.078802

Number points: 515345 
Number Dimensions: 90 
Number Concurent Streams: 2
Block Size: 256, Kernel Blocks: 1024
Using using binary searches
Distance Threshold: 0.008050 
*********************************

Predicted calcsPerSecond: 9075442696
SubGraph 0 Layer 0 Selecting RP 2 with Nodes: 20 and calcs: 185481056983 :: Predicted time: 0.000000, Actual Time: 0.015387
Build Time: 0.015387, Calc Time: 20.437687, reduction -20.437687
############################################
Predicted calcsPerSecond: 9099358076
SubGraph 0 Layer 1 Selecting RP 2 with Nodes: 49 and calcs: 166462369995 :: Predicted time: 0.015387, Actual Time: 0.028786
Build Time: 0.028786, Calc Time: 18.293859, reduction 2.143828
############################################
Predicted calcsPerSecond: 9102387161
SubGraph 0 Layer 2 Selecting RP 1 with Nodes: 98 and calcs: 155725370431 :: Predicted time: 0.028786, Actual Time: 0.018111
Build Time: 0.018111, Calc Time: 17.108190, reduction 1.185668
############################################
Predicted calcsPerSecond: 9119329642
SubGraph 0 Layer 3 Selecting RP 1 with Nodes: 178 and calcs: 145253277755 :: Predicted time: 0.018111, Actual Time: 0.017416
Build Time: 0.017416, Calc Time: 15.928065, reduction 1.180125
############################################
Predicted calcsPerSecond: 9115934810
SubGraph 0 Layer 4 Selecting RP 7 with Nodes: 272 and calcs: 140866333045 :: Predicted time: 0.017416, Actual Time: 0.014736
Build Time: 0.014736, Calc Time: 15.452758, reduction 0.475307
############################################
Predicted calcsPerSecond: 9111508001
SubGraph 0 Layer 5 Selecting RP 1 with Nodes: 388 and calcs: 137091205829 :: Predicted time: 0.014736, Actual Time: 0.020979
Build Time: 0.020979, Calc Time: 15.045940, reduction 0.406817
############################################
Predicted calcsPerSecond: 9118201490
SubGraph 0 Layer 6 Selecting RP 5 with Nodes: 532 and calcs: 134204713665 :: Predicted time: 0.020979, Actual Time: 0.017224
Build Time: 0.017224, Calc Time: 14.718332, reduction 0.327609
############################################
Predicted calcsPerSecond: 9111732270
SubGraph 0 Layer 7 Selecting RP 3 with Nodes: 760 and calcs: 131544057575 :: Predicted time: 0.017224, Actual Time: 0.020918
Build Time: 0.020918, Calc Time: 14.436778, reduction 0.281553
############################################
Predicted calcsPerSecond: 9129422842
SubGraph 0 Layer 8 Selecting RP 1 with Nodes: 926 and calcs: 128931015769 :: Predicted time: 0.020918, Actual Time: 0.033132
Build Time: 0.033132, Calc Time: 14.122581, reduction 0.314197
############################################
Predicted calcsPerSecond: 9119817086
SubGraph 0 Layer 9 Selecting RP 0 with Nodes: 1118 and calcs: 127399720333 :: Predicted time: 0.033132, Actual Time: 0.018837
Build Time: 0.018837, Calc Time: 13.969548, reduction 0.153033
############################################
Predicted calcsPerSecond: 9096019124
SubGraph 0 Layer 10 Selecting RP 8 with Nodes: 1366 and calcs: 125896598495 :: Predicted time: 0.018837, Actual Time: 0.060675
Build Time: 0.060675, Calc Time: 13.840846, reduction 0.128702
############################################
Predicted calcsPerSecond: 9092644532
SubGraph 0 Layer 11 Selecting RP 5 with Nodes: 1565 and calcs: 125172774401 :: Predicted time: 0.060675, Actual Time: 0.066485
Build Time: 0.066485, Calc Time: 13.766377, reduction 0.074469
############################################
Predicted calcsPerSecond: 9102336804
SubGraph 0 Layer 12 Selecting RP 4 with Nodes: 1884 and calcs: 124075306519 :: Predicted time: 0.066485, Actual Time: 0.079738
Build Time: 0.079738, Calc Time: 13.631149, reduction 0.135229
############################################
Predicted calcsPerSecond: 9101796672
SubGraph 0 Layer 13 Selecting RP 2 with Nodes: 2128 and calcs: 123335502953 :: Predicted time: 0.079738, Actual Time: 0.136392
Build Time: 0.136392, Calc Time: 13.550677, reduction 0.080472
############################################
Final graph has 2128 nodes, 123335502953 calcs total
Node Construct time: 1.296743
Batchs: 4
Total results Set Size: 207932133 
Node Laucnher time: 5.535183
Total Time: 5.987575

Time to read in file: 0.079027

Number points: 515345 
Number Dimensions: 90 
Number Concurent Streams: 2
Block Size: 256, Kernel Blocks: 1024
Using using binary searches
Distance Threshold: 0.008575 
*********************************

Predicted calcsPerSecond: 9064958369
SubGraph 0 Layer 0 Selecting RP 1 with Nodes: 18 and calcs: 191503325863 :: Predicted time: 0.000000, Actual Time: 0.014393
Build Time: 0.014393, Calc Time: 21.125671, reduction -21.125671
############################################
Predicted calcsPerSecond: 9072564642
SubGraph 0 Layer 1 Selecting RP 1 with Nodes: 58 and calcs: 171337397771 :: Predicted time: 0.014393, Actual Time: 0.036207
Build Time: 0.036207, Calc Time: 18.885222, reduction 2.240449
############################################
Predicted calcsPerSecond: 9092390179
SubGraph 0 Layer 2 Selecting RP 1 with Nodes: 105 and calcs: 162079090077 :: Predicted time: 0.036207, Actual Time: 0.015040
Build Time: 0.015040, Calc Time: 17.825796, reduction 1.059426
############################################
Predicted calcsPerSecond: 9105615492
SubGraph 0 Layer 3 Selecting RP 1 with Nodes: 170 and calcs: 153617511199 :: Predicted time: 0.015040, Actual Time: 0.014026
Build Time: 0.014026, Calc Time: 16.870635, reduction 0.955161
############################################
Predicted calcsPerSecond: 9078442988
SubGraph 0 Layer 4 Selecting RP 7 with Nodes: 254 and calcs: 148977654501 :: Predicted time: 0.014026, Actual Time: 0.013331
Build Time: 0.013331, Calc Time: 16.410045, reduction 0.460590
############################################
Predicted calcsPerSecond: 9086804456
SubGraph 0 Layer 5 Selecting RP 1 with Nodes: 390 and calcs: 143698129447 :: Predicted time: 0.013331, Actual Time: 0.040857
Build Time: 0.040857, Calc Time: 15.813934, reduction 0.596110
############################################
Predicted calcsPerSecond: 9104126650
SubGraph 0 Layer 6 Selecting RP 5 with Nodes: 516 and calcs: 141380708171 :: Predicted time: 0.040857, Actual Time: 0.016357
Build Time: 0.016357, Calc Time: 15.529299, reduction 0.284635
############################################
Predicted calcsPerSecond: 9088140197
SubGraph 0 Layer 7 Selecting RP 3 with Nodes: 709 and calcs: 139396701737 :: Predicted time: 0.016357, Actual Time: 0.020986
Build Time: 0.020986, Calc Time: 15.338309, reduction 0.190990
############################################
Predicted calcsPerSecond: 9092644851
SubGraph 0 Layer 8 Selecting RP 1 with Nodes: 852 and calcs: 137536270091 :: Predicted time: 0.020986, Actual Time: 0.026001
Build Time: 0.026001, Calc Time: 15.126102, reduction 0.212207
############################################
Predicted calcsPerSecond: 9060461305
SubGraph 0 Layer 9 Selecting RP 1 with Nodes: 997 and calcs: 135897534261 :: Predicted time: 0.026001, Actual Time: 0.027738
Build Time: 0.027738, Calc Time: 14.998964, reduction 0.127137
############################################
Predicted calcsPerSecond: 9088680259
SubGraph 0 Layer 10 Selecting RP 2 with Nodes: 1241 and calcs: 133826399615 :: Predicted time: 0.027738, Actual Time: 0.045876
Build Time: 0.045876, Calc Time: 14.724514, reduction 0.274450
############################################
Predicted calcsPerSecond: 9081327315
SubGraph 0 Layer 11 Selecting RP 2 with Nodes: 1430 and calcs: 133046250459 :: Predicted time: 0.045876, Actual Time: 0.056671
Build Time: 0.056671, Calc Time: 14.650529, reduction 0.073985
############################################
Predicted calcsPerSecond: 9032629420
SubGraph 0 Layer 12 Selecting RP 4 with Nodes: 1712 and calcs: 131919015945 :: Predicted time: 0.056671, Actual Time: 0.072668
Build Time: 0.072668, Calc Time: 14.604719, reduction 0.045810
############################################
Final graph has 1712 nodes, 131919015945 calcs total
Node Construct time: 1.099694
Batchs: 4
Total results Set Size: 335507787 
Node Laucnher time: 6.455294
Total Time: 6.905027
Census____________________________________________________________
Census____________________________________________________________

Time to read in file: 1.973677

Number points: 2458285 
Number Dimensions: 68 
Number Concurent Streams: 2
Block Size: 256, Kernel Blocks: 1024
Using using binary searches
Distance Threshold: 0.001000 
*********************************

Predicted calcsPerSecond: 11999778141
SubGraph 0 Layer 0 Selecting RP 1 with Nodes: 226 and calcs: 267839562229 :: Predicted time: 0.000000, Actual Time: 0.129893
Build Time: 0.129893, Calc Time: 22.320376, reduction -22.320376
############################################
Predicted calcsPerSecond: 12002775944
SubGraph 0 Layer 1 Selecting RP 8 with Nodes: 5569 and calcs: 49684967055 :: Predicted time: 0.129893, Actual Time: 3.643157
Build Time: 3.643157, Calc Time: 4.139456, reduction 18.180920
############################################
Predicted calcsPerSecond: 11999911096
SubGraph 0 Layer 2 Selecting RP 0 with Nodes: 10186 and calcs: 28853311551 :: Predicted time: 3.643157, Actual Time: 0.120719
Build Time: 0.120719, Calc Time: 2.404460, reduction 1.734996
############################################
Predicted calcsPerSecond: 11985701771
SubGraph 0 Layer 3 Selecting RP 1 with Nodes: 10329 and calcs: 28500904977 :: Predicted time: 0.120719, Actual Time: 0.056710
Build Time: 0.056710, Calc Time: 2.377909, reduction 0.026552
############################################
Final graph has 10329 nodes, 28500904977 calcs total
Node Construct time: 2.085842
Batchs: 10
Total results Set Size: 55650567 
Node Laucnher time: 4.149306
Total Time: 5.837007

Time to read in file: 1.403855

Number points: 2458285 
Number Dimensions: 68 
Number Concurent Streams: 2
Block Size: 256, Kernel Blocks: 1024
Using using binary searches
Distance Threshold: 0.003250 
*********************************

Predicted calcsPerSecond: 12009920926
SubGraph 0 Layer 0 Selecting RP 1 with Nodes: 71 and calcs: 845568418799 :: Predicted time: 0.000000, Actual Time: 0.052379
Build Time: 0.052379, Calc Time: 70.405827, reduction -70.405827
############################################
Predicted calcsPerSecond: 12018423503
SubGraph 0 Layer 1 Selecting RP 8 with Nodes: 916 and calcs: 366799983833 :: Predicted time: 0.052379, Actual Time: 1.103819
Build Time: 1.103819, Calc Time: 30.519809, reduction 39.886019
############################################
Predicted calcsPerSecond: 12015420271
SubGraph 0 Layer 2 Selecting RP 2 with Nodes: 2374 and calcs: 235701471557 :: Predicted time: 1.103819, Actual Time: 0.097400
Build Time: 0.097400, Calc Time: 19.616582, reduction 10.903227
############################################
Predicted calcsPerSecond: 12017632586
SubGraph 0 Layer 3 Selecting RP 6 with Nodes: 4781 and calcs: 170667439095 :: Predicted time: 0.097400, Actual Time: 0.130565
Build Time: 0.130565, Calc Time: 14.201419, reduction 5.415162
############################################
Predicted calcsPerSecond: 12019224323
SubGraph 0 Layer 4 Selecting RP 6 with Nodes: 7493 and calcs: 134513642389 :: Predicted time: 0.130565, Actual Time: 0.157398
Build Time: 0.157398, Calc Time: 11.191541, reduction 3.009878
############################################
Predicted calcsPerSecond: 12017436203
SubGraph 0 Layer 5 Selecting RP 0 with Nodes: 8805 and calcs: 127565146105 :: Predicted time: 0.157398, Actual Time: 0.104700
Build Time: 0.104700, Calc Time: 10.615005, reduction 0.576536
############################################
Predicted calcsPerSecond: 12020787421
SubGraph 0 Layer 6 Selecting RP 8 with Nodes: 9523 and calcs: 125284874529 :: Predicted time: 0.104700, Actual Time: 0.167312
Build Time: 0.167312, Calc Time: 10.422352, reduction 0.192653
############################################
Predicted calcsPerSecond: 12020098621
SubGraph 0 Layer 7 Selecting RP 4 with Nodes: 10038 and calcs: 124029401459 :: Predicted time: 0.167312, Actual Time: 0.177160
Build Time: 0.177160, Calc Time: 10.318501, reduction 0.103851
############################################
Final graph has 10038 nodes, 124029401459 calcs total
Node Construct time: 4.023032
Batchs: 10
Total results Set Size: 55650567 
Node Laucnher time: 7.976801
Total Time: 9.650378

Time to read in file: 0.546433

Number points: 2458285 
Number Dimensions: 68 
Number Concurent Streams: 2
Block Size: 256, Kernel Blocks: 1024
Using using binary searches
Distance Threshold: 0.005500 
*********************************

Predicted calcsPerSecond: 12012138611
SubGraph 0 Layer 0 Selecting RP 1 with Nodes: 43 and calcs: 1364011199683 :: Predicted time: 0.000000, Actual Time: 0.038376
Build Time: 0.038376, Calc Time: 113.552736, reduction -113.552736
############################################
Predicted calcsPerSecond: 12012235066
SubGraph 0 Layer 1 Selecting RP 8 with Nodes: 380 and calcs: 818114099099 :: Predicted time: 0.038376, Actual Time: 0.649741
Build Time: 0.649741, Calc Time: 68.106734, reduction 45.446002
############################################
Predicted calcsPerSecond: 12018311565
SubGraph 0 Layer 2 Selecting RP 6 with Nodes: 942 and calcs: 650095939019 :: Predicted time: 0.649741, Actual Time: 0.134438
Build Time: 0.134438, Calc Time: 54.092119, reduction 14.014615
############################################
Predicted calcsPerSecond: 12012690695
SubGraph 0 Layer 3 Selecting RP 9 with Nodes: 2062 and calcs: 528238697975 :: Predicted time: 0.134438, Actual Time: 0.094533
Build Time: 0.094533, Calc Time: 43.973387, reduction 10.118732
############################################
Predicted calcsPerSecond: 12018306897
SubGraph 0 Layer 4 Selecting RP 6 with Nodes: 3912 and calcs: 425410316367 :: Predicted time: 0.094533, Actual Time: 0.130715
Build Time: 0.130715, Calc Time: 35.396859, reduction 8.576528
############################################
Predicted calcsPerSecond: 12023706369
SubGraph 0 Layer 5 Selecting RP 3 with Nodes: 5775 and calcs: 381098875077 :: Predicted time: 0.130715, Actual Time: 0.235009
Build Time: 0.235009, Calc Time: 31.695624, reduction 3.701235
############################################
Predicted calcsPerSecond: 12021765180
SubGraph 0 Layer 6 Selecting RP 8 with Nodes: 7582 and calcs: 358264609455 :: Predicted time: 0.235009, Actual Time: 0.342443
Build Time: 0.342443, Calc Time: 29.801332, reduction 1.894292
############################################
Predicted calcsPerSecond: 12024642363
SubGraph 0 Layer 7 Selecting RP 4 with Nodes: 9647 and calcs: 338486210573 :: Predicted time: 0.342443, Actual Time: 1.541615
Build Time: 1.541615, Calc Time: 28.149379, reduction 1.651953
############################################
Predicted calcsPerSecond: 12018137100
SubGraph 0 Layer 8 Selecting RP 3 with Nodes: 11197 and calcs: 329064452405 :: Predicted time: 1.541615, Actual Time: 0.646275
Build Time: 0.646275, Calc Time: 27.380654, reduction 0.768725
############################################
Predicted calcsPerSecond: 12011663570
SubGraph 0 Layer 9 Selecting RP 7 with Nodes: 12698 and calcs: 321481519709 :: Predicted time: 0.646275, Actual Time: 1.147477
Build Time: 1.147477, Calc Time: 26.764113, reduction 0.616541
############################################
Final graph has 12698 nodes, 321481519709 calcs total
Node Construct time: 7.767074
Batchs: 11
Total results Set Size: 311087687 
Node Laucnher time: 18.700046
Total Time: 20.383517

Time to read in file: 2.002491

Number points: 2458285 
Number Dimensions: 68 
Number Concurent Streams: 2
Block Size: 256, Kernel Blocks: 1024
Using using binary searches
Distance Threshold: 0.007750 
*********************************

Predicted calcsPerSecond: 12004029085
SubGraph 0 Layer 0 Selecting RP 1 with Nodes: 31 and calcs: 1815151802107 :: Predicted time: 0.000000, Actual Time: 0.032387
Build Time: 0.032387, Calc Time: 151.211880, reduction -151.211880
############################################
Predicted calcsPerSecond: 12013229944
SubGraph 0 Layer 1 Selecting RP 8 with Nodes: 218 and calcs: 1307694621745 :: Predicted time: 0.032387, Actual Time: 0.353862
Build Time: 0.353862, Calc Time: 108.854540, reduction 42.357340
############################################
Predicted calcsPerSecond: 12012064024
SubGraph 0 Layer 2 Selecting RP 6 with Nodes: 538 and calcs: 1135616953867 :: Predicted time: 0.353862, Actual Time: 0.140851
Build Time: 0.140851, Calc Time: 94.539702, reduction 14.314838
############################################
Predicted calcsPerSecond: 12022477668
SubGraph 0 Layer 3 Selecting RP 9 with Nodes: 1116 and calcs: 989885489125 :: Predicted time: 0.140851, Actual Time: 0.083681
Build Time: 0.083681, Calc Time: 82.336230, reduction 12.203472
############################################
Predicted calcsPerSecond: 12021772337
SubGraph 0 Layer 4 Selecting RP 6 with Nodes: 2146 and calcs: 856108252527 :: Predicted time: 0.083681, Actual Time: 0.086259
Build Time: 0.086259, Calc Time: 71.213148, reduction 11.123082
############################################
Predicted calcsPerSecond: 12023205416
SubGraph 0 Layer 5 Selecting RP 3 with Nodes: 3313 and calcs: 792743821759 :: Predicted time: 0.086259, Actual Time: 0.131467
Build Time: 0.131467, Calc Time: 65.934482, reduction 5.278666
############################################
Predicted calcsPerSecond: 12027361622
SubGraph 0 Layer 6 Selecting RP 8 with Nodes: 4709 and calcs: 753062977845 :: Predicted time: 0.131467, Actual Time: 0.247332
Build Time: 0.247332, Calc Time: 62.612483, reduction 3.321999
############################################
Predicted calcsPerSecond: 12024053490
SubGraph 0 Layer 7 Selecting RP 4 with Nodes: 6673 and calcs: 710576583003 :: Predicted time: 0.247332, Actual Time: 0.547111
Build Time: 0.547111, Calc Time: 59.096259, reduction 3.516224
############################################
Predicted calcsPerSecond: 12021146153
SubGraph 0 Layer 8 Selecting RP 6 with Nodes: 8352 and calcs: 677300652109 :: Predicted time: 0.547111, Actual Time: 1.087753
Build Time: 1.087753, Calc Time: 56.342436, reduction 2.753824
############################################
Predicted calcsPerSecond: 11984810374
SubGraph 0 Layer 9 Selecting RP 3 with Nodes: 10617 and calcs: 651527254849 :: Predicted time: 1.087753, Actual Time: 1.218772
Build Time: 1.218772, Calc Time: 54.362750, reduction 1.979685
############################################
Predicted calcsPerSecond: 11995929833
SubGraph 0 Layer 10 Selecting RP 8 with Nodes: 12564 and calcs: 625873926701 :: Predicted time: 1.218772, Actual Time: 2.248080
Build Time: 2.248080, Calc Time: 52.173857, reduction 2.188893
############################################
Final graph has 12564 nodes, 625873926701 calcs total
Node Construct time: 9.408375
Batchs: 17
Total results Set Size: 897710957 
Node Laucnher time: 33.668492
Total Time: 35.331717
Wave __________________________________________________
Wave __________________________________________________

Time to read in file: 0.085330

Number points: 287999 
Number Dimensions: 49 
Number Concurent Streams: 2
Block Size: 256, Kernel Blocks: 1024
Using using binary searches
Distance Threshold: 0.002000 
*********************************

Predicted calcsPerSecond: 14115087879
SubGraph 0 Layer 0 Selecting RP 1 with Nodes: 38 and calcs: 18610355839 :: Predicted time: 0.000000, Actual Time: 0.020428
Build Time: 0.020428, Calc Time: 1.318473, reduction -1.318473
############################################
Predicted calcsPerSecond: 14266947965
SubGraph 0 Layer 1 Selecting RP 2 with Nodes: 150 and calcs: 14133410059 :: Predicted time: 0.020428, Actual Time: 0.044116
Build Time: 0.044116, Calc Time: 0.990640, reduction 0.327832
############################################
Predicted calcsPerSecond: 14308281735
SubGraph 0 Layer 2 Selecting RP 7 with Nodes: 215 and calcs: 12933587453 :: Predicted time: 0.044116, Actual Time: 0.005398
Build Time: 0.005398, Calc Time: 0.903923, reduction 0.086717
############################################
Predicted calcsPerSecond: 14362769421
SubGraph 0 Layer 3 Selecting RP 1 with Nodes: 304 and calcs: 11880589041 :: Predicted time: 0.005398, Actual Time: 0.005982
Build Time: 0.005982, Calc Time: 0.827180, reduction 0.076744
############################################
Predicted calcsPerSecond: 14360744670
SubGraph 0 Layer 4 Selecting RP 1 with Nodes: 392 and calcs: 11386496769 :: Predicted time: 0.005982, Actual Time: 0.006612
Build Time: 0.006612, Calc Time: 0.792890, reduction 0.034289
############################################
Predicted calcsPerSecond: 14367534193
SubGraph 0 Layer 5 Selecting RP 2 with Nodes: 484 and calcs: 11118774167 :: Predicted time: 0.006612, Actual Time: 0.005552
Build Time: 0.005552, Calc Time: 0.773882, reduction 0.019009
############################################
Predicted calcsPerSecond: 14355710372
SubGraph 0 Layer 6 Selecting RP 6 with Nodes: 542 and calcs: 10977666711 :: Predicted time: 0.005552, Actual Time: 0.007307
Build Time: 0.007307, Calc Time: 0.764690, reduction 0.009192
############################################
Predicted calcsPerSecond: 14305137063
SubGraph 0 Layer 7 Selecting RP 2 with Nodes: 576 and calcs: 10903610643 :: Predicted time: 0.007307, Actual Time: 0.005394
Build Time: 0.005394, Calc Time: 0.762216, reduction 0.002473
############################################
Final graph has 576 nodes, 10903610643 calcs total
Node Construct time: 0.315024
Batchs: 2
Total results Set Size: 11651957 
Node Laucnher time: 0.523150
Total Time: 0.658218

Time to read in file: 0.031665

Number points: 287999 
Number Dimensions: 49 
Number Concurent Streams: 2
Block Size: 256, Kernel Blocks: 1024
Using using binary searches
Distance Threshold: 0.003250 
*********************************

Predicted calcsPerSecond: 14155183785
SubGraph 0 Layer 0 Selecting RP 1 with Nodes: 25 and calcs: 27540420945 :: Predicted time: 0.000000, Actual Time: 0.013924
Build Time: 0.013924, Calc Time: 1.945607, reduction -1.945607
############################################
Predicted calcsPerSecond: 14254907047
SubGraph 0 Layer 1 Selecting RP 2 with Nodes: 87 and calcs: 23345563191 :: Predicted time: 0.013924, Actual Time: 0.029083
Build Time: 0.029083, Calc Time: 1.637721, reduction 0.307886
############################################
Predicted calcsPerSecond: 14279156497
SubGraph 0 Layer 2 Selecting RP 1 with Nodes: 168 and calcs: 21381588217 :: Predicted time: 0.029083, Actual Time: 0.007584
Build Time: 0.007584, Calc Time: 1.497399, reduction 0.140323
############################################
Predicted calcsPerSecond: 14319195379
SubGraph 0 Layer 3 Selecting RP 1 with Nodes: 222 and calcs: 20136871299 :: Predicted time: 0.007584, Actual Time: 0.005160
Build Time: 0.005160, Calc Time: 1.406285, reduction 0.091113
############################################
Predicted calcsPerSecond: 14371792870
SubGraph 0 Layer 4 Selecting RP 1 with Nodes: 268 and calcs: 19473300895 :: Predicted time: 0.005160, Actual Time: 0.005125
Build Time: 0.005125, Calc Time: 1.354967, reduction 0.051318
############################################
Predicted calcsPerSecond: 14395975232
SubGraph 0 Layer 5 Selecting RP 1 with Nodes: 330 and calcs: 18972189179 :: Predicted time: 0.005125, Actual Time: 0.005894
Build Time: 0.005894, Calc Time: 1.317881, reduction 0.037085
############################################
Predicted calcsPerSecond: 14377909566
SubGraph 0 Layer 6 Selecting RP 1 with Nodes: 399 and calcs: 18572642983 :: Predicted time: 0.005894, Actual Time: 0.006421
Build Time: 0.006421, Calc Time: 1.291748, reduction 0.026133
############################################
Predicted calcsPerSecond: 14399393830
SubGraph 0 Layer 7 Selecting RP 1 with Nodes: 484 and calcs: 18269442773 :: Predicted time: 0.006421, Actual Time: 0.007470
Build Time: 0.007470, Calc Time: 1.268765, reduction 0.022984
############################################
Predicted calcsPerSecond: 14405956874
SubGraph 0 Layer 8 Selecting RP 1 with Nodes: 558 and calcs: 17998124983 :: Predicted time: 0.007470, Actual Time: 0.010041
Build Time: 0.010041, Calc Time: 1.249353, reduction 0.019412
############################################
Predicted calcsPerSecond: 14360986233
SubGraph 0 Layer 9 Selecting RP 3 with Nodes: 635 and calcs: 17878180011 :: Predicted time: 0.010041, Actual Time: 0.008664
Build Time: 0.008664, Calc Time: 1.244913, reduction 0.004440
############################################
Final graph has 635 nodes, 17878180011 calcs total
Node Construct time: 0.414392
Batchs: 2
Total results Set Size: 27340089 
Node Laucnher time: 0.723531
Total Time: 0.859245

Time to read in file: 0.028000

Number points: 287999 
Number Dimensions: 49 
Number Concurent Streams: 2
Block Size: 256, Kernel Blocks: 1024
Using using binary searches
Distance Threshold: 0.004500 
*********************************

Predicted calcsPerSecond: 14157479744
SubGraph 0 Layer 0 Selecting RP 3 with Nodes: 17 and calcs: 34895868125 :: Predicted time: 0.000000, Actual Time: 0.009924
Build Time: 0.009924, Calc Time: 2.464836, reduction -2.464836
############################################
Predicted calcsPerSecond: 14266357543
SubGraph 0 Layer 1 Selecting RP 2 with Nodes: 52 and calcs: 30838039823 :: Predicted time: 0.009924, Actual Time: 0.023454
Build Time: 0.023454, Calc Time: 2.161592, reduction 0.303244
############################################
Predicted calcsPerSecond: 14324081916
SubGraph 0 Layer 2 Selecting RP 5 with Nodes: 96 and calcs: 28830936055 :: Predicted time: 0.023454, Actual Time: 0.006485
Build Time: 0.006485, Calc Time: 2.012760, reduction 0.148832
############################################
Predicted calcsPerSecond: 14330205675
SubGraph 0 Layer 3 Selecting RP 2 with Nodes: 157 and calcs: 27454889763 :: Predicted time: 0.006485, Actual Time: 0.006316
Build Time: 0.006316, Calc Time: 1.915875, reduction 0.096884
############################################
Predicted calcsPerSecond: 14344410413
SubGraph 0 Layer 4 Selecting RP 1 with Nodes: 211 and calcs: 26532268545 :: Predicted time: 0.006316, Actual Time: 0.005681
Build Time: 0.005681, Calc Time: 1.849659, reduction 0.066216
############################################
Predicted calcsPerSecond: 14388901531
SubGraph 0 Layer 5 Selecting RP 3 with Nodes: 261 and calcs: 26051948835 :: Predicted time: 0.005681, Actual Time: 0.004894
Build Time: 0.004894, Calc Time: 1.810559, reduction 0.039100
############################################
Predicted calcsPerSecond: 14375094382
SubGraph 0 Layer 6 Selecting RP 1 with Nodes: 313 and calcs: 25634393389 :: Predicted time: 0.004894, Actual Time: 0.005835
Build Time: 0.005835, Calc Time: 1.783250, reduction 0.027308
############################################
Predicted calcsPerSecond: 14364046177
SubGraph 0 Layer 7 Selecting RP 1 with Nodes: 355 and calcs: 25192282569 :: Predicted time: 0.005835, Actual Time: 0.005577
Build Time: 0.005577, Calc Time: 1.753843, reduction 0.029407
############################################
Predicted calcsPerSecond: 14330979161
SubGraph 0 Layer 8 Selecting RP 2 with Nodes: 418 and calcs: 24877663803 :: Predicted time: 0.005577, Actual Time: 0.006447
Build Time: 0.006447, Calc Time: 1.735936, reduction 0.017907
############################################
Predicted calcsPerSecond: 14323142347
SubGraph 0 Layer 9 Selecting RP 3 with Nodes: 485 and calcs: 24682058995 :: Predicted time: 0.006447, Actual Time: 0.008139
Build Time: 0.008139, Calc Time: 1.723229, reduction 0.012707
############################################
Predicted calcsPerSecond: 14350680784
SubGraph 0 Layer 10 Selecting RP 2 with Nodes: 566 and calcs: 24496083547 :: Predicted time: 0.008139, Actual Time: 0.009454
Build Time: 0.009454, Calc Time: 1.706963, reduction 0.016266
############################################
Predicted calcsPerSecond: 14362962836
SubGraph 0 Layer 11 Selecting RP 2 with Nodes: 626 and calcs: 24343736929 :: Predicted time: 0.009454, Actual Time: 0.012322
Build Time: 0.012322, Calc Time: 1.694897, reduction 0.012067
############################################
Final graph has 626 nodes, 24343736929 calcs total
Node Construct time: 0.453480
Batchs: 2
Total results Set Size: 47254879 
Node Laucnher time: 0.988004
Total Time: 1.125625

Time to read in file: 0.028424

Number points: 287999 
Number Dimensions: 49 
Number Concurent Streams: 2
Block Size: 256, Kernel Blocks: 1024
Using using binary searches
Distance Threshold: 0.005750 
*********************************

Predicted calcsPerSecond: 14160378531
SubGraph 0 Layer 0 Selecting RP 6 with Nodes: 15 and calcs: 40034425453 :: Predicted time: 0.000000, Actual Time: 0.008924
Build Time: 0.008924, Calc Time: 2.827214, reduction -2.827214
############################################
Predicted calcsPerSecond: 14293112616
SubGraph 0 Layer 1 Selecting RP 4 with Nodes: 36 and calcs: 36485535735 :: Predicted time: 0.008924, Actual Time: 0.015451
Build Time: 0.015451, Calc Time: 2.552666, reduction 0.274549
############################################
Predicted calcsPerSecond: 14328329160
SubGraph 0 Layer 2 Selecting RP 4 with Nodes: 64 and calcs: 35059788465 :: Predicted time: 0.015451, Actual Time: 0.006819
Build Time: 0.006819, Calc Time: 2.446886, reduction 0.105779
############################################
Predicted calcsPerSecond: 14357440576
SubGraph 0 Layer 3 Selecting RP 6 with Nodes: 108 and calcs: 33996926329 :: Predicted time: 0.006819, Actual Time: 0.005844
Build Time: 0.005844, Calc Time: 2.367896, reduction 0.078990
############################################
Predicted calcsPerSecond: 14353221277
SubGraph 0 Layer 4 Selecting RP 1 with Nodes: 164 and calcs: 33053360959 :: Predicted time: 0.005844, Actual Time: 0.006153
Build Time: 0.006153, Calc Time: 2.302853, reduction 0.065043
############################################
Predicted calcsPerSecond: 14350647966
SubGraph 0 Layer 5 Selecting RP 4 with Nodes: 220 and calcs: 32293817869 :: Predicted time: 0.006153, Actual Time: 0.006034
Build Time: 0.006034, Calc Time: 2.250339, reduction 0.052515
############################################
Predicted calcsPerSecond: 14352175112
SubGraph 0 Layer 6 Selecting RP 1 with Nodes: 265 and calcs: 31765613457 :: Predicted time: 0.006034, Actual Time: 0.005438
Build Time: 0.005438, Calc Time: 2.213296, reduction 0.037043
############################################
Predicted calcsPerSecond: 14322657452
SubGraph 0 Layer 7 Selecting RP 2 with Nodes: 310 and calcs: 31387352775 :: Predicted time: 0.005438, Actual Time: 0.004963
Build Time: 0.004963, Calc Time: 2.191448, reduction 0.021849
############################################
Predicted calcsPerSecond: 14332658992
SubGraph 0 Layer 8 Selecting RP 1 with Nodes: 363 and calcs: 31015328147 :: Predicted time: 0.004963, Actual Time: 0.006352
Build Time: 0.006352, Calc Time: 2.163962, reduction 0.027486
############################################
Predicted calcsPerSecond: 14316813464
SubGraph 0 Layer 9 Selecting RP 4 with Nodes: 386 and calcs: 30703110237 :: Predicted time: 0.006352, Actual Time: 0.004299
Build Time: 0.004299, Calc Time: 2.144549, reduction 0.019413
############################################
Predicted calcsPerSecond: 14358628663
SubGraph 0 Layer 10 Selecting RP 3 with Nodes: 424 and calcs: 30474749757 :: Predicted time: 0.004299, Actual Time: 0.005836
Build Time: 0.005836, Calc Time: 2.122400, reduction 0.022149
############################################
Predicted calcsPerSecond: 14328327069
SubGraph 0 Layer 11 Selecting RP 3 with Nodes: 476 and calcs: 30263695755 :: Predicted time: 0.005836, Actual Time: 0.007044
Build Time: 0.007044, Calc Time: 2.112158, reduction 0.010241
############################################
Predicted calcsPerSecond: 14332883742
SubGraph 0 Layer 12 Selecting RP 1 with Nodes: 530 and calcs: 29985011037 :: Predicted time: 0.007044, Actual Time: 0.008754
Build Time: 0.008754, Calc Time: 2.092043, reduction 0.020115
############################################
Predicted calcsPerSecond: 14321142152
SubGraph 0 Layer 13 Selecting RP 9 with Nodes: 600 and calcs: 29861024347 :: Predicted time: 0.008754, Actual Time: 0.011106
Build Time: 0.011106, Calc Time: 2.085101, reduction 0.006942
############################################
Final graph has 600 nodes, 29861024347 calcs total
Node Construct time: 0.553386
Batchs: 2
Total results Set Size: 93070851 
Node Laucnher time: 1.355391
Total Time: 1.488149

Time to read in file: 0.034172

Number points: 287999 
Number Dimensions: 49 
Number Concurent Streams: 2
Block Size: 256, Kernel Blocks: 1024
Using using binary searches
Distance Threshold: 0.007000 
*********************************

Predicted calcsPerSecond: 14097378551
SubGraph 0 Layer 0 Selecting RP 3 with Nodes: 13 and calcs: 43968382041 :: Predicted time: 0.000000, Actual Time: 0.007930
Build Time: 0.007930, Calc Time: 3.118905, reduction -3.118905
############################################
Predicted calcsPerSecond: 14240777455
SubGraph 0 Layer 1 Selecting RP 6 with Nodes: 32 and calcs: 41506087741 :: Predicted time: 0.007930, Actual Time: 0.012273
Build Time: 0.012273, Calc Time: 2.914594, reduction 0.204311
############################################
Predicted calcsPerSecond: 14317828761
SubGraph 0 Layer 2 Selecting RP 5 with Nodes: 63 and calcs: 39746059499 :: Predicted time: 0.012273, Actual Time: 0.006564
Build Time: 0.006564, Calc Time: 2.775984, reduction 0.138611
############################################
Predicted calcsPerSecond: 14349664646
SubGraph 0 Layer 3 Selecting RP 6 with Nodes: 96 and calcs: 38816859959 :: Predicted time: 0.006564, Actual Time: 0.005323
Build Time: 0.005323, Calc Time: 2.705071, reduction 0.070913
############################################
Predicted calcsPerSecond: 14359112680
SubGraph 0 Layer 4 Selecting RP 5 with Nodes: 147 and calcs: 38097259923 :: Predicted time: 0.005323, Actual Time: 0.005629
Build Time: 0.005629, Calc Time: 2.653176, reduction 0.051894
############################################
Predicted calcsPerSecond: 14372318444
SubGraph 0 Layer 5 Selecting RP 3 with Nodes: 184 and calcs: 37558645459 :: Predicted time: 0.005629, Actual Time: 0.005290
Build Time: 0.005290, Calc Time: 2.613263, reduction 0.039914
############################################
Predicted calcsPerSecond: 14369879291
SubGraph 0 Layer 6 Selecting RP 1 with Nodes: 235 and calcs: 36915363819 :: Predicted time: 0.005290, Actual Time: 0.005163
Build Time: 0.005163, Calc Time: 2.568940, reduction 0.044322
############################################
Predicted calcsPerSecond: 14339032225
SubGraph 0 Layer 7 Selecting RP 1 with Nodes: 282 and calcs: 36538113321 :: Predicted time: 0.005163, Actual Time: 0.005776
Build Time: 0.005776, Calc Time: 2.548158, reduction 0.020783
############################################
Predicted calcsPerSecond: 14344680599
SubGraph 0 Layer 8 Selecting RP 3 with Nodes: 316 and calcs: 36233727363 :: Predicted time: 0.005776, Actual Time: 0.004981
Build Time: 0.004981, Calc Time: 2.525935, reduction 0.022223
############################################
Predicted calcsPerSecond: 14346529797
SubGraph 0 Layer 9 Selecting RP 3 with Nodes: 361 and calcs: 35998401051 :: Predicted time: 0.004981, Actual Time: 0.005751
Build Time: 0.005751, Calc Time: 2.509206, reduction 0.016729
############################################
Predicted calcsPerSecond: 14336832322
SubGraph 0 Layer 10 Selecting RP 2 with Nodes: 421 and calcs: 35781252667 :: Predicted time: 0.005751, Actual Time: 0.007262
Build Time: 0.007262, Calc Time: 2.495757, reduction 0.013449
############################################
Predicted calcsPerSecond: 14353266433
SubGraph 0 Layer 11 Selecting RP 2 with Nodes: 480 and calcs: 35576042543 :: Predicted time: 0.007262, Actual Time: 0.009697
Build Time: 0.009697, Calc Time: 2.478603, reduction 0.017155
############################################
Predicted calcsPerSecond: 14339285681
SubGraph 0 Layer 12 Selecting RP 1 with Nodes: 549 and calcs: 35311801559 :: Predicted time: 0.009697, Actual Time: 0.009777
Build Time: 0.009777, Calc Time: 2.462591, reduction 0.016011
############################################
Predicted calcsPerSecond: 14275278918
SubGraph 0 Layer 13 Selecting RP 1 with Nodes: 586 and calcs: 35101001357 :: Predicted time: 0.009777, Actual Time: 0.011012
Build Time: 0.011012, Calc Time: 2.458866, reduction 0.003725
############################################
Final graph has 586 nodes, 35101001357 calcs total
Node Construct time: 0.513665
Batchs: 2
Total results Set Size: 290127035 
Node Laucnher time: 2.332251
Total Time: 2.457574
BIGCROSS____________________________________________________________
BIGCROSS____________________________________________________________

Time to read in file: 12.534381

Number points: 11620300 
Number Dimensions: 57 
Number Concurent Streams: 2
Block Size: 256, Kernel Blocks: 1024
Using using binary searches
Distance Threshold: 0.001000 
*********************************

Predicted calcsPerSecond: 12395848326
SubGraph 0 Layer 0 Selecting RP 1 with Nodes: 284 and calcs: 2218851098970 :: Predicted time: 0.000000, Actual Time: 0.212775
Build Time: 0.212775, Calc Time: 178.999536, reduction -178.999536
############################################
Predicted calcsPerSecond: 12385914006
SubGraph 0 Layer 1 Selecting RP 9 with Nodes: 12804 and calcs: 199240449126 :: Predicted time: 0.212775, Actual Time: 28.795226
Build Time: 28.795226, Calc Time: 16.086051, reduction 162.913485
############################################
Predicted calcsPerSecond: 12381589362
SubGraph 0 Layer 2 Selecting RP 0 with Nodes: 56603 and calcs: 120929213754 :: Predicted time: 28.795226, Actual Time: 2.656183
Build Time: 2.656183, Calc Time: 9.766857, reduction 6.319194
############################################
Predicted calcsPerSecond: 12279397687
SubGraph 0 Layer 3 Selecting RP 0 with Nodes: 56603 and calcs: 120929213754 :: Predicted time: 2.656183, Actual Time: 0.638736
Build Time: 0.638736, Calc Time: 9.848139, reduction -0.081282
############################################
Final graph has 56603 nodes, 120929213754 calcs total
Node Construct time: 11.021463
Batchs: 45
Total results Set Size: 41137474 
Node Laucnher time: 17.035729
Total Time: 23.485882

Time to read in file: 11.455793

Number points: 11620300 
Number Dimensions: 57 
Number Concurent Streams: 2
Block Size: 256, Kernel Blocks: 1024
Using using binary searches
Distance Threshold: 0.005750 
*********************************

Predicted calcsPerSecond: 12375788397
SubGraph 0 Layer 0 Selecting RP 1 with Nodes: 50 and calcs: 12707374244866 :: Predicted time: 0.000000, Actual Time: 0.095889
Build Time: 0.095889, Calc Time: 1026.793109, reduction -1026.793109
############################################
Predicted calcsPerSecond: 12379354157
SubGraph 0 Layer 1 Selecting RP 9 with Nodes: 491 and calcs: 5686280490162 :: Predicted time: 0.095889, Actual Time: 4.324298
Build Time: 4.324298, Calc Time: 459.335796, reduction 567.457313
############################################
Predicted calcsPerSecond: 12381717552
SubGraph 0 Layer 2 Selecting RP 0 with Nodes: 3403 and calcs: 2813104710430 :: Predicted time: 4.324298, Actual Time: 1.297799
Build Time: 1.297799, Calc Time: 227.198262, reduction 232.137533
############################################
Predicted calcsPerSecond: 12375672594
SubGraph 0 Layer 3 Selecting RP 7 with Nodes: 7685 and calcs: 2275045131178 :: Predicted time: 1.297799, Actual Time: 0.532034
Build Time: 0.532034, Calc Time: 183.832039, reduction 43.366223
############################################
Predicted calcsPerSecond: 12380524891
SubGraph 0 Layer 4 Selecting RP 0 with Nodes: 14791 and calcs: 1618859620100 :: Predicted time: 0.532034, Actual Time: 0.464684
Build Time: 0.464684, Calc Time: 130.758561, reduction 53.073478
############################################
Predicted calcsPerSecond: 12384031149
SubGraph 0 Layer 5 Selecting RP 4 with Nodes: 29122 and calcs: 1173221806090 :: Predicted time: 0.464684, Actual Time: 1.683091
Build Time: 1.683091, Calc Time: 94.736665, reduction 36.021896
############################################
Predicted calcsPerSecond: 12380978614
SubGraph 0 Layer 6 Selecting RP 1 with Nodes: 39126 and calcs: 1014566290784 :: Predicted time: 1.683091, Actual Time: 2.440420
Build Time: 2.440420, Calc Time: 81.945565, reduction 12.791099
############################################
Predicted calcsPerSecond: 12376565847
SubGraph 0 Layer 7 Selecting RP 6 with Nodes: 43764 and calcs: 992052523520 :: Predicted time: 2.440420, Actual Time: 3.936614
Build Time: 3.936614, Calc Time: 80.155718, reduction 1.789847
############################################
Final graph has 43764 nodes, 992052523520 calcs total
Node Construct time: 24.239666
Batchs: 45
Total results Set Size: 539888914 
Node Laucnher time: 38.261772
Total Time: 44.689399

Time to read in file: 11.625055

Number points: 11620300 
Number Dimensions: 57 
Number Concurent Streams: 2
Block Size: 256, Kernel Blocks: 1024
Using using binary searches
Distance Threshold: 0.010500 
*********************************

Predicted calcsPerSecond: 12379692495
SubGraph 0 Layer 0 Selecting RP 1 with Nodes: 28 and calcs: 23026901662088 :: Predicted time: 0.000000, Actual Time: 0.084867
Build Time: 0.084867, Calc Time: 1860.054413, reduction -1860.054413
############################################
Predicted calcsPerSecond: 12381929987
SubGraph 0 Layer 1 Selecting RP 9 with Nodes: 171 and calcs: 15137745540152 :: Predicted time: 0.084867, Actual Time: 2.237980
Build Time: 2.237980, Calc Time: 1222.567528, reduction 637.486885
############################################
Predicted calcsPerSecond: 12386375613
SubGraph 0 Layer 2 Selecting RP 0 with Nodes: 823 and calcs: 10665352954338 :: Predicted time: 2.237980, Actual Time: 1.241219
Build Time: 1.241219, Calc Time: 861.055186, reduction 361.512343
############################################
Predicted calcsPerSecond: 12379137076
SubGraph 0 Layer 3 Selecting RP 7 with Nodes: 1842 and calcs: 9277529000604 :: Predicted time: 1.241219, Actual Time: 1.441649
Build Time: 1.441649, Calc Time: 749.448766, reduction 111.606420
############################################
Predicted calcsPerSecond: 12382750580
SubGraph 0 Layer 4 Selecting RP 0 with Nodes: 4074 and calcs: 6944932139770 :: Predicted time: 1.441649, Actual Time: 0.570956
Build Time: 0.570956, Calc Time: 560.855369, reduction 188.593397
############################################
Predicted calcsPerSecond: 12382267374
SubGraph 0 Layer 5 Selecting RP 4 with Nodes: 8637 and calcs: 5842543402050 :: Predicted time: 0.570956, Actual Time: 0.840490
Build Time: 0.840490, Calc Time: 471.847621, reduction 89.007748
############################################
Predicted calcsPerSecond: 12380418171
SubGraph 0 Layer 6 Selecting RP 1 with Nodes: 15136 and calcs: 4685296243906 :: Predicted time: 0.840490, Actual Time: 1.354293
Build Time: 1.354293, Calc Time: 378.444103, reduction 93.403518
############################################
Predicted calcsPerSecond: 12377445193
SubGraph 0 Layer 7 Selecting RP 6 with Nodes: 21116 and calcs: 4418819402866 :: Predicted time: 1.354293, Actual Time: 2.811892
Build Time: 2.811892, Calc Time: 357.005774, reduction 21.438328
############################################
Predicted calcsPerSecond: 12375635116
SubGraph 0 Layer 8 Selecting RP 0 with Nodes: 29185 and calcs: 4029409608102 :: Predicted time: 2.811892, Actual Time: 2.488603
Build Time: 2.488603, Calc Time: 325.592147, reduction 31.413627
############################################
Predicted calcsPerSecond: 12375404275
SubGraph 0 Layer 9 Selecting RP 0 with Nodes: 37530 and calcs: 3785327975158 :: Predicted time: 2.488603, Actual Time: 2.997085
Build Time: 2.997085, Calc Time: 305.875096, reduction 19.717051
############################################
Predicted calcsPerSecond: 12382156513
SubGraph 0 Layer 10 Selecting RP 1 with Nodes: 47296 and calcs: 3638626014826 :: Predicted time: 2.997085, Actual Time: 8.557253
Build Time: 8.557253, Calc Time: 293.860444, reduction 12.014652
############################################
Predicted calcsPerSecond: 12383335719
SubGraph 0 Layer 11 Selecting RP 0 with Nodes: 57751 and calcs: 3445324284390 :: Predicted time: 8.557253, Actual Time: 7.467027
Build Time: 7.467027, Calc Time: 278.222634, reduction 15.637810
############################################
Predicted calcsPerSecond: 12377135028
SubGraph 0 Layer 12 Selecting RP 0 with Nodes: 66094 and calcs: 3359504873684 :: Predicted time: 7.467027, Actual Time: 10.003665
Build Time: 10.003665, Calc Time: 271.428312, reduction 6.794322
############################################
Final graph has 66094 nodes, 3359504873684 calcs total
Node Construct time: 74.360702
Batchs: 87
Total results Set Size: 1686078098 
Node Laucnher time: 117.247275
Total Time: 123.662859

Time to read in file: 11.414293

Number points: 11620300 
Number Dimensions: 57 
Number Concurent Streams: 2
Block Size: 256, Kernel Blocks: 1024
Using using binary searches
Distance Threshold: 0.015250 
*********************************

Predicted calcsPerSecond: 12378753592
SubGraph 0 Layer 0 Selecting RP 1 with Nodes: 19 and calcs: 33074580959368 :: Predicted time: 0.000000, Actual Time: 0.080373
Build Time: 0.080373, Calc Time: 2671.882974, reduction -2671.882974
############################################
Predicted calcsPerSecond: 12379980547
SubGraph 0 Layer 1 Selecting RP 9 with Nodes: 95 and calcs: 25399610622444 :: Predicted time: 0.080373, Actual Time: 1.521465
Build Time: 1.521465, Calc Time: 2051.668056, reduction 620.214918
############################################
Predicted calcsPerSecond: 12383996451
SubGraph 0 Layer 2 Selecting RP 0 with Nodes: 355 and calcs: 20820491874220 :: Predicted time: 1.521465, Actual Time: 0.819526
Build Time: 0.819526, Calc Time: 1681.241751, reduction 370.426305
############################################
Predicted calcsPerSecond: 12388457092
SubGraph 0 Layer 3 Selecting RP 2 with Nodes: 748 and calcs: 18481532606976 :: Predicted time: 0.819526, Actual Time: 0.501714
Build Time: 0.501714, Calc Time: 1491.834897, reduction 189.406854
############################################
Predicted calcsPerSecond: 12385355767
SubGraph 0 Layer 4 Selecting RP 0 with Nodes: 1684 and calcs: 14529927649062 :: Predicted time: 0.501714, Actual Time: 0.648503
Build Time: 0.648503, Calc Time: 1173.153838, reduction 318.681059
############################################
Predicted calcsPerSecond: 12385658995
SubGraph 0 Layer 5 Selecting RP 2 with Nodes: 3058 and calcs: 13340423302278 :: Predicted time: 0.648503, Actual Time: 0.434431
Build Time: 0.434431, Calc Time: 1077.086274, reduction 96.067563
############################################
Predicted calcsPerSecond: 12380839949
SubGraph 0 Layer 6 Selecting RP 1 with Nodes: 4948 and calcs: 11895957726760 :: Predicted time: 0.434431, Actual Time: 0.533951
Build Time: 0.533951, Calc Time: 960.836080, reduction 116.250194
############################################
Predicted calcsPerSecond: 12380765522
SubGraph 0 Layer 7 Selecting RP 6 with Nodes: 7624 and calcs: 11318627801790 :: Predicted time: 0.533951, Actual Time: 0.674628
Build Time: 0.674628, Calc Time: 914.210659, reduction 46.625422
############################################
Predicted calcsPerSecond: 12383278903
SubGraph 0 Layer 8 Selecting RP 0 with Nodes: 11647 and calcs: 10530533676306 :: Predicted time: 0.674628, Actual Time: 1.394171
Build Time: 1.394171, Calc Time: 850.383308, reduction 63.827351
############################################
Predicted calcsPerSecond: 12378787741
SubGraph 0 Layer 9 Selecting RP 4 with Nodes: 14967 and calcs: 10087249078888 :: Predicted time: 1.394171, Actual Time: 2.061362
Build Time: 2.061362, Calc Time: 814.881820, reduction 35.501488
############################################
Predicted calcsPerSecond: 12382952606
SubGraph 0 Layer 10 Selecting RP 1 with Nodes: 20076 and calcs: 9760642083300 :: Predicted time: 2.061362, Actual Time: 3.050775
Build Time: 3.050775, Calc Time: 788.232209, reduction 26.649611
############################################
Predicted calcsPerSecond: 12379215964
SubGraph 0 Layer 11 Selecting RP 0 with Nodes: 27419 and calcs: 9175555938690 :: Predicted time: 3.050775, Actual Time: 3.611741
Build Time: 3.611741, Calc Time: 741.206549, reduction 47.025660
############################################
Predicted calcsPerSecond: 12381893123
SubGraph 0 Layer 12 Selecting RP 0 with Nodes: 36315 and calcs: 8835999313122 :: Predicted time: 3.611741, Actual Time: 8.325401
Build Time: 8.325401, Calc Time: 713.622644, reduction 27.583904
############################################
Predicted calcsPerSecond: 12379147133
SubGraph 0 Layer 13 Selecting RP 8 with Nodes: 42699 and calcs: 8706682541722 :: Predicted time: 8.325401, Actual Time: 11.459193
Build Time: 11.459193, Calc Time: 703.334604, reduction 10.288041
############################################
Final graph has 42699 nodes, 8706682541722 calcs total
Node Construct time: 59.353172
Batchs: 220
Total results Set Size: 4751938200 
Node Laucnher time: 203.625839
Total Time: 210.032501

Time to read in file: 11.692257

Number points: 11620300 
Number Dimensions: 57 
Number Concurent Streams: 2
Block Size: 256, Kernel Blocks: 1024
Using using binary searches
Distance Threshold: 0.020000 
*********************************

Predicted calcsPerSecond: 12377945353
SubGraph 0 Layer 0 Selecting RP 1 with Nodes: 15 and calcs: 42781421770598 :: Predicted time: 0.000000, Actual Time: 0.078377
Build Time: 0.078377, Calc Time: 3456.261968, reduction -3456.261968
############################################
Predicted calcsPerSecond: 12383325831
SubGraph 0 Layer 1 Selecting RP 9 with Nodes: 58 and calcs: 35176437417218 :: Predicted time: 0.078377, Actual Time: 1.222231
Build Time: 1.222231, Calc Time: 2840.629238, reduction 615.632731
############################################
Predicted calcsPerSecond: 12381737468
SubGraph 0 Layer 2 Selecting RP 0 with Nodes: 199 and calcs: 31156064280546 :: Predicted time: 1.222231, Actual Time: 0.909464
Build Time: 0.909464, Calc Time: 2516.291785, reduction 324.337452
############################################
Predicted calcsPerSecond: 12376319860
SubGraph 0 Layer 3 Selecting RP 2 with Nodes: 401 and calcs: 28345082153310 :: Predicted time: 0.909464, Actual Time: 0.543251
Build Time: 0.543251, Calc Time: 2290.267420, reduction 226.024366
############################################
Predicted calcsPerSecond: 12382847351
SubGraph 0 Layer 4 Selecting RP 0 with Nodes: 890 and calcs: 23547976626506 :: Predicted time: 0.543251, Actual Time: 0.607327
Build Time: 0.607327, Calc Time: 1901.660899, reduction 388.606521
############################################
Predicted calcsPerSecond: 12383597654
SubGraph 0 Layer 5 Selecting RP 4 with Nodes: 1649 and calcs: 21843812575554 :: Predicted time: 0.607327, Actual Time: 0.512270
Build Time: 0.512270, Calc Time: 1763.931063, reduction 137.729836
############################################
Predicted calcsPerSecond: 12383683742
SubGraph 0 Layer 6 Selecting RP 1 with Nodes: 2817 and calcs: 19606715706008 :: Predicted time: 0.512270, Actual Time: 1.148857
Build Time: 1.148857, Calc Time: 1583.270060, reduction 180.661003
############################################
Predicted calcsPerSecond: 12381057183
SubGraph 0 Layer 7 Selecting RP 5 with Nodes: 4029 and calcs: 18935882150126 :: Predicted time: 1.148857, Actual Time: 0.390524
Build Time: 0.390524, Calc Time: 1529.423689, reduction 53.846371
############################################
Predicted calcsPerSecond: 12380217235
SubGraph 0 Layer 8 Selecting RP 0 with Nodes: 6175 and calcs: 18118395976384 :: Predicted time: 0.390524, Actual Time: 0.586923
Build Time: 0.586923, Calc Time: 1463.495804, reduction 65.927885
############################################
Predicted calcsPerSecond: 12379372931
SubGraph 0 Layer 9 Selecting RP 3 with Nodes: 7947 and calcs: 17478150168388 :: Predicted time: 0.586923, Actual Time: 0.849357
Build Time: 0.849357, Calc Time: 1411.876859, reduction 51.618945
############################################
Predicted calcsPerSecond: 12382188775
SubGraph 0 Layer 10 Selecting RP 1 with Nodes: 10893 and calcs: 17059404167616 :: Predicted time: 0.849357, Actual Time: 1.384929
Build Time: 1.384929, Calc Time: 1377.737368, reduction 34.139491
############################################
Predicted calcsPerSecond: 12382887364
SubGraph 0 Layer 11 Selecting RP 0 with Nodes: 15119 and calcs: 16260774919312 :: Predicted time: 1.384929, Actual Time: 2.570533
Build Time: 2.570533, Calc Time: 1313.165051, reduction 64.572316
############################################
Predicted calcsPerSecond: 12388846650
SubGraph 0 Layer 12 Selecting RP 0 with Nodes: 20112 and calcs: 15977405174908 :: Predicted time: 2.570533, Actual Time: 3.355809
Build Time: 3.355809, Calc Time: 1289.660420, reduction 23.504631
############################################
Predicted calcsPerSecond: 12379935577
SubGraph 0 Layer 13 Selecting RP 2 with Nodes: 23819 and calcs: 15791039660868 :: Predicted time: 3.355809, Actual Time: 6.041787
Build Time: 6.041787, Calc Time: 1275.534882, reduction 14.125538
############################################
Predicted calcsPerSecond: 12375638244
SubGraph 0 Layer 14 Selecting RP 0 with Nodes: 29046 and calcs: 15303432184740 :: Predicted time: 6.041787, Actual Time: 7.173378
Build Time: 7.173378, Calc Time: 1236.577208, reduction 38.957674
############################################
Predicted calcsPerSecond: 12376057337
SubGraph 0 Layer 15 Selecting RP 1 with Nodes: 36109 and calcs: 14860321706784 :: Predicted time: 7.173378, Actual Time: 9.756871
Build Time: 9.756871, Calc Time: 1200.731485, reduction 35.845723
############################################
Predicted calcsPerSecond: 12379223720
SubGraph 0 Layer 16 Selecting RP 7 with Nodes: 42149 and calcs: 14643395529348 :: Predicted time: 9.756871, Actual Time: 15.073492
Build Time: 15.073492, Calc Time: 1182.900952, reduction 17.830533
############################################
Predicted calcsPerSecond: 12380568799
SubGraph 0 Layer 17 Selecting RP 6 with Nodes: 49101 and calcs: 14485444117576 :: Predicted time: 15.073492, Actual Time: 18.605541
Build Time: 18.605541, Calc Time: 1170.014428, reduction 12.886525
############################################
Final graph has 49101 nodes, 14485444117576 calcs total
Node Construct time: 105.228515
Batchs: 367
Total results Set Size: 12151386442 
Node Laucnher time: 473.482091
Total Time: 479.867138
SUSY ________________________________________________________________
SUSY ________________________________________________________________

Time to read in file: 0.556953

Number points: 5000000 
Number Dimensions: 18 
Number Concurent Streams: 2
Block Size: 256, Kernel Blocks: 1024
Using using binary searches
Distance Threshold: 0.010000 
*********************************

Predicted calcsPerSecond: 53120813769
SubGraph 0 Layer 0 Selecting RP 5 with Nodes: 33 and calcs: 8418473200814 :: Predicted time: 0.000000, Actual Time: 0.020493
Build Time: 0.020493, Calc Time: 158.477866, reduction -158.477866
############################################
Predicted calcsPerSecond: 53251800462
SubGraph 0 Layer 1 Selecting RP 7 with Nodes: 375 and calcs: 3497905710176 :: Predicted time: 0.020493, Actual Time: 1.901201
Build Time: 1.901201, Calc Time: 65.686149, reduction 92.791717
############################################
Predicted calcsPerSecond: 53277180960
SubGraph 0 Layer 2 Selecting RP 5 with Nodes: 1940 and calcs: 1940815258058 :: Predicted time: 1.901201, Actual Time: 0.570133
Build Time: 0.570133, Calc Time: 36.428640, reduction 29.257509
############################################
Predicted calcsPerSecond: 53153494583
SubGraph 0 Layer 3 Selecting RP 8 with Nodes: 5330 and calcs: 1078558060880 :: Predicted time: 0.570133, Actual Time: 0.256007
Build Time: 0.256007, Calc Time: 20.291386, reduction 16.137255
############################################
Predicted calcsPerSecond: 53239099774
SubGraph 0 Layer 4 Selecting RP 3 with Nodes: 12931 and calcs: 741620864094 :: Predicted time: 0.256007, Actual Time: 0.776538
Build Time: 0.776538, Calc Time: 13.930004, reduction 6.361382
############################################
Predicted calcsPerSecond: 53264863359
SubGraph 0 Layer 5 Selecting RP 0 with Nodes: 21594 and calcs: 604590868836 :: Predicted time: 0.776538, Actual Time: 0.697322
Build Time: 0.697322, Calc Time: 11.350651, reduction 2.579353
############################################
Predicted calcsPerSecond: 53225398586
SubGraph 0 Layer 6 Selecting RP 0 with Nodes: 32076 and calcs: 517598545148 :: Predicted time: 0.697322, Actual Time: 1.808585
Build Time: 1.808585, Calc Time: 9.724653, reduction 1.625998
############################################
Final graph has 32076 nodes, 517598545148 calcs total
Node Construct time: 7.762680
Batchs: 20
Total results Set Size: 30844186 
Node Laucnher time: 14.858088
Total Time: 15.729094

Time to read in file: 0.188351

Number points: 5000000 
Number Dimensions: 18 
Number Concurent Streams: 2
Block Size: 256, Kernel Blocks: 1024
Using using binary searches
Distance Threshold: 0.012750 
*********************************

Predicted calcsPerSecond: 52938068106
SubGraph 0 Layer 0 Selecting RP 5 with Nodes: 26 and calcs: 10500822904818 :: Predicted time: 0.000000, Actual Time: 0.017007
Build Time: 0.017007, Calc Time: 198.360524, reduction -198.360524
############################################
Predicted calcsPerSecond: 53221467933
SubGraph 0 Layer 1 Selecting RP 7 with Nodes: 251 and calcs: 5350617776724 :: Predicted time: 0.017007, Actual Time: 1.553330
Build Time: 1.553330, Calc Time: 100.534953, reduction 97.825571
############################################
Predicted calcsPerSecond: 53046786468
SubGraph 0 Layer 2 Selecting RP 5 with Nodes: 1165 and calcs: 3449022735320 :: Predicted time: 1.553330, Actual Time: 0.514461
Build Time: 0.514461, Calc Time: 65.018505, reduction 35.516448
############################################
Predicted calcsPerSecond: 52948558026
SubGraph 0 Layer 3 Selecting RP 8 with Nodes: 3087 and calcs: 2215253042120 :: Predicted time: 0.514461, Actual Time: 0.322892
Build Time: 0.322892, Calc Time: 41.837835, reduction 23.180670
############################################
Predicted calcsPerSecond: 53170246190
SubGraph 0 Layer 4 Selecting RP 3 with Nodes: 7821 and calcs: 1634876869472 :: Predicted time: 0.322892, Actual Time: 0.440056
Build Time: 0.440056, Calc Time: 30.747965, reduction 11.089870
############################################
Predicted calcsPerSecond: 53152937349
SubGraph 0 Layer 5 Selecting RP 0 with Nodes: 14169 and calcs: 1369777553108 :: Predicted time: 0.440056, Actual Time: 0.578562
Build Time: 0.578562, Calc Time: 25.770496, reduction 4.977469
############################################
Predicted calcsPerSecond: 53365397530
SubGraph 0 Layer 6 Selecting RP 0 with Nodes: 25679 and calcs: 1061977281130 :: Predicted time: 0.578562, Actual Time: 1.684194
Build Time: 1.684194, Calc Time: 19.900110, reduction 5.870386
############################################
Predicted calcsPerSecond: 53362246439
SubGraph 0 Layer 7 Selecting RP 1 with Nodes: 35338 and calcs: 960853651250 :: Predicted time: 1.684194, Actual Time: 6.646983
Build Time: 6.646983, Calc Time: 18.006244, reduction 1.893866
############################################
Final graph has 35338 nodes, 960853651250 calcs total
Node Construct time: 13.014978
Batchs: 26
Total results Set Size: 162647128 
Node Laucnher time: 28.254822
Total Time: 29.125339

Time to read in file: 0.524962

Number points: 5000000 
Number Dimensions: 18 
Number Concurent Streams: 2
Block Size: 256, Kernel Blocks: 1024
Using using binary searches
Distance Threshold: 0.015500 
*********************************

Predicted calcsPerSecond: 52825270199
SubGraph 0 Layer 0 Selecting RP 5 with Nodes: 21 and calcs: 12434365277642 :: Predicted time: 0.000000, Actual Time: 0.014516
Build Time: 0.014516, Calc Time: 235.386686, reduction -235.386686
############################################
Predicted calcsPerSecond: 53022120247
SubGraph 0 Layer 1 Selecting RP 7 with Nodes: 187 and calcs: 7362745253038 :: Predicted time: 0.014516, Actual Time: 1.261539
Build Time: 1.261539, Calc Time: 138.861766, reduction 96.524920
############################################
Predicted calcsPerSecond: 52726181587
SubGraph 0 Layer 2 Selecting RP 5 with Nodes: 813 and calcs: 5250065978912 :: Predicted time: 1.261539, Actual Time: 0.487972
Build Time: 0.487972, Calc Time: 99.572277, reduction 39.289489
############################################
Predicted calcsPerSecond: 52726076611
SubGraph 0 Layer 3 Selecting RP 8 with Nodes: 1979 and calcs: 3776043498506 :: Predicted time: 0.487972, Actual Time: 0.254544
Build Time: 0.254544, Calc Time: 71.616243, reduction 27.956035
############################################
Predicted calcsPerSecond: 52871443717
SubGraph 0 Layer 4 Selecting RP 3 with Nodes: 5123 and calcs: 2960837329790 :: Predicted time: 0.254544, Actual Time: 0.318531
Build Time: 0.318531, Calc Time: 56.000690, reduction 15.615553
############################################
Predicted calcsPerSecond: 52993069104
SubGraph 0 Layer 5 Selecting RP 0 with Nodes: 9367 and calcs: 2600018977904 :: Predicted time: 0.318531, Actual Time: 0.384686
Build Time: 0.384686, Calc Time: 49.063378, reduction 6.937312
############################################
Predicted calcsPerSecond: 53391422404
SubGraph 0 Layer 6 Selecting RP 0 with Nodes: 17947 and calcs: 2080969736578 :: Predicted time: 0.384686, Actual Time: 1.297152
Build Time: 1.297152, Calc Time: 38.975731, reduction 10.087647
############################################
Predicted calcsPerSecond: 53331502554
SubGraph 0 Layer 7 Selecting RP 4 with Nodes: 25167 and calcs: 1849400808182 :: Predicted time: 1.297152, Actual Time: 4.504028
Build Time: 4.504028, Calc Time: 34.677456, reduction 4.298276
############################################
Final graph has 25167 nodes, 1849400808182 calcs total
Node Construct time: 10.311474
Batchs: 48
Total results Set Size: 655680946 
Node Laucnher time: 48.987808
Total Time: 49.861398

Time to read in file: 0.531606

Number points: 5000000 
Number Dimensions: 18 
Number Concurent Streams: 2
Block Size: 256, Kernel Blocks: 1024
Using using binary searches
Distance Threshold: 0.018250 
*********************************

Predicted calcsPerSecond: 52398720553
SubGraph 0 Layer 0 Selecting RP 5 with Nodes: 19 and calcs: 14196403216390 :: Predicted time: 0.000000, Actual Time: 0.013548
Build Time: 0.013548, Calc Time: 270.930341, reduction -270.930341
############################################
Predicted calcsPerSecond: 52839977271
SubGraph 0 Layer 1 Selecting RP 7 with Nodes: 139 and calcs: 9414195657546 :: Predicted time: 0.013548, Actual Time: 0.948923
Build Time: 0.948923, Calc Time: 178.164264, reduction 92.766077
############################################
Predicted calcsPerSecond: 53028730845
SubGraph 0 Layer 2 Selecting RP 5 with Nodes: 554 and calcs: 7211845423704 :: Predicted time: 0.948923, Actual Time: 0.449932
Build Time: 0.449932, Calc Time: 135.998831, reduction 42.165433
############################################
Predicted calcsPerSecond: 53058859359
SubGraph 0 Layer 3 Selecting RP 8 with Nodes: 1368 and calcs: 5619905596064 :: Predicted time: 0.449932, Actual Time: 0.264581
Build Time: 0.264581, Calc Time: 105.918327, reduction 30.080505
############################################
Predicted calcsPerSecond: 53103846200
SubGraph 0 Layer 4 Selecting RP 3 with Nodes: 3494 and calcs: 4618966869870 :: Predicted time: 0.264581, Actual Time: 0.254775
Build Time: 0.254775, Calc Time: 86.979893, reduction 18.938433
############################################
Predicted calcsPerSecond: 53392398435
SubGraph 0 Layer 5 Selecting RP 7 with Nodes: 6092 and calcs: 4193705490116 :: Predicted time: 0.254775, Actual Time: 0.359979
Build Time: 0.359979, Calc Time: 78.544992, reduction 8.434902
############################################
Predicted calcsPerSecond: 53304674104
SubGraph 0 Layer 6 Selecting RP 0 with Nodes: 11712 and calcs: 3532542974232 :: Predicted time: 0.359979, Actual Time: 0.832655
Build Time: 0.832655, Calc Time: 66.270792, reduction 12.274200
############################################
Predicted calcsPerSecond: 52808848853
SubGraph 0 Layer 7 Selecting RP 6 with Nodes: 17053 and calcs: 3136842883786 :: Predicted time: 0.832655, Actual Time: 3.268730
Build Time: 3.268730, Calc Time: 59.399948, reduction 6.870844
############################################
Predicted calcsPerSecond: 53021132845
SubGraph 0 Layer 8 Selecting RP 9 with Nodes: 24515 and calcs: 2831943967006 :: Predicted time: 3.268730, Actual Time: 5.197313
Build Time: 5.197313, Calc Time: 53.411608, reduction 5.988340
############################################
Predicted calcsPerSecond: 53222769701
SubGraph 0 Layer 9 Selecting RP 8 with Nodes: 31969 and calcs: 2635912172844 :: Predicted time: 5.197313, Actual Time: 7.394155
Build Time: 7.394155, Calc Time: 49.526024, reduction 3.885584
############################################
Final graph has 31969 nodes, 2635912172844 calcs total
Node Construct time: 19.326862
Batchs: 68
Total results Set Size: 2072898048 
Node Laucnher time: 91.272199
Total Time: 92.147850

Time to read in file: 0.524639

Number points: 5000000 
Number Dimensions: 18 
Number Concurent Streams: 2
Block Size: 256, Kernel Blocks: 1024
Using using binary searches
Distance Threshold: 0.021000 
*********************************

Predicted calcsPerSecond: 52528593226
SubGraph 0 Layer 0 Selecting RP 5 with Nodes: 16 and calcs: 15786445839984 :: Predicted time: 0.000000, Actual Time: 0.012038
Build Time: 0.012038, Calc Time: 300.530528, reduction -300.530528
############################################
Predicted calcsPerSecond: 52854661989
SubGraph 0 Layer 1 Selecting RP 7 with Nodes: 115 and calcs: 11415409130670 :: Predicted time: 0.012038, Actual Time: 0.892846
Build Time: 0.892846, Calc Time: 215.977337, reduction 84.553191
############################################
Predicted calcsPerSecond: 52771491618
SubGraph 0 Layer 2 Selecting RP 5 with Nodes: 441 and calcs: 9217569760074 :: Predicted time: 0.892846, Actual Time: 0.464906
Build Time: 0.464906, Calc Time: 174.669494, reduction 41.307842
############################################
Predicted calcsPerSecond: 52895345185
SubGraph 0 Layer 3 Selecting RP 8 with Nodes: 1017 and calcs: 7621645778304 :: Predicted time: 0.464906, Actual Time: 0.245467
Build Time: 0.245467, Calc Time: 144.089159, reduction 30.580336
############################################
Predicted calcsPerSecond: 52998559131
SubGraph 0 Layer 4 Selecting RP 3 with Nodes: 2533 and calcs: 6497591836078 :: Predicted time: 0.245467, Actual Time: 0.238288
Build Time: 0.238288, Calc Time: 122.599405, reduction 21.489753
############################################
Predicted calcsPerSecond: 52965868516
SubGraph 0 Layer 5 Selecting RP 7 with Nodes: 4464 and calcs: 6004370893982 :: Predicted time: 0.238288, Actual Time: 0.275479
Build Time: 0.275479, Calc Time: 113.363022, reduction 9.236384
############################################
Predicted calcsPerSecond: 53219494230
SubGraph 0 Layer 6 Selecting RP 0 with Nodes: 8568 and calcs: 5283172796642 :: Predicted time: 0.275479, Actual Time: 0.740754
Build Time: 0.740754, Calc Time: 99.271383, reduction 14.091639
############################################
Predicted calcsPerSecond: 53331731006
SubGraph 0 Layer 7 Selecting RP 6 with Nodes: 12788 and calcs: 4783519594994 :: Predicted time: 0.740754, Actual Time: 2.093873
Build Time: 2.093873, Calc Time: 89.693687, reduction 9.577696
############################################
Predicted calcsPerSecond: 53176001736
SubGraph 0 Layer 8 Selecting RP 9 with Nodes: 18997 and calcs: 4358666082846 :: Predicted time: 2.093873, Actual Time: 4.132440
Build Time: 4.132440, Calc Time: 81.966788, reduction 7.726899
############################################
Predicted calcsPerSecond: 53300003658
SubGraph 0 Layer 9 Selecting RP 8 with Nodes: 25471 and calcs: 4094840908100 :: Predicted time: 4.132440, Actual Time: 6.388724
Build Time: 6.388724, Calc Time: 76.826278, reduction 5.140510
############################################
Final graph has 25471 nodes, 4094840908100 calcs total
Node Construct time: 16.388986
Batchs: 105
Total results Set Size: 5457260816 
Node Laucnher time: 168.181441
Total Time: 169.053271
HIGGS ________________________________________________________________
HIGGS ________________________________________________________________

Time to read in file: 1.897121

Number points: 11000000 
Number Dimensions: 28 
Number Concurent Streams: 2
Block Size: 256, Kernel Blocks: 1024
Using using binary searches
Distance Threshold: 0.010000 
*********************************

Predicted calcsPerSecond: 25657083271
SubGraph 0 Layer 0 Selecting RP 1 with Nodes: 27 and calcs: 38474612440442 :: Predicted time: 0.000000, Actual Time: 0.036186
Build Time: 0.036186, Calc Time: 1499.570783, reduction -1499.570783
############################################
Predicted calcsPerSecond: 25668690618
SubGraph 0 Layer 1 Selecting RP 5 with Nodes: 291 and calcs: 16198994249218 :: Predicted time: 0.036186, Actual Time: 4.221930
Build Time: 4.221930, Calc Time: 631.079882, reduction 868.490901
############################################
Predicted calcsPerSecond: 25668367647
SubGraph 0 Layer 2 Selecting RP 3 with Nodes: 1766 and calcs: 8583667810584 :: Predicted time: 4.221930, Actual Time: 1.874566
Build Time: 1.874566, Calc Time: 334.406454, reduction 296.673428
############################################
Predicted calcsPerSecond: 25679755843
SubGraph 0 Layer 3 Selecting RP 8 with Nodes: 8485 and calcs: 4415495184422 :: Predicted time: 1.874566, Actual Time: 2.887488
Build Time: 2.887488, Calc Time: 171.944594, reduction 162.461861
############################################
Predicted calcsPerSecond: 25680367737
SubGraph 0 Layer 4 Selecting RP 1 with Nodes: 29540 and calcs: 2515049303244 :: Predicted time: 2.887488, Actual Time: 3.948188
Build Time: 3.948188, Calc Time: 97.936655, reduction 74.007939
############################################
Predicted calcsPerSecond: 25690221739
SubGraph 0 Layer 5 Selecting RP 2 with Nodes: 66077 and calcs: 1630322673358 :: Predicted time: 3.948188, Actual Time: 9.616361
Build Time: 9.616361, Calc Time: 63.460825, reduction 34.475829
############################################
Predicted calcsPerSecond: 25673318361
SubGraph 0 Layer 6 Selecting RP 0 with Nodes: 112063 and calcs: 1318011263498 :: Predicted time: 9.616361, Actual Time: 16.404039
Build Time: 16.404039, Calc Time: 51.337784, reduction 12.123042
############################################
Final graph has 112063 nodes, 1318011263498 calcs total
Node Construct time: 36.304079
Batchs: 43
Total results Set Size: 11566498 
Node Laucnher time: 63.431382
Total Time: 66.392805
Completed!
