rm -f build/main build/*.o
nvcc  -lcuda -Xcompiler -fopenmp -arch=compute_80 -code=sm_80 -O3 -I. -c -o build/main.o src/main.cu -lm
nvcc  -lcuda -Xcompiler -fopenmp -arch=compute_80 -code=sm_80 -O3 -I. -c -o build/launcher.o src/launcher.cu -lm
nvcc  -lcuda -Xcompiler -fopenmp -arch=compute_80 -code=sm_80 -O3 -I. -c -o build/kernel.o src/kernel.cu
nvcc  -lcuda -Xcompiler -fopenmp -arch=compute_80 -code=sm_80 -O3 -I. -c -o build/nodes.o src/nodes.cu -lm
nvcc  -lcuda -Xcompiler -fopenmp -arch=compute_80 -code=sm_80 -O3 -I. -c -o build/tree.o src/tree.cu -lm
nvcc  -lcuda -Xcompiler -fopenmp -arch=compute_80 -code=sm_80 -O3 -I. -c -o build/utils.o src/utils.cu -lm
nvcc  -lcuda -Xcompiler -fopenmp -arch=compute_80 -code=sm_80 -O3 -I. -o build/main build/main.o build/launcher.o build/kernel.o build/nodes.o build/tree.o build/utils.o
MSD ________________________________________________________________
MSD ________________________________________________________________

Time to read in file: 0.278671

Number points: 515345 
Number Dimensions: 90 
Number Concurent Streams: 2
Block Size: 256, Kernel Blocks: 1024
Using using binary searches
Distance Threshold: 0.007000 
*********************************

Predicted calcsPerSecond: 9052582385
SubGraph 0 Layer 0 Selecting RP 1 with Nodes: 21 and calcs: 170979007977 :: Predicted time: 0.000000, Actual Time: 0.015901
Build Time: 0.015901, Calc Time: 18.887319, reduction -18.887319
############################################
Predicted calcsPerSecond: 9063321904
SubGraph 0 Layer 1 Selecting RP 3 with Nodes: 60 and calcs: 149860162609 :: Predicted time: 0.015901, Actual Time: 0.031590
Build Time: 0.031590, Calc Time: 16.534794, reduction 2.352524
############################################
Predicted calcsPerSecond: 9082679790
SubGraph 0 Layer 2 Selecting RP 1 with Nodes: 123 and calcs: 139008172495 :: Predicted time: 0.031590, Actual Time: 0.019132
Build Time: 0.019132, Calc Time: 15.304753, reduction 1.230041
############################################
Predicted calcsPerSecond: 9082550582
SubGraph 0 Layer 3 Selecting RP 1 with Nodes: 217 and calcs: 129775808043 :: Predicted time: 0.019132, Actual Time: 0.016700
Build Time: 0.016700, Calc Time: 14.288476, reduction 1.016277
############################################
Predicted calcsPerSecond: 9094561532
SubGraph 0 Layer 4 Selecting RP 1 with Nodes: 326 and calcs: 124080002709 :: Predicted time: 0.016700, Actual Time: 0.014448
Build Time: 0.014448, Calc Time: 13.643319, reduction 0.645157
############################################
Predicted calcsPerSecond: 9095331001
SubGraph 0 Layer 5 Selecting RP 1 with Nodes: 489 and calcs: 119576095503 :: Predicted time: 0.014448, Actual Time: 0.048352
Build Time: 0.048352, Calc Time: 13.146976, reduction 0.496343
############################################
Predicted calcsPerSecond: 8982842631
SubGraph 0 Layer 6 Selecting RP 5 with Nodes: 669 and calcs: 116543627597 :: Predicted time: 0.048352, Actual Time: 0.023971
Build Time: 0.023971, Calc Time: 12.974025, reduction 0.172950
############################################
Predicted calcsPerSecond: 9017241500
SubGraph 0 Layer 7 Selecting RP 3 with Nodes: 910 and calcs: 114004585017 :: Predicted time: 0.023971, Actual Time: 0.026247
Build Time: 0.026247, Calc Time: 12.642956, reduction 0.331070
############################################
Predicted calcsPerSecond: 9002324938
SubGraph 0 Layer 8 Selecting RP 3 with Nodes: 1130 and calcs: 112390412367 :: Predicted time: 0.026247, Actual Time: 0.037092
Build Time: 0.037092, Calc Time: 12.484598, reduction 0.158357
############################################
Predicted calcsPerSecond: 9002859315
SubGraph 0 Layer 9 Selecting RP 5 with Nodes: 1392 and calcs: 111189005735 :: Predicted time: 0.037092, Actual Time: 0.050538
Build Time: 0.050538, Calc Time: 12.350410, reduction 0.134188
############################################
Predicted calcsPerSecond: 9059964370
SubGraph 0 Layer 10 Selecting RP 2 with Nodes: 1667 and calcs: 109498184001 :: Predicted time: 0.050538, Actual Time: 0.068581
Build Time: 0.068581, Calc Time: 12.085940, reduction 0.264470
############################################
Predicted calcsPerSecond: 9073525620
SubGraph 0 Layer 11 Selecting RP 3 with Nodes: 1890 and calcs: 108778791561 :: Predicted time: 0.068581, Actual Time: 0.083080
Build Time: 0.083080, Calc Time: 11.988591, reduction 0.097348
############################################
Predicted calcsPerSecond: 9054948185
SubGraph 0 Layer 12 Selecting RP 4 with Nodes: 2202 and calcs: 107876911003 :: Predicted time: 0.083080, Actual Time: 0.100132
Build Time: 0.100132, Calc Time: 11.913587, reduction 0.075005
############################################
Final graph has 2202 nodes, 107876911003 calcs total
Node Construct time: 1.201363
Batchs: 3
Total results Set Size: 65915313 
Node Laucnher time: 3.785866
Total Time: 4.242494

Time to read in file: 0.097974

Number points: 515345 
Number Dimensions: 90 
Number Concurent Streams: 2
Block Size: 256, Kernel Blocks: 1024
Using using binary searches
Distance Threshold: 0.007525 
*********************************

Predicted calcsPerSecond: 9055620490
SubGraph 0 Layer 0 Selecting RP 1 with Nodes: 20 and calcs: 177585998311 :: Predicted time: 0.000000, Actual Time: 0.015399
Build Time: 0.015399, Calc Time: 19.610583, reduction -19.610583
############################################
Predicted calcsPerSecond: 9078599468
SubGraph 0 Layer 1 Selecting RP 5 with Nodes: 68 and calcs: 158803937551 :: Predicted time: 0.015399, Actual Time: 0.036417
Build Time: 0.036417, Calc Time: 17.492118, reduction 2.118465
############################################
Predicted calcsPerSecond: 9086891363
SubGraph 0 Layer 2 Selecting RP 3 with Nodes: 131 and calcs: 148513057549 :: Predicted time: 0.036417, Actual Time: 0.015016
Build Time: 0.015016, Calc Time: 16.343659, reduction 1.148459
############################################
Predicted calcsPerSecond: 9107131078
SubGraph 0 Layer 3 Selecting RP 1 with Nodes: 234 and calcs: 137677365371 :: Predicted time: 0.015016, Actual Time: 0.014708
Build Time: 0.014708, Calc Time: 15.117534, reduction 1.226125
############################################
Predicted calcsPerSecond: 9105000266
SubGraph 0 Layer 4 Selecting RP 7 with Nodes: 358 and calcs: 133010189565 :: Predicted time: 0.014708, Actual Time: 0.014495
Build Time: 0.014495, Calc Time: 14.608477, reduction 0.509057
############################################
Predicted calcsPerSecond: 7857303012
SubGraph 0 Layer 5 Selecting RP 1 with Nodes: 539 and calcs: 127316136919 :: Predicted time: 0.014495, Actual Time: 0.023525
Build Time: 0.023525, Calc Time: 16.203542, reduction -1.595064
############################################
Final graph has 539 nodes, 127316136919 calcs total
Node Construct time: 0.368512
Batchs: 3
Total results Set Size: 121384099 
Node Laucnher time: 4.151368
Total Time: 4.600050

Time to read in file: 0.081577

Number points: 515345 
Number Dimensions: 90 
Number Concurent Streams: 2
Block Size: 256, Kernel Blocks: 1024
Using using binary searches
Distance Threshold: 0.008050 
*********************************

Predicted calcsPerSecond: 9068546797
SubGraph 0 Layer 0 Selecting RP 2 with Nodes: 20 and calcs: 185481056983 :: Predicted time: 0.000000, Actual Time: 0.015391
Build Time: 0.015391, Calc Time: 20.453228, reduction -20.453228
############################################
Predicted calcsPerSecond: 9069760448
SubGraph 0 Layer 1 Selecting RP 2 with Nodes: 49 and calcs: 166462369995 :: Predicted time: 0.015391, Actual Time: 0.027228
Build Time: 0.027228, Calc Time: 18.353558, reduction 2.099671
############################################
Predicted calcsPerSecond: 9075794723
SubGraph 0 Layer 2 Selecting RP 1 with Nodes: 98 and calcs: 155725370431 :: Predicted time: 0.027228, Actual Time: 0.015857
Build Time: 0.015857, Calc Time: 17.158318, reduction 1.195240
############################################
Predicted calcsPerSecond: 9082084640
SubGraph 0 Layer 3 Selecting RP 1 with Nodes: 178 and calcs: 145253277755 :: Predicted time: 0.015857, Actual Time: 0.014945
Build Time: 0.014945, Calc Time: 15.993385, reduction 1.164933
############################################
Predicted calcsPerSecond: 9082937058
SubGraph 0 Layer 4 Selecting RP 7 with Nodes: 272 and calcs: 140866333045 :: Predicted time: 0.014945, Actual Time: 0.014701
Build Time: 0.014701, Calc Time: 15.508897, reduction 0.484488
############################################
Predicted calcsPerSecond: 7654619560
SubGraph 0 Layer 5 Selecting RP 1 with Nodes: 388 and calcs: 137091205829 :: Predicted time: 0.014701, Actual Time: 0.031994
Build Time: 0.031994, Calc Time: 17.909604, reduction -2.400707
############################################
Final graph has 388 nodes, 137091205829 calcs total
Node Construct time: 0.425867
Batchs: 4
Total results Set Size: 207932133 
Node Laucnher time: 5.046679
Total Time: 5.486416

Time to read in file: 0.082388

Number points: 515345 
Number Dimensions: 90 
Number Concurent Streams: 2
Block Size: 256, Kernel Blocks: 1024
Using using binary searches
Distance Threshold: 0.008575 
*********************************

Predicted calcsPerSecond: 9031587800
SubGraph 0 Layer 0 Selecting RP 1 with Nodes: 18 and calcs: 191503325863 :: Predicted time: 0.000000, Actual Time: 0.014413
Build Time: 0.014413, Calc Time: 21.203727, reduction -21.203727
############################################
Predicted calcsPerSecond: 9052495250
SubGraph 0 Layer 1 Selecting RP 1 with Nodes: 58 and calcs: 171337397771 :: Predicted time: 0.014413, Actual Time: 0.035546
Build Time: 0.035546, Calc Time: 18.927091, reduction 2.276637
############################################
Predicted calcsPerSecond: 9076596227
SubGraph 0 Layer 2 Selecting RP 1 with Nodes: 105 and calcs: 162079090077 :: Predicted time: 0.035546, Actual Time: 0.016511
Build Time: 0.016511, Calc Time: 17.856814, reduction 1.070277
############################################
Predicted calcsPerSecond: 9093947715
SubGraph 0 Layer 3 Selecting RP 1 with Nodes: 170 and calcs: 153617511199 :: Predicted time: 0.016511, Actual Time: 0.013790
Build Time: 0.013790, Calc Time: 16.892280, reduction 0.964534
############################################
Predicted calcsPerSecond: 9097882619
SubGraph 0 Layer 4 Selecting RP 7 with Nodes: 254 and calcs: 148977654501 :: Predicted time: 0.013790, Actual Time: 0.021828
Build Time: 0.021828, Calc Time: 16.374981, reduction 0.517299
############################################
Predicted calcsPerSecond: 9098873431
SubGraph 0 Layer 5 Selecting RP 1 with Nodes: 390 and calcs: 143698129447 :: Predicted time: 0.021828, Actual Time: 0.014581
Build Time: 0.014581, Calc Time: 15.792958, reduction 0.582023
############################################
Predicted calcsPerSecond: 9096460730
SubGraph 0 Layer 6 Selecting RP 5 with Nodes: 516 and calcs: 141380708171 :: Predicted time: 0.014581, Actual Time: 0.015701
Build Time: 0.015701, Calc Time: 15.542386, reduction 0.250572
############################################
Predicted calcsPerSecond: 9097713357
SubGraph 0 Layer 7 Selecting RP 3 with Nodes: 709 and calcs: 139396701737 :: Predicted time: 0.015701, Actual Time: 0.019783
Build Time: 0.019783, Calc Time: 15.322169, reduction 0.220217
############################################
Predicted calcsPerSecond: 9104301893
SubGraph 0 Layer 8 Selecting RP 1 with Nodes: 852 and calcs: 137536270091 :: Predicted time: 0.019783, Actual Time: 0.026595
Build Time: 0.026595, Calc Time: 15.106734, reduction 0.215435
############################################
Predicted calcsPerSecond: 9106865342
SubGraph 0 Layer 9 Selecting RP 1 with Nodes: 997 and calcs: 135897534261 :: Predicted time: 0.026595, Actual Time: 0.025601
Build Time: 0.025601, Calc Time: 14.922537, reduction 0.184197
############################################
Predicted calcsPerSecond: 9108190143
SubGraph 0 Layer 10 Selecting RP 2 with Nodes: 1241 and calcs: 133826399615 :: Predicted time: 0.025601, Actual Time: 0.047281
Build Time: 0.047281, Calc Time: 14.692974, reduction 0.229563
############################################
Predicted calcsPerSecond: 9096429974
SubGraph 0 Layer 11 Selecting RP 2 with Nodes: 1430 and calcs: 133046250459 :: Predicted time: 0.047281, Actual Time: 0.059528
Build Time: 0.059528, Calc Time: 14.626205, reduction 0.066769
############################################
Predicted calcsPerSecond: 9048964688
SubGraph 0 Layer 12 Selecting RP 4 with Nodes: 1712 and calcs: 131919015945 :: Predicted time: 0.059528, Actual Time: 0.069876
Build Time: 0.069876, Calc Time: 14.578355, reduction 0.047851
############################################
Final graph has 1712 nodes, 131919015945 calcs total
Node Construct time: 1.071906
Batchs: 4
Total results Set Size: 335507787 
Node Laucnher time: 7.002805
Total Time: 7.469651

Time to read in file: 0.077931

Number points: 515345 
Number Dimensions: 90 
Number Concurent Streams: 2
Block Size: 256, Kernel Blocks: 1024
Using using binary searches
Distance Threshold: 0.009100 
*********************************

Predicted calcsPerSecond: 9031805344
SubGraph 0 Layer 0 Selecting RP 1 with Nodes: 17 and calcs: 197994635393 :: Predicted time: 0.000000, Actual Time: 0.013913
Build Time: 0.013913, Calc Time: 21.921933, reduction -21.921933
############################################
Predicted calcsPerSecond: 9066768825
SubGraph 0 Layer 1 Selecting RP 6 with Nodes: 57 and calcs: 181835460273 :: Predicted time: 0.013913, Actual Time: 0.033434
Build Time: 0.033434, Calc Time: 20.055156, reduction 1.866778
############################################
Predicted calcsPerSecond: 9086841274
SubGraph 0 Layer 2 Selecting RP 1 with Nodes: 111 and calcs: 171457913779 :: Predicted time: 0.033434, Actual Time: 0.017403
Build Time: 0.017403, Calc Time: 18.868814, reduction 1.186342
############################################
Predicted calcsPerSecond: 9093921889
SubGraph 0 Layer 3 Selecting RP 1 with Nodes: 176 and calcs: 161211297375 :: Predicted time: 0.017403, Actual Time: 0.013448
Build Time: 0.013448, Calc Time: 17.727368, reduction 1.141446
############################################
Predicted calcsPerSecond: 9093408823
SubGraph 0 Layer 4 Selecting RP 7 with Nodes: 251 and calcs: 157997765075 :: Predicted time: 0.013448, Actual Time: 0.012863
Build Time: 0.012863, Calc Time: 17.374977, reduction 0.352391
############################################
Predicted calcsPerSecond: 9093339331
SubGraph 0 Layer 5 Selecting RP 1 with Nodes: 376 and calcs: 152391504645 :: Predicted time: 0.012863, Actual Time: 0.031990
Build Time: 0.031990, Calc Time: 16.758585, reduction 0.616391
############################################
Predicted calcsPerSecond: 9095279495
SubGraph 0 Layer 6 Selecting RP 2 with Nodes: 476 and calcs: 149818884943 :: Predicted time: 0.031990, Actual Time: 0.016217
Build Time: 0.016217, Calc Time: 16.472158, reduction 0.286427
############################################
Predicted calcsPerSecond: 9104514867
SubGraph 0 Layer 7 Selecting RP 7 with Nodes: 626 and calcs: 147854988681 :: Predicted time: 0.016217, Actual Time: 0.016000
Build Time: 0.016000, Calc Time: 16.239744, reduction 0.232415
############################################
Predicted calcsPerSecond: 9060933507
SubGraph 0 Layer 8 Selecting RP 2 with Nodes: 756 and calcs: 145892674049 :: Predicted time: 0.016000, Actual Time: 0.022189
Build Time: 0.022189, Calc Time: 16.101285, reduction 0.138459
############################################
Predicted calcsPerSecond: 9037776289
SubGraph 0 Layer 9 Selecting RP 1 with Nodes: 914 and calcs: 144172469429 :: Predicted time: 0.022189, Actual Time: 0.025540
Build Time: 0.025540, Calc Time: 15.952206, reduction 0.149079
############################################
Predicted calcsPerSecond: 9053592005
SubGraph 0 Layer 10 Selecting RP 8 with Nodes: 1150 and calcs: 142501832035 :: Predicted time: 0.025540, Actual Time: 0.045375
Build Time: 0.045375, Calc Time: 15.739812, reduction 0.212394
############################################
Predicted calcsPerSecond: 9060033336
SubGraph 0 Layer 11 Selecting RP 5 with Nodes: 1359 and calcs: 141748885439 :: Predicted time: 0.045375, Actual Time: 0.064563
Build Time: 0.064563, Calc Time: 15.645515, reduction 0.094297
############################################
Predicted calcsPerSecond: 9040901472
SubGraph 0 Layer 12 Selecting RP 4 with Nodes: 1596 and calcs: 140337485067 :: Predicted time: 0.064563, Actual Time: 0.071612
Build Time: 0.071612, Calc Time: 15.522510, reduction 0.123005
############################################
Predicted calcsPerSecond: 9074646310
SubGraph 0 Layer 13 Selecting RP 2 with Nodes: 1845 and calcs: 139382979989 :: Predicted time: 0.071612, Actual Time: 0.098183
Build Time: 0.098183, Calc Time: 15.359605, reduction 0.162905
############################################
Predicted calcsPerSecond: 9085101525
SubGraph 0 Layer 14 Selecting RP 3 with Nodes: 2090 and calcs: 138666871987 :: Predicted time: 0.098183, Actual Time: 0.134074
Build Time: 0.134074, Calc Time: 15.263106, reduction 0.096498
############################################
Final graph has 2090 nodes, 138666871987 calcs total
Node Construct time: 1.458476
Batchs: 4
Total results Set Size: 514928275 
Node Laucnher time: 8.499538
Total Time: 8.956201
Census____________________________________________________________
Census____________________________________________________________

Time to read in file: 2.123619

Number points: 2458285 
Number Dimensions: 68 
Number Concurent Streams: 2
Block Size: 256, Kernel Blocks: 1024
Using using binary searches
Distance Threshold: 0.001000 
*********************************

Predicted calcsPerSecond: 11994247523
SubGraph 0 Layer 0 Selecting RP 1 with Nodes: 226 and calcs: 267839562229 :: Predicted time: 0.000000, Actual Time: 0.129901
Build Time: 0.129901, Calc Time: 22.330668, reduction -22.330668
############################################
Predicted calcsPerSecond: 12002117523
SubGraph 0 Layer 1 Selecting RP 8 with Nodes: 5569 and calcs: 49684967055 :: Predicted time: 0.129901, Actual Time: 3.853496
Build Time: 3.853496, Calc Time: 4.139683, reduction 18.190985
############################################
Predicted calcsPerSecond: 12004099933
SubGraph 0 Layer 2 Selecting RP 0 with Nodes: 10186 and calcs: 28853311551 :: Predicted time: 3.853496, Actual Time: 0.111176
Build Time: 0.111176, Calc Time: 2.403621, reduction 1.736062
############################################
Predicted calcsPerSecond: 12011734468
SubGraph 0 Layer 3 Selecting RP 1 with Nodes: 10329 and calcs: 28500904977 :: Predicted time: 0.111176, Actual Time: 0.057673
Build Time: 0.057673, Calc Time: 2.372755, reduction 0.030866
############################################
Final graph has 10329 nodes, 28500904977 calcs total
Node Construct time: 1.964022
Batchs: 10
Total results Set Size: 55650567 
Node Laucnher time: 4.141848
Total Time: 5.797861

Time to read in file: 1.433858

Number points: 2458285 
Number Dimensions: 68 
Number Concurent Streams: 2
Block Size: 256, Kernel Blocks: 1024
Using using binary searches
Distance Threshold: 0.003250 
*********************************

Predicted calcsPerSecond: 11984009777
SubGraph 0 Layer 0 Selecting RP 1 with Nodes: 71 and calcs: 845568418799 :: Predicted time: 0.000000, Actual Time: 0.052415
Build Time: 0.052415, Calc Time: 70.558055, reduction -70.558055
############################################
Predicted calcsPerSecond: 11996367853
SubGraph 0 Layer 1 Selecting RP 8 with Nodes: 916 and calcs: 366799983833 :: Predicted time: 0.052415, Actual Time: 0.995317
Build Time: 0.995317, Calc Time: 30.575920, reduction 39.982135
############################################
Predicted calcsPerSecond: 12010604480
SubGraph 0 Layer 2 Selecting RP 2 with Nodes: 2374 and calcs: 235701471557 :: Predicted time: 0.995317, Actual Time: 0.183570
Build Time: 0.183570, Calc Time: 19.624447, reduction 10.951473
############################################
Predicted calcsPerSecond: 11999938114
SubGraph 0 Layer 3 Selecting RP 6 with Nodes: 4781 and calcs: 170667439095 :: Predicted time: 0.183570, Actual Time: 0.141264
Build Time: 0.141264, Calc Time: 14.222360, reduction 5.402087
############################################
Predicted calcsPerSecond: 12011607319
SubGraph 0 Layer 4 Selecting RP 6 with Nodes: 7493 and calcs: 134513642389 :: Predicted time: 0.141264, Actual Time: 0.164555
Build Time: 0.164555, Calc Time: 11.198638, reduction 3.023722
############################################
Predicted calcsPerSecond: 12014838296
SubGraph 0 Layer 5 Selecting RP 0 with Nodes: 8805 and calcs: 127565146105 :: Predicted time: 0.164555, Actual Time: 0.119106
Build Time: 0.119106, Calc Time: 10.617300, reduction 0.581338
############################################
Predicted calcsPerSecond: 12014584608
SubGraph 0 Layer 6 Selecting RP 8 with Nodes: 9523 and calcs: 125284874529 :: Predicted time: 0.119106, Actual Time: 0.227091
Build Time: 0.227091, Calc Time: 10.427733, reduction 0.189568
############################################
Final graph has 9523 nodes, 125284874529 calcs total
Node Construct time: 3.523570
Batchs: 10
Total results Set Size: 55650567 
Node Laucnher time: 7.676173
Total Time: 9.332840

Time to read in file: 0.580926

Number points: 2458285 
Number Dimensions: 68 
Number Concurent Streams: 2
Block Size: 256, Kernel Blocks: 1024
Using using binary searches
Distance Threshold: 0.005500 
*********************************

Predicted calcsPerSecond: 12001132809
SubGraph 0 Layer 0 Selecting RP 1 with Nodes: 43 and calcs: 1364011199683 :: Predicted time: 0.000000, Actual Time: 0.038391
Build Time: 0.038391, Calc Time: 113.656871, reduction -113.656871
############################################
Predicted calcsPerSecond: 11988390038
SubGraph 0 Layer 1 Selecting RP 8 with Nodes: 380 and calcs: 818114099099 :: Predicted time: 0.038391, Actual Time: 0.612792
Build Time: 0.612792, Calc Time: 68.242199, reduction 45.414672
############################################
Predicted calcsPerSecond: 12001813280
SubGraph 0 Layer 2 Selecting RP 6 with Nodes: 942 and calcs: 650095939019 :: Predicted time: 0.612792, Actual Time: 0.185485
Build Time: 0.185485, Calc Time: 54.166477, reduction 14.075722
############################################
Predicted calcsPerSecond: 11993333835
SubGraph 0 Layer 3 Selecting RP 9 with Nodes: 2062 and calcs: 528238697975 :: Predicted time: 0.185485, Actual Time: 0.160285
Build Time: 0.160285, Calc Time: 44.044359, reduction 10.122118
############################################
Predicted calcsPerSecond: 12007336854
SubGraph 0 Layer 4 Selecting RP 6 with Nodes: 3912 and calcs: 425410316367 :: Predicted time: 0.160285, Actual Time: 0.157843
Build Time: 0.157843, Calc Time: 35.429198, reduction 8.615161
############################################
Predicted calcsPerSecond: 12005679990
SubGraph 0 Layer 5 Selecting RP 3 with Nodes: 5775 and calcs: 381098875077 :: Predicted time: 0.157843, Actual Time: 0.198274
Build Time: 0.198274, Calc Time: 31.743214, reduction 3.685984
############################################
Predicted calcsPerSecond: 12012578091
SubGraph 0 Layer 6 Selecting RP 8 with Nodes: 7582 and calcs: 358264609455 :: Predicted time: 0.198274, Actual Time: 0.300436
Build Time: 0.300436, Calc Time: 29.824123, reduction 1.919091
############################################
Predicted calcsPerSecond: 12012744520
SubGraph 0 Layer 7 Selecting RP 4 with Nodes: 9647 and calcs: 338486210573 :: Predicted time: 0.300436, Actual Time: 1.259793
Build Time: 1.259793, Calc Time: 28.177259, reduction 1.646864
############################################
Predicted calcsPerSecond: 12010727937
SubGraph 0 Layer 8 Selecting RP 3 with Nodes: 11197 and calcs: 329064452405 :: Predicted time: 1.259793, Actual Time: 0.630825
Build Time: 0.630825, Calc Time: 27.397544, reduction 0.779714
############################################
Predicted calcsPerSecond: 12008230479
SubGraph 0 Layer 9 Selecting RP 7 with Nodes: 12698 and calcs: 321481519709 :: Predicted time: 0.630825, Actual Time: 1.035283
Build Time: 1.035283, Calc Time: 26.771765, reduction 0.625780
############################################
Final graph has 12698 nodes, 321481519709 calcs total
Node Construct time: 7.467195
Batchs: 10
Total results Set Size: 311087687 
Node Laucnher time: 18.669080
Total Time: 20.310968

Time to read in file: 2.048105

Number points: 2458285 
Number Dimensions: 68 
Number Concurent Streams: 2
Block Size: 256, Kernel Blocks: 1024
Using using binary searches
Distance Threshold: 0.007750 
*********************************

Predicted calcsPerSecond: 11991844180
SubGraph 0 Layer 0 Selecting RP 1 with Nodes: 31 and calcs: 1815151802107 :: Predicted time: 0.000000, Actual Time: 0.032404
Build Time: 0.032404, Calc Time: 151.365526, reduction -151.365526
############################################
Predicted calcsPerSecond: 12000623628
SubGraph 0 Layer 1 Selecting RP 8 with Nodes: 218 and calcs: 1307694621745 :: Predicted time: 0.032404, Actual Time: 0.433455
Build Time: 0.433455, Calc Time: 108.968889, reduction 42.396637
############################################
Predicted calcsPerSecond: 11992877592
SubGraph 0 Layer 2 Selecting RP 6 with Nodes: 538 and calcs: 1135616953867 :: Predicted time: 0.433455, Actual Time: 0.121069
Build Time: 0.121069, Calc Time: 94.690948, reduction 14.277940
############################################
Predicted calcsPerSecond: 11989569033
SubGraph 0 Layer 3 Selecting RP 9 with Nodes: 1116 and calcs: 989885489125 :: Predicted time: 0.121069, Actual Time: 0.087867
Build Time: 0.087867, Calc Time: 82.562224, reduction 12.128724
############################################
Predicted calcsPerSecond: 12004786619
SubGraph 0 Layer 4 Selecting RP 6 with Nodes: 2146 and calcs: 856108252527 :: Predicted time: 0.087867, Actual Time: 0.100024
Build Time: 0.100024, Calc Time: 71.313908, reduction 11.248316
############################################
Predicted calcsPerSecond: 12015878778
SubGraph 0 Layer 5 Selecting RP 3 with Nodes: 3313 and calcs: 792743821759 :: Predicted time: 0.100024, Actual Time: 0.123964
Build Time: 0.123964, Calc Time: 65.974685, reduction 5.339223
############################################
Predicted calcsPerSecond: 12002958972
SubGraph 0 Layer 6 Selecting RP 8 with Nodes: 4709 and calcs: 753062977845 :: Predicted time: 0.123964, Actual Time: 0.207698
Build Time: 0.207698, Calc Time: 62.739778, reduction 3.234908
############################################
Predicted calcsPerSecond: 12009133397
SubGraph 0 Layer 7 Selecting RP 4 with Nodes: 6673 and calcs: 710576583003 :: Predicted time: 0.207698, Actual Time: 0.481831
Build Time: 0.481831, Calc Time: 59.169680, reduction 3.570097
############################################
Predicted calcsPerSecond: 12013390992
SubGraph 0 Layer 8 Selecting RP 6 with Nodes: 8352 and calcs: 677300652109 :: Predicted time: 0.481831, Actual Time: 1.340394
Build Time: 1.340394, Calc Time: 56.378807, reduction 2.790873
############################################
Predicted calcsPerSecond: 12007336507
SubGraph 0 Layer 9 Selecting RP 3 with Nodes: 10617 and calcs: 651527254849 :: Predicted time: 1.340394, Actual Time: 1.021843
Build Time: 1.021843, Calc Time: 54.260764, reduction 2.118043
############################################
Predicted calcsPerSecond: 12012696088
SubGraph 0 Layer 10 Selecting RP 8 with Nodes: 12564 and calcs: 625873926701 :: Predicted time: 1.021843, Actual Time: 1.841166
Build Time: 1.841166, Calc Time: 52.101037, reduction 2.159727
############################################
Predicted calcsPerSecond: 11982407335
SubGraph 0 Layer 11 Selecting RP 4 with Nodes: 14973 and calcs: 609975294041 :: Predicted time: 1.841166, Actual Time: 2.093727
Build Time: 2.093727, Calc Time: 50.905905, reduction 1.195132
############################################
Final graph has 14973 nodes, 609975294041 calcs total
Node Construct time: 11.555319
Batchs: 15
Total results Set Size: 897710957 
Node Laucnher time: 35.383777
Total Time: 37.024105
Wave __________________________________________________
Wave __________________________________________________

Time to read in file: 0.092193

Number points: 287999 
Number Dimensions: 49 
Number Concurent Streams: 2
Block Size: 256, Kernel Blocks: 1024
Using using binary searches
Distance Threshold: 0.002000 
*********************************

Predicted calcsPerSecond: 14089588228
SubGraph 0 Layer 0 Selecting RP 1 with Nodes: 38 and calcs: 18610355839 :: Predicted time: 0.000000, Actual Time: 0.020431
Build Time: 0.020431, Calc Time: 1.320859, reduction -1.320859
############################################
Predicted calcsPerSecond: 14140917117
SubGraph 0 Layer 1 Selecting RP 2 with Nodes: 150 and calcs: 14133410059 :: Predicted time: 0.020431, Actual Time: 0.038102
Build Time: 0.038102, Calc Time: 0.999469, reduction 0.321390
############################################
Predicted calcsPerSecond: 14211914522
SubGraph 0 Layer 2 Selecting RP 7 with Nodes: 215 and calcs: 12933587453 :: Predicted time: 0.038102, Actual Time: 0.005616
Build Time: 0.005616, Calc Time: 0.910052, reduction 0.089417
############################################
Predicted calcsPerSecond: 14261887448
SubGraph 0 Layer 3 Selecting RP 1 with Nodes: 304 and calcs: 11880589041 :: Predicted time: 0.005616, Actual Time: 0.005735
Build Time: 0.005735, Calc Time: 0.833031, reduction 0.077022
############################################
Predicted calcsPerSecond: 14271532766
SubGraph 0 Layer 4 Selecting RP 1 with Nodes: 392 and calcs: 11386496769 :: Predicted time: 0.005735, Actual Time: 0.006362
Build Time: 0.006362, Calc Time: 0.797847, reduction 0.035184
############################################
Predicted calcsPerSecond: 14267446356
SubGraph 0 Layer 5 Selecting RP 2 with Nodes: 484 and calcs: 11118774167 :: Predicted time: 0.006362, Actual Time: 0.005449
Build Time: 0.005449, Calc Time: 0.779311, reduction 0.018536
############################################
Predicted calcsPerSecond: 14252187663
SubGraph 0 Layer 6 Selecting RP 6 with Nodes: 542 and calcs: 10977666711 :: Predicted time: 0.005449, Actual Time: 0.004401
Build Time: 0.004401, Calc Time: 0.770244, reduction 0.009066
############################################
Predicted calcsPerSecond: 14246466666
SubGraph 0 Layer 7 Selecting RP 2 with Nodes: 576 and calcs: 10903610643 :: Predicted time: 0.004401, Actual Time: 0.003483
Build Time: 0.003483, Calc Time: 0.765355, reduction 0.004889
############################################
Predicted calcsPerSecond: 14241489484
SubGraph 0 Layer 8 Selecting RP 2 with Nodes: 595 and calcs: 10871321453 :: Predicted time: 0.003483, Actual Time: 0.004650
Build Time: 0.004650, Calc Time: 0.763356, reduction 0.002000
############################################
Final graph has 595 nodes, 10871321453 calcs total
Node Construct time: 0.357987
Batchs: 2
Total results Set Size: 11651957 
Node Laucnher time: 0.568588
Total Time: 0.690193

Time to read in file: 0.029678

Number points: 287999 
Number Dimensions: 49 
Number Concurent Streams: 2
Block Size: 256, Kernel Blocks: 1024
Using using binary searches
Distance Threshold: 0.003250 
*********************************

Predicted calcsPerSecond: 14120732209
SubGraph 0 Layer 0 Selecting RP 1 with Nodes: 25 and calcs: 27540420945 :: Predicted time: 0.000000, Actual Time: 0.013928
Build Time: 0.013928, Calc Time: 1.950354, reduction -1.950354
############################################
Predicted calcsPerSecond: 14231544322
SubGraph 0 Layer 1 Selecting RP 2 with Nodes: 87 and calcs: 23345563191 :: Predicted time: 0.013928, Actual Time: 0.031005
Build Time: 0.031005, Calc Time: 1.640410, reduction 0.309944
############################################
Predicted calcsPerSecond: 14235845211
SubGraph 0 Layer 2 Selecting RP 1 with Nodes: 168 and calcs: 21381588217 :: Predicted time: 0.031005, Actual Time: 0.007321
Build Time: 0.007321, Calc Time: 1.501954, reduction 0.138455
############################################
Predicted calcsPerSecond: 14265922600
SubGraph 0 Layer 3 Selecting RP 1 with Nodes: 222 and calcs: 20136871299 :: Predicted time: 0.007321, Actual Time: 0.005349
Build Time: 0.005349, Calc Time: 1.411537, reduction 0.090418
############################################
Predicted calcsPerSecond: 14290010596
SubGraph 0 Layer 4 Selecting RP 1 with Nodes: 268 and calcs: 19473300895 :: Predicted time: 0.005349, Actual Time: 0.005294
Build Time: 0.005294, Calc Time: 1.362721, reduction 0.048815
############################################
Predicted calcsPerSecond: 14266591578
SubGraph 0 Layer 5 Selecting RP 1 with Nodes: 330 and calcs: 18972189179 :: Predicted time: 0.005294, Actual Time: 0.005861
Build Time: 0.005861, Calc Time: 1.329833, reduction 0.032888
############################################
Predicted calcsPerSecond: 14267300278
SubGraph 0 Layer 6 Selecting RP 1 with Nodes: 399 and calcs: 18572642983 :: Predicted time: 0.005861, Actual Time: 0.006859
Build Time: 0.006859, Calc Time: 1.301763, reduction 0.028070
############################################
Predicted calcsPerSecond: 14280274303
SubGraph 0 Layer 7 Selecting RP 1 with Nodes: 484 and calcs: 18269442773 :: Predicted time: 0.006859, Actual Time: 0.007528
Build Time: 0.007528, Calc Time: 1.279348, reduction 0.022415
############################################
Predicted calcsPerSecond: 14263183394
SubGraph 0 Layer 8 Selecting RP 1 with Nodes: 558 and calcs: 17998124983 :: Predicted time: 0.007528, Actual Time: 0.010958
Build Time: 0.010958, Calc Time: 1.261859, reduction 0.017489
############################################
Predicted calcsPerSecond: 14241248904
SubGraph 0 Layer 9 Selecting RP 3 with Nodes: 635 and calcs: 17878180011 :: Predicted time: 0.010958, Actual Time: 0.008486
Build Time: 0.008486, Calc Time: 1.255380, reduction 0.006479
############################################
Final graph has 635 nodes, 17878180011 calcs total
Node Construct time: 0.407603
Batchs: 2
Total results Set Size: 27340089 
Node Laucnher time: 0.722630
Total Time: 0.849112

Time to read in file: 0.026037

Number points: 287999 
Number Dimensions: 49 
Number Concurent Streams: 2
Block Size: 256, Kernel Blocks: 1024
Using using binary searches
Distance Threshold: 0.004500 
*********************************

Predicted calcsPerSecond: 14074802074
SubGraph 0 Layer 0 Selecting RP 3 with Nodes: 17 and calcs: 34895868125 :: Predicted time: 0.000000, Actual Time: 0.009932
Build Time: 0.009932, Calc Time: 2.479315, reduction -2.479315
############################################
Predicted calcsPerSecond: 14153492636
SubGraph 0 Layer 1 Selecting RP 2 with Nodes: 52 and calcs: 30838039823 :: Predicted time: 0.009932, Actual Time: 0.021917
Build Time: 0.021917, Calc Time: 2.178829, reduction 0.300486
############################################
Predicted calcsPerSecond: 14195058648
SubGraph 0 Layer 2 Selecting RP 5 with Nodes: 96 and calcs: 28830936055 :: Predicted time: 0.021917, Actual Time: 0.006362
Build Time: 0.006362, Calc Time: 2.031054, reduction 0.147775
############################################
Predicted calcsPerSecond: 14192049913
SubGraph 0 Layer 3 Selecting RP 2 with Nodes: 157 and calcs: 27454889763 :: Predicted time: 0.006362, Actual Time: 0.005899
Build Time: 0.005899, Calc Time: 1.934526, reduction 0.096528
############################################
Predicted calcsPerSecond: 14240066443
SubGraph 0 Layer 4 Selecting RP 1 with Nodes: 211 and calcs: 26532268545 :: Predicted time: 0.005899, Actual Time: 0.004979
Build Time: 0.004979, Calc Time: 1.863212, reduction 0.071314
############################################
Predicted calcsPerSecond: 14213100869
SubGraph 0 Layer 5 Selecting RP 3 with Nodes: 261 and calcs: 26051948835 :: Predicted time: 0.004979, Actual Time: 0.005181
Build Time: 0.005181, Calc Time: 1.832953, reduction 0.030259
############################################
Predicted calcsPerSecond: 14227230105
SubGraph 0 Layer 6 Selecting RP 1 with Nodes: 313 and calcs: 25634393389 :: Predicted time: 0.005181, Actual Time: 0.005799
Build Time: 0.005799, Calc Time: 1.801784, reduction 0.031169
############################################
Predicted calcsPerSecond: 14251872931
SubGraph 0 Layer 7 Selecting RP 1 with Nodes: 355 and calcs: 25192282569 :: Predicted time: 0.005799, Actual Time: 0.006083
Build Time: 0.006083, Calc Time: 1.767647, reduction 0.034137
############################################
Predicted calcsPerSecond: 14253021225
SubGraph 0 Layer 8 Selecting RP 2 with Nodes: 418 and calcs: 24877663803 :: Predicted time: 0.006083, Actual Time: 0.006540
Build Time: 0.006540, Calc Time: 1.745431, reduction 0.022216
############################################
Predicted calcsPerSecond: 14243210493
SubGraph 0 Layer 9 Selecting RP 3 with Nodes: 485 and calcs: 24682058995 :: Predicted time: 0.006540, Actual Time: 0.008883
Build Time: 0.008883, Calc Time: 1.732900, reduction 0.012531
############################################
Predicted calcsPerSecond: 14262498158
SubGraph 0 Layer 10 Selecting RP 2 with Nodes: 566 and calcs: 24496083547 :: Predicted time: 0.008883, Actual Time: 0.011673
Build Time: 0.011673, Calc Time: 1.717517, reduction 0.015383
############################################
Predicted calcsPerSecond: 14268751423
SubGraph 0 Layer 11 Selecting RP 2 with Nodes: 626 and calcs: 24343736929 :: Predicted time: 0.011673, Actual Time: 0.012618
Build Time: 0.012618, Calc Time: 1.706087, reduction 0.011430
############################################
Final graph has 626 nodes, 24343736929 calcs total
Node Construct time: 0.456656
Batchs: 2
Total results Set Size: 47254879 
Node Laucnher time: 0.946875
Total Time: 1.072176

Time to read in file: 0.025580

Number points: 287999 
Number Dimensions: 49 
Number Concurent Streams: 2
Block Size: 256, Kernel Blocks: 1024
Using using binary searches
Distance Threshold: 0.005750 
*********************************

Predicted calcsPerSecond: 14078536906
SubGraph 0 Layer 0 Selecting RP 6 with Nodes: 15 and calcs: 40034425453 :: Predicted time: 0.000000, Actual Time: 0.008932
Build Time: 0.008932, Calc Time: 2.843650, reduction -2.843650
############################################
Predicted calcsPerSecond: 14182039334
SubGraph 0 Layer 1 Selecting RP 4 with Nodes: 36 and calcs: 36485535735 :: Predicted time: 0.008932, Actual Time: 0.016586
Build Time: 0.016586, Calc Time: 2.572658, reduction 0.270992
############################################
Predicted calcsPerSecond: 14232678256
SubGraph 0 Layer 2 Selecting RP 4 with Nodes: 64 and calcs: 35059788465 :: Predicted time: 0.016586, Actual Time: 0.006237
Build Time: 0.006237, Calc Time: 2.463330, reduction 0.109328
############################################
Predicted calcsPerSecond: 14277254762
SubGraph 0 Layer 3 Selecting RP 6 with Nodes: 108 and calcs: 33996926329 :: Predicted time: 0.006237, Actual Time: 0.005651
Build Time: 0.005651, Calc Time: 2.381195, reduction 0.082135
############################################
Predicted calcsPerSecond: 14306281788
SubGraph 0 Layer 4 Selecting RP 1 with Nodes: 164 and calcs: 33053360959 :: Predicted time: 0.005651, Actual Time: 0.005645
Build Time: 0.005645, Calc Time: 2.310409, reduction 0.070786
############################################
Predicted calcsPerSecond: 14327232907
SubGraph 0 Layer 5 Selecting RP 4 with Nodes: 220 and calcs: 32293817869 :: Predicted time: 0.005645, Actual Time: 0.006104
Build Time: 0.006104, Calc Time: 2.254016, reduction 0.056393
############################################
Predicted calcsPerSecond: 14278000741
SubGraph 0 Layer 6 Selecting RP 1 with Nodes: 265 and calcs: 31765613457 :: Predicted time: 0.006104, Actual Time: 0.005389
Build Time: 0.005389, Calc Time: 2.224794, reduction 0.029222
############################################
Predicted calcsPerSecond: 14282329885
SubGraph 0 Layer 7 Selecting RP 2 with Nodes: 310 and calcs: 31387352775 :: Predicted time: 0.005389, Actual Time: 0.004908
Build Time: 0.004908, Calc Time: 2.197635, reduction 0.027159
############################################
Predicted calcsPerSecond: 14300453506
SubGraph 0 Layer 8 Selecting RP 1 with Nodes: 363 and calcs: 31015328147 :: Predicted time: 0.004908, Actual Time: 0.005697
Build Time: 0.005697, Calc Time: 2.168835, reduction 0.028800
############################################
Predicted calcsPerSecond: 14313291632
SubGraph 0 Layer 9 Selecting RP 4 with Nodes: 386 and calcs: 30703110237 :: Predicted time: 0.005697, Actual Time: 0.006240
Build Time: 0.006240, Calc Time: 2.145077, reduction 0.023758
############################################
Predicted calcsPerSecond: 14318738991
SubGraph 0 Layer 10 Selecting RP 3 with Nodes: 424 and calcs: 30474749757 :: Predicted time: 0.006240, Actual Time: 0.005647
Build Time: 0.005647, Calc Time: 2.128312, reduction 0.016764
############################################
Predicted calcsPerSecond: 14298898729
SubGraph 0 Layer 11 Selecting RP 3 with Nodes: 476 and calcs: 30263695755 :: Predicted time: 0.005647, Actual Time: 0.007858
Build Time: 0.007858, Calc Time: 2.116505, reduction 0.011807
############################################
Predicted calcsPerSecond: 14327433297
SubGraph 0 Layer 12 Selecting RP 1 with Nodes: 530 and calcs: 29985011037 :: Predicted time: 0.007858, Actual Time: 0.009478
Build Time: 0.009478, Calc Time: 2.092839, reduction 0.023666
############################################
Predicted calcsPerSecond: 14301673236
SubGraph 0 Layer 13 Selecting RP 9 with Nodes: 600 and calcs: 29861024347 :: Predicted time: 0.009478, Actual Time: 0.011455
Build Time: 0.011455, Calc Time: 2.087939, reduction 0.004900
############################################
Final graph has 600 nodes, 29861024347 calcs total
Node Construct time: 0.521207
Batchs: 2
Total results Set Size: 93070851 
Node Laucnher time: 1.393306
Total Time: 1.520779

Time to read in file: 0.028598

Number points: 287999 
Number Dimensions: 49 
Number Concurent Streams: 2
Block Size: 256, Kernel Blocks: 1024
Using using binary searches
Distance Threshold: 0.007000 
*********************************

Predicted calcsPerSecond: 13939168565
SubGraph 0 Layer 0 Selecting RP 3 with Nodes: 13 and calcs: 43968382041 :: Predicted time: 0.000000, Actual Time: 0.007946
Build Time: 0.007946, Calc Time: 3.154304, reduction -3.154304
############################################
Predicted calcsPerSecond: 14095660156
SubGraph 0 Layer 1 Selecting RP 6 with Nodes: 32 and calcs: 41506087741 :: Predicted time: 0.007946, Actual Time: 0.015374
Build Time: 0.015374, Calc Time: 2.944600, reduction 0.209704
############################################
Predicted calcsPerSecond: 14192227603
SubGraph 0 Layer 2 Selecting RP 5 with Nodes: 63 and calcs: 39746059499 :: Predicted time: 0.015374, Actual Time: 0.006518
Build Time: 0.006518, Calc Time: 2.800551, reduction 0.144049
############################################
Predicted calcsPerSecond: 14182988137
SubGraph 0 Layer 3 Selecting RP 6 with Nodes: 96 and calcs: 38816859959 :: Predicted time: 0.006518, Actual Time: 0.005367
Build Time: 0.005367, Calc Time: 2.736860, reduction 0.063691
############################################
Predicted calcsPerSecond: 14232134931
SubGraph 0 Layer 4 Selecting RP 5 with Nodes: 147 and calcs: 38097259923 :: Predicted time: 0.005367, Actual Time: 0.005790
Build Time: 0.005790, Calc Time: 2.676848, reduction 0.060013
############################################
Predicted calcsPerSecond: 14244715388
SubGraph 0 Layer 5 Selecting RP 3 with Nodes: 184 and calcs: 37558645459 :: Predicted time: 0.005790, Actual Time: 0.004939
Build Time: 0.004939, Calc Time: 2.636672, reduction 0.040176
############################################
Predicted calcsPerSecond: 14253581873
SubGraph 0 Layer 6 Selecting RP 1 with Nodes: 235 and calcs: 36915363819 :: Predicted time: 0.004939, Actual Time: 0.004803
Build Time: 0.004803, Calc Time: 2.589901, reduction 0.046771
############################################
Predicted calcsPerSecond: 14213565506
SubGraph 0 Layer 7 Selecting RP 1 with Nodes: 282 and calcs: 36538113321 :: Predicted time: 0.004803, Actual Time: 0.005673
Build Time: 0.005673, Calc Time: 2.570651, reduction 0.019250
############################################
Predicted calcsPerSecond: 14242158219
SubGraph 0 Layer 8 Selecting RP 3 with Nodes: 316 and calcs: 36233727363 :: Predicted time: 0.005673, Actual Time: 0.005165
Build Time: 0.005165, Calc Time: 2.544118, reduction 0.026533
############################################
Predicted calcsPerSecond: 14234002308
SubGraph 0 Layer 9 Selecting RP 3 with Nodes: 361 and calcs: 35998401051 :: Predicted time: 0.005165, Actual Time: 0.005515
Build Time: 0.005515, Calc Time: 2.529043, reduction 0.015075
############################################
Predicted calcsPerSecond: 14260887032
SubGraph 0 Layer 10 Selecting RP 2 with Nodes: 421 and calcs: 35781252667 :: Predicted time: 0.005515, Actual Time: 0.007535
Build Time: 0.007535, Calc Time: 2.509048, reduction 0.019995
############################################
Predicted calcsPerSecond: 14238296137
SubGraph 0 Layer 11 Selecting RP 2 with Nodes: 480 and calcs: 35576042543 :: Predicted time: 0.007535, Actual Time: 0.009378
Build Time: 0.009378, Calc Time: 2.498617, reduction 0.010432
############################################
Predicted calcsPerSecond: 14265217802
SubGraph 0 Layer 12 Selecting RP 1 with Nodes: 549 and calcs: 35311801559 :: Predicted time: 0.009378, Actual Time: 0.009739
Build Time: 0.009739, Calc Time: 2.475378, reduction 0.023239
############################################
Predicted calcsPerSecond: 14251925578
SubGraph 0 Layer 13 Selecting RP 1 with Nodes: 586 and calcs: 35101001357 :: Predicted time: 0.009739, Actual Time: 0.010438
Build Time: 0.010438, Calc Time: 2.462895, reduction 0.012482
############################################
Predicted calcsPerSecond: 14275889365
SubGraph 0 Layer 14 Selecting RP 1 with Nodes: 655 and calcs: 34849457155 :: Predicted time: 0.010438, Actual Time: 0.011795
Build Time: 0.011795, Calc Time: 2.441141, reduction 0.021754
############################################
Predicted calcsPerSecond: 14249463464
SubGraph 0 Layer 15 Selecting RP 2 with Nodes: 697 and calcs: 34663684381 :: Predicted time: 0.011795, Actual Time: 0.012842
Build Time: 0.012842, Calc Time: 2.432631, reduction 0.008510
############################################
Final graph has 697 nodes, 34663684381 calcs total
Node Construct time: 0.573627
Batchs: 2
Total results Set Size: 290127035 
Node Laucnher time: 2.421515
Total Time: 2.547511
BIGCROSS____________________________________________________________
BIGCROSS____________________________________________________________

Time to read in file: 12.635210

Number points: 11620300 
Number Dimensions: 57 
Number Concurent Streams: 2
Block Size: 256, Kernel Blocks: 1024
Using using binary searches
Distance Threshold: 0.001000 
*********************************

Predicted calcsPerSecond: 12383757459
SubGraph 0 Layer 0 Selecting RP 1 with Nodes: 284 and calcs: 2218851098970 :: Predicted time: 0.000000, Actual Time: 0.212844
Build Time: 0.212844, Calc Time: 179.174302, reduction -179.174302
############################################
Predicted calcsPerSecond: 12382652621
SubGraph 0 Layer 1 Selecting RP 9 with Nodes: 12804 and calcs: 199240449126 :: Predicted time: 0.212844, Actual Time: 30.775412
Build Time: 30.775412, Calc Time: 16.090288, reduction 163.084014
############################################
Predicted calcsPerSecond: 12381035941
SubGraph 0 Layer 2 Selecting RP 0 with Nodes: 56603 and calcs: 120929213754 :: Predicted time: 30.775412, Actual Time: 3.655482
Build Time: 3.655482, Calc Time: 9.767294, reduction 6.322995
############################################
Predicted calcsPerSecond: 12376419998
SubGraph 0 Layer 3 Selecting RP 0 with Nodes: 56603 and calcs: 120929213754 :: Predicted time: 3.655482, Actual Time: 1.109274
Build Time: 1.109274, Calc Time: 9.770936, reduction -0.003643
############################################
Final graph has 56603 nodes, 120929213754 calcs total
Node Construct time: 11.632981
Batchs: 45
Total results Set Size: 41137474 
Node Laucnher time: 18.591430
Total Time: 25.012004

Time to read in file: 11.553743

Number points: 11620300 
Number Dimensions: 57 
Number Concurent Streams: 2
Block Size: 256, Kernel Blocks: 1024
Using using binary searches
Distance Threshold: 0.005750 
*********************************

Predicted calcsPerSecond: 12373470068
SubGraph 0 Layer 0 Selecting RP 1 with Nodes: 50 and calcs: 12707374244866 :: Predicted time: 0.000000, Actual Time: 0.095903
Build Time: 0.095903, Calc Time: 1026.985492, reduction -1026.985492
############################################
Predicted calcsPerSecond: 12375556535
SubGraph 0 Layer 1 Selecting RP 9 with Nodes: 491 and calcs: 5686280490162 :: Predicted time: 0.095903, Actual Time: 4.157151
Build Time: 4.157151, Calc Time: 459.476750, reduction 567.508742
############################################
Predicted calcsPerSecond: 12376252556
SubGraph 0 Layer 2 Selecting RP 0 with Nodes: 3403 and calcs: 2813104710430 :: Predicted time: 4.157151, Actual Time: 1.273787
Build Time: 1.273787, Calc Time: 227.298586, reduction 232.178163
############################################
Predicted calcsPerSecond: 12375109624
SubGraph 0 Layer 3 Selecting RP 7 with Nodes: 7685 and calcs: 2275045131178 :: Predicted time: 1.273787, Actual Time: 0.552306
Build Time: 0.552306, Calc Time: 183.840402, reduction 43.458184
############################################
Predicted calcsPerSecond: 12382082631
SubGraph 0 Layer 4 Selecting RP 0 with Nodes: 14791 and calcs: 1618859620100 :: Predicted time: 0.552306, Actual Time: 0.458491
Build Time: 0.458491, Calc Time: 130.742111, reduction 53.098291
############################################
Predicted calcsPerSecond: 12384407240
SubGraph 0 Layer 5 Selecting RP 4 with Nodes: 29122 and calcs: 1173221806090 :: Predicted time: 0.458491, Actual Time: 1.812501
Build Time: 1.812501, Calc Time: 94.733788, reduction 36.008323
############################################
Predicted calcsPerSecond: 12383003712
SubGraph 0 Layer 6 Selecting RP 1 with Nodes: 39126 and calcs: 1014566290784 :: Predicted time: 1.812501, Actual Time: 2.250797
Build Time: 2.250797, Calc Time: 81.932164, reduction 12.801624
############################################
Predicted calcsPerSecond: 12375922219
SubGraph 0 Layer 7 Selecting RP 6 with Nodes: 43764 and calcs: 992052523520 :: Predicted time: 2.250797, Actual Time: 2.562165
Build Time: 2.562165, Calc Time: 80.159887, reduction 1.772277
############################################
Final graph has 43764 nodes, 992052523520 calcs total
Node Construct time: 21.999065
Batchs: 45
Total results Set Size: 539888914 
Node Laucnher time: 36.406421
Total Time: 42.811246

Time to read in file: 11.322843

Number points: 11620300 
Number Dimensions: 57 
Number Concurent Streams: 2
Block Size: 256, Kernel Blocks: 1024
Using using binary searches
Distance Threshold: 0.010500 
*********************************

Predicted calcsPerSecond: 12379806462
SubGraph 0 Layer 0 Selecting RP 1 with Nodes: 28 and calcs: 23026901662088 :: Predicted time: 0.000000, Actual Time: 0.084866
Build Time: 0.084866, Calc Time: 1860.037290, reduction -1860.037290
############################################
Predicted calcsPerSecond: 12379375107
SubGraph 0 Layer 1 Selecting RP 9 with Nodes: 171 and calcs: 15137745540152 :: Predicted time: 0.084866, Actual Time: 1.933402
Build Time: 1.933402, Calc Time: 1222.819844, reduction 637.217446
############################################
Predicted calcsPerSecond: 12379397468
SubGraph 0 Layer 2 Selecting RP 0 with Nodes: 823 and calcs: 10665352954338 :: Predicted time: 1.933402, Actual Time: 0.918369
Build Time: 0.918369, Calc Time: 861.540554, reduction 361.279290
############################################
Predicted calcsPerSecond: 12378119156
SubGraph 0 Layer 3 Selecting RP 7 with Nodes: 1842 and calcs: 9277529000604 :: Predicted time: 0.918369, Actual Time: 0.418689
Build Time: 0.418689, Calc Time: 749.510397, reduction 112.030157
############################################
Predicted calcsPerSecond: 12380703968
SubGraph 0 Layer 4 Selecting RP 0 with Nodes: 4074 and calcs: 6944932139770 :: Predicted time: 0.418689, Actual Time: 0.444522
Build Time: 0.444522, Calc Time: 560.948082, reduction 188.562315
############################################
Predicted calcsPerSecond: 12377814701
SubGraph 0 Layer 5 Selecting RP 4 with Nodes: 8637 and calcs: 5842543402050 :: Predicted time: 0.444522, Actual Time: 0.674287
Build Time: 0.674287, Calc Time: 472.017359, reduction 88.930723
############################################
Predicted calcsPerSecond: 12383816712
SubGraph 0 Layer 6 Selecting RP 1 with Nodes: 15136 and calcs: 4685296243906 :: Predicted time: 0.674287, Actual Time: 1.047964
Build Time: 1.047964, Calc Time: 378.340245, reduction 93.677114
############################################
Predicted calcsPerSecond: 12383399446
SubGraph 0 Layer 7 Selecting RP 6 with Nodes: 21116 and calcs: 4418819402866 :: Predicted time: 1.047964, Actual Time: 1.935680
Build Time: 1.935680, Calc Time: 356.834117, reduction 21.506128
############################################
Predicted calcsPerSecond: 12379973996
SubGraph 0 Layer 8 Selecting RP 0 with Nodes: 29185 and calcs: 4029409608102 :: Predicted time: 1.935680, Actual Time: 1.800573
Build Time: 1.800573, Calc Time: 325.478035, reduction 31.356082
############################################
Predicted calcsPerSecond: 12368902828
SubGraph 0 Layer 9 Selecting RP 0 with Nodes: 37530 and calcs: 3785327975158 :: Predicted time: 1.800573, Actual Time: 3.193128
Build Time: 3.193128, Calc Time: 306.035873, reduction 19.442162
############################################
Predicted calcsPerSecond: 12364568200
SubGraph 0 Layer 10 Selecting RP 1 with Nodes: 47296 and calcs: 3638626014826 :: Predicted time: 3.193128, Actual Time: 8.582723
Build Time: 8.582723, Calc Time: 294.278454, reduction 11.757419
############################################
Predicted calcsPerSecond: 12362318013
SubGraph 0 Layer 11 Selecting RP 0 with Nodes: 57751 and calcs: 3445324284390 :: Predicted time: 8.582723, Actual Time: 9.239945
Build Time: 9.239945, Calc Time: 278.695652, reduction 15.582802
############################################
Predicted calcsPerSecond: 12368541376
SubGraph 0 Layer 12 Selecting RP 0 with Nodes: 66094 and calcs: 3359504873684 :: Predicted time: 9.239945, Actual Time: 5.817008
Build Time: 5.817008, Calc Time: 271.616901, reduction 7.078752
############################################
Predicted calcsPerSecond: 12377391615
SubGraph 0 Layer 13 Selecting RP 5 with Nodes: 72924 and calcs: 3325324912520 :: Predicted time: 5.817008, Actual Time: 12.584995
Build Time: 12.584995, Calc Time: 268.661202, reduction 2.955698
############################################
Final graph has 72924 nodes, 3325324912520 calcs total
Node Construct time: 81.689779
Batchs: 77
Total results Set Size: 1686078098 
Node Laucnher time: 122.774503
Total Time: 129.136520

Time to read in file: 11.536639

Number points: 11620300 
Number Dimensions: 57 
Number Concurent Streams: 2
Block Size: 256, Kernel Blocks: 1024
Using using binary searches
Distance Threshold: 0.015250 
*********************************

Predicted calcsPerSecond: 12370567104
SubGraph 0 Layer 0 Selecting RP 1 with Nodes: 19 and calcs: 33074580959368 :: Predicted time: 0.000000, Actual Time: 0.080419
Build Time: 0.080419, Calc Time: 2673.651150, reduction -2673.651150
############################################
Predicted calcsPerSecond: 12375977213
SubGraph 0 Layer 1 Selecting RP 9 with Nodes: 95 and calcs: 25399610622444 :: Predicted time: 0.080419, Actual Time: 1.668773
Build Time: 1.668773, Calc Time: 2052.331722, reduction 621.319428
############################################
Predicted calcsPerSecond: 12380306353
SubGraph 0 Layer 2 Selecting RP 0 with Nodes: 355 and calcs: 20820491874220 :: Predicted time: 1.668773, Actual Time: 0.837376
Build Time: 0.837376, Calc Time: 1681.742865, reduction 370.588857
############################################
Predicted calcsPerSecond: 12374794664
SubGraph 0 Layer 3 Selecting RP 2 with Nodes: 748 and calcs: 18481532606976 :: Predicted time: 0.837376, Actual Time: 0.690381
Build Time: 0.690381, Calc Time: 1493.481961, reduction 188.260903
############################################
Predicted calcsPerSecond: 12376164960
SubGraph 0 Layer 4 Selecting RP 0 with Nodes: 1684 and calcs: 14529927649062 :: Predicted time: 0.690381, Actual Time: 0.720460
Build Time: 0.720460, Calc Time: 1174.025047, reduction 319.456914
############################################
Predicted calcsPerSecond: 12381402270
SubGraph 0 Layer 5 Selecting RP 2 with Nodes: 3058 and calcs: 13340423302278 :: Predicted time: 0.720460, Actual Time: 1.007007
Build Time: 1.007007, Calc Time: 1077.456577, reduction 96.568471
############################################
Predicted calcsPerSecond: 12379894773
SubGraph 0 Layer 6 Selecting RP 1 with Nodes: 4948 and calcs: 11895957726760 :: Predicted time: 1.007007, Actual Time: 0.768584
Build Time: 0.768584, Calc Time: 960.909438, reduction 116.547139
############################################
Predicted calcsPerSecond: 12214107064
SubGraph 0 Layer 7 Selecting RP 6 with Nodes: 7624 and calcs: 11318627801790 :: Predicted time: 0.768584, Actual Time: 1.233978
Build Time: 1.233978, Calc Time: 926.684836, reduction 34.224602
############################################
Predicted calcsPerSecond: 12297921326
SubGraph 0 Layer 8 Selecting RP 0 with Nodes: 11647 and calcs: 10530533676306 :: Predicted time: 1.233978, Actual Time: 0.994983
Build Time: 0.994983, Calc Time: 856.285660, reduction 70.399176
############################################
Predicted calcsPerSecond: 12343633460
SubGraph 0 Layer 9 Selecting RP 4 with Nodes: 14967 and calcs: 10087249078888 :: Predicted time: 0.994983, Actual Time: 1.920930
Build Time: 1.920930, Calc Time: 817.202577, reduction 39.083082
############################################
Predicted calcsPerSecond: 12361180146
SubGraph 0 Layer 10 Selecting RP 1 with Nodes: 20076 and calcs: 9760642083300 :: Predicted time: 1.920930, Actual Time: 2.879140
Build Time: 2.879140, Calc Time: 789.620568, reduction 27.582010
############################################
Predicted calcsPerSecond: 12371492857
SubGraph 0 Layer 11 Selecting RP 0 with Nodes: 27419 and calcs: 9175555938690 :: Predicted time: 2.879140, Actual Time: 2.750412
Build Time: 2.750412, Calc Time: 741.669259, reduction 47.951309
############################################
Predicted calcsPerSecond: 12374871020
SubGraph 0 Layer 12 Selecting RP 0 with Nodes: 36315 and calcs: 8835999313122 :: Predicted time: 2.750412, Actual Time: 5.923983
Build Time: 5.923983, Calc Time: 714.027589, reduction 27.641670
############################################
Predicted calcsPerSecond: 12377213590
SubGraph 0 Layer 13 Selecting RP 8 with Nodes: 42699 and calcs: 8706682541722 :: Predicted time: 5.923983, Actual Time: 7.234522
Build Time: 7.234522, Calc Time: 703.444477, reduction 10.583111
############################################
Predicted calcsPerSecond: 12374019702
SubGraph 0 Layer 14 Selecting RP 0 with Nodes: 50884 and calcs: 8416583954038 :: Predicted time: 7.234522, Actual Time: 7.686444
Build Time: 7.686444, Calc Time: 680.181878, reduction 23.262600
############################################
Predicted calcsPerSecond: 12375897261
SubGraph 0 Layer 15 Selecting RP 1 with Nodes: 59052 and calcs: 8194827042090 :: Predicted time: 7.686444, Actual Time: 13.956479
Build Time: 13.956479, Calc Time: 662.160235, reduction 18.021642
############################################
Predicted calcsPerSecond: 12380193230
SubGraph 0 Layer 16 Selecting RP 2 with Nodes: 68886 and calcs: 7999650020588 :: Predicted time: 13.956479, Actual Time: 14.958217
Build Time: 14.958217, Calc Time: 646.165199, reduction 15.995036
############################################
Predicted calcsPerSecond: 12380528974
SubGraph 0 Layer 17 Selecting RP 6 with Nodes: 77012 and calcs: 7906252958154 :: Predicted time: 14.958217, Actual Time: 18.454170
Build Time: 18.454170, Calc Time: 638.603809, reduction 7.561390
############################################
Final graph has 77012 nodes, 7906252958154 calcs total
Node Construct time: 119.584931
Batchs: 177
Total results Set Size: 4751938200 
Node Laucnher time: 254.059181
Total Time: 260.441391

Time to read in file: 11.472671

Number points: 11620300 
Number Dimensions: 57 
Number Concurent Streams: 2
Block Size: 256, Kernel Blocks: 1024
Using using binary searches
Distance Threshold: 0.020000 
*********************************

Predicted calcsPerSecond: 12379200210
SubGraph 0 Layer 0 Selecting RP 1 with Nodes: 15 and calcs: 42781421770598 :: Predicted time: 0.000000, Actual Time: 0.078370
Build Time: 0.078370, Calc Time: 3455.911613, reduction -3455.911613
############################################
Predicted calcsPerSecond: 12377242544
SubGraph 0 Layer 1 Selecting RP 9 with Nodes: 58 and calcs: 35176437417218 :: Predicted time: 0.078370, Actual Time: 1.115369
Build Time: 1.115369, Calc Time: 2842.025378, reduction 613.886236
############################################
Predicted calcsPerSecond: 12382174592
SubGraph 0 Layer 2 Selecting RP 0 with Nodes: 199 and calcs: 31156064280546 :: Predicted time: 1.115369, Actual Time: 0.916716
Build Time: 0.916716, Calc Time: 2516.202954, reduction 325.822424
############################################
Predicted calcsPerSecond: 12378894998
SubGraph 0 Layer 3 Selecting RP 2 with Nodes: 401 and calcs: 28345082153310 :: Predicted time: 0.916716, Actual Time: 1.132468
Build Time: 1.132468, Calc Time: 2289.790984, reduction 226.411970
############################################
Predicted calcsPerSecond: 12378134217
SubGraph 0 Layer 4 Selecting RP 0 with Nodes: 890 and calcs: 23547976626506 :: Predicted time: 1.132468, Actual Time: 0.638151
Build Time: 0.638151, Calc Time: 1902.384981, reduction 387.406003
############################################
Predicted calcsPerSecond: 12377004230
SubGraph 0 Layer 5 Selecting RP 4 with Nodes: 1649 and calcs: 21843812575554 :: Predicted time: 0.638151, Actual Time: 0.621492
Build Time: 0.621492, Calc Time: 1764.870737, reduction 137.514244
############################################
Predicted calcsPerSecond: 12383838007
SubGraph 0 Layer 6 Selecting RP 1 with Nodes: 2817 and calcs: 19606715706008 :: Predicted time: 0.621492, Actual Time: 0.557945
Build Time: 0.557945, Calc Time: 1583.250338, reduction 181.620399
############################################
Predicted calcsPerSecond: 12380437728
SubGraph 0 Layer 7 Selecting RP 5 with Nodes: 4029 and calcs: 18935882150126 :: Predicted time: 0.557945, Actual Time: 0.366576
Build Time: 0.366576, Calc Time: 1529.500214, reduction 53.750124
############################################
Predicted calcsPerSecond: 12384566927
SubGraph 0 Layer 8 Selecting RP 0 with Nodes: 6175 and calcs: 18118395976384 :: Predicted time: 0.366576, Actual Time: 0.497939
Build Time: 0.497939, Calc Time: 1462.981797, reduction 66.518417
############################################
Predicted calcsPerSecond: 12380808287
SubGraph 0 Layer 9 Selecting RP 3 with Nodes: 7947 and calcs: 17478150168388 :: Predicted time: 0.497939, Actual Time: 0.651421
Build Time: 0.651421, Calc Time: 1411.713174, reduction 51.268622
############################################
Predicted calcsPerSecond: 12384648749
SubGraph 0 Layer 10 Selecting RP 1 with Nodes: 10893 and calcs: 17059404167616 :: Predicted time: 0.651421, Actual Time: 1.136259
Build Time: 1.136259, Calc Time: 1377.463706, reduction 34.249468
############################################
Predicted calcsPerSecond: 12379968440
SubGraph 0 Layer 11 Selecting RP 0 with Nodes: 15119 and calcs: 16260774919312 :: Predicted time: 1.136259, Actual Time: 1.322629
Build Time: 1.322629, Calc Time: 1313.474667, reduction 63.989040
############################################
Predicted calcsPerSecond: 12378181905
SubGraph 0 Layer 12 Selecting RP 0 with Nodes: 20112 and calcs: 15977405174908 :: Predicted time: 1.322629, Actual Time: 3.894985
Build Time: 3.894985, Calc Time: 1290.771561, reduction 22.703106
############################################
Predicted calcsPerSecond: 12377989382
SubGraph 0 Layer 13 Selecting RP 2 with Nodes: 23819 and calcs: 15791039660868 :: Predicted time: 3.894985, Actual Time: 3.408492
Build Time: 3.408492, Calc Time: 1275.735434, reduction 15.036126
############################################
Predicted calcsPerSecond: 12377460930
SubGraph 0 Layer 14 Selecting RP 0 with Nodes: 29046 and calcs: 15303432184740 :: Predicted time: 3.408492, Actual Time: 3.567902
Build Time: 3.567902, Calc Time: 1236.395111, reduction 39.340323
############################################
Predicted calcsPerSecond: 12376329091
SubGraph 0 Layer 15 Selecting RP 1 with Nodes: 36109 and calcs: 14860321706784 :: Predicted time: 3.567902, Actual Time: 7.755546
Build Time: 7.755546, Calc Time: 1200.705120, reduction 35.689991
############################################
Predicted calcsPerSecond: 12377899433
SubGraph 0 Layer 16 Selecting RP 7 with Nodes: 42149 and calcs: 14643395529348 :: Predicted time: 7.755546, Actual Time: 10.926539
Build Time: 10.926539, Calc Time: 1183.027509, reduction 17.677611
############################################
Predicted calcsPerSecond: 12384254276
SubGraph 0 Layer 17 Selecting RP 6 with Nodes: 49101 and calcs: 14485444117576 :: Predicted time: 10.926539, Actual Time: 11.238011
Build Time: 11.238011, Calc Time: 1169.666239, reduction 13.361270
############################################
Predicted calcsPerSecond: 12384707404
SubGraph 0 Layer 18 Selecting RP 1 with Nodes: 55545 and calcs: 14265373155922 :: Predicted time: 11.238011, Actual Time: 15.378288
Build Time: 15.378288, Calc Time: 1151.853870, reduction 17.812368
############################################
Predicted calcsPerSecond: 12381800893
SubGraph 0 Layer 19 Selecting RP 1 with Nodes: 61654 and calcs: 14181835464508 :: Predicted time: 15.378288, Actual Time: 14.322715
Build Time: 14.322715, Calc Time: 1145.377444, reduction 6.476426
############################################
Final graph has 61654 nodes, 14181835464508 calcs total
Node Construct time: 121.480989
Batchs: 319
Total results Set Size: 12151386442 
Node Laucnher time: 468.632339
Total Time: 475.018760
SUSY ________________________________________________________________
SUSY ________________________________________________________________

Time to read in file: 0.609653

Number points: 5000000 
Number Dimensions: 18 
Number Concurent Streams: 2
Block Size: 256, Kernel Blocks: 1024
Using using binary searches
Distance Threshold: 0.010000 
*********************************

Predicted calcsPerSecond: 52594727643
SubGraph 0 Layer 0 Selecting RP 5 with Nodes: 33 and calcs: 8418473200814 :: Predicted time: 0.000000, Actual Time: 0.020533
Build Time: 0.020533, Calc Time: 160.063063, reduction -160.063063
############################################
Predicted calcsPerSecond: 52925442138
SubGraph 0 Layer 1 Selecting RP 7 with Nodes: 375 and calcs: 3497905710176 :: Predicted time: 0.020533, Actual Time: 1.228552
Build Time: 1.228552, Calc Time: 66.091195, reduction 93.971868
############################################
Predicted calcsPerSecond: 52940687428
SubGraph 0 Layer 2 Selecting RP 5 with Nodes: 1940 and calcs: 1940815258058 :: Predicted time: 1.228552, Actual Time: 0.456131
Build Time: 0.456131, Calc Time: 36.660182, reduction 29.431012
############################################
Predicted calcsPerSecond: 53177758014
SubGraph 0 Layer 3 Selecting RP 8 with Nodes: 5330 and calcs: 1078558060880 :: Predicted time: 0.456131, Actual Time: 0.327376
Build Time: 0.327376, Calc Time: 20.282127, reduction 16.378055
############################################
Predicted calcsPerSecond: 53167549992
SubGraph 0 Layer 4 Selecting RP 3 with Nodes: 12931 and calcs: 741620864094 :: Predicted time: 0.327376, Actual Time: 0.830520
Build Time: 0.830520, Calc Time: 13.948750, reduction 6.333377
############################################
Predicted calcsPerSecond: 53227872897
SubGraph 0 Layer 5 Selecting RP 0 with Nodes: 21594 and calcs: 604590868836 :: Predicted time: 0.830520, Actual Time: 0.616682
Build Time: 0.616682, Calc Time: 11.358539, reduction 2.590211
############################################
Predicted calcsPerSecond: 53164086412
SubGraph 0 Layer 6 Selecting RP 0 with Nodes: 32076 and calcs: 517598545148 :: Predicted time: 0.616682, Actual Time: 1.656508
Build Time: 1.656508, Calc Time: 9.735868, reduction 1.622671
############################################
Final graph has 32076 nodes, 517598545148 calcs total
Node Construct time: 8.110720
Batchs: 20
Total results Set Size: 30844186 
Node Laucnher time: 15.377679
Total Time: 16.228045

Time to read in file: 0.212623

Number points: 5000000 
Number Dimensions: 18 
Number Concurent Streams: 2
Block Size: 256, Kernel Blocks: 1024
Using using binary searches
Distance Threshold: 0.012750 
*********************************

Predicted calcsPerSecond: 52431522232
SubGraph 0 Layer 0 Selecting RP 5 with Nodes: 26 and calcs: 10500822904818 :: Predicted time: 0.000000, Actual Time: 0.017046
Build Time: 0.017046, Calc Time: 200.276903, reduction -200.276903
############################################
Predicted calcsPerSecond: 52651476117
SubGraph 0 Layer 1 Selecting RP 7 with Nodes: 251 and calcs: 5350617776724 :: Predicted time: 0.017046, Actual Time: 1.313877
Build Time: 1.313877, Calc Time: 101.623319, reduction 98.653584
############################################
Predicted calcsPerSecond: 52796950017
SubGraph 0 Layer 2 Selecting RP 5 with Nodes: 1165 and calcs: 3449022735320 :: Predicted time: 1.313877, Actual Time: 0.520694
Build Time: 0.520694, Calc Time: 65.326174, reduction 36.297146
############################################
Predicted calcsPerSecond: 53010957197
SubGraph 0 Layer 3 Selecting RP 8 with Nodes: 3087 and calcs: 2215253042120 :: Predicted time: 0.520694, Actual Time: 0.288688
Build Time: 0.288688, Calc Time: 41.788588, reduction 23.537586
############################################
Predicted calcsPerSecond: 52646149585
SubGraph 0 Layer 4 Selecting RP 3 with Nodes: 7821 and calcs: 1634876869472 :: Predicted time: 0.288688, Actual Time: 0.443661
Build Time: 0.443661, Calc Time: 31.054063, reduction 10.734524
############################################
Predicted calcsPerSecond: 46487136663
SubGraph 0 Layer 5 Selecting RP 0 with Nodes: 14169 and calcs: 1369777553108 :: Predicted time: 0.443661, Actual Time: 0.845067
Build Time: 0.845067, Calc Time: 29.465733, reduction 1.588331
############################################
Predicted calcsPerSecond: 49721931754
SubGraph 0 Layer 6 Selecting RP 0 with Nodes: 25679 and calcs: 1061977281130 :: Predicted time: 0.845067, Actual Time: 1.738785
Build Time: 1.738785, Calc Time: 21.358327, reduction 8.107406
############################################
Predicted calcsPerSecond: 51498691638
SubGraph 0 Layer 7 Selecting RP 1 with Nodes: 35338 and calcs: 960853651250 :: Predicted time: 1.738785, Actual Time: 7.179430
Build Time: 7.179430, Calc Time: 18.657826, reduction 2.700501
############################################
Final graph has 35338 nodes, 960853651250 calcs total
Node Construct time: 13.189582
Batchs: 24
Total results Set Size: 162647128 
Node Laucnher time: 28.412989
Total Time: 29.273640

Time to read in file: 0.522631

Number points: 5000000 
Number Dimensions: 18 
Number Concurent Streams: 2
Block Size: 256, Kernel Blocks: 1024
Using using binary searches
Distance Threshold: 0.015500 
*********************************

Predicted calcsPerSecond: 53138677986
SubGraph 0 Layer 0 Selecting RP 5 with Nodes: 21 and calcs: 12434365277642 :: Predicted time: 0.000000, Actual Time: 0.014492
Build Time: 0.014492, Calc Time: 233.998393, reduction -233.998393
############################################
Predicted calcsPerSecond: 52970114168
SubGraph 0 Layer 1 Selecting RP 7 with Nodes: 187 and calcs: 7362745253038 :: Predicted time: 0.014492, Actual Time: 0.987249
Build Time: 0.987249, Calc Time: 138.998101, reduction 95.000293
############################################
Predicted calcsPerSecond: 52891369034
SubGraph 0 Layer 2 Selecting RP 5 with Nodes: 813 and calcs: 5250065978912 :: Predicted time: 0.987249, Actual Time: 0.506013
Build Time: 0.506013, Calc Time: 99.261299, reduction 39.736802
############################################
Predicted calcsPerSecond: 52742778127
SubGraph 0 Layer 3 Selecting RP 8 with Nodes: 1979 and calcs: 3776043498506 :: Predicted time: 0.506013, Actual Time: 0.236828
Build Time: 0.236828, Calc Time: 71.593565, reduction 27.667734
############################################
Predicted calcsPerSecond: 52961950002
SubGraph 0 Layer 4 Selecting RP 3 with Nodes: 5123 and calcs: 2960837329790 :: Predicted time: 0.236828, Actual Time: 0.382989
Build Time: 0.382989, Calc Time: 55.904991, reduction 15.688574
############################################
Predicted calcsPerSecond: 52737696530
SubGraph 0 Layer 5 Selecting RP 0 with Nodes: 9367 and calcs: 2600018977904 :: Predicted time: 0.382989, Actual Time: 0.313899
Build Time: 0.313899, Calc Time: 49.300958, reduction 6.604033
############################################
Predicted calcsPerSecond: 52862721844
SubGraph 0 Layer 6 Selecting RP 0 with Nodes: 17947 and calcs: 2080969736578 :: Predicted time: 0.313899, Actual Time: 1.296333
Build Time: 1.296333, Calc Time: 39.365543, reduction 9.935416
############################################
Predicted calcsPerSecond: 52790658250
SubGraph 0 Layer 7 Selecting RP 4 with Nodes: 25167 and calcs: 1849400808182 :: Predicted time: 1.296333, Actual Time: 4.358240
Build Time: 4.358240, Calc Time: 35.032729, reduction 4.332814
############################################
Final graph has 25167 nodes, 1849400808182 calcs total
Node Construct time: 9.846638
Batchs: 43
Total results Set Size: 655680946 
Node Laucnher time: 47.084236
Total Time: 47.945631

Time to read in file: 0.520146

Number points: 5000000 
Number Dimensions: 18 
Number Concurent Streams: 2
Block Size: 256, Kernel Blocks: 1024
Using using binary searches
Distance Threshold: 0.018250 
*********************************

Predicted calcsPerSecond: 53122275668
SubGraph 0 Layer 0 Selecting RP 5 with Nodes: 19 and calcs: 14196403216390 :: Predicted time: 0.000000, Actual Time: 0.013493
Build Time: 0.013493, Calc Time: 267.240118, reduction -267.240118
############################################
Predicted calcsPerSecond: 52934224229
SubGraph 0 Layer 1 Selecting RP 7 with Nodes: 139 and calcs: 9414195657546 :: Predicted time: 0.013493, Actual Time: 0.833163
Build Time: 0.833163, Calc Time: 177.847051, reduction 89.393067
############################################
Predicted calcsPerSecond: 53010671862
SubGraph 0 Layer 2 Selecting RP 5 with Nodes: 554 and calcs: 7211845423704 :: Predicted time: 0.833163, Actual Time: 0.479921
Build Time: 0.479921, Calc Time: 136.045162, reduction 41.801889
############################################
Predicted calcsPerSecond: 52672178459
SubGraph 0 Layer 3 Selecting RP 8 with Nodes: 1368 and calcs: 5619905596064 :: Predicted time: 0.479921, Actual Time: 0.218487
Build Time: 0.218487, Calc Time: 106.695902, reduction 29.349260
############################################
Predicted calcsPerSecond: 53009319638
SubGraph 0 Layer 4 Selecting RP 3 with Nodes: 3494 and calcs: 4618966869870 :: Predicted time: 0.218487, Actual Time: 0.302726
Build Time: 0.302726, Calc Time: 87.134996, reduction 19.560906
############################################
Predicted calcsPerSecond: 53019567008
SubGraph 0 Layer 5 Selecting RP 7 with Nodes: 6092 and calcs: 4193705490116 :: Predicted time: 0.302726, Actual Time: 0.593034
Build Time: 0.593034, Calc Time: 79.097317, reduction 8.037679
############################################
Predicted calcsPerSecond: 53185903487
SubGraph 0 Layer 6 Selecting RP 0 with Nodes: 11712 and calcs: 3532542974232 :: Predicted time: 0.593034, Actual Time: 0.869682
Build Time: 0.869682, Calc Time: 66.418783, reduction 12.678534
############################################
Predicted calcsPerSecond: 53088545001
SubGraph 0 Layer 7 Selecting RP 6 with Nodes: 17053 and calcs: 3136842883786 :: Predicted time: 0.869682, Actual Time: 3.104925
Build Time: 3.104925, Calc Time: 59.087000, reduction 7.331782
############################################
Predicted calcsPerSecond: 53219052268
SubGraph 0 Layer 8 Selecting RP 9 with Nodes: 24515 and calcs: 2831943967006 :: Predicted time: 3.104925, Actual Time: 5.903522
Build Time: 5.903522, Calc Time: 53.212973, reduction 5.874028
############################################
Final graph has 24515 nodes, 2831943967006 calcs total
Node Construct time: 13.061212
Batchs: 65
Total results Set Size: 2072898048 
Node Laucnher time: 90.561172
Total Time: 91.423583

Time to read in file: 0.520373

Number points: 5000000 
Number Dimensions: 18 
Number Concurent Streams: 2
Block Size: 256, Kernel Blocks: 1024
Using using binary searches
Distance Threshold: 0.021000 
*********************************

Predicted calcsPerSecond: 52904728070
SubGraph 0 Layer 0 Selecting RP 5 with Nodes: 16 and calcs: 15786445839984 :: Predicted time: 0.000000, Actual Time: 0.012010
Build Time: 0.012010, Calc Time: 298.393857, reduction -298.393857
############################################
Predicted calcsPerSecond: 52859857709
SubGraph 0 Layer 1 Selecting RP 7 with Nodes: 115 and calcs: 11415409130670 :: Predicted time: 0.012010, Actual Time: 0.838140
Build Time: 0.838140, Calc Time: 215.956108, reduction 82.437749
############################################
Predicted calcsPerSecond: 52706857293
SubGraph 0 Layer 2 Selecting RP 5 with Nodes: 441 and calcs: 9217569760074 :: Predicted time: 0.838140, Actual Time: 0.487177
Build Time: 0.487177, Calc Time: 174.883691, reduction 41.072417
############################################
Predicted calcsPerSecond: 52510378992
SubGraph 0 Layer 3 Selecting RP 8 with Nodes: 1017 and calcs: 7621645778304 :: Predicted time: 0.487177, Actual Time: 0.214337
Build Time: 0.214337, Calc Time: 145.145511, reduction 29.738181
############################################
Predicted calcsPerSecond: 52552544209
SubGraph 0 Layer 4 Selecting RP 3 with Nodes: 2533 and calcs: 6497591836078 :: Predicted time: 0.214337, Actual Time: 0.241584
Build Time: 0.241584, Calc Time: 123.639910, reduction 21.505601
############################################
Predicted calcsPerSecond: 53008777910
SubGraph 0 Layer 5 Selecting RP 7 with Nodes: 4464 and calcs: 6004370893982 :: Predicted time: 0.241584, Actual Time: 0.485789
Build Time: 0.485789, Calc Time: 113.271257, reduction 10.368653
############################################
Predicted calcsPerSecond: 53098153808
SubGraph 0 Layer 6 Selecting RP 0 with Nodes: 8568 and calcs: 5283172796642 :: Predicted time: 0.485789, Actual Time: 0.703212
Build Time: 0.703212, Calc Time: 99.498239, reduction 13.773018
############################################
Predicted calcsPerSecond: 53025916777
SubGraph 0 Layer 7 Selecting RP 6 with Nodes: 12788 and calcs: 4783519594994 :: Predicted time: 0.703212, Actual Time: 2.060273
Build Time: 2.060273, Calc Time: 90.210974, reduction 9.287265
############################################
Predicted calcsPerSecond: 53045269735
SubGraph 0 Layer 8 Selecting RP 9 with Nodes: 18997 and calcs: 4358666082846 :: Predicted time: 2.060273, Actual Time: 4.741900
Build Time: 4.741900, Calc Time: 82.168799, reduction 8.042175
############################################
Predicted calcsPerSecond: 52939555506
SubGraph 0 Layer 9 Selecting RP 8 with Nodes: 25471 and calcs: 4094840908100 :: Predicted time: 4.741900, Actual Time: 7.122774
Build Time: 7.122774, Calc Time: 77.349363, reduction 4.819435
############################################
Final graph has 25471 nodes, 4094840908100 calcs total
Node Construct time: 17.631950
Batchs: 93
Total results Set Size: 5457260816 
Node Laucnher time: 161.882439
Total Time: 162.744161
HIGGS ________________________________________________________________
HIGGS ________________________________________________________________

Time to read in file: 1.778800

Number points: 11000000 
Number Dimensions: 28 
Number Concurent Streams: 2
Block Size: 256, Kernel Blocks: 1024
Using using binary searches
Distance Threshold: 0.010000 
*********************************

Predicted calcsPerSecond: 25652408622
SubGraph 0 Layer 0 Selecting RP 1 with Nodes: 27 and calcs: 38474612440442 :: Predicted time: 0.000000, Actual Time: 0.036190
Build Time: 0.036190, Calc Time: 1499.844050, reduction -1499.844050
############################################
Predicted calcsPerSecond: 25656878662
SubGraph 0 Layer 1 Selecting RP 5 with Nodes: 291 and calcs: 16198994249218 :: Predicted time: 0.036190, Actual Time: 3.797172
Build Time: 3.797172, Calc Time: 631.370420, reduction 868.473630
############################################
Predicted calcsPerSecond: 25668198962
SubGraph 0 Layer 2 Selecting RP 3 with Nodes: 1766 and calcs: 8583667810584 :: Predicted time: 3.797172, Actual Time: 1.854947
Build Time: 1.854947, Calc Time: 334.408652, reduction 296.961768
############################################
Predicted calcsPerSecond: 25655429692
SubGraph 0 Layer 3 Selecting RP 8 with Nodes: 8485 and calcs: 4415495184422 :: Predicted time: 1.854947, Actual Time: 1.124882
Build Time: 1.124882, Calc Time: 172.107629, reduction 162.301023
############################################
Predicted calcsPerSecond: 25661399065
SubGraph 0 Layer 4 Selecting RP 1 with Nodes: 29540 and calcs: 2515049303244 :: Predicted time: 1.124882, Actual Time: 3.982130
Build Time: 3.982130, Calc Time: 98.009048, reduction 74.098581
############################################
Predicted calcsPerSecond: 25663448550
SubGraph 0 Layer 5 Selecting RP 2 with Nodes: 66077 and calcs: 1630322673358 :: Predicted time: 3.982130, Actual Time: 8.437291
Build Time: 8.437291, Calc Time: 63.527030, reduction 34.482018
############################################
Predicted calcsPerSecond: 25665634871
SubGraph 0 Layer 6 Selecting RP 0 with Nodes: 112063 and calcs: 1318011263498 :: Predicted time: 8.437291, Actual Time: 8.281138
Build Time: 8.281138, Calc Time: 51.353153, reduction 12.173878
############################################
Predicted calcsPerSecond: 25664772600
SubGraph 0 Layer 7 Selecting RP 5 with Nodes: 116282 and calcs: 1313330531178 :: Predicted time: 8.281138, Actual Time: 12.654341
Build Time: 12.654341, Calc Time: 51.172498, reduction 0.180654
############################################
Final graph has 116282 nodes, 1313330531178 calcs total
Node Construct time: 45.744236
Batchs: 42
Total results Set Size: 11566498 
Node Laucnher time: 72.580242
Total Time: 75.542379
Completed!
