rm -f build/main build/*.o
nvcc  -lcuda -Xcompiler -fopenmp -arch=compute_80 -code=sm_80 -O3 -I. -c -o build/main.o src/main.cu -lm
nvcc  -lcuda -Xcompiler -fopenmp -arch=compute_80 -code=sm_80 -O3 -I. -c -o build/launcher.o src/launcher.cu -lm
nvcc  -lcuda -Xcompiler -fopenmp -arch=compute_80 -code=sm_80 -O3 -I. -c -o build/kernel.o src/kernel.cu
nvcc  -lcuda -Xcompiler -fopenmp -arch=compute_80 -code=sm_80 -O3 -I. -c -o build/nodes.o src/nodes.cu -lm
nvcc  -lcuda -Xcompiler -fopenmp -arch=compute_80 -code=sm_80 -O3 -I. -c -o build/tree.o src/tree.cu -lm
nvcc  -lcuda -Xcompiler -fopenmp -arch=compute_80 -code=sm_80 -O3 -I. -c -o build/utils.o src/utils.cu -lm
nvcc  -lcuda -Xcompiler -fopenmp -arch=compute_80 -code=sm_80 -O3 -I. -o build/main build/main.o build/launcher.o build/kernel.o build/nodes.o build/tree.o build/utils.o
MSD ________________________________________________________________
MSD ________________________________________________________________

Time to read in file: 0.291568

Number points: 515345 
Number Dimensions: 90 
Number Concurent Streams: 2
Block Size: 256, Kernel Blocks: 1024
Using using binary searches
Distance Threshold: 0.007000 
*********************************

Predicted calcsPerSecond: 9042661664
SubGraph 0 Layer 0 Selecting RP 1 with Nodes: 21 and calcs: 170979007977 :: Predicted time: 0.000000, Actual Time: 0.015907
Build Time: 0.015907, Calc Time: 18.908040, reduction -18.908040
############################################
Predicted calcsPerSecond: 9063180772
SubGraph 0 Layer 1 Selecting RP 3 with Nodes: 60 and calcs: 149860162609 :: Predicted time: 0.015907, Actual Time: 0.030220
Build Time: 0.030220, Calc Time: 16.535052, reduction 2.372988
############################################
Predicted calcsPerSecond: 9065346867
SubGraph 0 Layer 2 Selecting RP 1 with Nodes: 123 and calcs: 139008172495 :: Predicted time: 0.030220, Actual Time: 0.017296
Build Time: 0.017296, Calc Time: 15.334016, reduction 1.201036
############################################
Predicted calcsPerSecond: 9080152789
SubGraph 0 Layer 3 Selecting RP 1 with Nodes: 217 and calcs: 129775808043 :: Predicted time: 0.017296, Actual Time: 0.016896
Build Time: 0.016896, Calc Time: 14.292249, reduction 1.041766
############################################
Predicted calcsPerSecond: 9091118116
SubGraph 0 Layer 4 Selecting RP 1 with Nodes: 326 and calcs: 124080002709 :: Predicted time: 0.016896, Actual Time: 0.013971
Build Time: 0.013971, Calc Time: 13.648486, reduction 0.643763
############################################
Predicted calcsPerSecond: 8963307191
SubGraph 0 Layer 5 Selecting RP 1 with Nodes: 489 and calcs: 119576095503 :: Predicted time: 0.013971, Actual Time: 0.026718
Build Time: 0.026718, Calc Time: 13.340622, reduction 0.307864
############################################
Predicted calcsPerSecond: 9009302165
SubGraph 0 Layer 6 Selecting RP 5 with Nodes: 669 and calcs: 116543627597 :: Predicted time: 0.026718, Actual Time: 0.020022
Build Time: 0.020022, Calc Time: 12.935922, reduction 0.404701
############################################
Predicted calcsPerSecond: 9034577440
SubGraph 0 Layer 7 Selecting RP 3 with Nodes: 910 and calcs: 114004585017 :: Predicted time: 0.020022, Actual Time: 0.025474
Build Time: 0.025474, Calc Time: 12.618696, reduction 0.317226
############################################
Predicted calcsPerSecond: 9018774798
SubGraph 0 Layer 8 Selecting RP 3 with Nodes: 1130 and calcs: 112390412367 :: Predicted time: 0.025474, Actual Time: 0.038373
Build Time: 0.038373, Calc Time: 12.461827, reduction 0.156869
############################################
Predicted calcsPerSecond: 9023506870
SubGraph 0 Layer 9 Selecting RP 5 with Nodes: 1392 and calcs: 111189005735 :: Predicted time: 0.038373, Actual Time: 0.054189
Build Time: 0.054189, Calc Time: 12.322150, reduction 0.139677
############################################
Predicted calcsPerSecond: 9047954170
SubGraph 0 Layer 10 Selecting RP 2 with Nodes: 1667 and calcs: 109498184001 :: Predicted time: 0.054189, Actual Time: 0.077094
Build Time: 0.077094, Calc Time: 12.101983, reduction 0.220167
############################################
Predicted calcsPerSecond: 9074391163
SubGraph 0 Layer 11 Selecting RP 3 with Nodes: 1890 and calcs: 108778791561 :: Predicted time: 0.077094, Actual Time: 0.079905
Build Time: 0.079905, Calc Time: 11.987448, reduction 0.114535
############################################
Predicted calcsPerSecond: 9040052393
SubGraph 0 Layer 12 Selecting RP 4 with Nodes: 2202 and calcs: 107876911003 :: Predicted time: 0.079905, Actual Time: 0.098574
Build Time: 0.098574, Calc Time: 11.933217, reduction 0.054230
############################################
Final graph has 2202 nodes, 107876911003 calcs total
Node Construct time: 1.210045
Batchs: 3
Total results Set Size: 65915313 
Node Laucnher time: 3.705306
Total Time: 4.156199

Time to read in file: 0.100996

Number points: 515345 
Number Dimensions: 90 
Number Concurent Streams: 2
Block Size: 256, Kernel Blocks: 1024
Using using binary searches
Distance Threshold: 0.007525 
*********************************

Predicted calcsPerSecond: 9023148965
SubGraph 0 Layer 0 Selecting RP 1 with Nodes: 20 and calcs: 177585998311 :: Predicted time: 0.000000, Actual Time: 0.015418
Build Time: 0.015418, Calc Time: 19.681156, reduction -19.681156
############################################
Predicted calcsPerSecond: 9037148471
SubGraph 0 Layer 1 Selecting RP 5 with Nodes: 68 and calcs: 158803937551 :: Predicted time: 0.015418, Actual Time: 0.034576
Build Time: 0.034576, Calc Time: 17.572350, reduction 2.108805
############################################
Predicted calcsPerSecond: 9066706431
SubGraph 0 Layer 2 Selecting RP 3 with Nodes: 131 and calcs: 148513057549 :: Predicted time: 0.034576, Actual Time: 0.015853
Build Time: 0.015853, Calc Time: 16.380045, reduction 1.192305
############################################
Predicted calcsPerSecond: 9079518790
SubGraph 0 Layer 3 Selecting RP 1 with Nodes: 234 and calcs: 137677365371 :: Predicted time: 0.015853, Actual Time: 0.014534
Build Time: 0.014534, Calc Time: 15.163509, reduction 1.216536
############################################
Predicted calcsPerSecond: 9049191873
SubGraph 0 Layer 4 Selecting RP 7 with Nodes: 358 and calcs: 133010189565 :: Predicted time: 0.014534, Actual Time: 0.020248
Build Time: 0.020248, Calc Time: 14.698571, reduction 0.464938
############################################
Predicted calcsPerSecond: 9022306969
SubGraph 0 Layer 5 Selecting RP 1 with Nodes: 539 and calcs: 127316136919 :: Predicted time: 0.020248, Actual Time: 0.017946
Build Time: 0.017946, Calc Time: 14.111262, reduction 0.587309
############################################
Predicted calcsPerSecond: 9032995287
SubGraph 0 Layer 6 Selecting RP 1 with Nodes: 680 and calcs: 125195795947 :: Predicted time: 0.017946, Actual Time: 0.019027
Build Time: 0.019027, Calc Time: 13.859832, reduction 0.251430
############################################
Predicted calcsPerSecond: 9046870841
SubGraph 0 Layer 7 Selecting RP 3 with Nodes: 901 and calcs: 122849642555 :: Predicted time: 0.019027, Actual Time: 0.023911
Build Time: 0.023911, Calc Time: 13.579241, reduction 0.280591
############################################
Predicted calcsPerSecond: 9027455888
SubGraph 0 Layer 8 Selecting RP 1 with Nodes: 1060 and calcs: 120833241637 :: Predicted time: 0.023911, Actual Time: 0.032602
Build Time: 0.032602, Calc Time: 13.385082, reduction 0.194159
############################################
Predicted calcsPerSecond: 9056931242
SubGraph 0 Layer 9 Selecting RP 5 with Nodes: 1289 and calcs: 119524198435 :: Predicted time: 0.032602, Actual Time: 0.037177
Build Time: 0.037177, Calc Time: 13.196986, reduction 0.188096
############################################
Predicted calcsPerSecond: 9083959855
SubGraph 0 Layer 10 Selecting RP 2 with Nodes: 1541 and calcs: 117590187375 :: Predicted time: 0.037177, Actual Time: 0.070826
Build Time: 0.070826, Calc Time: 12.944816, reduction 0.252171
############################################
Predicted calcsPerSecond: 9083187865
SubGraph 0 Layer 11 Selecting RP 2 with Nodes: 1713 and calcs: 116918749089 :: Predicted time: 0.070826, Actual Time: 0.059409
Build Time: 0.059409, Calc Time: 12.871995, reduction 0.072821
############################################
Predicted calcsPerSecond: 9075434992
SubGraph 0 Layer 12 Selecting RP 4 with Nodes: 2010 and calcs: 116092384989 :: Predicted time: 0.059409, Actual Time: 0.080910
Build Time: 0.080910, Calc Time: 12.791936, reduction 0.080059
############################################
Final graph has 2010 nodes, 116092384989 calcs total
Node Construct time: 1.164206
Batchs: 3
Total results Set Size: 121384099 
Node Laucnher time: 4.842794
Total Time: 5.296030

Time to read in file: 0.090865

Number points: 515345 
Number Dimensions: 90 
Number Concurent Streams: 2
Block Size: 256, Kernel Blocks: 1024
Using using binary searches
Distance Threshold: 0.008050 
*********************************

Predicted calcsPerSecond: 9073819096
SubGraph 0 Layer 0 Selecting RP 2 with Nodes: 20 and calcs: 185481056983 :: Predicted time: 0.000000, Actual Time: 0.015388
Build Time: 0.015388, Calc Time: 20.441344, reduction -20.441344
############################################
Predicted calcsPerSecond: 9081051984
SubGraph 0 Layer 1 Selecting RP 2 with Nodes: 49 and calcs: 166462369995 :: Predicted time: 0.015388, Actual Time: 0.027043
Build Time: 0.027043, Calc Time: 18.330736, reduction 2.110608
############################################
Predicted calcsPerSecond: 9087623658
SubGraph 0 Layer 2 Selecting RP 1 with Nodes: 98 and calcs: 155725370431 :: Predicted time: 0.027043, Actual Time: 0.015534
Build Time: 0.015534, Calc Time: 17.135984, reduction 1.194753
############################################
Predicted calcsPerSecond: 9081861117
SubGraph 0 Layer 3 Selecting RP 1 with Nodes: 178 and calcs: 145253277755 :: Predicted time: 0.015534, Actual Time: 0.014807
Build Time: 0.014807, Calc Time: 15.993779, reduction 1.142205
############################################
Predicted calcsPerSecond: 9101338018
SubGraph 0 Layer 4 Selecting RP 7 with Nodes: 272 and calcs: 140866333045 :: Predicted time: 0.014807, Actual Time: 0.013493
Build Time: 0.013493, Calc Time: 15.477541, reduction 0.516238
############################################
Predicted calcsPerSecond: 9085445339
SubGraph 0 Layer 5 Selecting RP 1 with Nodes: 388 and calcs: 137091205829 :: Predicted time: 0.013493, Actual Time: 0.026835
Build Time: 0.026835, Calc Time: 15.089101, reduction 0.388440
############################################
Predicted calcsPerSecond: 9082713107
SubGraph 0 Layer 6 Selecting RP 5 with Nodes: 532 and calcs: 134204713665 :: Predicted time: 0.026835, Actual Time: 0.016022
Build Time: 0.016022, Calc Time: 14.775840, reduction 0.313262
############################################
Predicted calcsPerSecond: 9078190427
SubGraph 0 Layer 7 Selecting RP 3 with Nodes: 760 and calcs: 131544057575 :: Predicted time: 0.016022, Actual Time: 0.022438
Build Time: 0.022438, Calc Time: 14.490119, reduction 0.285721
############################################
Predicted calcsPerSecond: 9077802485
SubGraph 0 Layer 8 Selecting RP 1 with Nodes: 926 and calcs: 128931015769 :: Predicted time: 0.022438, Actual Time: 0.029030
Build Time: 0.029030, Calc Time: 14.202888, reduction 0.287230
############################################
Predicted calcsPerSecond: 9079119813
SubGraph 0 Layer 9 Selecting RP 0 with Nodes: 1118 and calcs: 127399720333 :: Predicted time: 0.029030, Actual Time: 0.019506
Build Time: 0.019506, Calc Time: 14.032166, reduction 0.170722
############################################
Predicted calcsPerSecond: 9093702143
SubGraph 0 Layer 10 Selecting RP 8 with Nodes: 1366 and calcs: 125896598495 :: Predicted time: 0.019506, Actual Time: 0.057404
Build Time: 0.057404, Calc Time: 13.844372, reduction 0.187794
############################################
Predicted calcsPerSecond: 9097740107
SubGraph 0 Layer 11 Selecting RP 5 with Nodes: 1565 and calcs: 125172774401 :: Predicted time: 0.057404, Actual Time: 0.066753
Build Time: 0.066753, Calc Time: 13.758667, reduction 0.085706
############################################
Predicted calcsPerSecond: 9055361610
SubGraph 0 Layer 12 Selecting RP 4 with Nodes: 1884 and calcs: 124075306519 :: Predicted time: 0.066753, Actual Time: 0.082946
Build Time: 0.082946, Calc Time: 13.701861, reduction 0.056806
############################################
Final graph has 1884 nodes, 124075306519 calcs total
Node Construct time: 1.153467
Batchs: 3
Total results Set Size: 207932133 
Node Laucnher time: 5.271817
Total Time: 5.724156

Time to read in file: 0.113939

Number points: 515345 
Number Dimensions: 90 
Number Concurent Streams: 2
Block Size: 256, Kernel Blocks: 1024
Using using binary searches
Distance Threshold: 0.008575 
*********************************

Predicted calcsPerSecond: 9061955451
SubGraph 0 Layer 0 Selecting RP 1 with Nodes: 18 and calcs: 191503325863 :: Predicted time: 0.000000, Actual Time: 0.014395
Build Time: 0.014395, Calc Time: 21.132671, reduction -21.132671
############################################
Predicted calcsPerSecond: 9073707670
SubGraph 0 Layer 1 Selecting RP 1 with Nodes: 58 and calcs: 171337397771 :: Predicted time: 0.014395, Actual Time: 0.033954
Build Time: 0.033954, Calc Time: 18.882843, reduction 2.249828
############################################
Predicted calcsPerSecond: 9088430235
SubGraph 0 Layer 2 Selecting RP 1 with Nodes: 105 and calcs: 162079090077 :: Predicted time: 0.033954, Actual Time: 0.014829
Build Time: 0.014829, Calc Time: 17.833563, reduction 1.049280
############################################
Predicted calcsPerSecond: 9107957249
SubGraph 0 Layer 3 Selecting RP 1 with Nodes: 170 and calcs: 153617511199 :: Predicted time: 0.014829, Actual Time: 0.015463
Build Time: 0.015463, Calc Time: 16.866297, reduction 0.967266
############################################
Predicted calcsPerSecond: 9098544350
SubGraph 0 Layer 4 Selecting RP 7 with Nodes: 254 and calcs: 148977654501 :: Predicted time: 0.015463, Actual Time: 0.013270
Build Time: 0.013270, Calc Time: 16.373790, reduction 0.492507
############################################
Predicted calcsPerSecond: 9113390065
SubGraph 0 Layer 5 Selecting RP 1 with Nodes: 390 and calcs: 143698129447 :: Predicted time: 0.013270, Actual Time: 0.037283
Build Time: 0.037283, Calc Time: 15.767802, reduction 0.605988
############################################
Predicted calcsPerSecond: 9093174483
SubGraph 0 Layer 6 Selecting RP 5 with Nodes: 516 and calcs: 141380708171 :: Predicted time: 0.037283, Actual Time: 0.013838
Build Time: 0.013838, Calc Time: 15.548003, reduction 0.219798
############################################
Predicted calcsPerSecond: 9093879092
SubGraph 0 Layer 7 Selecting RP 3 with Nodes: 709 and calcs: 139396701737 :: Predicted time: 0.013838, Actual Time: 0.020463
Build Time: 0.020463, Calc Time: 15.328629, reduction 0.219374
############################################
Predicted calcsPerSecond: 9083359801
SubGraph 0 Layer 8 Selecting RP 1 with Nodes: 852 and calcs: 137536270091 :: Predicted time: 0.020463, Actual Time: 0.028420
Build Time: 0.028420, Calc Time: 15.141564, reduction 0.187066
############################################
Predicted calcsPerSecond: 9085220976
SubGraph 0 Layer 9 Selecting RP 1 with Nodes: 997 and calcs: 135897534261 :: Predicted time: 0.028420, Actual Time: 0.027235
Build Time: 0.027235, Calc Time: 14.958088, reduction 0.183476
############################################
Predicted calcsPerSecond: 9092710218
SubGraph 0 Layer 10 Selecting RP 2 with Nodes: 1241 and calcs: 133826399615 :: Predicted time: 0.027235, Actual Time: 0.050533
Build Time: 0.050533, Calc Time: 14.717988, reduction 0.240100
############################################
Predicted calcsPerSecond: 9102427378
SubGraph 0 Layer 11 Selecting RP 2 with Nodes: 1430 and calcs: 133046250459 :: Predicted time: 0.050533, Actual Time: 0.066949
Build Time: 0.066949, Calc Time: 14.616568, reduction 0.101420
############################################
Predicted calcsPerSecond: 9093951888
SubGraph 0 Layer 12 Selecting RP 4 with Nodes: 1712 and calcs: 131919015945 :: Predicted time: 0.066949, Actual Time: 0.079754
Build Time: 0.079754, Calc Time: 14.506236, reduction 0.110332
############################################
Predicted calcsPerSecond: 9088107277
SubGraph 0 Layer 13 Selecting RP 2 with Nodes: 1936 and calcs: 131170941807 :: Predicted time: 0.079754, Actual Time: 0.108009
Build Time: 0.108009, Calc Time: 14.433252, reduction 0.072984
############################################
Final graph has 1936 nodes, 131170941807 calcs total
Node Construct time: 1.279335
Batchs: 3
Total results Set Size: 335507787 
Node Laucnher time: 6.751572
Total Time: 7.200643

Time to read in file: 0.093032

Number points: 515345 
Number Dimensions: 90 
Number Concurent Streams: 2
Block Size: 256, Kernel Blocks: 1024
Using using binary searches
Distance Threshold: 0.009100 
*********************************

Predicted calcsPerSecond: 9019629687
SubGraph 0 Layer 0 Selecting RP 1 with Nodes: 17 and calcs: 197994635393 :: Predicted time: 0.000000, Actual Time: 0.013920
Build Time: 0.013920, Calc Time: 21.951526, reduction -21.951526
############################################
Predicted calcsPerSecond: 9056124519
SubGraph 0 Layer 1 Selecting RP 6 with Nodes: 57 and calcs: 181835460273 :: Predicted time: 0.013920, Actual Time: 0.032220
Build Time: 0.032220, Calc Time: 20.078728, reduction 1.872798
############################################
Predicted calcsPerSecond: 9075549887
SubGraph 0 Layer 2 Selecting RP 1 with Nodes: 111 and calcs: 171457913779 :: Predicted time: 0.032220, Actual Time: 0.015211
Build Time: 0.015211, Calc Time: 18.892289, reduction 1.186439
############################################
Predicted calcsPerSecond: 9075088786
SubGraph 0 Layer 3 Selecting RP 1 with Nodes: 176 and calcs: 161211297375 :: Predicted time: 0.015211, Actual Time: 0.013292
Build Time: 0.013292, Calc Time: 17.764156, reduction 1.128133
############################################
Predicted calcsPerSecond: 9091737596
SubGraph 0 Layer 4 Selecting RP 7 with Nodes: 251 and calcs: 157997765075 :: Predicted time: 0.013292, Actual Time: 0.012100
Build Time: 0.012100, Calc Time: 17.378170, reduction 0.385986
############################################
Predicted calcsPerSecond: 9088125093
SubGraph 0 Layer 5 Selecting RP 1 with Nodes: 376 and calcs: 152391504645 :: Predicted time: 0.012100, Actual Time: 0.021551
Build Time: 0.021551, Calc Time: 16.768201, reduction 0.609970
############################################
Predicted calcsPerSecond: 9091949265
SubGraph 0 Layer 6 Selecting RP 2 with Nodes: 476 and calcs: 149818884943 :: Predicted time: 0.021551, Actual Time: 0.013573
Build Time: 0.013573, Calc Time: 16.478192, reduction 0.290009
############################################
Predicted calcsPerSecond: 9084563006
SubGraph 0 Layer 7 Selecting RP 7 with Nodes: 626 and calcs: 147854988681 :: Predicted time: 0.013573, Actual Time: 0.014440
Build Time: 0.014440, Calc Time: 16.275410, reduction 0.202782
############################################
Predicted calcsPerSecond: 9078321531
SubGraph 0 Layer 8 Selecting RP 2 with Nodes: 756 and calcs: 145892674049 :: Predicted time: 0.014440, Actual Time: 0.016994
Build Time: 0.016994, Calc Time: 16.070446, reduction 0.204964
############################################
Predicted calcsPerSecond: 9086852066
SubGraph 0 Layer 9 Selecting RP 1 with Nodes: 914 and calcs: 144172469429 :: Predicted time: 0.016994, Actual Time: 0.024861
Build Time: 0.024861, Calc Time: 15.866052, reduction 0.204394
############################################
Predicted calcsPerSecond: 9082816994
SubGraph 0 Layer 10 Selecting RP 8 with Nodes: 1150 and calcs: 142501832035 :: Predicted time: 0.024861, Actual Time: 0.043208
Build Time: 0.043208, Calc Time: 15.689167, reduction 0.176885
############################################
Predicted calcsPerSecond: 9087109153
SubGraph 0 Layer 11 Selecting RP 5 with Nodes: 1359 and calcs: 141748885439 :: Predicted time: 0.043208, Actual Time: 0.062471
Build Time: 0.062471, Calc Time: 15.598898, reduction 0.090269
############################################
Predicted calcsPerSecond: 9081308089
SubGraph 0 Layer 12 Selecting RP 4 with Nodes: 1596 and calcs: 140337485067 :: Predicted time: 0.062471, Actual Time: 0.071450
Build Time: 0.071450, Calc Time: 15.453444, reduction 0.145454
############################################
Predicted calcsPerSecond: 9077791808
SubGraph 0 Layer 13 Selecting RP 2 with Nodes: 1845 and calcs: 139382979989 :: Predicted time: 0.071450, Actual Time: 0.100886
Build Time: 0.100886, Calc Time: 15.354283, reduction 0.099161
############################################
Final graph has 1845 nodes, 139382979989 calcs total
Node Construct time: 1.210990
Batchs: 3
Total results Set Size: 514928275 
Node Laucnher time: 8.198770
Total Time: 8.650491
Census____________________________________________________________
Census____________________________________________________________

Time to read in file: 2.089785

Number points: 2458285 
Number Dimensions: 68 
Number Concurent Streams: 2
Block Size: 256, Kernel Blocks: 1024
Using using binary searches
Distance Threshold: 0.001000 
*********************************

Predicted calcsPerSecond: 12001716783
SubGraph 0 Layer 0 Selecting RP 1 with Nodes: 226 and calcs: 267839562229 :: Predicted time: 0.000000, Actual Time: 0.129891
Build Time: 0.129891, Calc Time: 22.316771, reduction -22.316771
############################################
Predicted calcsPerSecond: 12007168011
SubGraph 0 Layer 1 Selecting RP 8 with Nodes: 5569 and calcs: 49684967055 :: Predicted time: 0.129891, Actual Time: 2.947247
Build Time: 2.947247, Calc Time: 4.137942, reduction 18.178829
############################################
Predicted calcsPerSecond: 12001365305
SubGraph 0 Layer 2 Selecting RP 0 with Nodes: 10186 and calcs: 28853311551 :: Predicted time: 2.947247, Actual Time: 0.093750
Build Time: 0.093750, Calc Time: 2.404169, reduction 1.733773
############################################
Predicted calcsPerSecond: 12005897589
SubGraph 0 Layer 3 Selecting RP 1 with Nodes: 10329 and calcs: 28500904977 :: Predicted time: 0.093750, Actual Time: 0.045931
Build Time: 0.045931, Calc Time: 2.373909, reduction 0.030260
############################################
Final graph has 10329 nodes, 28500904977 calcs total
Node Construct time: 1.923001
Batchs: 10
Total results Set Size: 55650567 
Node Laucnher time: 3.978096
Total Time: 5.632338

Time to read in file: 1.388988

Number points: 2458285 
Number Dimensions: 68 
Number Concurent Streams: 2
Block Size: 256, Kernel Blocks: 1024
Using using binary searches
Distance Threshold: 0.003250 
*********************************

Predicted calcsPerSecond: 11992767869
SubGraph 0 Layer 0 Selecting RP 1 with Nodes: 71 and calcs: 845568418799 :: Predicted time: 0.000000, Actual Time: 0.052403
Build Time: 0.052403, Calc Time: 70.506528, reduction -70.506528
############################################
Predicted calcsPerSecond: 11994136807
SubGraph 0 Layer 1 Selecting RP 8 with Nodes: 916 and calcs: 366799983833 :: Predicted time: 0.052403, Actual Time: 1.153418
Build Time: 1.153418, Calc Time: 30.581607, reduction 39.924920
############################################
Predicted calcsPerSecond: 11999828301
SubGraph 0 Layer 2 Selecting RP 2 with Nodes: 2374 and calcs: 235701471557 :: Predicted time: 1.153418, Actual Time: 0.164903
Build Time: 0.164903, Calc Time: 19.642070, reduction 10.939537
############################################
Predicted calcsPerSecond: 11991691908
SubGraph 0 Layer 3 Selecting RP 6 with Nodes: 4781 and calcs: 170667439095 :: Predicted time: 0.164903, Actual Time: 0.131308
Build Time: 0.131308, Calc Time: 14.232140, reduction 5.409930
############################################
Predicted calcsPerSecond: 12002768876
SubGraph 0 Layer 4 Selecting RP 6 with Nodes: 7493 and calcs: 134513642389 :: Predicted time: 0.131308, Actual Time: 0.172935
Build Time: 0.172935, Calc Time: 11.206884, reduction 3.025256
############################################
Predicted calcsPerSecond: 12001684191
SubGraph 0 Layer 5 Selecting RP 0 with Nodes: 8805 and calcs: 127565146105 :: Predicted time: 0.172935, Actual Time: 0.121221
Build Time: 0.121221, Calc Time: 10.628937, reduction 0.577947
############################################
Predicted calcsPerSecond: 12009976766
SubGraph 0 Layer 6 Selecting RP 8 with Nodes: 9523 and calcs: 125284874529 :: Predicted time: 0.121221, Actual Time: 0.206838
Build Time: 0.206838, Calc Time: 10.431733, reduction 0.197204
############################################
Final graph has 9523 nodes, 125284874529 calcs total
Node Construct time: 3.489935
Batchs: 10
Total results Set Size: 55650567 
Node Laucnher time: 7.540467
Total Time: 9.182371

Time to read in file: 0.585163

Number points: 2458285 
Number Dimensions: 68 
Number Concurent Streams: 2
Block Size: 256, Kernel Blocks: 1024
Using using binary searches
Distance Threshold: 0.005500 
*********************************

Predicted calcsPerSecond: 12001091122
SubGraph 0 Layer 0 Selecting RP 1 with Nodes: 43 and calcs: 1364011199683 :: Predicted time: 0.000000, Actual Time: 0.038391
Build Time: 0.038391, Calc Time: 113.657265, reduction -113.657265
############################################
Predicted calcsPerSecond: 12001336123
SubGraph 0 Layer 1 Selecting RP 8 with Nodes: 380 and calcs: 818114099099 :: Predicted time: 0.038391, Actual Time: 0.650868
Build Time: 0.650868, Calc Time: 68.168585, reduction 45.488681
############################################
Predicted calcsPerSecond: 12001526618
SubGraph 0 Layer 2 Selecting RP 6 with Nodes: 942 and calcs: 650095939019 :: Predicted time: 0.650868, Actual Time: 0.092760
Build Time: 0.092760, Calc Time: 54.167770, reduction 14.000814
############################################
Predicted calcsPerSecond: 12010062719
SubGraph 0 Layer 3 Selecting RP 9 with Nodes: 2062 and calcs: 528238697975 :: Predicted time: 0.092760, Actual Time: 0.127502
Build Time: 0.127502, Calc Time: 43.983009, reduction 10.184761
############################################
Predicted calcsPerSecond: 12014762487
SubGraph 0 Layer 4 Selecting RP 6 with Nodes: 3912 and calcs: 425410316367 :: Predicted time: 0.127502, Actual Time: 0.127013
Build Time: 0.127013, Calc Time: 35.407301, reduction 8.575708
############################################
Predicted calcsPerSecond: 12012760208
SubGraph 0 Layer 5 Selecting RP 3 with Nodes: 5775 and calcs: 381098875077 :: Predicted time: 0.127013, Actual Time: 0.223093
Build Time: 0.223093, Calc Time: 31.724505, reduction 3.682796
############################################
Predicted calcsPerSecond: 12007928955
SubGraph 0 Layer 6 Selecting RP 8 with Nodes: 7582 and calcs: 358264609455 :: Predicted time: 0.223093, Actual Time: 0.347679
Build Time: 0.347679, Calc Time: 29.835670, reduction 1.888835
############################################
Predicted calcsPerSecond: 12012806852
SubGraph 0 Layer 7 Selecting RP 4 with Nodes: 9647 and calcs: 338486210573 :: Predicted time: 0.347679, Actual Time: 0.561549
Build Time: 0.561549, Calc Time: 28.177113, reduction 1.658558
############################################
Predicted calcsPerSecond: 12012737907
SubGraph 0 Layer 8 Selecting RP 3 with Nodes: 11197 and calcs: 329064452405 :: Predicted time: 0.561549, Actual Time: 0.634530
Build Time: 0.634530, Calc Time: 27.392960, reduction 0.784152
############################################
Predicted calcsPerSecond: 12015136517
SubGraph 0 Layer 9 Selecting RP 7 with Nodes: 12698 and calcs: 321481519709 :: Predicted time: 0.634530, Actual Time: 1.168384
Build Time: 1.168384, Calc Time: 26.756377, reduction 0.636584
############################################
Final graph has 12698 nodes, 321481519709 calcs total
Node Construct time: 6.967760
Batchs: 10
Total results Set Size: 311087687 
Node Laucnher time: 18.396545
Total Time: 20.051424

Time to read in file: 2.010345

Number points: 2458285 
Number Dimensions: 68 
Number Concurent Streams: 2
Block Size: 256, Kernel Blocks: 1024
Using using binary searches
Distance Threshold: 0.007750 
*********************************

Predicted calcsPerSecond: 11971554997
SubGraph 0 Layer 0 Selecting RP 1 with Nodes: 31 and calcs: 1815151802107 :: Predicted time: 0.000000, Actual Time: 0.032433
Build Time: 0.032433, Calc Time: 151.622058, reduction -151.622058
############################################
Predicted calcsPerSecond: 11994007505
SubGraph 0 Layer 1 Selecting RP 8 with Nodes: 218 and calcs: 1307694621745 :: Predicted time: 0.032433, Actual Time: 0.481239
Build Time: 0.481239, Calc Time: 109.028998, reduction 42.593060
############################################
Predicted calcsPerSecond: 11998949777
SubGraph 0 Layer 2 Selecting RP 6 with Nodes: 538 and calcs: 1135616953867 :: Predicted time: 0.481239, Actual Time: 0.103700
Build Time: 0.103700, Calc Time: 94.643029, reduction 14.385969
############################################
Predicted calcsPerSecond: 12008457933
SubGraph 0 Layer 3 Selecting RP 9 with Nodes: 1116 and calcs: 989885489125 :: Predicted time: 0.103700, Actual Time: 0.082171
Build Time: 0.082171, Calc Time: 82.432357, reduction 12.210672
############################################
Predicted calcsPerSecond: 12012059475
SubGraph 0 Layer 4 Selecting RP 6 with Nodes: 2146 and calcs: 856108252527 :: Predicted time: 0.082171, Actual Time: 0.101178
Build Time: 0.101178, Calc Time: 71.270730, reduction 11.161626
############################################
Predicted calcsPerSecond: 11996620990
SubGraph 0 Layer 5 Selecting RP 3 with Nodes: 3313 and calcs: 792743821759 :: Predicted time: 0.101178, Actual Time: 0.129673
Build Time: 0.129673, Calc Time: 66.080592, reduction 5.190138
############################################
Predicted calcsPerSecond: 12004924761
SubGraph 0 Layer 6 Selecting RP 8 with Nodes: 4709 and calcs: 753062977845 :: Predicted time: 0.129673, Actual Time: 0.248862
Build Time: 0.248862, Calc Time: 62.729504, reduction 3.351088
############################################
Predicted calcsPerSecond: 12003493165
SubGraph 0 Layer 7 Selecting RP 4 with Nodes: 6673 and calcs: 710576583003 :: Predicted time: 0.248862, Actual Time: 0.815404
Build Time: 0.815404, Calc Time: 59.197483, reduction 3.532021
############################################
Predicted calcsPerSecond: 11995932931
SubGraph 0 Layer 8 Selecting RP 6 with Nodes: 8352 and calcs: 677300652109 :: Predicted time: 0.815404, Actual Time: 1.104052
Build Time: 1.104052, Calc Time: 56.460857, reduction 2.736626
############################################
Predicted calcsPerSecond: 11995440047
SubGraph 0 Layer 9 Selecting RP 3 with Nodes: 10617 and calcs: 651527254849 :: Predicted time: 1.104052, Actual Time: 1.430382
Build Time: 1.430382, Calc Time: 54.314577, reduction 2.146280
############################################
Predicted calcsPerSecond: 11954158355
SubGraph 0 Layer 10 Selecting RP 8 with Nodes: 12564 and calcs: 625873926701 :: Predicted time: 1.430382, Actual Time: 2.171248
Build Time: 2.171248, Calc Time: 52.356168, reduction 1.958409
############################################
Final graph has 12564 nodes, 625873926701 calcs total
Node Construct time: 10.248283
Batchs: 12
Total results Set Size: 897710957 
Node Laucnher time: 32.673949
Total Time: 34.320280
Wave __________________________________________________
Wave __________________________________________________

Time to read in file: 0.097086

Number points: 287999 
Number Dimensions: 49 
Number Concurent Streams: 2
Block Size: 256, Kernel Blocks: 1024
Using using binary searches
Distance Threshold: 0.002000 
*********************************

Predicted calcsPerSecond: 13837764312
SubGraph 0 Layer 0 Selecting RP 1 with Nodes: 38 and calcs: 18610355839 :: Predicted time: 0.000000, Actual Time: 0.020457
Build Time: 0.020457, Calc Time: 1.344896, reduction -1.344896
############################################
Predicted calcsPerSecond: 13987084333
SubGraph 0 Layer 1 Selecting RP 2 with Nodes: 150 and calcs: 14133410059 :: Predicted time: 0.020457, Actual Time: 0.042949
Build Time: 0.042949, Calc Time: 1.010461, reduction 0.334435
############################################
Predicted calcsPerSecond: 14040409494
SubGraph 0 Layer 2 Selecting RP 7 with Nodes: 215 and calcs: 12933587453 :: Predicted time: 0.042949, Actual Time: 0.005016
Build Time: 0.005016, Calc Time: 0.921169, reduction 0.089293
############################################
Predicted calcsPerSecond: 14094916757
SubGraph 0 Layer 3 Selecting RP 1 with Nodes: 304 and calcs: 11880589041 :: Predicted time: 0.005016, Actual Time: 0.005989
Build Time: 0.005989, Calc Time: 0.842899, reduction 0.078270
############################################
Predicted calcsPerSecond: 14178128165
SubGraph 0 Layer 4 Selecting RP 1 with Nodes: 392 and calcs: 11386496769 :: Predicted time: 0.005989, Actual Time: 0.006530
Build Time: 0.006530, Calc Time: 0.803103, reduction 0.039796
############################################
Predicted calcsPerSecond: 14224945273
SubGraph 0 Layer 5 Selecting RP 2 with Nodes: 484 and calcs: 11118774167 :: Predicted time: 0.006530, Actual Time: 0.006831
Build Time: 0.006831, Calc Time: 0.781639, reduction 0.021464
############################################
Predicted calcsPerSecond: 14247949241
SubGraph 0 Layer 6 Selecting RP 6 with Nodes: 542 and calcs: 10977666711 :: Predicted time: 0.006831, Actual Time: 0.007316
Build Time: 0.007316, Calc Time: 0.770473, reduction 0.011166
############################################
Predicted calcsPerSecond: 14276542489
SubGraph 0 Layer 7 Selecting RP 2 with Nodes: 576 and calcs: 10903610643 :: Predicted time: 0.007316, Actual Time: 0.005886
Build Time: 0.005886, Calc Time: 0.763743, reduction 0.006730
############################################
Predicted calcsPerSecond: 14234738546
SubGraph 0 Layer 8 Selecting RP 2 with Nodes: 595 and calcs: 10871321453 :: Predicted time: 0.005886, Actual Time: 0.005033
Build Time: 0.005033, Calc Time: 0.763718, reduction 0.000025
############################################
Final graph has 595 nodes, 10871321453 calcs total
Node Construct time: 0.371004
Batchs: 2
Total results Set Size: 11651957 
Node Laucnher time: 0.572817
Total Time: 0.696588

Time to read in file: 0.035539

Number points: 287999 
Number Dimensions: 49 
Number Concurent Streams: 2
Block Size: 256, Kernel Blocks: 1024
Using using binary searches
Distance Threshold: 0.003250 
*********************************

Predicted calcsPerSecond: 13993165860
SubGraph 0 Layer 0 Selecting RP 1 with Nodes: 25 and calcs: 27540420945 :: Predicted time: 0.000000, Actual Time: 0.013941
Build Time: 0.013941, Calc Time: 1.968134, reduction -1.968134
############################################
Predicted calcsPerSecond: 14125383451
SubGraph 0 Layer 1 Selecting RP 2 with Nodes: 87 and calcs: 23345563191 :: Predicted time: 0.013941, Actual Time: 0.033581
Build Time: 0.033581, Calc Time: 1.652738, reduction 0.315395
############################################
Predicted calcsPerSecond: 14213789869
SubGraph 0 Layer 2 Selecting RP 1 with Nodes: 168 and calcs: 21381588217 :: Predicted time: 0.033581, Actual Time: 0.006897
Build Time: 0.006897, Calc Time: 1.504285, reduction 0.148454
############################################
Predicted calcsPerSecond: 14273168307
SubGraph 0 Layer 3 Selecting RP 1 with Nodes: 222 and calcs: 20136871299 :: Predicted time: 0.006897, Actual Time: 0.005484
Build Time: 0.005484, Calc Time: 1.410820, reduction 0.093465
############################################
Predicted calcsPerSecond: 14309297404
SubGraph 0 Layer 4 Selecting RP 1 with Nodes: 268 and calcs: 19473300895 :: Predicted time: 0.005484, Actual Time: 0.005359
Build Time: 0.005359, Calc Time: 1.360884, reduction 0.049936
############################################
Predicted calcsPerSecond: 14300515559
SubGraph 0 Layer 5 Selecting RP 1 with Nodes: 330 and calcs: 18972189179 :: Predicted time: 0.005359, Actual Time: 0.005931
Build Time: 0.005931, Calc Time: 1.326679, reduction 0.034206
############################################
Predicted calcsPerSecond: 14307356769
SubGraph 0 Layer 6 Selecting RP 1 with Nodes: 399 and calcs: 18572642983 :: Predicted time: 0.005931, Actual Time: 0.006728
Build Time: 0.006728, Calc Time: 1.298118, reduction 0.028560
############################################
Predicted calcsPerSecond: 14308842195
SubGraph 0 Layer 7 Selecting RP 1 with Nodes: 484 and calcs: 18269442773 :: Predicted time: 0.006728, Actual Time: 0.007808
Build Time: 0.007808, Calc Time: 1.276794, reduction 0.021324
############################################
Predicted calcsPerSecond: 14302926247
SubGraph 0 Layer 8 Selecting RP 1 with Nodes: 558 and calcs: 17998124983 :: Predicted time: 0.007808, Actual Time: 0.010181
Build Time: 0.010181, Calc Time: 1.258353, reduction 0.018441
############################################
Predicted calcsPerSecond: 14334625375
SubGraph 0 Layer 9 Selecting RP 3 with Nodes: 635 and calcs: 17878180011 :: Predicted time: 0.010181, Actual Time: 0.007441
Build Time: 0.007441, Calc Time: 1.247202, reduction 0.011150
############################################
Predicted calcsPerSecond: 14342940981
SubGraph 0 Layer 10 Selecting RP 7 with Nodes: 709 and calcs: 17768989247 :: Predicted time: 0.007441, Actual Time: 0.011012
Build Time: 0.011012, Calc Time: 1.238867, reduction 0.008336
############################################
Final graph has 709 nodes, 17768989247 calcs total
Node Construct time: 0.464452
Batchs: 2
Total results Set Size: 27340089 
Node Laucnher time: 0.781396
Total Time: 0.913140

Time to read in file: 0.035554

Number points: 287999 
Number Dimensions: 49 
Number Concurent Streams: 2
Block Size: 256, Kernel Blocks: 1024
Using using binary searches
Distance Threshold: 0.004500 
*********************************

Predicted calcsPerSecond: 14107953757
SubGraph 0 Layer 0 Selecting RP 3 with Nodes: 17 and calcs: 34895868125 :: Predicted time: 0.000000, Actual Time: 0.009929
Build Time: 0.009929, Calc Time: 2.473489, reduction -2.473489
############################################
Predicted calcsPerSecond: 14202940034
SubGraph 0 Layer 1 Selecting RP 2 with Nodes: 52 and calcs: 30838039823 :: Predicted time: 0.009929, Actual Time: 0.022685
Build Time: 0.022685, Calc Time: 2.171243, reduction 0.302246
############################################
Predicted calcsPerSecond: 14216661082
SubGraph 0 Layer 2 Selecting RP 5 with Nodes: 96 and calcs: 28830936055 :: Predicted time: 0.022685, Actual Time: 0.006326
Build Time: 0.006326, Calc Time: 2.027968, reduction 0.143275
############################################
Predicted calcsPerSecond: 14288621642
SubGraph 0 Layer 3 Selecting RP 2 with Nodes: 157 and calcs: 27454889763 :: Predicted time: 0.006326, Actual Time: 0.005768
Build Time: 0.005768, Calc Time: 1.921451, reduction 0.106517
############################################
Predicted calcsPerSecond: 14202842031
SubGraph 0 Layer 4 Selecting RP 1 with Nodes: 211 and calcs: 26532268545 :: Predicted time: 0.005768, Actual Time: 0.004958
Build Time: 0.004958, Calc Time: 1.868096, reduction 0.053356
############################################
Predicted calcsPerSecond: 14212332401
SubGraph 0 Layer 5 Selecting RP 3 with Nodes: 261 and calcs: 26051948835 :: Predicted time: 0.004958, Actual Time: 0.005599
Build Time: 0.005599, Calc Time: 1.833052, reduction 0.035043
############################################
Predicted calcsPerSecond: 14219947278
SubGraph 0 Layer 6 Selecting RP 1 with Nodes: 313 and calcs: 25634393389 :: Predicted time: 0.005599, Actual Time: 0.005683
Build Time: 0.005683, Calc Time: 1.802707, reduction 0.030346
############################################
Predicted calcsPerSecond: 14242466668
SubGraph 0 Layer 7 Selecting RP 1 with Nodes: 355 and calcs: 25192282569 :: Predicted time: 0.005683, Actual Time: 0.005728
Build Time: 0.005728, Calc Time: 1.768815, reduction 0.033892
############################################
Predicted calcsPerSecond: 14247614190
SubGraph 0 Layer 8 Selecting RP 2 with Nodes: 418 and calcs: 24877663803 :: Predicted time: 0.005728, Actual Time: 0.006250
Build Time: 0.006250, Calc Time: 1.746093, reduction 0.022721
############################################
Predicted calcsPerSecond: 14218427669
SubGraph 0 Layer 9 Selecting RP 3 with Nodes: 485 and calcs: 24682058995 :: Predicted time: 0.006250, Actual Time: 0.008458
Build Time: 0.008458, Calc Time: 1.735920, reduction 0.010173
############################################
Predicted calcsPerSecond: 14254974539
SubGraph 0 Layer 10 Selecting RP 2 with Nodes: 566 and calcs: 24496083547 :: Predicted time: 0.008458, Actual Time: 0.009725
Build Time: 0.009725, Calc Time: 1.718424, reduction 0.017497
############################################
Predicted calcsPerSecond: 14274418176
SubGraph 0 Layer 11 Selecting RP 2 with Nodes: 626 and calcs: 24343736929 :: Predicted time: 0.009725, Actual Time: 0.012304
Build Time: 0.012304, Calc Time: 1.705410, reduction 0.013013
############################################
Predicted calcsPerSecond: 14293901083
SubGraph 0 Layer 12 Selecting RP 1 with Nodes: 688 and calcs: 24154594281 :: Predicted time: 0.012304, Actual Time: 0.012642
Build Time: 0.012642, Calc Time: 1.689853, reduction 0.015557
############################################
Predicted calcsPerSecond: 14261084648
SubGraph 0 Layer 13 Selecting RP 9 with Nodes: 764 and calcs: 24080499553 :: Predicted time: 0.012642, Actual Time: 0.014169
Build Time: 0.014169, Calc Time: 1.688546, reduction 0.001307
############################################
Final graph has 764 nodes, 24080499553 calcs total
Node Construct time: 0.565727
Batchs: 2
Total results Set Size: 47254879 
Node Laucnher time: 1.056040
Total Time: 1.183701

Time to read in file: 0.032093

Number points: 287999 
Number Dimensions: 49 
Number Concurent Streams: 2
Block Size: 256, Kernel Blocks: 1024
Using using binary searches
Distance Threshold: 0.005750 
*********************************

Predicted calcsPerSecond: 13817236892
SubGraph 0 Layer 0 Selecting RP 6 with Nodes: 15 and calcs: 40034425453 :: Predicted time: 0.000000, Actual Time: 0.008959
Build Time: 0.008959, Calc Time: 2.897426, reduction -2.897426
############################################
Predicted calcsPerSecond: 14027836782
SubGraph 0 Layer 1 Selecting RP 4 with Nodes: 36 and calcs: 36485535735 :: Predicted time: 0.008959, Actual Time: 0.015976
Build Time: 0.015976, Calc Time: 2.600938, reduction 0.296488
############################################
Predicted calcsPerSecond: 14178353583
SubGraph 0 Layer 2 Selecting RP 4 with Nodes: 64 and calcs: 35059788465 :: Predicted time: 0.015976, Actual Time: 0.006539
Build Time: 0.006539, Calc Time: 2.472769, reduction 0.128169
############################################
Predicted calcsPerSecond: 14227533537
SubGraph 0 Layer 3 Selecting RP 6 with Nodes: 108 and calcs: 33996926329 :: Predicted time: 0.006539, Actual Time: 0.005667
Build Time: 0.005667, Calc Time: 2.389517, reduction 0.083252
############################################
Predicted calcsPerSecond: 14240246162
SubGraph 0 Layer 4 Selecting RP 1 with Nodes: 164 and calcs: 33053360959 :: Predicted time: 0.005667, Actual Time: 0.005445
Build Time: 0.005445, Calc Time: 2.321123, reduction 0.068394
############################################
Predicted calcsPerSecond: 14242967752
SubGraph 0 Layer 5 Selecting RP 4 with Nodes: 220 and calcs: 32293817869 :: Predicted time: 0.005445, Actual Time: 0.005978
Build Time: 0.005978, Calc Time: 2.267352, reduction 0.053771
############################################
Predicted calcsPerSecond: 14256555941
SubGraph 0 Layer 6 Selecting RP 1 with Nodes: 265 and calcs: 31765613457 :: Predicted time: 0.005978, Actual Time: 0.005575
Build Time: 0.005575, Calc Time: 2.228141, reduction 0.039211
############################################
Predicted calcsPerSecond: 14224945354
SubGraph 0 Layer 7 Selecting RP 2 with Nodes: 310 and calcs: 31387352775 :: Predicted time: 0.005575, Actual Time: 0.005279
Build Time: 0.005279, Calc Time: 2.206501, reduction 0.021640
############################################
Predicted calcsPerSecond: 14235366568
SubGraph 0 Layer 8 Selecting RP 1 with Nodes: 363 and calcs: 31015328147 :: Predicted time: 0.005279, Actual Time: 0.006660
Build Time: 0.006660, Calc Time: 2.178752, reduction 0.027749
############################################
Predicted calcsPerSecond: 14190998990
SubGraph 0 Layer 9 Selecting RP 4 with Nodes: 386 and calcs: 30703110237 :: Predicted time: 0.006660, Actual Time: 0.005878
Build Time: 0.005878, Calc Time: 2.163562, reduction 0.015189
############################################
Predicted calcsPerSecond: 14249495135
SubGraph 0 Layer 10 Selecting RP 3 with Nodes: 424 and calcs: 30474749757 :: Predicted time: 0.005878, Actual Time: 0.005881
Build Time: 0.005881, Calc Time: 2.138655, reduction 0.024908
############################################
Predicted calcsPerSecond: 14235663625
SubGraph 0 Layer 11 Selecting RP 3 with Nodes: 476 and calcs: 30263695755 :: Predicted time: 0.005881, Actual Time: 0.007738
Build Time: 0.007738, Calc Time: 2.125907, reduction 0.012748
############################################
Predicted calcsPerSecond: 14257912107
SubGraph 0 Layer 12 Selecting RP 1 with Nodes: 530 and calcs: 29985011037 :: Predicted time: 0.007738, Actual Time: 0.008929
Build Time: 0.008929, Calc Time: 2.103044, reduction 0.022863
############################################
Predicted calcsPerSecond: 14187240995
SubGraph 0 Layer 13 Selecting RP 9 with Nodes: 600 and calcs: 29861024347 :: Predicted time: 0.008929, Actual Time: 0.011268
Build Time: 0.011268, Calc Time: 2.104780, reduction -0.001737
############################################
Final graph has 600 nodes, 29861024347 calcs total
Node Construct time: 0.499996
Batchs: 2
Total results Set Size: 93070851 
Node Laucnher time: 1.328339
Total Time: 1.458934

Time to read in file: 0.031850

Number points: 287999 
Number Dimensions: 49 
Number Concurent Streams: 2
Block Size: 256, Kernel Blocks: 1024
Using using binary searches
Distance Threshold: 0.007000 
*********************************

Predicted calcsPerSecond: 14075991879
SubGraph 0 Layer 0 Selecting RP 3 with Nodes: 13 and calcs: 43968382041 :: Predicted time: 0.000000, Actual Time: 0.007932
Build Time: 0.007932, Calc Time: 3.123644, reduction -3.123644
############################################
Predicted calcsPerSecond: 14231840887
SubGraph 0 Layer 1 Selecting RP 6 with Nodes: 32 and calcs: 41506087741 :: Predicted time: 0.007932, Actual Time: 0.015040
Build Time: 0.015040, Calc Time: 2.916424, reduction 0.207219
############################################
Predicted calcsPerSecond: 14268691569
SubGraph 0 Layer 2 Selecting RP 5 with Nodes: 63 and calcs: 39746059499 :: Predicted time: 0.015040, Actual Time: 0.006447
Build Time: 0.006447, Calc Time: 2.785543, reduction 0.130881
############################################
Predicted calcsPerSecond: 14256838905
SubGraph 0 Layer 3 Selecting RP 6 with Nodes: 96 and calcs: 38816859959 :: Predicted time: 0.006447, Actual Time: 0.005000
Build Time: 0.005000, Calc Time: 2.722683, reduction 0.062860
############################################
Predicted calcsPerSecond: 14302822949
SubGraph 0 Layer 4 Selecting RP 5 with Nodes: 147 and calcs: 38097259923 :: Predicted time: 0.005000, Actual Time: 0.005730
Build Time: 0.005730, Calc Time: 2.663618, reduction 0.059065
############################################
Predicted calcsPerSecond: 14298295188
SubGraph 0 Layer 5 Selecting RP 3 with Nodes: 184 and calcs: 37558645459 :: Predicted time: 0.005730, Actual Time: 0.004730
Build Time: 0.004730, Calc Time: 2.626792, reduction 0.036826
############################################
Predicted calcsPerSecond: 14311444568
SubGraph 0 Layer 6 Selecting RP 1 with Nodes: 235 and calcs: 36915363819 :: Predicted time: 0.004730, Actual Time: 0.005341
Build Time: 0.005341, Calc Time: 2.579430, reduction 0.047362
############################################
Predicted calcsPerSecond: 14313429486
SubGraph 0 Layer 7 Selecting RP 1 with Nodes: 282 and calcs: 36538113321 :: Predicted time: 0.005341, Actual Time: 0.005847
Build Time: 0.005847, Calc Time: 2.552716, reduction 0.026714
############################################
Predicted calcsPerSecond: 14328658018
SubGraph 0 Layer 8 Selecting RP 3 with Nodes: 316 and calcs: 36233727363 :: Predicted time: 0.005847, Actual Time: 0.005014
Build Time: 0.005014, Calc Time: 2.528759, reduction 0.023956
############################################
Predicted calcsPerSecond: 14297985547
SubGraph 0 Layer 9 Selecting RP 3 with Nodes: 361 and calcs: 35998401051 :: Predicted time: 0.005014, Actual Time: 0.006213
Build Time: 0.006213, Calc Time: 2.517725, reduction 0.011034
############################################
Predicted calcsPerSecond: 14312408478
SubGraph 0 Layer 10 Selecting RP 2 with Nodes: 421 and calcs: 35781252667 :: Predicted time: 0.006213, Actual Time: 0.007374
Build Time: 0.007374, Calc Time: 2.500016, reduction 0.017709
############################################
Predicted calcsPerSecond: 14273203619
SubGraph 0 Layer 11 Selecting RP 2 with Nodes: 480 and calcs: 35576042543 :: Predicted time: 0.007374, Actual Time: 0.008577
Build Time: 0.008577, Calc Time: 2.492506, reduction 0.007510
############################################
Final graph has 480 nodes, 35576042543 calcs total
Node Construct time: 0.468684
Batchs: 2
Total results Set Size: 290127035 
Node Laucnher time: 2.341577
Total Time: 2.471695
BIGCROSS____________________________________________________________
BIGCROSS____________________________________________________________

Time to read in file: 12.681340

Number points: 11620300 
Number Dimensions: 57 
Number Concurent Streams: 2
Block Size: 256, Kernel Blocks: 1024
Using using binary searches
Distance Threshold: 0.001000 
*********************************

Predicted calcsPerSecond: 12381521256
SubGraph 0 Layer 0 Selecting RP 1 with Nodes: 284 and calcs: 2218851098970 :: Predicted time: 0.000000, Actual Time: 0.212857
Build Time: 0.212857, Calc Time: 179.206662, reduction -179.206662
############################################
Predicted calcsPerSecond: 12377093391
SubGraph 0 Layer 1 Selecting RP 9 with Nodes: 12804 and calcs: 199240449126 :: Predicted time: 0.212857, Actual Time: 35.331297
Build Time: 35.331297, Calc Time: 16.097515, reduction 163.109147
############################################
Predicted calcsPerSecond: 12378154650
SubGraph 0 Layer 2 Selecting RP 0 with Nodes: 56603 and calcs: 120929213754 :: Predicted time: 35.331297, Actual Time: 2.091308
Build Time: 2.091308, Calc Time: 9.769567, reduction 6.327948
############################################
Predicted calcsPerSecond: 12376940062
SubGraph 0 Layer 3 Selecting RP 0 with Nodes: 56603 and calcs: 120929213754 :: Predicted time: 2.091308, Actual Time: 0.409158
Build Time: 0.409158, Calc Time: 9.770526, reduction -0.000959
############################################
Final graph has 56603 nodes, 120929213754 calcs total
Node Construct time: 10.314075
Batchs: 45
Total results Set Size: 41137474 
Node Laucnher time: 16.334299
Total Time: 22.748489

Time to read in file: 11.496690

Number points: 11620300 
Number Dimensions: 57 
Number Concurent Streams: 2
Block Size: 256, Kernel Blocks: 1024
Using using binary searches
Distance Threshold: 0.005750 
*********************************

Predicted calcsPerSecond: 12375366737
SubGraph 0 Layer 0 Selecting RP 1 with Nodes: 50 and calcs: 12707374244866 :: Predicted time: 0.000000, Actual Time: 0.095892
Build Time: 0.095892, Calc Time: 1026.828094, reduction -1026.828094
############################################
Predicted calcsPerSecond: 12376674383
SubGraph 0 Layer 1 Selecting RP 9 with Nodes: 491 and calcs: 5686280490162 :: Predicted time: 0.095892, Actual Time: 4.297753
Build Time: 4.297753, Calc Time: 459.435250, reduction 567.392844
############################################
Predicted calcsPerSecond: 12378572459
SubGraph 0 Layer 2 Selecting RP 0 with Nodes: 3403 and calcs: 2813104710430 :: Predicted time: 4.297753, Actual Time: 1.407924
Build Time: 1.407924, Calc Time: 227.255988, reduction 232.179262
############################################
Predicted calcsPerSecond: 12374353444
SubGraph 0 Layer 3 Selecting RP 7 with Nodes: 7685 and calcs: 2275045131178 :: Predicted time: 1.407924, Actual Time: 1.644596
Build Time: 1.644596, Calc Time: 183.851636, reduction 43.404351
############################################
Predicted calcsPerSecond: 12379562243
SubGraph 0 Layer 4 Selecting RP 0 with Nodes: 14791 and calcs: 1618859620100 :: Predicted time: 1.644596, Actual Time: 0.796545
Build Time: 0.796545, Calc Time: 130.768729, reduction 53.082907
############################################
Predicted calcsPerSecond: 12382370751
SubGraph 0 Layer 5 Selecting RP 4 with Nodes: 29122 and calcs: 1173221806090 :: Predicted time: 0.796545, Actual Time: 2.584368
Build Time: 2.584368, Calc Time: 94.749368, reduction 36.019361
############################################
Predicted calcsPerSecond: 12381647350
SubGraph 0 Layer 6 Selecting RP 1 with Nodes: 39126 and calcs: 1014566290784 :: Predicted time: 2.584368, Actual Time: 2.472524
Build Time: 2.472524, Calc Time: 81.941139, reduction 12.808229
############################################
Predicted calcsPerSecond: 12373073547
SubGraph 0 Layer 7 Selecting RP 6 with Nodes: 43764 and calcs: 992052523520 :: Predicted time: 2.472524, Actual Time: 3.134759
Build Time: 3.134759, Calc Time: 80.178342, reduction 1.762797
############################################
Final graph has 43764 nodes, 992052523520 calcs total
Node Construct time: 25.125504
Batchs: 45
Total results Set Size: 539888914 
Node Laucnher time: 38.394463
Total Time: 44.775669

Time to read in file: 12.610092

Number points: 11620300 
Number Dimensions: 57 
Number Concurent Streams: 2
Block Size: 256, Kernel Blocks: 1024
Using using binary searches
Distance Threshold: 0.010500 
*********************************

Predicted calcsPerSecond: 12366910908
SubGraph 0 Layer 0 Selecting RP 1 with Nodes: 28 and calcs: 23026901662088 :: Predicted time: 0.000000, Actual Time: 0.084940
Build Time: 0.084940, Calc Time: 1861.976837, reduction -1861.976837
############################################
Predicted calcsPerSecond: 12377098770
SubGraph 0 Layer 1 Selecting RP 9 with Nodes: 171 and calcs: 15137745540152 :: Predicted time: 0.084940, Actual Time: 1.792817
Build Time: 1.792817, Calc Time: 1223.044739, reduction 638.932098
############################################
Predicted calcsPerSecond: 12373890770
SubGraph 0 Layer 2 Selecting RP 0 with Nodes: 823 and calcs: 10665352954338 :: Predicted time: 1.792817, Actual Time: 1.393251
Build Time: 1.393251, Calc Time: 861.923962, reduction 361.120778
############################################
Predicted calcsPerSecond: 12380349504
SubGraph 0 Layer 3 Selecting RP 7 with Nodes: 1842 and calcs: 9277529000604 :: Predicted time: 1.393251, Actual Time: 0.502530
Build Time: 0.502530, Calc Time: 749.375371, reduction 112.548591
############################################
Predicted calcsPerSecond: 12381666900
SubGraph 0 Layer 4 Selecting RP 0 with Nodes: 4074 and calcs: 6944932139770 :: Predicted time: 0.502530, Actual Time: 0.436535
Build Time: 0.436535, Calc Time: 560.904456, reduction 188.470915
############################################
Predicted calcsPerSecond: 12378876217
SubGraph 0 Layer 5 Selecting RP 4 with Nodes: 8637 and calcs: 5842543402050 :: Predicted time: 0.436535, Actual Time: 0.601206
Build Time: 0.601206, Calc Time: 471.976882, reduction 88.927574
############################################
Predicted calcsPerSecond: 12380058377
SubGraph 0 Layer 6 Selecting RP 1 with Nodes: 15136 and calcs: 4685296243906 :: Predicted time: 0.601206, Actual Time: 1.557479
Build Time: 1.557479, Calc Time: 378.455101, reduction 93.521781
############################################
Predicted calcsPerSecond: 12374320482
SubGraph 0 Layer 7 Selecting RP 6 with Nodes: 21116 and calcs: 4418819402866 :: Predicted time: 1.557479, Actual Time: 2.035805
Build Time: 2.035805, Calc Time: 357.095924, reduction 21.359177
############################################
Predicted calcsPerSecond: 12371114411
SubGraph 0 Layer 8 Selecting RP 0 with Nodes: 29185 and calcs: 4029409608102 :: Predicted time: 2.035805, Actual Time: 2.480007
Build Time: 2.480007, Calc Time: 325.711126, reduction 31.384797
############################################
Predicted calcsPerSecond: 12373633997
SubGraph 0 Layer 9 Selecting RP 0 with Nodes: 37530 and calcs: 3785327975158 :: Predicted time: 2.480007, Actual Time: 3.352362
Build Time: 3.352362, Calc Time: 305.918857, reduction 19.792269
############################################
Predicted calcsPerSecond: 12375567224
SubGraph 0 Layer 10 Selecting RP 1 with Nodes: 47296 and calcs: 3638626014826 :: Predicted time: 3.352362, Actual Time: 6.976906
Build Time: 6.976906, Calc Time: 294.016908, reduction 11.901949
############################################
Predicted calcsPerSecond: 12380522810
SubGraph 0 Layer 11 Selecting RP 0 with Nodes: 57751 and calcs: 3445324284390 :: Predicted time: 6.976906, Actual Time: 5.327845
Build Time: 5.327845, Calc Time: 278.285848, reduction 15.731061
############################################
Predicted calcsPerSecond: 12371999895
SubGraph 0 Layer 12 Selecting RP 0 with Nodes: 66094 and calcs: 3359504873684 :: Predicted time: 5.327845, Actual Time: 7.717289
Build Time: 7.717289, Calc Time: 271.540972, reduction 6.744876
############################################
Final graph has 66094 nodes, 3359504873684 calcs total
Node Construct time: 64.949534
Batchs: 56
Total results Set Size: 1686078098 
Node Laucnher time: 100.069938
Total Time: 106.388515

Time to read in file: 11.510399

Number points: 11620300 
Number Dimensions: 57 
Number Concurent Streams: 2
Block Size: 256, Kernel Blocks: 1024
Using using binary searches
Distance Threshold: 0.015250 
*********************************

Predicted calcsPerSecond: 12375862131
SubGraph 0 Layer 0 Selecting RP 1 with Nodes: 19 and calcs: 33074580959368 :: Predicted time: 0.000000, Actual Time: 0.080389
Build Time: 0.080389, Calc Time: 2672.507225, reduction -2672.507225
############################################
Predicted calcsPerSecond: 12376219039
SubGraph 0 Layer 1 Selecting RP 9 with Nodes: 95 and calcs: 25399610622444 :: Predicted time: 0.080389, Actual Time: 1.564268
Build Time: 1.564268, Calc Time: 2052.291620, reduction 620.215605
############################################
Predicted calcsPerSecond: 12384158247
SubGraph 0 Layer 2 Selecting RP 0 with Nodes: 355 and calcs: 20820491874220 :: Predicted time: 1.564268, Actual Time: 0.695846
Build Time: 0.695846, Calc Time: 1681.219786, reduction 371.071834
############################################
Predicted calcsPerSecond: 12386981193
SubGraph 0 Layer 3 Selecting RP 2 with Nodes: 748 and calcs: 18481532606976 :: Predicted time: 0.695846, Actual Time: 0.578291
Build Time: 0.578291, Calc Time: 1492.012648, reduction 189.207138
############################################
Predicted calcsPerSecond: 12382187031
SubGraph 0 Layer 4 Selecting RP 0 with Nodes: 1684 and calcs: 14529927649062 :: Predicted time: 0.578291, Actual Time: 0.602271
Build Time: 0.602271, Calc Time: 1173.454060, reduction 318.558587
############################################
Predicted calcsPerSecond: 12384051216
SubGraph 0 Layer 5 Selecting RP 2 with Nodes: 3058 and calcs: 13340423302278 :: Predicted time: 0.602271, Actual Time: 0.940745
Build Time: 0.940745, Calc Time: 1077.226109, reduction 96.227952
############################################
Predicted calcsPerSecond: 12379742508
SubGraph 0 Layer 6 Selecting RP 1 with Nodes: 4948 and calcs: 11895957726760 :: Predicted time: 0.940745, Actual Time: 1.042579
Build Time: 1.042579, Calc Time: 960.921257, reduction 116.304852
############################################
Predicted calcsPerSecond: 12380264112
SubGraph 0 Layer 7 Selecting RP 6 with Nodes: 7624 and calcs: 11318627801790 :: Predicted time: 1.042579, Actual Time: 0.611060
Build Time: 0.611060, Calc Time: 914.247685, reduction 46.673572
############################################
Predicted calcsPerSecond: 12379988431
SubGraph 0 Layer 8 Selecting RP 0 with Nodes: 11647 and calcs: 10530533676306 :: Predicted time: 0.611060, Actual Time: 1.441334
Build Time: 1.441334, Calc Time: 850.609331, reduction 63.638354
############################################
Predicted calcsPerSecond: 12382877207
SubGraph 0 Layer 9 Selecting RP 4 with Nodes: 14967 and calcs: 10087249078888 :: Predicted time: 1.441334, Actual Time: 2.018173
Build Time: 2.018173, Calc Time: 814.612704, reduction 35.996627
############################################
Predicted calcsPerSecond: 12382353187
SubGraph 0 Layer 10 Selecting RP 1 with Nodes: 20076 and calcs: 9760642083300 :: Predicted time: 2.018173, Actual Time: 2.282929
Build Time: 2.282929, Calc Time: 788.270366, reduction 26.342337
############################################
Predicted calcsPerSecond: 12374454962
SubGraph 0 Layer 11 Selecting RP 0 with Nodes: 27419 and calcs: 9175555938690 :: Predicted time: 2.282929, Actual Time: 2.645633
Build Time: 2.645633, Calc Time: 741.491724, reduction 46.778643
############################################
Predicted calcsPerSecond: 12373401925
SubGraph 0 Layer 12 Selecting RP 0 with Nodes: 36315 and calcs: 8835999313122 :: Predicted time: 2.645633, Actual Time: 3.319839
Build Time: 3.319839, Calc Time: 714.112365, reduction 27.379359
############################################
Predicted calcsPerSecond: 12378753687
SubGraph 0 Layer 13 Selecting RP 8 with Nodes: 42699 and calcs: 8706682541722 :: Predicted time: 3.319839, Actual Time: 9.183592
Build Time: 9.183592, Calc Time: 703.356958, reduction 10.755407
############################################
Predicted calcsPerSecond: 12378017090
SubGraph 0 Layer 14 Selecting RP 0 with Nodes: 50884 and calcs: 8416583954038 :: Predicted time: 9.183592, Actual Time: 8.318338
Build Time: 8.318338, Calc Time: 679.962218, reduction 23.394740
############################################
Predicted calcsPerSecond: 12383676616
SubGraph 0 Layer 15 Selecting RP 1 with Nodes: 59052 and calcs: 8194827042090 :: Predicted time: 8.318338, Actual Time: 13.533785
Build Time: 13.533785, Calc Time: 661.744270, reduction 18.217948
############################################
Predicted calcsPerSecond: 12389421902
SubGraph 0 Layer 16 Selecting RP 2 with Nodes: 68886 and calcs: 7999650020588 :: Predicted time: 13.533785, Actual Time: 15.812719
Build Time: 15.812719, Calc Time: 645.683881, reduction 16.060389
############################################
Predicted calcsPerSecond: 12377197211
SubGraph 0 Layer 17 Selecting RP 6 with Nodes: 77012 and calcs: 7906252958154 :: Predicted time: 15.812719, Actual Time: 17.964882
Build Time: 17.964882, Calc Time: 638.775712, reduction 6.908170
############################################
Final graph has 77012 nodes, 7906252958154 calcs total
Node Construct time: 119.796040
Batchs: 116
Total results Set Size: 4751938200 
Node Laucnher time: 227.398326
Total Time: 233.702555

Time to read in file: 11.388137

Number points: 11620300 
Number Dimensions: 57 
Number Concurent Streams: 2
Block Size: 256, Kernel Blocks: 1024
Using using binary searches
Distance Threshold: 0.020000 
*********************************

Predicted calcsPerSecond: 12384545128
SubGraph 0 Layer 0 Selecting RP 1 with Nodes: 15 and calcs: 42781421770598 :: Predicted time: 0.000000, Actual Time: 0.078339
Build Time: 0.078339, Calc Time: 3454.420112, reduction -3454.420112
############################################
Predicted calcsPerSecond: 12381479703
SubGraph 0 Layer 1 Selecting RP 9 with Nodes: 58 and calcs: 35176437417218 :: Predicted time: 0.078339, Actual Time: 1.269265
Build Time: 1.269265, Calc Time: 2841.052787, reduction 613.367325
############################################
Predicted calcsPerSecond: 12387061931
SubGraph 0 Layer 2 Selecting RP 0 with Nodes: 199 and calcs: 31156064280546 :: Predicted time: 1.269265, Actual Time: 0.882536
Build Time: 0.882536, Calc Time: 2515.210181, reduction 325.842606
############################################
Predicted calcsPerSecond: 12387018439
SubGraph 0 Layer 3 Selecting RP 2 with Nodes: 401 and calcs: 28345082153310 :: Predicted time: 0.882536, Actual Time: 1.317979
Build Time: 1.317979, Calc Time: 2288.289332, reduction 226.920849
############################################
Predicted calcsPerSecond: 12384868706
SubGraph 0 Layer 4 Selecting RP 0 with Nodes: 890 and calcs: 23547976626506 :: Predicted time: 1.317979, Actual Time: 0.934824
Build Time: 0.934824, Calc Time: 1901.350526, reduction 386.938806
############################################
Predicted calcsPerSecond: 12382241961
SubGraph 0 Layer 5 Selecting RP 4 with Nodes: 1649 and calcs: 21843812575554 :: Predicted time: 0.934824, Actual Time: 0.856630
Build Time: 0.856630, Calc Time: 1764.124190, reduction 137.226335
############################################
Predicted calcsPerSecond: 12387055883
SubGraph 0 Layer 6 Selecting RP 1 with Nodes: 2817 and calcs: 19606715706008 :: Predicted time: 0.856630, Actual Time: 0.645487
Build Time: 0.645487, Calc Time: 1582.839045, reduction 181.285145
############################################
Predicted calcsPerSecond: 12377525264
SubGraph 0 Layer 7 Selecting RP 5 with Nodes: 4029 and calcs: 18935882150126 :: Predicted time: 0.645487, Actual Time: 0.576221
Build Time: 0.576221, Calc Time: 1529.860109, reduction 52.978936
############################################
Predicted calcsPerSecond: 12378796062
SubGraph 0 Layer 8 Selecting RP 0 with Nodes: 6175 and calcs: 18118395976384 :: Predicted time: 0.576221, Actual Time: 0.549958
Build Time: 0.549958, Calc Time: 1463.663824, reduction 66.196285
############################################
Predicted calcsPerSecond: 12387172008
SubGraph 0 Layer 9 Selecting RP 3 with Nodes: 7947 and calcs: 17478150168388 :: Predicted time: 0.549958, Actual Time: 0.839532
Build Time: 0.839532, Calc Time: 1410.987928, reduction 52.675895
############################################
Predicted calcsPerSecond: 12387343631
SubGraph 0 Layer 10 Selecting RP 1 with Nodes: 10893 and calcs: 17059404167616 :: Predicted time: 0.839532, Actual Time: 1.209713
Build Time: 1.209713, Calc Time: 1377.164037, reduction 33.823891
############################################
Predicted calcsPerSecond: 12379905938
SubGraph 0 Layer 11 Selecting RP 0 with Nodes: 15119 and calcs: 16260774919312 :: Predicted time: 1.209713, Actual Time: 1.657469
Build Time: 1.657469, Calc Time: 1313.481298, reduction 63.682740
############################################
Predicted calcsPerSecond: 12376479080
SubGraph 0 Layer 12 Selecting RP 0 with Nodes: 20112 and calcs: 15977405174908 :: Predicted time: 1.657469, Actual Time: 2.276152
Build Time: 2.276152, Calc Time: 1290.949152, reduction 22.532146
############################################
Predicted calcsPerSecond: 12383349305
SubGraph 0 Layer 13 Selecting RP 2 with Nodes: 23819 and calcs: 15791039660868 :: Predicted time: 2.276152, Actual Time: 4.417511
Build Time: 4.417511, Calc Time: 1275.183254, reduction 15.765898
############################################
Predicted calcsPerSecond: 12379044424
SubGraph 0 Layer 14 Selecting RP 0 with Nodes: 29046 and calcs: 15303432184740 :: Predicted time: 4.417511, Actual Time: 5.390347
Build Time: 5.390347, Calc Time: 1236.236955, reduction 38.946299
############################################
Predicted calcsPerSecond: 12378372622
SubGraph 0 Layer 15 Selecting RP 1 with Nodes: 36109 and calcs: 14860321706784 :: Predicted time: 5.390347, Actual Time: 9.001399
Build Time: 9.001399, Calc Time: 1200.506897, reduction 35.730058
############################################
Predicted calcsPerSecond: 12373362790
SubGraph 0 Layer 16 Selecting RP 7 with Nodes: 42149 and calcs: 14643395529348 :: Predicted time: 9.001399, Actual Time: 11.021788
Build Time: 11.021788, Calc Time: 1183.461261, reduction 17.045636
############################################
Predicted calcsPerSecond: 12378071564
SubGraph 0 Layer 17 Selecting RP 6 with Nodes: 49101 and calcs: 14485444117576 :: Predicted time: 11.021788, Actual Time: 15.975744
Build Time: 15.975744, Calc Time: 1170.250474, reduction 13.210787
############################################
Final graph has 49101 nodes, 14485444117576 calcs total
Node Construct time: 90.918637
Batchs: 212
Total results Set Size: 12151386442 
Node Laucnher time: 369.525149
Total Time: 375.799185
SUSY ________________________________________________________________
SUSY ________________________________________________________________

Time to read in file: 0.573002

Number points: 5000000 
Number Dimensions: 18 
Number Concurent Streams: 2
Block Size: 256, Kernel Blocks: 1024
Using using binary searches
Distance Threshold: 0.010000 
*********************************

Predicted calcsPerSecond: 52937772822
SubGraph 0 Layer 0 Selecting RP 5 with Nodes: 33 and calcs: 8418473200814 :: Predicted time: 0.000000, Actual Time: 0.020507
Build Time: 0.020507, Calc Time: 159.025829, reduction -159.025829
############################################
Predicted calcsPerSecond: 53280383694
SubGraph 0 Layer 1 Selecting RP 7 with Nodes: 375 and calcs: 3497905710176 :: Predicted time: 0.020507, Actual Time: 1.607875
Build Time: 1.607875, Calc Time: 65.650911, reduction 93.374918
############################################
Predicted calcsPerSecond: 53045175249
SubGraph 0 Layer 2 Selecting RP 5 with Nodes: 1940 and calcs: 1940815258058 :: Predicted time: 1.607875, Actual Time: 0.562718
Build Time: 0.562718, Calc Time: 36.587970, reduction 29.062941
############################################
Predicted calcsPerSecond: 53191436446
SubGraph 0 Layer 3 Selecting RP 8 with Nodes: 5330 and calcs: 1078558060880 :: Predicted time: 0.562718, Actual Time: 0.305944
Build Time: 0.305944, Calc Time: 20.276912, reduction 16.311058
############################################
Predicted calcsPerSecond: 53214946224
SubGraph 0 Layer 4 Selecting RP 3 with Nodes: 12931 and calcs: 741620864094 :: Predicted time: 0.305944, Actual Time: 0.693027
Build Time: 0.693027, Calc Time: 13.936326, reduction 6.340585
############################################
Predicted calcsPerSecond: 53294676121
SubGraph 0 Layer 5 Selecting RP 0 with Nodes: 21594 and calcs: 604590868836 :: Predicted time: 0.693027, Actual Time: 0.748365
Build Time: 0.748365, Calc Time: 11.344301, reduction 2.592025
############################################
Predicted calcsPerSecond: 53317058088
SubGraph 0 Layer 6 Selecting RP 0 with Nodes: 32076 and calcs: 517598545148 :: Predicted time: 0.748365, Actual Time: 1.608571
Build Time: 1.608571, Calc Time: 9.707935, reduction 1.636366
############################################
Predicted calcsPerSecond: 53346745174
SubGraph 0 Layer 7 Selecting RP 1 with Nodes: 35615 and calcs: 508775335134 :: Predicted time: 1.608571, Actual Time: 3.348461
Build Time: 3.348461, Calc Time: 9.537139, reduction 0.170796
############################################
Final graph has 35615 nodes, 508775335134 calcs total
Node Construct time: 11.491230
Batchs: 20
Total results Set Size: 30844186 
Node Laucnher time: 18.492356
Total Time: 19.347236

Time to read in file: 0.547883

Number points: 5000000 
Number Dimensions: 18 
Number Concurent Streams: 2
Block Size: 256, Kernel Blocks: 1024
Using using binary searches
Distance Threshold: 0.012750 
*********************************

Predicted calcsPerSecond: 52644269020
SubGraph 0 Layer 0 Selecting RP 5 with Nodes: 26 and calcs: 10500822904818 :: Predicted time: 0.000000, Actual Time: 0.017030
Build Time: 0.017030, Calc Time: 199.467541, reduction -199.467541
############################################
Predicted calcsPerSecond: 52766958906
SubGraph 0 Layer 1 Selecting RP 7 with Nodes: 251 and calcs: 5350617776724 :: Predicted time: 0.017030, Actual Time: 1.459931
Build Time: 1.459931, Calc Time: 101.400912, reduction 98.066629
############################################
Predicted calcsPerSecond: 52758074425
SubGraph 0 Layer 2 Selecting RP 5 with Nodes: 1165 and calcs: 3449022735320 :: Predicted time: 1.459931, Actual Time: 0.507003
Build Time: 0.507003, Calc Time: 65.374310, reduction 36.026602
############################################
Predicted calcsPerSecond: 52834433670
SubGraph 0 Layer 3 Selecting RP 8 with Nodes: 3087 and calcs: 2215253042120 :: Predicted time: 0.507003, Actual Time: 0.276493
Build Time: 0.276493, Calc Time: 41.928206, reduction 23.446104
############################################
Predicted calcsPerSecond: 52767524552
SubGraph 0 Layer 4 Selecting RP 3 with Nodes: 7821 and calcs: 1634876869472 :: Predicted time: 0.276493, Actual Time: 0.465853
Build Time: 0.465853, Calc Time: 30.982633, reduction 10.945573
############################################
Predicted calcsPerSecond: 52938233236
SubGraph 0 Layer 5 Selecting RP 0 with Nodes: 14169 and calcs: 1369777553108 :: Predicted time: 0.465853, Actual Time: 0.679150
Build Time: 0.679150, Calc Time: 25.875015, reduction 5.107619
############################################
Predicted calcsPerSecond: 52950395278
SubGraph 0 Layer 6 Selecting RP 0 with Nodes: 25679 and calcs: 1061977281130 :: Predicted time: 0.679150, Actual Time: 1.987762
Build Time: 1.987762, Calc Time: 20.056078, reduction 5.818936
############################################
Predicted calcsPerSecond: 52886243245
SubGraph 0 Layer 7 Selecting RP 1 with Nodes: 35338 and calcs: 960853651250 :: Predicted time: 1.987762, Actual Time: 6.017636
Build Time: 6.017636, Calc Time: 18.168310, reduction 1.887769
############################################
Final graph has 35338 nodes, 960853651250 calcs total
Node Construct time: 12.472760
Batchs: 20
Total results Set Size: 162647128 
Node Laucnher time: 26.194847
Total Time: 27.055939

Time to read in file: 0.553487

Number points: 5000000 
Number Dimensions: 18 
Number Concurent Streams: 2
Block Size: 256, Kernel Blocks: 1024
Using using binary searches
Distance Threshold: 0.015500 
*********************************

Predicted calcsPerSecond: 52868128884
SubGraph 0 Layer 0 Selecting RP 5 with Nodes: 21 and calcs: 12434365277642 :: Predicted time: 0.000000, Actual Time: 0.014512
Build Time: 0.014512, Calc Time: 235.195865, reduction -235.195865
############################################
Predicted calcsPerSecond: 52866349701
SubGraph 0 Layer 1 Selecting RP 7 with Nodes: 187 and calcs: 7362745253038 :: Predicted time: 0.014512, Actual Time: 1.206114
Build Time: 1.206114, Calc Time: 139.270922, reduction 95.924943
############################################
Predicted calcsPerSecond: 52901473787
SubGraph 0 Layer 2 Selecting RP 5 with Nodes: 813 and calcs: 5250065978912 :: Predicted time: 1.206114, Actual Time: 0.500086
Build Time: 0.500086, Calc Time: 99.242339, reduction 40.028583
############################################
Predicted calcsPerSecond: 53073387315
SubGraph 0 Layer 3 Selecting RP 8 with Nodes: 1979 and calcs: 3776043498506 :: Predicted time: 0.500086, Actual Time: 0.260918
Build Time: 0.260918, Calc Time: 71.147588, reduction 28.094751
############################################
Predicted calcsPerSecond: 52911288630
SubGraph 0 Layer 4 Selecting RP 3 with Nodes: 5123 and calcs: 2960837329790 :: Predicted time: 0.260918, Actual Time: 0.339919
Build Time: 0.339919, Calc Time: 55.958519, reduction 15.189069
############################################
Predicted calcsPerSecond: 52718490363
SubGraph 0 Layer 5 Selecting RP 0 with Nodes: 9367 and calcs: 2600018977904 :: Predicted time: 0.339919, Actual Time: 0.822953
Build Time: 0.822953, Calc Time: 49.318919, reduction 6.639599
############################################
Predicted calcsPerSecond: 52708568318
SubGraph 0 Layer 6 Selecting RP 0 with Nodes: 17947 and calcs: 2080969736578 :: Predicted time: 0.822953, Actual Time: 1.301544
Build Time: 1.301544, Calc Time: 39.480673, reduction 9.838247
############################################
Predicted calcsPerSecond: 52873235353
SubGraph 0 Layer 7 Selecting RP 4 with Nodes: 25167 and calcs: 1849400808182 :: Predicted time: 1.301544, Actual Time: 5.292469
Build Time: 5.292469, Calc Time: 34.978015, reduction 4.502658
############################################
Final graph has 25167 nodes, 1849400808182 calcs total
Node Construct time: 10.827338
Batchs: 29
Total results Set Size: 655680946 
Node Laucnher time: 42.129030
Total Time: 42.998305

Time to read in file: 0.581483

Number points: 5000000 
Number Dimensions: 18 
Number Concurent Streams: 2
Block Size: 256, Kernel Blocks: 1024
Using using binary searches
Distance Threshold: 0.018250 
*********************************

Predicted calcsPerSecond: 52456444921
SubGraph 0 Layer 0 Selecting RP 5 with Nodes: 19 and calcs: 14196403216390 :: Predicted time: 0.000000, Actual Time: 0.013544
Build Time: 0.013544, Calc Time: 270.632202, reduction -270.632202
############################################
Predicted calcsPerSecond: 52873850753
SubGraph 0 Layer 1 Selecting RP 7 with Nodes: 139 and calcs: 9414195657546 :: Predicted time: 0.013544, Actual Time: 0.848716
Build Time: 0.848716, Calc Time: 178.050124, reduction 92.582079
############################################
Predicted calcsPerSecond: 52683432612
SubGraph 0 Layer 2 Selecting RP 5 with Nodes: 554 and calcs: 7211845423704 :: Predicted time: 0.848716, Actual Time: 0.533877
Build Time: 0.533877, Calc Time: 136.890196, reduction 41.159927
############################################
Predicted calcsPerSecond: 53060988736
SubGraph 0 Layer 3 Selecting RP 8 with Nodes: 1368 and calcs: 5619905596064 :: Predicted time: 0.533877, Actual Time: 0.276836
Build Time: 0.276836, Calc Time: 105.914076, reduction 30.976120
############################################
Predicted calcsPerSecond: 53002432374
SubGraph 0 Layer 4 Selecting RP 3 with Nodes: 3494 and calcs: 4618966869870 :: Predicted time: 0.276836, Actual Time: 0.342471
Build Time: 0.342471, Calc Time: 87.146319, reduction 18.767757
############################################
Predicted calcsPerSecond: 52994285477
SubGraph 0 Layer 5 Selecting RP 7 with Nodes: 6092 and calcs: 4193705490116 :: Predicted time: 0.342471, Actual Time: 0.249688
Build Time: 0.249688, Calc Time: 79.135051, reduction 8.011268
############################################
Predicted calcsPerSecond: 53089094429
SubGraph 0 Layer 6 Selecting RP 0 with Nodes: 11712 and calcs: 3532542974232 :: Predicted time: 0.249688, Actual Time: 0.943579
Build Time: 0.943579, Calc Time: 66.539899, reduction 12.595152
############################################
Predicted calcsPerSecond: 52973731747
SubGraph 0 Layer 7 Selecting RP 6 with Nodes: 17053 and calcs: 3136842883786 :: Predicted time: 0.943579, Actual Time: 3.203978
Build Time: 3.203978, Calc Time: 59.215063, reduction 7.324835
############################################
Predicted calcsPerSecond: 52839929590
SubGraph 0 Layer 8 Selecting RP 9 with Nodes: 24515 and calcs: 2831943967006 :: Predicted time: 3.203978, Actual Time: 4.556035
Build Time: 4.556035, Calc Time: 53.594772, reduction 5.620292
############################################
Predicted calcsPerSecond: 53074651238
SubGraph 0 Layer 9 Selecting RP 8 with Nodes: 31969 and calcs: 2635912172844 :: Predicted time: 4.556035, Actual Time: 7.394746
Build Time: 7.394746, Calc Time: 49.664239, reduction 3.930533
############################################
Final graph has 31969 nodes, 2635912172844 calcs total
Node Construct time: 19.153672
Batchs: 40
Total results Set Size: 2072898048 
Node Laucnher time: 77.523192
Total Time: 78.393617

Time to read in file: 0.551540

Number points: 5000000 
Number Dimensions: 18 
Number Concurent Streams: 2
Block Size: 256, Kernel Blocks: 1024
Using using binary searches
Distance Threshold: 0.021000 
*********************************

Predicted calcsPerSecond: 52940307444
SubGraph 0 Layer 0 Selecting RP 5 with Nodes: 16 and calcs: 15786445839984 :: Predicted time: 0.000000, Actual Time: 0.012007
Build Time: 0.012007, Calc Time: 298.193316, reduction -298.193316
############################################
Predicted calcsPerSecond: 53072062226
SubGraph 0 Layer 1 Selecting RP 7 with Nodes: 115 and calcs: 11415409130670 :: Predicted time: 0.012007, Actual Time: 0.784187
Build Time: 0.784187, Calc Time: 215.092624, reduction 83.100692
############################################
Predicted calcsPerSecond: 52739390951
SubGraph 0 Layer 2 Selecting RP 5 with Nodes: 441 and calcs: 9217569760074 :: Predicted time: 0.784187, Actual Time: 0.580086
Build Time: 0.580086, Calc Time: 174.775810, reduction 40.316814
############################################
Predicted calcsPerSecond: 53162676721
SubGraph 0 Layer 3 Selecting RP 8 with Nodes: 1017 and calcs: 7621645778304 :: Predicted time: 0.580086, Actual Time: 0.240760
Build Time: 0.240760, Calc Time: 143.364598, reduction 31.411212
############################################
Predicted calcsPerSecond: 52970658655
SubGraph 0 Layer 4 Selecting RP 3 with Nodes: 2533 and calcs: 6497591836078 :: Predicted time: 0.240760, Actual Time: 0.333883
Build Time: 0.333883, Calc Time: 122.663980, reduction 20.700618
############################################
Predicted calcsPerSecond: 52971109857
SubGraph 0 Layer 5 Selecting RP 7 with Nodes: 4464 and calcs: 6004370893982 :: Predicted time: 0.333883, Actual Time: 0.196479
Build Time: 0.196479, Calc Time: 113.351805, reduction 9.312176
############################################
Predicted calcsPerSecond: 53225950546
SubGraph 0 Layer 6 Selecting RP 0 with Nodes: 8568 and calcs: 5283172796642 :: Predicted time: 0.196479, Actual Time: 0.708907
Build Time: 0.708907, Calc Time: 99.259341, reduction 14.092463
############################################
Predicted calcsPerSecond: 53076440070
SubGraph 0 Layer 7 Selecting RP 6 with Nodes: 12788 and calcs: 4783519594994 :: Predicted time: 0.708907, Actual Time: 2.314167
Build Time: 2.314167, Calc Time: 90.125102, reduction 9.134239
############################################
Predicted calcsPerSecond: 53193577119
SubGraph 0 Layer 8 Selecting RP 9 with Nodes: 18997 and calcs: 4358666082846 :: Predicted time: 2.314167, Actual Time: 4.510047
Build Time: 4.510047, Calc Time: 81.939706, reduction 8.185396
############################################
Predicted calcsPerSecond: 53471040970
SubGraph 0 Layer 9 Selecting RP 8 with Nodes: 25471 and calcs: 4094840908100 :: Predicted time: 4.510047, Actual Time: 7.207960
Build Time: 7.207960, Calc Time: 76.580535, reduction 5.359172
############################################
Final graph has 25471 nodes, 4094840908100 calcs total
Node Construct time: 17.435495
Batchs: 61
Total results Set Size: 5457260816 
Node Laucnher time: 136.394617
Total Time: 137.272409
HIGGS ________________________________________________________________
HIGGS ________________________________________________________________

Time to read in file: 1.915898

Number points: 11000000 
Number Dimensions: 28 
Number Concurent Streams: 2
Block Size: 256, Kernel Blocks: 1024
Using using binary searches
Distance Threshold: 0.010000 
*********************************

Predicted calcsPerSecond: 25623407363
SubGraph 0 Layer 0 Selecting RP 1 with Nodes: 27 and calcs: 38474612440442 :: Predicted time: 0.000000, Actual Time: 0.036216
Build Time: 0.036216, Calc Time: 1501.541614, reduction -1501.541614
############################################
Predicted calcsPerSecond: 25639723966
SubGraph 0 Layer 1 Selecting RP 5 with Nodes: 291 and calcs: 16198994249218 :: Predicted time: 0.036216, Actual Time: 4.339305
Build Time: 4.339305, Calc Time: 631.792849, reduction 869.748765
############################################
Predicted calcsPerSecond: 25654428036
SubGraph 0 Layer 2 Selecting RP 3 with Nodes: 1766 and calcs: 8583667810584 :: Predicted time: 4.339305, Actual Time: 2.229498
Build Time: 2.229498, Calc Time: 334.588158, reduction 297.204691
############################################
Predicted calcsPerSecond: 25660074493
SubGraph 0 Layer 3 Selecting RP 8 with Nodes: 8485 and calcs: 4415495184422 :: Predicted time: 2.229498, Actual Time: 1.290042
Build Time: 1.290042, Calc Time: 172.076476, reduction 162.511682
############################################
Predicted calcsPerSecond: 25658488564
SubGraph 0 Layer 4 Selecting RP 1 with Nodes: 29540 and calcs: 2515049303244 :: Predicted time: 1.290042, Actual Time: 2.881903
Build Time: 2.881903, Calc Time: 98.020166, reduction 74.056310
############################################
Predicted calcsPerSecond: 25658856927
SubGraph 0 Layer 5 Selecting RP 2 with Nodes: 66077 and calcs: 1630322673358 :: Predicted time: 2.881903, Actual Time: 10.386663
Build Time: 10.386663, Calc Time: 63.538398, reduction 34.481767
############################################
Predicted calcsPerSecond: 25663558329
SubGraph 0 Layer 6 Selecting RP 0 with Nodes: 112063 and calcs: 1318011263498 :: Predicted time: 10.386663, Actual Time: 8.253250
Build Time: 8.253250, Calc Time: 51.357308, reduction 12.181091
############################################
Predicted calcsPerSecond: 25662014168
SubGraph 0 Layer 7 Selecting RP 5 with Nodes: 116282 and calcs: 1313330531178 :: Predicted time: 8.253250, Actual Time: 15.149248
Build Time: 15.149248, Calc Time: 51.177999, reduction 0.179309
############################################
Final graph has 116282 nodes, 1313330531178 calcs total
Node Construct time: 51.219242
Batchs: 42
Total results Set Size: 11566498 
Node Laucnher time: 77.550295
Total Time: 80.487235

Time to read in file: 1.690861

Number points: 11000000 
Number Dimensions: 28 
Number Concurent Streams: 2
Block Size: 256, Kernel Blocks: 1024
Using using binary searches
Distance Threshold: 0.032750 
*********************************

Predicted calcsPerSecond: 25624969574
SubGraph 0 Layer 0 Selecting RP 1 with Nodes: 9 and calcs: 98163646799238 :: Predicted time: 0.000000, Actual Time: 0.027215
Build Time: 0.027215, Calc Time: 3830.781009, reduction -3830.781009
############################################
Predicted calcsPerSecond: 25634945836
SubGraph 0 Layer 1 Selecting RP 5 with Nodes: 39 and calcs: 85446703101200 :: Predicted time: 0.027215, Actual Time: 1.026141
Build Time: 1.026141, Calc Time: 3333.211767, reduction 497.569242
############################################
Predicted calcsPerSecond: 25624760707
SubGraph 0 Layer 2 Selecting RP 3 with Nodes: 132 and calcs: 78052669892590 :: Predicted time: 1.026141, Actual Time: 0.909351
Build Time: 0.909351, Calc Time: 3045.986294, reduction 287.225473
############################################
Predicted calcsPerSecond: 25646335751
SubGraph 0 Layer 3 Selecting RP 8 with Nodes: 405 and calcs: 71874067346166 :: Predicted time: 0.909351, Actual Time: 0.802070
Build Time: 0.802070, Calc Time: 2802.508243, reduction 243.478051
############################################
Predicted calcsPerSecond: 25654306103
SubGraph 0 Layer 4 Selecting RP 1 with Nodes: 1106 and calcs: 66432768662536 :: Predicted time: 0.802070, Actual Time: 0.899052
Build Time: 0.899052, Calc Time: 2589.536758, reduction 212.971485
############################################
Predicted calcsPerSecond: 25654602267
SubGraph 0 Layer 5 Selecting RP 1 with Nodes: 2313 and calcs: 62675761495426 :: Predicted time: 0.899052, Actual Time: 0.737914
Build Time: 0.737914, Calc Time: 2443.061126, reduction 146.475633
############################################
Predicted calcsPerSecond: 25660020640
SubGraph 0 Layer 6 Selecting RP 3 with Nodes: 4764 and calcs: 59186895258870 :: Predicted time: 0.737914, Actual Time: 0.669850
Build Time: 0.669850, Calc Time: 2306.580189, reduction 136.480937
############################################
Predicted calcsPerSecond: 25656882201
SubGraph 0 Layer 7 Selecting RP 5 with Nodes: 9084 and calcs: 56454334657046 :: Predicted time: 0.669850, Actual Time: 1.785217
Build Time: 1.785217, Calc Time: 2200.358337, reduction 106.221852
############################################
Predicted calcsPerSecond: 25654604612
SubGraph 0 Layer 8 Selecting RP 7 with Nodes: 17172 and calcs: 53421210332934 :: Predicted time: 1.785217, Actual Time: 5.090972
Build Time: 5.090972, Calc Time: 2082.324446, reduction 118.033891
############################################
Predicted calcsPerSecond: 25646147952
SubGraph 0 Layer 9 Selecting RP 7 with Nodes: 29654 and calcs: 50500786849246 :: Predicted time: 5.090972, Actual Time: 12.781888
Build Time: 12.781888, Calc Time: 1969.137312, reduction 113.187134
############################################
Predicted calcsPerSecond: 25670197559
SubGraph 0 Layer 10 Selecting RP 7 with Nodes: 46422 and calcs: 48456149640336 :: Predicted time: 12.781888, Actual Time: 28.282950
Build Time: 28.282950, Calc Time: 1887.642256, reduction 81.495056
############################################
Predicted calcsPerSecond: 25642843769
SubGraph 0 Layer 11 Selecting RP 7 with Nodes: 65548 and calcs: 47109217270942 :: Predicted time: 28.282950, Actual Time: 35.236418
Build Time: 35.236418, Calc Time: 1837.129208, reduction 50.513048
############################################
Predicted calcsPerSecond: 25622105697
SubGraph 0 Layer 12 Selecting RP 8 with Nodes: 93810 and calcs: 45488950909170 :: Predicted time: 35.236418, Actual Time: 93.971919
Build Time: 93.971919, Calc Time: 1775.379098, reduction 61.750110
############################################
Final graph has 93810 nodes, 45488950909170 calcs total
Node Construct time: 176.520054
Batchs: 699
Total results Set Size: 33883428 
Node Laucnher time: 5375.201810
Total Time: 5378.093111

Time to read in file: 1.814027

Number points: 11000000 
Number Dimensions: 28 
Number Concurent Streams: 2
Block Size: 256, Kernel Blocks: 1024
Using using binary searches
Distance Threshold: 0.044125 
*********************************

Predicted calcsPerSecond: 25633342781
SubGraph 0 Layer 0 Selecting RP 1 with Nodes: 6 and calcs: 110598613851622 :: Predicted time: 0.000000, Actual Time: 0.025707
Build Time: 0.025707, Calc Time: 4314.638742, reduction -4314.638742
############################################
Predicted calcsPerSecond: 25664134593
SubGraph 0 Layer 1 Selecting RP 5 with Nodes: 26 and calcs: 104371528691070 :: Predicted time: 0.025707, Actual Time: 0.984771
Build Time: 0.984771, Calc Time: 4066.824397, reduction 247.814345
############################################
Predicted calcsPerSecond: 25668924682
SubGraph 0 Layer 2 Selecting RP 1 with Nodes: 91 and calcs: 100028925990976 :: Predicted time: 0.984771, Actual Time: 0.741248
Build Time: 0.741248, Calc Time: 3896.888056, reduction 169.936342
############################################
Predicted calcsPerSecond: 25657550053
SubGraph 0 Layer 3 Selecting RP 8 with Nodes: 200 and calcs: 96141501197490 :: Predicted time: 0.741248, Actual Time: 0.519785
Build Time: 0.519785, Calc Time: 3747.103718, reduction 149.784338
############################################
Predicted calcsPerSecond: 25638477790
SubGraph 0 Layer 4 Selecting RP 6 with Nodes: 428 and calcs: 92485149955922 :: Predicted time: 0.519785, Actual Time: 0.590393
Build Time: 0.590393, Calc Time: 3607.279290, reduction 139.824428
############################################
Predicted calcsPerSecond: 25644715961
SubGraph 0 Layer 5 Selecting RP 1 with Nodes: 810 and calcs: 89751430202420 :: Predicted time: 0.590393, Actual Time: 0.369767
Build Time: 0.369767, Calc Time: 3499.802078, reduction 107.477212
############################################
Predicted calcsPerSecond: 25655501194
SubGraph 0 Layer 6 Selecting RP 2 with Nodes: 1489 and calcs: 87097383179352 :: Predicted time: 0.369767, Actual Time: 0.652685
Build Time: 0.652685, Calc Time: 3394.881375, reduction 104.920702
############################################
Predicted calcsPerSecond: 25664869540
SubGraph 0 Layer 7 Selecting RP 1 with Nodes: 2658 and calcs: 85083189114582 :: Predicted time: 0.652685, Actual Time: 0.772712
Build Time: 0.772712, Calc Time: 3315.161567, reduction 79.719809
############################################
Predicted calcsPerSecond: 25658432717
SubGraph 0 Layer 8 Selecting RP 7 with Nodes: 4913 and calcs: 82928089149890 :: Predicted time: 0.772712, Actual Time: 1.004512
Build Time: 1.004512, Calc Time: 3232.001349, reduction 83.160218
############################################
Predicted calcsPerSecond: 25661339085
SubGraph 0 Layer 9 Selecting RP 7 with Nodes: 8031 and calcs: 81282393317710 :: Predicted time: 1.004512, Actual Time: 2.349229
Build Time: 2.349229, Calc Time: 3167.503966, reduction 64.497383
############################################
Predicted calcsPerSecond: 25668831919
SubGraph 0 Layer 10 Selecting RP 7 with Nodes: 12610 and calcs: 79960108440670 :: Predicted time: 2.349229, Actual Time: 4.270157
Build Time: 4.270157, Calc Time: 3115.066112, reduction 52.437854
############################################
Predicted calcsPerSecond: 25666227013
SubGraph 0 Layer 11 Selecting RP 7 with Nodes: 18293 and calcs: 78794892677462 :: Predicted time: 4.270157, Actual Time: 9.387379
Build Time: 9.387379, Calc Time: 3069.983470, reduction 45.082641
############################################
Predicted calcsPerSecond: 25667061525
SubGraph 0 Layer 12 Selecting RP 3 with Nodes: 26365 and calcs: 77478337744594 :: Predicted time: 9.387379, Actual Time: 15.974257
Build Time: 15.974257, Calc Time: 3018.590097, reduction 51.393373
############################################
Predicted calcsPerSecond: 25657966192
SubGraph 0 Layer 13 Selecting RP 6 with Nodes: 35084 and calcs: 76380267126660 :: Predicted time: 15.974257, Actual Time: 23.865679
Build Time: 23.865679, Calc Time: 2976.863659, reduction 41.726438
############################################
Predicted calcsPerSecond: 25654618869
SubGraph 0 Layer 14 Selecting RP 6 with Nodes: 46223 and calcs: 75523017277484 :: Predicted time: 23.865679, Actual Time: 48.700582
Build Time: 48.700582, Calc Time: 2943.837040, reduction 33.026619
############################################
Final graph has 46223 nodes, 75523017277484 calcs total
Node Construct time: 122.577455
Batchs: 1214
Total results Set Size: 808812334 
Node Laucnher time: 14484.478131
Total Time: 14487.355243
Completed!
