
EPSILON | NUMPOINTS | RP | NODES | CALCS | Construct T | Total T

src/kernel.cu(601): warning #39-D: division by zero

Remark: The warnings can be suppressed with "-diag-suppress <warning-number>"

src/kernel.cu(620): warning #179-D: right operand of "%" is zero

src/kernel.cu(660): warning #39-D: division by zero

src/kernel.cu(664): warning #39-D: division by zero

src/kernel.cu(680): warning #179-D: right operand of "%" is zero

src/kernel.cu(720): warning #39-D: division by zero

src/kernel.cu(724): warning #39-D: division by zero

src/kernel.cu(740): warning #179-D: right operand of "%" is zero

src/kernel.cu(927): warning #179-D: right operand of "%" is zero

src/kernel.cu(601): warning #39-D: division by zero

Remark: The warnings can be suppressed with "-diag-suppress <warning-number>"

src/kernel.cu(620): warning #179-D: right operand of "%" is zero

src/kernel.cu(660): warning #39-D: division by zero

src/kernel.cu(664): warning #39-D: division by zero

src/kernel.cu(680): warning #179-D: right operand of "%" is zero

src/kernel.cu(720): warning #39-D: division by zero

src/kernel.cu(724): warning #39-D: division by zero

src/kernel.cu(740): warning #179-D: right operand of "%" is zero

src/kernel.cu(927): warning #179-D: right operand of "%" is zero



 _______________ 1 ____________ 0 ________________________________



MSD ________________________________________________________________


0.007000 515345 12 1890 108778791561 1.090203 118 0.409589 4.965246 
0.007525 515345 12 1713 116918749089 1.019347 128 0.440239 5.682391 
0.008050 515345 14 2128 123335502953 1.363470 135 0.464400 7.266675 
0.008575 515345 15 2180 130525018767 1.462890 144 0.491471 8.789579 
0.009100 515345 15 2090 138666871987 1.423639 154 0.522128 10.222337 

Census____________________________________________________________


0.001000 2458285 4 10329 28500904977 1.927697 29 0.004716 4.014271 
0.003250 2458285 7 9523 125284874529 3.744003 126 0.020732 9.572911 
0.005500 2458285 9 11197 329064452405 5.632161 333 0.054452 26.929579 
0.007750 2458285 11 12564 625873926701 10.586607 639 0.103567 64.040318 
0.010000 2458285 12 11350 1007872259545 11.873010 1042 0.166779 92.264991 

Wave __________________________________________________


0.002000 287999 9 595 10871321453 0.333979 12 0.131069 0.550560 
0.003250 287999 10 635 17878180011 0.378465 19 0.215547 0.776634 
0.004500 287999 12 626 24343736929 0.444285 26 0.293498 1.031788 
0.005750 287999 14 600 29861024347 0.510009 33 0.360017 1.383283 
0.007000 287999 16 697 34663684381 0.634045 38 0.417920 2.144393 

BIGCROSS____________________________________________________________


0.001000 11620300 4 56603 120929213754 10.603732 121 0.000896 23.632431 
0.005750 11620300 8 43764 992052523520 23.261336 994 0.007347 93.754151 
0.010500 11620300 13 66094 3359504873684 69.755012 3376 0.024879 /var/spool/slurm/slurmd/job62180266/slurm_script: line 89: 51757 Killed                  ./build/main /scratch/bwd29/data/BIGCROSS_Normalized.bin 57 $j

0.015250 11620300 14 42699 8706682541722 57.712076 8815 0.064479 /var/spool/slurm/slurmd/job62180266/slurm_script: line 89: 56643 Killed                  ./build/main /scratch/bwd29/data/BIGCROSS_Normalized.bin 57 $j

0.020000 11620300 18 49101 14485444117576 93.823383 14785 0.107275 /var/spool/slurm/slurmd/job62180266/slurm_script: line 89: 59578 Killed                  ./build/main /scratch/bwd29/data/BIGCROSS_Normalized.bin 57 $j


SUSY ________________________________________________________________


0.010000 5000000 7 32076 517598545148 7.626829 520 0.020704 33.481872 
0.012750 5000000 8 35338 960853651250 13.704877 969 0.038434 99.847568 
0.015500 5000000 8 25167 1849400808182 10.216596 1877 0.073976 110.807996 
0.018250 5000000 10 31969 2635912172844 20.427428 2691 0.105436 203.190360 
0.021000 5000000 10 25471 4094840908100 20.635167 4227 0.163794 317.357801 

HIGGS ________________________________________________________________


0.010000 11000000 7 112063 1318011263498 35.952390 1321 0.010893 166.292878 
0.021375 11000000 11 166586 13707484660112 198.271622 14007 0.113285 munmap_chunk(): invalid pointer
/var/spool/slurm/slurmd/job62180266/slurm_script: line 109: 73379 Aborted                 (core dumped) ./build/main /scratch/bwd29/data/HIGSS_Normalized.bin 28 $j

0.032750 11000000 13 93810 45488950909170 178.390437 48783 0.375942 free(): invalid size
/var/spool/slurm/slurmd/job62180266/slurm_script: line 109: 75214 Aborted                 (core dumped) ./build/main /scratch/bwd29/data/HIGSS_Normalized.bin 28 $j

0.044125 11000000 15 46223 75523017277484 125.284650 84612 0.624157 /var/spool/slurm/slurmd/job62180266/slurm_script: line 109: 80045 Segmentation fault      (core dumped) ./build/main /scratch/bwd29/data/HIGSS_Normalized.bin 28 $j

0.055500 11000000 16 26330 96159564952642 73.779669 110888 0.794707 /var/spool/slurm/slurmd/job62180266/slurm_script: line 109: 81973 Killed                  ./build/main /scratch/bwd29/data/HIGSS_Normalized.bin 28 $j
src/kernel.cu(601): warning #39-D: division by zero

Remark: The warnings can be suppressed with "-diag-suppress <warning-number>"

src/kernel.cu(620): warning #179-D: right operand of "%" is zero

src/kernel.cu(660): warning #39-D: division by zero

src/kernel.cu(664): warning #39-D: division by zero

src/kernel.cu(680): warning #179-D: right operand of "%" is zero

src/kernel.cu(720): warning #39-D: division by zero

src/kernel.cu(724): warning #39-D: division by zero

src/kernel.cu(740): warning #179-D: right operand of "%" is zero

src/kernel.cu(927): warning #179-D: right operand of "%" is zero

src/kernel.cu(601): warning #39-D: division by zero

Remark: The warnings can be suppressed with "-diag-suppress <warning-number>"

src/kernel.cu(620): warning #179-D: right operand of "%" is zero

src/kernel.cu(660): warning #39-D: division by zero

src/kernel.cu(664): warning #39-D: division by zero

src/kernel.cu(680): warning #179-D: right operand of "%" is zero

src/kernel.cu(720): warning #39-D: division by zero

src/kernel.cu(724): warning #39-D: division by zero

src/kernel.cu(740): warning #179-D: right operand of "%" is zero

src/kernel.cu(927): warning #179-D: right operand of "%" is zero



 _______________ 2 ____________ 0 ________________________________



MSD ________________________________________________________________


0.007000 515345 13 2202 107876911003 1.266456 59 0.406193 5.370860 
0.007525 515345 13 2010 116092384989 1.180370 64 0.437127 6.110871 
0.008050 515345 13 1884 124075306519 1.163455 68 0.467185 7.203088 
0.008575 515345 13 1712 131919015945 1.135123 73 0.496720 8.672944 
0.009100 515345 15 2090 138666871987 1.501524 77 0.522128 10.590786 

Census____________________________________________________________


0.001000 2458285 4 10329 28500904977 1.987983 15 0.004716 4.241495 
0.003250 2458285 7 9523 125284874529 3.797390 63 0.020732 9.018621 
0.005500 2458285 9 11197 329064452405 6.013042 167 0.054452 26.835278 
0.007750 2458285 12 14973 609975294041 12.981991 312 0.100936 60.514833 
0.010000 2458285 13 13584 975534227949 13.687744 504 0.161428 96.064060 

Wave __________________________________________________


0.002000 287999 8 576 10903610643 0.309190 6 0.131458 0.508896 
0.003250 287999 11 709 17768989247 0.424458 10 0.214230 0.774492 
0.004500 287999 11 566 24496083547 0.417097 13 0.295335 0.922573 
0.005750 287999 15 658 29722116243 0.603257 16 0.358342 1.408298 
0.007000 287999 12 480 35576042543 0.445461 20 0.428919 1.899290 

BIGCROSS____________________________________________________________


0.001000 11620300 4 56603 120929213754 10.989402 62 0.000896 18.083392 
0.005750 11620300 8 43764 992052523520 24.034353 497 0.007347 82.971439 
0.010500 11620300 13 66094 3359504873684 68.575327 1688 0.024879 245.974327 
0.015250 11620300 14 42699 8706682541722 56.606021 4409 0.064479 /var/spool/slurm/slurmd/job62180266/slurm_script: line 89: 103792 Killed                  ./build/main /scratch/bwd29/data/BIGCROSS_Normalized.bin 57 $j

0.020000 11620300 20 61654 14181835464508 128.818663 7237 0.105026 /var/spool/slurm/slurmd/job62180266/slurm_script: line 89: 105158 Segmentation fault      (core dumped) ./build/main /scratch/bwd29/data/BIGCROSS_Normalized.bin 57 $j


SUSY ________________________________________________________________


0.010000 5000000 7 32076 517598545148 7.833930 260 0.020704 24.561049 
0.012750 5000000 8 35338 960853651250 12.018679 485 0.038434 58.226561 
0.015500 5000000 8 25167 1849400808182 10.823910 939 0.073976 99.971359 
0.018250 5000000 10 31969 2635912172844 18.952705 1346 0.105436 182.169651 
0.021000 5000000 10 25471 4094840908100 16.662348 2114 0.163794 309.001583 

HIGGS ________________________________________________________________


0.010000 11000000 7 112063 1318011263498 35.552810 661 0.010893 187.120632 
0.021375 11000000 11 166586 13707484660112 191.718580 7007 0.113285 free(): invalid pointer
/var/spool/slurm/slurmd/job62180266/slurm_script: line 109: 117398 Aborted                 (core dumped) ./build/main /scratch/bwd29/data/HIGSS_Normalized.bin 28 $j

0.032750 11000000 12 65548 47109217270942 113.650591 25355 0.389332 /var/spool/slurm/slurmd/job62180266/slurm_script: line 109: 122420 Segmentation fault      (core dumped) ./build/main /scratch/bwd29/data/HIGSS_Normalized.bin 28 $j

0.044125 11000000 15 46223 75523017277484 131.723882 42391 0.624157 /var/spool/slurm/slurmd/job62180266/slurm_script: line 109: 124499 Segmentation fault      (core dumped) ./build/main /scratch/bwd29/data/HIGSS_Normalized.bin 28 $j

0.055500 11000000 17 34941 95577570764904 110.716078 55197 0.789897 free(): invalid size
/var/spool/slurm/slurmd/job62180266/slurm_script: line 109: 126364 Aborted                 (core dumped) ./build/main /scratch/bwd29/data/HIGSS_Normalized.bin 28 $j
src/kernel.cu(601): warning #39-D: division by zero

Remark: The warnings can be suppressed with "-diag-suppress <warning-number>"

src/kernel.cu(620): warning #179-D: right operand of "%" is zero

src/kernel.cu(660): warning #39-D: division by zero

src/kernel.cu(664): warning #39-D: division by zero

src/kernel.cu(680): warning #179-D: right operand of "%" is zero

src/kernel.cu(720): warning #39-D: division by zero

src/kernel.cu(724): warning #39-D: division by zero

src/kernel.cu(740): warning #179-D: right operand of "%" is zero

src/kernel.cu(927): warning #179-D: right operand of "%" is zero

src/kernel.cu(601): warning #39-D: division by zero

Remark: The warnings can be suppressed with "-diag-suppress <warning-number>"

src/kernel.cu(620): warning #179-D: right operand of "%" is zero

src/kernel.cu(660): warning #39-D: division by zero

src/kernel.cu(664): warning #39-D: division by zero

src/kernel.cu(680): warning #179-D: right operand of "%" is zero

src/kernel.cu(720): warning #39-D: division by zero

src/kernel.cu(724): warning #39-D: division by zero

src/kernel.cu(740): warning #179-D: right operand of "%" is zero

src/kernel.cu(927): warning #179-D: right operand of "%" is zero



 _______________ 4 ____________ 0 ________________________________



MSD ________________________________________________________________


0.007000 515345 13 2202 107876911003 1.174916 30 0.406193 4.886622 
0.007525 515345 5 358 133010189565 0.380118 37 0.500828 4.842271 
0.008050 515345 13 1884 124075306519 1.166126 34 0.467185 6.770179 
0.008575 515345 14 1936 131170941807 1.255895 37 0.493903 8.265379 
0.009100 515345 15 2090 138666871987 1.415267 39 0.522128 10.165303 

Census____________________________________________________________


0.001000 2458285 4 10329 28500904977 1.975397 10 0.004716 4.031648 
0.003250 2458285 7 9523 125284874529 3.681998 32 0.020732 8.273936 
0.005500 2458285 9 11197 329064452405 5.976659 84 0.054452 22.068041 
0.007750 2458285 11 12564 625873926701 9.747695 160 0.103567 51.565767 
0.010000 2458285 14 15600 956039215375 16.515439 247 0.158202 /var/spool/slurm/slurmd/job62180266/slurm_script: line 71: 134669 Segmentation fault      (core dumped) ./build/main /scratch/bwd29/data/USC_Normalized_No1Col.bin 68 $j


Wave __________________________________________________


0.002000 287999 9 595 10871321453 0.360069 3 0.131069 0.547466 
0.003250 287999 10 635 17878180011 0.406477 5 0.215547 0.716692 
0.004500 287999 11 566 24496083547 0.339575 7 0.295335 0.832165 
0.005750 287999 14 600 29861024347 0.550143 9 0.360017 1.308427 
0.007000 287999 17 755 34585937515 0.666299 10 0.416982 2.084772 

BIGCROSS____________________________________________________________


0.001000 11620300 4 56603 120929213754 10.464764 45 0.000896 16.560935 
0.005750 11620300 8 43764 992052523520 26.099614 249 0.007347 56.400862 
0.010500 11620300 13 66094 3359504873684 64.763608 845 0.024879 193.519800 
0.015250 11620300 14 42699 8706682541722 59.598371 2205 0.064479 419.865057 
0.020000 11620300 19 55545 14265373155922 121.099176 3641 0.105645 /var/spool/slurm/slurmd/job62180266/slurm_script: line 89: 149439 Killed                  ./build/main /scratch/bwd29/data/BIGCROSS_Normalized.bin 57 $j


SUSY ________________________________________________________________


0.010000 5000000 8 35615 508775335134 12.031156 128 0.020351 23.802341 
0.012750 5000000 8 35338 960853651250 13.597022 243 0.038434 48.205435 
0.015500 5000000 9 33898 1661144973446 16.146699 421 0.066446 97.475278 
0.018250 5000000 10 31969 2635912172844 18.886625 673 0.105436 175.583737 
0.021000 5000000 10 25471 4094840908100 16.290570 1058 0.163794 294.320557 

HIGGS ________________________________________________________________


0.010000 11000000 8 116282 1313330531178 51.486006 330 0.010854 111.015686 
0.021375 11000000 11 166586 13707484660112 203.040414 3504 0.113285 /var/spool/slurm/slurmd/job62180266/slurm_script: line 109: 162074 Segmentation fault      (core dumped) ./build/main /scratch/bwd29/data/HIGSS_Normalized.bin 28 $j

0.032750 11000000 13 93810 45488950909170 206.824270 12220 0.375942 double free or corruption (!prev)
/var/spool/slurm/slurmd/job62180266/slurm_script: line 109: 165575 Aborted                 (core dumped) ./build/main /scratch/bwd29/data/HIGSS_Normalized.bin 28 $j

0.044125 11000000 15 46223 75523017277484 128.772329 21216 0.624157 /var/spool/slurm/slurmd/job62180266/slurm_script: line 109: 169870 Segmentation fault      (core dumped) ./build/main /scratch/bwd29/data/HIGSS_Normalized.bin 28 $j

0.055500 11000000 16 26330 96159564952642 71.065256 27824 0.794707 /var/spool/slurm/slurmd/job62180266/slurm_script: line 109: 171998 Killed                  ./build/main /scratch/bwd29/data/HIGSS_Normalized.bin 28 $j
src/kernel.cu(601): warning #39-D: division by zero

Remark: The warnings can be suppressed with "-diag-suppress <warning-number>"

src/kernel.cu(620): warning #179-D: right operand of "%" is zero

src/kernel.cu(660): warning #39-D: division by zero

src/kernel.cu(664): warning #39-D: division by zero

src/kernel.cu(680): warning #179-D: right operand of "%" is zero

src/kernel.cu(720): warning #39-D: division by zero

src/kernel.cu(724): warning #39-D: division by zero

src/kernel.cu(740): warning #179-D: right operand of "%" is zero

src/kernel.cu(927): warning #179-D: right operand of "%" is zero

src/kernel.cu(601): warning #39-D: division by zero

Remark: The warnings can be suppressed with "-diag-suppress <warning-number>"

src/kernel.cu(620): warning #179-D: right operand of "%" is zero

src/kernel.cu(660): warning #39-D: division by zero

src/kernel.cu(664): warning #39-D: division by zero

src/kernel.cu(680): warning #179-D: right operand of "%" is zero

src/kernel.cu(720): warning #39-D: division by zero

src/kernel.cu(724): warning #39-D: division by zero

src/kernel.cu(740): warning #179-D: right operand of "%" is zero

src/kernel.cu(927): warning #179-D: right operand of "%" is zero



 _______________ 8 ____________ 0 ________________________________



MSD ________________________________________________________________


0.007000 515345 13 2202 107876911003 1.284771 15 0.406193 4.481049 
0.007525 515345 13 2010 116092384989 1.161988 16 0.437127 5.225901 
0.008050 515345 5 272 140866333045 0.406843 20 0.530409 5.694950 
0.008575 515345 13 1712 131919015945 1.103607 19 0.496720 7.562592 
0.009100 515345 15 2090 138666871987 1.486698 20 0.522128 9.652330 

Census____________________________________________________________


0.001000 2458285 4 10329 28500904977 1.985391 10 0.004716 4.004646 
0.003250 2458285 7 9523 125284874529 4.046565 17 0.020732 8.411460 
0.005500 2458285 10 12698 321481519709 7.069843 41 0.053198 21.500710 
0.007750 2458285 11 12564 625873926701 10.905494 80 0.103567 45.840625 
0.010000 2458285 13 13584 975534227949 14.012546 126 0.161428 87.502265 

Wave __________________________________________________


0.002000 287999 8 576 10903610643 0.263552 2 0.131458 0.460226 
0.003250 287999 10 635 17878180011 0.371061 3 0.215547 0.676250 
0.004500 287999 11 566 24496083547 0.396118 4 0.295335 0.856446 
0.005750 287999 14 600 29861024347 0.502991 5 0.360017 1.256885 
0.007000 287999 16 697 34663684381 0.657206 5 0.417920 2.114510 

BIGCROSS____________________________________________________________


0.001000 11620300 4 56603 120929213754 11.303058 45 0.000896 17.683760 
0.005750 11620300 8 43764 992052523520 25.515790 125 0.007347 56.821315 
0.010500 11620300 13 66094 3359504873684 72.099409 423 0.024879 159.594384 
0.015250 11620300 14 42699 8706682541722 58.703215 1103 0.064479 382.134305 
0.020000 11620300 18 49101 14485444117576 92.172715 1850 0.107275 772.288690 

SUSY ________________________________________________________________


0.010000 5000000 7 32076 517598545148 8.262693 66 0.020704 18.066481 
0.012750 5000000 8 35338 960853651250 14.482230 122 0.038434 41.183302 
0.015500 5000000 8 25167 1849400808182 10.715511 235 0.073976 74.600979 
0.018250 5000000 10 31969 2635912172844 20.827237 337 0.105436 159.606973 
0.021000 5000000 10 25471 4094840908100 17.328276 529 0.163794 302.020143 

HIGGS ________________________________________________________________


0.010000 11000000 8 116282 1313330531178 51.064393 165 0.010854 107.276200 
0.021375 11000000 11 166586 13707484660112 223.460770 1753 0.113285 /var/spool/slurm/slurmd/job62180266/slurm_script: line 109: 213585 Segmentation fault      (core dumped) ./build/main /scratch/bwd29/data/HIGSS_Normalized.bin 28 $j

0.032750 11000000 13 93810 45488950909170 195.139961 6112 0.375942 free(): invalid size
/var/spool/slurm/slurmd/job62180266/slurm_script: line 109: 214433 Aborted                 (core dumped) ./build/main /scratch/bwd29/data/HIGSS_Normalized.bin 28 $j

0.044125 11000000 15 46223 75523017277484 131.795136 10614 0.624157 /var/spool/slurm/slurmd/job62180266/slurm_script: line 109: 216137 Killed                  ./build/main /scratch/bwd29/data/HIGSS_Normalized.bin 28 $j

0.055500 11000000 17 34941 95577570764904 96.772399 13826 0.789897 /var/spool/slurm/slurmd/job62180266/slurm_script: line 109: 222230 Segmentation fault      (core dumped) ./build/main /scratch/bwd29/data/HIGSS_Normalized.bin 28 $j
src/kernel.cu(601): warning #39-D: division by zero

Remark: The warnings can be suppressed with "-diag-suppress <warning-number>"

src/kernel.cu(620): warning #179-D: right operand of "%" is zero

src/kernel.cu(660): warning #39-D: division by zero

src/kernel.cu(664): warning #39-D: division by zero

src/kernel.cu(680): warning #179-D: right operand of "%" is zero

src/kernel.cu(720): warning #39-D: division by zero

src/kernel.cu(724): warning #39-D: division by zero

src/kernel.cu(740): warning #179-D: right operand of "%" is zero

src/kernel.cu(927): warning #179-D: right operand of "%" is zero

src/kernel.cu(601): warning #39-D: division by zero

Remark: The warnings can be suppressed with "-diag-suppress <warning-number>"

src/kernel.cu(620): warning #179-D: right operand of "%" is zero

src/kernel.cu(660): warning #39-D: division by zero

src/kernel.cu(664): warning #39-D: division by zero

src/kernel.cu(680): warning #179-D: right operand of "%" is zero

src/kernel.cu(720): warning #39-D: division by zero

src/kernel.cu(724): warning #39-D: division by zero

src/kernel.cu(740): warning #179-D: right operand of "%" is zero

src/kernel.cu(927): warning #179-D: right operand of "%" is zero



 _______________ 16 ____________ 0 ________________________________



MSD ________________________________________________________________


0.007000 515345 12 1890 108778791561 1.088969 8 0.409589 3.970370 
0.007525 515345 13 2010 116092384989 1.222084 8 0.437127 4.863472 
0.008050 515345 14 2128 123335502953 1.330134 9 0.464400 6.153128 
0.008575 515345 13 1712 131919015945 1.093776 10 0.496720 7.368206 
0.009100 515345 15 2090 138666871987 1.513401 10 0.522128 9.082878 

Census____________________________________________________________


0.001000 2458285 4 10329 28500904977 1.970146 10 0.004716 4.029902 
0.003250 2458285 7 9523 125284874529 3.977547 10 0.020732 7.807475 
0.005500 2458285 9 11197 329064452405 5.620787 21 0.054452 20.246484 
0.007750 2458285 11 12564 625873926701 10.387391 40 0.103567 38.980842 
0.010000 2458285 13 13584 975534227949 13.510950 63 0.161428 71.603043 

Wave __________________________________________________


0.002000 287999 8 576 10903610643 0.318941 2 0.131458 0.516910 
0.003250 287999 10 635 17878180011 0.353247 2 0.215547 0.685319 
0.004500 287999 12 626 24343736929 0.464842 2 0.293498 0.951208 
0.005750 287999 12 476 30263695755 0.474862 3 0.364872 1.281886 
0.007000 287999 10 361 35998401051 0.348054 3 0.434012 2.230422 

BIGCROSS____________________________________________________________


0.001000 11620300 4 56603 120929213754 11.486320 45 0.000896 20.825156 
0.005750 11620300 8 43764 992052523520 27.519578 64 0.007347 42.909444 
0.010500 11620300 13 66094 3359504873684 70.943083 212 0.024879 135.998255 
0.015250 11620300 17 68886 7999650020588 114.802630 506 0.059243 369.446644 
0.020000 11620300 18 49101 14485444117576 90.508100 925 0.107275 733.875428 

SUSY ________________________________________________________________


0.010000 5000000 7 32076 517598545148 7.799485 34 0.020704 16.415531 
0.012750 5000000 8 35338 960853651250 14.247937 61 0.038434 34.952259 
0.015500 5000000 9 33898 1661144973446 15.593536 106 0.066446 63.223718 
0.018250 5000000 10 31969 2635912172844 20.904647 169 0.105436 126.839881 
0.021000 5000000 10 25471 4094840908100 17.974339 265 0.163794 254.324719 

HIGGS ________________________________________________________________


0.010000 11000000 8 116282 1313330531178 52.277633 83 0.010854 85.660748 
0.021375 11000000 11 166586 13707484660112 194.565379 877 0.113285 munmap_chunk(): invalid pointer
/var/spool/slurm/slurmd/job62180266/slurm_script: line 109: 257730 Aborted                 (core dumped) ./build/main /scratch/bwd29/data/HIGSS_Normalized.bin 28 $j

0.032750 11000000 12 65548 47109217270942 103.647090 3174 0.389332 munmap_chunk(): invalid pointer
/var/spool/slurm/slurmd/job62180266/slurm_script: line 109: 262543 Aborted                 (core dumped) ./build/main /scratch/bwd29/data/HIGSS_Normalized.bin 28 $j

0.044125 11000000 16 65603 74498857056712 187.400262 5229 0.615693 /var/spool/slurm/slurmd/job62180266/slurm_script: line 109: 265223 Segmentation fault      (core dumped) ./build/main /scratch/bwd29/data/HIGSS_Normalized.bin 28 $j

0.055500 11000000 17 34941 95577570764904 98.109474 6916 0.789897 free(): invalid size
/var/spool/slurm/slurmd/job62180266/slurm_script: line 109: 267772 Aborted                 (core dumped) ./build/main /scratch/bwd29/data/HIGSS_Normalized.bin 28 $j
src/kernel.cu(601): warning #39-D: division by zero

Remark: The warnings can be suppressed with "-diag-suppress <warning-number>"

src/kernel.cu(620): warning #179-D: right operand of "%" is zero

src/kernel.cu(660): warning #39-D: division by zero

src/kernel.cu(664): warning #39-D: division by zero

src/kernel.cu(680): warning #179-D: right operand of "%" is zero

src/kernel.cu(720): warning #39-D: division by zero

src/kernel.cu(724): warning #39-D: division by zero

src/kernel.cu(740): warning #179-D: right operand of "%" is zero

src/kernel.cu(927): warning #179-D: right operand of "%" is zero

src/kernel.cu(601): warning #39-D: division by zero

Remark: The warnings can be suppressed with "-diag-suppress <warning-number>"

src/kernel.cu(620): warning #179-D: right operand of "%" is zero

src/kernel.cu(660): warning #39-D: division by zero

src/kernel.cu(664): warning #39-D: division by zero

src/kernel.cu(680): warning #179-D: right operand of "%" is zero

src/kernel.cu(720): warning #39-D: division by zero

src/kernel.cu(724): warning #39-D: division by zero

src/kernel.cu(740): warning #179-D: right operand of "%" is zero

src/kernel.cu(927): warning #179-D: right operand of "%" is zero



 _______________ 32 ____________ 0 ________________________________



MSD ________________________________________________________________


0.007000 515345 12 1890 108778791561 1.050106 4 0.409589 3.754699 
0.007525 515345 14 2271 115477802753 1.423655 4 0.434813 4.791051 
0.008050 515345 13 1884 124075306519 1.192534 5 0.467185 5.812346 
0.008575 515345 14 1936 131170941807 1.283029 5 0.493903 6.991326 
0.009100 515345 15 2090 138666871987 1.479700 5 0.522128 9.130502 

Census____________________________________________________________


0.001000 2458285 4 10329 28500904977 1.996644 10 0.004716 4.031580 
0.003250 2458285 7 9523 125284874529 3.852302 10 0.020732 7.940037 
0.005500 2458285 10 12698 321481519709 8.621741 12 0.053198 20.333276 
0.007750 2458285 12 14973 609975294041 12.810724 20 0.100936 37.849845 
0.010000 2458285 13 13584 975534227949 14.476727 32 0.161428 main: src/launcher.cu:3445: neighborTable* nodeLauncher5(double*, unsigned int, unsigned int, unsigned int, unsigned int*, double): Assertion `cudaSuccess == cudaMemcpyAsync(&keyValueIndex[i], &d_keyValueIndex[i], sizeof(unsigned long long ), cudaMemcpyDeviceToHost, stream[tid])' failed.
main: src/launcher.cu:3445: neighborTable* nodeLauncher5(double*, unsigned int, unsigned int, unsigned int, unsigned int*, double): Assertion `cudaSuccess == cudaMemcpyAsync(&keyValueIndex[i], &d_keyValueIndex[i], sizeof(unsigned long long ), cudaMemcpyDeviceToHost, stream[tid])' failed.
/var/spool/slurm/slurmd/job62180266/slurm_script: line 71: 275153 Aborted                 (core dumped) ./build/main /scratch/bwd29/data/USC_Normalized_No1Col.bin 68 $j


Wave __________________________________________________


0.002000 287999 9 595 10871321453 0.320518 2 0.131069 0.531804 
0.003250 287999 11 709 17768989247 0.445567 2 0.214230 0.759619 
0.004500 287999 12 626 24343736929 0.483413 2 0.293498 0.958364 
0.005750 287999 14 600 29861024347 0.532257 2 0.360017 1.367248 
0.007000 287999 15 655 34849457155 0.577923 2 0.420159 2.423752 

BIGCROSS____________________________________________________________


0.001000 11620300 4 56603 120929213754 10.807713 45 0.000896 17.129026 
0.005750 11620300 8 43764 992052523520 25.675660 45 0.007347 39.870227 
0.010500 11620300 13 66094 3359504873684 71.164312 107 0.024879 125.058370 
0.015250 11620300 17 68886 7999650020588 109.918294 253 0.059243 281.096300 
0.020000 11620300 18 49101 14485444117576 89.553499 463 0.107275 529.039003 

SUSY ________________________________________________________________


0.010000 5000000 7 32076 517598545148 7.825544 20 0.020704 14.850885 
0.012750 5000000 8 35338 960853651250 14.619169 32 0.038434 32.825515 
0.015500 5000000 8 25167 1849400808182 10.452397 60 0.073976 51.476126 
0.018250 5000000 7 11712 3532542974232 4.876415 114 0.141302 104.366756 
0.021000 5000000 10 25471 4094840908100 18.962138 133 0.163794 198.272620 

HIGGS ________________________________________________________________


0.010000 11000000 8 116282 1313330531178 52.795779 46 0.010854 80.560798 
0.021375 11000000 11 166586 13707484660112 224.520222 439 0.113285 munmap_chunk(): invalid pointer
/var/spool/slurm/slurmd/job62180266/slurm_script: line 109: 302158 Aborted                 (core dumped) ./build/main /scratch/bwd29/data/HIGSS_Normalized.bin 28 $j

0.032750 11000000 13 93810 45488950909170 207.659949 1529 0.375942 munmap_chunk(): invalid pointer
/var/spool/slurm/slurmd/job62180266/slurm_script: line 109: 302919 Aborted                 (core dumped) ./build/main /scratch/bwd29/data/HIGSS_Normalized.bin 28 $j

0.044125 11000000 15 46223 75523017277484 147.219118 2655 0.624157 /var/spool/slurm/slurmd/job62180266/slurm_script: line 109: 307816 Killed                  ./build/main /scratch/bwd29/data/HIGSS_Normalized.bin 28 $j

0.055500 11000000 17 34941 95577570764904 98.430244 3459 0.789897 /var/spool/slurm/slurmd/job62180266/slurm_script: line 109: 312279 Killed                  ./build/main /scratch/bwd29/data/HIGSS_Normalized.bin 28 $j
src/kernel.cu(601): warning #39-D: division by zero

Remark: The warnings can be suppressed with "-diag-suppress <warning-number>"

src/kernel.cu(620): warning #179-D: right operand of "%" is zero

src/kernel.cu(660): warning #39-D: division by zero

src/kernel.cu(664): warning #39-D: division by zero

src/kernel.cu(680): warning #179-D: right operand of "%" is zero

src/kernel.cu(720): warning #39-D: division by zero

src/kernel.cu(724): warning #39-D: division by zero

src/kernel.cu(740): warning #179-D: right operand of "%" is zero

src/kernel.cu(927): warning #179-D: right operand of "%" is zero

src/kernel.cu(601): warning #39-D: division by zero

Remark: The warnings can be suppressed with "-diag-suppress <warning-number>"

src/kernel.cu(620): warning #179-D: right operand of "%" is zero

src/kernel.cu(660): warning #39-D: division by zero

src/kernel.cu(664): warning #39-D: division by zero

src/kernel.cu(680): warning #179-D: right operand of "%" is zero

src/kernel.cu(720): warning #39-D: division by zero

src/kernel.cu(724): warning #39-D: division by zero

src/kernel.cu(740): warning #179-D: right operand of "%" is zero

src/kernel.cu(927): warning #179-D: right operand of "%" is zero



 _______________ 64 ____________ 0 ________________________________



MSD ________________________________________________________________


0.007000 515345 12 1890 108778791561 1.054122 3 0.409589 3.533990 
0.007525 515345 13 2010 116092384989 1.223802 3 0.437127 4.414235 
0.008050 515345 14 2128 123335502953 1.384614 3 0.464400 5.926631 
0.008575 515345 13 1712 131919015945 1.115389 3 0.496720 7.020726 
0.009100 515345 14 1845 139382979989 1.224913 3 0.524824 8.277665 

Census____________________________________________________________


0.001000 2458285 4 10329 28500904977 1.938710 10 0.004716 3.922342 
0.003250 2458285 7 9523 125284874529 3.552694 10 0.020732 7.567447 
0.005500 2458285 10 12698 321481519709 7.219049 10 0.053198 18.645584 
0.007750 2458285 12 14973 609975294041 12.131533 12 0.100936 main: src/launcher.cu:3445: neighborTable* nodeLauncher5(double*, unsigned int, unsigned int, unsigned int, unsigned int*, double): Assertion `cudaSuccess == cudaMemcpyAsync(&keyValueIndex[i], &d_keyValueIndex[i], sizeof(unsigned long long ), cudaMemcpyDeviceToHost, stream[tid])' failed.
main: src/launcher.cu:3445: neighborTable* nodeLauncher5(double*, unsigned int, unsigned int, unsigned int, unsigned int*, double): Assertion `cudaSuccess == cudaMemcpyAsync(&keyValueIndex[i], &d_keyValueIndex[i], sizeof(unsigned long long ), cudaMemcpyDeviceToHost, stream[tid])' failed.
/var/spool/slurm/slurmd/job62180266/slurm_script: line 71: 318851 Aborted                 (core dumped) ./build/main /scratch/bwd29/data/USC_Normalized_No1Col.bin 68 $j

0.010000 2458285 13 13584 975534227949 14.204095 17 0.161428 main: src/launcher.cu:3445: neighborTable* nodeLauncher5(double*, unsigned int, unsigned int, unsigned int, unsigned int*, double): Assertion `cudaSuccess == cudaMemcpyAsync(&keyValueIndex[i], &d_keyValueIndex[i], sizeof(unsigned long long ), cudaMemcpyDeviceToHost, stream[tid])' failed.
main: src/launcher.cu:3445: neighborTable* nodeLauncher5(double*, unsigned int, unsigned int, unsigned int, unsigned int*, double): Assertion `cudaSuccess == cudaMemcpyAsync(&keyValueIndex[i], &d_keyValueIndex[i], sizeof(unsigned long long ), cudaMemcpyDeviceToHost, stream[tid])' failed.
/var/spool/slurm/slurmd/job62180266/slurm_script: line 71: 319585 Aborted                 (core dumped) ./build/main /scratch/bwd29/data/USC_Normalized_No1Col.bin 68 $j


Wave __________________________________________________


0.002000 287999 8 576 10903610643 0.341699 2 0.131458 0.548272 
0.003250 287999 10 635 17878180011 0.413372 2 0.215547 0.719396 
0.004500 287999 12 626 24343736929 0.469065 2 0.293498 0.960679 
0.005750 287999 14 600 29861024347 0.472751 2 0.360017 1.304055 
0.007000 287999 16 697 34663684381 0.617441 2 0.417920 2.518765 

BIGCROSS____________________________________________________________


0.001000 11620300 4 56603 120929213754 10.904198 45 0.000896 17.735198 
0.005750 11620300 8 43764 992052523520 26.768218 45 0.007347 43.417372 
0.010500 11620300 13 66094 3359504873684 72.054314 60 0.024879 109.087655 
0.015250 11620300 17 68886 7999650020588 112.474336 128 0.059243 239.699375 
0.020000 11620300 18 49101 14485444117576 94.787355 232 0.107275 386.852470 

SUSY ________________________________________________________________


0.010000 5000000 7 32076 517598545148 8.361517 20 0.020704 15.507809 
0.012750 5000000 8 35338 960853651250 12.583080 20 0.038434 26.169121 
0.015500 5000000 8 25167 1849400808182 10.097348 31 0.073976 42.625234 
0.018250 5000000 10 31969 2635912172844 18.842654 43 0.105436 79.440900 
0.021000 5000000 10 25471 4094840908100 17.077236 67 0.163794 142.985286 

HIGGS ________________________________________________________________


0.010000 11000000 8 116282 1313330531178 52.124635 42 0.010854 82.890635 
0.021375 11000000 11 166586 13707484660112 221.859800 220 0.113285 munmap_chunk(): invalid pointer
/var/spool/slurm/slurmd/job62180266/slurm_script: line 109: 344878 Aborted                 (core dumped) ./build/main /scratch/bwd29/data/HIGSS_Normalized.bin 28 $j

0.032750 11000000 13 93810 45488950909170 188.258812 765 0.375942 free(): invalid pointer
/var/spool/slurm/slurmd/job62180266/slurm_script: line 109: 347180 Aborted                 (core dumped) ./build/main /scratch/bwd29/data/HIGSS_Normalized.bin 28 $j

0.044125 11000000 15 46223 75523017277484 114.816753 1328 0.624157 /var/spool/slurm/slurmd/job62180266/slurm_script: line 109: 348023 Segmentation fault      (core dumped) ./build/main /scratch/bwd29/data/HIGSS_Normalized.bin 28 $j

0.055500 11000000 17 34941 95577570764904 106.104805 1730 0.789897 22450.481149 src/kernel.cu(601): warning #39-D: division by zero

Remark: The warnings can be suppressed with "-diag-suppress <warning-number>"

src/kernel.cu(620): warning #179-D: right operand of "%" is zero

src/kernel.cu(660): warning #39-D: division by zero

src/kernel.cu(664): warning #39-D: division by zero

src/kernel.cu(680): warning #179-D: right operand of "%" is zero

src/kernel.cu(720): warning #39-D: division by zero

src/kernel.cu(724): warning #39-D: division by zero

src/kernel.cu(740): warning #179-D: right operand of "%" is zero

src/kernel.cu(927): warning #179-D: right operand of "%" is zero

src/kernel.cu(601): warning #39-D: division by zero

Remark: The warnings can be suppressed with "-diag-suppress <warning-number>"

src/kernel.cu(620): warning #179-D: right operand of "%" is zero

src/kernel.cu(660): warning #39-D: division by zero

src/kernel.cu(664): warning #39-D: division by zero

src/kernel.cu(680): warning #179-D: right operand of "%" is zero

src/kernel.cu(720): warning #39-D: division by zero

src/kernel.cu(724): warning #39-D: division by zero

src/kernel.cu(740): warning #179-D: right operand of "%" is zero

src/kernel.cu(927): warning #179-D: right operand of "%" is zero



 _______________ 128 ____________ 0 ________________________________



MSD ________________________________________________________________


0.007000 515345 12 1890 108778791561 1.079724 2 0.409589 3.727065 
0.007525 515345 12 1713 116918749089 1.040276 2 0.440239 4.393562 
0.008050 515345 5 272 140866333045 0.406814 2 0.530409 4.853724 
0.008575 515345 15 2180 130525018767 1.491252 2 0.491471 6.964248 
0.009100 515345 15 2090 138666871987 1.444731 2 0.522128 main: src/launcher.cu:3455: neighborTable* nodeLauncher5(double*, unsigned int, unsigned int, unsigned int, unsigned int*, double): Assertion `cudaSuccess == cudaMallocHost((void**) &pointB[tid], sizeof(unsigned int)*(keyValueIndex[i] + 1))' failed.
main: src/launcher.cu:3445: neighborTable* nodeLauncher5(double*, unsigned int, unsigned int, unsigned int, unsigned int*, double): Assertion `cudaSuccess == cudaMemcpyAsync(&keyValueIndex[i], &d_keyValueIndex[i], sizeof(unsigned long long ), cudaMemcpyDeviceToHost, stream[tid])' failed.
/var/spool/slurm/slurmd/job62180266/slurm_script: line 38: 555025 Aborted                 (core dumped) ./build/main /scratch/bwd29/data/MSD.bin 90 $j


Census____________________________________________________________


0.001000 2458285 4 10329 28500904977 1.978581 10 0.004716 4.165696 
0.003250 2458285 7 9523 125284874529 3.820711 10 0.020732 7.842511 
0.005500 2458285 10 12698 321481519709 6.848746 10 0.053198 18.190986 
0.007750 2458285 11 12564 625873926701 10.268025 10 0.103567 main: src/launcher.cu:3445: neighborTable* nodeLauncher5(double*, unsigned int, unsigned int, unsigned int, unsigned int*, double): Assertion `cudaSuccess == cudaMemcpyAsync(&keyValueIndex[i], &d_keyValueIndex[i], sizeof(unsigned long long ), cudaMemcpyDeviceToHost, stream[tid])' failed.
terminate called after throwing an instance of 'thrust::system::system_error'
  what():  smart_sort: failed to synchronize: cudaErrorIllegalAddress: an illegal memory access was encountered
/var/spool/slurm/slurmd/job62180266/slurm_script: line 71: 557500 Aborted                 (core dumped) ./build/main /scratch/bwd29/data/USC_Normalized_No1Col.bin 68 $j

0.010000 2458285 13 13584 975534227949 13.536657 11 0.161428 main: src/launcher.cu:3445: neighborTable* nodeLauncher5(double*, unsigned int, unsigned int, unsigned int, unsigned int*, double): Assertion `cudaSuccess == cudaMemcpyAsync(&keyValueIndex[i], &d_keyValueIndex[i], sizeof(unsigned long long ), cudaMemcpyDeviceToHost, stream[tid])' failed.
main: src/launcher.cu:3445: neighborTable* nodeLauncher5(double*, unsigned int, unsigned int, unsigned int, unsigned int*, double): Assertion `cudaSuccess == cudaMemcpyAsync(&keyValueIndex[i], &d_keyValueIndex[i], sizeof(unsigned long long ), cudaMemcpyDeviceToHost, stream[tid])' failed.
/var/spool/slurm/slurmd/job62180266/slurm_script: line 71: 558527 Aborted                 (core dumped) ./build/main /scratch/bwd29/data/USC_Normalized_No1Col.bin 68 $j


Wave __________________________________________________


0.002000 287999 7 542 10977666711 0.218594 2 0.132351 0.429656 
0.003250 287999 10 635 17878180011 0.405050 2 0.215547 0.730351 
0.004500 287999 12 626 24343736929 0.506843 2 0.293498 0.991671 
0.005750 287999 14 600 29861024347 0.590534 2 0.360017 1.396946 
0.007000 287999 16 697 34663684381 0.574831 2 0.417920 2.512906 

BIGCROSS____________________________________________________________


0.001000 11620300 4 56603 120929213754 11.359808 45 0.000896 19.371483 
0.005750 11620300 8 43764 992052523520 24.896483 45 0.007347 39.233094 
0.010500 11620300 13 66094 3359504873684 67.613594 45 0.024879 101.449443 
0.015250 11620300 17 68886 7999650020588 111.148134 69 0.059243 202.336989 
0.020000 11620300 18 49101 14485444117576 104.848158 118 0.107275 310.623070 

SUSY ________________________________________________________________


0.010000 5000000 7 32076 517598545148 8.668022 20 0.020704 15.894153 
0.012750 5000000 8 35338 960853651250 12.481594 20 0.038434 26.141823 
0.015500 5000000 8 25167 1849400808182 10.812282 20 0.073976 38.936369 
0.018250 5000000 10 31969 2635912172844 19.469674 24 0.105436 67.129609 
0.021000 5000000 10 25471 4094840908100 18.092922 35 0.163794 109.866811 

HIGGS ________________________________________________________________


0.010000 11000000 7 112063 1318011263498 32.654353 42 0.010893 58.813285 
0.021375 11000000 11 166586 13707484660112 222.058956 111 0.113285 munmap_chunk(): invalid pointer
/var/spool/slurm/slurmd/job62180266/slurm_script: line 109: 580699 Aborted                 (core dumped) ./build/main /scratch/bwd29/data/HIGSS_Normalized.bin 28 $j

0.032750 11000000 12 65548 47109217270942 122.000124 397 0.389332 free(): invalid size
/var/spool/slurm/slurmd/job62180266/slurm_script: line 109: 581575 Aborted                 (core dumped) ./build/main /scratch/bwd29/data/HIGSS_Normalized.bin 28 $j

0.044125 11000000 15 46223 75523017277484 136.366280 664 0.624157 9436.839651 
0.055500 11000000 17 34941 95577570764904 101.390549 865 0.789897 malloc(): invalid size (unsorted)
/var/spool/slurm/slurmd/job62180266/slurm_script: line 109: 668909 Aborted                 (core dumped) ./build/main /scratch/bwd29/data/HIGSS_Normalized.bin 28 $j


 _______________ 1 ____________ 1 ________________________________



MSD ________________________________________________________________


0.007000 515345 12 1890 108778791561 1.053112 118 0.409589 25.286540 
0.007525 515345 12 1713 116918749089 1.079602 128 0.440239 32.628614 
0.008050 515345 13 1884 124075306519 1.159977 136 0.467185 42.310717 
0.008575 515345 14 1936 131170941807 1.228522 145 0.493903 53.435021 
0.009100 515345 15 2090 138666871987 1.491162 154 0.522128 67.635659 

Census____________________________________________________________


0.001000 2458285 4 10329 28500904977 1.920307 29 0.004716 4.477854 
0.003250 2458285 7 9523 125284874529 3.705191 126 0.020732 19.662186 
0.005500 2458285 10 12698 321481519709 7.459023 325 0.053198 91.890188 
0.007750 2458285 11 12564 625873926701 10.215022 639 0.103567 283.000872 
0.010000 2458285 14 15600 956039215375 19.033810 987 0.158202 627.300170 

Wave __________________________________________________


0.002000 287999 8 576 10903610643 0.337302 12 0.131458 0.719032 
0.003250 287999 10 635 17878180011 0.378644 19 0.215547 1.222789 
0.004500 287999 12 626 24343736929 0.482235 26 0.293498 2.110523 
0.005750 287999 14 600 29861024347 0.539314 33 0.360017 3.623076 
0.007000 287999 16 697 34663684381 0.659605 38 0.417920 7.005458 

BIGCROSS____________________________________________________________


0.001000 11620300 4 56603 120929213754 12.014142 121 0.000896 24.944547 
0.005750 11620300 8 43764 992052523520 25.872403 994 0.007347 129.293349 
0.010500 11620300 13 66094 3359504873684 68.606215 3376 0.024879 /var/spool/slurm/slurmd/job62180266/slurm_script: line 89: 695374 Killed                  ./build/main /scratch/bwd29/data/BIGCROSS_Normalized.bin 57 $j

0.015250 11620300 14 42699 8706682541722 60.317959 8815 0.064479 /var/spool/slurm/slurmd/job62180266/slurm_script: line 89: 698027 Killed                  ./build/main /scratch/bwd29/data/BIGCROSS_Normalized.bin 57 $j

0.020000 11620300 18 49101 14485444117576 90.564613 14785 0.107275 /var/spool/slurm/slurmd/job62180266/slurm_script: line 89: 700480 Killed                  ./build/main /scratch/bwd29/data/BIGCROSS_Normalized.bin 57 $j


SUSY ________________________________________________________________


0.010000 5000000 8 35615 508775335134 11.623672 511 0.020351 65.656555 
0.012750 5000000 8 35338 960853651250 13.065020 969 0.038434 206.512490 
0.015500 5000000 8 25167 1849400808182 10.353877 1877 0.073976 714.220020 
0.018250 5000000 10 31969 2635912172844 19.720278 2691 0.105436 1475.020546 
0.021000 5000000 10 25471 4094840908100 16.698791 4227 0.163794 3420.862987 

HIGGS ________________________________________________________________


0.010000 11000000 8 116282 1313330531178 53.908923 1317 0.010854 361.586120 
0.021375 11000000 11 166586 13707484660112 211.096813 14007 0.113285 munmap_chunk(): invalid pointer
/var/spool/slurm/slurmd/job62180266/slurm_script: line 109: 761498 Aborted                 (core dumped) ./build/main /scratch/bwd29/data/HIGSS_Normalized.bin 28 $j

0.032750 11000000 13 93810 45488950909170 181.108656 48783 0.375942 /var/spool/slurm/slurmd/job62180266/slurm_script: line 109: 766926 Segmentation fault      (core dumped) ./build/main /scratch/bwd29/data/HIGSS_Normalized.bin 28 $j

0.044125 11000000 slurmstepd: error: *** JOB 62180266 ON cn2 CANCELLED AT 2023-02-16T15:53:56 ***
Job has already finished for job 62180266
slurmstepd: error: --task-epilog failed status=256
slurmstepd: error: Detected 13 oom-kill event(s) in StepId=62180266.batch. Some of your processes may have been killed by the cgroup out-of-memory handler.
