rm -f build/main build/*.o
nvcc  -lcuda -Xcompiler -fopenmp -arch=compute_80 -code=sm_80 -O3 -I. -c -o build/main.o src/main.cu -lm
nvcc  -lcuda -Xcompiler -fopenmp -arch=compute_80 -code=sm_80 -O3 -I. -c -o build/launcher.o src/launcher.cu -lm
nvcc  -lcuda -Xcompiler -fopenmp -arch=compute_80 -code=sm_80 -O3 -I. -c -o build/kernel.o src/kernel.cu
nvcc  -lcuda -Xcompiler -fopenmp -arch=compute_80 -code=sm_80 -O3 -I. -c -o build/nodes.o src/nodes.cu -lm
nvcc  -lcuda -Xcompiler -fopenmp -arch=compute_80 -code=sm_80 -O3 -I. -c -o build/tree.o src/tree.cu -lm
nvcc  -lcuda -Xcompiler -fopenmp -arch=compute_80 -code=sm_80 -O3 -I. -c -o build/utils.o src/utils.cu -lm
nvcc  -lcuda -Xcompiler -fopenmp -arch=compute_80 -code=sm_80 -O3 -I. -o build/main build/main.o build/launcher.o build/kernel.o build/nodes.o build/tree.o build/utils.o
MSD ________________________________________________________________
MSD ________________________________________________________________

Time to read in file: 0.284155

Number points: 515345 
Number Dimensions: 90 
Number Concurent Streams: 2
Block Size: 256, Kernel Blocks: 1024
Using using binary searches
Distance Threshold: 0.007000 
*********************************

Predicted calcsPerSecond: 9074880253
SubGraph 0 Layer 0 Selecting RP 1 with Nodes: 21 and calcs: 170979007977 :: Predicted time: 0.000000, Actual Time: 0.015887
Build Time: 0.015887, Calc Time: 18.840911, reduction -18.840911
############################################
Predicted calcsPerSecond: 9096823305
SubGraph 0 Layer 1 Selecting RP 3 with Nodes: 60 and calcs: 149860162609 :: Predicted time: 0.015887, Actual Time: 0.033790
Build Time: 0.033790, Calc Time: 16.473901, reduction 2.367010
############################################
Predicted calcsPerSecond: 9092587131
SubGraph 0 Layer 2 Selecting RP 1 with Nodes: 123 and calcs: 139008172495 :: Predicted time: 0.033790, Actual Time: 0.015753
Build Time: 0.015753, Calc Time: 15.288077, reduction 1.185824
############################################
Predicted calcsPerSecond: 9105558740
SubGraph 0 Layer 3 Selecting RP 1 with Nodes: 217 and calcs: 129775808043 :: Predicted time: 0.015753, Actual Time: 0.014608
Build Time: 0.014608, Calc Time: 14.252372, reduction 1.035705
############################################
Predicted calcsPerSecond: 9110059581
SubGraph 0 Layer 4 Selecting RP 1 with Nodes: 326 and calcs: 124080002709 :: Predicted time: 0.014608, Actual Time: 0.014230
Build Time: 0.014230, Calc Time: 13.620109, reduction 0.632263
############################################
Predicted calcsPerSecond: 9100033837
SubGraph 0 Layer 5 Selecting RP 1 with Nodes: 489 and calcs: 119576095503 :: Predicted time: 0.014230, Actual Time: 0.022220
Build Time: 0.022220, Calc Time: 13.140181, reduction 0.479927
############################################
Predicted calcsPerSecond: 9107280118
SubGraph 0 Layer 6 Selecting RP 5 with Nodes: 669 and calcs: 116543627597 :: Predicted time: 0.022220, Actual Time: 0.020045
Build Time: 0.020045, Calc Time: 12.796754, reduction 0.343427
############################################
Predicted calcsPerSecond: 9114327236
SubGraph 0 Layer 7 Selecting RP 3 with Nodes: 910 and calcs: 114004585017 :: Predicted time: 0.020045, Actual Time: 0.027062
Build Time: 0.027062, Calc Time: 12.508283, reduction 0.288471
############################################
Predicted calcsPerSecond: 9089689372
SubGraph 0 Layer 8 Selecting RP 3 with Nodes: 1130 and calcs: 112390412367 :: Predicted time: 0.027062, Actual Time: 0.039456
Build Time: 0.039456, Calc Time: 12.364604, reduction 0.143679
############################################
Predicted calcsPerSecond: 9086397962
SubGraph 0 Layer 9 Selecting RP 5 with Nodes: 1392 and calcs: 111189005735 :: Predicted time: 0.039456, Actual Time: 0.052665
Build Time: 0.052665, Calc Time: 12.236863, reduction 0.127741
############################################
Predicted calcsPerSecond: 9107418460
SubGraph 0 Layer 10 Selecting RP 2 with Nodes: 1667 and calcs: 109498184001 :: Predicted time: 0.052665, Actual Time: 0.078945
Build Time: 0.078945, Calc Time: 12.022966, reduction 0.213897
############################################
Predicted calcsPerSecond: 9107807612
SubGraph 0 Layer 11 Selecting RP 3 with Nodes: 1890 and calcs: 108778791561 :: Predicted time: 0.078945, Actual Time: 0.081058
Build Time: 0.081058, Calc Time: 11.943466, reduction 0.079500
############################################
Final graph has 1890 nodes, 108778791561 calcs total
Node Construct time: 1.033415
Batchs: 2
Total results Set Size: 65915313 
Node Laucnher time: 3.617331
Total Time: 4.089491

Time to read in file: 0.093449

Number points: 515345 
Number Dimensions: 90 
Number Concurent Streams: 2
Block Size: 256, Kernel Blocks: 1024
Using using binary searches
Distance Threshold: 0.007525 
*********************************

Predicted calcsPerSecond: 9028572008
SubGraph 0 Layer 0 Selecting RP 1 with Nodes: 20 and calcs: 177585998311 :: Predicted time: 0.000000, Actual Time: 0.015415
Build Time: 0.015415, Calc Time: 19.669334, reduction -19.669334
############################################
Predicted calcsPerSecond: 9082718237
SubGraph 0 Layer 1 Selecting RP 5 with Nodes: 68 and calcs: 158803937551 :: Predicted time: 0.015415, Actual Time: 0.037552
Build Time: 0.037552, Calc Time: 17.484186, reduction 2.185148
############################################
Predicted calcsPerSecond: 9095704439
SubGraph 0 Layer 2 Selecting RP 3 with Nodes: 131 and calcs: 148513057549 :: Predicted time: 0.037552, Actual Time: 0.015151
Build Time: 0.015151, Calc Time: 16.327824, reduction 1.156363
############################################
Predicted calcsPerSecond: 9107995049
SubGraph 0 Layer 3 Selecting RP 1 with Nodes: 234 and calcs: 137677365371 :: Predicted time: 0.015151, Actual Time: 0.013917
Build Time: 0.013917, Calc Time: 15.116100, reduction 1.211723
############################################
Predicted calcsPerSecond: 9007255817
SubGraph 0 Layer 4 Selecting RP 7 with Nodes: 358 and calcs: 133010189565 :: Predicted time: 0.013917, Actual Time: 0.021410
Build Time: 0.021410, Calc Time: 14.767005, reduction 0.349095
############################################
Predicted calcsPerSecond: 9001751696
SubGraph 0 Layer 5 Selecting RP 1 with Nodes: 539 and calcs: 127316136919 :: Predicted time: 0.021410, Actual Time: 0.014927
Build Time: 0.014927, Calc Time: 14.143485, reduction 0.623520
############################################
Predicted calcsPerSecond: 9030052978
SubGraph 0 Layer 6 Selecting RP 1 with Nodes: 680 and calcs: 125195795947 :: Predicted time: 0.014927, Actual Time: 0.019641
Build Time: 0.019641, Calc Time: 13.864348, reduction 0.279137
############################################
Predicted calcsPerSecond: 9052534074
SubGraph 0 Layer 7 Selecting RP 3 with Nodes: 901 and calcs: 122849642555 :: Predicted time: 0.019641, Actual Time: 0.025435
Build Time: 0.025435, Calc Time: 13.570746, reduction 0.293602
############################################
Predicted calcsPerSecond: 9025503446
SubGraph 0 Layer 8 Selecting RP 1 with Nodes: 1060 and calcs: 120833241637 :: Predicted time: 0.025435, Actual Time: 0.035117
Build Time: 0.035117, Calc Time: 13.387978, reduction 0.182768
############################################
Predicted calcsPerSecond: 9060560824
SubGraph 0 Layer 9 Selecting RP 5 with Nodes: 1289 and calcs: 119524198435 :: Predicted time: 0.035117, Actual Time: 0.036771
Build Time: 0.036771, Calc Time: 13.191700, reduction 0.196278
############################################
Predicted calcsPerSecond: 9096806291
SubGraph 0 Layer 10 Selecting RP 2 with Nodes: 1541 and calcs: 117590187375 :: Predicted time: 0.036771, Actual Time: 0.077995
Build Time: 0.077995, Calc Time: 12.926535, reduction 0.265165
############################################
Predicted calcsPerSecond: 9103921890
SubGraph 0 Layer 11 Selecting RP 2 with Nodes: 1713 and calcs: 116918749089 :: Predicted time: 0.077995, Actual Time: 0.072134
Build Time: 0.072134, Calc Time: 12.842679, reduction 0.083856
############################################
Predicted calcsPerSecond: 9038678841
SubGraph 0 Layer 12 Selecting RP 4 with Nodes: 2010 and calcs: 116092384989 :: Predicted time: 0.072134, Actual Time: 0.077712
Build Time: 0.077712, Calc Time: 12.843955, reduction -0.001276
############################################
Final graph has 2010 nodes, 116092384989 calcs total
Node Construct time: 1.224364
Batchs: 2
Total results Set Size: 121384099 
Node Laucnher time: 4.521915
Total Time: 4.992343

Time to read in file: 0.081427

Number points: 515345 
Number Dimensions: 90 
Number Concurent Streams: 2
Block Size: 256, Kernel Blocks: 1024
Using using binary searches
Distance Threshold: 0.008050 
*********************************

Predicted calcsPerSecond: 9059062389
SubGraph 0 Layer 0 Selecting RP 2 with Nodes: 20 and calcs: 185481056983 :: Predicted time: 0.000000, Actual Time: 0.015397
Build Time: 0.015397, Calc Time: 20.474642, reduction -20.474642
############################################
Predicted calcsPerSecond: 9093247934
SubGraph 0 Layer 1 Selecting RP 2 with Nodes: 49 and calcs: 166462369995 :: Predicted time: 0.015397, Actual Time: 0.028306
Build Time: 0.028306, Calc Time: 18.306151, reduction 2.168491
############################################
Predicted calcsPerSecond: 9098650305
SubGraph 0 Layer 2 Selecting RP 1 with Nodes: 98 and calcs: 155725370431 :: Predicted time: 0.028306, Actual Time: 0.015518
Build Time: 0.015518, Calc Time: 17.115217, reduction 1.190934
############################################
Predicted calcsPerSecond: 9117809866
SubGraph 0 Layer 3 Selecting RP 1 with Nodes: 178 and calcs: 145253277755 :: Predicted time: 0.015518, Actual Time: 0.019799
Build Time: 0.019799, Calc Time: 15.930720, reduction 1.184496
############################################
Predicted calcsPerSecond: 9109606972
SubGraph 0 Layer 4 Selecting RP 7 with Nodes: 272 and calcs: 140866333045 :: Predicted time: 0.019799, Actual Time: 0.033819
Build Time: 0.033819, Calc Time: 15.463492, reduction 0.467228
############################################
Predicted calcsPerSecond: 9095544769
SubGraph 0 Layer 5 Selecting RP 1 with Nodes: 388 and calcs: 137091205829 :: Predicted time: 0.033819, Actual Time: 0.015125
Build Time: 0.015125, Calc Time: 15.072347, reduction 0.391145
############################################
Predicted calcsPerSecond: 9110959126
SubGraph 0 Layer 6 Selecting RP 5 with Nodes: 532 and calcs: 134204713665 :: Predicted time: 0.015125, Actual Time: 0.016113
Build Time: 0.016113, Calc Time: 14.730031, reduction 0.342316
############################################
Predicted calcsPerSecond: 9106053790
SubGraph 0 Layer 7 Selecting RP 3 with Nodes: 760 and calcs: 131544057575 :: Predicted time: 0.016113, Actual Time: 0.023716
Build Time: 0.023716, Calc Time: 14.445781, reduction 0.284250
############################################
Predicted calcsPerSecond: 9092197656
SubGraph 0 Layer 8 Selecting RP 1 with Nodes: 926 and calcs: 128931015769 :: Predicted time: 0.023716, Actual Time: 0.029108
Build Time: 0.029108, Calc Time: 14.180402, reduction 0.265379
############################################
Predicted calcsPerSecond: 9096299129
SubGraph 0 Layer 9 Selecting RP 0 with Nodes: 1118 and calcs: 127399720333 :: Predicted time: 0.029108, Actual Time: 0.021074
Build Time: 0.021074, Calc Time: 14.005665, reduction 0.174737
############################################
Predicted calcsPerSecond: 9093171713
SubGraph 0 Layer 10 Selecting RP 8 with Nodes: 1366 and calcs: 125896598495 :: Predicted time: 0.021074, Actual Time: 0.053465
Build Time: 0.053465, Calc Time: 13.845180, reduction 0.160485
############################################
Predicted calcsPerSecond: 9092352249
SubGraph 0 Layer 11 Selecting RP 5 with Nodes: 1565 and calcs: 125172774401 :: Predicted time: 0.053465, Actual Time: 0.066713
Build Time: 0.066713, Calc Time: 13.766820, reduction 0.078360
############################################
Predicted calcsPerSecond: 9046449702
SubGraph 0 Layer 12 Selecting RP 4 with Nodes: 1884 and calcs: 124075306519 :: Predicted time: 0.066713, Actual Time: 0.082945
Build Time: 0.082945, Calc Time: 13.715359, reduction 0.051461
############################################
Final graph has 1884 nodes, 124075306519 calcs total
Node Construct time: 1.161330
Batchs: 2
Total results Set Size: 207932133 
Node Laucnher time: 5.484070
Total Time: 5.954734

Time to read in file: 0.083121

Number points: 515345 
Number Dimensions: 90 
Number Concurent Streams: 2
Block Size: 256, Kernel Blocks: 1024
Using using binary searches
Distance Threshold: 0.008575 
*********************************

Predicted calcsPerSecond: 9065944649
SubGraph 0 Layer 0 Selecting RP 1 with Nodes: 18 and calcs: 191503325863 :: Predicted time: 0.000000, Actual Time: 0.014393
Build Time: 0.014393, Calc Time: 21.123372, reduction -21.123372
############################################
Predicted calcsPerSecond: 9084964716
SubGraph 0 Layer 1 Selecting RP 1 with Nodes: 58 and calcs: 171337397771 :: Predicted time: 0.014393, Actual Time: 0.033731
Build Time: 0.033731, Calc Time: 18.859446, reduction 2.263927
############################################
Predicted calcsPerSecond: 9106830416
SubGraph 0 Layer 2 Selecting RP 1 with Nodes: 105 and calcs: 162079090077 :: Predicted time: 0.033731, Actual Time: 0.015505
Build Time: 0.015505, Calc Time: 17.797530, reduction 1.061915
############################################
Predicted calcsPerSecond: 9108509015
SubGraph 0 Layer 3 Selecting RP 1 with Nodes: 170 and calcs: 153617511199 :: Predicted time: 0.015505, Actual Time: 0.013574
Build Time: 0.013574, Calc Time: 16.865275, reduction 0.932255
############################################
Predicted calcsPerSecond: 9102283465
SubGraph 0 Layer 4 Selecting RP 7 with Nodes: 254 and calcs: 148977654501 :: Predicted time: 0.013574, Actual Time: 0.020700
Build Time: 0.020700, Calc Time: 16.367064, reduction 0.498211
############################################
Predicted calcsPerSecond: 9087873664
SubGraph 0 Layer 5 Selecting RP 1 with Nodes: 390 and calcs: 143698129447 :: Predicted time: 0.020700, Actual Time: 0.014935
Build Time: 0.014935, Calc Time: 15.812074, reduction 0.554990
############################################
Predicted calcsPerSecond: 9095750425
SubGraph 0 Layer 6 Selecting RP 5 with Nodes: 516 and calcs: 141380708171 :: Predicted time: 0.014935, Actual Time: 0.016175
Build Time: 0.016175, Calc Time: 15.543600, reduction 0.268474
############################################
Predicted calcsPerSecond: 9095590940
SubGraph 0 Layer 7 Selecting RP 3 with Nodes: 709 and calcs: 139396701737 :: Predicted time: 0.016175, Actual Time: 0.020589
Build Time: 0.020589, Calc Time: 15.325744, reduction 0.217856
############################################
Predicted calcsPerSecond: 9085607036
SubGraph 0 Layer 8 Selecting RP 1 with Nodes: 852 and calcs: 137536270091 :: Predicted time: 0.020589, Actual Time: 0.024682
Build Time: 0.024682, Calc Time: 15.137818, reduction 0.187926
############################################
Predicted calcsPerSecond: 9091604508
SubGraph 0 Layer 9 Selecting RP 1 with Nodes: 997 and calcs: 135897534261 :: Predicted time: 0.024682, Actual Time: 0.027501
Build Time: 0.027501, Calc Time: 14.947585, reduction 0.190233
############################################
Predicted calcsPerSecond: 9103047650
SubGraph 0 Layer 10 Selecting RP 2 with Nodes: 1241 and calcs: 133826399615 :: Predicted time: 0.027501, Actual Time: 0.046555
Build Time: 0.046555, Calc Time: 14.701274, reduction 0.246311
############################################
Predicted calcsPerSecond: 9102471251
SubGraph 0 Layer 11 Selecting RP 2 with Nodes: 1430 and calcs: 133046250459 :: Predicted time: 0.046555, Actual Time: 0.062548
Build Time: 0.062548, Calc Time: 14.616498, reduction 0.084776
############################################
Predicted calcsPerSecond: 9090043357
SubGraph 0 Layer 12 Selecting RP 4 with Nodes: 1712 and calcs: 131919015945 :: Predicted time: 0.062548, Actual Time: 0.078250
Build Time: 0.078250, Calc Time: 14.512474, reduction 0.104024
############################################
Predicted calcsPerSecond: 9092092956
SubGraph 0 Layer 13 Selecting RP 2 with Nodes: 1936 and calcs: 131170941807 :: Predicted time: 0.078250, Actual Time: 0.110586
Build Time: 0.110586, Calc Time: 14.426925, reduction 0.085549
############################################
Final graph has 1936 nodes, 131170941807 calcs total
Node Construct time: 1.276043
Batchs: 2
Total results Set Size: 335507787 
Node Laucnher time: 6.589427
Total Time: 7.063649
Census____________________________________________________________
Census____________________________________________________________

Time to read in file: 1.966397

Number points: 2458285 
Number Dimensions: 68 
Number Concurent Streams: 2
Block Size: 256, Kernel Blocks: 1024
Using using binary searches
Distance Threshold: 0.001000 
*********************************

Predicted calcsPerSecond: 11998647666
SubGraph 0 Layer 0 Selecting RP 1 with Nodes: 226 and calcs: 267839562229 :: Predicted time: 0.000000, Actual Time: 0.129895
Build Time: 0.129895, Calc Time: 22.322479, reduction -22.322479
############################################
Predicted calcsPerSecond: 12013505329
SubGraph 0 Layer 1 Selecting RP 8 with Nodes: 5569 and calcs: 49684967055 :: Predicted time: 0.129895, Actual Time: 3.695135
Build Time: 3.695135, Calc Time: 4.135759, reduction 18.186720
############################################
Predicted calcsPerSecond: 12017400028
SubGraph 0 Layer 2 Selecting RP 0 with Nodes: 10186 and calcs: 28853311551 :: Predicted time: 3.695135, Actual Time: 0.111290
Build Time: 0.111290, Calc Time: 2.400961, reduction 1.734798
############################################
Predicted calcsPerSecond: 12017669622
SubGraph 0 Layer 3 Selecting RP 1 with Nodes: 10329 and calcs: 28500904977 :: Predicted time: 0.111290, Actual Time: 0.057540
Build Time: 0.057540, Calc Time: 2.371583, reduction 0.029378
############################################
Final graph has 10329 nodes, 28500904977 calcs total
Node Construct time: 1.940525
Batchs: 10
Total results Set Size: 55650567 
Node Laucnher time: 3.985375
Total Time: 5.708414

Time to read in file: 1.401669

Number points: 2458285 
Number Dimensions: 68 
Number Concurent Streams: 2
Block Size: 256, Kernel Blocks: 1024
Using using binary searches
Distance Threshold: 0.003250 
*********************************

Predicted calcsPerSecond: 12006949611
SubGraph 0 Layer 0 Selecting RP 1 with Nodes: 71 and calcs: 845568418799 :: Predicted time: 0.000000, Actual Time: 0.052383
Build Time: 0.052383, Calc Time: 70.423250, reduction -70.423250
############################################
Predicted calcsPerSecond: 12003300037
SubGraph 0 Layer 1 Selecting RP 8 with Nodes: 916 and calcs: 366799983833 :: Predicted time: 0.052383, Actual Time: 1.133430
Build Time: 1.133430, Calc Time: 30.558262, reduction 39.864989
############################################
Predicted calcsPerSecond: 12012293896
SubGraph 0 Layer 2 Selecting RP 2 with Nodes: 2374 and calcs: 235701471557 :: Predicted time: 1.133430, Actual Time: 0.155093
Build Time: 0.155093, Calc Time: 19.621687, reduction 10.936575
############################################
Predicted calcsPerSecond: 12019638397
SubGraph 0 Layer 3 Selecting RP 6 with Nodes: 4781 and calcs: 170667439095 :: Predicted time: 0.155093, Actual Time: 0.139603
Build Time: 0.139603, Calc Time: 14.199049, reduction 5.422638
############################################
Predicted calcsPerSecond: 12016815891
SubGraph 0 Layer 4 Selecting RP 6 with Nodes: 7493 and calcs: 134513642389 :: Predicted time: 0.139603, Actual Time: 0.144961
Build Time: 0.144961, Calc Time: 11.193784, reduction 3.005265
############################################
Predicted calcsPerSecond: 11991403686
SubGraph 0 Layer 5 Selecting RP 0 with Nodes: 8805 and calcs: 127565146105 :: Predicted time: 0.144961, Actual Time: 0.136738
Build Time: 0.136738, Calc Time: 10.638050, reduction 0.555735
############################################
Predicted calcsPerSecond: 11994595121
SubGraph 0 Layer 6 Selecting RP 8 with Nodes: 9523 and calcs: 125284874529 :: Predicted time: 0.136738, Actual Time: 0.182473
Build Time: 0.182473, Calc Time: 10.445111, reduction 0.192939
############################################
Predicted calcsPerSecond: 11990493969
SubGraph 0 Layer 7 Selecting RP 4 with Nodes: 10038 and calcs: 124029401459 :: Predicted time: 0.182473, Actual Time: 0.187943
Build Time: 0.187943, Calc Time: 10.343978, reduction 0.101133
############################################
Final graph has 10038 nodes, 124029401459 calcs total
Node Construct time: 4.187986
Batchs: 10
Total results Set Size: 55650567 
Node Laucnher time: 8.374885
Total Time: 10.079433

Time to read in file: 0.557512

Number points: 2458285 
Number Dimensions: 68 
Number Concurent Streams: 2
Block Size: 256, Kernel Blocks: 1024
Using using binary searches
Distance Threshold: 0.005500 
*********************************

Predicted calcsPerSecond: 12015784061
SubGraph 0 Layer 0 Selecting RP 1 with Nodes: 43 and calcs: 1364011199683 :: Predicted time: 0.000000, Actual Time: 0.038371
Build Time: 0.038371, Calc Time: 113.518285, reduction -113.518285
############################################
Predicted calcsPerSecond: 12014339384
SubGraph 0 Layer 1 Selecting RP 8 with Nodes: 380 and calcs: 818114099099 :: Predicted time: 0.038371, Actual Time: 0.622454
Build Time: 0.622454, Calc Time: 68.094805, reduction 45.423480
############################################
Predicted calcsPerSecond: 12013206846
SubGraph 0 Layer 2 Selecting RP 6 with Nodes: 942 and calcs: 650095939019 :: Predicted time: 0.622454, Actual Time: 0.101301
Build Time: 0.101301, Calc Time: 54.115104, reduction 13.979701
############################################
Predicted calcsPerSecond: 12021621562
SubGraph 0 Layer 3 Selecting RP 9 with Nodes: 2062 and calcs: 528238697975 :: Predicted time: 0.101301, Actual Time: 0.094438
Build Time: 0.094438, Calc Time: 43.940719, reduction 10.174385
############################################
Predicted calcsPerSecond: 12005154612
SubGraph 0 Layer 4 Selecting RP 6 with Nodes: 3912 and calcs: 425410316367 :: Predicted time: 0.094438, Actual Time: 0.137768
Build Time: 0.137768, Calc Time: 35.435638, reduction 8.505081
############################################
Predicted calcsPerSecond: 12015958110
SubGraph 0 Layer 5 Selecting RP 3 with Nodes: 5775 and calcs: 381098875077 :: Predicted time: 0.137768, Actual Time: 0.235022
Build Time: 0.235022, Calc Time: 31.716062, reduction 3.719576
############################################
Predicted calcsPerSecond: 12015999439
SubGraph 0 Layer 6 Selecting RP 8 with Nodes: 7582 and calcs: 358264609455 :: Predicted time: 0.235022, Actual Time: 0.370899
Build Time: 0.370899, Calc Time: 29.815631, reduction 1.900431
############################################
Predicted calcsPerSecond: 12016997694
SubGraph 0 Layer 7 Selecting RP 4 with Nodes: 9647 and calcs: 338486210573 :: Predicted time: 0.370899, Actual Time: 0.595179
Build Time: 0.595179, Calc Time: 28.167286, reduction 1.648345
############################################
Predicted calcsPerSecond: 12011326288
SubGraph 0 Layer 8 Selecting RP 3 with Nodes: 11197 and calcs: 329064452405 :: Predicted time: 0.595179, Actual Time: 0.947245
Build Time: 0.947245, Calc Time: 27.396180, reduction 0.771106
############################################
Final graph has 11197 nodes, 329064452405 calcs total
Node Construct time: 5.830604
Batchs: 10
Total results Set Size: 311087687 
Node Laucnher time: 17.578021
Total Time: 19.280964
Wave __________________________________________________
Wave __________________________________________________

Time to read in file: 0.087625

Number points: 287999 
Number Dimensions: 49 
Number Concurent Streams: 2
Block Size: 256, Kernel Blocks: 1024
Using using binary searches
Distance Threshold: 0.002000 
*********************************

Predicted calcsPerSecond: 14048690836
SubGraph 0 Layer 0 Selecting RP 1 with Nodes: 38 and calcs: 18610355839 :: Predicted time: 0.000000, Actual Time: 0.020435
Build Time: 0.020435, Calc Time: 1.324704, reduction -1.324704
############################################
Predicted calcsPerSecond: 14199167439
SubGraph 0 Layer 1 Selecting RP 2 with Nodes: 150 and calcs: 14133410059 :: Predicted time: 0.020435, Actual Time: 0.045771
Build Time: 0.045771, Calc Time: 0.995369, reduction 0.329335
############################################
Predicted calcsPerSecond: 14246575978
SubGraph 0 Layer 2 Selecting RP 7 with Nodes: 215 and calcs: 12933587453 :: Predicted time: 0.045771, Actual Time: 0.006285
Build Time: 0.006285, Calc Time: 0.907838, reduction 0.087531
############################################
Predicted calcsPerSecond: 14291414727
SubGraph 0 Layer 3 Selecting RP 1 with Nodes: 304 and calcs: 11880589041 :: Predicted time: 0.006285, Actual Time: 0.006376
Build Time: 0.006376, Calc Time: 0.831310, reduction 0.076529
############################################
Predicted calcsPerSecond: 14331444880
SubGraph 0 Layer 4 Selecting RP 1 with Nodes: 392 and calcs: 11386496769 :: Predicted time: 0.006376, Actual Time: 0.006711
Build Time: 0.006711, Calc Time: 0.794511, reduction 0.036798
############################################
Predicted calcsPerSecond: 14352691012
SubGraph 0 Layer 5 Selecting RP 2 with Nodes: 484 and calcs: 11118774167 :: Predicted time: 0.006711, Actual Time: 0.007286
Build Time: 0.007286, Calc Time: 0.774682, reduction 0.019829
############################################
Predicted calcsPerSecond: 14380034650
SubGraph 0 Layer 6 Selecting RP 6 with Nodes: 542 and calcs: 10977666711 :: Predicted time: 0.007286, Actual Time: 0.007253
Build Time: 0.007253, Calc Time: 0.763396, reduction 0.011286
############################################
Predicted calcsPerSecond: 14392472075
SubGraph 0 Layer 7 Selecting RP 2 with Nodes: 576 and calcs: 10903610643 :: Predicted time: 0.007253, Actual Time: 0.005861
Build Time: 0.005861, Calc Time: 0.757591, reduction 0.005805
############################################
Final graph has 576 nodes, 10903610643 calcs total
Node Construct time: 0.317144
Batchs: 2
Total results Set Size: 11651957 
Node Laucnher time: 0.523172
Total Time: 0.652846

Time to read in file: 0.037691

Number points: 287999 
Number Dimensions: 49 
Number Concurent Streams: 2
Block Size: 256, Kernel Blocks: 1024
Using using binary searches
Distance Threshold: 0.003250 
*********************************

Predicted calcsPerSecond: 13999143109
SubGraph 0 Layer 0 Selecting RP 1 with Nodes: 25 and calcs: 27540420945 :: Predicted time: 0.000000, Actual Time: 0.013940
Build Time: 0.013940, Calc Time: 1.967293, reduction -1.967293
############################################
Predicted calcsPerSecond: 14146162686
SubGraph 0 Layer 1 Selecting RP 2 with Nodes: 87 and calcs: 23345563191 :: Predicted time: 0.013940, Actual Time: 0.031433
Build Time: 0.031433, Calc Time: 1.650311, reduction 0.316983
############################################
Predicted calcsPerSecond: 14244784629
SubGraph 0 Layer 2 Selecting RP 1 with Nodes: 168 and calcs: 21381588217 :: Predicted time: 0.031433, Actual Time: 0.007133
Build Time: 0.007133, Calc Time: 1.501012, reduction 0.149299
############################################
Predicted calcsPerSecond: 14300904693
SubGraph 0 Layer 3 Selecting RP 1 with Nodes: 222 and calcs: 20136871299 :: Predicted time: 0.007133, Actual Time: 0.005507
Build Time: 0.005507, Calc Time: 1.408084, reduction 0.092928
############################################
Predicted calcsPerSecond: 14350590454
SubGraph 0 Layer 4 Selecting RP 1 with Nodes: 268 and calcs: 19473300895 :: Predicted time: 0.005507, Actual Time: 0.005427
Build Time: 0.005427, Calc Time: 1.356969, reduction 0.051115
############################################
Predicted calcsPerSecond: 14364316497
SubGraph 0 Layer 5 Selecting RP 1 with Nodes: 330 and calcs: 18972189179 :: Predicted time: 0.005427, Actual Time: 0.005916
Build Time: 0.005916, Calc Time: 1.320786, reduction 0.036183
############################################
Predicted calcsPerSecond: 14343192330
SubGraph 0 Layer 6 Selecting RP 1 with Nodes: 399 and calcs: 18572642983 :: Predicted time: 0.005916, Actual Time: 0.006906
Build Time: 0.006906, Calc Time: 1.294875, reduction 0.025911
############################################
Predicted calcsPerSecond: 14352463695
SubGraph 0 Layer 7 Selecting RP 1 with Nodes: 484 and calcs: 18269442773 :: Predicted time: 0.006906, Actual Time: 0.008263
Build Time: 0.008263, Calc Time: 1.272913, reduction 0.021962
############################################
Predicted calcsPerSecond: 14374973982
SubGraph 0 Layer 8 Selecting RP 1 with Nodes: 558 and calcs: 17998124983 :: Predicted time: 0.008263, Actual Time: 0.010847
Build Time: 0.010847, Calc Time: 1.252046, reduction 0.020868
############################################
Predicted calcsPerSecond: 14341593757
SubGraph 0 Layer 9 Selecting RP 3 with Nodes: 635 and calcs: 17878180011 :: Predicted time: 0.010847, Actual Time: 0.009894
Build Time: 0.009894, Calc Time: 1.246596, reduction 0.005449
############################################
Final graph has 635 nodes, 17878180011 calcs total
Node Construct time: 0.367464
Batchs: 2
Total results Set Size: 27340089 
Node Laucnher time: 0.675781
Total Time: 0.812445

Time to read in file: 0.034943

Number points: 287999 
Number Dimensions: 49 
Number Concurent Streams: 2
Block Size: 256, Kernel Blocks: 1024
Using using binary searches
Distance Threshold: 0.004500 
*********************************

Predicted calcsPerSecond: 14121750142
SubGraph 0 Layer 0 Selecting RP 3 with Nodes: 17 and calcs: 34895868125 :: Predicted time: 0.000000, Actual Time: 0.009928
Build Time: 0.009928, Calc Time: 2.471072, reduction -2.471072
############################################
Predicted calcsPerSecond: 14192064010
SubGraph 0 Layer 1 Selecting RP 2 with Nodes: 52 and calcs: 30838039823 :: Predicted time: 0.009928, Actual Time: 0.023041
Build Time: 0.023041, Calc Time: 2.172907, reduction 0.298165
############################################
Predicted calcsPerSecond: 14210280678
SubGraph 0 Layer 2 Selecting RP 5 with Nodes: 96 and calcs: 28830936055 :: Predicted time: 0.023041, Actual Time: 0.006651
Build Time: 0.006651, Calc Time: 2.028879, reduction 0.144029
############################################
Predicted calcsPerSecond: 14191177190
SubGraph 0 Layer 3 Selecting RP 2 with Nodes: 157 and calcs: 27454889763 :: Predicted time: 0.006651, Actual Time: 0.006069
Build Time: 0.006069, Calc Time: 1.934645, reduction 0.094234
############################################
Predicted calcsPerSecond: 14218951280
SubGraph 0 Layer 4 Selecting RP 1 with Nodes: 211 and calcs: 26532268545 :: Predicted time: 0.006069, Actual Time: 0.004994
Build Time: 0.004994, Calc Time: 1.865979, reduction 0.068666
############################################
Predicted calcsPerSecond: 14216187152
SubGraph 0 Layer 5 Selecting RP 3 with Nodes: 261 and calcs: 26051948835 :: Predicted time: 0.004994, Actual Time: 0.005525
Build Time: 0.005525, Calc Time: 1.832555, reduction 0.033424
############################################
Predicted calcsPerSecond: 14222844983
SubGraph 0 Layer 6 Selecting RP 1 with Nodes: 313 and calcs: 25634393389 :: Predicted time: 0.005525, Actual Time: 0.005832
Build Time: 0.005832, Calc Time: 1.802339, reduction 0.030216
############################################
Predicted calcsPerSecond: 14235195423
SubGraph 0 Layer 7 Selecting RP 1 with Nodes: 355 and calcs: 25192282569 :: Predicted time: 0.005832, Actual Time: 0.006045
Build Time: 0.006045, Calc Time: 1.769718, reduction 0.032621
############################################
Predicted calcsPerSecond: 14223905606
SubGraph 0 Layer 8 Selecting RP 2 with Nodes: 418 and calcs: 24877663803 :: Predicted time: 0.006045, Actual Time: 0.006585
Build Time: 0.006585, Calc Time: 1.749004, reduction 0.020714
############################################
Predicted calcsPerSecond: 14222126108
SubGraph 0 Layer 9 Selecting RP 3 with Nodes: 485 and calcs: 24682058995 :: Predicted time: 0.006585, Actual Time: 0.008653
Build Time: 0.008653, Calc Time: 1.735469, reduction 0.013535
############################################
Predicted calcsPerSecond: 14249389198
SubGraph 0 Layer 10 Selecting RP 2 with Nodes: 566 and calcs: 24496083547 :: Predicted time: 0.008653, Actual Time: 0.011553
Build Time: 0.011553, Calc Time: 1.719097, reduction 0.016372
############################################
Predicted calcsPerSecond: 14258362892
SubGraph 0 Layer 11 Selecting RP 2 with Nodes: 626 and calcs: 24343736929 :: Predicted time: 0.011553, Actual Time: 0.012502
Build Time: 0.012502, Calc Time: 1.707330, reduction 0.011767
############################################
Final graph has 626 nodes, 24343736929 calcs total
Node Construct time: 0.430449
Batchs: 2
Total results Set Size: 47254879 
Node Laucnher time: 0.908331
Total Time: 1.033020

Time to read in file: 0.033191

Number points: 287999 
Number Dimensions: 49 
Number Concurent Streams: 2
Block Size: 256, Kernel Blocks: 1024
Using using binary searches
Distance Threshold: 0.005750 
*********************************

Predicted calcsPerSecond: 14013956629
SubGraph 0 Layer 0 Selecting RP 6 with Nodes: 15 and calcs: 40034425453 :: Predicted time: 0.000000, Actual Time: 0.008939
Build Time: 0.008939, Calc Time: 2.856754, reduction -2.856754
############################################
Predicted calcsPerSecond: 14191482811
SubGraph 0 Layer 1 Selecting RP 4 with Nodes: 36 and calcs: 36485535735 :: Predicted time: 0.008939, Actual Time: 0.014808
Build Time: 0.014808, Calc Time: 2.570946, reduction 0.285808
############################################
Predicted calcsPerSecond: 14246494653
SubGraph 0 Layer 2 Selecting RP 4 with Nodes: 64 and calcs: 35059788465 :: Predicted time: 0.014808, Actual Time: 0.006851
Build Time: 0.006851, Calc Time: 2.460941, reduction 0.110005
############################################
Predicted calcsPerSecond: 14268312226
SubGraph 0 Layer 3 Selecting RP 6 with Nodes: 108 and calcs: 33996926329 :: Predicted time: 0.006851, Actual Time: 0.005764
Build Time: 0.005764, Calc Time: 2.382687, reduction 0.078254
############################################
Predicted calcsPerSecond: 14300140057
SubGraph 0 Layer 4 Selecting RP 1 with Nodes: 164 and calcs: 33053360959 :: Predicted time: 0.005764, Actual Time: 0.005990
Build Time: 0.005990, Calc Time: 2.311401, reduction 0.071286
############################################
Predicted calcsPerSecond: 14325096573
SubGraph 0 Layer 5 Selecting RP 4 with Nodes: 220 and calcs: 32293817869 :: Predicted time: 0.005990, Actual Time: 0.005740
Build Time: 0.005740, Calc Time: 2.254353, reduction 0.057049
############################################
Predicted calcsPerSecond: 14315893795
SubGraph 0 Layer 6 Selecting RP 1 with Nodes: 265 and calcs: 31765613457 :: Predicted time: 0.005740, Actual Time: 0.005385
Build Time: 0.005385, Calc Time: 2.218905, reduction 0.035447
############################################
Predicted calcsPerSecond: 14329854530
SubGraph 0 Layer 7 Selecting RP 2 with Nodes: 310 and calcs: 31387352775 :: Predicted time: 0.005385, Actual Time: 0.004349
Build Time: 0.004349, Calc Time: 2.190347, reduction 0.028558
############################################
Predicted calcsPerSecond: 14328003995
SubGraph 0 Layer 8 Selecting RP 1 with Nodes: 363 and calcs: 31015328147 :: Predicted time: 0.004349, Actual Time: 0.005980
Build Time: 0.005980, Calc Time: 2.164665, reduction 0.025682
############################################
Predicted calcsPerSecond: 14348401576
SubGraph 0 Layer 9 Selecting RP 4 with Nodes: 386 and calcs: 30703110237 :: Predicted time: 0.005980, Actual Time: 0.004960
Build Time: 0.004960, Calc Time: 2.139828, reduction 0.024837
############################################
Predicted calcsPerSecond: 14307819712
SubGraph 0 Layer 10 Selecting RP 3 with Nodes: 424 and calcs: 30474749757 :: Predicted time: 0.004960, Actual Time: 0.005825
Build Time: 0.005825, Calc Time: 2.129937, reduction 0.009891
############################################
Predicted calcsPerSecond: 14325869765
SubGraph 0 Layer 11 Selecting RP 3 with Nodes: 476 and calcs: 30263695755 :: Predicted time: 0.005825, Actual Time: 0.007488
Build Time: 0.007488, Calc Time: 2.112521, reduction 0.017416
############################################
Predicted calcsPerSecond: 14339500487
SubGraph 0 Layer 12 Selecting RP 1 with Nodes: 530 and calcs: 29985011037 :: Predicted time: 0.007488, Actual Time: 0.008549
Build Time: 0.008549, Calc Time: 2.091078, reduction 0.021443
############################################
Predicted calcsPerSecond: 14320760978
SubGraph 0 Layer 13 Selecting RP 9 with Nodes: 600 and calcs: 29861024347 :: Predicted time: 0.008549, Actual Time: 0.010654
Build Time: 0.010654, Calc Time: 2.085156, reduction 0.005922
############################################
Final graph has 600 nodes, 29861024347 calcs total
Node Construct time: 0.553641
Batchs: 2
Total results Set Size: 93070851 
Node Laucnher time: 1.386153
Total Time: 1.525084

Time to read in file: 0.034108

Number points: 287999 
Number Dimensions: 49 
Number Concurent Streams: 2
Block Size: 256, Kernel Blocks: 1024
Using using binary searches
Distance Threshold: 0.007000 
*********************************

Predicted calcsPerSecond: 14155623477
SubGraph 0 Layer 0 Selecting RP 3 with Nodes: 13 and calcs: 43968382041 :: Predicted time: 0.000000, Actual Time: 0.007924
Build Time: 0.007924, Calc Time: 3.106072, reduction -3.106072
############################################
Predicted calcsPerSecond: 14278723492
SubGraph 0 Layer 1 Selecting RP 6 with Nodes: 32 and calcs: 41506087741 :: Predicted time: 0.007924, Actual Time: 0.015011
Build Time: 0.015011, Calc Time: 2.906849, reduction 0.199223
############################################
Predicted calcsPerSecond: 14328748329
SubGraph 0 Layer 2 Selecting RP 5 with Nodes: 63 and calcs: 39746059499 :: Predicted time: 0.015011, Actual Time: 0.006314
Build Time: 0.006314, Calc Time: 2.773868, reduction 0.132980
############################################
Predicted calcsPerSecond: 14338734860
SubGraph 0 Layer 3 Selecting RP 6 with Nodes: 96 and calcs: 38816859959 :: Predicted time: 0.006314, Actual Time: 0.005655
Build Time: 0.005655, Calc Time: 2.707133, reduction 0.066735
############################################
Predicted calcsPerSecond: 14373315491
SubGraph 0 Layer 4 Selecting RP 5 with Nodes: 147 and calcs: 38097259923 :: Predicted time: 0.005655, Actual Time: 0.005625
Build Time: 0.005625, Calc Time: 2.650555, reduction 0.056578
############################################
Predicted calcsPerSecond: 14380665268
SubGraph 0 Layer 5 Selecting RP 3 with Nodes: 184 and calcs: 37558645459 :: Predicted time: 0.005625, Actual Time: 0.004541
Build Time: 0.004541, Calc Time: 2.611746, reduction 0.038809
############################################
Predicted calcsPerSecond: 14398569914
SubGraph 0 Layer 6 Selecting RP 1 with Nodes: 235 and calcs: 36915363819 :: Predicted time: 0.004541, Actual Time: 0.005421
Build Time: 0.005421, Calc Time: 2.563822, reduction 0.047924
############################################
Predicted calcsPerSecond: 14392472510
SubGraph 0 Layer 7 Selecting RP 1 with Nodes: 282 and calcs: 36538113321 :: Predicted time: 0.005421, Actual Time: 0.005755
Build Time: 0.005755, Calc Time: 2.538696, reduction 0.025125
############################################
Predicted calcsPerSecond: 14399879851
SubGraph 0 Layer 8 Selecting RP 3 with Nodes: 316 and calcs: 36233727363 :: Predicted time: 0.005755, Actual Time: 0.004795
Build Time: 0.004795, Calc Time: 2.516252, reduction 0.022444
############################################
Predicted calcsPerSecond: 14384134445
SubGraph 0 Layer 9 Selecting RP 3 with Nodes: 361 and calcs: 35998401051 :: Predicted time: 0.004795, Actual Time: 0.005904
Build Time: 0.005904, Calc Time: 2.502646, reduction 0.013606
############################################
Predicted calcsPerSecond: 14372929988
SubGraph 0 Layer 10 Selecting RP 2 with Nodes: 421 and calcs: 35781252667 :: Predicted time: 0.005904, Actual Time: 0.007674
Build Time: 0.007674, Calc Time: 2.489489, reduction 0.013157
############################################
Predicted calcsPerSecond: 14360010193
SubGraph 0 Layer 11 Selecting RP 2 with Nodes: 480 and calcs: 35576042543 :: Predicted time: 0.007674, Actual Time: 0.009201
Build Time: 0.009201, Calc Time: 2.477439, reduction 0.012051
############################################
Predicted calcsPerSecond: 14376174600
SubGraph 0 Layer 12 Selecting RP 1 with Nodes: 549 and calcs: 35311801559 :: Predicted time: 0.009201, Actual Time: 0.010172
Build Time: 0.010172, Calc Time: 2.456272, reduction 0.021166
############################################
Predicted calcsPerSecond: 14370439202
SubGraph 0 Layer 13 Selecting RP 1 with Nodes: 586 and calcs: 35101001357 :: Predicted time: 0.010172, Actual Time: 0.011255
Build Time: 0.011255, Calc Time: 2.442584, reduction 0.013689
############################################
Predicted calcsPerSecond: 14387417938
SubGraph 0 Layer 14 Selecting RP 1 with Nodes: 655 and calcs: 34849457155 :: Predicted time: 0.011255, Actual Time: 0.012245
Build Time: 0.012245, Calc Time: 2.422218, reduction 0.020366
############################################
Predicted calcsPerSecond: 14370426850
SubGraph 0 Layer 15 Selecting RP 2 with Nodes: 697 and calcs: 34663684381 :: Predicted time: 0.012245, Actual Time: 0.013843
Build Time: 0.013843, Calc Time: 2.412154, reduction 0.010063
############################################
Final graph has 697 nodes, 34663684381 calcs total
Node Construct time: 0.494021
Batchs: 2
Total results Set Size: 290127035 
Node Laucnher time: 2.313617
Total Time: 2.438120
BIGCROSS____________________________________________________________
BIGCROSS____________________________________________________________

Time to read in file: 12.571420

Number points: 11620300 
Number Dimensions: 57 
Number Concurent Streams: 2
Block Size: 256, Kernel Blocks: 1024
Using using binary searches
Distance Threshold: 0.001000 
*********************************

Predicted calcsPerSecond: 12389562070
SubGraph 0 Layer 0 Selecting RP 1 with Nodes: 284 and calcs: 2218851098970 :: Predicted time: 0.000000, Actual Time: 0.212811
Build Time: 0.212811, Calc Time: 179.090357, reduction -179.090357
############################################
Predicted calcsPerSecond: 12386226221
SubGraph 0 Layer 1 Selecting RP 9 with Nodes: 12804 and calcs: 199240449126 :: Predicted time: 0.212811, Actual Time: 30.420788
Build Time: 30.420788, Calc Time: 16.085646, reduction 163.004711
############################################
Predicted calcsPerSecond: 12388786472
SubGraph 0 Layer 2 Selecting RP 0 with Nodes: 56603 and calcs: 120929213754 :: Predicted time: 30.420788, Actual Time: 2.265514
Build Time: 2.265514, Calc Time: 9.761183, reduction 6.324463
############################################
Predicted calcsPerSecond: 12384658402
SubGraph 0 Layer 3 Selecting RP 0 with Nodes: 56603 and calcs: 120929213754 :: Predicted time: 2.265514, Actual Time: 0.462525
Build Time: 0.462525, Calc Time: 9.764437, reduction -0.003254
############################################
Final graph has 56603 nodes, 120929213754 calcs total
Node Construct time: 10.428335
Batchs: 45
Total results Set Size: 41137474 
Node Laucnher time: 16.338765
Total Time: 22.912923

Time to read in file: 11.494318

Number points: 11620300 
Number Dimensions: 57 
Number Concurent Streams: 2
Block Size: 256, Kernel Blocks: 1024
Using using binary searches
Distance Threshold: 0.005750 
*********************************

Predicted calcsPerSecond: 12372915791
SubGraph 0 Layer 0 Selecting RP 1 with Nodes: 50 and calcs: 12707374244866 :: Predicted time: 0.000000, Actual Time: 0.095906
Build Time: 0.095906, Calc Time: 1027.031498, reduction -1027.031498
############################################
Predicted calcsPerSecond: 12377659457
SubGraph 0 Layer 1 Selecting RP 9 with Nodes: 491 and calcs: 5686280490162 :: Predicted time: 0.095906, Actual Time: 4.434255
Build Time: 4.434255, Calc Time: 459.398686, reduction 567.632812
############################################
Predicted calcsPerSecond: 12377055382
SubGraph 0 Layer 2 Selecting RP 0 with Nodes: 3403 and calcs: 2813104710430 :: Predicted time: 4.434255, Actual Time: 1.371752
Build Time: 1.371752, Calc Time: 227.283843, reduction 232.114843
############################################
Predicted calcsPerSecond: 12376059825
SubGraph 0 Layer 3 Selecting RP 7 with Nodes: 7685 and calcs: 2275045131178 :: Predicted time: 1.371752, Actual Time: 0.538607
Build Time: 0.538607, Calc Time: 183.826287, reduction 43.457555
############################################
Predicted calcsPerSecond: 12378880415
SubGraph 0 Layer 4 Selecting RP 0 with Nodes: 14791 and calcs: 1618859620100 :: Predicted time: 0.538607, Actual Time: 0.785682
Build Time: 0.785682, Calc Time: 130.775932, reduction 53.050356
############################################
Predicted calcsPerSecond: 12378294683
SubGraph 0 Layer 5 Selecting RP 4 with Nodes: 29122 and calcs: 1173221806090 :: Predicted time: 0.785682, Actual Time: 2.524158
Build Time: 2.524158, Calc Time: 94.780568, reduction 35.995363
############################################
Predicted calcsPerSecond: 12379420196
SubGraph 0 Layer 6 Selecting RP 1 with Nodes: 39126 and calcs: 1014566290784 :: Predicted time: 2.524158, Actual Time: 2.691763
Build Time: 2.691763, Calc Time: 81.955881, reduction 12.824687
############################################
Predicted calcsPerSecond: 12378417633
SubGraph 0 Layer 7 Selecting RP 6 with Nodes: 43764 and calcs: 992052523520 :: Predicted time: 2.691763, Actual Time: 3.122746
Build Time: 3.122746, Calc Time: 80.143727, reduction 1.812154
############################################
Final graph has 43764 nodes, 992052523520 calcs total
Node Construct time: 24.650568
Batchs: 45
Total results Set Size: 539888914 
Node Laucnher time: 38.184059
Total Time: 44.720544

Time to read in file: 11.438477

Number points: 11620300 
Number Dimensions: 57 
Number Concurent Streams: 2
Block Size: 256, Kernel Blocks: 1024
Using using binary searches
Distance Threshold: 0.010500 
*********************************

Predicted calcsPerSecond: 12370453064
SubGraph 0 Layer 0 Selecting RP 1 with Nodes: 28 and calcs: 23026901662088 :: Predicted time: 0.000000, Actual Time: 0.084920
Build Time: 0.084920, Calc Time: 1861.443679, reduction -1861.443679
############################################
Predicted calcsPerSecond: 12377833788
SubGraph 0 Layer 1 Selecting RP 9 with Nodes: 171 and calcs: 15137745540152 :: Predicted time: 0.084920, Actual Time: 1.687284
Build Time: 1.687284, Calc Time: 1222.972113, reduction 638.471566
############################################
Predicted calcsPerSecond: 12376142355
SubGraph 0 Layer 2 Selecting RP 0 with Nodes: 823 and calcs: 10665352954338 :: Predicted time: 1.687284, Actual Time: 0.902665
Build Time: 0.902665, Calc Time: 861.767152, reduction 361.204960
############################################
Predicted calcsPerSecond: 12381437102
SubGraph 0 Layer 3 Selecting RP 7 with Nodes: 1842 and calcs: 9277529000604 :: Predicted time: 0.902665, Actual Time: 0.542386
Build Time: 0.542386, Calc Time: 749.309545, reduction 112.457607
############################################
Predicted calcsPerSecond: 12383847092
SubGraph 0 Layer 4 Selecting RP 0 with Nodes: 4074 and calcs: 6944932139770 :: Predicted time: 0.542386, Actual Time: 0.435257
Build Time: 0.435257, Calc Time: 560.805708, reduction 188.503837
############################################
Predicted calcsPerSecond: 12386483871
SubGraph 0 Layer 5 Selecting RP 4 with Nodes: 8637 and calcs: 5842543402050 :: Predicted time: 0.435257, Actual Time: 0.671570
Build Time: 0.671570, Calc Time: 471.686999, reduction 89.118710
############################################
Predicted calcsPerSecond: 12386005153
SubGraph 0 Layer 6 Selecting RP 1 with Nodes: 15136 and calcs: 4685296243906 :: Predicted time: 0.671570, Actual Time: 2.554601
Build Time: 2.554601, Calc Time: 378.273397, reduction 93.413602
############################################
Predicted calcsPerSecond: 12390215185
SubGraph 0 Layer 7 Selecting RP 6 with Nodes: 21116 and calcs: 4418819402866 :: Predicted time: 2.554601, Actual Time: 2.639202
Build Time: 2.639202, Calc Time: 356.637826, reduction 21.635571
############################################
Predicted calcsPerSecond: 12388819649
SubGraph 0 Layer 8 Selecting RP 0 with Nodes: 29185 and calcs: 4029409608102 :: Predicted time: 2.639202, Actual Time: 2.079164
Build Time: 2.079164, Calc Time: 325.245643, reduction 31.392183
############################################
Predicted calcsPerSecond: 12383313662
SubGraph 0 Layer 9 Selecting RP 0 with Nodes: 37530 and calcs: 3785327975158 :: Predicted time: 2.079164, Actual Time: 3.206171
Build Time: 3.206171, Calc Time: 305.679730, reduction 19.565913
############################################
Predicted calcsPerSecond: 12381577307
SubGraph 0 Layer 10 Selecting RP 1 with Nodes: 47296 and calcs: 3638626014826 :: Predicted time: 3.206171, Actual Time: 8.150343
Build Time: 8.150343, Calc Time: 293.874191, reduction 11.805539
############################################
Predicted calcsPerSecond: 12372400295
SubGraph 0 Layer 11 Selecting RP 0 with Nodes: 57751 and calcs: 3445324284390 :: Predicted time: 8.150343, Actual Time: 6.265877
Build Time: 6.265877, Calc Time: 278.468543, reduction 15.405648
############################################
Predicted calcsPerSecond: 12379068116
SubGraph 0 Layer 12 Selecting RP 0 with Nodes: 66094 and calcs: 3359504873684 :: Predicted time: 6.265877, Actual Time: 8.176094
Build Time: 8.176094, Calc Time: 271.385927, reduction 7.082616
############################################
Final graph has 66094 nodes, 3359504873684 calcs total
Node Construct time: 67.262868
Batchs: 45
Total results Set Size: 1686078098 
Node Laucnher time: 100.423402
Total Time: 106.957961

Time to read in file: 11.405501

Number points: 11620300 
Number Dimensions: 57 
Number Concurent Streams: 2
Block Size: 256, Kernel Blocks: 1024
Using using binary searches
Distance Threshold: 0.015250 
*********************************

Predicted calcsPerSecond: 12382815985
SubGraph 0 Layer 0 Selecting RP 1 with Nodes: 19 and calcs: 33074580959368 :: Predicted time: 0.000000, Actual Time: 0.080349
Build Time: 0.080349, Calc Time: 2671.006417, reduction -2671.006417
############################################
Predicted calcsPerSecond: 12382151451
SubGraph 0 Layer 1 Selecting RP 9 with Nodes: 95 and calcs: 25399610622444 :: Predicted time: 0.080349, Actual Time: 1.474014
Build Time: 1.474014, Calc Time: 2051.308347, reduction 619.698070
############################################
Predicted calcsPerSecond: 12388639544
SubGraph 0 Layer 2 Selecting RP 0 with Nodes: 355 and calcs: 20820491874220 :: Predicted time: 1.474014, Actual Time: 0.804122
Build Time: 0.804122, Calc Time: 1680.611644, reduction 370.696703
############################################
Predicted calcsPerSecond: 12390714402
SubGraph 0 Layer 3 Selecting RP 2 with Nodes: 748 and calcs: 18481532606976 :: Predicted time: 0.804122, Actual Time: 0.588026
Build Time: 0.588026, Calc Time: 1491.563118, reduction 189.048526
############################################
Predicted calcsPerSecond: 12391141525
SubGraph 0 Layer 4 Selecting RP 0 with Nodes: 1684 and calcs: 14529927649062 :: Predicted time: 0.588026, Actual Time: 0.683827
Build Time: 0.683827, Calc Time: 1172.606061, reduction 318.957057
############################################
Predicted calcsPerSecond: 12390662520
SubGraph 0 Layer 5 Selecting RP 2 with Nodes: 3058 and calcs: 13340423302278 :: Predicted time: 0.683827, Actual Time: 0.831169
Build Time: 0.831169, Calc Time: 1076.651332, reduction 95.954729
############################################
Predicted calcsPerSecond: 12382473169
SubGraph 0 Layer 6 Selecting RP 1 with Nodes: 4948 and calcs: 11895957726760 :: Predicted time: 0.831169, Actual Time: 0.552570
Build Time: 0.552570, Calc Time: 960.709348, reduction 115.941984
############################################
Predicted calcsPerSecond: 12386217078
SubGraph 0 Layer 7 Selecting RP 6 with Nodes: 7624 and calcs: 11318627801790 :: Predicted time: 0.552570, Actual Time: 1.155721
Build Time: 1.155721, Calc Time: 913.808286, reduction 46.901062
############################################
Predicted calcsPerSecond: 12385293222
SubGraph 0 Layer 8 Selecting RP 0 with Nodes: 11647 and calcs: 10530533676306 :: Predicted time: 1.155721, Actual Time: 1.247804
Build Time: 1.247804, Calc Time: 850.245003, reduction 63.563283
############################################
Predicted calcsPerSecond: 12390928917
SubGraph 0 Layer 9 Selecting RP 4 with Nodes: 14967 and calcs: 10087249078888 :: Predicted time: 1.247804, Actual Time: 1.914547
Build Time: 1.914547, Calc Time: 814.083363, reduction 36.161641
############################################
Predicted calcsPerSecond: 12387121098
SubGraph 0 Layer 10 Selecting RP 1 with Nodes: 20076 and calcs: 9760642083300 :: Predicted time: 1.914547, Actual Time: 2.700624
Build Time: 2.700624, Calc Time: 787.966954, reduction 26.116408
############################################
Predicted calcsPerSecond: 12388181529
SubGraph 0 Layer 11 Selecting RP 0 with Nodes: 27419 and calcs: 9175555938690 :: Predicted time: 2.700624, Actual Time: 3.256032
Build Time: 3.256032, Calc Time: 740.670123, reduction 47.296831
############################################
Predicted calcsPerSecond: 12384106094
SubGraph 0 Layer 12 Selecting RP 0 with Nodes: 36315 and calcs: 8835999313122 :: Predicted time: 3.256032, Actual Time: 5.432090
Build Time: 5.432090, Calc Time: 713.495124, reduction 27.174999
############################################
Predicted calcsPerSecond: 12383710541
SubGraph 0 Layer 13 Selecting RP 8 with Nodes: 42699 and calcs: 8706682541722 :: Predicted time: 5.432090, Actual Time: 10.104331
Build Time: 10.104331, Calc Time: 703.075424, reduction 10.419700
############################################
Predicted calcsPerSecond: 12383875393
SubGraph 0 Layer 14 Selecting RP 0 with Nodes: 50884 and calcs: 8416583954038 :: Predicted time: 10.104331, Actual Time: 11.015084
Build Time: 11.015084, Calc Time: 679.640556, reduction 23.434868
############################################
Predicted calcsPerSecond: 12385352321
SubGraph 0 Layer 15 Selecting RP 1 with Nodes: 59052 and calcs: 8194827042090 :: Predicted time: 11.015084, Actual Time: 12.532346
Build Time: 12.532346, Calc Time: 661.654738, reduction 17.985818
############################################
Predicted calcsPerSecond: 12382666231
SubGraph 0 Layer 16 Selecting RP 2 with Nodes: 68886 and calcs: 7999650020588 :: Predicted time: 12.532346, Actual Time: 18.427843
Build Time: 18.427843, Calc Time: 646.036150, reduction 15.618588
############################################
Final graph has 68886 nodes, 7999650020588 calcs total
Node Construct time: 104.026423
Batchs: 45
Total results Set Size: 4751938200 
Node Laucnher time: 179.770653
Total Time: 186.288978

Time to read in file: 11.394435

Number points: 11620300 
Number Dimensions: 57 
Number Concurent Streams: 2
Block Size: 256, Kernel Blocks: 1024
Using using binary searches
Distance Threshold: 0.020000 
*********************************

Predicted calcsPerSecond: 12379316201
SubGraph 0 Layer 0 Selecting RP 1 with Nodes: 15 and calcs: 42781421770598 :: Predicted time: 0.000000, Actual Time: 0.078369
Build Time: 0.078369, Calc Time: 3455.879232, reduction -3455.879232
############################################
Predicted calcsPerSecond: 12381594746
SubGraph 0 Layer 1 Selecting RP 9 with Nodes: 58 and calcs: 35176437417218 :: Predicted time: 0.078369, Actual Time: 1.078973
Build Time: 1.078973, Calc Time: 2841.026389, reduction 614.852843
############################################
Predicted calcsPerSecond: 12381175749
SubGraph 0 Layer 2 Selecting RP 0 with Nodes: 199 and calcs: 31156064280546 :: Predicted time: 1.078973, Actual Time: 0.847333
Build Time: 0.847333, Calc Time: 2516.405947, reduction 324.620443
############################################
Predicted calcsPerSecond: 12381199111
SubGraph 0 Layer 3 Selecting RP 2 with Nodes: 401 and calcs: 28345082153310 :: Predicted time: 0.847333, Actual Time: 0.572642
Build Time: 0.572642, Calc Time: 2289.364859, reduction 227.041088
############################################
Predicted calcsPerSecond: 12381892632
SubGraph 0 Layer 4 Selecting RP 0 with Nodes: 890 and calcs: 23547976626506 :: Predicted time: 0.572642, Actual Time: 0.675254
Build Time: 0.675254, Calc Time: 1901.807529, reduction 387.557330
############################################
Predicted calcsPerSecond: 12385723236
SubGraph 0 Layer 5 Selecting RP 4 with Nodes: 1649 and calcs: 21843812575554 :: Predicted time: 0.675254, Actual Time: 0.941512
Build Time: 0.941512, Calc Time: 1763.628345, reduction 138.179183
############################################
Predicted calcsPerSecond: 12387194162
SubGraph 0 Layer 6 Selecting RP 1 with Nodes: 2817 and calcs: 19606715706008 :: Predicted time: 0.941512, Actual Time: 0.953029
Build Time: 0.953029, Calc Time: 1582.821376, reduction 180.806969
############################################
Predicted calcsPerSecond: 12386160738
SubGraph 0 Layer 7 Selecting RP 5 with Nodes: 4029 and calcs: 18935882150126 :: Predicted time: 0.953029, Actual Time: 0.630977
Build Time: 0.630977, Calc Time: 1528.793510, reduction 54.027866
############################################
Predicted calcsPerSecond: 12387612750
SubGraph 0 Layer 8 Selecting RP 0 with Nodes: 6175 and calcs: 18118395976384 :: Predicted time: 0.630977, Actual Time: 0.635488
Build Time: 0.635488, Calc Time: 1462.622084, reduction 66.171426
############################################
Predicted calcsPerSecond: 12388975054
SubGraph 0 Layer 9 Selecting RP 3 with Nodes: 7947 and calcs: 17478150168388 :: Predicted time: 0.635488, Actual Time: 1.098581
Build Time: 1.098581, Calc Time: 1410.782578, reduction 51.839506
############################################
Predicted calcsPerSecond: 12383890960
SubGraph 0 Layer 10 Selecting RP 1 with Nodes: 10893 and calcs: 17059404167616 :: Predicted time: 1.098581, Actual Time: 1.335697
Build Time: 1.335697, Calc Time: 1377.547995, reduction 33.234583
############################################
Predicted calcsPerSecond: 12382837564
SubGraph 0 Layer 11 Selecting RP 0 with Nodes: 15119 and calcs: 16260774919312 :: Predicted time: 1.335697, Actual Time: 1.783858
Build Time: 1.783858, Calc Time: 1313.170332, reduction 64.377663
############################################
Predicted calcsPerSecond: 12385514683
SubGraph 0 Layer 12 Selecting RP 0 with Nodes: 20112 and calcs: 15977405174908 :: Predicted time: 1.783858, Actual Time: 2.975109
Build Time: 2.975109, Calc Time: 1290.007366, reduction 23.162966
############################################
Predicted calcsPerSecond: 12389950706
SubGraph 0 Layer 13 Selecting RP 2 with Nodes: 23819 and calcs: 15791039660868 :: Predicted time: 2.975109, Actual Time: 5.602066
Build Time: 5.602066, Calc Time: 1274.503833, reduction 15.503534
############################################
Predicted calcsPerSecond: 12386722869
SubGraph 0 Layer 14 Selecting RP 0 with Nodes: 29046 and calcs: 15303432184740 :: Predicted time: 5.602066, Actual Time: 5.804616
Build Time: 5.804616, Calc Time: 1235.470620, reduction 39.033212
############################################
Predicted calcsPerSecond: 12384837142
SubGraph 0 Layer 15 Selecting RP 1 with Nodes: 36109 and calcs: 14860321706784 :: Predicted time: 5.804616, Actual Time: 9.107293
Build Time: 9.107293, Calc Time: 1199.880268, reduction 35.590352
############################################
Predicted calcsPerSecond: 12386392207
SubGraph 0 Layer 16 Selecting RP 7 with Nodes: 42149 and calcs: 14643395529348 :: Predicted time: 9.107293, Actual Time: 10.715029
Build Time: 10.715029, Calc Time: 1182.216362, reduction 17.663906
############################################
Predicted calcsPerSecond: 12382728494
SubGraph 0 Layer 17 Selecting RP 6 with Nodes: 49101 and calcs: 14485444117576 :: Predicted time: 10.715029, Actual Time: 15.817821
Build Time: 15.817821, Calc Time: 1169.810363, reduction 12.405998
############################################
Final graph has 49101 nodes, 14485444117576 calcs total
Node Construct time: 93.377130
Batchs: 45
Total results Set Size: 12151386442 
Node Laucnher time: 223.604252
Total Time: 230.224516
SUSY ________________________________________________________________
SUSY ________________________________________________________________

Time to read in file: 0.560201

Number points: 5000000 
Number Dimensions: 18 
Number Concurent Streams: 2
Block Size: 256, Kernel Blocks: 1024
Using using binary searches
Distance Threshold: 0.010000 
*********************************

Predicted calcsPerSecond: 53269819807
SubGraph 0 Layer 0 Selecting RP 5 with Nodes: 33 and calcs: 8418473200814 :: Predicted time: 0.000000, Actual Time: 0.020482
Build Time: 0.020482, Calc Time: 158.034573, reduction -158.034573
############################################
Predicted calcsPerSecond: 53317276630
SubGraph 0 Layer 1 Selecting RP 7 with Nodes: 375 and calcs: 3497905710176 :: Predicted time: 0.020482, Actual Time: 1.854863
Build Time: 1.854863, Calc Time: 65.605483, reduction 92.429089
############################################
Predicted calcsPerSecond: 53265164391
SubGraph 0 Layer 2 Selecting RP 5 with Nodes: 1940 and calcs: 1940815258058 :: Predicted time: 1.854863, Actual Time: 0.542793
Build Time: 0.542793, Calc Time: 36.436859, reduction 29.168625
############################################
Predicted calcsPerSecond: 53213992016
SubGraph 0 Layer 3 Selecting RP 8 with Nodes: 5330 and calcs: 1078558060880 :: Predicted time: 0.542793, Actual Time: 0.253658
Build Time: 0.253658, Calc Time: 20.268317, reduction 16.168541
############################################
Predicted calcsPerSecond: 53169732159
SubGraph 0 Layer 4 Selecting RP 3 with Nodes: 12931 and calcs: 741620864094 :: Predicted time: 0.253658, Actual Time: 0.749007
Build Time: 0.749007, Calc Time: 13.948178, reduction 6.320139
############################################
Predicted calcsPerSecond: 53032929997
SubGraph 0 Layer 5 Selecting RP 0 with Nodes: 21594 and calcs: 604590868836 :: Predicted time: 0.749007, Actual Time: 0.731569
Build Time: 0.731569, Calc Time: 11.400292, reduction 2.547886
############################################
Predicted calcsPerSecond: 52980993647
SubGraph 0 Layer 6 Selecting RP 0 with Nodes: 32076 and calcs: 517598545148 :: Predicted time: 0.731569, Actual Time: 1.809139
Build Time: 1.809139, Calc Time: 9.769514, reduction 1.630778
############################################
Final graph has 32076 nodes, 517598545148 calcs total
Node Construct time: 7.808613
Batchs: 20
Total results Set Size: 30844186 
Node Laucnher time: 14.873123
Total Time: 15.738254

Time to read in file: 0.176365

Number points: 5000000 
Number Dimensions: 18 
Number Concurent Streams: 2
Block Size: 256, Kernel Blocks: 1024
Using using binary searches
Distance Threshold: 0.012750 
*********************************

Predicted calcsPerSecond: 53201834916
SubGraph 0 Layer 0 Selecting RP 5 with Nodes: 26 and calcs: 10500822904818 :: Predicted time: 0.000000, Actual Time: 0.016987
Build Time: 0.016987, Calc Time: 197.377081, reduction -197.377081
############################################
Predicted calcsPerSecond: 52995638201
SubGraph 0 Layer 1 Selecting RP 7 with Nodes: 251 and calcs: 5350617776724 :: Predicted time: 0.016987, Actual Time: 1.456908
Build Time: 1.456908, Calc Time: 100.963361, reduction 96.413720
############################################
Predicted calcsPerSecond: 53035246391
SubGraph 0 Layer 2 Selecting RP 5 with Nodes: 1165 and calcs: 3449022735320 :: Predicted time: 1.456908, Actual Time: 0.539747
Build Time: 0.539747, Calc Time: 65.032652, reduction 35.930709
############################################
Predicted calcsPerSecond: 53220312842
SubGraph 0 Layer 3 Selecting RP 8 with Nodes: 3087 and calcs: 2215253042120 :: Predicted time: 0.539747, Actual Time: 0.283025
Build Time: 0.283025, Calc Time: 41.624202, reduction 23.408450
############################################
Predicted calcsPerSecond: 53398867881
SubGraph 0 Layer 4 Selecting RP 3 with Nodes: 7821 and calcs: 1634876869472 :: Predicted time: 0.283025, Actual Time: 0.388187
Build Time: 0.388187, Calc Time: 30.616321, reduction 11.007881
############################################
Predicted calcsPerSecond: 53265296040
SubGraph 0 Layer 5 Selecting RP 0 with Nodes: 14169 and calcs: 1369777553108 :: Predicted time: 0.388187, Actual Time: 0.780451
Build Time: 0.780451, Calc Time: 25.716135, reduction 4.900186
############################################
Predicted calcsPerSecond: 53390371106
SubGraph 0 Layer 6 Selecting RP 0 with Nodes: 25679 and calcs: 1061977281130 :: Predicted time: 0.780451, Actual Time: 3.380564
Build Time: 3.380564, Calc Time: 19.890802, reduction 5.825334
############################################
Predicted calcsPerSecond: 53076782094
SubGraph 0 Layer 7 Selecting RP 1 with Nodes: 35338 and calcs: 960853651250 :: Predicted time: 3.380564, Actual Time: 6.676578
Build Time: 6.676578, Calc Time: 18.103088, reduction 1.787714
############################################
Final graph has 35338 nodes, 960853651250 calcs total
Node Construct time: 13.816003
Batchs: 20
Total results Set Size: 162647128 
Node Laucnher time: 28.044892
Total Time: 28.916099

Time to read in file: 0.527396

Number points: 5000000 
Number Dimensions: 18 
Number Concurent Streams: 2
Block Size: 256, Kernel Blocks: 1024
Using using binary searches
Distance Threshold: 0.015500 
*********************************

Predicted calcsPerSecond: 52764500910
SubGraph 0 Layer 0 Selecting RP 5 with Nodes: 21 and calcs: 12434365277642 :: Predicted time: 0.000000, Actual Time: 0.014520
Build Time: 0.014520, Calc Time: 235.657782, reduction -235.657782
############################################
Predicted calcsPerSecond: 52784243583
SubGraph 0 Layer 1 Selecting RP 7 with Nodes: 187 and calcs: 7362745253038 :: Predicted time: 0.014520, Actual Time: 1.189805
Build Time: 1.189805, Calc Time: 139.487558, reduction 96.170224
############################################
Predicted calcsPerSecond: 52775160653
SubGraph 0 Layer 2 Selecting RP 5 with Nodes: 813 and calcs: 5250065978912 :: Predicted time: 1.189805, Actual Time: 0.456199
Build Time: 0.456199, Calc Time: 99.479867, reduction 40.007691
############################################
Predicted calcsPerSecond: 53150113596
SubGraph 0 Layer 3 Selecting RP 8 with Nodes: 1979 and calcs: 3776043498506 :: Predicted time: 0.456199, Actual Time: 0.250359
Build Time: 0.250359, Calc Time: 71.044881, reduction 28.434986
############################################
Predicted calcsPerSecond: 53245957260
SubGraph 0 Layer 4 Selecting RP 3 with Nodes: 5123 and calcs: 2960837329790 :: Predicted time: 0.250359, Actual Time: 0.381366
Build Time: 0.381366, Calc Time: 55.606801, reduction 15.438080
############################################
Predicted calcsPerSecond: 53435732057
SubGraph 0 Layer 5 Selecting RP 0 with Nodes: 9367 and calcs: 2600018977904 :: Predicted time: 0.381366, Actual Time: 0.420715
Build Time: 0.420715, Calc Time: 48.656936, reduction 6.949865
############################################
Predicted calcsPerSecond: 53303039178
SubGraph 0 Layer 6 Selecting RP 0 with Nodes: 17947 and calcs: 2080969736578 :: Predicted time: 0.420715, Actual Time: 1.120301
Build Time: 1.120301, Calc Time: 39.040358, reduction 9.616578
############################################
Predicted calcsPerSecond: 53231217184
SubGraph 0 Layer 7 Selecting RP 4 with Nodes: 25167 and calcs: 1849400808182 :: Predicted time: 1.120301, Actual Time: 6.406638
Build Time: 6.406638, Calc Time: 34.742786, reduction 4.297572
############################################
Final graph has 25167 nodes, 1849400808182 calcs total
Node Construct time: 11.341524
Batchs: 20
Total results Set Size: 655680946 
Node Laucnher time: 38.950096
Total Time: 39.818034

Time to read in file: 0.545590

Number points: 5000000 
Number Dimensions: 18 
Number Concurent Streams: 2
Block Size: 256, Kernel Blocks: 1024
Using using binary searches
Distance Threshold: 0.018250 
*********************************

Predicted calcsPerSecond: 52627149042
SubGraph 0 Layer 0 Selecting RP 5 with Nodes: 19 and calcs: 14196403216390 :: Predicted time: 0.000000, Actual Time: 0.013531
Build Time: 0.013531, Calc Time: 269.754366, reduction -269.754366
############################################
Predicted calcsPerSecond: 53028537959
SubGraph 0 Layer 1 Selecting RP 7 with Nodes: 139 and calcs: 9414195657546 :: Predicted time: 0.013531, Actual Time: 0.960192
Build Time: 0.960192, Calc Time: 177.530741, reduction 92.223624
############################################
Predicted calcsPerSecond: 52993829819
SubGraph 0 Layer 2 Selecting RP 5 with Nodes: 554 and calcs: 7211845423704 :: Predicted time: 0.960192, Actual Time: 0.449286
Build Time: 0.449286, Calc Time: 136.088398, reduction 41.442343
############################################
Predicted calcsPerSecond: 53300546611
SubGraph 0 Layer 3 Selecting RP 8 with Nodes: 1368 and calcs: 5619905596064 :: Predicted time: 0.449286, Actual Time: 0.263499
Build Time: 0.263499, Calc Time: 105.438048, reduction 30.650350
############################################
Predicted calcsPerSecond: 53248652903
SubGraph 0 Layer 4 Selecting RP 3 with Nodes: 3494 and calcs: 4618966869870 :: Predicted time: 0.263499, Actual Time: 0.283467
Build Time: 0.283467, Calc Time: 86.743356, reduction 18.694692
############################################
Predicted calcsPerSecond: 53342257461
SubGraph 0 Layer 5 Selecting RP 7 with Nodes: 6092 and calcs: 4193705490116 :: Predicted time: 0.283467, Actual Time: 0.380476
Build Time: 0.380476, Calc Time: 78.618823, reduction 8.124533
############################################
Predicted calcsPerSecond: 53176079345
SubGraph 0 Layer 6 Selecting RP 0 with Nodes: 11712 and calcs: 3532542974232 :: Predicted time: 0.380476, Actual Time: 0.970019
Build Time: 0.970019, Calc Time: 66.431054, reduction 12.187769
############################################
Predicted calcsPerSecond: 53250788526
SubGraph 0 Layer 7 Selecting RP 6 with Nodes: 17053 and calcs: 3136842883786 :: Predicted time: 0.970019, Actual Time: 3.117677
Build Time: 3.117677, Calc Time: 58.906975, reduction 7.524078
############################################
Predicted calcsPerSecond: 53375452924
SubGraph 0 Layer 8 Selecting RP 9 with Nodes: 24515 and calcs: 2831943967006 :: Predicted time: 3.117677, Actual Time: 4.602255
Build Time: 4.602255, Calc Time: 53.057048, reduction 5.849927
############################################
Predicted calcsPerSecond: 53607092293
SubGraph 0 Layer 9 Selecting RP 8 with Nodes: 31969 and calcs: 2635912172844 :: Predicted time: 4.602255, Actual Time: 8.494156
Build Time: 8.494156, Calc Time: 49.170960, reduction 3.886088
############################################
Final graph has 31969 nodes, 2635912172844 calcs total
Node Construct time: 19.832306
Batchs: 20
Total results Set Size: 2072898048 
Node Laucnher time: 62.781194
Total Time: 63.660849

Time to read in file: 0.532869

Number points: 5000000 
Number Dimensions: 18 
Number Concurent Streams: 2
Block Size: 256, Kernel Blocks: 1024
Using using binary searches
Distance Threshold: 0.021000 
*********************************

Predicted calcsPerSecond: 53214270486
SubGraph 0 Layer 0 Selecting RP 5 with Nodes: 16 and calcs: 15786445839984 :: Predicted time: 0.000000, Actual Time: 0.011986
Build Time: 0.011986, Calc Time: 296.658128, reduction -296.658128
############################################
Predicted calcsPerSecond: 53132207268
SubGraph 0 Layer 1 Selecting RP 7 with Nodes: 115 and calcs: 11415409130670 :: Predicted time: 0.011986, Actual Time: 0.891583
Build Time: 0.891583, Calc Time: 214.849142, reduction 81.808986
############################################
Predicted calcsPerSecond: 52885297015
SubGraph 0 Layer 2 Selecting RP 5 with Nodes: 441 and calcs: 9217569760074 :: Predicted time: 0.891583, Actual Time: 0.464511
Build Time: 0.464511, Calc Time: 174.293618, reduction 40.555524
############################################
Predicted calcsPerSecond: 52903407942
SubGraph 0 Layer 3 Selecting RP 8 with Nodes: 1017 and calcs: 7621645778304 :: Predicted time: 0.464511, Actual Time: 0.214522
Build Time: 0.214522, Calc Time: 144.067199, reduction 30.226419
############################################
Predicted calcsPerSecond: 53282640474
SubGraph 0 Layer 4 Selecting RP 3 with Nodes: 2533 and calcs: 6497591836078 :: Predicted time: 0.214522, Actual Time: 0.280215
Build Time: 0.280215, Calc Time: 121.945755, reduction 22.121443
############################################
Predicted calcsPerSecond: 53399835469
SubGraph 0 Layer 5 Selecting RP 7 with Nodes: 4464 and calcs: 6004370893982 :: Predicted time: 0.280215, Actual Time: 0.287548
Build Time: 0.287548, Calc Time: 112.441749, reduction 9.504006
############################################
Predicted calcsPerSecond: 53211760328
SubGraph 0 Layer 6 Selecting RP 0 with Nodes: 8568 and calcs: 5283172796642 :: Predicted time: 0.287548, Actual Time: 0.734311
Build Time: 0.734311, Calc Time: 99.285811, reduction 13.155938
############################################
Predicted calcsPerSecond: 53238311110
SubGraph 0 Layer 7 Selecting RP 6 with Nodes: 12788 and calcs: 4783519594994 :: Predicted time: 0.734311, Actual Time: 2.270495
Build Time: 2.270495, Calc Time: 89.851077, reduction 9.434734
############################################
Predicted calcsPerSecond: 53425569498
SubGraph 0 Layer 8 Selecting RP 9 with Nodes: 18997 and calcs: 4358666082846 :: Predicted time: 2.270495, Actual Time: 3.785555
Build Time: 3.785555, Calc Time: 81.583896, reduction 8.267182
############################################
Predicted calcsPerSecond: 53300139441
SubGraph 0 Layer 9 Selecting RP 8 with Nodes: 25471 and calcs: 4094840908100 :: Predicted time: 3.785555, Actual Time: 6.689832
Build Time: 6.689832, Calc Time: 76.826082, reduction 4.757813
############################################
Final graph has 25471 nodes, 4094840908100 calcs total
Node Construct time: 16.536744
Batchs: 20
Total results Set Size: 5457260816 
Node Laucnher time: 92.992841
Total Time: 93.880153
HIGGS ________________________________________________________________
HIGGS ________________________________________________________________

Time to read in file: 1.815420

Number points: 11000000 
Number Dimensions: 28 
Number Concurent Streams: 2
Block Size: 256, Kernel Blocks: 1024
Using using binary searches
Distance Threshold: 0.010000 
*********************************

Predicted calcsPerSecond: 25633524663
SubGraph 0 Layer 0 Selecting RP 1 with Nodes: 27 and calcs: 38474612440442 :: Predicted time: 0.000000, Actual Time: 0.036207
Build Time: 0.036207, Calc Time: 1500.948970, reduction -1500.948970
############################################
Predicted calcsPerSecond: 25648471429
SubGraph 0 Layer 1 Selecting RP 5 with Nodes: 291 and calcs: 16198994249218 :: Predicted time: 0.036207, Actual Time: 5.897302
Build Time: 5.897302, Calc Time: 631.577375, reduction 869.371595
############################################
Predicted calcsPerSecond: 25680397815
SubGraph 0 Layer 2 Selecting RP 3 with Nodes: 1766 and calcs: 8583667810584 :: Predicted time: 5.897302, Actual Time: 2.490032
Build Time: 2.490032, Calc Time: 334.249799, reduction 297.327576
############################################
Predicted calcsPerSecond: 25677533010
SubGraph 0 Layer 3 Selecting RP 8 with Nodes: 8485 and calcs: 4415495184422 :: Predicted time: 2.490032, Actual Time: 1.372059
Build Time: 1.372059, Calc Time: 171.959478, reduction 162.290321
############################################
Predicted calcsPerSecond: 25678228335
SubGraph 0 Layer 4 Selecting RP 1 with Nodes: 29540 and calcs: 2515049303244 :: Predicted time: 1.372059, Actual Time: 2.981137
Build Time: 2.981137, Calc Time: 97.944814, reduction 74.014664
############################################
Predicted calcsPerSecond: 25672205997
SubGraph 0 Layer 5 Selecting RP 2 with Nodes: 66077 and calcs: 1630322673358 :: Predicted time: 2.981137, Actual Time: 9.843899
Build Time: 9.843899, Calc Time: 63.505360, reduction 34.439455
############################################
Predicted calcsPerSecond: 25690759735
SubGraph 0 Layer 6 Selecting RP 0 with Nodes: 112063 and calcs: 1318011263498 :: Predicted time: 9.843899, Actual Time: 10.989954
Build Time: 10.989954, Calc Time: 51.302931, reduction 12.202429
############################################
Predicted calcsPerSecond: 25688363174
SubGraph 0 Layer 7 Selecting RP 5 with Nodes: 116282 and calcs: 1313330531178 :: Predicted time: 10.989954, Actual Time: 15.578255
Build Time: 15.578255, Calc Time: 51.125505, reduction 0.177426
############################################
Final graph has 116282 nodes, 1313330531178 calcs total
Node Construct time: 50.017598
Batchs: 42
Total results Set Size: 11566498 
Node Laucnher time: 76.557917
Total Time: 79.628110
Completed!
