
EPSILON | NUMPOINTS | RP | NODES | CALCS | Construct T | Total T



MSD ________________________________________________________________


0.007000 515345 13 2202 107876911003 1.198377 3 0.406193 4.095519 
0.007525 515345 13 2010 116092384989 1.187562 3 0.437127 4.870237 
0.008050 515345 4 178 145253277755 0.324875 4 0.546928 5.360186 
0.008575 515345 15 2180 130525018767 1.508587 4 0.491471 7.389326 
0.009100 515345 15 2090 138666871987 1.489025 4 0.522128 8.992612 

Census____________________________________________________________


0.001000 2458285 4 10329 28500904977 1.947065 3 0.004716 3.698515 
0.003250 2458285 7 9523 125284874529 3.492379 3 0.020732 6.991513 
0.005500 2458285 9 11197 329064452405 6.648702 8 0.054452 18.574273 
0.007750 2458285 11 12564 625873926701 10.519392 15 0.103567 37.645987 
0.010000 2458285 13 13584 975534227949 13.425823 23 0.161428 main: src/launcher.cu:3441: neighborTable* nodeLauncher5(double*, unsigned int, unsigned int, unsigned int, unsigned int*, double): Assertion `cudaSuccess == cudaMemcpyAsync(&keyValueIndex[i], &d_keyValueIndex[i], sizeof(unsigned long long ), cudaMemcpyDeviceToHost, stream[tid])' failed.
main: src/launcher.cu:3451: neighborTable* nodeLauncher5(double*, unsigned int, unsigned int, unsigned int, unsigned int*, double): Assertion `cudaSuccess == cudaMallocHost((void**) &pointB[tid], sizeof(unsigned int)*(keyValueIndex[i] + 1))' failed.
/var/spool/slurm/slurmd/job61572969/slurm_script: line 69: 2933037 Aborted                 (core dumped) ./build/main /scratch/bwd29/data/USC_Normalized_No1Col.bin 68 $j


Wave __________________________________________________


0.002000 287999 8 576 10903610643 0.301690 1 0.131458 0.495760 
0.003250 287999 10 635 17878180011 0.420592 1 0.215547 0.713710 
0.004500 287999 12 626 24343736929 0.480963 1 0.293498 0.903080 
0.005750 287999 15 658 29722116243 0.566524 1 0.358342 1.263027 
0.007000 287999 11 421 35781252667 0.416663 1 0.431393 1.939195 

BIGCROSS____________________________________________________________


0.001000 11620300 4 56603 120929213754 11.225238 12 0.000896 15.501171 
0.005750 11620300 8 43764 992052523520 25.168938 23 0.007347 42.732779 
0.010500 11620300 13 66094 3359504873684 70.698300 75 0.024879 129.449296 
0.015250 11620300 14 42699 8706682541722 60.243527 195 0.064479 289.933374 
0.020000 11620300 18 49101 14485444117576 89.831406 326 0.107275 846.607603 

SUSY ________________________________________________________________


0.010000 5000000 7 32076 517598545148 8.741935 12 0.020704 16.105194 
0.012750 5000000 8 35338 960853651250 12.788679 22 0.038434 31.365223 
0.015500 5000000 9 33898 1661144973446 16.532726 38 0.066446 61.513123 
0.018250 5000000 10 31969 2635912172844 20.565710 60 0.105436 133.612528 
0.021000 5000000 10 25471 4094840908100 18.198068 93 0.163794 308.512151 

HIGGS ________________________________________________________________


0.010000 11000000 7 112063 1318011263498 32.764804 30 0.010893 60.626829 
0.021375 11000000 11 166586 13707484660112 210.801720 309 0.113285 /var/spool/slurm/slurmd/job61572969/slurm_script: line 107: 2945176 Segmentation fault      (core dumped) ./build/main /scratch/bwd29/data/HIGSS_Normalized.bin 28 $j

0.032750 11000000 13 93810 45488950909170 185.306597 1049 0.375942 munmap_chunk(): invalid pointer
/var/spool/slurm/slurmd/job61572969/slurm_script: line 107: 2946023 Aborted                 (core dumped) ./build/main /scratch/bwd29/data/HIGSS_Normalized.bin 28 $j

0.044125 11000000 15 46223 75523017277484 130.336832 1783 0.624157 11477.665669 
0.055500 11000000 17 34941 95577570764904 103.145643 2292 0.789897 14486.245802 
Tiny____________________________________________________


0.200000 5000000 19 29987 5536736284600 76.086048 126 0.221469 1877.407070 
0.260000 5000000 22 23466 7459090958354 79.678782 171 0.298364 4251.039653 
0.320000 5000000 25 18184 9268356805916 75.035037 214 0.370734 main: src/launcher.cu:3451: neighborTable* nodeLauncher5(double*, unsigned int, unsigned int, unsigned int, unsigned int*, double): Assertion `cudaSuccess == cudaMallocHost((void**) &pointB[tid], sizeof(unsigned int)*(keyValueIndex[i] + 1))' failed.
main: src/launcher.cu:3441: neighborTable* nodeLauncher5(double*, unsigned int, unsigned int, unsigned int, unsigned int*, double): Assertion `cudaSuccess == cudaMemcpyAsync(&keyValueIndex[i], &d_keyValueIndex[i], sizeof(unsigned long long ), cudaMemcpyDeviceToHost, stream[tid])' failed.
/var/spool/slurm/slurmd/job61572969/slurm_script: line 116: 2972727 Aborted                 (core dumped) ./build/main /scratch/bwd29/data/TINY_Normalized.bin 384 $j

0.380000 5000000 27 14664 10971288770374 79.639719 255 0.438852 slurmstepd: error: *** JOB 61572969 ON cn2 CANCELLED AT 2023-02-14T11:57:08 ***
Job has already finished for job 61572969
slurmstepd: error: --task-epilog failed status=256
