rm -f build/main build/*.o
nvcc  -lcuda -Xcompiler -fopenmp -arch=compute_80 -code=sm_80 -O3 -I. -c -o build/main.o src/main.cu -lm
nvcc  -lcuda -Xcompiler -fopenmp -arch=compute_80 -code=sm_80 -O3 -I. -c -o build/launcher.o src/launcher.cu -lm
nvcc  -lcuda -Xcompiler -fopenmp -arch=compute_80 -code=sm_80 -O3 -I. -c -o build/kernel.o src/kernel.cu
nvcc  -lcuda -Xcompiler -fopenmp -arch=compute_80 -code=sm_80 -O3 -I. -c -o build/nodes.o src/nodes.cu -lm
nvcc  -lcuda -Xcompiler -fopenmp -arch=compute_80 -code=sm_80 -O3 -I. -c -o build/tree.o src/tree.cu -lm
nvcc  -lcuda -Xcompiler -fopenmp -arch=compute_80 -code=sm_80 -O3 -I. -c -o build/utils.o src/utils.cu -lm
nvcc  -lcuda -Xcompiler -fopenmp -arch=compute_80 -code=sm_80 -O3 -I. -o build/main build/main.o build/launcher.o build/kernel.o build/nodes.o build/tree.o build/utils.o
MSD ________________________________________________________________
MSD ________________________________________________________________

Time to read in file: 0.292448

Number points: 515345 
Number Dimensions: 90 
Number Concurent Streams: 2
Block Size: 512, Kernel Blocks: 1024
Using using binary searches
Distance Threshold: 0.007000 
*********************************

Predicted calcsPerSecond: 9064887146
SubGraph 0 Layer 0 Selecting RP 1 with Nodes: 21 and calcs: 170979007977 :: Predicted time: 0.000000, Actual Time: 0.015893
Build Time: 0.015893, Calc Time: 18.861681, reduction -18.861681
############################################
Predicted calcsPerSecond: 9085201841
SubGraph 0 Layer 1 Selecting RP 3 with Nodes: 60 and calcs: 149860162609 :: Predicted time: 0.015893, Actual Time: 0.033881
Build Time: 0.033881, Calc Time: 16.494973, reduction 2.366707
############################################
Predicted calcsPerSecond: 9091701099
SubGraph 0 Layer 2 Selecting RP 1 with Nodes: 123 and calcs: 139008172495 :: Predicted time: 0.033881, Actual Time: 0.019225
Build Time: 0.019225, Calc Time: 15.289567, reduction 1.205406
############################################
Predicted calcsPerSecond: 9088386698
SubGraph 0 Layer 3 Selecting RP 1 with Nodes: 217 and calcs: 129775808043 :: Predicted time: 0.019225, Actual Time: 0.013742
Build Time: 0.013742, Calc Time: 14.279301, reduction 1.010266
############################################
Predicted calcsPerSecond: 9086983833
SubGraph 0 Layer 4 Selecting RP 1 with Nodes: 326 and calcs: 124080002709 :: Predicted time: 0.013742, Actual Time: 0.014281
Build Time: 0.014281, Calc Time: 13.654696, reduction 0.624605
############################################
Predicted calcsPerSecond: 9081744033
SubGraph 0 Layer 5 Selecting RP 1 with Nodes: 489 and calcs: 119576095503 :: Predicted time: 0.014281, Actual Time: 0.016668
Build Time: 0.016668, Calc Time: 13.166645, reduction 0.488052
############################################
Predicted calcsPerSecond: 9089802295
SubGraph 0 Layer 6 Selecting RP 5 with Nodes: 669 and calcs: 116543627597 :: Predicted time: 0.016668, Actual Time: 0.020176
Build Time: 0.020176, Calc Time: 12.821360, reduction 0.345285
############################################
Predicted calcsPerSecond: 9086042302
SubGraph 0 Layer 7 Selecting RP 3 with Nodes: 910 and calcs: 114004585017 :: Predicted time: 0.020176, Actual Time: 0.024753
Build Time: 0.024753, Calc Time: 12.547221, reduction 0.274139
############################################
Predicted calcsPerSecond: 9092485612
SubGraph 0 Layer 8 Selecting RP 3 with Nodes: 1130 and calcs: 112390412367 :: Predicted time: 0.024753, Actual Time: 0.039389
Build Time: 0.039389, Calc Time: 12.360802, reduction 0.186420
############################################
Predicted calcsPerSecond: 9105348011
SubGraph 0 Layer 9 Selecting RP 5 with Nodes: 1392 and calcs: 111189005735 :: Predicted time: 0.039389, Actual Time: 0.050320
Build Time: 0.050320, Calc Time: 12.211396, reduction 0.149406
############################################
Predicted calcsPerSecond: 9108985914
SubGraph 0 Layer 10 Selecting RP 2 with Nodes: 1667 and calcs: 109498184001 :: Predicted time: 0.050320, Actual Time: 0.074635
Build Time: 0.074635, Calc Time: 12.020897, reduction 0.190498
############################################
Predicted calcsPerSecond: 9094612183
SubGraph 0 Layer 11 Selecting RP 3 with Nodes: 1890 and calcs: 108778791561 :: Predicted time: 0.074635, Actual Time: 0.086586
Build Time: 0.086586, Calc Time: 11.960795, reduction 0.060102
############################################
Final graph has 1890 nodes, 108778791561 calcs total
Node Construct time: 0.981625
Batchs: 3
Total results Set Size: 65915313 
Node Laucnher time: 3.624670
Total Time: 4.069418

Time to read in file: 0.095993

Number points: 515345 
Number Dimensions: 90 
Number Concurent Streams: 2
Block Size: 512, Kernel Blocks: 1024
Using using binary searches
Distance Threshold: 0.007525 
*********************************

Predicted calcsPerSecond: 9048130807
SubGraph 0 Layer 0 Selecting RP 1 with Nodes: 20 and calcs: 177585998311 :: Predicted time: 0.000000, Actual Time: 0.015403
Build Time: 0.015403, Calc Time: 19.626816, reduction -19.626816
############################################
Predicted calcsPerSecond: 9062765219
SubGraph 0 Layer 1 Selecting RP 5 with Nodes: 68 and calcs: 158803937551 :: Predicted time: 0.015403, Actual Time: 0.035319
Build Time: 0.035319, Calc Time: 17.522680, reduction 2.104136
############################################
Predicted calcsPerSecond: 9089431665
SubGraph 0 Layer 2 Selecting RP 3 with Nodes: 131 and calcs: 148513057549 :: Predicted time: 0.035319, Actual Time: 0.014702
Build Time: 0.014702, Calc Time: 16.339092, reduction 1.183589
############################################
Predicted calcsPerSecond: 9093264179
SubGraph 0 Layer 3 Selecting RP 1 with Nodes: 234 and calcs: 137677365371 :: Predicted time: 0.014702, Actual Time: 0.016794
Build Time: 0.016794, Calc Time: 15.140588, reduction 1.198504
############################################
Predicted calcsPerSecond: 9090141705
SubGraph 0 Layer 4 Selecting RP 7 with Nodes: 358 and calcs: 133010189565 :: Predicted time: 0.016794, Actual Time: 0.021071
Build Time: 0.021071, Calc Time: 14.632356, reduction 0.508232
############################################
Predicted calcsPerSecond: 9085705305
SubGraph 0 Layer 5 Selecting RP 1 with Nodes: 539 and calcs: 127316136919 :: Predicted time: 0.021071, Actual Time: 0.017684
Build Time: 0.017684, Calc Time: 14.012796, reduction 0.619560
############################################
Predicted calcsPerSecond: 9086074431
SubGraph 0 Layer 6 Selecting RP 1 with Nodes: 680 and calcs: 125195795947 :: Predicted time: 0.017684, Actual Time: 0.017612
Build Time: 0.017612, Calc Time: 13.778865, reduction 0.233931
############################################
Predicted calcsPerSecond: 9067228166
SubGraph 0 Layer 7 Selecting RP 3 with Nodes: 901 and calcs: 122849642555 :: Predicted time: 0.017612, Actual Time: 0.023185
Build Time: 0.023185, Calc Time: 13.548754, reduction 0.230111
############################################
Predicted calcsPerSecond: 9024323295
SubGraph 0 Layer 8 Selecting RP 1 with Nodes: 1060 and calcs: 120833241637 :: Predicted time: 0.023185, Actual Time: 0.034229
Build Time: 0.034229, Calc Time: 13.389729, reduction 0.159025
############################################
Predicted calcsPerSecond: 9012453358
SubGraph 0 Layer 9 Selecting RP 5 with Nodes: 1289 and calcs: 119524198435 :: Predicted time: 0.034229, Actual Time: 0.037328
Build Time: 0.037328, Calc Time: 13.262116, reduction 0.127613
############################################
Predicted calcsPerSecond: 9071934788
SubGraph 0 Layer 10 Selecting RP 2 with Nodes: 1541 and calcs: 117590187375 :: Predicted time: 0.037328, Actual Time: 0.072311
Build Time: 0.072311, Calc Time: 12.961974, reduction 0.300141
############################################
Predicted calcsPerSecond: 9091403912
SubGraph 0 Layer 11 Selecting RP 2 with Nodes: 1713 and calcs: 116918749089 :: Predicted time: 0.072311, Actual Time: 0.070870
Build Time: 0.070870, Calc Time: 12.860362, reduction 0.101612
############################################
Predicted calcsPerSecond: 9066657422
SubGraph 0 Layer 12 Selecting RP 4 with Nodes: 2010 and calcs: 116092384989 :: Predicted time: 0.070870, Actual Time: 0.082201
Build Time: 0.082201, Calc Time: 12.804320, reduction 0.056042
############################################
Final graph has 2010 nodes, 116092384989 calcs total
Node Construct time: 1.170134
Batchs: 3
Total results Set Size: 121384099 
Node Laucnher time: 4.663199
Total Time: 5.106136

Time to read in file: 0.083102

Number points: 515345 
Number Dimensions: 90 
Number Concurent Streams: 2
Block Size: 512, Kernel Blocks: 1024
Using using binary searches
Distance Threshold: 0.008050 
*********************************

Predicted calcsPerSecond: 9040570207
SubGraph 0 Layer 0 Selecting RP 2 with Nodes: 20 and calcs: 185481056983 :: Predicted time: 0.000000, Actual Time: 0.015408
Build Time: 0.015408, Calc Time: 20.516522, reduction -20.516522
############################################
Predicted calcsPerSecond: 9067765640
SubGraph 0 Layer 1 Selecting RP 2 with Nodes: 49 and calcs: 166462369995 :: Predicted time: 0.015408, Actual Time: 0.027656
Build Time: 0.027656, Calc Time: 18.357595, reduction 2.158927
############################################
Predicted calcsPerSecond: 9091752996
SubGraph 0 Layer 2 Selecting RP 1 with Nodes: 98 and calcs: 155725370431 :: Predicted time: 0.027656, Actual Time: 0.018210
Build Time: 0.018210, Calc Time: 17.128201, reduction 1.229394
############################################
Predicted calcsPerSecond: 9084677951
SubGraph 0 Layer 3 Selecting RP 1 with Nodes: 178 and calcs: 145253277755 :: Predicted time: 0.018210, Actual Time: 0.015177
Build Time: 0.015177, Calc Time: 15.988820, reduction 1.139381
############################################
Predicted calcsPerSecond: 9093781201
SubGraph 0 Layer 4 Selecting RP 7 with Nodes: 272 and calcs: 140866333045 :: Predicted time: 0.015177, Actual Time: 0.012981
Build Time: 0.012981, Calc Time: 15.490403, reduction 0.498417
############################################
Predicted calcsPerSecond: 9088741719
SubGraph 0 Layer 5 Selecting RP 1 with Nodes: 388 and calcs: 137091205829 :: Predicted time: 0.012981, Actual Time: 0.025616
Build Time: 0.025616, Calc Time: 15.083629, reduction 0.406774
############################################
Predicted calcsPerSecond: 9093963070
SubGraph 0 Layer 6 Selecting RP 5 with Nodes: 532 and calcs: 134204713665 :: Predicted time: 0.025616, Actual Time: 0.014917
Build Time: 0.014917, Calc Time: 14.757561, reduction 0.326068
############################################
Predicted calcsPerSecond: 9084390286
SubGraph 0 Layer 7 Selecting RP 3 with Nodes: 760 and calcs: 131544057575 :: Predicted time: 0.014917, Actual Time: 0.023305
Build Time: 0.023305, Calc Time: 14.480230, reduction 0.277331
############################################
Predicted calcsPerSecond: 9089379855
SubGraph 0 Layer 8 Selecting RP 1 with Nodes: 926 and calcs: 128931015769 :: Predicted time: 0.023305, Actual Time: 0.027295
Build Time: 0.027295, Calc Time: 14.184798, reduction 0.295432
############################################
Predicted calcsPerSecond: 9096301846
SubGraph 0 Layer 9 Selecting RP 0 with Nodes: 1118 and calcs: 127399720333 :: Predicted time: 0.027295, Actual Time: 0.019618
Build Time: 0.019618, Calc Time: 14.005661, reduction 0.179137
############################################
Predicted calcsPerSecond: 9101266557
SubGraph 0 Layer 10 Selecting RP 8 with Nodes: 1366 and calcs: 125896598495 :: Predicted time: 0.019618, Actual Time: 0.056462
Build Time: 0.056462, Calc Time: 13.832866, reduction 0.172795
############################################
Predicted calcsPerSecond: 9091808217
SubGraph 0 Layer 11 Selecting RP 5 with Nodes: 1565 and calcs: 125172774401 :: Predicted time: 0.056462, Actual Time: 0.070584
Build Time: 0.070584, Calc Time: 13.767644, reduction 0.065222
############################################
Final graph has 1565 nodes, 125172774401 calcs total
Node Construct time: 0.980147
Batchs: 3
Total results Set Size: 207932133 
Node Laucnher time: 5.303338
Total Time: 5.747857

Time to read in file: 0.082419

Number points: 515345 
Number Dimensions: 90 
Number Concurent Streams: 2
Block Size: 512, Kernel Blocks: 1024
Using using binary searches
Distance Threshold: 0.008575 
*********************************

Predicted calcsPerSecond: 9051772256
SubGraph 0 Layer 0 Selecting RP 1 with Nodes: 18 and calcs: 191503325863 :: Predicted time: 0.000000, Actual Time: 0.014401
Build Time: 0.014401, Calc Time: 21.156445, reduction -21.156445
############################################
Predicted calcsPerSecond: 9077575399
SubGraph 0 Layer 1 Selecting RP 1 with Nodes: 58 and calcs: 171337397771 :: Predicted time: 0.014401, Actual Time: 0.034882
Build Time: 0.034882, Calc Time: 18.874798, reduction 2.281648
############################################
Predicted calcsPerSecond: 9076306266
SubGraph 0 Layer 2 Selecting RP 1 with Nodes: 105 and calcs: 162079090077 :: Predicted time: 0.034882, Actual Time: 0.014454
Build Time: 0.014454, Calc Time: 17.857384, reduction 1.017413
############################################
Predicted calcsPerSecond: 9072459038
SubGraph 0 Layer 3 Selecting RP 1 with Nodes: 170 and calcs: 153617511199 :: Predicted time: 0.014454, Actual Time: 0.014567
Build Time: 0.014567, Calc Time: 16.932290, reduction 0.925094
############################################
Predicted calcsPerSecond: 9087986673
SubGraph 0 Layer 4 Selecting RP 7 with Nodes: 254 and calcs: 148977654501 :: Predicted time: 0.014567, Actual Time: 0.013384
Build Time: 0.013384, Calc Time: 16.392812, reduction 0.539479
############################################
Predicted calcsPerSecond: 9078072094
SubGraph 0 Layer 5 Selecting RP 1 with Nodes: 390 and calcs: 143698129447 :: Predicted time: 0.013384, Actual Time: 0.031952
Build Time: 0.031952, Calc Time: 15.829146, reduction 0.563666
############################################
Predicted calcsPerSecond: 9079155273
SubGraph 0 Layer 6 Selecting RP 5 with Nodes: 516 and calcs: 141380708171 :: Predicted time: 0.031952, Actual Time: 0.016077
Build Time: 0.016077, Calc Time: 15.572011, reduction 0.257135
############################################
Predicted calcsPerSecond: 9079417699
SubGraph 0 Layer 7 Selecting RP 3 with Nodes: 709 and calcs: 139396701737 :: Predicted time: 0.016077, Actual Time: 0.019479
Build Time: 0.019479, Calc Time: 15.353044, reduction 0.218967
############################################
Predicted calcsPerSecond: 9082786330
SubGraph 0 Layer 8 Selecting RP 1 with Nodes: 852 and calcs: 137536270091 :: Predicted time: 0.019479, Actual Time: 0.023074
Build Time: 0.023074, Calc Time: 15.142520, reduction 0.210525
############################################
Predicted calcsPerSecond: 9085757071
SubGraph 0 Layer 9 Selecting RP 1 with Nodes: 997 and calcs: 135897534261 :: Predicted time: 0.023074, Actual Time: 0.021550
Build Time: 0.021550, Calc Time: 14.957205, reduction 0.185314
############################################
Predicted calcsPerSecond: 9090146752
SubGraph 0 Layer 10 Selecting RP 2 with Nodes: 1241 and calcs: 133826399615 :: Predicted time: 0.021550, Actual Time: 0.044222
Build Time: 0.044222, Calc Time: 14.722139, reduction 0.235067
############################################
Predicted calcsPerSecond: 9087846169
SubGraph 0 Layer 11 Selecting RP 2 with Nodes: 1430 and calcs: 133046250459 :: Predicted time: 0.044222, Actual Time: 0.057810
Build Time: 0.057810, Calc Time: 14.640020, reduction 0.082118
############################################
Predicted calcsPerSecond: 9085876375
SubGraph 0 Layer 12 Selecting RP 4 with Nodes: 1712 and calcs: 131919015945 :: Predicted time: 0.057810, Actual Time: 0.077590
Build Time: 0.077590, Calc Time: 14.519130, reduction 0.120891
############################################
Predicted calcsPerSecond: 9079629736
SubGraph 0 Layer 13 Selecting RP 2 with Nodes: 1936 and calcs: 131170941807 :: Predicted time: 0.077590, Actual Time: 0.104811
Build Time: 0.104811, Calc Time: 14.446728, reduction 0.072401
############################################
Final graph has 1936 nodes, 131170941807 calcs total
Node Construct time: 1.285134
Batchs: 4
Total results Set Size: 335507787 
Node Laucnher time: 6.684795
Total Time: 7.125450

Time to read in file: 0.081892

Number points: 515345 
Number Dimensions: 90 
Number Concurent Streams: 2
Block Size: 512, Kernel Blocks: 1024
Using using binary searches
Distance Threshold: 0.009100 
*********************************

Predicted calcsPerSecond: 9075931459
SubGraph 0 Layer 0 Selecting RP 1 with Nodes: 17 and calcs: 197994635393 :: Predicted time: 0.000000, Actual Time: 0.013887
Build Time: 0.013887, Calc Time: 21.815352, reduction -21.815352
############################################
Predicted calcsPerSecond: 9083006373
SubGraph 0 Layer 1 Selecting RP 6 with Nodes: 57 and calcs: 181835460273 :: Predicted time: 0.013887, Actual Time: 0.033118
Build Time: 0.033118, Calc Time: 20.019303, reduction 1.796048
############################################
Predicted calcsPerSecond: 9094287515
SubGraph 0 Layer 2 Selecting RP 1 with Nodes: 111 and calcs: 171457913779 :: Predicted time: 0.033118, Actual Time: 0.015142
Build Time: 0.015142, Calc Time: 18.853364, reduction 1.165939
############################################
Predicted calcsPerSecond: 9110887476
SubGraph 0 Layer 3 Selecting RP 1 with Nodes: 176 and calcs: 161211297375 :: Predicted time: 0.015142, Actual Time: 0.013503
Build Time: 0.013503, Calc Time: 17.694357, reduction 1.159007
############################################
Predicted calcsPerSecond: 9088427022
SubGraph 0 Layer 4 Selecting RP 7 with Nodes: 251 and calcs: 157997765075 :: Predicted time: 0.013503, Actual Time: 0.012396
Build Time: 0.012396, Calc Time: 17.384501, reduction 0.309857
############################################
Predicted calcsPerSecond: 8952210310
SubGraph 0 Layer 5 Selecting RP 1 with Nodes: 376 and calcs: 152391504645 :: Predicted time: 0.012396, Actual Time: 0.032321
Build Time: 0.032321, Calc Time: 17.022780, reduction 0.361721
############################################
Predicted calcsPerSecond: 9004225894
SubGraph 0 Layer 6 Selecting RP 2 with Nodes: 476 and calcs: 149818884943 :: Predicted time: 0.032321, Actual Time: 0.012790
Build Time: 0.012790, Calc Time: 16.638730, reduction 0.384050
############################################
Predicted calcsPerSecond: 9011179004
SubGraph 0 Layer 7 Selecting RP 7 with Nodes: 626 and calcs: 147854988681 :: Predicted time: 0.012790, Actual Time: 0.014896
Build Time: 0.014896, Calc Time: 16.407952, reduction 0.230779
############################################
Predicted calcsPerSecond: 8996703654
SubGraph 0 Layer 8 Selecting RP 2 with Nodes: 756 and calcs: 145892674049 :: Predicted time: 0.014896, Actual Time: 0.020008
Build Time: 0.020008, Calc Time: 16.216236, reduction 0.191715
############################################
Predicted calcsPerSecond: 9020170260
SubGraph 0 Layer 9 Selecting RP 1 with Nodes: 914 and calcs: 144172469429 :: Predicted time: 0.020008, Actual Time: 0.023167
Build Time: 0.023167, Calc Time: 15.983342, reduction 0.232894
############################################
Predicted calcsPerSecond: 9072737238
SubGraph 0 Layer 10 Selecting RP 8 with Nodes: 1150 and calcs: 142501832035 :: Predicted time: 0.023167, Actual Time: 0.043521
Build Time: 0.043521, Calc Time: 15.706598, reduction 0.276745
############################################
Predicted calcsPerSecond: 9082468052
SubGraph 0 Layer 11 Selecting RP 5 with Nodes: 1359 and calcs: 141748885439 :: Predicted time: 0.043521, Actual Time: 0.062603
Build Time: 0.062603, Calc Time: 15.606869, reduction 0.099729
############################################
Predicted calcsPerSecond: 9052943445
SubGraph 0 Layer 12 Selecting RP 4 with Nodes: 1596 and calcs: 140337485067 :: Predicted time: 0.062603, Actual Time: 0.074931
Build Time: 0.074931, Calc Time: 15.501863, reduction 0.105006
############################################
Predicted calcsPerSecond: 9063695367
SubGraph 0 Layer 13 Selecting RP 2 with Nodes: 1845 and calcs: 139382979989 :: Predicted time: 0.074931, Actual Time: 0.102135
Build Time: 0.102135, Calc Time: 15.378162, reduction 0.123700
############################################
Predicted calcsPerSecond: 9077753034
SubGraph 0 Layer 14 Selecting RP 3 with Nodes: 2090 and calcs: 138666871987 :: Predicted time: 0.102135, Actual Time: 0.136754
Build Time: 0.136754, Calc Time: 15.275462, reduction 0.102700
############################################
Final graph has 2090 nodes, 138666871987 calcs total
Node Construct time: 1.446376
Batchs: 4
Total results Set Size: 514928275 
Node Laucnher time: 8.275121
Total Time: 8.720578
Census____________________________________________________________
Census____________________________________________________________

Time to read in file: 2.166146

Number points: 2458285 
Number Dimensions: 68 
Number Concurent Streams: 2
Block Size: 512, Kernel Blocks: 1024
Using using binary searches
Distance Threshold: 0.001000 
*********************************

Predicted calcsPerSecond: 11982523413
SubGraph 0 Layer 0 Selecting RP 1 with Nodes: 226 and calcs: 267839562229 :: Predicted time: 0.000000, Actual Time: 0.129918
Build Time: 0.129918, Calc Time: 22.352517, reduction -22.352517
############################################
Predicted calcsPerSecond: 11996585828
SubGraph 0 Layer 1 Selecting RP 8 with Nodes: 5569 and calcs: 49684967055 :: Predicted time: 0.129918, Actual Time: 3.400773
Build Time: 3.400773, Calc Time: 4.141592, reduction 18.210925
############################################
Predicted calcsPerSecond: 12009486900
SubGraph 0 Layer 2 Selecting RP 0 with Nodes: 10186 and calcs: 28853311551 :: Predicted time: 3.400773, Actual Time: 0.107478
Build Time: 0.107478, Calc Time: 2.402543, reduction 1.739049
############################################
Predicted calcsPerSecond: 12011483031
SubGraph 0 Layer 3 Selecting RP 1 with Nodes: 10329 and calcs: 28500904977 :: Predicted time: 0.107478, Actual Time: 0.056713
Build Time: 0.056713, Calc Time: 2.372805, reduction 0.029738
############################################
Final graph has 10329 nodes, 28500904977 calcs total
Node Construct time: 1.953773
Batchs: 5
Total results Set Size: 55650567 
Node Laucnher time: 3.914243
Total Time: 5.555494

Time to read in file: 1.425491

Number points: 2458285 
Number Dimensions: 68 
Number Concurent Streams: 2
Block Size: 512, Kernel Blocks: 1024
Using using binary searches
Distance Threshold: 0.003250 
*********************************

Predicted calcsPerSecond: 11990107196
SubGraph 0 Layer 0 Selecting RP 1 with Nodes: 71 and calcs: 845568418799 :: Predicted time: 0.000000, Actual Time: 0.052407
Build Time: 0.052407, Calc Time: 70.522173, reduction -70.522173
############################################
Predicted calcsPerSecond: 12005229615
SubGraph 0 Layer 1 Selecting RP 8 with Nodes: 916 and calcs: 366799983833 :: Predicted time: 0.052407, Actual Time: 1.115395
Build Time: 1.115395, Calc Time: 30.553350, reduction 39.968823
############################################
Predicted calcsPerSecond: 12001102555
SubGraph 0 Layer 2 Selecting RP 2 with Nodes: 2374 and calcs: 235701471557 :: Predicted time: 1.115395, Actual Time: 0.092917
Build Time: 0.092917, Calc Time: 19.639985, reduction 10.913365
############################################
Predicted calcsPerSecond: 12010284728
SubGraph 0 Layer 3 Selecting RP 6 with Nodes: 4781 and calcs: 170667439095 :: Predicted time: 0.092917, Actual Time: 0.115320
Build Time: 0.115320, Calc Time: 14.210108, reduction 5.429877
############################################
Predicted calcsPerSecond: 12013954714
SubGraph 0 Layer 4 Selecting RP 6 with Nodes: 7493 and calcs: 134513642389 :: Predicted time: 0.115320, Actual Time: 0.145493
Build Time: 0.145493, Calc Time: 11.196450, reduction 3.013658
############################################
Predicted calcsPerSecond: 12010548037
SubGraph 0 Layer 5 Selecting RP 0 with Nodes: 8805 and calcs: 127565146105 :: Predicted time: 0.145493, Actual Time: 0.110522
Build Time: 0.110522, Calc Time: 10.621093, reduction 0.575357
############################################
Predicted calcsPerSecond: 12017610704
SubGraph 0 Layer 6 Selecting RP 8 with Nodes: 9523 and calcs: 125284874529 :: Predicted time: 0.110522, Actual Time: 0.213561
Build Time: 0.213561, Calc Time: 10.425107, reduction 0.195986
############################################
Final graph has 9523 nodes, 125284874529 calcs total
Node Construct time: 3.364585
Batchs: 5
Total results Set Size: 55650567 
Node Laucnher time: 7.088835
Total Time: 8.739010

Time to read in file: 0.735921

Number points: 2458285 
Number Dimensions: 68 
Number Concurent Streams: 2
Block Size: 512, Kernel Blocks: 1024
Using using binary searches
Distance Threshold: 0.005500 
*********************************

Predicted calcsPerSecond: 11985015079
SubGraph 0 Layer 0 Selecting RP 1 with Nodes: 43 and calcs: 1364011199683 :: Predicted time: 0.000000, Actual Time: 0.038414
Build Time: 0.038414, Calc Time: 113.809719, reduction -113.809719
############################################
Predicted calcsPerSecond: 11990913130
SubGraph 0 Layer 1 Selecting RP 8 with Nodes: 380 and calcs: 818114099099 :: Predicted time: 0.038414, Actual Time: 0.626482
Build Time: 0.626482, Calc Time: 68.227840, reduction 45.581879
############################################
Predicted calcsPerSecond: 11987967404
SubGraph 0 Layer 2 Selecting RP 6 with Nodes: 942 and calcs: 650095939019 :: Predicted time: 0.626482, Actual Time: 0.096575
Build Time: 0.096575, Calc Time: 54.229038, reduction 13.998802
############################################
Predicted calcsPerSecond: 11998338054
SubGraph 0 Layer 3 Selecting RP 9 with Nodes: 2062 and calcs: 528238697975 :: Predicted time: 0.096575, Actual Time: 0.095046
Build Time: 0.095046, Calc Time: 44.025989, reduction 10.203049
############################################
Predicted calcsPerSecond: 12016591025
SubGraph 0 Layer 4 Selecting RP 6 with Nodes: 3912 and calcs: 425410316367 :: Predicted time: 0.095046, Actual Time: 0.140235
Build Time: 0.140235, Calc Time: 35.401914, reduction 8.624075
############################################
Predicted calcsPerSecond: 12000856341
SubGraph 0 Layer 5 Selecting RP 3 with Nodes: 5775 and calcs: 381098875077 :: Predicted time: 0.140235, Actual Time: 0.216917
Build Time: 0.216917, Calc Time: 31.755973, reduction 3.645940
############################################
Predicted calcsPerSecond: 12009065690
SubGraph 0 Layer 6 Selecting RP 8 with Nodes: 7582 and calcs: 358264609455 :: Predicted time: 0.216917, Actual Time: 0.324944
Build Time: 0.324944, Calc Time: 29.832846, reduction 1.923127
############################################
Predicted calcsPerSecond: 12016551517
SubGraph 0 Layer 7 Selecting RP 4 with Nodes: 9647 and calcs: 338486210573 :: Predicted time: 0.324944, Actual Time: 0.613770
Build Time: 0.613770, Calc Time: 28.168332, reduction 1.664514
############################################
Predicted calcsPerSecond: 12014365945
SubGraph 0 Layer 8 Selecting RP 3 with Nodes: 11197 and calcs: 329064452405 :: Predicted time: 0.613770, Actual Time: 0.789537
Build Time: 0.789537, Calc Time: 27.389248, reduction 0.779083
############################################
Final graph has 11197 nodes, 329064452405 calcs total
Node Construct time: 5.661984
Batchs: 8
Total results Set Size: 311087687 
Node Laucnher time: 16.373560
Total Time: 18.016677

Time to read in file: 0.300165

Number points: 2458285 
Number Dimensions: 68 
Number Concurent Streams: 2
Block Size: 512, Kernel Blocks: 1024
Using using binary searches
Distance Threshold: 0.007750 
*********************************

Predicted calcsPerSecond: 11861747267
SubGraph 0 Layer 0 Selecting RP 1 with Nodes: 31 and calcs: 1815151802107 :: Predicted time: 0.000000, Actual Time: 0.032590
Build Time: 0.032590, Calc Time: 153.025668, reduction -153.025668
############################################
Predicted calcsPerSecond: 11933666640
SubGraph 0 Layer 1 Selecting RP 8 with Nodes: 218 and calcs: 1307694621745 :: Predicted time: 0.032590, Actual Time: 0.467110
Build Time: 0.467110, Calc Time: 109.580288, reduction 43.445381
############################################
Predicted calcsPerSecond: 11971896001
SubGraph 0 Layer 2 Selecting RP 6 with Nodes: 538 and calcs: 1135616953867 :: Predicted time: 0.467110, Actual Time: 0.090724
Build Time: 0.090724, Calc Time: 94.856901, reduction 14.723387
############################################
Predicted calcsPerSecond: 11986871576
SubGraph 0 Layer 3 Selecting RP 9 with Nodes: 1116 and calcs: 989885489125 :: Predicted time: 0.090724, Actual Time: 0.122246
Build Time: 0.122246, Calc Time: 82.580804, reduction 12.276097
############################################
Predicted calcsPerSecond: 11986737480
SubGraph 0 Layer 4 Selecting RP 6 with Nodes: 2146 and calcs: 856108252527 :: Predicted time: 0.122246, Actual Time: 0.128602
Build Time: 0.128602, Calc Time: 71.421290, reduction 11.159514
############################################
Predicted calcsPerSecond: 11997778910
SubGraph 0 Layer 5 Selecting RP 3 with Nodes: 3313 and calcs: 792743821759 :: Predicted time: 0.128602, Actual Time: 0.151852
Build Time: 0.151852, Calc Time: 66.074215, reduction 5.347075
############################################
Predicted calcsPerSecond: 12005128967
SubGraph 0 Layer 6 Selecting RP 8 with Nodes: 4709 and calcs: 753062977845 :: Predicted time: 0.151852, Actual Time: 0.235554
Build Time: 0.235554, Calc Time: 62.728437, reduction 3.345778
############################################
Predicted calcsPerSecond: 12000076735
SubGraph 0 Layer 7 Selecting RP 4 with Nodes: 6673 and calcs: 710576583003 :: Predicted time: 0.235554, Actual Time: 0.498195
Build Time: 0.498195, Calc Time: 59.214337, reduction 3.514101
############################################
Predicted calcsPerSecond: 11983843014
SubGraph 0 Layer 8 Selecting RP 6 with Nodes: 8352 and calcs: 677300652109 :: Predicted time: 0.498195, Actual Time: 0.780911
Build Time: 0.780911, Calc Time: 56.517817, reduction 2.696519
############################################
Predicted calcsPerSecond: 11985162966
SubGraph 0 Layer 9 Selecting RP 3 with Nodes: 10617 and calcs: 651527254849 :: Predicted time: 0.780911, Actual Time: 1.291046
Build Time: 1.291046, Calc Time: 54.361151, reduction 2.156666
############################################
Predicted calcsPerSecond: 12001321179
SubGraph 0 Layer 10 Selecting RP 8 with Nodes: 12564 and calcs: 625873926701 :: Predicted time: 1.291046, Actual Time: 1.991101
Build Time: 1.991101, Calc Time: 52.150419, reduction 2.210732
############################################
Predicted calcsPerSecond: 11985439076
SubGraph 0 Layer 11 Selecting RP 4 with Nodes: 14973 and calcs: 609975294041 :: Predicted time: 1.991101, Actual Time: 2.620499
Build Time: 2.620499, Calc Time: 50.893029, reduction 1.257390
############################################
Final graph has 14973 nodes, 609975294041 calcs total
Node Construct time: 12.538060
Batchs: 14
Total results Set Size: 897710957 
Node Laucnher time: 37.135091
Total Time: 38.765183
Wave __________________________________________________
Wave __________________________________________________

Time to read in file: 0.086013

Number points: 287999 
Number Dimensions: 49 
Number Concurent Streams: 2
Block Size: 512, Kernel Blocks: 1024
Using using binary searches
Distance Threshold: 0.002000 
*********************************

Predicted calcsPerSecond: 14054551369
SubGraph 0 Layer 0 Selecting RP 1 with Nodes: 38 and calcs: 18610355839 :: Predicted time: 0.000000, Actual Time: 0.020434
Build Time: 0.020434, Calc Time: 1.324152, reduction -1.324152
############################################
Predicted calcsPerSecond: 14170197412
SubGraph 0 Layer 1 Selecting RP 2 with Nodes: 150 and calcs: 14133410059 :: Predicted time: 0.020434, Actual Time: 0.044021
Build Time: 0.044021, Calc Time: 0.997404, reduction 0.326748
############################################
Predicted calcsPerSecond: 14180765796
SubGraph 0 Layer 2 Selecting RP 7 with Nodes: 215 and calcs: 12933587453 :: Predicted time: 0.044021, Actual Time: 0.005594
Build Time: 0.005594, Calc Time: 0.912051, reduction 0.085352
############################################
Predicted calcsPerSecond: 14253798603
SubGraph 0 Layer 3 Selecting RP 1 with Nodes: 304 and calcs: 11880589041 :: Predicted time: 0.005594, Actual Time: 0.005648
Build Time: 0.005648, Calc Time: 0.833503, reduction 0.078548
############################################
Predicted calcsPerSecond: 14260753321
SubGraph 0 Layer 4 Selecting RP 1 with Nodes: 392 and calcs: 11386496769 :: Predicted time: 0.005648, Actual Time: 0.006152
Build Time: 0.006152, Calc Time: 0.798450, reduction 0.035053
############################################
Predicted calcsPerSecond: 14259278134
SubGraph 0 Layer 5 Selecting RP 2 with Nodes: 484 and calcs: 11118774167 :: Predicted time: 0.006152, Actual Time: 0.006450
Build Time: 0.006450, Calc Time: 0.779757, reduction 0.018693
############################################
Predicted calcsPerSecond: 14249007256
SubGraph 0 Layer 6 Selecting RP 6 with Nodes: 542 and calcs: 10977666711 :: Predicted time: 0.006450, Actual Time: 0.006326
Build Time: 0.006326, Calc Time: 0.770416, reduction 0.009341
############################################
Predicted calcsPerSecond: 14240096981
SubGraph 0 Layer 7 Selecting RP 2 with Nodes: 576 and calcs: 10903610643 :: Predicted time: 0.006326, Actual Time: 0.005481
Build Time: 0.005481, Calc Time: 0.765698, reduction 0.004718
############################################
Final graph has 576 nodes, 10903610643 calcs total
Node Construct time: 0.247665
Batchs: 1
Total results Set Size: 11651957 
Node Laucnher time: 0.453971
Total Time: 0.581773

Time to read in file: 0.042660

Number points: 287999 
Number Dimensions: 49 
Number Concurent Streams: 2
Block Size: 512, Kernel Blocks: 1024
Using using binary searches
Distance Threshold: 0.003250 
*********************************

Predicted calcsPerSecond: 14063490677
SubGraph 0 Layer 0 Selecting RP 1 with Nodes: 25 and calcs: 27540420945 :: Predicted time: 0.000000, Actual Time: 0.013933
Build Time: 0.013933, Calc Time: 1.958292, reduction -1.958292
############################################
Predicted calcsPerSecond: 14165345455
SubGraph 0 Layer 1 Selecting RP 2 with Nodes: 87 and calcs: 23345563191 :: Predicted time: 0.013933, Actual Time: 0.029967
Build Time: 0.029967, Calc Time: 1.648076, reduction 0.310216
############################################
Predicted calcsPerSecond: 14194490573
SubGraph 0 Layer 2 Selecting RP 1 with Nodes: 168 and calcs: 21381588217 :: Predicted time: 0.029967, Actual Time: 0.007365
Build Time: 0.007365, Calc Time: 1.506330, reduction 0.141746
############################################
Predicted calcsPerSecond: 14246208442
SubGraph 0 Layer 3 Selecting RP 1 with Nodes: 222 and calcs: 20136871299 :: Predicted time: 0.007365, Actual Time: 0.005072
Build Time: 0.005072, Calc Time: 1.413490, reduction 0.092840
############################################
Predicted calcsPerSecond: 14277196800
SubGraph 0 Layer 4 Selecting RP 1 with Nodes: 268 and calcs: 19473300895 :: Predicted time: 0.005072, Actual Time: 0.005010
Build Time: 0.005010, Calc Time: 1.363944, reduction 0.049546
############################################
Predicted calcsPerSecond: 14259577905
SubGraph 0 Layer 5 Selecting RP 1 with Nodes: 330 and calcs: 18972189179 :: Predicted time: 0.005010, Actual Time: 0.005519
Build Time: 0.005519, Calc Time: 1.330487, reduction 0.033457
############################################
Predicted calcsPerSecond: 14257328977
SubGraph 0 Layer 6 Selecting RP 1 with Nodes: 399 and calcs: 18572642983 :: Predicted time: 0.005519, Actual Time: 0.006929
Build Time: 0.006929, Calc Time: 1.302673, reduction 0.027814
############################################
Predicted calcsPerSecond: 14244309301
SubGraph 0 Layer 7 Selecting RP 1 with Nodes: 484 and calcs: 18269442773 :: Predicted time: 0.006929, Actual Time: 0.007805
Build Time: 0.007805, Calc Time: 1.282578, reduction 0.020095
############################################
Predicted calcsPerSecond: 14222576810
SubGraph 0 Layer 8 Selecting RP 1 with Nodes: 558 and calcs: 17998124983 :: Predicted time: 0.007805, Actual Time: 0.010683
Build Time: 0.010683, Calc Time: 1.265462, reduction 0.017117
############################################
Predicted calcsPerSecond: 14236102401
SubGraph 0 Layer 9 Selecting RP 3 with Nodes: 635 and calcs: 17878180011 :: Predicted time: 0.010683, Actual Time: 0.009771
Build Time: 0.009771, Calc Time: 1.255834, reduction 0.009628
############################################
Final graph has 635 nodes, 17878180011 calcs total
Node Construct time: 0.387500
Batchs: 1
Total results Set Size: 27340089 
Node Laucnher time: 0.709382
Total Time: 0.830273

Time to read in file: 0.034295

Number points: 287999 
Number Dimensions: 49 
Number Concurent Streams: 2
Block Size: 512, Kernel Blocks: 1024
Using using binary searches
Distance Threshold: 0.004500 
*********************************

Predicted calcsPerSecond: 14035236967
SubGraph 0 Layer 0 Selecting RP 3 with Nodes: 17 and calcs: 34895868125 :: Predicted time: 0.000000, Actual Time: 0.009936
Build Time: 0.009936, Calc Time: 2.486304, reduction -2.486304
############################################
Predicted calcsPerSecond: 14124619322
SubGraph 0 Layer 1 Selecting RP 2 with Nodes: 52 and calcs: 30838039823 :: Predicted time: 0.009936, Actual Time: 0.020603
Build Time: 0.020603, Calc Time: 2.183283, reduction 0.303021
############################################
Predicted calcsPerSecond: 14180013433
SubGraph 0 Layer 2 Selecting RP 5 with Nodes: 96 and calcs: 28830936055 :: Predicted time: 0.020603, Actual Time: 0.006782
Build Time: 0.006782, Calc Time: 2.033209, reduction 0.150074
############################################
Predicted calcsPerSecond: 14232266183
SubGraph 0 Layer 3 Selecting RP 2 with Nodes: 157 and calcs: 27454889763 :: Predicted time: 0.006782, Actual Time: 0.005986
Build Time: 0.005986, Calc Time: 1.929060, reduction 0.104150
############################################
Predicted calcsPerSecond: 14261488090
SubGraph 0 Layer 4 Selecting RP 1 with Nodes: 211 and calcs: 26532268545 :: Predicted time: 0.005986, Actual Time: 0.004745
Build Time: 0.004745, Calc Time: 1.860414, reduction 0.068646
############################################
Predicted calcsPerSecond: 14280162904
SubGraph 0 Layer 5 Selecting RP 3 with Nodes: 261 and calcs: 26051948835 :: Predicted time: 0.004745, Actual Time: 0.006742
Build Time: 0.006742, Calc Time: 1.824345, reduction 0.036068
############################################
Predicted calcsPerSecond: 14250341170
SubGraph 0 Layer 6 Selecting RP 1 with Nodes: 313 and calcs: 25634393389 :: Predicted time: 0.006742, Actual Time: 0.005556
Build Time: 0.005556, Calc Time: 1.798862, reduction 0.025484
############################################
Predicted calcsPerSecond: 14207901193
SubGraph 0 Layer 7 Selecting RP 1 with Nodes: 355 and calcs: 25192282569 :: Predicted time: 0.005556, Actual Time: 0.005848
Build Time: 0.005848, Calc Time: 1.773118, reduction 0.025744
############################################
Predicted calcsPerSecond: 14255859141
SubGraph 0 Layer 8 Selecting RP 2 with Nodes: 418 and calcs: 24877663803 :: Predicted time: 0.005848, Actual Time: 0.006099
Build Time: 0.006099, Calc Time: 1.745083, reduction 0.028034
############################################
Predicted calcsPerSecond: 14222394356
SubGraph 0 Layer 9 Selecting RP 3 with Nodes: 485 and calcs: 24682058995 :: Predicted time: 0.006099, Actual Time: 0.008503
Build Time: 0.008503, Calc Time: 1.735436, reduction 0.009647
############################################
Predicted calcsPerSecond: 14261428419
SubGraph 0 Layer 10 Selecting RP 2 with Nodes: 566 and calcs: 24496083547 :: Predicted time: 0.008503, Actual Time: 0.011263
Build Time: 0.011263, Calc Time: 1.717646, reduction 0.017790
############################################
Predicted calcsPerSecond: 14247414090
SubGraph 0 Layer 11 Selecting RP 2 with Nodes: 626 and calcs: 24343736929 :: Predicted time: 0.011263, Actual Time: 0.012433
Build Time: 0.012433, Calc Time: 1.708642, reduction 0.009003
############################################
Final graph has 626 nodes, 24343736929 calcs total
Node Construct time: 0.463011
Batchs: 1
Total results Set Size: 47254879 
Node Laucnher time: 0.949144
Total Time: 1.076667

Time to read in file: 0.034417

Number points: 287999 
Number Dimensions: 49 
Number Concurent Streams: 2
Block Size: 512, Kernel Blocks: 1024
Using using binary searches
Distance Threshold: 0.005750 
*********************************

Predicted calcsPerSecond: 14042192960
SubGraph 0 Layer 0 Selecting RP 6 with Nodes: 15 and calcs: 40034425453 :: Predicted time: 0.000000, Actual Time: 0.008936
Build Time: 0.008936, Calc Time: 2.851009, reduction -2.851009
############################################
Predicted calcsPerSecond: 14166555259
SubGraph 0 Layer 1 Selecting RP 4 with Nodes: 36 and calcs: 36485535735 :: Predicted time: 0.008936, Actual Time: 0.016143
Build Time: 0.016143, Calc Time: 2.575470, reduction 0.275540
############################################
Predicted calcsPerSecond: 14216981186
SubGraph 0 Layer 2 Selecting RP 4 with Nodes: 64 and calcs: 35059788465 :: Predicted time: 0.016143, Actual Time: 0.006002
Build Time: 0.006002, Calc Time: 2.466050, reduction 0.109420
############################################
Predicted calcsPerSecond: 14242396336
SubGraph 0 Layer 3 Selecting RP 6 with Nodes: 108 and calcs: 33996926329 :: Predicted time: 0.006002, Actual Time: 0.005981
Build Time: 0.005981, Calc Time: 2.387023, reduction 0.079027
############################################
Predicted calcsPerSecond: 14246565646
SubGraph 0 Layer 4 Selecting RP 1 with Nodes: 164 and calcs: 33053360959 :: Predicted time: 0.005981, Actual Time: 0.005869
Build Time: 0.005869, Calc Time: 2.320093, reduction 0.066930
############################################
Predicted calcsPerSecond: 14277635495
SubGraph 0 Layer 5 Selecting RP 4 with Nodes: 220 and calcs: 32293817869 :: Predicted time: 0.005869, Actual Time: 0.005653
Build Time: 0.005653, Calc Time: 2.261846, reduction 0.058247
############################################
Predicted calcsPerSecond: 14248379216
SubGraph 0 Layer 6 Selecting RP 1 with Nodes: 265 and calcs: 31765613457 :: Predicted time: 0.005653, Actual Time: 0.005463
Build Time: 0.005463, Calc Time: 2.229419, reduction 0.032427
############################################
Predicted calcsPerSecond: 14236916482
SubGraph 0 Layer 7 Selecting RP 2 with Nodes: 310 and calcs: 31387352775 :: Predicted time: 0.005463, Actual Time: 0.004601
Build Time: 0.004601, Calc Time: 2.204645, reduction 0.024774
############################################
Predicted calcsPerSecond: 14251402525
SubGraph 0 Layer 8 Selecting RP 1 with Nodes: 363 and calcs: 31015328147 :: Predicted time: 0.004601, Actual Time: 0.005897
Build Time: 0.005897, Calc Time: 2.176300, reduction 0.028345
############################################
Predicted calcsPerSecond: 14250815442
SubGraph 0 Layer 9 Selecting RP 4 with Nodes: 386 and calcs: 30703110237 :: Predicted time: 0.005897, Actual Time: 0.006117
Build Time: 0.006117, Calc Time: 2.154481, reduction 0.021819
############################################
Predicted calcsPerSecond: 14256227842
SubGraph 0 Layer 10 Selecting RP 3 with Nodes: 424 and calcs: 30474749757 :: Predicted time: 0.006117, Actual Time: 0.006196
Build Time: 0.006196, Calc Time: 2.137645, reduction 0.016836
############################################
Predicted calcsPerSecond: 14267739702
SubGraph 0 Layer 11 Selecting RP 3 with Nodes: 476 and calcs: 30263695755 :: Predicted time: 0.006196, Actual Time: 0.007424
Build Time: 0.007424, Calc Time: 2.121128, reduction 0.016517
############################################
Predicted calcsPerSecond: 14293101587
SubGraph 0 Layer 12 Selecting RP 1 with Nodes: 530 and calcs: 29985011037 :: Predicted time: 0.007424, Actual Time: 0.007795
Build Time: 0.007795, Calc Time: 2.097866, reduction 0.023262
############################################
Predicted calcsPerSecond: 14285013471
SubGraph 0 Layer 13 Selecting RP 9 with Nodes: 600 and calcs: 29861024347 :: Predicted time: 0.007795, Actual Time: 0.010258
Build Time: 0.010258, Calc Time: 2.090374, reduction 0.007492
############################################
Final graph has 600 nodes, 29861024347 calcs total
Node Construct time: 0.496259
Batchs: 1
Total results Set Size: 93070851 
Node Laucnher time: 1.341823
Total Time: 1.466010

Time to read in file: 0.034276

Number points: 287999 
Number Dimensions: 49 
Number Concurent Streams: 2
Block Size: 512, Kernel Blocks: 1024
Using using binary searches
Distance Threshold: 0.007000 
*********************************

Predicted calcsPerSecond: 13959006882
SubGraph 0 Layer 0 Selecting RP 3 with Nodes: 13 and calcs: 43968382041 :: Predicted time: 0.000000, Actual Time: 0.007944
Build Time: 0.007944, Calc Time: 3.149822, reduction -3.149822
############################################
Predicted calcsPerSecond: 14122071633
SubGraph 0 Layer 1 Selecting RP 6 with Nodes: 32 and calcs: 41506087741 :: Predicted time: 0.007944, Actual Time: 0.014882
Build Time: 0.014882, Calc Time: 2.939093, reduction 0.210728
############################################
Predicted calcsPerSecond: 14183578152
SubGraph 0 Layer 2 Selecting RP 5 with Nodes: 63 and calcs: 39746059499 :: Predicted time: 0.014882, Actual Time: 0.006547
Build Time: 0.006547, Calc Time: 2.802259, reduction 0.136834
############################################
Predicted calcsPerSecond: 14218062012
SubGraph 0 Layer 3 Selecting RP 6 with Nodes: 96 and calcs: 38816859959 :: Predicted time: 0.006547, Actual Time: 0.005234
Build Time: 0.005234, Calc Time: 2.730109, reduction 0.072150
############################################
Predicted calcsPerSecond: 14206754818
SubGraph 0 Layer 4 Selecting RP 5 with Nodes: 147 and calcs: 38097259923 :: Predicted time: 0.005234, Actual Time: 0.005729
Build Time: 0.005729, Calc Time: 2.681630, reduction 0.048479
############################################
Predicted calcsPerSecond: 14248225339
SubGraph 0 Layer 5 Selecting RP 3 with Nodes: 184 and calcs: 37558645459 :: Predicted time: 0.005729, Actual Time: 0.004818
Build Time: 0.004818, Calc Time: 2.636023, reduction 0.045607
############################################
Predicted calcsPerSecond: 14229905027
SubGraph 0 Layer 6 Selecting RP 1 with Nodes: 235 and calcs: 36915363819 :: Predicted time: 0.004818, Actual Time: 0.005209
Build Time: 0.005209, Calc Time: 2.594210, reduction 0.041813
############################################
Predicted calcsPerSecond: 14259699039
SubGraph 0 Layer 7 Selecting RP 1 with Nodes: 282 and calcs: 36538113321 :: Predicted time: 0.005209, Actual Time: 0.005706
Build Time: 0.005706, Calc Time: 2.562334, reduction 0.031876
############################################
Predicted calcsPerSecond: 14249671988
SubGraph 0 Layer 8 Selecting RP 3 with Nodes: 316 and calcs: 36233727363 :: Predicted time: 0.005706, Actual Time: 0.005696
Build Time: 0.005696, Calc Time: 2.542776, reduction 0.019558
############################################
Predicted calcsPerSecond: 14232487902
SubGraph 0 Layer 9 Selecting RP 3 with Nodes: 361 and calcs: 35998401051 :: Predicted time: 0.005696, Actual Time: 0.005739
Build Time: 0.005739, Calc Time: 2.529312, reduction 0.013464
############################################
Predicted calcsPerSecond: 14251214889
SubGraph 0 Layer 10 Selecting RP 2 with Nodes: 421 and calcs: 35781252667 :: Predicted time: 0.005739, Actual Time: 0.007142
Build Time: 0.007142, Calc Time: 2.510751, reduction 0.018561
############################################
Predicted calcsPerSecond: 14247495979
SubGraph 0 Layer 11 Selecting RP 2 with Nodes: 480 and calcs: 35576042543 :: Predicted time: 0.007142, Actual Time: 0.008907
Build Time: 0.008907, Calc Time: 2.497003, reduction 0.013748
############################################
Predicted calcsPerSecond: 14273114900
SubGraph 0 Layer 12 Selecting RP 1 with Nodes: 549 and calcs: 35311801559 :: Predicted time: 0.008907, Actual Time: 0.010292
Build Time: 0.010292, Calc Time: 2.474008, reduction 0.022995
############################################
Predicted calcsPerSecond: 14252754321
SubGraph 0 Layer 13 Selecting RP 1 with Nodes: 586 and calcs: 35101001357 :: Predicted time: 0.010292, Actual Time: 0.009399
Build Time: 0.009399, Calc Time: 2.462752, reduction 0.011256
############################################
Predicted calcsPerSecond: 14267569256
SubGraph 0 Layer 14 Selecting RP 1 with Nodes: 655 and calcs: 34849457155 :: Predicted time: 0.009399, Actual Time: 0.012183
Build Time: 0.012183, Calc Time: 2.442564, reduction 0.020188
############################################
Predicted calcsPerSecond: 14286759023
SubGraph 0 Layer 15 Selecting RP 2 with Nodes: 697 and calcs: 34663684381 :: Predicted time: 0.012183, Actual Time: 0.014546
Build Time: 0.014546, Calc Time: 2.426280, reduction 0.016284
############################################
Predicted calcsPerSecond: 14222124013
SubGraph 0 Layer 16 Selecting RP 3 with Nodes: 755 and calcs: 34585937515 :: Predicted time: 0.014546, Actual Time: 0.012303
Build Time: 0.012303, Calc Time: 2.431841, reduction -0.005560
############################################
Final graph has 755 nodes, 34585937515 calcs total
Node Construct time: 0.621971
Batchs: 1
Total results Set Size: 290127035 
Node Laucnher time: 2.513863
Total Time: 2.643128
BIGCROSS____________________________________________________________
BIGCROSS____________________________________________________________

Time to read in file: 12.747335

Number points: 11620300 
Number Dimensions: 57 
Number Concurent Streams: 2
Block Size: 512, Kernel Blocks: 1024
Using using binary searches
Distance Threshold: 0.001000 
*********************************

Predicted calcsPerSecond: 12374052353
SubGraph 0 Layer 0 Selecting RP 1 with Nodes: 284 and calcs: 2218851098970 :: Predicted time: 0.000000, Actual Time: 0.212899
Build Time: 0.212899, Calc Time: 179.314830, reduction -179.314830
############################################
Predicted calcsPerSecond: 12378625556
SubGraph 0 Layer 1 Selecting RP 9 with Nodes: 12804 and calcs: 199240449126 :: Predicted time: 0.212899, Actual Time: 29.401109
Build Time: 29.401109, Calc Time: 16.095523, reduction 163.219308
############################################
Predicted calcsPerSecond: 12378742400
SubGraph 0 Layer 2 Selecting RP 0 with Nodes: 56603 and calcs: 120929213754 :: Predicted time: 29.401109, Actual Time: 1.835469
Build Time: 1.835469, Calc Time: 9.769103, reduction 6.326419
############################################
Predicted calcsPerSecond: 12376190262
SubGraph 0 Layer 3 Selecting RP 9 with Nodes: 56603 and calcs: 120929213754 :: Predicted time: 1.835469, Actual Time: 0.498679
Build Time: 0.498679, Calc Time: 9.771118, reduction -0.002015
############################################
Final graph has 56603 nodes, 120929213754 calcs total
Node Construct time: 10.138316
Batchs: 23
Total results Set Size: 41137474 
Node Laucnher time: 14.997595
Total Time: 21.275484

Time to read in file: 11.454443

Number points: 11620300 
Number Dimensions: 57 
Number Concurent Streams: 2
Block Size: 512, Kernel Blocks: 1024
Using using binary searches
Distance Threshold: 0.005750 
*********************************

Predicted calcsPerSecond: 12374108187
SubGraph 0 Layer 0 Selecting RP 1 with Nodes: 50 and calcs: 12707374244866 :: Predicted time: 0.000000, Actual Time: 0.095899
Build Time: 0.095899, Calc Time: 1026.932531, reduction -1026.932531
############################################
Predicted calcsPerSecond: 12379663304
SubGraph 0 Layer 1 Selecting RP 9 with Nodes: 491 and calcs: 5686280490162 :: Predicted time: 0.095899, Actual Time: 4.376070
Build Time: 4.376070, Calc Time: 459.324325, reduction 567.608207
############################################
Predicted calcsPerSecond: 12377389675
SubGraph 0 Layer 2 Selecting RP 0 with Nodes: 3403 and calcs: 2813104710430 :: Predicted time: 4.376070, Actual Time: 1.384174
Build Time: 1.384174, Calc Time: 227.277704, reduction 232.046621
############################################
Predicted calcsPerSecond: 12375266698
SubGraph 0 Layer 3 Selecting RP 7 with Nodes: 7685 and calcs: 2275045131178 :: Predicted time: 1.384174, Actual Time: 0.596684
Build Time: 0.596684, Calc Time: 183.838069, reduction 43.439635
############################################
Predicted calcsPerSecond: 12381441148
SubGraph 0 Layer 4 Selecting RP 0 with Nodes: 14791 and calcs: 1618859620100 :: Predicted time: 0.596684, Actual Time: 0.463633
Build Time: 0.463633, Calc Time: 130.748885, reduction 53.089184
############################################
Predicted calcsPerSecond: 12383428058
SubGraph 0 Layer 5 Selecting RP 4 with Nodes: 29122 and calcs: 1173221806090 :: Predicted time: 0.463633, Actual Time: 1.858647
Build Time: 1.858647, Calc Time: 94.741278, reduction 36.007606
############################################
Predicted calcsPerSecond: 12381517570
SubGraph 0 Layer 6 Selecting RP 1 with Nodes: 39126 and calcs: 1014566290784 :: Predicted time: 1.858647, Actual Time: 2.122800
Build Time: 2.122800, Calc Time: 81.941998, reduction 12.799280
############################################
Predicted calcsPerSecond: 12373780982
SubGraph 0 Layer 7 Selecting RP 6 with Nodes: 43764 and calcs: 992052523520 :: Predicted time: 2.122800, Actual Time: 2.486250
Build Time: 2.486250, Calc Time: 80.173758, reduction 1.768240
############################################
Final graph has 43764 nodes, 992052523520 calcs total
Node Construct time: 22.179707
Batchs: 25
Total results Set Size: 539888914 
Node Laucnher time: 34.934062
Total Time: 41.222085

Time to read in file: 11.587840

Number points: 11620300 
Number Dimensions: 57 
Number Concurent Streams: 2
Block Size: 512, Kernel Blocks: 1024
Using using binary searches
Distance Threshold: 0.010500 
*********************************

Predicted calcsPerSecond: 12376193175
SubGraph 0 Layer 0 Selecting RP 1 with Nodes: 28 and calcs: 23026901662088 :: Predicted time: 0.000000, Actual Time: 0.084887
Build Time: 0.084887, Calc Time: 1860.580336, reduction -1860.580336
############################################
Predicted calcsPerSecond: 12380995783
SubGraph 0 Layer 1 Selecting RP 9 with Nodes: 171 and calcs: 15137745540152 :: Predicted time: 0.084887, Actual Time: 2.035677
Build Time: 2.035677, Calc Time: 1222.659777, reduction 637.920560
############################################
Predicted calcsPerSecond: 12384226726
SubGraph 0 Layer 2 Selecting RP 0 with Nodes: 823 and calcs: 10665352954338 :: Predicted time: 2.035677, Actual Time: 2.572743
Build Time: 2.572743, Calc Time: 861.204594, reduction 361.455182
############################################
Predicted calcsPerSecond: 12383389837
SubGraph 0 Layer 3 Selecting RP 7 with Nodes: 1842 and calcs: 9277529000604 :: Predicted time: 2.572743, Actual Time: 0.961269
Build Time: 0.961269, Calc Time: 749.191386, reduction 112.013208
############################################
Predicted calcsPerSecond: 12385050541
SubGraph 0 Layer 4 Selecting RP 0 with Nodes: 4074 and calcs: 6944932139770 :: Predicted time: 0.961269, Actual Time: 0.654386
Build Time: 0.654386, Calc Time: 560.751215, reduction 188.440171
############################################
Predicted calcsPerSecond: 12387193423
SubGraph 0 Layer 5 Selecting RP 4 with Nodes: 8637 and calcs: 5842543402050 :: Predicted time: 0.654386, Actual Time: 1.591192
Build Time: 1.591192, Calc Time: 471.659980, reduction 89.091235
############################################
Predicted calcsPerSecond: 12375362543
SubGraph 0 Layer 6 Selecting RP 1 with Nodes: 15136 and calcs: 4685296243906 :: Predicted time: 1.591192, Actual Time: 1.108002
Build Time: 1.108002, Calc Time: 378.598706, reduction 93.061274
############################################
Predicted calcsPerSecond: 12381049150
SubGraph 0 Layer 7 Selecting RP 6 with Nodes: 21116 and calcs: 4418819402866 :: Predicted time: 1.108002, Actual Time: 2.372238
Build Time: 2.372238, Calc Time: 356.901855, reduction 21.696851
############################################
Predicted calcsPerSecond: 12381758120
SubGraph 0 Layer 8 Selecting RP 0 with Nodes: 29185 and calcs: 4029409608102 :: Predicted time: 2.372238, Actual Time: 1.671565
Build Time: 1.671565, Calc Time: 325.431136, reduction 31.470719
############################################
Predicted calcsPerSecond: 12381697664
SubGraph 0 Layer 9 Selecting RP 0 with Nodes: 37530 and calcs: 3785327975158 :: Predicted time: 1.671565, Actual Time: 1.990853
Build Time: 1.990853, Calc Time: 305.719626, reduction 19.711510
############################################
Predicted calcsPerSecond: 12385060487
SubGraph 0 Layer 10 Selecting RP 1 with Nodes: 47296 and calcs: 3638626014826 :: Predicted time: 1.990853, Actual Time: 8.918966
Build Time: 8.918966, Calc Time: 293.791542, reduction 11.928084
############################################
Predicted calcsPerSecond: 12379289576
SubGraph 0 Layer 11 Selecting RP 0 with Nodes: 57751 and calcs: 3445324284390 :: Predicted time: 8.918966, Actual Time: 4.432027
Build Time: 4.432027, Calc Time: 278.313571, reduction 15.477971
############################################
Predicted calcsPerSecond: 12379344616
SubGraph 0 Layer 12 Selecting RP 0 with Nodes: 66094 and calcs: 3359504873684 :: Predicted time: 4.432027, Actual Time: 8.042352
Build Time: 8.042352, Calc Time: 271.379865, reduction 6.933705
############################################
Final graph has 66094 nodes, 3359504873684 calcs total
Node Construct time: 64.035355
Batchs: 75
Total results Set Size: 1686078098 
Node Laucnher time: 112.812265
Total Time: 119.088059

Time to read in file: 11.487870

Number points: 11620300 
Number Dimensions: 57 
Number Concurent Streams: 2
Block Size: 512, Kernel Blocks: 1024
Using using binary searches
Distance Threshold: 0.015250 
*********************************

Predicted calcsPerSecond: 12376911989
SubGraph 0 Layer 0 Selecting RP 1 with Nodes: 19 and calcs: 33074580959368 :: Predicted time: 0.000000, Actual Time: 0.080383
Build Time: 0.080383, Calc Time: 2672.280532, reduction -2672.280532
############################################
Predicted calcsPerSecond: 12379599369
SubGraph 0 Layer 1 Selecting RP 9 with Nodes: 95 and calcs: 25399610622444 :: Predicted time: 0.080383, Actual Time: 1.718661
Build Time: 1.718661, Calc Time: 2051.731229, reduction 620.549304
############################################
Predicted calcsPerSecond: 12383298030
SubGraph 0 Layer 2 Selecting RP 0 with Nodes: 355 and calcs: 20820491874220 :: Predicted time: 1.718661, Actual Time: 0.724531
Build Time: 0.724531, Calc Time: 1681.336573, reduction 370.394655
############################################
Predicted calcsPerSecond: 12380074396
SubGraph 0 Layer 3 Selecting RP 2 with Nodes: 748 and calcs: 18481532606976 :: Predicted time: 0.724531, Actual Time: 0.499740
Build Time: 0.499740, Calc Time: 1492.845036, reduction 188.491537
############################################
Predicted calcsPerSecond: 12375312749
SubGraph 0 Layer 4 Selecting RP 0 with Nodes: 1684 and calcs: 14529927649062 :: Predicted time: 0.499740, Actual Time: 0.495810
Build Time: 0.495810, Calc Time: 1174.105895, reduction 318.739141
############################################
Predicted calcsPerSecond: 12378669218
SubGraph 0 Layer 5 Selecting RP 2 with Nodes: 3058 and calcs: 13340423302278 :: Predicted time: 0.495810, Actual Time: 0.481661
Build Time: 0.481661, Calc Time: 1077.694465, reduction 96.411430
############################################
Predicted calcsPerSecond: 12382012090
SubGraph 0 Layer 6 Selecting RP 1 with Nodes: 4948 and calcs: 11895957726760 :: Predicted time: 0.481661, Actual Time: 0.498910
Build Time: 0.498910, Calc Time: 960.745123, reduction 116.949342
############################################
Predicted calcsPerSecond: 12377227249
SubGraph 0 Layer 7 Selecting RP 6 with Nodes: 7624 and calcs: 11318627801790 :: Predicted time: 0.498910, Actual Time: 2.395995
Build Time: 2.395995, Calc Time: 914.472004, reduction 46.273119
############################################
Predicted calcsPerSecond: 12382708671
SubGraph 0 Layer 8 Selecting RP 0 with Nodes: 11647 and calcs: 10530533676306 :: Predicted time: 2.395995, Actual Time: 0.892977
Build Time: 0.892977, Calc Time: 850.422469, reduction 64.049535
############################################
Predicted calcsPerSecond: 12384453154
SubGraph 0 Layer 9 Selecting RP 4 with Nodes: 14967 and calcs: 10087249078888 :: Predicted time: 0.892977, Actual Time: 1.730156
Build Time: 1.730156, Calc Time: 814.509042, reduction 35.913426
############################################
Predicted calcsPerSecond: 12381299363
SubGraph 0 Layer 10 Selecting RP 1 with Nodes: 20076 and calcs: 9760642083300 :: Predicted time: 1.730156, Actual Time: 3.874073
Build Time: 3.874073, Calc Time: 788.337459, reduction 26.171583
############################################
Predicted calcsPerSecond: 12375437673
SubGraph 0 Layer 11 Selecting RP 0 with Nodes: 27419 and calcs: 9175555938690 :: Predicted time: 3.874073, Actual Time: 4.580016
Build Time: 4.580016, Calc Time: 741.432843, reduction 46.904616
############################################
Predicted calcsPerSecond: 12383143065
SubGraph 0 Layer 12 Selecting RP 0 with Nodes: 36315 and calcs: 8835999313122 :: Predicted time: 4.580016, Actual Time: 6.275316
Build Time: 6.275316, Calc Time: 713.550612, reduction 27.882231
############################################
Predicted calcsPerSecond: 12380071719
SubGraph 0 Layer 13 Selecting RP 8 with Nodes: 42699 and calcs: 8706682541722 :: Predicted time: 6.275316, Actual Time: 10.528640
Build Time: 10.528640, Calc Time: 703.282076, reduction 10.268536
############################################
Final graph has 42699 nodes, 8706682541722 calcs total
Node Construct time: 58.375254
Batchs: 195
Total results Set Size: 4751938200 
Node Laucnher time: 246.510949
Total Time: 252.926134

Time to read in file: 11.441927

Number points: 11620300 
Number Dimensions: 57 
Number Concurent Streams: 2
Block Size: 512, Kernel Blocks: 1024
Using using binary searches
Distance Threshold: 0.020000 
*********************************

Predicted calcsPerSecond: 12380102410
SubGraph 0 Layer 0 Selecting RP 1 with Nodes: 15 and calcs: 42781421770598 :: Predicted time: 0.000000, Actual Time: 0.078365
Build Time: 0.078365, Calc Time: 3455.659764, reduction -3455.659764
############################################
Predicted calcsPerSecond: 12373893455
SubGraph 0 Layer 1 Selecting RP 9 with Nodes: 58 and calcs: 35176437417218 :: Predicted time: 0.078365, Actual Time: 1.150323
Build Time: 1.150323, Calc Time: 2842.794594, reduction 612.865170
############################################
Predicted calcsPerSecond: 12374178731
SubGraph 0 Layer 2 Selecting RP 0 with Nodes: 199 and calcs: 31156064280546 :: Predicted time: 1.150323, Actual Time: 0.721683
Build Time: 0.721683, Calc Time: 2517.828856, reduction 324.965738
############################################
Predicted calcsPerSecond: 12371838254
SubGraph 0 Layer 3 Selecting RP 2 with Nodes: 401 and calcs: 28345082153310 :: Predicted time: 0.721683, Actual Time: 0.567732
Build Time: 0.567732, Calc Time: 2291.097052, reduction 226.731804
############################################
Predicted calcsPerSecond: 12374715622
SubGraph 0 Layer 4 Selecting RP 0 with Nodes: 890 and calcs: 23547976626506 :: Predicted time: 0.567732, Actual Time: 0.671187
Build Time: 0.671187, Calc Time: 1902.910527, reduction 388.186525
############################################
Predicted calcsPerSecond: 12378806090
SubGraph 0 Layer 5 Selecting RP 4 with Nodes: 1649 and calcs: 21843812575554 :: Predicted time: 0.671187, Actual Time: 0.907873
Build Time: 0.907873, Calc Time: 1764.613842, reduction 138.296685
############################################
Predicted calcsPerSecond: 12377497275
SubGraph 0 Layer 6 Selecting RP 1 with Nodes: 2817 and calcs: 19606715706008 :: Predicted time: 0.907873, Actual Time: 0.910757
Build Time: 0.910757, Calc Time: 1584.061404, reduction 180.552439
############################################
Predicted calcsPerSecond: 12373320245
SubGraph 0 Layer 7 Selecting RP 5 with Nodes: 4029 and calcs: 18935882150126 :: Predicted time: 0.910757, Actual Time: 0.901407
Build Time: 0.901407, Calc Time: 1530.380025, reduction 53.681378
############################################
Predicted calcsPerSecond: 12378892104
SubGraph 0 Layer 8 Selecting RP 0 with Nodes: 6175 and calcs: 18118395976384 :: Predicted time: 0.901407, Actual Time: 0.453798
Build Time: 0.453798, Calc Time: 1463.652468, reduction 66.727558
############################################
Predicted calcsPerSecond: 12380432082
SubGraph 0 Layer 9 Selecting RP 3 with Nodes: 7947 and calcs: 17478150168388 :: Predicted time: 0.453798, Actual Time: 1.222523
Build Time: 1.222523, Calc Time: 1411.756072, reduction 51.896396
############################################
Predicted calcsPerSecond: 12383068906
SubGraph 0 Layer 10 Selecting RP 1 with Nodes: 10893 and calcs: 17059404167616 :: Predicted time: 1.222523, Actual Time: 1.434433
Build Time: 1.434433, Calc Time: 1377.639444, reduction 34.116628
############################################
Predicted calcsPerSecond: 12379573359
SubGraph 0 Layer 11 Selecting RP 0 with Nodes: 15119 and calcs: 16260774919312 :: Predicted time: 1.434433, Actual Time: 2.031233
Build Time: 2.031233, Calc Time: 1313.516585, reduction 64.122860
############################################
Predicted calcsPerSecond: 12384675590
SubGraph 0 Layer 12 Selecting RP 0 with Nodes: 20112 and calcs: 15977405174908 :: Predicted time: 2.031233, Actual Time: 2.601389
Build Time: 2.601389, Calc Time: 1290.094767, reduction 23.421817
############################################
Predicted calcsPerSecond: 12379544806
SubGraph 0 Layer 13 Selecting RP 2 with Nodes: 23819 and calcs: 15791039660868 :: Predicted time: 2.601389, Actual Time: 5.890176
Build Time: 5.890176, Calc Time: 1275.575145, reduction 14.519622
############################################
Predicted calcsPerSecond: 12369641063
SubGraph 0 Layer 14 Selecting RP 0 with Nodes: 29046 and calcs: 15303432184740 :: Predicted time: 5.890176, Actual Time: 5.027311
Build Time: 5.027311, Calc Time: 1237.176738, reduction 38.398407
############################################
Predicted calcsPerSecond: 12371475887
SubGraph 0 Layer 15 Selecting RP 1 with Nodes: 36109 and calcs: 14860321706784 :: Predicted time: 5.027311, Actual Time: 10.650405
Build Time: 10.650405, Calc Time: 1201.176144, reduction 36.000594
############################################
Predicted calcsPerSecond: 12371524447
SubGraph 0 Layer 16 Selecting RP 7 with Nodes: 42149 and calcs: 14643395529348 :: Predicted time: 10.650405, Actual Time: 12.647465
Build Time: 12.647465, Calc Time: 1183.637117, reduction 17.539027
############################################
Predicted calcsPerSecond: 12382082714
SubGraph 0 Layer 17 Selecting RP 6 with Nodes: 49101 and calcs: 14485444117576 :: Predicted time: 12.647465, Actual Time: 16.300004
Build Time: 16.300004, Calc Time: 1169.871374, reduction 13.765743
############################################
Final graph has 49101 nodes, 14485444117576 calcs total
Node Construct time: 97.619594
Batchs: 326
Total results Set Size: 12151386442 
Node Laucnher time: 634.715718
Total Time: 641.077809
SUSY ________________________________________________________________
SUSY ________________________________________________________________

Time to read in file: 0.683268

Number points: 5000000 
Number Dimensions: 18 
Number Concurent Streams: 2
Block Size: 512, Kernel Blocks: 1024
Using using binary searches
Distance Threshold: 0.010000 
*********************************

Predicted calcsPerSecond: 52829742252
SubGraph 0 Layer 0 Selecting RP 5 with Nodes: 33 and calcs: 8418473200814 :: Predicted time: 0.000000, Actual Time: 0.020515
Build Time: 0.020515, Calc Time: 159.351018, reduction -159.351018
############################################
Predicted calcsPerSecond: 53264116659
SubGraph 0 Layer 1 Selecting RP 7 with Nodes: 375 and calcs: 3497905710176 :: Predicted time: 0.020515, Actual Time: 1.614468
Build Time: 1.614468, Calc Time: 65.670961, reduction 93.680057
############################################
Predicted calcsPerSecond: 53270120538
SubGraph 0 Layer 2 Selecting RP 5 with Nodes: 1940 and calcs: 1940815258058 :: Predicted time: 1.614468, Actual Time: 0.573030
Build Time: 0.573030, Calc Time: 36.433468, reduction 29.237492
############################################
Predicted calcsPerSecond: 53166904941
SubGraph 0 Layer 3 Selecting RP 8 with Nodes: 5330 and calcs: 1078558060880 :: Predicted time: 0.573030, Actual Time: 0.312638
Build Time: 0.312638, Calc Time: 20.286268, reduction 16.147201
############################################
Predicted calcsPerSecond: 53191255964
SubGraph 0 Layer 4 Selecting RP 3 with Nodes: 12931 and calcs: 741620864094 :: Predicted time: 0.312638, Actual Time: 0.634212
Build Time: 0.634212, Calc Time: 13.942533, reduction 6.343734
############################################
Predicted calcsPerSecond: 53164833708
SubGraph 0 Layer 5 Selecting RP 0 with Nodes: 21594 and calcs: 604590868836 :: Predicted time: 0.634212, Actual Time: 1.113920
Build Time: 1.113920, Calc Time: 11.372007, reduction 2.570526
############################################
Predicted calcsPerSecond: 52963658951
SubGraph 0 Layer 6 Selecting RP 0 with Nodes: 32076 and calcs: 517598545148 :: Predicted time: 1.113920, Actual Time: 1.705114
Build Time: 1.705114, Calc Time: 9.772711, reduction 1.599296
############################################
Final graph has 32076 nodes, 517598545148 calcs total
Node Construct time: 7.604651
Batchs: 13
Total results Set Size: 30844186 
Node Laucnher time: 14.029146
Total Time: 14.880030

Time to read in file: 0.537253

Number points: 5000000 
Number Dimensions: 18 
Number Concurent Streams: 2
Block Size: 512, Kernel Blocks: 1024
Using using binary searches
Distance Threshold: 0.012750 
*********************************

Predicted calcsPerSecond: 52880157250
SubGraph 0 Layer 0 Selecting RP 5 with Nodes: 26 and calcs: 10500822904818 :: Predicted time: 0.000000, Actual Time: 0.017012
Build Time: 0.017012, Calc Time: 198.577755, reduction -198.577755
############################################
Predicted calcsPerSecond: 52983239352
SubGraph 0 Layer 1 Selecting RP 7 with Nodes: 251 and calcs: 5350617776724 :: Predicted time: 0.017012, Actual Time: 1.656310
Build Time: 1.656310, Calc Time: 100.986988, reduction 97.590767
############################################
Predicted calcsPerSecond: 52730386772
SubGraph 0 Layer 2 Selecting RP 5 with Nodes: 1165 and calcs: 3449022735320 :: Predicted time: 1.656310, Actual Time: 0.535394
Build Time: 0.535394, Calc Time: 65.408637, reduction 35.578351
############################################
Predicted calcsPerSecond: 52968183116
SubGraph 0 Layer 3 Selecting RP 8 with Nodes: 3087 and calcs: 2215253042120 :: Predicted time: 0.535394, Actual Time: 0.252246
Build Time: 0.252246, Calc Time: 41.822334, reduction 23.586303
############################################
Predicted calcsPerSecond: 52989501732
SubGraph 0 Layer 4 Selecting RP 3 with Nodes: 7821 and calcs: 1634876869472 :: Predicted time: 0.252246, Actual Time: 0.519450
Build Time: 0.519450, Calc Time: 30.852845, reduction 10.969489
############################################
Predicted calcsPerSecond: 53187614582
SubGraph 0 Layer 5 Selecting RP 0 with Nodes: 14169 and calcs: 1369777553108 :: Predicted time: 0.519450, Actual Time: 0.704615
Build Time: 0.704615, Calc Time: 25.753694, reduction 5.099151
############################################
Predicted calcsPerSecond: 53248705840
SubGraph 0 Layer 6 Selecting RP 0 with Nodes: 25679 and calcs: 1061977281130 :: Predicted time: 0.704615, Actual Time: 1.766648
Build Time: 1.766648, Calc Time: 19.943720, reduction 5.809974
############################################
Predicted calcsPerSecond: 53228880752
SubGraph 0 Layer 7 Selecting RP 1 with Nodes: 35338 and calcs: 960853651250 :: Predicted time: 1.766648, Actual Time: 7.387732
Build Time: 7.387732, Calc Time: 18.051359, reduction 1.892361
############################################
Final graph has 35338 nodes, 960853651250 calcs total
Node Construct time: 14.082873
Batchs: 22
Total results Set Size: 162647128 
Node Laucnher time: 31.349949
Total Time: 32.225764

Time to read in file: 0.543657

Number points: 5000000 
Number Dimensions: 18 
Number Concurent Streams: 2
Block Size: 512, Kernel Blocks: 1024
Using using binary searches
Distance Threshold: 0.015500 
*********************************

Predicted calcsPerSecond: 52509774907
SubGraph 0 Layer 0 Selecting RP 5 with Nodes: 21 and calcs: 12434365277642 :: Predicted time: 0.000000, Actual Time: 0.014540
Build Time: 0.014540, Calc Time: 236.800963, reduction -236.800963
############################################
Predicted calcsPerSecond: 52547002878
SubGraph 0 Layer 1 Selecting RP 7 with Nodes: 187 and calcs: 7362745253038 :: Predicted time: 0.014540, Actual Time: 1.145104
Build Time: 1.145104, Calc Time: 140.117321, reduction 96.683643
############################################
Predicted calcsPerSecond: 52857027031
SubGraph 0 Layer 2 Selecting RP 5 with Nodes: 813 and calcs: 5250065978912 :: Predicted time: 1.145104, Actual Time: 0.497945
Build Time: 0.497945, Calc Time: 99.325790, reduction 40.791530
############################################
Predicted calcsPerSecond: 52912357007
SubGraph 0 Layer 3 Selecting RP 8 with Nodes: 1979 and calcs: 3776043498506 :: Predicted time: 0.497945, Actual Time: 0.211805
Build Time: 0.211805, Calc Time: 71.364114, reduction 27.961676
############################################
Predicted calcsPerSecond: 52941078246
SubGraph 0 Layer 4 Selecting RP 3 with Nodes: 5123 and calcs: 2960837329790 :: Predicted time: 0.211805, Actual Time: 0.283146
Build Time: 0.283146, Calc Time: 55.927031, reduction 15.437083
############################################
Predicted calcsPerSecond: 53006426786
SubGraph 0 Layer 5 Selecting RP 0 with Nodes: 9367 and calcs: 2600018977904 :: Predicted time: 0.283146, Actual Time: 0.472680
Build Time: 0.472680, Calc Time: 49.051014, reduction 6.876017
############################################
Predicted calcsPerSecond: 53051030108
SubGraph 0 Layer 6 Selecting RP 0 with Nodes: 17947 and calcs: 2080969736578 :: Predicted time: 0.472680, Actual Time: 1.322122
Build Time: 1.322122, Calc Time: 39.225812, reduction 9.825202
############################################
Predicted calcsPerSecond: 52842424724
SubGraph 0 Layer 7 Selecting RP 4 with Nodes: 25167 and calcs: 1849400808182 :: Predicted time: 1.322122, Actual Time: 4.874727
Build Time: 4.874727, Calc Time: 34.998409, reduction 4.227403
############################################
Final graph has 25167 nodes, 1849400808182 calcs total
Node Construct time: 10.193529
Batchs: 42
Total results Set Size: 655680946 
Node Laucnher time: 51.048863
Total Time: 51.902133

Time to read in file: 0.528941

Number points: 5000000 
Number Dimensions: 18 
Number Concurent Streams: 2
Block Size: 512, Kernel Blocks: 1024
Using using binary searches
Distance Threshold: 0.018250 
*********************************

Predicted calcsPerSecond: 52840974732
SubGraph 0 Layer 0 Selecting RP 5 with Nodes: 19 and calcs: 14196403216390 :: Predicted time: 0.000000, Actual Time: 0.013515
Build Time: 0.013515, Calc Time: 268.662781, reduction -268.662781
############################################
Predicted calcsPerSecond: 52763267802
SubGraph 0 Layer 1 Selecting RP 7 with Nodes: 139 and calcs: 9414195657546 :: Predicted time: 0.013515, Actual Time: 0.947801
Build Time: 0.947801, Calc Time: 178.423287, reduction 90.239494
############################################
Predicted calcsPerSecond: 52868883567
SubGraph 0 Layer 2 Selecting RP 5 with Nodes: 554 and calcs: 7211845423704 :: Predicted time: 0.947801, Actual Time: 0.482899
Build Time: 0.482899, Calc Time: 136.410019, reduction 42.013267
############################################
Predicted calcsPerSecond: 52876042799
SubGraph 0 Layer 3 Selecting RP 8 with Nodes: 1368 and calcs: 5619905596064 :: Predicted time: 0.482899, Actual Time: 0.219193
Build Time: 0.219193, Calc Time: 106.284535, reduction 30.125485
############################################
Predicted calcsPerSecond: 52826436739
SubGraph 0 Layer 4 Selecting RP 3 with Nodes: 3494 and calcs: 4618966869870 :: Predicted time: 0.219193, Actual Time: 0.357298
Build Time: 0.357298, Calc Time: 87.436654, reduction 18.847881
############################################
Predicted calcsPerSecond: 52816374471
SubGraph 0 Layer 5 Selecting RP 7 with Nodes: 6092 and calcs: 4193705490116 :: Predicted time: 0.357298, Actual Time: 0.454073
Build Time: 0.454073, Calc Time: 79.401616, reduction 8.035038
############################################
Predicted calcsPerSecond: 52925690472
SubGraph 0 Layer 6 Selecting RP 0 with Nodes: 11712 and calcs: 3532542974232 :: Predicted time: 0.454073, Actual Time: 1.031571
Build Time: 1.031571, Calc Time: 66.745336, reduction 12.656280
############################################
Predicted calcsPerSecond: 53050075791
SubGraph 0 Layer 7 Selecting RP 6 with Nodes: 17053 and calcs: 3136842883786 :: Predicted time: 1.031571, Actual Time: 3.396080
Build Time: 3.396080, Calc Time: 59.129847, reduction 7.615488
############################################
Predicted calcsPerSecond: 52913254520
SubGraph 0 Layer 8 Selecting RP 9 with Nodes: 24515 and calcs: 2831943967006 :: Predicted time: 3.396080, Actual Time: 4.774538
Build Time: 4.774538, Calc Time: 53.520502, reduction 5.609345
############################################
Predicted calcsPerSecond: 53128789466
SubGraph 0 Layer 9 Selecting RP 8 with Nodes: 31969 and calcs: 2635912172844 :: Predicted time: 4.774538, Actual Time: 8.389168
Build Time: 8.389168, Calc Time: 49.613631, reduction 3.906871
############################################
Final graph has 31969 nodes, 2635912172844 calcs total
Node Construct time: 20.126601
Batchs: 60
Total results Set Size: 2072898048 
Node Laucnher time: 105.635885
Total Time: 106.509191

Time to read in file: 0.579671

Number points: 5000000 
Number Dimensions: 18 
Number Concurent Streams: 2
Block Size: 512, Kernel Blocks: 1024
Using using binary searches
Distance Threshold: 0.021000 
*********************************

Predicted calcsPerSecond: 53226861128
SubGraph 0 Layer 0 Selecting RP 5 with Nodes: 16 and calcs: 15786445839984 :: Predicted time: 0.000000, Actual Time: 0.011985
Build Time: 0.011985, Calc Time: 296.587954, reduction -296.587954
############################################
Predicted calcsPerSecond: 53307592515
SubGraph 0 Layer 1 Selecting RP 7 with Nodes: 115 and calcs: 11415409130670 :: Predicted time: 0.011985, Actual Time: 0.900897
Build Time: 0.900897, Calc Time: 214.142275, reduction 82.445679
############################################
Predicted calcsPerSecond: 53152049600
SubGraph 0 Layer 2 Selecting RP 5 with Nodes: 441 and calcs: 9217569760074 :: Predicted time: 0.900897, Actual Time: 0.503766
Build Time: 0.503766, Calc Time: 173.418896, reduction 40.723379
############################################
Predicted calcsPerSecond: 53069374507
SubGraph 0 Layer 3 Selecting RP 8 with Nodes: 1017 and calcs: 7621645778304 :: Predicted time: 0.503766, Actual Time: 0.246348
Build Time: 0.246348, Calc Time: 143.616650, reduction 29.802246
############################################
Predicted calcsPerSecond: 52808890747
SubGraph 0 Layer 4 Selecting RP 3 with Nodes: 2533 and calcs: 6497591836078 :: Predicted time: 0.246348, Actual Time: 0.307672
Build Time: 0.307672, Calc Time: 123.039733, reduction 20.576917
############################################
Predicted calcsPerSecond: 52965062866
SubGraph 0 Layer 5 Selecting RP 7 with Nodes: 4464 and calcs: 6004370893982 :: Predicted time: 0.307672, Actual Time: 0.290001
Build Time: 0.290001, Calc Time: 113.364746, reduction 9.674987
############################################
Predicted calcsPerSecond: 52879035482
SubGraph 0 Layer 6 Selecting RP 0 with Nodes: 8568 and calcs: 5283172796642 :: Predicted time: 0.290001, Actual Time: 0.738157
Build Time: 0.738157, Calc Time: 99.910536, reduction 13.454210
############################################
Predicted calcsPerSecond: 52834183429
SubGraph 0 Layer 7 Selecting RP 6 with Nodes: 12788 and calcs: 4783519594994 :: Predicted time: 0.738157, Actual Time: 2.202026
Build Time: 2.202026, Calc Time: 90.538346, reduction 9.372190
############################################
Predicted calcsPerSecond: 53067567924
SubGraph 0 Layer 8 Selecting RP 9 with Nodes: 18997 and calcs: 4358666082846 :: Predicted time: 2.202026, Actual Time: 4.699685
Build Time: 4.699685, Calc Time: 82.134272, reduction 8.404074
############################################
Predicted calcsPerSecond: 53296100264
SubGraph 0 Layer 9 Selecting RP 8 with Nodes: 25471 and calcs: 4094840908100 :: Predicted time: 4.699685, Actual Time: 6.282064
Build Time: 6.282064, Calc Time: 76.831905, reduction 5.302368
############################################
Final graph has 25471 nodes, 4094840908100 calcs total
Node Construct time: 16.944983
Batchs: 93
Total results Set Size: 5457260816 
Node Laucnher time: 218.523432
Total Time: 219.461073
HIGGS ________________________________________________________________
HIGGS ________________________________________________________________

Time to read in file: 1.878583

Number points: 11000000 
Number Dimensions: 28 
Number Concurent Streams: 2
Block Size: 512, Kernel Blocks: 1024
Using using binary searches
Distance Threshold: 0.010000 
*********************************

Predicted calcsPerSecond: 25658693835
SubGraph 0 Layer 0 Selecting RP 1 with Nodes: 27 and calcs: 38474612440442 :: Predicted time: 0.000000, Actual Time: 0.036185
Build Time: 0.036185, Calc Time: 1499.476656, reduction -1499.476656
############################################
Predicted calcsPerSecond: 25668356137
SubGraph 0 Layer 1 Selecting RP 5 with Nodes: 291 and calcs: 16198994249218 :: Predicted time: 0.036185, Actual Time: 3.904579
Build Time: 3.904579, Calc Time: 631.088106, reduction 868.388551
############################################
Predicted calcsPerSecond: 25679778338
SubGraph 0 Layer 2 Selecting RP 3 with Nodes: 1766 and calcs: 8583667810584 :: Predicted time: 3.904579, Actual Time: 2.411671
Build Time: 2.411671, Calc Time: 334.257862, reduction 296.830243
############################################
Predicted calcsPerSecond: 25682882240
SubGraph 0 Layer 3 Selecting RP 8 with Nodes: 8485 and calcs: 4415495184422 :: Predicted time: 2.411671, Actual Time: 1.473888
Build Time: 1.473888, Calc Time: 171.923663, reduction 162.334200
############################################
Predicted calcsPerSecond: 25688581077
SubGraph 0 Layer 4 Selecting RP 1 with Nodes: 29540 and calcs: 2515049303244 :: Predicted time: 1.473888, Actual Time: 2.693942
Build Time: 2.693942, Calc Time: 97.905342, reduction 74.018321
############################################
Predicted calcsPerSecond: 25673784408
SubGraph 0 Layer 5 Selecting RP 2 with Nodes: 66077 and calcs: 1630322673358 :: Predicted time: 2.693942, Actual Time: 9.924441
Build Time: 9.924441, Calc Time: 63.501455, reduction 34.403886
############################################
Predicted calcsPerSecond: 25676838330
SubGraph 0 Layer 6 Selecting RP 0 with Nodes: 112063 and calcs: 1318011263498 :: Predicted time: 9.924441, Actual Time: 10.228074
Build Time: 10.228074, Calc Time: 51.330746, reduction 12.170709
############################################
Predicted calcsPerSecond: 25665817306
SubGraph 0 Layer 7 Selecting RP 5 with Nodes: 116282 and calcs: 1313330531178 :: Predicted time: 10.228074, Actual Time: 14.989626
Build Time: 14.989626, Calc Time: 51.170415, reduction 0.160331
############################################
Final graph has 116282 nodes, 1313330531178 calcs total
Node Construct time: 49.377788
Batchs: 30
Total results Set Size: 11566498 
Node Laucnher time: 74.020857
Total Time: 76.918777
