
EPSILON | NUMPOINTS | RP | NODES | CALCS | Construct T | Total T



MSD ________________________________________________________________


0.007000 515345 13 2202 107876911003 1.201363 3 0.406193 3.785866 
0.007525 515345 6 539 127316136919 0.368512 3 0.479388 4.151368 
0.008050 515345 6 388 137091205829 0.425867 4 0.516195 5.046679 
0.008575 515345 13 1712 131919015945 1.071906 4 0.496720 7.002805 
0.009100 515345 15 2090 138666871987 1.458476 4 0.522128 8.499538 

Census____________________________________________________________


0.001000 2458285 4 10329 28500904977 1.964022 10 0.004716 4.141848 
0.003250 2458285 7 9523 125284874529 3.523570 10 0.020732 7.676173 
0.005500 2458285 10 12698 321481519709 7.467195 10 0.053198 18.669080 
0.007750 2458285 12 14973 609975294041 11.555319 15 0.100936 35.383777 
0.010000 2458285 13 13584 975534227949 12.537885 23 0.161428 main: src/launcher.cu:3441: neighborTable* nodeLauncher5(double*, unsigned int, unsigned int, unsigned int, unsigned int*, double): Assertion `cudaSuccess == cudaMemcpyAsync(&keyValueIndex[i], &d_keyValueIndex[i], sizeof(unsigned long long ), cudaMemcpyDeviceToHost, stream[tid])' failed.
main: src/launcher.cu:3441: neighborTable* nodeLauncher5(double*, unsigned int, unsigned int, unsigned int, unsigned int*, double): Assertion `cudaSuccess == cudaMemcpyAsync(&keyValueIndex[i], &d_keyValueIndex[i], sizeof(unsigned long long ), cudaMemcpyDeviceToHost, stream[tid])' failed.
/var/spool/slurm/slurmd/job61673285/slurm_script: line 69: 3105707 Aborted                 (core dumped) ./build/main /scratch/bwd29/data/USC_Normalized_No1Col.bin 68 $j


Wave __________________________________________________


0.002000 287999 9 595 10871321453 0.357987 2 0.131069 0.568588 
0.003250 287999 10 635 17878180011 0.407603 2 0.215547 0.722630 
0.004500 287999 12 626 24343736929 0.456656 2 0.293498 0.946875 
0.005750 287999 14 600 29861024347 0.521207 2 0.360017 1.393306 
0.007000 287999 16 697 34663684381 0.573627 2 0.417920 2.421515 

BIGCROSS____________________________________________________________


0.001000 11620300 4 56603 120929213754 11.632981 45 0.000896 18.591430 
0.005750 11620300 8 43764 992052523520 21.999065 45 0.007347 36.406421 
0.010500 11620300 14 72924 3325324912520 81.689779 77 0.024626 122.774503 
0.015250 11620300 18 77012 7906252958154 119.584931 177 0.058551 254.059181 
0.020000 11620300 20 61654 14181835464508 121.480989 319 0.105026 468.632339 

SUSY ________________________________________________________________


0.010000 5000000 7 32076 517598545148 8.110720 20 0.020704 15.377679 
0.012750 5000000 8 35338 960853651250 13.189582 24 0.038434 28.412989 
0.015500 5000000 8 25167 1849400808182 9.846638 43 0.073976 47.084236 
0.018250 5000000 9 24515 2831943967006 13.061212 65 0.113278 90.561172 
0.021000 5000000 10 25471 4094840908100 17.631950 93 0.163794 161.882439 

HIGGS ________________________________________________________________


0.010000 11000000 8 116282 1313330531178 45.744236 42 0.010854 72.580242 
0.021375 11000000 11 166586 13707484660112 196.454143 309 0.113285 free(): invalid pointer
/var/spool/slurm/slurmd/job61673285/slurm_script: line 107: 3132789 Aborted                 (core dumped) ./build/main /scratch/bwd29/data/HIGSS_Normalized.bin 28 $j

0.032750 11000000 12 65548 47109217270942 101.618024 1088 0.389332 free(): invalid pointer
/var/spool/slurm/slurmd/job61673285/slurm_script: line 107: 3133624 Aborted                 (core dumped) ./build/main /scratch/bwd29/data/HIGSS_Normalized.bin 28 $j

0.044125 11000000 16 65603 74498857056712 194.969155 1758 0.615693 /var/spool/slurm/slurmd/job61673285/slurm_script: line 107: 3134388 Segmentation fault      (core dumped) ./build/main /scratch/bwd29/data/HIGSS_Normalized.bin 28 $j

0.055500 11000000 17 34941 95577570764904 100.470346 2292 0.789897 /var/spool/slurm/slurmd/job61673285/slurm_script: line 107: 3139229 Segmentation fault      (core dumped) ./build/main /scratch/bwd29/data/HIGSS_Normalized.bin 28 $j
