rm -f build/main build/*.o
nvcc  -lcuda -Xcompiler -fopenmp -arch=compute_80 -code=sm_80 -O3 -I. -c -o build/main.o src/main.cu -lm
nvcc  -lcuda -Xcompiler -fopenmp -arch=compute_80 -code=sm_80 -O3 -I. -c -o build/launcher.o src/launcher.cu -lm
nvcc  -lcuda -Xcompiler -fopenmp -arch=compute_80 -code=sm_80 -O3 -I. -c -o build/kernel.o src/kernel.cu
nvcc  -lcuda -Xcompiler -fopenmp -arch=compute_80 -code=sm_80 -O3 -I. -c -o build/nodes.o src/nodes.cu -lm
nvcc  -lcuda -Xcompiler -fopenmp -arch=compute_80 -code=sm_80 -O3 -I. -c -o build/tree.o src/tree.cu -lm
nvcc  -lcuda -Xcompiler -fopenmp -arch=compute_80 -code=sm_80 -O3 -I. -c -o build/utils.o src/utils.cu -lm
nvcc  -lcuda -Xcompiler -fopenmp -arch=compute_80 -code=sm_80 -O3 -I. -o build/main build/main.o build/launcher.o build/kernel.o build/nodes.o build/tree.o build/utils.o
MSD ________________________________________________________________
MSD ________________________________________________________________

Time to read in file: 0.273834

Number points: 515345 
Number Dimensions: 90 
Number Concurent Streams: 2
Block Size: 1024, Kernel Blocks: 1024
Using using binary searches
Distance Threshold: 0.007000 
*********************************

Predicted calcsPerSecond: 9063454314
SubGraph 0 Layer 0 Selecting RP 1 with Nodes: 21 and calcs: 170979007977 :: Predicted time: 0.000000, Actual Time: 0.015894
Build Time: 0.015894, Calc Time: 18.864663, reduction -18.864663
############################################
Predicted calcsPerSecond: 9071843634
SubGraph 0 Layer 1 Selecting RP 3 with Nodes: 60 and calcs: 149860162609 :: Predicted time: 0.015894, Actual Time: 0.034457
Build Time: 0.034457, Calc Time: 16.519262, reduction 2.345401
############################################
Predicted calcsPerSecond: 9095340636
SubGraph 0 Layer 2 Selecting RP 1 with Nodes: 123 and calcs: 139008172495 :: Predicted time: 0.034457, Actual Time: 0.017019
Build Time: 0.017019, Calc Time: 15.283449, reduction 1.235813
############################################
Predicted calcsPerSecond: 9103274850
SubGraph 0 Layer 3 Selecting RP 1 with Nodes: 217 and calcs: 129775808043 :: Predicted time: 0.017019, Actual Time: 0.015944
Build Time: 0.015944, Calc Time: 14.255947, reduction 1.027501
############################################
Predicted calcsPerSecond: 9108067580
SubGraph 0 Layer 4 Selecting RP 1 with Nodes: 326 and calcs: 124080002709 :: Predicted time: 0.015944, Actual Time: 0.025782
Build Time: 0.025782, Calc Time: 13.623088, reduction 0.632860
############################################
Predicted calcsPerSecond: 9096272006
SubGraph 0 Layer 5 Selecting RP 1 with Nodes: 489 and calcs: 119576095503 :: Predicted time: 0.025782, Actual Time: 0.016735
Build Time: 0.016735, Calc Time: 13.145616, reduction 0.477472
############################################
Predicted calcsPerSecond: 9091050323
SubGraph 0 Layer 6 Selecting RP 5 with Nodes: 669 and calcs: 116543627597 :: Predicted time: 0.016735, Actual Time: 0.019610
Build Time: 0.019610, Calc Time: 12.819600, reduction 0.326016
############################################
Predicted calcsPerSecond: 9092673243
SubGraph 0 Layer 7 Selecting RP 3 with Nodes: 910 and calcs: 114004585017 :: Predicted time: 0.019610, Actual Time: 0.027012
Build Time: 0.027012, Calc Time: 12.538071, reduction 0.281529
############################################
Predicted calcsPerSecond: 9094807328
SubGraph 0 Layer 8 Selecting RP 3 with Nodes: 1130 and calcs: 112390412367 :: Predicted time: 0.027012, Actual Time: 0.041856
Build Time: 0.041856, Calc Time: 12.357646, reduction 0.180425
############################################
Predicted calcsPerSecond: 9095984722
SubGraph 0 Layer 9 Selecting RP 5 with Nodes: 1392 and calcs: 111189005735 :: Predicted time: 0.041856, Actual Time: 0.053634
Build Time: 0.053634, Calc Time: 12.223966, reduction 0.133681
############################################
Predicted calcsPerSecond: 9115955110
SubGraph 0 Layer 10 Selecting RP 2 with Nodes: 1667 and calcs: 109498184001 :: Predicted time: 0.053634, Actual Time: 0.082907
Build Time: 0.082907, Calc Time: 12.011707, reduction 0.212259
############################################
Predicted calcsPerSecond: 9099091996
SubGraph 0 Layer 11 Selecting RP 3 with Nodes: 1890 and calcs: 108778791561 :: Predicted time: 0.082907, Actual Time: 0.087528
Build Time: 0.087528, Calc Time: 11.954906, reduction 0.056801
############################################
Final graph has 1890 nodes, 108778791561 calcs total
Node Construct time: 1.072828
Batchs: 11
Total results Set Size: 65915313 
Node Laucnher time: 4.738188
Total Time: 5.248871

Time to read in file: 0.087382

Number points: 515345 
Number Dimensions: 90 
Number Concurent Streams: 2
Block Size: 1024, Kernel Blocks: 1024
Using using binary searches
Distance Threshold: 0.007525 
*********************************

Predicted calcsPerSecond: 9061955451
SubGraph 0 Layer 0 Selecting RP 1 with Nodes: 20 and calcs: 177585998311 :: Predicted time: 0.000000, Actual Time: 0.015395
Build Time: 0.015395, Calc Time: 19.596874, reduction -19.596874
############################################
Predicted calcsPerSecond: 9079506760
SubGraph 0 Layer 1 Selecting RP 5 with Nodes: 68 and calcs: 158803937551 :: Predicted time: 0.015395, Actual Time: 0.036722
Build Time: 0.036722, Calc Time: 17.490371, reduction 2.106503
############################################
Predicted calcsPerSecond: 9100466311
SubGraph 0 Layer 2 Selecting RP 3 with Nodes: 131 and calcs: 148513057549 :: Predicted time: 0.036722, Actual Time: 0.015899
Build Time: 0.015899, Calc Time: 16.319280, reduction 1.171091
############################################
Predicted calcsPerSecond: 9103601151
SubGraph 0 Layer 3 Selecting RP 1 with Nodes: 234 and calcs: 137677365371 :: Predicted time: 0.015899, Actual Time: 0.015196
Build Time: 0.015196, Calc Time: 15.123396, reduction 1.195884
############################################
Predicted calcsPerSecond: 9107643115
SubGraph 0 Layer 4 Selecting RP 7 with Nodes: 358 and calcs: 133010189565 :: Predicted time: 0.015196, Actual Time: 0.028347
Build Time: 0.028347, Calc Time: 14.604238, reduction 0.519158
############################################
Predicted calcsPerSecond: 9108430441
SubGraph 0 Layer 5 Selecting RP 1 with Nodes: 539 and calcs: 127316136919 :: Predicted time: 0.028347, Actual Time: 0.018188
Build Time: 0.018188, Calc Time: 13.977835, reduction 0.626403
############################################
Predicted calcsPerSecond: 9099092563
SubGraph 0 Layer 6 Selecting RP 1 with Nodes: 680 and calcs: 125195795947 :: Predicted time: 0.018188, Actual Time: 0.018251
Build Time: 0.018251, Calc Time: 13.759152, reduction 0.218683
############################################
Predicted calcsPerSecond: 9084506735
SubGraph 0 Layer 7 Selecting RP 3 with Nodes: 901 and calcs: 122849642555 :: Predicted time: 0.018251, Actual Time: 0.025556
Build Time: 0.025556, Calc Time: 13.522984, reduction 0.236167
############################################
Predicted calcsPerSecond: 9056038645
SubGraph 0 Layer 8 Selecting RP 1 with Nodes: 1060 and calcs: 120833241637 :: Predicted time: 0.025556, Actual Time: 0.031719
Build Time: 0.031719, Calc Time: 13.342836, reduction 0.180148
############################################
Predicted calcsPerSecond: 9083895470
SubGraph 0 Layer 9 Selecting RP 5 with Nodes: 1289 and calcs: 119524198435 :: Predicted time: 0.031719, Actual Time: 0.036857
Build Time: 0.036857, Calc Time: 13.157813, reduction 0.185023
############################################
Predicted calcsPerSecond: 9102728423
SubGraph 0 Layer 10 Selecting RP 2 with Nodes: 1541 and calcs: 117590187375 :: Predicted time: 0.036857, Actual Time: 0.077375
Build Time: 0.077375, Calc Time: 12.918125, reduction 0.239688
############################################
Predicted calcsPerSecond: 9099105547
SubGraph 0 Layer 11 Selecting RP 2 with Nodes: 1713 and calcs: 116918749089 :: Predicted time: 0.077375, Actual Time: 0.065294
Build Time: 0.065294, Calc Time: 12.849477, reduction 0.068648
############################################
Predicted calcsPerSecond: 9097623893
SubGraph 0 Layer 12 Selecting RP 4 with Nodes: 2010 and calcs: 116092384989 :: Predicted time: 0.065294, Actual Time: 0.079386
Build Time: 0.079386, Calc Time: 12.760737, reduction 0.088740
############################################
Predicted calcsPerSecond: 9111145238
SubGraph 0 Layer 13 Selecting RP 2 with Nodes: 2271 and calcs: 115477802753 :: Predicted time: 0.079386, Actual Time: 0.144432
Build Time: 0.144432, Calc Time: 12.674346, reduction 0.086391
############################################
Final graph has 2271 nodes, 115477802753 calcs total
Node Construct time: 1.458804
Batchs: 12
Total results Set Size: 121384099 
Node Laucnher time: 6.110030
Total Time: 6.624717

Time to read in file: 0.075403

Number points: 515345 
Number Dimensions: 90 
Number Concurent Streams: 2
Block Size: 1024, Kernel Blocks: 1024
Using using binary searches
Distance Threshold: 0.008050 
*********************************

Predicted calcsPerSecond: 9043079915
SubGraph 0 Layer 0 Selecting RP 2 with Nodes: 20 and calcs: 185481056983 :: Predicted time: 0.000000, Actual Time: 0.015406
Build Time: 0.015406, Calc Time: 20.510828, reduction -20.510828
############################################
Predicted calcsPerSecond: 9068509620
SubGraph 0 Layer 1 Selecting RP 2 with Nodes: 49 and calcs: 166462369995 :: Predicted time: 0.015406, Actual Time: 0.026659
Build Time: 0.026659, Calc Time: 18.356089, reduction 2.154739
############################################
Predicted calcsPerSecond: 9085347429
SubGraph 0 Layer 2 Selecting RP 1 with Nodes: 98 and calcs: 155725370431 :: Predicted time: 0.026659, Actual Time: 0.015710
Build Time: 0.015710, Calc Time: 17.140277, reduction 1.215812
############################################
Predicted calcsPerSecond: 9099868867
SubGraph 0 Layer 3 Selecting RP 1 with Nodes: 178 and calcs: 145253277755 :: Predicted time: 0.015710, Actual Time: 0.016302
Build Time: 0.016302, Calc Time: 15.962129, reduction 1.178148
############################################
Predicted calcsPerSecond: 9093288723
SubGraph 0 Layer 4 Selecting RP 7 with Nodes: 272 and calcs: 140866333045 :: Predicted time: 0.016302, Actual Time: 0.022337
Build Time: 0.022337, Calc Time: 15.491242, reduction 0.470887
############################################
Predicted calcsPerSecond: 9085788825
SubGraph 0 Layer 5 Selecting RP 1 with Nodes: 388 and calcs: 137091205829 :: Predicted time: 0.022337, Actual Time: 0.014717
Build Time: 0.014717, Calc Time: 15.088531, reduction 0.402711
############################################
Predicted calcsPerSecond: 9099732349
SubGraph 0 Layer 6 Selecting RP 5 with Nodes: 532 and calcs: 134204713665 :: Predicted time: 0.014717, Actual Time: 0.015840
Build Time: 0.015840, Calc Time: 14.748205, reduction 0.340326
############################################
Predicted calcsPerSecond: 9104900299
SubGraph 0 Layer 7 Selecting RP 3 with Nodes: 760 and calcs: 131544057575 :: Predicted time: 0.015840, Actual Time: 0.023341
Build Time: 0.023341, Calc Time: 14.447611, reduction 0.300594
############################################
Predicted calcsPerSecond: 9105409799
SubGraph 0 Layer 8 Selecting RP 1 with Nodes: 926 and calcs: 128931015769 :: Predicted time: 0.023341, Actual Time: 0.034089
Build Time: 0.034089, Calc Time: 14.159826, reduction 0.287785
############################################
Predicted calcsPerSecond: 9094697488
SubGraph 0 Layer 9 Selecting RP 0 with Nodes: 1118 and calcs: 127399720333 :: Predicted time: 0.034089, Actual Time: 0.019660
Build Time: 0.019660, Calc Time: 14.008132, reduction 0.151694
############################################
Predicted calcsPerSecond: 9111841661
SubGraph 0 Layer 10 Selecting RP 8 with Nodes: 1366 and calcs: 125896598495 :: Predicted time: 0.019660, Actual Time: 0.061450
Build Time: 0.061450, Calc Time: 13.816811, reduction 0.191320
############################################
Predicted calcsPerSecond: 9098970396
SubGraph 0 Layer 11 Selecting RP 5 with Nodes: 1565 and calcs: 125172774401 :: Predicted time: 0.061450, Actual Time: 0.071855
Build Time: 0.071855, Calc Time: 13.756806, reduction 0.060005
############################################
Final graph has 1565 nodes, 125172774401 calcs total
Node Construct time: 0.992899
Batchs: 13
Total results Set Size: 207932133 
Node Laucnher time: 6.593684
Total Time: 7.107803

Time to read in file: 0.075860

Number points: 515345 
Number Dimensions: 90 
Number Concurent Streams: 2
Block Size: 1024, Kernel Blocks: 1024
Using using binary searches
Distance Threshold: 0.008575 
*********************************

Predicted calcsPerSecond: 9056590676
SubGraph 0 Layer 0 Selecting RP 1 with Nodes: 18 and calcs: 191503325863 :: Predicted time: 0.000000, Actual Time: 0.014398
Build Time: 0.014398, Calc Time: 21.145189, reduction -21.145189
############################################
Predicted calcsPerSecond: 9080601550
SubGraph 0 Layer 1 Selecting RP 1 with Nodes: 58 and calcs: 171337397771 :: Predicted time: 0.014398, Actual Time: 0.036089
Build Time: 0.036089, Calc Time: 18.868507, reduction 2.276682
############################################
Predicted calcsPerSecond: 9096517378
SubGraph 0 Layer 2 Selecting RP 1 with Nodes: 105 and calcs: 162079090077 :: Predicted time: 0.036089, Actual Time: 0.015519
Build Time: 0.015519, Calc Time: 17.817708, reduction 1.050799
############################################
Predicted calcsPerSecond: 9133604374
SubGraph 0 Layer 3 Selecting RP 1 with Nodes: 170 and calcs: 153617511199 :: Predicted time: 0.015519, Actual Time: 0.013851
Build Time: 0.013851, Calc Time: 16.818936, reduction 0.998772
############################################
Predicted calcsPerSecond: 9118021858
SubGraph 0 Layer 4 Selecting RP 7 with Nodes: 254 and calcs: 148977654501 :: Predicted time: 0.013851, Actual Time: 0.018931
Build Time: 0.018931, Calc Time: 16.338813, reduction 0.480123
############################################
Predicted calcsPerSecond: 9116385699
SubGraph 0 Layer 5 Selecting RP 1 with Nodes: 390 and calcs: 143698129447 :: Predicted time: 0.018931, Actual Time: 0.015092
Build Time: 0.015092, Calc Time: 15.762621, reduction 0.576192
############################################
Predicted calcsPerSecond: 9124103884
SubGraph 0 Layer 6 Selecting RP 5 with Nodes: 516 and calcs: 141380708171 :: Predicted time: 0.015092, Actual Time: 0.013831
Build Time: 0.013831, Calc Time: 15.495298, reduction 0.267323
############################################
Predicted calcsPerSecond: 9112837615
SubGraph 0 Layer 7 Selecting RP 3 with Nodes: 709 and calcs: 139396701737 :: Predicted time: 0.013831, Actual Time: 0.016292
Build Time: 0.016292, Calc Time: 15.296739, reduction 0.198559
############################################
Predicted calcsPerSecond: 9100391321
SubGraph 0 Layer 8 Selecting RP 1 with Nodes: 852 and calcs: 137536270091 :: Predicted time: 0.016292, Actual Time: 0.025260
Build Time: 0.025260, Calc Time: 15.113226, reduction 0.183513
############################################
Predicted calcsPerSecond: 9105085526
SubGraph 0 Layer 9 Selecting RP 1 with Nodes: 997 and calcs: 135897534261 :: Predicted time: 0.025260, Actual Time: 0.025989
Build Time: 0.025989, Calc Time: 14.925454, reduction 0.187772
############################################
Predicted calcsPerSecond: 9112616270
SubGraph 0 Layer 10 Selecting RP 2 with Nodes: 1241 and calcs: 133826399615 :: Predicted time: 0.025989, Actual Time: 0.045921
Build Time: 0.045921, Calc Time: 14.685837, reduction 0.239617
############################################
Predicted calcsPerSecond: 9093452565
SubGraph 0 Layer 11 Selecting RP 2 with Nodes: 1430 and calcs: 133046250459 :: Predicted time: 0.045921, Actual Time: 0.058423
Build Time: 0.058423, Calc Time: 14.630994, reduction 0.054843
############################################
Final graph has 1430 nodes, 133046250459 calcs total
Node Construct time: 0.931650
Batchs: 14
Total results Set Size: 335507787 
Node Laucnher time: 7.918831
Total Time: 8.436406

Time to read in file: 0.080992

Number points: 515345 
Number Dimensions: 90 
Number Concurent Streams: 2
Block Size: 1024, Kernel Blocks: 1024
Using using binary searches
Distance Threshold: 0.009100 
*********************************

Predicted calcsPerSecond: 9042660106
SubGraph 0 Layer 0 Selecting RP 1 with Nodes: 17 and calcs: 197994635393 :: Predicted time: 0.000000, Actual Time: 0.013907
Build Time: 0.013907, Calc Time: 21.895618, reduction -21.895618
############################################
Predicted calcsPerSecond: 9076313587
SubGraph 0 Layer 1 Selecting RP 6 with Nodes: 57 and calcs: 181835460273 :: Predicted time: 0.013907, Actual Time: 0.031810
Build Time: 0.031810, Calc Time: 20.034065, reduction 1.861553
############################################
Predicted calcsPerSecond: 9079025729
SubGraph 0 Layer 2 Selecting RP 1 with Nodes: 111 and calcs: 171457913779 :: Predicted time: 0.031810, Actual Time: 0.015639
Build Time: 0.015639, Calc Time: 18.885056, reduction 1.149009
############################################
Predicted calcsPerSecond: 9082919059
SubGraph 0 Layer 3 Selecting RP 1 with Nodes: 176 and calcs: 161211297375 :: Predicted time: 0.015639, Actual Time: 0.015053
Build Time: 0.015053, Calc Time: 17.748842, reduction 1.136214
############################################
Predicted calcsPerSecond: 9083841204
SubGraph 0 Layer 4 Selecting RP 7 with Nodes: 251 and calcs: 157997765075 :: Predicted time: 0.015053, Actual Time: 0.013749
Build Time: 0.013749, Calc Time: 17.393277, reduction 0.355565
############################################
Predicted calcsPerSecond: 9096036367
SubGraph 0 Layer 5 Selecting RP 1 with Nodes: 376 and calcs: 152391504645 :: Predicted time: 0.013749, Actual Time: 0.015112
Build Time: 0.015112, Calc Time: 16.753616, reduction 0.639660
############################################
Predicted calcsPerSecond: 9108842458
SubGraph 0 Layer 6 Selecting RP 2 with Nodes: 476 and calcs: 149818884943 :: Predicted time: 0.015112, Actual Time: 0.015748
Build Time: 0.015748, Calc Time: 16.447632, reduction 0.305985
############################################
Predicted calcsPerSecond: 9101958493
SubGraph 0 Layer 7 Selecting RP 7 with Nodes: 626 and calcs: 147854988681 :: Predicted time: 0.015748, Actual Time: 0.018417
Build Time: 0.018417, Calc Time: 16.244305, reduction 0.203327
############################################
Predicted calcsPerSecond: 9101307733
SubGraph 0 Layer 8 Selecting RP 2 with Nodes: 756 and calcs: 145892674049 :: Predicted time: 0.018417, Actual Time: 0.024909
Build Time: 0.024909, Calc Time: 16.029858, reduction 0.214446
############################################
Predicted calcsPerSecond: 9088938155
SubGraph 0 Layer 9 Selecting RP 1 with Nodes: 914 and calcs: 144172469429 :: Predicted time: 0.024909, Actual Time: 0.025765
Build Time: 0.025765, Calc Time: 15.862411, reduction 0.167448
############################################
Predicted calcsPerSecond: 9108013634
SubGraph 0 Layer 10 Selecting RP 8 with Nodes: 1150 and calcs: 142501832035 :: Predicted time: 0.025765, Actual Time: 0.045536
Build Time: 0.045536, Calc Time: 15.645764, reduction 0.216647
############################################
Predicted calcsPerSecond: 9123603038
SubGraph 0 Layer 11 Selecting RP 5 with Nodes: 1359 and calcs: 141748885439 :: Predicted time: 0.045536, Actual Time: 0.068121
Build Time: 0.068121, Calc Time: 15.536503, reduction 0.109261
############################################
Predicted calcsPerSecond: 9108465973
SubGraph 0 Layer 12 Selecting RP 4 with Nodes: 1596 and calcs: 140337485067 :: Predicted time: 0.068121, Actual Time: 0.107215
Build Time: 0.107215, Calc Time: 15.407368, reduction 0.129135
############################################
Predicted calcsPerSecond: 9113369472
SubGraph 0 Layer 13 Selecting RP 2 with Nodes: 1845 and calcs: 139382979989 :: Predicted time: 0.107215, Actual Time: 0.099471
Build Time: 0.099471, Calc Time: 15.294341, reduction 0.113027
############################################
Predicted calcsPerSecond: 9109500258
SubGraph 0 Layer 14 Selecting RP 3 with Nodes: 2090 and calcs: 138666871987 :: Predicted time: 0.099471, Actual Time: 0.138173
Build Time: 0.138173, Calc Time: 15.222226, reduction 0.072115
############################################
Final graph has 2090 nodes, 138666871987 calcs total
Node Construct time: 1.505092
Batchs: 14
Total results Set Size: 514928275 
Node Laucnher time: 10.388214
Total Time: 10.918991
Census____________________________________________________________
Census____________________________________________________________

Time to read in file: 2.047996

Number points: 2458285 
Number Dimensions: 68 
Number Concurent Streams: 2
Block Size: 1024, Kernel Blocks: 1024
Using using binary searches
Distance Threshold: 0.001000 
*********************************

Predicted calcsPerSecond: 11995610197
SubGraph 0 Layer 0 Selecting RP 1 with Nodes: 226 and calcs: 267839562229 :: Predicted time: 0.000000, Actual Time: 0.129899
Build Time: 0.129899, Calc Time: 22.328132, reduction -22.328132
############################################
Predicted calcsPerSecond: 12005401306
SubGraph 0 Layer 1 Selecting RP 8 with Nodes: 5569 and calcs: 49684967055 :: Predicted time: 0.129899, Actual Time: 3.717534
Build Time: 3.717534, Calc Time: 4.138551, reduction 18.189580
############################################
Predicted calcsPerSecond: 12014873761
SubGraph 0 Layer 2 Selecting RP 0 with Nodes: 10186 and calcs: 28853311551 :: Predicted time: 3.717534, Actual Time: 0.119851
Build Time: 0.119851, Calc Time: 2.401466, reduction 1.737085
############################################
Predicted calcsPerSecond: 12017531249
SubGraph 0 Layer 3 Selecting RP 1 with Nodes: 10329 and calcs: 28500904977 :: Predicted time: 0.119851, Actual Time: 0.062248
Build Time: 0.062248, Calc Time: 2.371611, reduction 0.029855
############################################
Final graph has 10329 nodes, 28500904977 calcs total
Node Construct time: 1.929524
Batchs: 3
Total results Set Size: 55650567 
Node Laucnher time: 3.748498
Total Time: 5.559069

Time to read in file: 0.308177

Number points: 2458285 
Number Dimensions: 68 
Number Concurent Streams: 2
Block Size: 1024, Kernel Blocks: 1024
Using using binary searches
Distance Threshold: 0.003250 
*********************************

Predicted calcsPerSecond: 11994991122
SubGraph 0 Layer 0 Selecting RP 1 with Nodes: 71 and calcs: 845568418799 :: Predicted time: 0.000000, Actual Time: 0.052400
Build Time: 0.052400, Calc Time: 70.493459, reduction -70.493459
############################################
Predicted calcsPerSecond: 12005683940
SubGraph 0 Layer 1 Selecting RP 8 with Nodes: 916 and calcs: 366799983833 :: Predicted time: 0.052400, Actual Time: 1.169753
Build Time: 1.169753, Calc Time: 30.552194, reduction 39.941265
############################################
Predicted calcsPerSecond: 12010049375
SubGraph 0 Layer 2 Selecting RP 2 with Nodes: 2374 and calcs: 235701471557 :: Predicted time: 1.169753, Actual Time: 0.106436
Build Time: 0.106436, Calc Time: 19.625354, reduction 10.926840
############################################
Predicted calcsPerSecond: 12006950356
SubGraph 0 Layer 3 Selecting RP 6 with Nodes: 4781 and calcs: 170667439095 :: Predicted time: 0.106436, Actual Time: 0.132708
Build Time: 0.132708, Calc Time: 14.214054, reduction 5.411300
############################################
Predicted calcsPerSecond: 12013930177
SubGraph 0 Layer 4 Selecting RP 6 with Nodes: 7493 and calcs: 134513642389 :: Predicted time: 0.132708, Actual Time: 0.167697
Build Time: 0.167697, Calc Time: 11.196473, reduction 3.017581
############################################
Predicted calcsPerSecond: 12017316524
SubGraph 0 Layer 5 Selecting RP 0 with Nodes: 8805 and calcs: 127565146105 :: Predicted time: 0.167697, Actual Time: 0.137706
Build Time: 0.137706, Calc Time: 10.615111, reduction 0.581362
############################################
Predicted calcsPerSecond: 12018416934
SubGraph 0 Layer 6 Selecting RP 8 with Nodes: 9523 and calcs: 125284874529 :: Predicted time: 0.137706, Actual Time: 0.211490
Build Time: 0.211490, Calc Time: 10.424407, reduction 0.190703
############################################
Final graph has 9523 nodes, 125284874529 calcs total
Node Construct time: 3.412716
Batchs: 13
Total results Set Size: 55650567 
Node Laucnher time: 7.139673
Total Time: 8.971371

Time to read in file: 0.531281

Number points: 2458285 
Number Dimensions: 68 
Number Concurent Streams: 2
Block Size: 1024, Kernel Blocks: 1024
Using using binary searches
Distance Threshold: 0.005500 
*********************************

Predicted calcsPerSecond: 12005318497
SubGraph 0 Layer 0 Selecting RP 1 with Nodes: 43 and calcs: 1364011199683 :: Predicted time: 0.000000, Actual Time: 0.038385
Build Time: 0.038385, Calc Time: 113.617244, reduction -113.617244
############################################
Predicted calcsPerSecond: 12007691777
SubGraph 0 Layer 1 Selecting RP 8 with Nodes: 380 and calcs: 818114099099 :: Predicted time: 0.038385, Actual Time: 0.681465
Build Time: 0.681465, Calc Time: 68.132503, reduction 45.484741
############################################
Predicted calcsPerSecond: 11987779507
SubGraph 0 Layer 2 Selecting RP 6 with Nodes: 942 and calcs: 650095939019 :: Predicted time: 0.681465, Actual Time: 0.140730
Build Time: 0.140730, Calc Time: 54.229888, reduction 13.902615
############################################
Predicted calcsPerSecond: 12001114898
SubGraph 0 Layer 3 Selecting RP 9 with Nodes: 2062 and calcs: 528238697975 :: Predicted time: 0.140730, Actual Time: 0.093975
Build Time: 0.093975, Calc Time: 44.015802, reduction 10.214086
############################################
Predicted calcsPerSecond: 12014402791
SubGraph 0 Layer 4 Selecting RP 6 with Nodes: 3912 and calcs: 425410316367 :: Predicted time: 0.093975, Actual Time: 0.126981
Build Time: 0.126981, Calc Time: 35.408361, reduction 8.607441
############################################
Predicted calcsPerSecond: 12014926110
SubGraph 0 Layer 5 Selecting RP 3 with Nodes: 5775 and calcs: 381098875077 :: Predicted time: 0.126981, Actual Time: 0.236204
Build Time: 0.236204, Calc Time: 31.718786, reduction 3.689575
############################################
Predicted calcsPerSecond: 12020046536
SubGraph 0 Layer 6 Selecting RP 8 with Nodes: 7582 and calcs: 358264609455 :: Predicted time: 0.236204, Actual Time: 1.088719
Build Time: 1.088719, Calc Time: 29.805593, reduction 1.913194
############################################
Predicted calcsPerSecond: 12020299357
SubGraph 0 Layer 7 Selecting RP 4 with Nodes: 9647 and calcs: 338486210573 :: Predicted time: 1.088719, Actual Time: 0.676362
Build Time: 0.676362, Calc Time: 28.159549, reduction 1.646043
############################################
Predicted calcsPerSecond: 12011210079
SubGraph 0 Layer 8 Selecting RP 3 with Nodes: 11197 and calcs: 329064452405 :: Predicted time: 0.676362, Actual Time: 0.756557
Build Time: 0.756557, Calc Time: 27.396445, reduction 0.763104
############################################
Predicted calcsPerSecond: 12015741560
SubGraph 0 Layer 9 Selecting RP 7 with Nodes: 12698 and calcs: 321481519709 :: Predicted time: 0.756557, Actual Time: 1.603380
Build Time: 1.603380, Calc Time: 26.755029, reduction 0.641415
############################################
Final graph has 12698 nodes, 321481519709 calcs total
Node Construct time: 8.277590
Batchs: 33
Total results Set Size: 311087687 
Node Laucnher time: 23.484385
Total Time: 25.302424

Time to read in file: 1.985876

Number points: 2458285 
Number Dimensions: 68 
Number Concurent Streams: 2
Block Size: 1024, Kernel Blocks: 1024
Using using binary searches
Distance Threshold: 0.007750 
*********************************

Predicted calcsPerSecond: 12001571529
SubGraph 0 Layer 0 Selecting RP 1 with Nodes: 31 and calcs: 1815151802107 :: Predicted time: 0.000000, Actual Time: 0.032391
Build Time: 0.032391, Calc Time: 151.242843, reduction -151.242843
############################################
Predicted calcsPerSecond: 12010525852
SubGraph 0 Layer 1 Selecting RP 8 with Nodes: 218 and calcs: 1307694621745 :: Predicted time: 0.032391, Actual Time: 0.442392
Build Time: 0.442392, Calc Time: 108.879048, reduction 42.363795
############################################
Predicted calcsPerSecond: 12015406748
SubGraph 0 Layer 2 Selecting RP 6 with Nodes: 538 and calcs: 1135616953867 :: Predicted time: 0.442392, Actual Time: 0.090950
Build Time: 0.090950, Calc Time: 94.513401, reduction 14.365647
############################################
Predicted calcsPerSecond: 12015619947
SubGraph 0 Layer 3 Selecting RP 9 with Nodes: 1116 and calcs: 989885489125 :: Predicted time: 0.090950, Actual Time: 0.123163
Build Time: 0.123163, Calc Time: 82.383222, reduction 12.130179
############################################
Predicted calcsPerSecond: 12018467794
SubGraph 0 Layer 4 Selecting RP 6 with Nodes: 2146 and calcs: 856108252527 :: Predicted time: 0.123163, Actual Time: 0.127452
Build Time: 0.127452, Calc Time: 71.232728, reduction 11.150494
############################################
Predicted calcsPerSecond: 12021441878
SubGraph 0 Layer 5 Selecting RP 3 with Nodes: 3313 and calcs: 792743821759 :: Predicted time: 0.127452, Actual Time: 0.094783
Build Time: 0.094783, Calc Time: 65.944155, reduction 5.288574
############################################
Predicted calcsPerSecond: 12022432589
SubGraph 0 Layer 6 Selecting RP 8 with Nodes: 4709 and calcs: 753062977845 :: Predicted time: 0.094783, Actual Time: 0.234580
Build Time: 0.234580, Calc Time: 62.638153, reduction 3.306001
############################################
Predicted calcsPerSecond: 12023088675
SubGraph 0 Layer 7 Selecting RP 4 with Nodes: 6673 and calcs: 710576583003 :: Predicted time: 0.234580, Actual Time: 0.530902
Build Time: 0.530902, Calc Time: 59.101002, reduction 3.537152
############################################
Predicted calcsPerSecond: 12019107715
SubGraph 0 Layer 8 Selecting RP 6 with Nodes: 8352 and calcs: 677300652109 :: Predicted time: 0.530902, Actual Time: 1.060717
Build Time: 1.060717, Calc Time: 56.351991, reduction 2.749010
############################################
Predicted calcsPerSecond: 12025459584
SubGraph 0 Layer 9 Selecting RP 3 with Nodes: 10617 and calcs: 651527254849 :: Predicted time: 1.060717, Actual Time: 1.635971
Build Time: 1.635971, Calc Time: 54.178990, reduction 2.173001
############################################
Predicted calcsPerSecond: 12015026035
SubGraph 0 Layer 10 Selecting RP 8 with Nodes: 12564 and calcs: 625873926701 :: Predicted time: 1.635971, Actual Time: 2.025880
Build Time: 2.025880, Calc Time: 52.090934, reduction 2.088056
############################################
Predicted calcsPerSecond: 12016511655
SubGraph 0 Layer 11 Selecting RP 4 with Nodes: 14973 and calcs: 609975294041 :: Predicted time: 2.025880, Actual Time: 2.236967
Build Time: 2.236967, Calc Time: 50.761428, reduction 1.329506
############################################
Final graph has 14973 nodes, 609975294041 calcs total
Node Construct time: 12.258865
Batchs: 61
Total results Set Size: 897710957 
Node Laucnher time: 54.284991
Total Time: 56.081137

Time to read in file: 1.992995

Number points: 2458285 
Number Dimensions: 68 
Number Concurent Streams: 2
Block Size: 1024, Kernel Blocks: 1024
Using using binary searches
Distance Threshold: 0.010000 
*********************************

Predicted calcsPerSecond: 12000141341
SubGraph 0 Layer 0 Selecting RP 1 with Nodes: 24 and calcs: 2173653562721 :: Predicted time: 0.000000, Actual Time: 0.028893
Build Time: 0.028893, Calc Time: 181.135663, reduction -181.135663
############################################
Predicted calcsPerSecond: 12011325250
SubGraph 0 Layer 1 Selecting RP 8 with Nodes: 151 and calcs: 1739437667923 :: Predicted time: 0.028893, Actual Time: 0.365561
Build Time: 0.365561, Calc Time: 144.816465, reduction 36.319198
############################################
Predicted calcsPerSecond: 12015228159
SubGraph 0 Layer 2 Selecting RP 6 with Nodes: 345 and calcs: 1592236106289 :: Predicted time: 0.365561, Actual Time: 0.097088
Build Time: 0.097088, Calc Time: 132.518175, reduction 12.298291
############################################
Predicted calcsPerSecond: 12024123928
SubGraph 0 Layer 3 Selecting RP 9 with Nodes: 713 and calcs: 1450181080383 :: Predicted time: 0.097088, Actual Time: 0.155109
Build Time: 0.155109, Calc Time: 120.605966, reduction 11.912209
############################################
Predicted calcsPerSecond: 12022095430
SubGraph 0 Layer 4 Selecting RP 6 with Nodes: 1345 and calcs: 1314098572927 :: Predicted time: 0.155109, Actual Time: 0.124790
Build Time: 0.124790, Calc Time: 109.306949, reduction 11.299017
############################################
Predicted calcsPerSecond: 12020824307
SubGraph 0 Layer 5 Selecting RP 3 with Nodes: 2083 and calcs: 1258202623409 :: Predicted time: 0.124790, Actual Time: 0.119814
Build Time: 0.119814, Calc Time: 104.668581, reduction 4.638368
############################################
Predicted calcsPerSecond: 12031254678
SubGraph 0 Layer 6 Selecting RP 1 with Nodes: 2980 and calcs: 1209368901355 :: Predicted time: 0.119814, Actual Time: 0.086521
Build Time: 0.086521, Calc Time: 100.518935, reduction 4.149647
############################################
Predicted calcsPerSecond: 12029129587
SubGraph 0 Layer 7 Selecting RP 4 with Nodes: 4367 and calcs: 1171118557821 :: Predicted time: 0.086521, Actual Time: 0.258733
Build Time: 0.258733, Calc Time: 97.356883, reduction 3.162052
############################################
Predicted calcsPerSecond: 12019760843
SubGraph 0 Layer 8 Selecting RP 6 with Nodes: 5636 and calcs: 1132549729227 :: Predicted time: 0.258733, Actual Time: 0.602752
Build Time: 0.602752, Calc Time: 94.223982, reduction 3.132901
############################################
Predicted calcsPerSecond: 12024401765
SubGraph 0 Layer 9 Selecting RP 5 with Nodes: 7424 and calcs: 1086052964777 :: Predicted time: 0.602752, Actual Time: 0.825405
Build Time: 0.825405, Calc Time: 90.320748, reduction 3.903234
############################################
Predicted calcsPerSecond: 12028656849
SubGraph 0 Layer 10 Selecting RP 8 with Nodes: 9305 and calcs: 1044842554517 :: Predicted time: 0.825405, Actual Time: 1.406286
Build Time: 1.406286, Calc Time: 86.862778, reduction 3.457970
############################################
Predicted calcsPerSecond: 12026419165
SubGraph 0 Layer 11 Selecting RP 8 with Nodes: 11350 and calcs: 1007872259545 :: Predicted time: 1.406286, Actual Time: 2.175044
Build Time: 2.175044, Calc Time: 83.804850, reduction 3.057928
############################################
Predicted calcsPerSecond: 12027076359
SubGraph 0 Layer 12 Selecting RP 3 with Nodes: 13584 and calcs: 975534227949 :: Predicted time: 2.175044, Actual Time: 2.790254
Build Time: 2.790254, Calc Time: 81.111502, reduction 2.693348
############################################
Final graph has 13584 nodes, 975534227949 calcs total
Node Construct time: 13.004494
Batchs: 98
Total results Set Size: 2651510461 
Node Laucnher time: 98.838561
Total Time: 100.638269
Wave __________________________________________________
Wave __________________________________________________

Time to read in file: 0.083189

Number points: 287999 
Number Dimensions: 49 
Number Concurent Streams: 2
Block Size: 1024, Kernel Blocks: 1024
Using using binary searches
Distance Threshold: 0.002000 
*********************************

Predicted calcsPerSecond: 14045596077
SubGraph 0 Layer 0 Selecting RP 1 with Nodes: 38 and calcs: 18610355839 :: Predicted time: 0.000000, Actual Time: 0.020435
Build Time: 0.020435, Calc Time: 1.324996, reduction -1.324996
############################################
Predicted calcsPerSecond: 14208206390
SubGraph 0 Layer 1 Selecting RP 2 with Nodes: 150 and calcs: 14133410059 :: Predicted time: 0.020435, Actual Time: 0.039176
Build Time: 0.039176, Calc Time: 0.994736, reduction 0.330260
############################################
Predicted calcsPerSecond: 14286786365
SubGraph 0 Layer 2 Selecting RP 7 with Nodes: 215 and calcs: 12933587453 :: Predicted time: 0.039176, Actual Time: 0.005981
Build Time: 0.005981, Calc Time: 0.905283, reduction 0.089453
############################################
Predicted calcsPerSecond: 14312571616
SubGraph 0 Layer 3 Selecting RP 1 with Nodes: 304 and calcs: 11880589041 :: Predicted time: 0.005981, Actual Time: 0.006376
Build Time: 0.006376, Calc Time: 0.830081, reduction 0.075203
############################################
Predicted calcsPerSecond: 14359699274
SubGraph 0 Layer 4 Selecting RP 1 with Nodes: 392 and calcs: 11386496769 :: Predicted time: 0.006376, Actual Time: 0.005942
Build Time: 0.005942, Calc Time: 0.792948, reduction 0.037133
############################################
Predicted calcsPerSecond: 14376098086
SubGraph 0 Layer 5 Selecting RP 2 with Nodes: 484 and calcs: 11118774167 :: Predicted time: 0.005942, Actual Time: 0.006282
Build Time: 0.006282, Calc Time: 0.773421, reduction 0.019527
############################################
Predicted calcsPerSecond: 14395849492
SubGraph 0 Layer 6 Selecting RP 6 with Nodes: 542 and calcs: 10977666711 :: Predicted time: 0.006282, Actual Time: 0.004608
Build Time: 0.004608, Calc Time: 0.762558, reduction 0.010863
############################################
Predicted calcsPerSecond: 14360617502
SubGraph 0 Layer 7 Selecting RP 2 with Nodes: 576 and calcs: 10903610643 :: Predicted time: 0.004608, Actual Time: 0.005848
Build Time: 0.005848, Calc Time: 0.759272, reduction 0.003286
############################################
Final graph has 576 nodes, 10903610643 calcs total
Node Construct time: 0.329672
Batchs: 2
Total results Set Size: 11651957 
Node Laucnher time: 0.523605
Total Time: 0.652431

Time to read in file: 0.028934

Number points: 287999 
Number Dimensions: 49 
Number Concurent Streams: 2
Block Size: 1024, Kernel Blocks: 1024
Using using binary searches
Distance Threshold: 0.003250 
*********************************

Predicted calcsPerSecond: 14127860822
SubGraph 0 Layer 0 Selecting RP 1 with Nodes: 25 and calcs: 27540420945 :: Predicted time: 0.000000, Actual Time: 0.013927
Build Time: 0.013927, Calc Time: 1.949369, reduction -1.949369
############################################
Predicted calcsPerSecond: 14250669918
SubGraph 0 Layer 1 Selecting RP 2 with Nodes: 87 and calcs: 23345563191 :: Predicted time: 0.013927, Actual Time: 0.031962
Build Time: 0.031962, Calc Time: 1.638208, reduction 0.311161
############################################
Predicted calcsPerSecond: 14295943053
SubGraph 0 Layer 2 Selecting RP 1 with Nodes: 168 and calcs: 21381588217 :: Predicted time: 0.031962, Actual Time: 0.007095
Build Time: 0.007095, Calc Time: 1.495640, reduction 0.142568
############################################
Predicted calcsPerSecond: 14326195868
SubGraph 0 Layer 3 Selecting RP 1 with Nodes: 222 and calcs: 20136871299 :: Predicted time: 0.007095, Actual Time: 0.005287
Build Time: 0.005287, Calc Time: 1.405598, reduction 0.090042
############################################
Predicted calcsPerSecond: 14366715160
SubGraph 0 Layer 4 Selecting RP 1 with Nodes: 268 and calcs: 19473300895 :: Predicted time: 0.005287, Actual Time: 0.005095
Build Time: 0.005095, Calc Time: 1.355446, reduction 0.050152
############################################
Predicted calcsPerSecond: 14372717897
SubGraph 0 Layer 5 Selecting RP 1 with Nodes: 330 and calcs: 18972189179 :: Predicted time: 0.005095, Actual Time: 0.005538
Build Time: 0.005538, Calc Time: 1.320014, reduction 0.035432
############################################
Predicted calcsPerSecond: 14359267095
SubGraph 0 Layer 6 Selecting RP 1 with Nodes: 399 and calcs: 18572642983 :: Predicted time: 0.005538, Actual Time: 0.007214
Build Time: 0.007214, Calc Time: 1.293426, reduction 0.026588
############################################
Predicted calcsPerSecond: 14340591822
SubGraph 0 Layer 7 Selecting RP 1 with Nodes: 484 and calcs: 18269442773 :: Predicted time: 0.007214, Actual Time: 0.007950
Build Time: 0.007950, Calc Time: 1.273967, reduction 0.019458
############################################
Predicted calcsPerSecond: 14361251609
SubGraph 0 Layer 8 Selecting RP 1 with Nodes: 558 and calcs: 17998124983 :: Predicted time: 0.007950, Actual Time: 0.010966
Build Time: 0.010966, Calc Time: 1.253242, reduction 0.020725
############################################
Predicted calcsPerSecond: 14348111706
SubGraph 0 Layer 9 Selecting RP 3 with Nodes: 635 and calcs: 17878180011 :: Predicted time: 0.010966, Actual Time: 0.008942
Build Time: 0.008942, Calc Time: 1.246030, reduction 0.007212
############################################
Final graph has 635 nodes, 17878180011 calcs total
Node Construct time: 0.365826
Batchs: 2
Total results Set Size: 27340089 
Node Laucnher time: 0.671071
Total Time: 0.801398

Time to read in file: 0.024706

Number points: 287999 
Number Dimensions: 49 
Number Concurent Streams: 2
Block Size: 1024, Kernel Blocks: 1024
Using using binary searches
Distance Threshold: 0.004500 
*********************************

Predicted calcsPerSecond: 14100128784
SubGraph 0 Layer 0 Selecting RP 3 with Nodes: 17 and calcs: 34895868125 :: Predicted time: 0.000000, Actual Time: 0.009930
Build Time: 0.009930, Calc Time: 2.474862, reduction -2.474862
############################################
Predicted calcsPerSecond: 14196679118
SubGraph 0 Layer 1 Selecting RP 2 with Nodes: 52 and calcs: 30838039823 :: Predicted time: 0.009930, Actual Time: 0.021234
Build Time: 0.021234, Calc Time: 2.172201, reduction 0.302661
############################################
Predicted calcsPerSecond: 14252985450
SubGraph 0 Layer 2 Selecting RP 5 with Nodes: 96 and calcs: 28830936055 :: Predicted time: 0.021234, Actual Time: 0.006304
Build Time: 0.006304, Calc Time: 2.022800, reduction 0.149401
############################################
Predicted calcsPerSecond: 14293779278
SubGraph 0 Layer 3 Selecting RP 2 with Nodes: 157 and calcs: 27454889763 :: Predicted time: 0.006304, Actual Time: 0.005918
Build Time: 0.005918, Calc Time: 1.920758, reduction 0.102042
############################################
Predicted calcsPerSecond: 14287471614
SubGraph 0 Layer 4 Selecting RP 1 with Nodes: 211 and calcs: 26532268545 :: Predicted time: 0.005918, Actual Time: 0.005280
Build Time: 0.005280, Calc Time: 1.857030, reduction 0.063728
############################################
Predicted calcsPerSecond: 14307706266
SubGraph 0 Layer 5 Selecting RP 3 with Nodes: 261 and calcs: 26051948835 :: Predicted time: 0.005280, Actual Time: 0.005706
Build Time: 0.005706, Calc Time: 1.820833, reduction 0.036197
############################################
Predicted calcsPerSecond: 14303007535
SubGraph 0 Layer 6 Selecting RP 1 with Nodes: 313 and calcs: 25634393389 :: Predicted time: 0.005706, Actual Time: 0.005737
Build Time: 0.005737, Calc Time: 1.792238, reduction 0.028595
############################################
Predicted calcsPerSecond: 14330551813
SubGraph 0 Layer 7 Selecting RP 1 with Nodes: 355 and calcs: 25192282569 :: Predicted time: 0.005737, Actual Time: 0.006171
Build Time: 0.006171, Calc Time: 1.757942, reduction 0.034296
############################################
Predicted calcsPerSecond: 14327662935
SubGraph 0 Layer 8 Selecting RP 2 with Nodes: 418 and calcs: 24877663803 :: Predicted time: 0.006171, Actual Time: 0.006443
Build Time: 0.006443, Calc Time: 1.736338, reduction 0.021604
############################################
Predicted calcsPerSecond: 14269966730
SubGraph 0 Layer 9 Selecting RP 3 with Nodes: 485 and calcs: 24682058995 :: Predicted time: 0.006443, Actual Time: 0.009132
Build Time: 0.009132, Calc Time: 1.729651, reduction 0.006687
############################################
Final graph has 485 nodes, 24682058995 calcs total
Node Construct time: 0.404759
Batchs: 3
Total results Set Size: 47254879 
Node Laucnher time: 0.812587
Total Time: 0.942174

Time to read in file: 0.025168

Number points: 287999 
Number Dimensions: 49 
Number Concurent Streams: 2
Block Size: 1024, Kernel Blocks: 1024
Using using binary searches
Distance Threshold: 0.005750 
*********************************

Predicted calcsPerSecond: 14220608186
SubGraph 0 Layer 0 Selecting RP 6 with Nodes: 15 and calcs: 40034425453 :: Predicted time: 0.000000, Actual Time: 0.008918
Build Time: 0.008918, Calc Time: 2.815240, reduction -2.815240
############################################
Predicted calcsPerSecond: 14239445048
SubGraph 0 Layer 1 Selecting RP 4 with Nodes: 36 and calcs: 36485535735 :: Predicted time: 0.008918, Actual Time: 0.014533
Build Time: 0.014533, Calc Time: 2.562286, reduction 0.252954
############################################
Predicted calcsPerSecond: 14287775679
SubGraph 0 Layer 2 Selecting RP 4 with Nodes: 64 and calcs: 35059788465 :: Predicted time: 0.014533, Actual Time: 0.006441
Build Time: 0.006441, Calc Time: 2.453831, reduction 0.108455
############################################
Predicted calcsPerSecond: 14321293426
SubGraph 0 Layer 3 Selecting RP 6 with Nodes: 108 and calcs: 33996926329 :: Predicted time: 0.006441, Actual Time: 0.006147
Build Time: 0.006147, Calc Time: 2.373873, reduction 0.079958
############################################
Predicted calcsPerSecond: 14336317822
SubGraph 0 Layer 4 Selecting RP 1 with Nodes: 164 and calcs: 33053360959 :: Predicted time: 0.006147, Actual Time: 0.006136
Build Time: 0.006136, Calc Time: 2.305568, reduction 0.068304
############################################
Predicted calcsPerSecond: 14356700318
SubGraph 0 Layer 5 Selecting RP 4 with Nodes: 220 and calcs: 32293817869 :: Predicted time: 0.006136, Actual Time: 0.006271
Build Time: 0.006271, Calc Time: 2.249390, reduction 0.056178
############################################
Predicted calcsPerSecond: 14308202608
SubGraph 0 Layer 6 Selecting RP 1 with Nodes: 265 and calcs: 31765613457 :: Predicted time: 0.006271, Actual Time: 0.005394
Build Time: 0.005394, Calc Time: 2.220098, reduction 0.029292
############################################
Predicted calcsPerSecond: 14300312586
SubGraph 0 Layer 7 Selecting RP 2 with Nodes: 310 and calcs: 31387352775 :: Predicted time: 0.005394, Actual Time: 0.005792
Build Time: 0.005792, Calc Time: 2.194872, reduction 0.025226
############################################
Predicted calcsPerSecond: 14337924323
SubGraph 0 Layer 8 Selecting RP 1 with Nodes: 363 and calcs: 31015328147 :: Predicted time: 0.005792, Actual Time: 0.005802
Build Time: 0.005802, Calc Time: 2.163167, reduction 0.031705
############################################
Predicted calcsPerSecond: 14339719904
SubGraph 0 Layer 9 Selecting RP 4 with Nodes: 386 and calcs: 30703110237 :: Predicted time: 0.005802, Actual Time: 0.006663
Build Time: 0.006663, Calc Time: 2.141123, reduction 0.022044
############################################
Predicted calcsPerSecond: 14310237007
SubGraph 0 Layer 10 Selecting RP 3 with Nodes: 424 and calcs: 30474749757 :: Predicted time: 0.006663, Actual Time: 0.005327
Build Time: 0.005327, Calc Time: 2.129577, reduction 0.011547
############################################
Predicted calcsPerSecond: 14338216397
SubGraph 0 Layer 11 Selecting RP 3 with Nodes: 476 and calcs: 30263695755 :: Predicted time: 0.005327, Actual Time: 0.007612
Build Time: 0.007612, Calc Time: 2.110702, reduction 0.018875
############################################
Predicted calcsPerSecond: 14330426570
SubGraph 0 Layer 12 Selecting RP 1 with Nodes: 530 and calcs: 29985011037 :: Predicted time: 0.007612, Actual Time: 0.009461
Build Time: 0.009461, Calc Time: 2.092402, reduction 0.018300
############################################
Predicted calcsPerSecond: 14333978600
SubGraph 0 Layer 13 Selecting RP 9 with Nodes: 600 and calcs: 29861024347 :: Predicted time: 0.009461, Actual Time: 0.011262
Build Time: 0.011262, Calc Time: 2.083233, reduction 0.009168
############################################
Final graph has 600 nodes, 29861024347 calcs total
Node Construct time: 0.470968
Batchs: 3
Total results Set Size: 93070851 
Node Laucnher time: 1.131230
Total Time: 1.262999

Time to read in file: 0.025805

Number points: 287999 
Number Dimensions: 49 
Number Concurent Streams: 2
Block Size: 1024, Kernel Blocks: 1024
Using using binary searches
Distance Threshold: 0.007000 
*********************************

Predicted calcsPerSecond: 14120409817
SubGraph 0 Layer 0 Selecting RP 3 with Nodes: 13 and calcs: 43968382041 :: Predicted time: 0.000000, Actual Time: 0.007928
Build Time: 0.007928, Calc Time: 3.113818, reduction -3.113818
############################################
Predicted calcsPerSecond: 14200527791
SubGraph 0 Layer 1 Selecting RP 6 with Nodes: 32 and calcs: 41506087741 :: Predicted time: 0.007928, Actual Time: 0.014117
Build Time: 0.014117, Calc Time: 2.922855, reduction 0.190962
############################################
Predicted calcsPerSecond: 14155569663
SubGraph 0 Layer 2 Selecting RP 5 with Nodes: 63 and calcs: 39746059499 :: Predicted time: 0.014117, Actual Time: 0.006896
Build Time: 0.006896, Calc Time: 2.807804, reduction 0.115052
############################################
Predicted calcsPerSecond: 14276146340
SubGraph 0 Layer 3 Selecting RP 6 with Nodes: 96 and calcs: 38816859959 :: Predicted time: 0.006896, Actual Time: 0.005618
Build Time: 0.005618, Calc Time: 2.719001, reduction 0.088802
############################################
Predicted calcsPerSecond: 14332831499
SubGraph 0 Layer 4 Selecting RP 5 with Nodes: 147 and calcs: 38097259923 :: Predicted time: 0.005618, Actual Time: 0.005549
Build Time: 0.005549, Calc Time: 2.658041, reduction 0.060960
############################################
Predicted calcsPerSecond: 14309226699
SubGraph 0 Layer 5 Selecting RP 3 with Nodes: 184 and calcs: 37558645459 :: Predicted time: 0.005549, Actual Time: 0.004876
Build Time: 0.004876, Calc Time: 2.624785, reduction 0.033256
############################################
Predicted calcsPerSecond: 14342173742
SubGraph 0 Layer 6 Selecting RP 1 with Nodes: 235 and calcs: 36915363819 :: Predicted time: 0.004876, Actual Time: 0.005495
Build Time: 0.005495, Calc Time: 2.573903, reduction 0.050882
############################################
Predicted calcsPerSecond: 14327362454
SubGraph 0 Layer 7 Selecting RP 1 with Nodes: 282 and calcs: 36538113321 :: Predicted time: 0.005495, Actual Time: 0.005709
Build Time: 0.005709, Calc Time: 2.550233, reduction 0.023670
############################################
Predicted calcsPerSecond: 14372098536
SubGraph 0 Layer 8 Selecting RP 3 with Nodes: 316 and calcs: 36233727363 :: Predicted time: 0.005709, Actual Time: 0.004825
Build Time: 0.004825, Calc Time: 2.521116, reduction 0.029117
############################################
Predicted calcsPerSecond: 14336882830
SubGraph 0 Layer 9 Selecting RP 3 with Nodes: 361 and calcs: 35998401051 :: Predicted time: 0.004825, Actual Time: 0.005900
Build Time: 0.005900, Calc Time: 2.510895, reduction 0.010221
############################################
Predicted calcsPerSecond: 14342267143
SubGraph 0 Layer 10 Selecting RP 2 with Nodes: 421 and calcs: 35781252667 :: Predicted time: 0.005900, Actual Time: 0.007560
Build Time: 0.007560, Calc Time: 2.494811, reduction 0.016083
############################################
Predicted calcsPerSecond: 14331786266
SubGraph 0 Layer 11 Selecting RP 2 with Nodes: 480 and calcs: 35576042543 :: Predicted time: 0.007560, Actual Time: 0.008488
Build Time: 0.008488, Calc Time: 2.482317, reduction 0.012494
############################################
Predicted calcsPerSecond: 14364510782
SubGraph 0 Layer 12 Selecting RP 1 with Nodes: 549 and calcs: 35311801559 :: Predicted time: 0.008488, Actual Time: 0.010282
Build Time: 0.010282, Calc Time: 2.458267, reduction 0.024050
############################################
Predicted calcsPerSecond: 14343161549
SubGraph 0 Layer 13 Selecting RP 1 with Nodes: 586 and calcs: 35101001357 :: Predicted time: 0.010282, Actual Time: 0.010564
Build Time: 0.010564, Calc Time: 2.447229, reduction 0.011038
############################################
Predicted calcsPerSecond: 14382790877
SubGraph 0 Layer 14 Selecting RP 1 with Nodes: 655 and calcs: 34849457155 :: Predicted time: 0.010564, Actual Time: 0.012536
Build Time: 0.012536, Calc Time: 2.422997, reduction 0.024232
############################################
Predicted calcsPerSecond: 14342784171
SubGraph 0 Layer 15 Selecting RP 2 with Nodes: 697 and calcs: 34663684381 :: Predicted time: 0.012536, Actual Time: 0.012394
Build Time: 0.012394, Calc Time: 2.416803, reduction 0.006194
############################################
Final graph has 697 nodes, 34663684381 calcs total
Node Construct time: 0.632823
Batchs: 4
Total results Set Size: 290127035 
Node Laucnher time: 2.019496
Total Time: 2.146898
BIGCROSS____________________________________________________________
BIGCROSS____________________________________________________________

Time to read in file: 12.720203

Number points: 11620300 
Number Dimensions: 57 
Number Concurent Streams: 2
Block Size: 1024, Kernel Blocks: 1024
Using using binary searches
Distance Threshold: 0.001000 
*********************************

Predicted calcsPerSecond: 12375622884
SubGraph 0 Layer 0 Selecting RP 1 with Nodes: 284 and calcs: 2218851098970 :: Predicted time: 0.000000, Actual Time: 0.212890
Build Time: 0.212890, Calc Time: 179.292074, reduction -179.292074
############################################
Predicted calcsPerSecond: 12378403354
SubGraph 0 Layer 1 Selecting RP 9 with Nodes: 12804 and calcs: 199240449126 :: Predicted time: 0.212890, Actual Time: 29.505074
Build Time: 29.505074, Calc Time: 16.095812, reduction 163.196263
############################################
Predicted calcsPerSecond: 12379245601
SubGraph 0 Layer 2 Selecting RP 0 with Nodes: 56603 and calcs: 120929213754 :: Predicted time: 29.505074, Actual Time: 2.968128
Build Time: 2.968128, Calc Time: 9.768706, reduction 6.327105
############################################
Predicted calcsPerSecond: 12378749750
SubGraph 0 Layer 3 Selecting RP 0 with Nodes: 56603 and calcs: 120929213754 :: Predicted time: 2.968128, Actual Time: 0.686227
Build Time: 0.686227, Calc Time: 9.769098, reduction -0.000391
############################################
Final graph has 56603 nodes, 120929213754 calcs total
Node Construct time: 11.382107
Batchs: 13
Total results Set Size: 24286197 
Node Laucnher time: 15.401985
Total Time: 22.046533

Time to read in file: 11.576369

Number points: 11620300 
Number Dimensions: 57 
Number Concurent Streams: 2
Block Size: 1024, Kernel Blocks: 1024
Using using binary searches
Distance Threshold: 0.005750 
*********************************

Predicted calcsPerSecond: 12381332481
SubGraph 0 Layer 0 Selecting RP 1 with Nodes: 50 and calcs: 12707374244866 :: Predicted time: 0.000000, Actual Time: 0.095858
Build Time: 0.095858, Calc Time: 1026.333334, reduction -1026.333334
############################################
Predicted calcsPerSecond: 12377132099
SubGraph 0 Layer 1 Selecting RP 9 with Nodes: 491 and calcs: 5686280490162 :: Predicted time: 0.095858, Actual Time: 4.582786
Build Time: 4.582786, Calc Time: 459.418260, reduction 566.915074
############################################
Predicted calcsPerSecond: 12381002658
SubGraph 0 Layer 2 Selecting RP 0 with Nodes: 3403 and calcs: 2813104710430 :: Predicted time: 4.582786, Actual Time: 2.368124
Build Time: 2.368124, Calc Time: 227.211381, reduction 232.206879
############################################
Predicted calcsPerSecond: 12375309421
SubGraph 0 Layer 3 Selecting RP 7 with Nodes: 7685 and calcs: 2275045131178 :: Predicted time: 2.368124, Actual Time: 1.754129
Build Time: 1.754129, Calc Time: 183.837434, reduction 43.373947
############################################
Predicted calcsPerSecond: 12382542806
SubGraph 0 Layer 4 Selecting RP 0 with Nodes: 14791 and calcs: 1618859620100 :: Predicted time: 1.754129, Actual Time: 0.874443
Build Time: 0.874443, Calc Time: 130.737252, reduction 53.100182
############################################
Predicted calcsPerSecond: 12383955967
SubGraph 0 Layer 5 Selecting RP 4 with Nodes: 29122 and calcs: 1173221806090 :: Predicted time: 0.874443, Actual Time: 3.244208
Build Time: 3.244208, Calc Time: 94.737240, reduction 36.000012
############################################
Predicted calcsPerSecond: 12379000584
SubGraph 0 Layer 6 Selecting RP 1 with Nodes: 39126 and calcs: 1014566290784 :: Predicted time: 3.244208, Actual Time: 4.200189
Build Time: 4.200189, Calc Time: 81.958659, reduction 12.778581
############################################
Predicted calcsPerSecond: 12378599225
SubGraph 0 Layer 7 Selecting RP 6 with Nodes: 43764 and calcs: 992052523520 :: Predicted time: 4.200189, Actual Time: 3.786106
Build Time: 3.786106, Calc Time: 80.142551, reduction 1.816108
############################################
Final graph has 43764 nodes, 992052523520 calcs total
Node Construct time: 28.188124
Batchs: 100
Total results Set Size: 539888914 
Node Laucnher time: 49.704895
Total Time: 56.375686

Time to read in file: 11.577022

Number points: 11620300 
Number Dimensions: 57 
Number Concurent Streams: 2
Block Size: 1024, Kernel Blocks: 1024
Using using binary searches
Distance Threshold: 0.010500 
*********************************

Predicted calcsPerSecond: 12354577846
SubGraph 0 Layer 0 Selecting RP 1 with Nodes: 28 and calcs: 23026901662088 :: Predicted time: 0.000000, Actual Time: 0.085011
Build Time: 0.085011, Calc Time: 1863.835572, reduction -1863.835572
############################################
Predicted calcsPerSecond: 12373202675
SubGraph 0 Layer 1 Selecting RP 9 with Nodes: 171 and calcs: 15137745540152 :: Predicted time: 0.085011, Actual Time: 1.987762
Build Time: 1.987762, Calc Time: 1223.429854, reduction 640.405718
############################################
Predicted calcsPerSecond: 12383702524
SubGraph 0 Layer 2 Selecting RP 0 with Nodes: 823 and calcs: 10665352954338 :: Predicted time: 1.987762, Actual Time: 1.580851
Build Time: 1.580851, Calc Time: 861.241049, reduction 362.188805
############################################
Predicted calcsPerSecond: 12383454182
SubGraph 0 Layer 3 Selecting RP 7 with Nodes: 1842 and calcs: 9277529000604 :: Predicted time: 1.580851, Actual Time: 0.704036
Build Time: 0.704036, Calc Time: 749.187494, reduction 112.053556
############################################
Predicted calcsPerSecond: 12383886090
SubGraph 0 Layer 4 Selecting RP 0 with Nodes: 4074 and calcs: 6944932139770 :: Predicted time: 0.704036, Actual Time: 0.561050
Build Time: 0.561050, Calc Time: 560.803942, reduction 188.383551
############################################
Predicted calcsPerSecond: 12380230246
SubGraph 0 Layer 5 Selecting RP 4 with Nodes: 8637 and calcs: 5842543402050 :: Predicted time: 0.561050, Actual Time: 1.532348
Build Time: 1.532348, Calc Time: 471.925262, reduction 88.878680
############################################
Predicted calcsPerSecond: 12385721126
SubGraph 0 Layer 6 Selecting RP 1 with Nodes: 15136 and calcs: 4685296243906 :: Predicted time: 1.532348, Actual Time: 2.178009
Build Time: 2.178009, Calc Time: 378.282071, reduction 93.643191
############################################
Predicted calcsPerSecond: 12381850154
SubGraph 0 Layer 7 Selecting RP 6 with Nodes: 21116 and calcs: 4418819402866 :: Predicted time: 2.178009, Actual Time: 2.346586
Build Time: 2.346586, Calc Time: 356.878766, reduction 21.403306
############################################
Predicted calcsPerSecond: 12383164670
SubGraph 0 Layer 8 Selecting RP 0 with Nodes: 29185 and calcs: 4029409608102 :: Predicted time: 2.346586, Actual Time: 2.262374
Build Time: 2.262374, Calc Time: 325.394171, reduction 31.484594
############################################
Predicted calcsPerSecond: 12378317247
SubGraph 0 Layer 9 Selecting RP 0 with Nodes: 37530 and calcs: 3785327975158 :: Predicted time: 2.262374, Actual Time: 3.667445
Build Time: 3.667445, Calc Time: 305.803115, reduction 19.591056
############################################
Predicted calcsPerSecond: 12380178466
SubGraph 0 Layer 10 Selecting RP 1 with Nodes: 47296 and calcs: 3638626014826 :: Predicted time: 3.667445, Actual Time: 8.746442
Build Time: 8.746442, Calc Time: 293.907396, reduction 11.895719
############################################
Predicted calcsPerSecond: 12379304464
SubGraph 0 Layer 11 Selecting RP 0 with Nodes: 57751 and calcs: 3445324284390 :: Predicted time: 8.746442, Actual Time: 7.803334
Build Time: 7.803334, Calc Time: 278.313236, reduction 15.594160
############################################
Predicted calcsPerSecond: 12279945969
SubGraph 0 Layer 12 Selecting RP 0 with Nodes: 66094 and calcs: 3359504873684 :: Predicted time: 7.803334, Actual Time: 10.357749
Build Time: 10.357749, Calc Time: 273.576519, reduction 4.736717
############################################
Final graph has 66094 nodes, 3359504873684 calcs total
Node Construct time: 75.318658
Batchs: 336
Total results Set Size: 1686078098 
Node Laucnher time: 183.948991
Total Time: 190.593187

Time to read in file: 11.479517

Number points: 11620300 
Number Dimensions: 57 
Number Concurent Streams: 2
Block Size: 1024, Kernel Blocks: 1024
Using using binary searches
Distance Threshold: 0.015250 
*********************************

Predicted calcsPerSecond: 12371577394
SubGraph 0 Layer 0 Selecting RP 1 with Nodes: 19 and calcs: 33074580959368 :: Predicted time: 0.000000, Actual Time: 0.080414
Build Time: 0.080414, Calc Time: 2673.432813, reduction -2673.432813
############################################
Predicted calcsPerSecond: 12373695699
SubGraph 0 Layer 1 Selecting RP 9 with Nodes: 95 and calcs: 25399610622444 :: Predicted time: 0.080414, Actual Time: 1.822724
Build Time: 1.822724, Calc Time: 2052.710139, reduction 620.722674
############################################
Predicted calcsPerSecond: 12383144252
SubGraph 0 Layer 2 Selecting RP 0 with Nodes: 355 and calcs: 20820491874220 :: Predicted time: 1.822724, Actual Time: 1.243372
Build Time: 1.243372, Calc Time: 1681.357453, reduction 371.352687
############################################
Predicted calcsPerSecond: 12384429469
SubGraph 0 Layer 3 Selecting RP 2 with Nodes: 748 and calcs: 18481532606976 :: Predicted time: 1.243372, Actual Time: 0.673913
Build Time: 0.673913, Calc Time: 1492.320066, reduction 189.037386
############################################
Predicted calcsPerSecond: 12384710368
SubGraph 0 Layer 4 Selecting RP 0 with Nodes: 1684 and calcs: 14529927649062 :: Predicted time: 0.673913, Actual Time: 0.711662
Build Time: 0.711662, Calc Time: 1173.214974, reduction 319.105093
############################################
Predicted calcsPerSecond: 12383317616
SubGraph 0 Layer 5 Selecting RP 2 with Nodes: 3058 and calcs: 13340423302278 :: Predicted time: 0.711662, Actual Time: 0.568173
Build Time: 0.568173, Calc Time: 1077.289925, reduction 95.925049
############################################
Predicted calcsPerSecond: 12381800192
SubGraph 0 Layer 6 Selecting RP 1 with Nodes: 4948 and calcs: 11895957726760 :: Predicted time: 0.568173, Actual Time: 1.669816
Build Time: 1.669816, Calc Time: 960.761565, reduction 116.528360
############################################
Predicted calcsPerSecond: 12373762480
SubGraph 0 Layer 7 Selecting RP 6 with Nodes: 7624 and calcs: 11318627801790 :: Predicted time: 1.669816, Actual Time: 0.696194
Build Time: 0.696194, Calc Time: 914.728064, reduction 46.033500
############################################
Predicted calcsPerSecond: 12373493324
SubGraph 0 Layer 8 Selecting RP 0 with Nodes: 11647 and calcs: 10530533676306 :: Predicted time: 0.696194, Actual Time: 0.961744
Build Time: 0.961744, Calc Time: 851.055834, reduction 63.672231
############################################
Predicted calcsPerSecond: 12375115372
SubGraph 0 Layer 9 Selecting RP 4 with Nodes: 14967 and calcs: 10087249078888 :: Predicted time: 0.961744, Actual Time: 2.270400
Build Time: 2.270400, Calc Time: 815.123639, reduction 35.932194
############################################
Predicted calcsPerSecond: 12373225826
SubGraph 0 Layer 10 Selecting RP 1 with Nodes: 20076 and calcs: 9760642083300 :: Predicted time: 2.270400, Actual Time: 2.913772
Build Time: 2.913772, Calc Time: 788.851850, reduction 26.271789
############################################
Predicted calcsPerSecond: 12372574654
SubGraph 0 Layer 11 Selecting RP 0 with Nodes: 27419 and calcs: 9175555938690 :: Predicted time: 2.913772, Actual Time: 3.011351
Build Time: 3.011351, Calc Time: 741.604411, reduction 47.247439
############################################
Predicted calcsPerSecond: 12368879980
SubGraph 0 Layer 12 Selecting RP 0 with Nodes: 36315 and calcs: 8835999313122 :: Predicted time: 3.011351, Actual Time: 5.951273
Build Time: 5.951273, Calc Time: 714.373438, reduction 27.230973
############################################
Predicted calcsPerSecond: 12373734315
SubGraph 0 Layer 13 Selecting RP 8 with Nodes: 42699 and calcs: 8706682541722 :: Predicted time: 5.951273, Actual Time: 11.550665
Build Time: 11.550665, Calc Time: 703.642273, reduction 10.731165
############################################
Final graph has 42699 nodes, 8706682541722 calcs total
Node Construct time: 58.752409
Batchs: 871
Total results Set Size: 4751938200 
Node Laucnher time: 374.506137
Total Time: 381.101089

Time to read in file: 11.493610

Number points: 11620300 
Number Dimensions: 57 
Number Concurent Streams: 2
Block Size: 1024, Kernel Blocks: 1024
Using using binary searches
Distance Threshold: 0.020000 
*********************************

Predicted calcsPerSecond: 12384884045
SubGraph 0 Layer 0 Selecting RP 1 with Nodes: 15 and calcs: 42781421770598 :: Predicted time: 0.000000, Actual Time: 0.078337
Build Time: 0.078337, Calc Time: 3454.325581, reduction -3454.325581
############################################
Predicted calcsPerSecond: 12383716828
SubGraph 0 Layer 1 Selecting RP 9 with Nodes: 58 and calcs: 35176437417218 :: Predicted time: 0.078337, Actual Time: 1.714080
Build Time: 1.714080, Calc Time: 2840.539549, reduction 613.786031
############################################
Predicted calcsPerSecond: 12382334871
SubGraph 0 Layer 2 Selecting RP 0 with Nodes: 199 and calcs: 31156064280546 :: Predicted time: 1.714080, Actual Time: 1.041253
Build Time: 1.041253, Calc Time: 2516.170383, reduction 324.369166
############################################
Predicted calcsPerSecond: 12382206767
SubGraph 0 Layer 3 Selecting RP 2 with Nodes: 401 and calcs: 28345082153310 :: Predicted time: 1.041253, Actual Time: 0.603095
Build Time: 0.603095, Calc Time: 2289.178552, reduction 226.991832
############################################
Predicted calcsPerSecond: 12380570908
SubGraph 0 Layer 4 Selecting RP 0 with Nodes: 890 and calcs: 23547976626506 :: Predicted time: 0.603095, Actual Time: 0.644713
Build Time: 0.644713, Calc Time: 1902.010562, reduction 387.167990
############################################
Predicted calcsPerSecond: 12382752063
SubGraph 0 Layer 5 Selecting RP 4 with Nodes: 1649 and calcs: 21843812575554 :: Predicted time: 0.644713, Actual Time: 0.570172
Build Time: 0.570172, Calc Time: 1764.051518, reduction 137.959044
############################################
Predicted calcsPerSecond: 12380714072
SubGraph 0 Layer 6 Selecting RP 1 with Nodes: 2817 and calcs: 19606715706008 :: Predicted time: 0.570172, Actual Time: 0.535307
Build Time: 0.535307, Calc Time: 1583.649828, reduction 180.401691
############################################
Predicted calcsPerSecond: 12377420150
SubGraph 0 Layer 7 Selecting RP 5 with Nodes: 4029 and calcs: 18935882150126 :: Predicted time: 0.535307, Actual Time: 0.438207
Build Time: 0.438207, Calc Time: 1529.873101, reduction 53.776726
############################################
Predicted calcsPerSecond: 12378049742
SubGraph 0 Layer 8 Selecting RP 0 with Nodes: 6175 and calcs: 18118395976384 :: Predicted time: 0.438207, Actual Time: 0.453503
Build Time: 0.453503, Calc Time: 1463.752074, reduction 66.121028
############################################
Predicted calcsPerSecond: 12382314814
SubGraph 0 Layer 9 Selecting RP 3 with Nodes: 7947 and calcs: 17478150168388 :: Predicted time: 0.453503, Actual Time: 1.187752
Build Time: 1.187752, Calc Time: 1411.541415, reduction 52.210659
############################################
Predicted calcsPerSecond: 12381298669
SubGraph 0 Layer 10 Selecting RP 1 with Nodes: 10893 and calcs: 17059404167616 :: Predicted time: 1.187752, Actual Time: 1.669308
Build Time: 1.669308, Calc Time: 1377.836415, reduction 33.705000
############################################
Predicted calcsPerSecond: 12381215983
SubGraph 0 Layer 11 Selecting RP 0 with Nodes: 15119 and calcs: 16260774919312 :: Predicted time: 1.669308, Actual Time: 1.773640
Build Time: 1.773640, Calc Time: 1313.342320, reduction 64.494095
############################################
Predicted calcsPerSecond: 12381987824
SubGraph 0 Layer 12 Selecting RP 0 with Nodes: 20112 and calcs: 15977405174908 :: Predicted time: 1.773640, Actual Time: 2.672732
Build Time: 2.672732, Calc Time: 1290.374809, reduction 22.967511
############################################
Predicted calcsPerSecond: 12380534884
SubGraph 0 Layer 13 Selecting RP 2 with Nodes: 23819 and calcs: 15791039660868 :: Predicted time: 2.672732, Actual Time: 5.106597
Build Time: 5.106597, Calc Time: 1275.473137, reduction 14.901673
############################################
Predicted calcsPerSecond: 12377988976
SubGraph 0 Layer 14 Selecting RP 0 with Nodes: 29046 and calcs: 15303432184740 :: Predicted time: 5.106597, Actual Time: 6.622997
Build Time: 6.622997, Calc Time: 1236.342367, reduction 39.130770
############################################
Predicted calcsPerSecond: 12384638551
SubGraph 0 Layer 15 Selecting RP 1 with Nodes: 36109 and calcs: 14860321706784 :: Predicted time: 6.622997, Actual Time: 10.784318
Build Time: 10.784318, Calc Time: 1199.899508, reduction 36.442858
############################################
Predicted calcsPerSecond: 12383767555
SubGraph 0 Layer 16 Selecting RP 7 with Nodes: 42149 and calcs: 14643395529348 :: Predicted time: 10.784318, Actual Time: 10.850256
Build Time: 10.850256, Calc Time: 1182.466924, reduction 17.432584
############################################
Predicted calcsPerSecond: 12384664867
SubGraph 0 Layer 17 Selecting RP 6 with Nodes: 49101 and calcs: 14485444117576 :: Predicted time: 10.850256, Actual Time: 13.937551
Build Time: 13.937551, Calc Time: 1169.627461, reduction 12.839464
############################################
Final graph has 49101 nodes, 14485444117576 calcs total
Node Construct time: 94.268002
Batchs: 1449
Total results Set Size: 12151386442 
Node Laucnher time: 696.878618
Total Time: 703.484279
SUSY ________________________________________________________________
SUSY ________________________________________________________________

Time to read in file: 0.664855

Number points: 5000000 
Number Dimensions: 18 
Number Concurent Streams: 2
Block Size: 1024, Kernel Blocks: 1024
Using using binary searches
Distance Threshold: 0.010000 
*********************************

Predicted calcsPerSecond: 52620073199
SubGraph 0 Layer 0 Selecting RP 5 with Nodes: 33 and calcs: 8418473200814 :: Predicted time: 0.000000, Actual Time: 0.020531
Build Time: 0.020531, Calc Time: 159.985965, reduction -159.985965
############################################
Predicted calcsPerSecond: 53285978894
SubGraph 0 Layer 1 Selecting RP 7 with Nodes: 375 and calcs: 3497905710176 :: Predicted time: 0.020531, Actual Time: 1.818262
Build Time: 1.818262, Calc Time: 65.644017, reduction 94.341948
############################################
Predicted calcsPerSecond: 53327975739
SubGraph 0 Layer 2 Selecting RP 5 with Nodes: 1940 and calcs: 1940815258058 :: Predicted time: 1.818262, Actual Time: 0.557371
Build Time: 0.557371, Calc Time: 36.393942, reduction 29.250075
############################################
Predicted calcsPerSecond: 53449580568
SubGraph 0 Layer 3 Selecting RP 8 with Nodes: 5330 and calcs: 1078558060880 :: Predicted time: 0.557371, Actual Time: 0.274398
Build Time: 0.274398, Calc Time: 20.178981, reduction 16.214961
############################################
Predicted calcsPerSecond: 53187000708
SubGraph 0 Layer 4 Selecting RP 3 with Nodes: 12931 and calcs: 741620864094 :: Predicted time: 0.274398, Actual Time: 0.785441
Build Time: 0.785441, Calc Time: 13.943649, reduction 6.235332
############################################
Predicted calcsPerSecond: 52727141133
SubGraph 0 Layer 5 Selecting RP 0 with Nodes: 21594 and calcs: 604590868836 :: Predicted time: 0.785441, Actual Time: 0.696431
Build Time: 0.696431, Calc Time: 11.466407, reduction 2.477242
############################################
Predicted calcsPerSecond: 53099251822
SubGraph 0 Layer 6 Selecting RP 0 with Nodes: 32076 and calcs: 517598545148 :: Predicted time: 0.696431, Actual Time: 2.254961
Build Time: 2.254961, Calc Time: 9.747756, reduction 1.718651
############################################
Final graph has 32076 nodes, 517598545148 calcs total
Node Construct time: 7.903086
Batchs: 52
Total results Set Size: 30844186 
Node Laucnher time: 17.890110
Total Time: 18.773889

Time to read in file: 0.182939

Number points: 5000000 
Number Dimensions: 18 
Number Concurent Streams: 2
Block Size: 1024, Kernel Blocks: 1024
Using using binary searches
Distance Threshold: 0.012750 
*********************************

Predicted calcsPerSecond: 52981264138
SubGraph 0 Layer 0 Selecting RP 5 with Nodes: 26 and calcs: 10500822904818 :: Predicted time: 0.000000, Actual Time: 0.017004
Build Time: 0.017004, Calc Time: 198.198799, reduction -198.198799
############################################
Predicted calcsPerSecond: 52914874118
SubGraph 0 Layer 1 Selecting RP 7 with Nodes: 251 and calcs: 5350617776724 :: Predicted time: 0.017004, Actual Time: 1.603596
Build Time: 1.603596, Calc Time: 101.117462, reduction 97.081337
############################################
Predicted calcsPerSecond: 52942561612
SubGraph 0 Layer 2 Selecting RP 5 with Nodes: 1165 and calcs: 3449022735320 :: Predicted time: 1.603596, Actual Time: 0.579035
Build Time: 0.579035, Calc Time: 65.146503, reduction 35.970959
############################################
Predicted calcsPerSecond: 52917634280
SubGraph 0 Layer 3 Selecting RP 8 with Nodes: 3087 and calcs: 2215253042120 :: Predicted time: 0.579035, Actual Time: 0.287916
Build Time: 0.287916, Calc Time: 41.862284, reduction 23.284219
############################################
Predicted calcsPerSecond: 53161184356
SubGraph 0 Layer 4 Selecting RP 3 with Nodes: 7821 and calcs: 1634876869472 :: Predicted time: 0.287916, Actual Time: 0.475497
Build Time: 0.475497, Calc Time: 30.753206, reduction 11.109078
############################################
Predicted calcsPerSecond: 53478074791
SubGraph 0 Layer 5 Selecting RP 0 with Nodes: 14169 and calcs: 1369777553108 :: Predicted time: 0.475497, Actual Time: 1.616840
Build Time: 1.616840, Calc Time: 25.613816, reduction 5.139391
############################################
Predicted calcsPerSecond: 53424173750
SubGraph 0 Layer 6 Selecting RP 0 with Nodes: 25679 and calcs: 1061977281130 :: Predicted time: 1.616840, Actual Time: 1.968109
Build Time: 1.968109, Calc Time: 19.878216, reduction 5.735599
############################################
Predicted calcsPerSecond: 53372966337
SubGraph 0 Layer 7 Selecting RP 1 with Nodes: 35338 and calcs: 960853651250 :: Predicted time: 1.968109, Actual Time: 8.590441
Build Time: 8.590441, Calc Time: 18.002628, reduction 1.875588
############################################
Final graph has 35338 nodes, 960853651250 calcs total
Node Construct time: 15.340124
Batchs: 97
Total results Set Size: 162647128 
Node Laucnher time: 49.319640
Total Time: 50.212973

Time to read in file: 0.522209

Number points: 5000000 
Number Dimensions: 18 
Number Concurent Streams: 2
Block Size: 1024, Kernel Blocks: 1024
Using using binary searches
Distance Threshold: 0.015500 
*********************************

Predicted calcsPerSecond: 52955692639
SubGraph 0 Layer 0 Selecting RP 5 with Nodes: 21 and calcs: 12434365277642 :: Predicted time: 0.000000, Actual Time: 0.014506
Build Time: 0.014506, Calc Time: 234.806961, reduction -234.806961
############################################
Predicted calcsPerSecond: 53028674054
SubGraph 0 Layer 1 Selecting RP 7 with Nodes: 187 and calcs: 7362745253038 :: Predicted time: 0.014506, Actual Time: 1.214736
Build Time: 1.214736, Calc Time: 138.844604, reduction 95.962357
############################################
Predicted calcsPerSecond: 53059245492
SubGraph 0 Layer 2 Selecting RP 5 with Nodes: 813 and calcs: 5250065978912 :: Predicted time: 1.214736, Actual Time: 0.572987
Build Time: 0.572987, Calc Time: 98.947242, reduction 39.897363
############################################
Predicted calcsPerSecond: 53093508194
SubGraph 0 Layer 3 Selecting RP 8 with Nodes: 1979 and calcs: 3776043498506 :: Predicted time: 0.572987, Actual Time: 0.251293
Build Time: 0.251293, Calc Time: 71.120625, reduction 27.826616
############################################
Predicted calcsPerSecond: 53073172961
SubGraph 0 Layer 4 Selecting RP 3 with Nodes: 5123 and calcs: 2960837329790 :: Predicted time: 0.251293, Actual Time: 0.306908
Build Time: 0.306908, Calc Time: 55.787833, reduction 15.332792
############################################
Predicted calcsPerSecond: 53219384556
SubGraph 0 Layer 5 Selecting RP 0 with Nodes: 9367 and calcs: 2600018977904 :: Predicted time: 0.306908, Actual Time: 0.732463
Build Time: 0.732463, Calc Time: 48.854736, reduction 6.933097
############################################
Predicted calcsPerSecond: 53300694889
SubGraph 0 Layer 6 Selecting RP 0 with Nodes: 17947 and calcs: 2080969736578 :: Predicted time: 0.732463, Actual Time: 1.304343
Build Time: 1.304343, Calc Time: 39.042075, reduction 9.812661
############################################
Predicted calcsPerSecond: 53225904970
SubGraph 0 Layer 7 Selecting RP 4 with Nodes: 25167 and calcs: 1849400808182 :: Predicted time: 1.304343, Actual Time: 4.768357
Build Time: 4.768357, Calc Time: 34.746254, reduction 4.295821
############################################
Final graph has 25167 nodes, 1849400808182 calcs total
Node Construct time: 10.411496
Batchs: 185
Total results Set Size: 655680946 
Node Laucnher time: 78.310653
Total Time: 79.205512

Time to read in file: 0.521947

Number points: 5000000 
Number Dimensions: 18 
Number Concurent Streams: 2
Block Size: 1024, Kernel Blocks: 1024
Using using binary searches
Distance Threshold: 0.018250 
*********************************

Predicted calcsPerSecond: 52803159982
SubGraph 0 Layer 0 Selecting RP 5 with Nodes: 19 and calcs: 14196403216390 :: Predicted time: 0.000000, Actual Time: 0.013517
Build Time: 0.013517, Calc Time: 268.855183, reduction -268.855183
############################################
Predicted calcsPerSecond: 52793948851
SubGraph 0 Layer 1 Selecting RP 7 with Nodes: 139 and calcs: 9414195657546 :: Predicted time: 0.013517, Actual Time: 0.978028
Build Time: 0.978028, Calc Time: 178.319597, reduction 90.535586
############################################
Predicted calcsPerSecond: 52696232919
SubGraph 0 Layer 2 Selecting RP 5 with Nodes: 554 and calcs: 7211845423704 :: Predicted time: 0.978028, Actual Time: 0.485001
Build Time: 0.485001, Calc Time: 136.856944, reduction 41.462652
############################################
Predicted calcsPerSecond: 52698442467
SubGraph 0 Layer 3 Selecting RP 8 with Nodes: 1368 and calcs: 5619905596064 :: Predicted time: 0.485001, Actual Time: 0.258107
Build Time: 0.258107, Calc Time: 106.642727, reduction 30.214218
############################################
Predicted calcsPerSecond: 52893118148
SubGraph 0 Layer 4 Selecting RP 3 with Nodes: 3494 and calcs: 4618966869870 :: Predicted time: 0.258107, Actual Time: 0.323878
Build Time: 0.323878, Calc Time: 87.326424, reduction 19.316303
############################################
Predicted calcsPerSecond: 53078600779
SubGraph 0 Layer 5 Selecting RP 7 with Nodes: 6092 and calcs: 4193705490116 :: Predicted time: 0.323878, Actual Time: 0.329352
Build Time: 0.329352, Calc Time: 79.009345, reduction 8.317079
############################################
Predicted calcsPerSecond: 53238105738
SubGraph 0 Layer 6 Selecting RP 0 with Nodes: 11712 and calcs: 3532542974232 :: Predicted time: 0.329352, Actual Time: 0.940990
Build Time: 0.940990, Calc Time: 66.353656, reduction 12.655689
############################################
Predicted calcsPerSecond: 53181668211
SubGraph 0 Layer 7 Selecting RP 6 with Nodes: 17053 and calcs: 3136842883786 :: Predicted time: 0.940990, Actual Time: 3.022173
Build Time: 3.022173, Calc Time: 58.983537, reduction 7.370120
############################################
Predicted calcsPerSecond: 53253863858
SubGraph 0 Layer 8 Selecting RP 9 with Nodes: 24515 and calcs: 2831943967006 :: Predicted time: 3.022173, Actual Time: 4.910638
Build Time: 4.910638, Calc Time: 53.178188, reduction 5.805349
############################################
Predicted calcsPerSecond: 53247923923
SubGraph 0 Layer 9 Selecting RP 8 with Nodes: 31969 and calcs: 2635912172844 :: Predicted time: 4.910638, Actual Time: 7.252861
Build Time: 7.252861, Calc Time: 49.502628, reduction 3.675560
############################################
Final graph has 31969 nodes, 2635912172844 calcs total
Node Construct time: 19.316903
Batchs: 264
Total results Set Size: 2072898048 
Node Laucnher time: 157.670694
Total Time: 158.564423

Time to read in file: 0.519504

Number points: 5000000 
Number Dimensions: 18 
Number Concurent Streams: 2
Block Size: 1024, Kernel Blocks: 1024
Using using binary searches
Distance Threshold: 0.021000 
*********************************

Predicted calcsPerSecond: 52739211443
SubGraph 0 Layer 0 Selecting RP 5 with Nodes: 16 and calcs: 15786445839984 :: Predicted time: 0.000000, Actual Time: 0.012022
Build Time: 0.012022, Calc Time: 299.330335, reduction -299.330335
############################################
Predicted calcsPerSecond: 52704388185
SubGraph 0 Layer 1 Selecting RP 7 with Nodes: 115 and calcs: 11415409130670 :: Predicted time: 0.012022, Actual Time: 0.872488
Build Time: 0.872488, Calc Time: 216.593144, reduction 82.737191
############################################
Predicted calcsPerSecond: 52929733108
SubGraph 0 Layer 2 Selecting RP 5 with Nodes: 441 and calcs: 9217569760074 :: Predicted time: 0.872488, Actual Time: 0.453686
Build Time: 0.453686, Calc Time: 174.147293, reduction 42.445850
############################################
Predicted calcsPerSecond: 53024737641
SubGraph 0 Layer 3 Selecting RP 8 with Nodes: 1017 and calcs: 7621645778304 :: Predicted time: 0.453686, Actual Time: 0.267814
Build Time: 0.267814, Calc Time: 143.737548, reduction 30.409745
############################################
Predicted calcsPerSecond: 53053930492
SubGraph 0 Layer 4 Selecting RP 3 with Nodes: 2533 and calcs: 6497591836078 :: Predicted time: 0.267814, Actual Time: 0.263707
Build Time: 0.263707, Calc Time: 122.471451, reduction 21.266097
############################################
Predicted calcsPerSecond: 53225820667
SubGraph 0 Layer 5 Selecting RP 7 with Nodes: 4464 and calcs: 6004370893982 :: Predicted time: 0.263707, Actual Time: 0.297205
Build Time: 0.297205, Calc Time: 112.809362, reduction 9.662088
############################################
Predicted calcsPerSecond: 53309415684
SubGraph 0 Layer 6 Selecting RP 0 with Nodes: 8568 and calcs: 5283172796642 :: Predicted time: 0.297205, Actual Time: 0.686035
Build Time: 0.686035, Calc Time: 99.103934, reduction 13.705429
############################################
Predicted calcsPerSecond: 53430677912
SubGraph 0 Layer 7 Selecting RP 6 with Nodes: 12788 and calcs: 4783519594994 :: Predicted time: 0.686035, Actual Time: 2.371870
Build Time: 2.371870, Calc Time: 89.527586, reduction 9.576348
############################################
Predicted calcsPerSecond: 52712034285
SubGraph 0 Layer 8 Selecting RP 9 with Nodes: 18997 and calcs: 4358666082846 :: Predicted time: 2.371870, Actual Time: 4.086471
Build Time: 4.086471, Calc Time: 82.688254, reduction 6.839332
############################################
Predicted calcsPerSecond: 52925551389
SubGraph 0 Layer 9 Selecting RP 8 with Nodes: 25471 and calcs: 4094840908100 :: Predicted time: 4.086471, Actual Time: 6.624915
Build Time: 6.624915, Calc Time: 77.369830, reduction 5.318424
############################################
Final graph has 25471 nodes, 4094840908100 calcs total
Node Construct time: 16.574350
Batchs: 410
Total results Set Size: 5457260816 
Node Laucnher time: 278.026145
Total Time: 278.921391
HIGGS ________________________________________________________________
HIGGS ________________________________________________________________

Time to read in file: 1.895763

Number points: 11000000 
Number Dimensions: 28 
Number Concurent Streams: 2
Block Size: 1024, Kernel Blocks: 1024
Using using binary searches
Distance Threshold: 0.010000 
*********************************

Predicted calcsPerSecond: 25640217692
SubGraph 0 Layer 0 Selecting RP 1 with Nodes: 27 and calcs: 38474612440442 :: Predicted time: 0.000000, Actual Time: 0.036201
Build Time: 0.036201, Calc Time: 1500.557168, reduction -1500.557168
############################################
Predicted calcsPerSecond: 25652977226
SubGraph 0 Layer 1 Selecting RP 5 with Nodes: 291 and calcs: 16198994249218 :: Predicted time: 0.036201, Actual Time: 4.020312
Build Time: 4.020312, Calc Time: 631.466442, reduction 869.090726
############################################
Predicted calcsPerSecond: 25667809485
SubGraph 0 Layer 2 Selecting RP 3 with Nodes: 1766 and calcs: 8583667810584 :: Predicted time: 4.020312, Actual Time: 2.800666
Build Time: 2.800666, Calc Time: 334.413726, reduction 297.052716
############################################
Predicted calcsPerSecond: 25680654924
SubGraph 0 Layer 3 Selecting RP 8 with Nodes: 8485 and calcs: 4415495184422 :: Predicted time: 2.800666, Actual Time: 3.469180
Build Time: 3.469180, Calc Time: 171.938574, reduction 162.475152
############################################
Predicted calcsPerSecond: 25665348955
SubGraph 0 Layer 4 Selecting RP 1 with Nodes: 29540 and calcs: 2515049303244 :: Predicted time: 3.469180, Actual Time: 5.156731
Build Time: 5.156731, Calc Time: 97.993965, reduction 73.944609
############################################
Predicted calcsPerSecond: 25662947409
SubGraph 0 Layer 5 Selecting RP 2 with Nodes: 66077 and calcs: 1630322673358 :: Predicted time: 5.156731, Actual Time: 11.719743
Build Time: 11.719743, Calc Time: 63.528271, reduction 34.465694
############################################
Predicted calcsPerSecond: 25654938181
SubGraph 0 Layer 6 Selecting RP 0 with Nodes: 112063 and calcs: 1318011263498 :: Predicted time: 11.719743, Actual Time: 10.659719
Build Time: 10.659719, Calc Time: 51.374564, reduction 12.153707
############################################
Predicted calcsPerSecond: 25658070478
SubGraph 0 Layer 7 Selecting RP 5 with Nodes: 116282 and calcs: 1313330531178 :: Predicted time: 10.659719, Actual Time: 19.807244
Build Time: 19.807244, Calc Time: 51.185865, reduction 0.188699
############################################
Final graph has 116282 nodes, 1313330531178 calcs total
Node Construct time: 58.630614
Batchs: 132
Total results Set Size: 11566498 
Node Laucnher time: 108.884599
Total Time: 112.087562
Tiny____________________________________________________
Tiny____________________________________________________
