
EPSILON | NUMPOINTS | RP | NODES | CALCS | Construct T | Total T



MSD ________________________________________________________________


0.007000 515345 13 2202 107876911003 1.210045 3 0.406193 3.705306 
0.007525 515345 13 2010 116092384989 1.164206 3 0.437127 4.842794 
0.008050 515345 13 1884 124075306519 1.153467 3 0.467185 5.271817 
0.008575 515345 14 1936 131170941807 1.279335 3 0.493903 6.751572 
0.009100 515345 14 1845 139382979989 1.210990 3 0.524824 8.198770 

Census____________________________________________________________


0.001000 2458285 4 10329 28500904977 1.923001 10 0.004716 3.978096 
0.003250 2458285 7 9523 125284874529 3.489935 10 0.020732 7.540467 
0.005500 2458285 10 12698 321481519709 6.967760 10 0.053198 18.396545 
0.007750 2458285 11 12564 625873926701 10.248283 12 0.103567 32.673949 
0.010000 2458285 14 15600 956039215375 17.956026 16 0.158202 main: src/launcher.cu:3441: neighborTable* nodeLauncher5(double*, unsigned int, unsigned int, unsigned int, unsigned int*, double): Assertion `cudaSuccess == cudaMemcpyAsync(&keyValueIndex[i], &d_keyValueIndex[i], sizeof(unsigned long long ), cudaMemcpyDeviceToHost, stream[tid])' failed.
main: src/launcher.cu:3441: neighborTable* nodeLauncher5(double*, unsigned int, unsigned int, unsigned int, unsigned int*, double): Assertion `cudaSuccess == cudaMemcpyAsync(&keyValueIndex[i], &d_keyValueIndex[i], sizeof(unsigned long long ), cudaMemcpyDeviceToHost, stream[tid])' failed.
/var/spool/slurm/slurmd/job61699596/slurm_script: line 69: 3322770 Aborted                 (core dumped) ./build/main /scratch/bwd29/data/USC_Normalized_No1Col.bin 68 $j


Wave __________________________________________________


0.002000 287999 9 595 10871321453 0.371004 2 0.131069 0.572817 
0.003250 287999 11 709 17768989247 0.464452 2 0.214230 0.781396 
0.004500 287999 14 764 24080499553 0.565727 2 0.290324 1.056040 
0.005750 287999 14 600 29861024347 0.499996 2 0.360017 1.328339 
0.007000 287999 12 480 35576042543 0.468684 2 0.428919 2.341577 

BIGCROSS____________________________________________________________


0.001000 11620300 4 56603 120929213754 10.314075 45 0.000896 16.334299 
0.005750 11620300 8 43764 992052523520 25.125504 45 0.007347 38.394463 
0.010500 11620300 13 66094 3359504873684 64.949534 56 0.024879 100.069938 
0.015250 11620300 18 77012 7906252958154 119.796040 116 0.058551 227.398326 
0.020000 11620300 18 49101 14485444117576 90.918637 212 0.107275 369.525149 

SUSY ________________________________________________________________


0.010000 5000000 8 35615 508775335134 11.491230 20 0.020351 18.492356 
0.012750 5000000 8 35338 960853651250 12.472760 20 0.038434 26.194847 
0.015500 5000000 8 25167 1849400808182 10.827338 29 0.073976 42.129030 
0.018250 5000000 10 31969 2635912172844 19.153672 40 0.105436 77.523192 
0.021000 5000000 10 25471 4094840908100 17.435495 61 0.163794 136.394617 

HIGGS ________________________________________________________________


0.010000 11000000 8 116282 1313330531178 51.219242 42 0.010854 77.550295 
0.021375 11000000 10 115312 15268400507416 109.086934 224 0.126185 /var/spool/slurm/slurmd/job61699596/slurm_script: line 107: 3343360 Segmentation fault      (core dumped) ./build/main /scratch/bwd29/data/HIGSS_Normalized.bin 28 $j

0.032750 11000000 13 93810 45488950909170 176.520054 699 0.375942 5375.201810 
0.044125 11000000 15 46223 75523017277484 122.577455 1214 0.624157 14484.478131 
0.055500 11000000 17 34941 95577570764904 103.124195 1581 0.789897 /var/spool/slurm/slurmd/job61699596/slurm_script: line 107: 3524500 Segmentation fault      (core dumped) ./build/main /scratch/bwd29/data/HIGSS_Normalized.bin 28 $j
