
EPSILON | NUMPOINTS | RP | NODES | CALCS | Construct T | Total T



MSD ________________________________________________________________


0.007000 515345 12 1890 108778791561 1.033415 2 0.409589 3.617331 
0.007525 515345 13 2010 116092384989 1.224364 2 0.437127 4.521915 
0.008050 515345 13 1884 124075306519 1.161330 2 0.467185 5.484070 
0.008575 515345 14 1936 131170941807 1.276043 2 0.493903 6.589427 
0.009100 515345 13 1596 140337485067 1.086593 2 0.528418 main: src/launcher.cu:3441: neighborTable* nodeLauncher5(double*, unsigned int, unsigned int, unsigned int, unsigned int*, double): Assertion `cudaSuccess == cudaMemcpyAsync(&keyValueIndex[i], &d_keyValueIndex[i], sizeof(unsigned long long ), cudaMemcpyDeviceToHost, stream[tid])' failed.
main: src/launcher.cu:3441: neighborTable* nodeLauncher5(double*, unsigned int, unsigned int, unsigned int, unsigned int*, double): Assertion `cudaSuccess == cudaMemcpyAsync(&keyValueIndex[i], &d_keyValueIndex[i], sizeof(unsigned long long ), cudaMemcpyDeviceToHost, stream[tid])' failed.
/var/spool/slurm/slurmd/job61688081/slurm_script: line 36: 3169740 Aborted                 (core dumped) ./build/main /scratch/bwd29/data/MSD.bin 90 $j


Census____________________________________________________________


0.001000 2458285 4 10329 28500904977 1.940525 10 0.004716 3.985375 
0.003250 2458285 8 10038 124029401459 4.187986 10 0.020524 8.374885 
0.005500 2458285 9 11197 329064452405 5.830604 10 0.054452 17.578021 
0.007750 2458285 12 14973 609975294041 12.255157 10 0.100936 main: src/launcher.cu:3441: neighborTable* nodeLauncher5(double*, unsigned int, unsigned int, unsigned int, unsigned int*, double): Assertion `cudaSuccess == cudaMemcpyAsync(&keyValueIndex[i], &d_keyValueIndex[i], sizeof(unsigned long long ), cudaMemcpyDeviceToHost, stream[tid])' failed.
terminate called after throwing an instance of 'thrust::system::system_error'
/var/spool/slurm/slurmd/job61688081/slurm_script: line 69: 3171893 Aborted                 (core dumped) ./build/main /scratch/bwd29/data/USC_Normalized_No1Col.bin 68 $j

0.010000 2458285 13 13584 975534227949 13.540688 10 0.161428 main: src/launcher.cu:3441: neighborTable* nodeLauncher5(double*, unsigned int, unsigned int, unsigned int, unsigned int*, double): Assertion `cudaSuccess == cudaMemcpyAsync(&keyValueIndex[i], &d_keyValueIndex[i], sizeof(unsigned long long ), cudaMemcpyDeviceToHost, stream[tid])' failed.
main: src/launcher.cu:3441: neighborTable* nodeLauncher5(double*, unsigned int, unsigned int, unsigned int, unsigned int*, double): Assertion `cudaSuccess == cudaMemcpyAsync(&keyValueIndex[i], &d_keyValueIndex[i], sizeof(unsigned long long ), cudaMemcpyDeviceToHost, stream[tid])' failed.
/var/spool/slurm/slurmd/job61688081/slurm_script: line 69: 3172637 Aborted                 (core dumped) ./build/main /scratch/bwd29/data/USC_Normalized_No1Col.bin 68 $j


Wave __________________________________________________


0.002000 287999 8 576 10903610643 0.317144 2 0.131458 0.523172 
0.003250 287999 10 635 17878180011 0.367464 2 0.215547 0.675781 
0.004500 287999 12 626 24343736929 0.430449 2 0.293498 0.908331 
0.005750 287999 14 600 29861024347 0.553641 2 0.360017 1.386153 
0.007000 287999 16 697 34663684381 0.494021 2 0.417920 2.313617 

BIGCROSS____________________________________________________________


0.001000 11620300 4 56603 120929213754 10.428335 45 0.000896 16.338765 
0.005750 11620300 8 43764 992052523520 24.650568 45 0.007347 38.184059 
0.010500 11620300 13 66094 3359504873684 67.262868 45 0.024879 100.423402 
0.015250 11620300 17 68886 7999650020588 104.026423 45 0.059243 179.770653 
0.020000 11620300 18 49101 14485444117576 93.377130 45 0.107275 223.604252 

SUSY ________________________________________________________________


0.010000 5000000 7 32076 517598545148 7.808613 20 0.020704 14.873123 
0.012750 5000000 8 35338 960853651250 13.816003 20 0.038434 28.044892 
0.015500 5000000 8 25167 1849400808182 11.341524 20 0.073976 38.950096 
0.018250 5000000 10 31969 2635912172844 19.832306 20 0.105436 62.781194 
0.021000 5000000 10 25471 4094840908100 16.536744 20 0.163794 92.992841 

HIGGS ________________________________________________________________


0.010000 11000000 8 116282 1313330531178 50.017598 42 0.010854 76.557917 
0.021375 11000000 11 166586 13707484660112 210.769066 42 0.113285 munmap_chunk(): invalid pointer
/var/spool/slurm/slurmd/job61688081/slurm_script: line 107: 3193200 Aborted                 (core dumped) ./build/main /scratch/bwd29/data/HIGSS_Normalized.bin 28 $j

0.032750 11000000 13 93810 45488950909170 186.171346 42 0.375942 free(): invalid pointer
/var/spool/slurm/slurmd/job61688081/slurm_script: line 107: 3194052 Aborted                 (core dumped) ./build/main /scratch/bwd29/data/HIGSS_Normalized.bin 28 $j

0.044125 11000000 15 46223 75523017277484 121.259558 42 0.624157 /var/spool/slurm/slurmd/job61688081/slurm_script: line 107: 3197191 Segmentation fault      (core dumped) ./build/main /scratch/bwd29/data/HIGSS_Normalized.bin 28 $j

0.055500 11000000 17 34941 95577570764904 112.826890 42 0.789897 /var/spool/slurm/slurmd/job61688081/slurm_script: line 107: 3200279 Segmentation fault      (core dumped) ./build/main /scratch/bwd29/data/HIGSS_Normalized.bin 28 $j
