
1 0.007000 515345 33 184376301191 10628906277 0.160441 0.160455 
1 0.007525 515345 31 191609419795 6056241411 0.157475 0.157488 
1 0.008050 515345 30 198269339055 10631206995 0.148509 0.148522 
1 0.008575 515345 29 204440028133 6032182377 0.150488 0.150501 
1 0.009100 515345 27 209563869911 5471441037 0.138745 0.138758 
1 0.250000 2000000 11 2705871871972 14648805608 0.271449 0.271475 
1 0.300000 2000000 9 3039674017296 9127637568 0.284889 0.284917 
1 0.350000 2000000 8 3301000758746 9564884540 0.268462 0.268490 
1 0.400000 2000000 7 3495049901618 4940595026 0.298720 0.298748 
1 0.450000 2000000 7 3660642482372 4404910492 0.309360 0.309389 
1 0.030000 2000000 16 2479945860758 19021876482 0.321308 0.321336 
1 0.035000 2000000 14 2760239360064 15847406556 0.328020 0.328049 
1 0.040000 2000000 12 2997911701040 10019950580 0.329664 0.329693 
1 0.045000 2000000 11 3195791983182 6384848474 0.317912 0.317939 
1 0.050000 2000000 10 3350575892598 10718785526 0.347687 0.347715 
1 0.001000 2458285 472 168852929565 57331377327 1.062835 1.062952 
1 0.003250 2458285 152 511103423555 67569972529 0.908086 0.908152 
1 0.005500 2458285 91 813711885139 47567115519 1.298211 1.298257 
1 0.007750 2458285 67 1064017987189 46072630113 0.913175 0.913216 
1 0.010000 2458285 54 1282573597679 22849200399 1.200330 1.200364 
1 0.002000 287999 165 5939966699 2004012859 0.063403 0.063431 
1 0.003250 287999 104 9469157975 3239440557 0.065590 0.065610 
1 0.004500 287999 78 12836055937 4457859097 0.060208 0.060234 
1 0.005750 287999 61 15875276359 5615518341 0.051634 0.051653 
1 0.007000 287999 51 18909352925 6881116897 0.063797 0.063813 
1 0.001000 11620300 1155 576344757476 192719998674 4.016772 4.016973 
1 0.005750 11620300 211 3470096465346 294783583278 4.281801 4.285126 
1 0.010500 11620300 116 5928606598796 184727656760 3.812719 3.816372 
1 0.015250 11620300 77 8724994914208 136235404424 4.031377 4.035320 
1 0.010000 5000000 56 9197403543040 36918310304 0.787172 0.787207 
1 0.012750 5000000 47 11386951137168 25723853194 0.901757 0.901790 
1 0.015500 5000000 40 13363980559926 16521032462 0.853555 0.853588 
1 0.018250 5000000 35 15124591718016 18800752630 0.856385 0.856426 
1 0.021000 5000000 29 16666751019918 19639952180 0.862105 0.862143 
1 0.010000 11000000 32 43715333643824 24776744312 2.665092 2.665136 
1 0.021375 11000000 16 82072713763886 16598959788 3.368100 3.368579 
1 0.032750 11000000 11 104316087902604 17274152376 2.555853 2.556688 
1 0.044125 11000000 9 115332506128692 10112011222 2.566312 2.566339 
1 0.055500 11000000 16 118399417126492 11427233544 2.692236 2.693004 
1 0.200000 5000000 39 4332832271432 47315486336 7.496939 7.496976 
1 0.260000 5000000 31 5629524055404 51380857210 6.131058 6.132152 
1 0.320000 5000000 25 6562127529448 42272573418 6.624442 6.625594 
1 0.380000 5000000 12 13044631820070 16764835584 6.145566 6.145603 
1 0.440000 5000000 18 9887969034618 27679152502 6.577392 6.577426 
2 0.007000 515345 166 151588699341 9244621149 0.400079 0.400112 
2 0.007525 515345 150 159124861755 11685195443 0.405357 0.405380 
2 0.008050 515345 136 169689292457 9378463083 0.431152 0.431175 
2 0.008575 515345 126 171327200763 13326470109 0.413105 0.413127 
2 0.009100 515345 112 181936607749 6636227331 0.423317 0.423337 
2 0.250000 2000000 68 1870083677132 41451984998 0.700957 0.700990 
2 0.300000 2000000 52 2354357986200 25424272724 0.702036 0.702072 
2 0.350000 2000000 41 2767914625410 22324353522 0.665029 0.665062 
2 0.400000 2000000 33 3108528664292 21543329902 0.632523 0.632558 
2 0.450000 2000000 25 3363074978622 20770314054 0.660489 0.660519 
2 0.030000 2000000 99 2178179714078 27815566556 0.808224 0.808259 
2 0.035000 2000000 75 2534732213362 19217965652 0.850170 0.850206 
2 0.040000 2000000 30 1767088881406 13968695332 0.875786 0.875821 
2 0.045000 2000000 52 2752126584008 22969381942 0.821237 0.821276 
2 0.050000 2000000 11 2262549342742 11136131250 0.805705 0.805739 
2 0.001000 2458285 16035 24977546041 3995722047 2.722622 2.724312 
2 0.003250 2458285 1696 211901613417 33941564227 2.328630 2.328804 
2 0.005500 2458285 974 351498233625 58077517431 2.724218 2.724339 
2 0.007750 2458285 387 858052629241 67155892063 4.010757 4.010852 
2 0.010000 2458285 276 710657797971 60545759143 2.438563 2.438646 
2 0.002000 287999 315 4968669089 1003568781 0.179246 0.179285 
2 0.003250 287999 200 8182668575 1860168347 0.159188 0.159226 
2 0.004500 287999 148 10896032809 2297794643 0.165977 0.166007 
2 0.005750 287999 163 15857198881 4356094835 0.157806 0.157830 
2 0.007000 287999 97 16261745547 3590158745 0.161351 0.161374 
2 0.001000 11620300 46934 62406431118 7476340644 14.829218 14.840625 
2 0.005750 11620300 2004 1790597481238 219071759822 11.743612 11.746099 
2 0.010500 11620300 670 4981991292662 278709810356 14.556284 14.556461 
2 0.015250 11620300 342 8651436726804 247139601698 9.845864 9.845966 
2 0.010000 5000000 332 3287251245820 121863672522 2.111141 2.111236 
2 0.012750 5000000 592 6560104375300 77295489220 2.231464 2.231602 
2 0.015500 5000000 156 7039513786120 67920738162 2.151623 2.151694 
2 0.018250 5000000 115 9123116586896 56966150122 2.254402 2.255658 
2 0.021000 5000000 100 11086260999386 55397550696 2.087645 2.087714 
2 0.010000 11000000 287 21661599396360 142909081618 8.339372 8.340392 
2 0.021375 11000000 /var/spool/slurm/slurmd/job53522515/slurm_script: line 90: 571364 Segmentation fault      (core dumped) ./build/main /scratch/bwd29/data/HIGSS_Normalized.bin 28 $k $j

2 0.032750 11000000 50 89621713963972 27848984052 6.836370 6.836412 
2 0.044125 11000000 31 105903522914654 18903664072 6.377906 6.377940 
2 0.055500 11000000 24 114212618480672 11606375180 6.345738 6.345769 
2 0.200000 5000000 160 6339840474770 63082096852 15.889649 15.889703 
2 0.260000 5000000 167 4422223613052 82310134044 13.811561 13.813012 
2 0.320000 5000000 75 10494547932032 41930054254 15.314875 15.314924 
2 0.380000 5000000 74 6842784358730 47296665170 14.850002 14.850062 
2 0.440000 5000000 105 8698198700866 40587413630 14.056401 14.056457 
3 0.007000 515345 601 139087050303 18618028493 0.698117 0.698173 
3 0.007525 515345 564 147820233811 8972358115 0.710737 0.710793 
3 0.008050 515345 398 155651370669 21580498539 0.698729 0.698780 
3 0.008575 515345 446 162003490543 10056350717 0.742679 0.742728 
3 0.009100 515345 407 171018525977 15690213829 0.719975 0.720021 
3 0.250000 2000000 331 1335787925564 55197090466 1.229238 1.229322 
3 0.300000 2000000 225 1868188835476 53025013020 1.196501 1.196562 
3 0.350000 2000000 154 2361153402870 44387368142 1.211002 1.211050 
3 0.400000 2000000 116 2792257024624 44305244572 1.199755 1.199796 
3 0.450000 2000000 87 3111702341030 35455649914 1.177178 1.177216 
3 0.030000 2000000 412 2034225732212 45723066478 1.419659 1.419732 
3 0.035000 2000000 278 2415226580728 33750658708 1.337492 1.337555 
3 0.040000 2000000 190 2720126363148 34016146624 1.404465 1.404519 
3 0.045000 2000000 145 2991124006770 33445485404 1.311059 1.311105 
3 0.050000 2000000 46 2486171683116 24369966456 1.255007 1.255711 
3 0.001000 2458285 116437 10262264895 997593625 4.258091 4.303293 
3 0.003250 2458285 12619 103441453305 7702012717 3.865352 3.866617 
3 0.005500 2458285 2716 291086265237 34147274061 3.721564 3.721855 
3 0.007750 2458285 1440 750426462571 56318224485 6.398653 6.398830 
3 0.010000 2458285 1461 690354100817 53303051107 3.513027 3.513241 
3 0.002000 287999 2140 4091475561 372612597 0.271435 0.271639 
3 0.003250 287999 1077 9333887163 1758235459 0.268845 0.268943 
3 0.004500 287999 360 10996254309 2060570945 0.255551 0.255631 
3 0.005750 287999 183 15849036791 4362660689 0.252866 0.252896 
3 0.007000 287999 191 16204574165 3250614411 0.255255 0.255290 
3 0.001000 11620300 655559 6517020772 429606676 26.224150 26.250016 
3 0.005750 11620300 12968 778820109556 37422125112 18.440195 18.442630 
3 0.010500 11620300 3095 3237562313762 192261526470 17.947354 17.947949 
3 0.015250 11620300 1334 6768996849212 292401274436 16.044691 16.044985 
3 0.010000 5000000 4558 2486039082896 122980933788 3.343003 3.343923 
3 0.012750 5000000 2717 4341926696852 133250952170 3.582769 3.583320 
3 0.015500 5000000 2360 6028052254754 96611398562 3.812863 3.813224 
3 0.018250 5000000 1665 8065168904522 92586488960 4.279684 4.280086 
3 0.021000 5000000 1242 10065946159952 79330511670 4.318827 4.319687 
3 0.010000 11000000 2660 11096176084000 282503984882 12.595008 12.595747 
3 0.021375 11000000 432 50264665511462 125000399674 11.085113 11.085259 
3 0.032750 11000000 173 81266336132604 56962302942 11.259666 11.259739 
3 0.044125 11000000 /var/spool/slurm/slurmd/job53522515/slurm_script: line 90: 579964 Segmentation fault      (core dumped) ./build/main /scratch/bwd29/data/HIGSS_Normalized.bin 28 $k $j

3 0.055500 11000000 61 110959565976358 26403871812 10.625368 10.625417 
3 0.200000 5000000 588 4056476786432 100239678716 25.896712 25.896882 
3 0.260000 5000000 361 4158361724008 102905533082 24.500112 24.500210 
3 0.320000 5000000 292 5944553005264 84004971124 23.427183 23.427272 
3 0.380000 5000000 227 5993850016762 80155476798 24.749048 24.749130 
3 0.440000 5000000 209 6718853483578 67581982324 25.643608 25.643676 
4 0.007000 515345 1571 129519852561 11091428779 1.095270 1.095411 
4 0.007525 515345 1157 136497341427 12743523981 1.032583 1.032720 
4 0.008050 515345 1690 131413339735 13030823923 1.059641 1.059796 
4 0.008575 515345 1017 153457264929 12170282749 1.046364 1.046463 
4 0.009100 515345 805 162449355251 11802690491 1.042300 1.042384 
4 0.250000 2000000 1413 963135768506 21740030404 1.842508 1.842742 
4 0.300000 2000000 812 1494490577968 42065256548 1.783825 1.783968 
4 0.350000 2000000 520 2027685403088 50923825060 1.741536 1.741689 
4 0.400000 2000000 432 2332730087430 45719450270 1.599805 1.599901 
4 0.450000 2000000 162 2812382130198 40499933462 1.639966 1.640015 
4 0.030000 2000000 1331 1902725350772 44093087210 2.027713 2.027880 
4 0.035000 2000000 898 2303364276186 42177643074 1.890199 1.890316 
4 0.040000 2000000 596 2625300914330 42885270288 1.985981 1.986067 
4 0.045000 2000000 193 2728334569678 27200252076 2.018547 2.018600 
4 0.050000 2000000 /var/spool/slurm/slurmd/job53522515/slurm_script: line 46: 588612 Segmentation fault      (core dumped) ./build/main /scratch/bwd29/data/2mil16dexpo.bin 16 $k $j

4 0.001000 2458285 630776 2882979107 176348261 22.299292 22.397402 
4 0.003250 2458285 33760 99887677195 3906261915 6.418670 6.427180 
4 0.005500 2458285 12300 232895405561 12545528219 7.183474 7.185108 
4 0.007750 2458285 5709 414779909467 29813009967 7.436847 7.437418 
4 0.010000 2458285 3469 520888296867 52838600715 4.904501 4.905012 
4 0.002000 287999 9976 3253626257 183837749 0.463117 0.463778 
4 0.003250 287999 2143 7893425395 950173773 0.369077 0.369264 
4 0.004500 287999 706 10235500993 1254461009 0.353110 0.353180 
4 0.005750 287999 1281 15502126163 2115929659 0.377018 0.377139 
4 0.007000 287999 476 16190319861 2919368987 0.332576 0.332660 
4 0.001000 11620300 1727173 2290396896 163480020 72.785931 72.940017 
4 0.005750 11620300 35387 600598676434 15908507570 25.504886 25.513888 
4 0.010500 11620300 7156 2831245954978 106492238478 24.401389 24.408684 
4 0.015250 11620300 2798 6231592659260 254038995966 23.835323 23.835966 
4 0.010000 5000000 19109 1498865684256 32076413034 5.327265 5.331929 
4 0.012750 5000000 10191 2331940415524 61389159176 5.611441 5.614093 
4 0.015500 5000000 6809 5047566253760 119825744294 5.378437 5.380111 
4 0.018250 5000000 4561 7059552238242 126249285490 5.938577 5.939797 
4 0.021000 5000000 3230 9056520425916 104686661244 5.949843 5.950728 
4 0.010000 11000000 20845 3578397375382 93261477992 19.128163 19.133124 
4 0.021375 11000000 1891 36732217886036 226672134554 16.480422 16.481484 
4 0.032750 11000000 631 61423578019562 125463907546 14.644624 14.646018 
4 0.044125 11000000 204 96966107382380 74350692606 14.651476 14.651563 
4 0.055500 11000000 130 108588418968104 59329868094 14.702101 14.702169 
4 0.200000 5000000 1475 2780585320670 119587608540 37.241593 37.241947 
4 0.260000 5000000 657 3385580455400 83430695790 31.568794 31.568959 
4 0.320000 5000000 440 7943914855978 89867489332 27.980036 27.980217 
4 0.380000 5000000 311 5032551005012 84558055472 35.971114 35.971217 
4 0.440000 5000000 275 6196785828796 78725953150 33.259817 33.259914 
5 0.007000 515345 3017 123714865963 11511714531 1.355481 1.355729 
5 0.007525 515345 2620 132613324055 12908087995 1.434419 1.434676 
5 0.008050 515345 2042 141738106223 14045490125 1.424306 1.424488 
5 0.008575 515345 2012 149669440401 13486035063 1.359872 1.360051 
5 0.009100 515345 1516 116498202887 10596659845 1.370350 1.370500 
5 0.250000 2000000 5347 683450988206 6096847734 2.557076 2.558182 
5 0.300000 2000000 2813 1179622329794 13854719646 2.416039 2.416551 
5 0.350000 2000000 1644 1722498548474 27175499832 2.330684 2.330984 
5 0.400000 2000000 1053 2270812780614 44779825098 2.241538 2.241724 
5 0.450000 2000000 495 2613100836768 51630708284 2.163973 2.164090 
5 0.030000 2000000 3971 1769297408032 36206592570 2.579275 2.579685 
5 0.035000 2000000 2518 2187625126144 40461409992 2.491305 2.491585 
5 0.040000 2000000 /var/spool/slurm/slurmd/job53522515/slurm_script: line 46: 601631 Segmentation fault      (core dumped) ./build/main /scratch/bwd29/data/2mil16dexpo.bin 16 $k $j

5 0.045000 2000000 1113 2838064492246 34750651004 2.491124 2.491273 
5 0.050000 2000000 358 2158402320110 38664581722 2.373309 2.373423 
5 0.001000 2458285 1283677 1638758673 69144037 64.400870 64.606644 
5 0.003250 2458285 95425 70674612263 1416614939 11.058596 11.076994 
5 0.005500 2458285 20672 327779531039 10856652159 6.543785 6.549625 
5 0.007750 2458285 7749 608713537729 27782310421 6.602761 6.603817 
5 0.010000 2458285 7095 560761852865 31102266183 6.120416 6.121822 
5 0.002000 287999 25438 3388480323 153302099 1.082411 1.088050 
5 0.003250 287999 8888 8868179535 633936649 0.720397 0.721119 
5 0.004500 287999 2193 10700850579 987624219 0.490816 0.491007 
5 0.005750 287999 1339 15214810841 2298988651 0.454032 0.454174 
5 0.007000 287999 541 16151210403 2890675853 0.420531 0.420614 
5 0.001000 11620300 4232226 818423482 69240384 180.532915 181.706448 
5 0.005750 11620300 81881 416033726742 7198123658 33.825419 33.846591 
5 0.010500 11620300 19390 1904263344912 38253640488 29.117004 29.122314 
5 0.015250 11620300 6816 4887157755936 135907760064 28.180336 28.184714 
5 0.010000 5000000 75183 899031131832 7967918438 12.375138 12.396246 
5 0.012750 5000000 37176 2048723867532 22854884742 9.492839 9.507340 
5 0.015500 5000000 21264 3642673293198 50029711240 7.528498 7.534937 
5 0.018250 5000000 13371 5579204871748 92536267478 7.183339 7.188159 
5 0.021000 5000000 /var/spool/slurm/slurmd/job53522515/slurm_script: line 82: 609437 Segmentation fault      (core dumped) ./build/main /scratch/bwd29/data/SUSY_Normalized.bin 18 $k $j

5 0.010000 11000000 94223 3016409737834 20731511862 33.803108 33.877437 
5 0.021375 11000000 3568 21090579629728 247643004280 23.724161 23.724820 
5 0.032750 11000000 1330 68118791565398 145846100158 18.853190 18.853590 
5 0.044125 11000000 747 41645132841518 149573946506 18.121382 18.121614 
5 0.055500 11000000 287 107055905816786 76599568042 17.204283 17.205480 
5 0.200000 5000000 2683 3034960553334 118902518398 41.601327 41.602042 
5 0.260000 5000000 1405 4211962081934 115551422634 44.374948 44.375269 
5 0.320000 5000000 779 4614913728282 111798179240 37.049660 37.049861 
5 0.380000 5000000 529 5054003822462 78854581024 41.638097 41.638255 
5 0.440000 5000000 285 4694490483868 65360640286 50.560116 50.560215 
6 0.007000 515345 5705 118850646695 9064810033 1.968852 1.969360 
6 0.007525 515345 5486 127353644031 8953451843 1.954159 1.954621 
6 0.008050 515345 4409 128711902659 8821016857 1.867953 1.868303 
6 0.008575 515345 8153 92393356227 8107042669 2.007642 2.008495 
6 0.009100 515345 2345 132800477137 12746400103 1.808192 1.808405 
6 0.250000 2000000 18478 459328921136 1579338716 4.153588 4.159006 
6 0.300000 2000000 8789 893382169974 4229368240 3.159237 3.161745 
6 0.350000 2000000 4862 1420237262300 9507646380 2.792907 2.795185 
6 0.400000 2000000 2887 1981502751134 17679292700 2.791651 2.792220 
6 0.450000 2000000 1914 2455847929122 26082598920 2.583997 2.584389 
6 0.030000 2000000 9681 1591699434306 25563014752 3.667398 3.670233 
6 0.035000 2000000 6214 2048377418638 33594974794 3.260498 3.262462 
6 0.040000 2000000 3806 2415135961430 33351388724 3.043708 3.044147 
6 0.045000 2000000 2620 2740697307204 28412819182 3.056246 3.056531 
6 0.050000 2000000 2017 3008973453322 36193040920 2.993220 2.993452 
6 0.001000 2458285 1580893 2113800051 98066945 134.230901 134.497788 
6 0.003250 2458285 221135 51903078821 909027441 30.109098 30.172614 
6 0.005500 2458285 36527 186494023615 5454725963 9.549693 9.560961 
6 0.007750 2458285 15143 595748437245 17260197073 7.845783 7.851431 
6 0.010000 2458285 7592 906696704859 36563810215 7.564080 7.567674 
6 0.002000 287999 38319 4500912155 158821665 2.715915 2.724942 
6 0.003250 287999 26653 6332791849 232026095 1.771293 1.776920 
6 0.004500 287999 5480 10756222491 953655899 0.669363 0.669795 
6 0.005750 287999 5040 15469766645 1470212091 0.756740 0.757150 
6 0.007000 287999 2169 15613002209 1523456301 0.538069 0.538271 
6 0.001000 11620300 3771112 809239606 74831590 212.142996 213.189139 
6 0.005750 11620300 155626 318655319102 3678561334 52.186436 52.234467 
6 0.010500 11620300 34785 1689235871486 21799123094 38.927128 38.936657 
6 0.015250 11620300 11589 4512311361708 80378823486 36.300089 36.303201 
6 0.010000 5000000 194225 564532104124 2284025128 47.379273 47.432674 
6 0.012750 5000000 81886 1426371960386 8307575562 25.861501 25.880792 
6 0.015500 5000000 44522 2747417539322 20781243302 15.439217 15.451814 
6 0.018250 5000000 26889 4438002602200 43487837244 12.053325 12.061867 
6 0.021000 5000000 13837 3534079359238 77655897228 8.459111 8.463559 
6 0.010000 11000000 332541 1650560825872 4242397580 100.714522 100.807958 
6 0.021375 11000000 19481 27304852406542 197717665038 26.458111 26.463813 
6 0.032750 11000000 3019 64465934465984 212983645932 23.455962 23.456917 
6 0.044125 11000000 986 45585437545586 132036241322 23.499107 23.499358 
6 0.055500 11000000 399 99530584139408 82633674158 20.647735 20.647875 
6 0.200000 5000000 2621 5334210662668 135628970892 48.344019 48.344409 
6 0.260000 5000000 2597 3182996997942 99582197354 60.742801 60.743512 
6 0.320000 5000000 1241 4588149267244 107600344476 44.629922 44.630213 
6 0.380000 5000000 744 6975111033864 96172626956 47.669871 47.670080 
6 0.440000 5000000 401 7586720418820 81362276432 47.554015 47.554133 
7 0.007000 515345 8501 115577176189 6189239843 3.033910 3.035781 
7 0.007525 515345 8204 123941689571 6422055213 3.132073 3.133977 
7 0.008050 515345 5731 134631785057 9247277611 2.598776 2.599607 
7 0.008575 515345 15146 109158376393 3080707143 4.274270 4.278654 
7 0.009100 515345 5141 149131146453 9359496501 2.597139 2.597620 
7 0.250000 2000000 69807 285672688458 372851068 24.196852 24.214404 
7 0.300000 2000000 24282 696336548746 1305074728 10.295169 10.301927 
7 0.350000 2000000 12443 1202512816766 3340771254 6.169055 6.172822 
7 0.400000 2000000 7161 1782753777360 6930413662 4.789193 4.791341 
7 0.450000 2000000 4398 2271233852442 15508259912 3.846240 3.847339 
7 0.030000 2000000 23272 1437095721186 16053944798 7.189780 7.196118 
7 0.035000 2000000 13470 1946464028646 29300892176 5.257988 5.261704 
7 0.040000 2000000 9148 2293487241662 31582479374 4.470439 4.472774 
7 0.045000 2000000 5588 2664195902164 37128773422 3.968910 3.969974 
7 0.050000 2000000 3605 2970393823346 32481221166 3.988678 3.989153 
7 0.001000 2458285 1872832 1297684797 70303739 190.564095 191.006904 
7 0.003250 2458285 342924 57348367797 916269799 74.909145 75.014129 
7 0.005500 2458285 84041 240729627329 4579184581 21.295257 21.314566 
7 0.007750 2458285 23375 544368347329 14109630279 11.206784 11.213505 
7 0.010000 2458285 11472 828082097539 25929371739 9.904939 9.907710 
7 0.002000 287999 69096 3548913813 64345443 7.932368 7.950447 
7 0.003250 287999 35028 6968404595 221087239 4.749648 4.759357 
7 0.004500 287999 9712 11810475349 1131545033 1.459053 1.460562 
7 0.005750 287999 12941 14794041141 1167896773 2.383698 2.386586 
7 0.007000 287999 3867 15538491655 1481709527 0.811186 0.811519 
7 0.001000 11620300 3784540 728655340 76416368 264.842480 265.836546 
7 0.005750 11620300 249000 237674597506 2145083992 78.917333 78.982294 
7 0.010500 11620300 51740 1531597298892 15193027076 57.030129 57.040389 
7 0.015250 11620300 17100 4213320954606 60643195628 46.081362 46.086494 
7 0.010000 5000000 428989 354859812538 811296822 136.042665 136.254932 
7 0.012750 5000000 200046 1013671330620 2982780178 68.531463 68.581546 
7 0.015500 5000000 103232 2048014128394 8026838488 35.153942 35.178709 
7 0.018250 5000000 60952 3600556335896 17868039454 24.416848 24.432617 
7 0.021000 5000000 38306 5497473184734 35362516790 19.192431 19.202845 
7 0.010000 11000000 1032170 927886394974 890759162 452.336473 452.543014 
7 0.021375 11000000 48077 23719884349380 94050531396 44.650028 44.661731 
7 0.032750 11000000 7332 47086413130464 223077286046 27.068555 27.070909 
7 0.044125 11000000 1260 43558750261376 142920523318 27.801961 27.802370 
7 0.055500 11000000 1098 104512420842840 131571049334 23.142284 23.142720 
7 0.200000 5000000 6681 3052668722012 99935138508 65.179367 65.181421 
7 0.260000 5000000 2890 3580338445648 130473071830 62.007503 62.008307 
7 0.320000 5000000 1769 4544004628384 109098462232 70.927738 70.928140 
7 0.380000 5000000 1007 9181464310628 76395058680 57.928436 57.928747 
7 0.440000 5000000 957 6957089333520 91981231042 58.266970 58.267256 
8 0.007000 515345 18202 110311338283 4101786429 6.968308 6.973100 
8 0.007525 515345 12554 121571054209 5179294423 5.485034 5.488861 
8 0.008050 515345 8508 93225755217 7205529461 3.674451 3.676787 
8 0.008575 515345 8931 138434049345 7732070525 4.130047 4.132729 
8 0.009100 515345 7809 146963852485 8210240613 3.729296 3.731464 
8 0.250000 2000000 165099 220142129676 124725770 104.375885 104.448853 
8 0.300000 2000000 61554 536171612198 426641060 38.201460 38.223949 
8 0.350000 2000000 30226 1004736452392 1230030314 18.639708 18.647876 
8 0.400000 2000000 16467 1581815960180 2833470610 11.473409 11.478627 
8 0.450000 2000000 7730 1951979396768 7885582476 4.754078 4.756576 
8 0.030000 2000000 38116 1399548371944 10727847948 17.258185 17.267876 
8 0.035000 2000000 22876 1887287169902 21074580118 11.295730 11.301284 
8 0.040000 2000000 14147 2287434782218 29019743406 7.723449 7.726629 
8 0.045000 2000000 9445 2621558921046 29902827588 6.419154 6.421798 
8 0.050000 2000000 3347 2178689171470 27040491442 4.217516 4.218831 
8 0.001000 2458285 1932253 1264199341 58785553 251.977512 252.459836 
8 0.003250 2458285 583628 36684083159 497072555 196.688645 196.856284 
8 0.005500 2458285 149055 149365392509 2231113643 54.699150 54.742352 
8 0.007750 2458285 41204 506419573535 9053458325 20.240413 20.270865 
8 0.010000 2458285 18783 792624997657 19345746909 12.043254 12.047899 
8 0.002000 287999 85813 3622083225 38810873 16.807592 16.827443 
8 0.003250 287999 49336 6679225139 162834221 13.069644 13.082727 
8 0.004500 287999 33296 9330268469 368923153 8.641953 8.649439 
8 0.005750 287999 12503 13458255169 707197751 2.932034 2.935279 
8 0.007000 287999 7888 15630002021 1414035209 1.140985 1.141980 
8 0.001000 11620300 4470620 669543092 62385826 384.725537 386.628893 
8 0.005750 11620300 359333 207781539768 1481809024 130.335266 130.431402 
8 0.010500 11620300 74255 1454620424034 11140891652 73.978395 74.001889 
8 0.015250 11620300 50145 3140204125468 31525094740 71.294096 71.310645 
8 0.010000 5000000 681162 274729642836 383184736 446.635620 446.765956 
8 0.012750 5000000 291592 856812531782 2083534396 193.621888 193.736102 
8 0.015500 5000000 158748 1823429648818 5708038184 103.686040 103.719859 
8 0.018250 5000000 94405 3213502561932 12565901352 63.812126 63.830898 
8 0.021000 5000000 52703 4968359846888 28459404708 36.622217 36.639917 
8 0.010000 11000000 /var/spool/slurm/slurmd/job53522515/slurm_script: line 90: 699778 Killed                  ./build/main /scratch/bwd29/data/HIGSS_Normalized.bin 28 $k $j

8 0.021375 11000000 103687 20975759925620 46337153602 110.855838 110.891155 
8 0.032750 11000000 14335 58185533130982 218762422710 38.049504 38.053561 
8 0.044125 11000000 3645 62705500571536 168754135320 28.499235 28.502302 
8 0.055500 11000000 1824 103180682632732 150984297944 32.711576 32.712188 
8 0.200000 5000000 8643 3543035785082 96928821770 65.663851 65.666587 
8 0.260000 5000000 /var/spool/slurm/slurmd/job53522515/slurm_script: line 98: 709629 Segmentation fault      (core dumped) ./build/main /scratch/bwd29/data/TINY_Normalized.bin 384 $k $j

8 0.320000 5000000 /var/spool/slurm/slurmd/job53522515/slurm_script: line 98: 710904 Segmentation fault      (core dumped) ./build/main /scratch/bwd29/data/TINY_Normalized.bin 384 $k $j

8 0.380000 5000000 1347 5528177254212 122531697634 80.906028 80.906302 
8 0.440000 5000000 812 5179353019550 117896573686 62.588151 62.588363 
9 0.007000 515345 11417 50173498249 3180751407 4.556077 4.558851 
9 0.007525 515345 16201 119346545231 4057872151 10.918668 10.923022 
9 0.008050 515345 12827 127640682171 4501879297 7.987390 7.991537 
9 0.008575 515345 11403 96431894825 8988814041 5.578248 5.581668 
9 0.009100 515345 10035 145043264811 6457610861 6.319540 6.322368 
9 0.250000 2000000 321957 154970661518 38612014 389.159334 389.263192 
9 0.300000 2000000 134183 421765269240 152983610 160.627625 160.694264 
9 0.350000 2000000 64150 850385388276 485424580 68.287340 68.307373 
9 0.400000 2000000 34021 1411601914194 1223902064 34.268820 34.279907 
9 0.450000 2000000 16805 1260795327912 3615572672 10.263191 10.268140 
9 0.030000 2000000 63596 1332345284318 7736020968 42.111991 42.126150 
9 0.035000 2000000 40074 1815902679862 12335129730 27.281773 27.291503 
9 0.040000 2000000 13972 2136043097810 28807059064 8.119926 8.123846 
9 0.045000 2000000 16210 2567616483122 27557161978 11.731239 11.736323 
9 0.050000 2000000 6121 2075774038978 37486371462 4.995965 4.997469 
9 0.001000 2458285 1974364 880975875 57429507 235.843003 236.338271 
9 0.003250 2458285 747068 38461770343 575580895 411.117042 411.260530 
9 0.005500 2458285 213541 186353034969 2466343275 130.627969 130.678484 
9 0.007750 2458285 79235 441314168441 5746659151 47.002652 47.020684 
9 0.010000 2458285 34196 735013746217 14125925469 23.062901 23.069952 
9 0.002000 287999 97574 3348310437 24119949 28.617597 28.637358 
9 0.003250 287999 62758 7896466127 171143633 30.235192 30.256286 
9 0.004500 287999 33837 11714859701 628162085 16.589814 16.598927 
9 0.005750 287999 19541 14599822899 729830913 6.119483 6.124364 
9 0.007000 287999 4790 16790314771 1882154335 1.536910 1.537389 
9 0.001000 11620300 5205412 574335860 50312882 476.854283 480.297901 
9 0.005750 11620300 478515 164358710746 1055752076 211.792998 211.944363 
9 0.010500 11620300 117297 1230908290028 7099998268 96.279950 96.312298 
9 0.015250 11620300 39126 3686442574786 27849596472 58.433903 58.443343 
9 0.010000 5000000 /var/spool/slurm/slurmd/job53522515/slurm_script: line 82: 743765 Killed                  ./build/main /scratch/bwd29/data/SUSY_Normalized.bin 18 $k $j

9 0.012750 5000000 534981 673044745578 868101144 520.402169 520.520652 
9 0.015500 5000000 247709 1542219734938 3255364342 250.573396 250.646553 
9 0.018250 5000000 162828 2784884325976 6811610356 144.962552 145.018927 
9 0.021000 5000000 104142 4424045874594 13867302028 88.222101 88.245729 
9 0.010000 11000000 /var/spool/slurm/slurmd/job53522515/slurm_script: line 90: 759921 Killed                  ./build/main /scratch/bwd29/data/HIGSS_Normalized.bin 28 $k $j

9 0.021375 11000000 207450 17114634757094 23580431640 337.783454 337.831310 
9 0.032750 11000000 31359 53400843073888 180354720718 64.203024 64.214615 
9 0.044125 11000000 6556 63614322249062 192537224432 35.600308 35.602218 
9 0.055500 11000000 3242 101126644213872 161512390186 32.295207 32.296340 
9 0.200000 5000000 12593 2501646643450 74393092162 74.643952 74.647783 
9 0.260000 5000000 3520 7095986187366 124195460256 70.841351 70.841930 
9 0.320000 5000000 4160 4539062602222 113882404688 88.821766 88.822785 
9 0.380000 5000000 1925 5449487206664 119416494714 83.719935 83.720462 
9 0.440000 5000000 1536 8586254828400 103120626186 70.368609 70.369010 
10 0.007000 515345 24860 108779388175 2612528597 21.339314 21.345402 
10 0.007525 515345 21258 117601107377 3367888695 19.197643 19.203667 
10 0.008050 515345 20197 125963221209 3457312069 15.285153 15.290955 
10 0.008575 515345 14430 134568571477 5057535777 12.103004 12.107278 
10 0.009100 515345 12512 143515781965 5478722227 10.016178 10.019677 
10 0.250000 2000000 /var/spool/slurm/slurmd/job53522515/slurm_script: line 37: 779746 Killed                  ./build/main /scratch/bwd29/data/ndim_10_2mil.bin 10 $k $j

10 0.300000 2000000 /var/spool/slurm/slurmd/job53522515/slurm_script: line 37: 781279 Killed                  ./build/main /scratch/bwd29/data/ndim_10_2mil.bin 10 $k $j

10 0.350000 2000000 116160 754670065740 242382252 209.988577 210.015170 
10 0.400000 2000000 61374 1293319301826 651080146 98.236610 98.269443 
10 0.450000 2000000 30688 1665395843390 1920261974 29.219739 29.229990 
10 0.030000 2000000 103115 1251322654250 4617358400 114.831956 114.862097 
10 0.035000 2000000 59691 1745882568810 8555521548 66.799560 66.817859 
10 0.040000 2000000 38556 2162720315098 14479913204 37.229615 37.239029 
10 0.045000 2000000 22310 2406273018354 21356484630 21.135803 21.141485 
10 0.050000 2000000 12358 2316219113716 22176595418 9.505526 9.508977 
10 0.001000 2458285 1986056 812876681 56648877 279.306715 279.518907 
10 0.003250 2458285 /var/spool/slurm/slurmd/job53522515/slurm_script: line 56: 798401 Killed                  ./build/main /scratch/bwd29/data/USC_Normalized_No1Col.bin 68 $k $j

10 0.005500 2458285 298981 174015003709 2048534877 291.910317 291.987244 
10 0.007750 2458285 108061 423228141381 4563586129 102.824745 102.852393 
10 0.010000 2458285 52832 580284510645 8129031199 46.370711 46.382369 
10 0.002000 287999 94283 4438389983 35343069 35.965674 35.986370 
10 0.003250 287999 75859 6290107501 85129007 37.569056 37.588767 
10 0.004500 287999 28261 10402613323 583741387 14.311619 14.319839 
10 0.005750 287999 15774 13159941401 813860629 6.983547 6.988029 
10 0.007000 287999 10912 15989852277 899121565 3.305841 3.308774 
10 0.001000 11620300 5858455 501879604 42061030 632.487925 635.418223 
10 0.005750 11620300 619250 151421043636 814294432 289.413603 289.555932 
10 0.010500 11620300 154499 1153759345488 6022267310 137.797029 137.845732 
10 0.015250 11620300 51010 3560965037022 21678168630 82.076117 82.090011 
10 0.010000 5000000 /var/spool/slurm/slurmd/job53522515/slurm_script: line 82: 823317 Killed                  ./build/main /scratch/bwd29/data/SUSY_Normalized.bin 18 $k $j

10 0.012750 5000000 /var/spool/slurm/slurmd/job53522515/slurm_script: line 82: 826614 Killed                  ./build/main /scratch/bwd29/data/SUSY_Normalized.bin 18 $k $j

10 0.015500 5000000 359373 1354019067624 2138256642 528.434099 528.515237 
10 0.018250 5000000 211213 2507292549244 5456820610 303.733927 303.778060 
10 0.021000 5000000 136710 4009121244362 10992307956 187.545423 187.582359 
10 0.010000 11000000 /var/spool/slurm/slurmd/job53522515/slurm_script: line 90: 841765 Killed                  ./build/main /scratch/bwd29/data/HIGSS_Normalized.bin 28 $k $j

10 0.021375 11000000 /var/spool/slurm/slurmd/job53522515/slurm_script: line 90: 849189 Killed                  ./build/main /scratch/bwd29/data/HIGSS_Normalized.bin 28 $k $j

10 0.032750 11000000 57131 50456903658490 132760841032 128.780167 128.794527 
10 0.044125 11000000 14830 64779617656596 209246919704 45.349858 45.353728 
10 0.055500 11000000 5816 100478399765048 185010767572 34.773936 34.775708 
10 0.200000 5000000 24030 2465469187796 50627308752 94.671196 94.677948 
10 0.260000 5000000 6251 6668201841932 114968378768 72.455566 72.457068 
10 0.320000 5000000 5196 4968623655704 115106223564 75.044558 75.046131 
10 0.380000 5000000 2977 5552236773866 133264551618 77.730245 77.731019 
10 0.440000 5000000 1982 5947064675454 125184884458 127.066637 127.067151 slurmstepd: error: Detected 10 oom-kill event(s) in StepId=53522515.batch. Some of your processes may have been killed by the cgroup out-of-memory handler.
