src/tree.cu(460): warning: variable "binarySearchTimes" was declared but never referenced

src/tree.cu(461): warning: variable "treeSearchTimes" was declared but never referenced


RP, 3, E, 0.250000, L0, 5089032508.000000, L1, 26499591380.000000, L2, 38924081316.000000, TT, 2.361517, NB, 154, NC, 1843696659858, NA, 2442 T, 0.023718,
RP, 3, E, 0.300000, L0, 2853296788.000000, L1, 20881566224.000000, L2, 40785110468.000000, TT, 2.332324, NB, 216, NC, 1900775725918, NA, 4154 T, 0.025390,
RP, 3, E, 0.350000, L0, 3553753120.000000, L1, 17022803210.000000, L2, 34272311204.000000, TT, 2.404752, NB, 127, NC, 2607620999508, NA, 2241 T, 0.024086,
RP, 3, E, 0.400000, L0, 3176713886.000000, L1, 12786842272.000000, L2, 27025811416.000000, TT, 2.304590, NB, 98, NC, 2974413695944, NA, 1676 T, 0.023751,
RP, 3, E, 0.450000, L0, 2820141990.000000, L1, 9432902914.000000, L2, 19936573996.000000, TT, 2.215044, NB, 76, NC, 3292057542034, NA, 1214 T, 0.000174,
RP, 3, E, 0.030000, L0, 3055138520.000000, L1, 12618913054.000000, L2, 24624182604.000000, TT, 2.731470, NB, 241, NC, 2552743368574, NA, 4445 T, 0.023809,
RP, 3, E, 0.035000, L0, 3498455282.000000, L1, 10181739020.000000, L2, 16931449736.000000, TT, 2.427679, NB, 156, NC, 2940718834652, NA, 2698 T, 0.019327,
RP, 3, E, 0.040000, L0, 2509016302.000000, L1, 9590371166.000000, L2, 14573236036.000000, TT, 2.352353, NB, 112, NC, 3250545461662, NA, 1812 T, 0.001644,
RP, 3, E, 0.045000, L0, 3180904236.000000, L1, 7657669926.000000, L2, 12435062548.000000, TT, 2.417239, NB, 87, NC, 3516039525840, NA, 1395 T, 0.023740,
RP, 3, E, 0.050000, L0, 2901631134.000000, L1, 6766872726.000000, L2, 11687554394.000000, TT, 2.544472, NB, 49, NC, 3617548414132, NA, 651 T, 0.000246,
RP, 4, E, 0.250000, L0, 5089032508.000000, L1, 26499591380.000000, L2, 38924081316.000000, L3, 37214546912.000000, TT, 2.684276, NB, 637, NC, 1470362311300, NA, 25501 T, 0.000604,
RP, 4, E, 0.300000, L0, 2853296788.000000, L1, 20881566224.000000, L2, 40785110468.000000, L3, 39266192816.000000, TT, 2.449265, NB, 861, NC, 1473072200754, NA, 43081 T, 0.006782,
RP, 4, E, 0.350000, L0, 3553753120.000000, L1, 17022803210.000000, L2, 34272311204.000000, L3, 41159353462.000000, TT, 2.444754, NB, 415, NC, 2272710862698, NA, 18031 T, 0.000728,
RP, 4, E, 0.400000, L0, 3176713886.000000, L1, 12786842272.000000, L2, 27025811416.000000, L3, 41387416018.000000, TT, 2.707663, NB, 252, NC, 2796687051292, NA, 9454 T, 0.000474,
RP, 4, E, 0.450000, L0, 2820141990.000000, L1, 9432902914.000000, L2, 19936573996.000000, L3, 30427955496.000000, TT, 2.602992, NB, 220, NC, 3075621243380, NA, 8252 T, 0.000321,
RP, 4, E, 0.030000, L0, 3055138520.000000, L1, 12618913054.000000, L2, 24624182604.000000, L3, 33487577264.000000, TT, 3.180879, NB, 855, NC, 2338994409902, NA, 38749 T, 0.024484,
RP, 4, E, 0.035000, L0, 3498455282.000000, L1, 10181739020.000000, L2, 16931449736.000000, L3, 26979858602.000000, TT, 3.070880, NB, 501, NC, 2775600899774, NA, 20569 T, 0.000618,
RP, 4, E, 0.040000, L0, 2509016302.000000, L1, 9590371166.000000, L2, 14573236036.000000, L3, 22342587624.000000, TT, 2.888865, NB, 317, NC, 3116545573574, NA, 11819 T, 0.024227,
RP, 4, E, 0.045000, L0, 3180904236.000000, L1, 7657669926.000000, L2, 12435062548.000000, L3, 16940250168.000000, TT, 3.241536, NB, 204, NC, 3395598632610, NA, 6940 T, 0.023789,
RP, 4, E, 0.050000, L0, 2901631134.000000, L1, 6766872726.000000, L2, 11687554394.000000, L3, 14731879950.000000, TT, 3.022740, NB, 137, NC, 3551342412834, NA, 4139 T, 0.022519,
RP, 5, E, 0.250000, L0, 5089032508.000000, L1, 26499591380.000000, L2, 38924081316.000000, L3, 37214546912.000000, L4, 18699855602.000000, TT, 2.969255, NB, 2715, NC, 1012914758384, NA, 284529 T, 0.031128,
RP, 5, E, 0.300000, L0, 2853296788.000000, L1, 20881566224.000000, L2, 40785110468.000000, L3, 39266192816.000000, L4, 12103212336.000000, TT, 2.888596, NB, 2976, NC, 1138606946816, NA, 379078 T, 0.031880,
RP, 5, E, 0.350000, L0, 3553753120.000000, L1, 17022803210.000000, L2, 34272311204.000000, L3, 41159353462.000000, L4, 31353222042.000000, TT, 2.938945, NB, 1333, NC, 1902206650030, NA, 143169 T, 0.003666,
RP, 5, E, 0.400000, L0, 3176713886.000000, L1, 12786842272.000000, L2, 27025811416.000000, L3, 41387416018.000000, L4, 33655792772.000000, TT, 3.282918, NB, 510, NC, 2693020462078, NA, 37788 T, 0.001350,
RP, 5, E, 0.450000, L0, 2820141990.000000, L1, 9432902914.000000, L2, 19936573996.000000, L3, 30427955496.000000, L4, 35557937888.000000, TT, 2.799355, NB, 529, NC, 2922739519488, NA, 44055 T, 0.001370,
RP, 5, E, 0.030000, L0, 3055138520.000000, L1, 12618913054.000000, L2, 24624182604.000000, L3, 33487577264.000000, L4, 25727354988.000000, TT, 3.550423, NB, 2157, NC, 2198585076930, NA, 217301 T, 0.029949,
RP, 5, E, 0.035000, L0, 3498455282.000000, L1, 10181739020.000000, L2, 16931449736.000000, L3, 26979858602.000000, L4, 27407662810.000000, TT, 3.655757, NB, 1375, NC, 2624877465424, NA, 131795 T, 0.004458,
RP, 5, E, 0.040000, L0, 2509016302.000000, L1, 9590371166.000000, L2, 14573236036.000000, L3, 22342587624.000000, L4, 24691207938.000000, TT, 3.664071, NB, 795, NC, 3008848740716, NA, 65039 T, 0.001785,
RP, 5, E, 0.045000, L0, 3180904236.000000, L1, 7657669926.000000, L2, 12435062548.000000, L3, 16940250168.000000, L4, 23311281716.000000, TT, 3.523502, NB, 456, NC, 3308465574068, NA, 32374 T, 0.025033,
RP, 5, E, 0.050000, L0, 2901631134.000000, L1, 6766872726.000000, L2, 11687554394.000000, L3, 14731879950.000000, L4, 21110733918.000000, TT, 3.823089, NB, 336, NC, 3489100423342, NA, 21738 T, 0.019072,
RP, 6, E, 0.250000, L0, 5089032508.000000, L1, 26499591380.000000, L2, 38924081316.000000, L3, 37214546912.000000, L4, 18699855602.000000, L5, 4941844586.000000, TT, 3.790197, NB, 9710, NC, 702518378342, NA, 2588590 T, 0.193698,
RP, 6, E, 0.300000, L0, 2853296788.000000, L1, 20881566224.000000, L2, 40785110468.000000, L3, 39266192816.000000, L4, 12103212336.000000, L5, 3717159094.000000, TT, 3.369605, NB, 9271, NC, 878300475258, NA, 2948557 T, 0.091149,
RP, 6, E, 0.350000, L0, 3553753120.000000, L1, 17022803210.000000, L2, 34272311204.000000, L3, 41159353462.000000, L4, 31353222042.000000, L5, 12855451666.000000, TT, 3.754909, NB, 3895, NC, 1615760695252, NA, 1009267 T, 0.033736,
RP, 6, E, 0.400000, L0, 3176713886.000000, L1, 12786842272.000000, L2, 27025811416.000000, L3, 41387416018.000000, L4, 33655792772.000000, L5, 29528092604.000000, TT, 3.369509, NB, 1412, NC, 2414467453666, NA, 242480 T, 0.018791,
RP, 6, E, 0.450000, L0, 2820141990.000000, L1, 9432902914.000000, L2, 19936573996.000000, L3, 30427955496.000000, L4, 35557937888.000000, L5, 31951803008.000000, TT, 3.327660, NB, 1320, NC, 2719370739892, NA, 246166 T, 0.036214,
RP, 6, E, 0.030000, L0, 3055138520.000000, L1, 12618913054.000000, L2, 24624182604.000000, L3, 33487577264.000000, L4, 25727354988.000000, L5, 25113803554.000000, TT, 4.466932, NB, 4165, NC, 2124481839752, NA, 851369 T, 0.058539,
RP, 6, E, 0.035000, L0, 3498455282.000000, L1, 10181739020.000000, L2, 16931449736.000000, L3, 26979858602.000000, L4, 27407662810.000000, L5, 30156306296.000000, TT, 4.404913, NB, 2661, NC, 2517291231812, NA, 479391 T, 0.015548,
RP, 6, E, 0.040000, L0, 2509016302.000000, L1, 9590371166.000000, L2, 14573236036.000000, L3, 22342587624.000000, L4, 24691207938.000000, L5, 28443335662.000000, TT, 4.446517, NB, 1808, NC, 2915774373100, NA, 317046 T, 0.041773,
RP, 6, E, 0.045000, L0, 3180904236.000000, L1, 7657669926.000000, L2, 12435062548.000000, L3, 16940250168.000000, L4, 23311281716.000000, L5, 20428890050.000000, TT, 4.073926, NB, 961, NC, 3225060934432, NA, 138865 T, 0.006878,
RP, 6, E, 0.050000, L0, 2901631134.000000, L1, 6766872726.000000, L2, 11687554394.000000, L3, 14731879950.000000, L4, 21110733918.000000, L5, 27324385798.000000, TT, 4.103278, NB, 681, NC, 3423127499236, NA, 86547 T, 0.029740,
RP, 7, E, 0.250000, L0, 5089032508.000000, L1, 26499591380.000000, L2, 38924081316.000000, L3, 37214546912.000000, L4, 18699855602.000000, L5, 4941844586.000000, L6, 1278715344.000000, TT, 4.004826, NB, 30899, NC, 476713640682, NA, 20143637 T, 1.135310,
RP, 7, E, 0.300000, L0, 2853296788.000000, L1, 20881566224.000000, L2, 40785110468.000000, L3, 39266192816.000000, L4, 12103212336.000000, L5, 3717159094.000000, L6, 1155854390.000000, TT, 4.196099, NB, 25514, NC, 671651823842, NA, 19477972 T, 1.611330,
RP, 7, E, 0.350000, L0, 3553753120.000000, L1, 17022803210.000000, L2, 34272311204.000000, L3, 41159353462.000000, L4, 31353222042.000000, L5, 12855451666.000000, L6, 4537076546.000000, TT, 3.791775, NB, 10402, NC, 1355361436342, NA, 6340514 T, 0.237919,
RP, 7, E, 0.400000, L0, 3176713886.000000, L1, 12786842272.000000, L2, 27025811416.000000, L3, 41387416018.000000, L4, 33655792772.000000, L5, 29528092604.000000, L6, 19829328170.000000, TT, 3.626742, NB, 3424, NC, 2210508391236, NA, 1306378 T, 0.116280,
RP, 7, E, 0.450000, L0, 2820141990.000000, L1, 9432902914.000000, L2, 19936573996.000000, L3, 30427955496.000000, L4, 35557937888.000000, L5, 31951803008.000000, L6, 21054588118.000000, TT, 3.901647, NB, 2899, NC, 2550645013920, NA, 1149387 T, 0.104485,
RP, 7, E, 0.030000, L0, 3055138520.000000, L1, 12618913054.000000, L2, 24624182604.000000, L3, 33487577264.000000, L4, 25727354988.000000, L5, 25113803554.000000, L6, 25066643176.000000, TT, 5.114624, NB, 9654, NC, 1988786197182, NA, 4183700 T, 0.232433,
RP, 7, E, 0.035000, L0, 3498455282.000000, L1, 10181739020.000000, L2, 16931449736.000000, L3, 26979858602.000000, L4, 27407662810.000000, L5, 30156306296.000000, L6, 24334808408.000000, TT, 4.568725, NB, 5750, NC, 2427166787872, NA, 2185996 T, 0.134137,
RP, 7, E, 0.040000, L0, 2509016302.000000, L1, 9590371166.000000, L2, 14573236036.000000, L3, 22342587624.000000, L4, 24691207938.000000, L5, 28443335662.000000, L6, 25629703716.000000, TT, 5.004714, NB, 3503, NC, 2840812953250, NA, 1217137 T, 0.210240,
RP, 7, E, 0.045000, L0, 3180904236.000000, L1, 7657669926.000000, L2, 12435062548.000000, L3, 16940250168.000000, L4, 23311281716.000000, L5, 20428890050.000000, L6, 31730027852.000000, TT, 4.464531, NB, 1876, NC, 3163771128210, NA, 521990 T, 0.036321,
RP, 7, E, 0.050000, L0, 2901631134.000000, L1, 6766872726.000000, L2, 11687554394.000000, L3, 14731879950.000000, L4, 21110733918.000000, L5, 27324385798.000000, L6, 25833530836.000000, TT, 4.958534, NB, 1307, NC, 3388440135318, NA, 317407 T, 0.026947,
RP, 8, E, 0.250000, L0, 5089032508.000000, L1, 26499591380.000000, L2, 38924081316.000000, L3, 37214546912.000000, L4, 18699855602.000000, L5, 4941844586.000000, L6, 1278715344.000000, L7, 370558396.000000, TT, 4.506229, NB, 83135, NC, 338501485850, NA, 125135983 T, 8.705491,
RP, 8, E, 0.300000, L0, 2853296788.000000, L1, 20881566224.000000, L2, 40785110468.000000, L3, 39266192816.000000, L4, 12103212336.000000, L5, 3717159094.000000, L6, 1155854390.000000, L7, 381213194.000000, TT, 4.694104, NB, 63076, NC, 521490124116, NA, 111116208 T, 6.030929,
RP, 8, E, 0.350000, L0, 3553753120.000000, L1, 17022803210.000000, L2, 34272311204.000000, L3, 41159353462.000000, L4, 31353222042.000000, L5, 12855451666.000000, L6, 4537076546.000000, L7, 1632533888.000000, TT, 4.339991, NB, 24717, NC, 1135145036046, NA, 33987573 T, 2.232321,
RP, 8, E, 0.400000, L0, 3176713886.000000, L1, 12786842272.000000, L2, 27025811416.000000, L3, 41387416018.000000, L4, 33655792772.000000, L5, 29528092604.000000, L6, 19829328170.000000, L7, 10143275454.000000, TT, 4.030633, NB, 7919, NC, 1983369259060, NA, 6545007 T, 0.610416,
RP, 8, E, 0.450000, L0, 2820141990.000000, L1, 9432902914.000000, L2, 19936573996.000000, L3, 30427955496.000000, L4, 35557937888.000000, L5, 31951803008.000000, L6, 21054588118.000000, L7, 13233416538.000000, TT, 3.932822, NB, 6422, NC, 2367548374228, NA, 5506052 T, 0.422605,
RP, 8, E, 0.030000, L0, 3055138520.000000, L1, 12618913054.000000, L2, 24624182604.000000, L3, 33487577264.000000, L4, 25727354988.000000, L5, 25113803554.000000, L6, 25066643176.000000, L7, 20178059068.000000, TT, 5.182417, NB, 19742, NC, 1846476423270, NA, 16780652 T, 1.482170,
RP, 8, E, 0.035000, L0, 3498455282.000000, L1, 10181739020.000000, L2, 16931449736.000000, L3, 26979858602.000000, L4, 27407662810.000000, L5, 30156306296.000000, L6, 24334808408.000000, L7, 22232082576.000000, TT, 5.306675, NB, 10648, NC, 2333218188246, NA, 7603590 T, 0.707924,
RP, 8, E, 0.040000, L0, 2509016302.000000, L1, 9590371166.000000, L2, 14573236036.000000, L3, 22342587624.000000, L4, 24691207938.000000, L5, 28443335662.000000, L6, 25629703716.000000, L7, 23743068802.000000, TT, 4.895611, NB, 7077, NC, 2721284719838, NA, 4838305 T, 0.458064,
RP, 8, E, 0.045000, L0, 3180904236.000000, L1, 7657669926.000000, L2, 12435062548.000000, L3, 16940250168.000000, L4, 23311281716.000000, L5, 20428890050.000000, L6, 31730027852.000000, L7, 29884127940.000000, TT, 5.229339, NB, 3257, NC, 3117465592184, NA, 1652133 T, 0.280448,
RP, 8, E, 0.050000, L0, 2901631134.000000, L1, 6766872726.000000, L2, 11687554394.000000, L3, 14731879950.000000, L4, 21110733918.000000, L5, 27324385798.000000, L6, 25833530836.000000, L7, 27832678448.000000, TT, 5.649591, NB, 2161, NC, 3363230462144, NA, 910143 T, 0.222020,
RP, 9, E, 0.250000, L0, 5089032508.000000, L1, 26499591380.000000, L2, 38924081316.000000, L3, 37214546912.000000, L4, 18699855602.000000, L5, 4941844586.000000, L6, 1278715344.000000, L7, 370558396.000000, L8, 107413930.000000, TT, 4.711560, NB, 197097, NC, 236340973438, NA, 647067955 T, 52.760647,
RP, 9, E, 0.300000, L0, 2853296788.000000, L1, 20881566224.000000, L2, 40785110468.000000, L3, 39266192816.000000, L4, 12103212336.000000, L5, 3717159094.000000, L6, 1155854390.000000, L7, 381213194.000000, L8, 134459348.000000, TT, 4.934149, NB, 139488, NC, 408224643632, NA, 537838594 T, 40.395093,
RP, 9, E, 0.350000, L0, 3553753120.000000, L1, 17022803210.000000, L2, 34272311204.000000, L3, 41159353462.000000, L4, 31353222042.000000, L5, 12855451666.000000, L6, 4537076546.000000, L7, 1632533888.000000, L8, 649505270.000000, TT, 4.980651, NB, 52704, NC, 972595218556, NA, 154432380 T, 13.569425,
RP, 9, E, 0.400000, L0, 3176713886.000000, L1, 12786842272.000000, L2, 27025811416.000000, L3, 41387416018.000000, L4, 33655792772.000000, L5, 29528092604.000000, L6, 19829328170.000000, L7, 10143275454.000000, L8, 4237116224.000000, TT, 4.578114, NB, 17187, NC, 1766753918136, NA, 29896251 T, 4.052357,
RP, 9, E, 0.450000, L0, 2820141990.000000, L1, 9432902914.000000, L2, 19936573996.000000, L3, 30427955496.000000, L4, 35557937888.000000, L5, 31951803008.000000, L6, 21054588118.000000, L7, 13233416538.000000, L8, 6101277724.000000, TT, 4.494357, NB, 13404, NC, 2197816190080, NA, 23894272 T, 3.261416,
RP, 9, E, 0.030000, L0, 3055138520.000000, L1, 12618913054.000000, L2, 24624182604.000000, L3, 33487577264.000000, L4, 25727354988.000000, L5, 25113803554.000000, L6, 25066643176.000000, L7, 20178059068.000000, L8, 13113242392.000000, TT, 5.658835, NB, 36635, NC, 1720590345332, NA, 58499039 T, 9.887336,
RP, 9, E, 0.035000, L0, 3498455282.000000, L1, 10181739020.000000, L2, 16931449736.000000, L3, 26979858602.000000, L4, 27407662810.000000, L5, 30156306296.000000, L6, 24334808408.000000, L7, 22232082576.000000, L8, 16025570420.000000, TT, 5.354007, NB, 20483, NC, 2228715281318, NA, 28313309 T, 5.157211,
RP, 9, E, 0.040000, L0, 2509016302.000000, L1, 9590371166.000000, L2, 14573236036.000000, L3, 22342587624.000000, L4, 24691207938.000000, L5, 28443335662.000000, L6, 25629703716.000000, L7, 23743068802.000000, L8, 19862704586.000000, TT, 5.393171, NB, 11090, NC, 2673950218424, NA, 12984632 T, 2.866989,
RP, 9, E, 0.045000, L0, 3180904236.000000, L1, 7657669926.000000, L2, 12435062548.000000, L3, 16940250168.000000, L4, 23311281716.000000, L5, 20428890050.000000, L6, 31730027852.000000, L7, 29884127940.000000, L8, 23682733780.000000, TT, 5.795778, NB, 5795, NC, 3065057964036, NA, 5240095 T, 1.241082,
RP, 9, E, 0.050000, L0, 2901631134.000000, L1, 6766872726.000000, L2, 11687554394.000000, L3, 14731879950.000000, L4, 21110733918.000000, L5, 27324385798.000000, L6, 25833530836.000000, L7, 27832678448.000000, L8, 28393687548.000000, TT, 5.239221, NB, 3787, NC, 3329252073772, NA, 2839773 T, 0.822567,