src/nodes.cu(125): warning: variable "calcsPerSecondDyn" was declared but never referenced


0.007000 515345 6 5705 118850646695 9064810033 0.660889 3.367445 
0.007525 515345 6 5528 126676545641 8319356583 0.749809 3.985653 
0.008050 515345 6 3986 136598586683 10503270377 0.820138 4.866588 
0.008575 515345 6 3761 143232496441 11427865677 0.764820 5.778780 
0.009100 515345 5 1912 157690688111 13493770287 0.565493 7.094554 
0.250000 2000000 7 52214 336508643616 469231890 9.067703 14.972949 
0.300000 2000000 7 23318 724506253250 1461914244 4.675487 17.315330 
0.350000 2000000 8 28258 1029729247076 1335687342 7.969611 29.240015 
0.400000 2000000 8 15656 1602172346292 3044349550 4.768521 39.453140 
0.450000 2000000 9 18967 1938672330930 3600803232 7.622402 57.393244 
0.030000 2000000 8 32609 1596425796588 13132519018 7.837163 47.650252 
0.035000 2000000 8 17562 2131458358606 19669451824 5.008829 66.532258 
0.040000 2000000 8 12635 2514773906270 29361389862 3.881550 89.648769 
0.045000 2000000 9 12115 2794612215414 22659270388 5.600075 115.592717 
0.050000 2000000 9 9089 3080136575610 29546875326 3.868310 main: src/launcher.cu:1830: neighborTable* nodeLauncher(double*, unsigned int, unsigned int, unsigned int, unsigned int*, double): Assertion `cudaSuccess == cudaMemcpyAsync(&keyValueIndex[i], &d_keyValueIndex[i], sizeof(unsigned long long ), cudaMemcpyDeviceToHost, stream[tid])' failed.
main: src/launcher.cu:1840: neighborTable* nodeLauncher(double*, unsigned int, unsigned int, unsigned int, unsigned int*, double): Assertion `cudaSuccess == cudaMallocHost((void**) &pointB[tid], sizeof(unsigned int)*(keyValueIndex[i] + 1))' failed.
/var/spool/slurm/slurmd/job53795053/slurm_script: line 44: 2835840 Aborted                 (core dumped) ./build/main /scratch/bwd29/data/2mil16dexpo.bin 16 $j

0.001000 2458285 4 447094 7637458755 315480695 9.049700 11.198088 
0.003250 2458285 5 75980 108854475183 3664159743 5.081047 8.460844 
0.005500 2458285 6 35509 365190456421 10374848381 4.719639 16.188397 
0.007750 2458285 7 21115 743886499613 16479821587 4.528727 29.274379 
0.010000 2458285 8 15912 1164470109265 23845056389 4.947968 main: src/launcher.cu:1840: neighborTable* nodeLauncher(double*, unsigned int, unsigned int, unsigned int, unsigned int*, double): Assertion `cudaSuccess == cudaMallocHost((void**) &pointB[tid], sizeof(unsigned int)*(keyValueIndex[i] + 1))' failed.
main: src/launcher.cu:1830: neighborTable* nodeLauncher(double*, unsigned int, unsigned int, unsigned int, unsigned int*, double): Assertion `cudaSuccess == cudaMemcpyAsync(&keyValueIndex[i], &d_keyValueIndex[i], sizeof(unsigned long long ), cudaMemcpyDeviceToHost, stream[tid])' failed.
/var/spool/slurm/slurmd/job53795053/slurm_script: line 54: 2841692 Aborted                 (core dumped) ./build/main /scratch/bwd29/data/USC_Normalized_No1Col.bin 68 $j

0.002000 287999 4 5272 10991137713 806849929 0.294778 0.528593 
0.003250 287999 5 3225 18757031525 1263805341 0.370779 0.742501 
0.004500 287999 6 2460 25493794419 1985287587 0.411978 0.932855 
0.005750 287999 6 1113 32009998053 2820319405 0.362510 1.156773 
0.007000 287999 5 411 37998752709 4190274609 0.303686 1.838908 
0.001000 11620300 4 1321991 7797315004 225862494 39.252327 43.581269 
0.005750 11620300 7 135666 747335965696 5233069994 27.353991 41.093679 
0.010500 11620300 10 74392 3612175664718 17442013216 38.813227 91.613771 
0.015250 11620300 13 61095 8668218641876 28463648756 54.773573 183.880083 
0.020000 11620300 14 31296 15746038321612 58832598282 43.706220 282.585947 
0.010000 5000000 5 79610 713412184518 7019273806 5.777217 16.275081 
0.012750 5000000 7 187929 971495519984 3389983688 29.693869 49.986380 
0.015500 5000000 7 99707 2030227983426 8964124054 18.701390 61.003511 
0.018250 5000000 8 91427 3080365641214 13275804178 23.021497 99.614388 
0.021000 5000000 9 94094 4299235842624 16176181750 32.963097 160.223769 
0.010000 11000000 6 295553 1459287619756 3710558122 36.728565 77.280664 
0.021375 11000000 9 207450 17114634757094 23580431640 95.526994 /var/spool/slurm/slurmd/job53795053/slurm_script: line 88: 2875039 Segmentation fault      (core dumped) ./build/main /scratch/bwd29/data/HIGSS_Normalized.bin 28 $j

0.032750 11000000 11 93114 48388283581876 99878506016 84.188032 /var/spool/slurm/slurmd/job53795053/slurm_script: line 88: 2877779 Segmentation fault      (core dumped) ./build/main /scratch/bwd29/data/HIGSS_Normalized.bin 28 $j

0.044125 11000000 13 43322 77458971914088 172908726778 67.896147 3280.104488 
0.055500 11000000 15 27582 96750309117796 146845145766 55.923787 4909.257145 
0.200000 5000000 12 12947 5927330674810 94559089560 23.895369 542.129042 
0.260000 5000000 14 8039 7856977148488 115489459662 26.432210 1072.479013 
0.320000 5000000 16 5780 9640762357756 123977127714 28.274038 1862.222428 
0.380000 5000000 19 6870 11259970881980 120457377296 33.763191 main: src/launcher.cu:1840: neighborTable* nodeLauncher(double*, unsigned int, unsigned int, unsigned int, unsigned int*, double): Assertion `cudaSuccess == cudaMallocHost((void**) &pointB[tid], sizeof(unsigned int)*(keyValueIndex[i] + 1))' failed.
main: src/launcher.cu:1830: neighborTable* nodeLauncher(double*, unsigned int, unsigned int, unsigned int, unsigned int*, double): Assertion `cudaSuccess == cudaMemcpyAsync(&keyValueIndex[i], &d_keyValueIndex[i], sizeof(unsigned long long ), cudaMemcpyDeviceToHost, stream[tid])' failed.
/var/spool/slurm/slurmd/job53795053/slurm_script: line 96: 3114603 Aborted                 (core dumped) ./build/main /scratch/bwd29/data/TINY_Normalized.bin 384 $j

0.440000 5000000 20 4740 12881190110164 129623554580 34.067466 main: src/launcher.cu:1830: neighborTable* nodeLauncher(double*, unsigned int, unsigned int, unsigned int, unsigned int*, double): Assertion `cudaSuccess == cudaMemcpyAsync(&keyValueIndex[i], &d_keyValueIndex[i], sizeof(unsigned long long ), cudaMemcpyDeviceToHost, stream[tid])' failed.
/var/spool/slurm/slurmd/job53795053/slurm_script: line 96: 3172299 Aborted                 (core dumped) ./build/main /scratch/bwd29/data/TINY_Normalized.bin 384 $j
