
5 0.007000 515345 3017 123714865963 11511714531 1.470926 4.377597 
5 0.007525 515345 2620 132613324055 12908087995 1.457367 4.949356 
5 0.008050 515345 2042 141738106223 14045490125 1.427947 5.770378 
5 0.008575 515345 2012 149669440401 13486035063 1.449454 6.820472 
5 0.009100 515345 1788 104540995975 9492916903 1.447243 6.821811 
5 0.250000 2000000 5347 683450988206 6096847734 2.528197 12.456520 
5 0.300000 2000000 2813 1179622329794 13854719646 2.258383 21.545268 
5 0.350000 2000000 1644 1722498548474 27175499832 2.177566 34.483318 
5 0.400000 2000000 1053 2270812780614 44779825098 2.058417 49.960403 
5 0.450000 2000000 495 2576748289980 51079842104 2.200994 67.306048 
5 0.030000 2000000 3971 1769297408032 36206592570 2.421662 46.151775 
5 0.035000 2000000 2518 2187625126144 40461409992 2.465158 67.317521 
5 0.040000 2000000 /var/spool/slurm/slurmd/job53523212/slurm_script: line 46: 870083 Segmentation fault      (core dumped) ./build/main /scratch/bwd29/data/2mil16dexpo.bin 16 $k $j

5 0.045000 2000000 1113 2838064492246 34750651004 2.423895 121.541119 
5 0.050000 2000000 384 2140734401532 29387055468 2.270494 115.637112 
5 0.001000 2458285 1279421 1624520677 82042495 75.182224 /var/spool/slurm/slurmd/job53523212/slurm_script: line 56: 870842 Segmentation fault      (core dumped) ./build/main /scratch/bwd29/data/USC_Normalized_No1Col.bin 68 $k $j

5 0.003250 2458285 63804 65435186625 2098153887 10.577093 12.805757 
5 0.005500 2458285 23216 291176397485 9673574545 6.483874 15.994742 
5 0.007750 2458285 7171 587331693113 23012967941 7.445523 27.422679 
5 0.010000 2458285 9066 514692115229 27956036597 6.056569 main: src/launcher.cu:1829: neighborTable* nodeLauncher(double*, unsigned int, unsigned int, unsigned int, unsigned int*, double): Assertion `cudaSuccess == cudaMemcpyAsync(&keyValueIndex[i], &d_keyValueIndex[i], sizeof(unsigned long long ), cudaMemcpyDeviceToHost, stream[tid])' failed.
main: src/launcher.cu:1829: neighborTable* nodeLauncher(double*, unsigned int, unsigned int, unsigned int, unsigned int*, double): Assertion `cudaSuccess == cudaMemcpyAsync(&keyValueIndex[i], &d_keyValueIndex[i], sizeof(unsigned long long ), cudaMemcpyDeviceToHost, stream[tid])' failed.
/var/spool/slurm/slurmd/job53523212/slurm_script: line 56: 872465 Aborted                 (core dumped) ./build/main /scratch/bwd29/data/USC_Normalized_No1Col.bin 68 $k $j

5 0.002000 287999 37510 3648205149 128014685 1.806742 2.132330 
5 0.003250 287999 8888 8868179535 633936649 0.730168 1.148261 
5 0.004500 287999 4046 10709652557 962872833 0.534323 1.054123 
5 0.005750 287999 1342 15214661443 2298984647 0.458045 1.259364 
5 0.007000 287999 875 16157731435 2773267201 0.426719 1.900915 
5 0.001000 11620300 2743884 1183145562 102105536 114.931737 119.970723 
5 0.005750 11620300 81881 416033726742 7198123658 34.109248 43.799851 
5 0.010500 11620300 19390 1904263344912 38253640488 30.630111 63.038562 
5 0.015250 11620300 6816 4887157755936 135907760064 29.680138 main: src/launcher.cu:1839: neighborTable* nodeLauncher(double*, unsigned int, unsigned int, unsigned int, unsigned int*, double): Assertion `cudaSuccess == cudaMallocHost((void**) &pointB[tid], sizeof(unsigned int)*(keyValueIndex[i] + 1))' failed.
main: src/launcher.cu:1829: neighborTable* nodeLauncher(double*, unsigned int, unsigned int, unsigned int, unsigned int*, double): Assertion `cudaSuccess == cudaMemcpyAsync(&keyValueIndex[i], &d_keyValueIndex[i], sizeof(unsigned long long ), cudaMemcpyDeviceToHost, stream[tid])' failed.
/var/spool/slurm/slurmd/job53523212/slurm_script: line 72: 879426 Aborted                 (core dumped) ./build/main /scratch/bwd29/data/BIGCROSS_Normalized.bin 57 $k $j

5 0.010000 5000000 75183 899031131832 7967918438 11.648338 24.881183 
5 0.012750 5000000 37176 2048723867532 22854884742 9.295119 43.393506 
5 0.015500 5000000 21264 3642673293198 50029711240 6.954083 77.942872 
5 0.018250 5000000 13371 5579204871748 92536267478 7.117666 135.566746 
5 0.021000 5000000 9246 7673690536424 103810428364 6.835891 219.556805 
5 0.010000 11000000 94223 3016409737834 20731511862 30.722415 101.067937 
5 0.021375 11000000 7494 32469196290392 239279862364 19.392662 1001.265373 
5 0.032750 11000000 1330 68118791565398 145846100158 18.124435 2977.923380 
5 0.044125 11000000 548 53248841252168 93158050788 19.438703 2903.039439 
5 0.055500 11000000 287 107055905816786 76599568042 17.368234 main: src/launcher.cu:1829: neighborTable* nodeLauncher(double*, unsigned int, unsigned int, unsigned int, unsigned int*, double): Assertion `cudaSuccess == cudaMemcpyAsync(&keyValueIndex[i], &d_keyValueIndex[i], sizeof(unsigned long long ), cudaMemcpyDeviceToHost, stream[tid])' failed.
/var/spool/slurm/slurmd/job53523212/slurm_script: line 90: 942070 Aborted                 (core dumped) ./build/main /scratch/bwd29/data/HIGSS_Normalized.bin 28 $k $j

5 0.200000 5000000 2653 2779563434796 129349107510 41.979553 246.762900 
5 0.260000 5000000 1622 3911699699696 105815273968 39.008400 531.728453 
5 0.320000 5000000 701 4430847529332 101905584214 46.036980 863.103733 
5 0.380000 5000000 463 5505211284826 90154144864 41.103958 1451.429464 
5 0.440000 5000000 393 6357674212634 98601581630 47.350210 main: src/launcher.cu:1829: neighborTable* nodeLauncher(double*, unsigned int, unsigned int, unsigned int, unsigned int*, double): Assertion `cudaSuccess == cudaMemcpyAsync(&keyValueIndex[i], &d_keyValueIndex[i], sizeof(unsigned long long ), cudaMemcpyDeviceToHost, stream[tid])' failed.
main: src/launcher.cu:1839: neighborTable* nodeLauncher(double*, unsigned int, unsigned int, unsigned int, unsigned int*, double): Assertion `cudaSuccess == cudaMallocHost((void**) &pointB[tid], sizeof(unsigned int)*(keyValueIndex[i] + 1))' failed.
/var/spool/slurm/slurmd/job53523212/slurm_script: line 98: 987237 Aborted                 (core dumped) ./build/main /scratch/bwd29/data/TINY_Normalized.bin 384 $k $j

6 0.007000 515345 5705 118850646695 9064810033 2.083595 4.928456 
6 0.007525 515345 3802 123198871543 11245426639 1.971348 5.224165 
6 0.008050 515345 3606 137755205737 11324302525 1.814611 6.170711 
6 0.008575 515345 4145 137510784891 11136631825 1.861475 6.581504 
6 0.009100 515345 3414 152469326181 10111237785 1.746904 8.214686 
6 0.250000 2000000 18478 459328921136 1579338716 3.842865 10.713250 
6 0.300000 2000000 8789 893382169974 4229368240 2.969087 17.471495 
6 0.350000 2000000 4862 1420237262300 9507646380 2.701539 28.835005 
6 0.400000 2000000 2887 1981502751134 17679292700 2.597914 43.187422 
6 0.450000 2000000 1914 2455847929122 26082598920 2.494598 60.232425 
6 0.030000 2000000 9681 1591699434306 25563014752 3.313304 41.593718 
6 0.035000 2000000 6214 2048377418638 33594974794 3.116208 60.621995 
6 0.040000 2000000 3806 2415135961430 33351388724 2.881887 84.636791 
6 0.045000 2000000 2620 2740697307204 28412819182 2.862159 111.997031 
6 0.050000 2000000 2017 3008973453322 36193040920 2.763121 main: src/launcher.cu:1839: neighborTable* nodeLauncher(double*, unsigned int, unsigned int, unsigned int, unsigned int*, double): Assertion `cudaSuccess == cudaMallocHost((void**) &pointB[tid], sizeof(unsigned int)*(keyValueIndex[i] + 1))' failed.
main: src/launcher.cu:1829: neighborTable* nodeLauncher(double*, unsigned int, unsigned int, unsigned int, unsigned int*, double): Assertion `cudaSuccess == cudaMemcpyAsync(&keyValueIndex[i], &d_keyValueIndex[i], sizeof(unsigned long long ), cudaMemcpyDeviceToHost, stream[tid])' failed.
/var/spool/slurm/slurmd/job53523212/slurm_script: line 46: 998492 Aborted                 (core dumped) ./build/main /scratch/bwd29/data/2mil16dexpo.bin 16 $k $j

6 0.001000 2458285 1720644 1353770515 55457225 152.509267 /var/spool/slurm/slurmd/job53523212/slurm_script: line 56: 998781 Segmentation fault      (core dumped) ./build/main /scratch/bwd29/data/USC_Normalized_No1Col.bin 68 $k $j

6 0.003250 2458285 223636 48779293299 1354563273 24.540216 27.287494 
6 0.005500 2458285 36904 183833958423 5261434985 9.483618 15.193184 
6 0.007750 2458285 16249 422591159927 13224472541 8.102406 21.649105 
6 0.010000 2458285 7592 906696704859 36563810215 7.135505 main: src/launcher.cu:1829: neighborTable* nodeLauncher(double*, unsigned int, unsigned int, unsigned int, unsigned int*, double): Assertion `cudaSuccess == cudaMemcpyAsync(&keyValueIndex[i], &d_keyValueIndex[i], sizeof(unsigned long long ), cudaMemcpyDeviceToHost, stream[tid])' failed.
main: src/launcher.cu:1860: neighborTable* nodeLauncher(double*, unsigned int, unsigned int, unsigned int, unsigned int*, double): Assertion `cudaSuccess == cudaMemcpyAsync(&uniqueCnt[i], &d_uniqueCnt[i], sizeof(unsigned int), cudaMemcpyDeviceToHost, stream[tid])' failed.
/var/spool/slurm/slurmd/job53523212/slurm_script: line 56: 1000560 Aborted                 (core dumped) ./build/main /scratch/bwd29/data/USC_Normalized_No1Col.bin 68 $k $j

6 0.002000 287999 48242 3307100875 90513195 3.089582 3.424476 
6 0.003250 287999 26653 6332791849 232026095 1.805569 2.222690 
6 0.004500 287999 5480 10756222491 953655899 0.740140 1.265538 
6 0.005750 287999 5070 15457711283 1470084319 0.793464 1.621122 
6 0.007000 287999 2169 15613002209 1523456301 0.551644 2.024623 
6 0.001000 11620300 3771112 809239606 74831590 229.714304 240.740400 
6 0.005750 11620300 155626 318655319102 3678561334 52.170055 60.859332 
6 0.010500 11620300 34785 1689235871486 21799123094 38.237527 67.877767 
6 0.015250 11620300 11589 4512311361708 80378823486 35.898943 main: src/launcher.cu:1829: neighborTable* nodeLauncher(double*, unsigned int, unsigned int, unsigned int, unsigned int*, double): Assertion `cudaSuccess == cudaMemcpyAsync(&keyValueIndex[i], &d_keyValueIndex[i], sizeof(unsigned long long ), cudaMemcpyDeviceToHost, stream[tid])' failed.
terminate called after throwing an instance of 'thrust::system::system_error'
/var/spool/slurm/slurmd/job53523212/slurm_script: line 72: 1009421 Aborted                 (core dumped) ./build/main /scratch/bwd29/data/BIGCROSS_Normalized.bin 57 $k $j

6 0.010000 5000000 194225 564532104124 2284025128 45.596642 55.574479 
6 0.012750 5000000 81886 1426371960386 8307575562 27.387224 51.800322 
6 0.015500 5000000 44522 2747417539322 20781243302 15.526476 68.778683 
6 0.018250 5000000 26889 4438002602200 43487837244 11.322047 112.564475 
6 0.021000 5000000 18528 6213624433898 69133518000 10.071972 177.823164 
6 0.010000 11000000 332541 1650560825872 4242397580 99.840158 145.763819 
6 0.021375 11000000 19481 27304852406542 197717665038 27.255359 788.881731 
6 0.032750 11000000 3019 64465934465984 212983645932 21.993967 2651.377160 
6 0.044125 11000000 648 39834137037802 121710475392 21.825930 2153.137950 
6 0.055500 11000000 397 91150387981258 78390801176 22.212325 terminate called after throwing an instance of 'thrust::system::system_error'
  what():  smart_sort: failed to synchronize: cudaErrorIllegalAddress: an illegal memory access was encountered
/var/spool/slurm/slurmd/job53523212/slurm_script: line 90: 1063768 Aborted                 (core dumped) ./build/main /scratch/bwd29/data/HIGSS_Normalized.bin 28 $k $j

6 0.200000 5000000 4007 2713831352068 120765876310 61.373266 260.493212 
6 0.260000 5000000 /var/spool/slurm/slurmd/job53523212/slurm_script: line 98: 1078936 Segmentation fault      (core dumped) ./build/main /scratch/bwd29/data/TINY_Normalized.bin 384 $k $j

6 0.320000 5000000 779 4697434139292 109727505680 51.654741 972.111902 
6 0.380000 5000000 826 7122634349648 102830553714 47.486948 main: src/launcher.cu:1829: neighborTable* nodeLauncher(double*, unsigned int, unsigned int, unsigned int, unsigned int*, double): Assertion `cudaSuccess == cudaMemcpyAsync(&keyValueIndex[i], &d_keyValueIndex[i], sizeof(unsigned long long ), cudaMemcpyDeviceToHost, stream[tid])' failed.
/var/spool/slurm/slurmd/job53523212/slurm_script: line 98: 1086938 Aborted                 (core dumped) ./build/main /scratch/bwd29/data/TINY_Normalized.bin 384 $k $j

6 0.440000 5000000 620 6907118419222 96856936138 53.219932 main: src/launcher.cu:1829: neighborTable* nodeLauncher(double*, unsigned int, unsigned int, unsigned int, unsigned int*, double): Assertion `cudaSuccess == cudaMemcpyAsync(&keyValueIndex[i], &d_keyValueIndex[i], sizeof(unsigned long long ), cudaMemcpyDeviceToHost, stream[tid])' failed.
main: src/launcher.cu:1829: neighborTable* nodeLauncher(double*, unsigned int, unsigned int, unsigned int, unsigned int*, double): Assertion `cudaSuccess == cudaMemcpyAsync(&keyValueIndex[i], &d_keyValueIndex[i], sizeof(unsigned long long ), cudaMemcpyDeviceToHost, stream[tid])' failed.
/var/spool/slurm/slurmd/job53523212/slurm_script: line 98: 1101905 Aborted                 (core dumped) ./build/main /scratch/bwd29/data/TINY_Normalized.bin 384 $k $j

7 0.007000 515345 8501 115577176189 6189239843 3.166426 5.942880 
7 0.007525 515345 8204 123941689571 6422055213 3.107799 6.423264 
7 0.008050 515345 5731 134631785057 9247277611 2.544622 6.684422 
7 0.008575 515345 15146 109158376393 3080707143 4.341439 8.787548 
7 0.009100 515345 5141 149131146453 9359496501 2.466460 8.589445 
7 0.250000 2000000 54922 317098181032 415608838 21.261226 27.048709 
7 0.300000 2000000 32178 592900187468 1070794334 12.518076 22.884621 
7 0.350000 2000000 12443 1202512816766 3340771254 5.755372 28.201937 
7 0.400000 2000000 8780 1739650479090 6828971798 5.246557 41.349497 
7 0.450000 2000000 4398 2271233852442 15508259912 3.553294 56.179267 
7 0.030000 2000000 23272 1437095721186 16053944798 7.273569 42.032858 
7 0.035000 2000000 13470 1946464028646 29300892176 5.747949 60.290983 
7 0.040000 2000000 9148 2293487241662 31582479374 4.405819 80.359139 
7 0.045000 2000000 5588 2664195902164 37128773422 3.902481 105.853463 
7 0.050000 2000000 3605 2970393823346 32481221166 3.604704 main: src/launcher.cu:1829: neighborTable* nodeLauncher(double*, unsigned int, unsigned int, unsigned int, unsigned int*, double): Assertion `cudaSuccess == cudaMemcpyAsync(&keyValueIndex[i], &d_keyValueIndex[i], sizeof(unsigned long long ), cudaMemcpyDeviceToHost, stream[tid])' failed.
main: src/launcher.cu:1839: neighborTable* nodeLauncher(double*, unsigned int, unsigned int, unsigned int, unsigned int*, double): Assertion `cudaSuccess == cudaMallocHost((void**) &pointB[tid], sizeof(unsigned int)*(keyValueIndex[i] + 1))' failed.
/var/spool/slurm/slurmd/job53523212/slurm_script: line 46: 1132341 Aborted                 (core dumped) ./build/main /scratch/bwd29/data/2mil16dexpo.bin 16 $k $j

7 0.001000 2458285 1872832 1297684797 70303739 187.871702 munmap_chunk(): invalid pointer
/var/spool/slurm/slurmd/job53523212/slurm_script: line 56: 1133000 Aborted                 (core dumped) ./build/main /scratch/bwd29/data/USC_Normalized_No1Col.bin 68 $k $j

7 0.003250 2458285 342924 57348367797 916269799 73.715703 78.174686 
7 0.005500 2458285 84041 240729627329 4579184581 21.426261 30.180350 
7 0.007750 2458285 23375 544368347329 14109630279 10.854721 30.843999 
7 0.010000 2458285 11472 828082097539 25929371739 9.053243 main: src/launcher.cu:1839: neighborTable* nodeLauncher(double*, unsigned int, unsigned int, unsigned int, unsigned int*, double): Assertion `cudaSuccess == cudaMallocHost((void**) &pointB[tid], sizeof(unsigned int)*(keyValueIndex[i] + 1))' failed.
main: src/launcher.cu:1829: neighborTable* nodeLauncher(double*, unsigned int, unsigned int, unsigned int, unsigned int*, double): Assertion `cudaSuccess == cudaMemcpyAsync(&keyValueIndex[i], &d_keyValueIndex[i], sizeof(unsigned long long ), cudaMemcpyDeviceToHost, stream[tid])' failed.
/var/spool/slurm/slurmd/job53523212/slurm_script: line 56: 1137272 Aborted                 (core dumped) ./build/main /scratch/bwd29/data/USC_Normalized_No1Col.bin 68 $k $j

7 0.002000 287999 69096 3548913813 64345443 6.838189 /var/spool/slurm/slurmd/job53523212/slurm_script: line 64: 1137586 Segmentation fault      (core dumped) ./build/main /scratch/bwd29/data/WAVE_Normalized.bin 49 $k $j

7 0.003250 287999 35028 6968404595 221087239 4.525288 5.038678 
7 0.004500 287999 9254 11096770045 914377511 1.204522 1.757421 
7 0.005750 287999 6243 15095377463 1746638227 1.667039 2.510132 
7 0.007000 287999 3651 16132298207 1810490533 0.844122 2.327588 
7 0.001000 11620300 3784540 728655340 76416368 265.163802 275.501750 
7 0.005750 11620300 249000 237674597506 2145083992 78.058838 86.914644 
7 0.010500 11620300 51740 1531597298892 15193027076 53.694470 80.813904 
7 0.015250 11620300 31384 3251688093346 48399123460 45.183552 104.436894 
7 0.010000 5000000 428989 354859812538 811296822 132.361527 145.701377 
7 0.012750 5000000 200046 1013671330620 2982780178 67.623781 87.673593 
7 0.015500 5000000 103232 2048014128394 8026838488 35.262082 78.450448 
7 0.018250 5000000 60952 3600556335896 17868039454 23.961940 109.015837 
7 0.021000 5000000 38306 5497473184734 35362516790 18.348145 167.985293 
7 0.010000 11000000 1032170 927886394974 890759162 452.025909 491.298507 
7 0.021375 11000000 48077 23719884349380 94050531396 44.316454 708.591128 
7 0.032750 11000000 8032 39334701915214 231886201942 26.056953 1471.026412 
7 0.044125 11000000 2059 50444598538432 174144023432 25.983176 2455.543604 
7 0.055500 11000000 1098 104512420842840 131571049334 27.469889 main: src/launcher.cu:1829: neighborTable* nodeLauncher(double*, unsigned int, unsigned int, unsigned int, unsigned int*, double): Assertion `cudaSuccess == cudaMemcpyAsync(&keyValueIndex[i], &d_keyValueIndex[i], sizeof(unsigned long long ), cudaMemcpyDeviceToHost, stream[tid])' failed.
terminate called after throwing an instance of 'thrust::system::system_error'
/var/spool/slurm/slurmd/job53523212/slurm_script: line 90: 1194262 Aborted                 (core dumped) ./build/main /scratch/bwd29/data/HIGSS_Normalized.bin 28 $k $j

7 0.200000 5000000 3686 2387009986600 120991390956 56.039141 229.274500 
7 0.260000 5000000 2719 6412519459054 96305809316 52.872047 914.800792 
7 0.320000 5000000 1614 6478321312962 102867481342 60.403841 1280.117634 
7 0.380000 5000000 935 5503586895530 139780782044 62.489725 1455.047360 
7 0.440000 5000000 578 5742184239676 99221815360 62.825326 main: src/launcher.cu:1829: neighborTable* nodeLauncher(double*, unsigned int, unsigned int, unsigned int, unsigned int*, double): Assertion `cudaSuccess == cudaMemcpyAsync(&keyValueIndex[i], &d_keyValueIndex[i], sizeof(unsigned long long ), cudaMemcpyDeviceToHost, stream[tid])' failed.
main: src/launcher.cu:1839: neighborTable* nodeLauncher(double*, unsigned int, unsigned int, unsigned int, unsigned int*, double): Assertion `cudaSuccess == cudaMallocHost((void**) &pointB[tid], sizeof(unsigned int)*(keyValueIndex[i] + 1))' failed.
/var/spool/slurm/slurmd/job53523212/slurm_script: line 98: 1246968 Aborted                 (core dumped) ./build/main /scratch/bwd29/data/TINY_Normalized.bin 384 $k $j
