src/nodes.cu(125): warning: variable "calcsPerSecondDyn" was declared but never referenced


0.007000 515345 12 1297 110179625641 1745931861 0.903059 3.312294 
0.007525 515345 12 1229 118153266541 2308882389 0.935518 3.957495 
0.008050 515345 9 739 129430306245 4539754315 0.829897 4.625745 
0.008575 515345 12 1009 133914454639 3358979251 0.979013 5.548353 
0.009100 515345 12 976 142487500409 3212654401 1.000532 6.762198 
0.250000 2000000 8 7725 459464812046 1048806714 3.457149 10.337985 
0.300000 2000000 8 7249 754275464204 1108959388 3.414390 16.050122 
0.350000 2000000 9 6775 1134356027412 1214868996 4.237224 25.859178 
0.400000 2000000 10 6415 1581208747956 1362612862 4.609034 39.061852 
0.450000 2000000 11 6029 1982650275536 1548727598 5.123201 54.230834 
0.030000 2000000 11 5786 1525938438152 3265886304 4.349989 43.424090 
0.035000 2000000 12 5285 1960410835672 4568799034 4.746379 62.081563 
0.040000 2000000 13 4562 2344434666974 6744040980 5.233817 84.958039 
0.045000 2000000 13 3978 2677773597724 14524176348 4.488967 107.531088 
0.050000 2000000 14 3802 2974598626198 11472619290 4.911522 terminate called after throwing an instance of 'thrust::system::detail::bad_alloc'
  what():  std::bad_alloc: cudaErrorMemoryAllocation: out of memory
/var/spool/slurm/slurmd/job53773014/slurm_script: line 44: 2377386 Aborted                 (core dumped) ./build/main /scratch/bwd29/data/2mil16dexpo.bin 16 $j

0.001000 2458285 4 22534 17481589105 959100727 2.252464 3.923473 
0.003250 2458285 6 10379 127769119479 2879795051 3.177278 6.576683 
0.005500 2458285 7 6416 374702580061 7038033009 3.617514 14.788068 
0.007750 2458285 11 6710 690807723125 6691913425 5.544540 27.425610 
0.010000 2458285 12 5377 1077476494239 12040533989 5.966663 main: src/launcher.cu:1840: neighborTable* nodeLauncher(double*, unsigned int, unsigned int, unsigned int, unsigned int*, double): Assertion `cudaSuccess == cudaMallocHost((void**) &pointB[tid], sizeof(unsigned int)*(keyValueIndex[i] + 1))' failed.
main: src/launcher.cu:1830: neighborTable* nodeLauncher(double*, unsigned int, unsigned int, unsigned int, unsigned int*, double): Assertion `cudaSuccess == cudaMemcpyAsync(&keyValueIndex[i], &d_keyValueIndex[i], sizeof(unsigned long long ), cudaMemcpyDeviceToHost, stream[tid])' failed.
/var/spool/slurm/slurmd/job53773014/slurm_script: line 54: 2384372 Aborted                 (core dumped) ./build/main /scratch/bwd29/data/USC_Normalized_No1Col.bin 68 $j

0.002000 287999 5 712 10858230405 548252741 0.402734 0.736907 
0.003250 287999 5 428 19160154199 1407578095 0.401319 0.872705 
0.004500 287999 5 274 26370811987 2433148051 0.396343 0.995145 
0.005750 287999 4 126 33951516675 4924248517 0.373001 1.247032 
0.007000 287999 4 106 38781519953 5355097127 0.333762 1.978481 
0.001000 11620300 4 197509 36522403064 2410531362 15.493671 19.088612 
0.005750 11620300 8 34895 1137456610318 7316209466 21.726632 38.692674 
0.010500 11620300 11 25713 4134326161466 14691551992 29.730904 terminate called after throwing an instance of 'thrust::system::detail::bad_alloc'
  what():  std::bad_alloc: cudaErrorMemoryAllocation: out of memory
/var/spool/slurm/slurmd/job53773014/slurm_script: line 70: 2388941 Aborted                 (core dumped) ./build/main /scratch/bwd29/data/BIGCROSS_Normalized.bin 57 $j

0.015250 11620300 14 20514 9337950865088 26814852276 39.049446 terminate called after throwing an instance of 'thrust::system::detail::bad_alloc'
  what():  std::bad_alloc: cudaErrorMemoryAllocation: out of memory
/var/spool/slurm/slurmd/job53773014/slurm_script: line 70: 2389637 Aborted                 (core dumped) ./build/main /scratch/bwd29/data/BIGCROSS_Normalized.bin 57 $j

0.020000 11620300 17 18382 15493428401434 32814323196 46.488735 terminate called after throwing an instance of 'thrust::system::detail::bad_alloc'
  what():  std::bad_alloc: cudaErrorMemoryAllocation: out of memory
/var/spool/slurm/slurmd/job53773014/slurm_script: line 70: 2390494 Aborted                 (core dumped) ./build/main /scratch/bwd29/data/BIGCROSS_Normalized.bin 57 $j

0.010000 5000000 7 20952 623050020698 2742317518 6.529313 15.921147 
0.012750 5000000 8 18988 1176284654316 3228681028 8.559105 29.028453 
0.015500 5000000 9 16124 1988754876438 4530219438 9.705346 51.150895 
0.018250 5000000 10 14044 3027542969936 6515123088 11.648595 85.820808 
0.021000 5000000 12 14464 4258125232852 6084499966 14.320103 terminate called after throwing an instance of 'thrust::system::detail::bad_alloc'
  what():  std::bad_alloc: cudaErrorMemoryAllocation: out of memory
/var/spool/slurm/slurmd/job53773014/slurm_script: line 80: 2401200 Aborted                 (core dumped) ./build/main /scratch/bwd29/data/SUSY_Normalized.bin 18 $j

0.010000 11000000 7 52009 1787630746312 5278162774 23.020532 68.232173 
0.021375 11000000 12 40890 16892825559414 7649058522 56.082550 608.467923 
0.032750 11000000 15 28264 46272138370296 21586731608 72.891146 1723.555025 
0.044125 11000000 18 19877 74636577673948 60108201420 68.993947 3032.130986 
0.055500 11000000 20 14244 94836586050100 115474087004 58.240160 4499.565214 
0.200000 5000000 17 7537 5670083009548 31787897122 31.471024 main: src/launcher.cu:1702: neighborTable* nodeLauncher(double*, unsigned int, unsigned int, unsigned int, unsigned int*, double): Assertion `cudaSuccess == cudaMalloc((void**)&d_pointB[i], sizeof(unsigned int)*resultsSize)' failed.
/var/spool/slurm/slurmd/job53773014/slurm_script: line 96: 2605187 Aborted                 (core dumped) ./build/main /scratch/bwd29/data/TINY_Normalized.bin 384 $j

0.260000 5000000 20 5866 7576542639610 47757747920 35.108894 main: src/launcher.cu:1702: neighborTable* nodeLauncher(double*, unsigned int, unsigned int, unsigned int, unsigned int*, double): Assertion `cudaSuccess == cudaMalloc((void**)&d_pointB[i], sizeof(unsigned int)*resultsSize)' failed.
/var/spool/slurm/slurmd/job53773014/slurm_script: line 96: 2606616 Aborted                 (core dumped) ./build/main /scratch/bwd29/data/TINY_Normalized.bin 384 $j

0.320000 5000000 20 3387 9458660553058 83124368610 33.391025 main: src/launcher.cu:1702: neighborTable* nodeLauncher(double*, unsigned int, unsigned int, unsigned int, unsigned int*, double): Assertion `cudaSuccess == cudaMalloc((void**)&d_pointB[i], sizeof(unsigned int)*resultsSize)' failed.
/var/spool/slurm/slurmd/job53773014/slurm_script: line 96: 2609920 Aborted                 (core dumped) ./build/main /scratch/bwd29/data/TINY_Normalized.bin 384 $j

0.380000 5000000 20 2328 11216869483384 112198834924 33.855941 main: src/launcher.cu:1702: neighborTable* nodeLauncher(double*, unsigned int, unsigned int, unsigned int, unsigned int*, double): Assertion `cudaSuccess == cudaMalloc((void**)&d_pointB[i], sizeof(unsigned int)*resultsSize)' failed.
/var/spool/slurm/slurmd/job53773014/slurm_script: line 96: 2612726 Aborted                 (core dumped) ./build/main /scratch/bwd29/data/TINY_Normalized.bin 384 $j

0.440000 5000000 20 1584 12888632386648 135124310900 33.843230 main: src/launcher.cu:1702: neighborTable* nodeLauncher(double*, unsigned int, unsigned int, unsigned int, unsigned int*, double): Assertion `cudaSuccess == cudaMalloc((void**)&d_pointB[i], sizeof(unsigned int)*resultsSize)' failed.
/var/spool/slurm/slurmd/job53773014/slurm_script: line 96: 2614000 Aborted                 (core dumped) ./build/main /scratch/bwd29/data/TINY_Normalized.bin 384 $j
