src/nodes.cu(16): warning: variable "calcTime" was set but never used


0.007000 515345 7 8501 115577176189 6189239843 0.971648 3.619426 
0.007525 515345 7 8164 124368925275 6897313613 0.938718 4.176009 
0.008050 515345 7 6163 133526163851 8253079965 0.983051 4.874248 
0.008575 515345 8 8931 138434049345 7732070525 1.370537 6.229909 
0.009100 515345 8 7809 146963852485 8210240613 1.617067 7.658814 
0.250000 2000000 6 18076 473423029174 1625248384 2.734920 9.678181 
0.300000 2000000 7 23318 724506253250 1461914244 4.696018 17.314621 
0.350000 2000000 7 11893 1234666208726 3726025120 3.003078 26.209869 
0.400000 2000000 8 15656 1602172346292 3044349550 4.848893 39.853808 
0.450000 2000000 9 18967 1938672330930 3600803232 8.676123 58.528695 
0.030000 2000000 8 32609 1596425796588 13132519018 8.921996 48.672286 
0.035000 2000000 9 30338 2041349849960 18448072684 10.260895 70.340640 
0.040000 2000000 9 21379 2440043704440 23198483960 8.139576 91.196786 
0.045000 2000000 10 19462 2724761126856 19787505576 9.850304 117.246736 
0.050000 2000000 11 22049 2977052254072 20913722494 12.867451 148.896971 
0.001000 2458285 4 447094 7637458755 315480695 9.576282 11.421797 
0.003250 2458285 4 25516 162380255823 7206063745 2.063992 6.259860 
0.005500 2458285 6 35509 365190456421 10374848381 4.703561 16.206866 
0.007750 2458285 7 21115 743886499613 16479821587 4.618339 29.385107 
0.010000 2458285 9 23089 1122269216083 20243042759 8.686691 main: src/launcher.cu:1839: neighborTable* nodeLauncher(double*, unsigned int, unsigned int, unsigned int, unsigned int*, double): Assertion `cudaSuccess == cudaMallocHost((void**) &pointB[tid], sizeof(unsigned int)*(keyValueIndex[i] + 1))' failed.
main: src/launcher.cu:1829: neighborTable* nodeLauncher(double*, unsigned int, unsigned int, unsigned int, unsigned int*, double): Assertion `cudaSuccess == cudaMemcpyAsync(&keyValueIndex[i], &d_keyValueIndex[i], sizeof(unsigned long long ), cudaMemcpyDeviceToHost, stream[tid])' failed.
/var/spool/slurm/slurmd/job53752440/slurm_script: line 56: 327011 Aborted                 (core dumped) ./build/main /scratch/bwd29/data/USC_Normalized_No1Col.bin 68 $k $j

0.002000 287999 4 5272 10991137713 806849929 0.265954 0.496715 
0.003250 287999 5 3225 18757031525 1263805341 0.340295 0.697079 
0.004500 287999 6 2460 25493794419 1985287587 0.357525 0.881860 
0.005750 287999 7 2035 31353996143 2284115505 0.362330 1.131658 
0.007000 287999 8 2207 36166888351 2257659031 0.437124 1.906139 
0.001000 11620300 4 1321991 7797315004 225862494 35.663447 39.746886 
0.005750 11620300 6 70419 1045091220992 10318986054 17.041987 33.551118 
0.010500 11620300 10 74392 3612175664718 17442013216 41.393077 94.698093 
0.015250 11620300 14 75646 8510097047058 22831369782 73.750678 203.057960 
0.020000 11620300 20 92623 14076943841368 20861309874 184.155539 munmap_chunk(): invalid pointer
/var/spool/slurm/slurmd/job53752440/slurm_script: line 72: 332981 Aborted                 (core dumped) ./build/main /scratch/bwd29/data/BIGCROSS_Normalized.bin 57 $k $j

0.010000 5000000 5 79610 713412184518 7019273806 6.285970 16.745648 
0.012750 5000000 6 86049 1337262862550 8329444846 8.711206 31.682934 
0.015500 5000000 7 99707 2030227983426 8964124054 16.675472 59.252525 
0.018250 5000000 8 91427 3080365641214 13275804178 26.268616 103.168427 
0.021000 5000000 8 58559 4746365610510 25233564462 17.238386 149.401876 
0.010000 11000000 5 84986 2473908017558 16064155798 13.169070 69.524520 
0.021375 11000000 8 102479 19396588491586 47443374874 38.930983 597.825317 
0.032750 11000000 12 135830 47014216268094 68089091284 195.454520 /var/spool/slurm/slurmd/job53752440/slurm_script: line 90: 350274 Segmentation fault      (core dumped) ./build/main /scratch/bwd29/data/HIGSS_Normalized.bin 28 $k $j

0.044125 11000000 16 110941 74453748051066 95125782088 332.302364 /var/spool/slurm/slurmd/job53752440/slurm_script: line 90: 351818 Segmentation fault      (core dumped) ./build/main /scratch/bwd29/data/HIGSS_Normalized.bin 28 $k $j

0.055500 11000000 /var/spool/slurm/slurmd/job53752440/slurm_script: line 90: 353938 Killed                  ./build/main /scratch/bwd29/data/HIGSS_Normalized.bin 28 $k $j

0.200000 5000000 15 33088 5753936917270 50622792778 53.459069 579.915428 
0.260000 5000000 19 31670 7577028548402 54889768064 69.821414 1110.006568 
0.320000 5000000 20 14849 9441571653692 83016629854 44.489403 1858.485154 
0.380000 5000000 20 8764 11206957207628 112134596912 36.334501 main: src/launcher.cu:1839: neighborTable* nodeLauncher(double*, unsigned int, unsigned int, unsigned int, unsigned int*, double): Assertion `cudaSuccess == cudaMallocHost((void**) &pointB[tid], sizeof(unsigned int)*(keyValueIndex[i] + 1))' failed.
main: src/launcher.cu:1829: neighborTable* nodeLauncher(double*, unsigned int, unsigned int, unsigned int, unsigned int*, double): Assertion `cudaSuccess == cudaMemcpyAsync(&keyValueIndex[i], &d_keyValueIndex[i], sizeof(unsigned long long ), cudaMemcpyDeviceToHost, stream[tid])' failed.
/var/spool/slurm/slurmd/job53752440/slurm_script: line 98: 394532 Aborted                 (core dumped) ./build/main /scratch/bwd29/data/TINY_Normalized.bin 384 $k $j

0.440000 5000000 20 4740 12881190110164 129623554580 34.708290 slurmstepd: error: *** JOB 53752440 ON cn2 CANCELLED AT 2022-08-14T15:26:16 ***
Job has already finished for job 53752440
slurmstepd: error: Detected 1 oom-kill event(s) in StepId=53752440.batch. Some of your processes may have been killed by the cgroup out-of-memory handler.
