
EPSILON | NUMPOINTS | RP | NODES | CALCS | Construct T | Total T



MSD ________________________________________________________________


0.007000 515345 12 979 111751608717 1.444877 3.912900 
0.007525 515345 13 1057 118752402897 1.508536 4.600444 
0.008050 515345 14 1041 126324401615 1.764600 5.362187 
0.008575 515345 14 998 133407766973 1.713438 6.251622 
0.009100 515345 16 1059 141328877499 1.991059 7.549074 

SUSY ________________________________________________________________


0.010000 5000000 6 14029 611929908276 7.117874 16.211034 
0.012750 5000000 7 14894 1110690896942 11.129059 30.982185 
0.015500 5000000 8 15695 1737323516914 14.417035 50.176706 
0.018250 5000000 9 18997 2649571420480 20.756412 83.693473 
0.021000 5000000 10 17931 3978820748248 29.919461 138.354400 

HIGGS ________________________________________________________________


0.010000 11000000 7 45098 1821534431444 37.256041 82.630231 
0.021375 11000000 10 76118 15154182093780 170.279834 /var/spool/slurm/slurmd/job54038760/slurm_script: line 97: 1791406 Segmentation fault      (core dumped) ./build/main /scratch/bwd29/data/HIGSS_Normalized.bin 28 $j

0.032750 11000000 12 48053 46013145042564 179.089146 1742.492149 
0.044125 11000000 14 31351 75000902914410 165.514302 3218.613968 
0.055500 11000000 15 19019 95781760395042 98.279957 main: src/launcher.cu:1703: neighborTable* nodeLauncher(double*, unsigned int, unsigned int, unsigned int, unsigned int*, double): Assertion `cudaSuccess == cudaMalloc((void**)&d_pointB[i], sizeof(unsigned int)*resultsSize)' failed.
/var/spool/slurm/slurmd/job54038760/slurm_script: line 97: 1894026 Aborted                 (core dumped) ./build/main /scratch/bwd29/data/HIGSS_Normalized.bin 28 $j

Tiny____________________________________________________


0.200000 5000000 17 14807 5519763148086 80.879232 525.223376 
0.260000 5000000 20 11610 7461690334312 85.561547 997.651241 
0.320000 5000000 23 10198 9262323527052 90.769298 main: src/launcher.cu:1830: neighborTable* nodeLauncher(double*, unsigned int, unsigned int, unsigned int, unsigned int*, double): Assertion `cudaSuccess == cudaMemcpyAsync(&keyValueIndex[i], &d_keyValueIndex[i], sizeof(unsigned long long ), cudaMemcpyDeviceToHost, stream[tid])' failed.
/var/spool/slurm/slurmd/job54038760/slurm_script: line 105: 1928425 Aborted                 (core dumped) ./build/main /scratch/bwd29/data/TINY_Normalized.bin 384 $j

0.380000 5000000 26 9985 10952418706358 100.239554 main: src/launcher.cu:1703: neighborTable* nodeLauncher(double*, unsigned int, unsigned int, unsigned int, unsigned int*, double): Assertion `cudaSuccess == cudaMalloc((void**)&d_pointB[i], sizeof(unsigned int)*resultsSize)' failed.
/var/spool/slurm/slurmd/job54038760/slurm_script: line 105: 1963813 Aborted                 (core dumped) ./build/main /scratch/bwd29/data/TINY_Normalized.bin 384 $j

0.440000 5000000 28 7729 12588950650542 95.226890 main: src/launcher.cu:1703: neighborTable* nodeLauncher(double*, unsigned int, unsigned int, unsigned int, unsigned int*, double): Assertion `cudaSuccess == cudaMalloc((void**)&d_pointB[i], sizeof(unsigned int)*resultsSize)' failed.
/var/spool/slurm/slurmd/job54038760/slurm_script: line 105: 1967535 Aborted                 (core dumped) ./build/main /scratch/bwd29/data/TINY_Normalized.bin 384 $j


MSD ________________________________________________________________


0.007000 515345 12 979 111751608717 1.444479 3.902015 
0.007525 515345 13 1057 118752402897 1.632927 4.740078 
0.008050 515345 14 1041 126324401615 1.769547 5.373821 
0.008575 515345 14 998 133407766973 1.723862 6.287988 
0.009100 515345 14 889 142232866745 1.668655 7.313797 

SUSY ________________________________________________________________


0.010000 5000000 6 14029 611929908276 7.737756 17.085970 
0.012750 5000000 7 14894 1110690896942 9.487331 29.017542 
0.015500 5000000 8 15695 1737323516914 15.673815 51.418409 
0.018250 5000000 9 18997 2649571420480 22.614817 84.965346 
0.021000 5000000 9 14261 4201305210822 19.849680 130.053796 

HIGGS ________________________________________________________________


0.010000 11000000 7 45098 1821534431444 38.842265 82.506178 
0.021375 11000000 10 76118 15154182093780 159.434142 603.817208 
0.032750 11000000 12 48053 46013145042564 181.125419 1735.878544 
0.044125 11000000 14 31351 75000902914410 165.220436 3231.494322 
0.055500 11000000 15 19019 95781760395042 103.084683 main: src/launcher.cu:1703: neighborTable* nodeLauncher(double*, unsigned int, unsigned int, unsigned int, unsigned int*, double): Assertion `cudaSuccess == cudaMalloc((void**)&d_pointB[i], sizeof(unsigned int)*resultsSize)' failed.
/var/spool/slurm/slurmd/job54038760/slurm_script: line 97: 2093502 Aborted                 (core dumped) ./build/main /scratch/bwd29/data/HIGSS_Normalized.bin 28 $j

Tiny____________________________________________________


0.200000 5000000 18 17277 5479191369026 99.070959 540.907615 
0.260000 5000000 20 11610 7461690334312 81.885708 991.609780 
0.320000 5000000 23 10198 9262323527052 91.291399 main: src/launcher.cu:1830: neighborTable* nodeLauncher(double*, unsigned int, unsigned int, unsigned int, unsigned int*, double): Assertion `cudaSuccess == cudaMemcpyAsync(&keyValueIndex[i], &d_keyValueIndex[i], sizeof(unsigned long long ), cudaMemcpyDeviceToHost, stream[tid])' failed.
/var/spool/slurm/slurmd/job54038760/slurm_script: line 105: 2130198 Aborted                 (core dumped) ./build/main /scratch/bwd29/data/TINY_Normalized.bin 384 $j

0.380000 5000000 25 8902 10983696157208 88.740567 main: src/launcher.cu:1830: neighborTable* nodeLauncher(double*, unsigned int, unsigned int, unsigned int, unsigned int*, double): Assertion `cudaSuccess == cudaMemcpyAsync(&keyValueIndex[i], &d_keyValueIndex[i], sizeof(unsigned long long ), cudaMemcpyDeviceToHost, stream[tid])' failed.
/var/spool/slurm/slurmd/job54038760/slurm_script: line 105: 2160216 Aborted                 (core dumped) ./build/main /scratch/bwd29/data/TINY_Normalized.bin 384 $j

0.440000 5000000 27 7005 12614236891380 85.873777 main: src/launcher.cu:1703: neighborTable* nodeLauncher(double*, unsigned int, unsigned int, unsigned int, unsigned int*, double): Assertion `cudaSuccess == cudaMalloc((void**)&d_pointB[i], sizeof(unsigned int)*resultsSize)' failed.
/var/spool/slurm/slurmd/job54038760/slurm_script: line 105: 2213204 Aborted                 (core dumped) ./build/main /scratch/bwd29/data/TINY_Normalized.bin 384 $j


MSD ________________________________________________________________


0.007000 515345 14 1136 110542408617 2.001798 4.470681 
0.007525 515345 13 1057 118752402897 1.582238 4.694913 
0.008050 515345 14 1041 126324401615 1.731809 5.336199 
0.008575 515345 14 998 133407766973 1.784263 6.320821 
0.009100 515345 15 983 141632177315 1.913815 7.540105 

SUSY ________________________________________________________________


0.010000 5000000 6 14029 611929908276 7.507652 16.882144 
0.012750 5000000 7 14894 1110690896942 10.506164 30.056668 
0.015500 5000000 8 15695 1737323516914 14.543531 50.404063 
0.018250 5000000 9 18997 2649571420480 22.184177 85.694751 
0.021000 5000000 10 17931 3978820748248 28.688952 137.140474 

HIGGS ________________________________________________________________


0.010000 11000000 7 45098 1821534431444 40.178745 82.555105 
0.021375 11000000 10 76118 15154182093780 162.617246 614.229606 
0.032750 11000000 12 48053 46013145042564 179.587848 1740.274973 
0.044125 11000000 14 31351 75000902914410 163.501000 3222.184749 
0.055500 11000000 15 19019 95781760395042 101.549997 main: src/launcher.cu:1703: neighborTable* nodeLauncher(double*, unsigned int, unsigned int, unsigned int, unsigned int*, double): Assertion `cudaSuccess == cudaMalloc((void**)&d_pointB[i], sizeof(unsigned int)*resultsSize)' failed.
/var/spool/slurm/slurmd/job54038760/slurm_script: line 97: 2340371 Aborted                 (core dumped) ./build/main /scratch/bwd29/data/HIGSS_Normalized.bin 28 $j

Tiny____________________________________________________


0.200000 5000000 17 14807 5519763148086 82.320177 526.789428 
0.260000 5000000 19 9941 7501052037308 72.297794 slurmstepd: error: *** JOB 54038760 ON cn2 CANCELLED AT 2022-10-05T07:54:59 ***
Job has already finished for job 54038760
