
EPSILON | NUMPOINTS | RP | NODES | CALCS | Construct T | Total T



MSD ________________________________________________________________


0.007000 515345 15 1266 109593099069 1.571508 4.038235 
0.007525 515345 13 1057 118752402897 1.406153 4.508777 
0.008050 515345 14 1070 125950400067 1.521214 5.257305 
0.008575 515345 5 191 149372026937 0.549928 5.859931 
0.009100 515345 16 1132 140987046811 1.777001 7.505120 

SUSY ________________________________________________________________


0.010000 5000000 6 12551 626048200364 6.668470 15.871514 
0.012750 5000000 7 13885 1092984195940 7.851360 26.631767 
0.015500 5000000 8 15092 1760791874862 12.679598 49.186869 
0.018250 5000000 9 16332 2689978141346 15.023755 82.989905 
0.021000 5000000 10 16523 4098058702722 21.642535 142.923888 

HIGGS ________________________________________________________________


0.010000 11000000 7 48590 1933702966034 31.608784 78.738553 
0.021375 11000000 10 71834 15636645025572 106.376438 /var/spool/slurm/slurmd/job54026636/slurm_script: line 95: 2066382 Segmentation fault      (core dumped) ./build/main /scratch/bwd29/data/HIGSS_Normalized.bin 28 $j

0.032750 11000000 13 64829 44725081442444 211.134341 1873.470872 
0.044125 11000000 15 40217 74304308745684 163.197690 3177.700328 
0.055500 11000000 16 25106 95182022531416 109.175721 4739.517289 
Tiny____________________________________________________


0.200000 5000000 18 17244 5478342766858 76.061268 593.657734 
0.260000 5000000 22 15548 7366642696770 89.252332 terminate called after throwing an instance of 'thrust::system::detail::bad_alloc'
  what():  std::bad_alloc: cudaErrorMemoryAllocation: out of memory
/var/spool/slurm/slurmd/job54026636/slurm_script: line 103: 2278452 Aborted                 (core dumped) ./build/main /scratch/bwd29/data/TINY_Normalized.bin 384 $j

0.320000 5000000 25 13245 9212317379468 90.738059 main: src/launcher.cu:1703: neighborTable* nodeLauncher(double*, unsigned int, unsigned int, unsigned int, unsigned int*, double): Assertion `cudaSuccess == cudaMalloc((void**)&d_pointB[i], sizeof(unsigned int)*resultsSize)' failed.
/var/spool/slurm/slurmd/job54026636/slurm_script: line 103: 2297218 Aborted                 (core dumped) ./build/main /scratch/bwd29/data/TINY_Normalized.bin 384 $j

0.380000 5000000 27 10580 10955525576144 87.549569 main: src/launcher.cu:1703: neighborTable* nodeLauncher(double*, unsigned int, unsigned int, unsigned int, unsigned int*, double): Assertion `cudaSuccess == cudaMalloc((void**)&d_pointB[i], sizeof(unsigned int)*resultsSize)' failed.
/var/spool/slurm/slurmd/job54026636/slurm_script: line 103: 2300425 Aborted                 (core dumped) ./build/main /scratch/bwd29/data/TINY_Normalized.bin 384 $j

0.440000 5000000 29 8065 12588568288790 82.048184 main: src/launcher.cu:1703: neighborTable* nodeLauncher(double*, unsigned int, unsigned int, unsigned int, unsigned int*, double): Assertion `cudaSuccess == cudaMalloc((void**)&d_pointB[i], sizeof(unsigned int)*resultsSize)' failed.
/var/spool/slurm/slurmd/job54026636/slurm_script: line 103: 2308025 Aborted                 (core dumped) ./build/main /scratch/bwd29/data/TINY_Normalized.bin 384 $j
