
EPSILON | NUMPOINTS | RP | NODES | CALCS | Construct T | Kernel T | Total T

src/utils.cu(70): warning #177-D: variable "test_rp" was declared but never referenced

Remark: The warnings can be suppressed with "-diag-suppress <warning-number>"



 _______________ 1 ____________ 14 __________ 1.5 ______________________



MSD ________________________________________________________________


0.007000 515345 16 12 2995 124420547383 1.535085 3 0.468485 2.89684 4.598960 
0.007525 515345 16 13 3135 133657237373 1.776005 4 0.503265 3.46349 5.403101 
0.008050 515345 16 13 3020 142833739177 1.738996 4 0.537817 4.46569 6.382935 
0.008575 515345 16 13 2752 150640412025 1.543857 5 0.567212 5.3296 7.040365 
0.009100 515345 16 14 2859 157893113227 1.914502 5 0.594521 7.60385 9.691923 

Wave __________________________________________________


0.002000 287999 16 12 1135 11280470943 0.326419 2 0.136002 0.125529 0.541824 
0.003250 287999 16 11 1008 19199317691 0.282374 2 0.231475 0.222056 0.590600 
0.004500 287999 16 13 934 26332472335 0.310117 2 0.317475 0.400594 0.798007 
0.005750 287999 16 15 912 32016482537 0.342389 2 0.386004 0.790694 1.218933 
0.007000 287999 16 15 823 37496765487 0.320506 2 0.452076 1.77985 2.190402 

BIGCROSS____________________________________________________________


0.001000 11620300 16 7 58978 99649534414 12.417777 45 0.000738 1.53367 18.447362 
0.005750 11620300 16 9 66125 689110958738 23.955777 45 0.005103 7.47593 36.212384 
0.010500 11620300 16 10 56374 3208504899404 32.281807 45 0.023761 27.2547 64.211685 
0.015250 11620300 16 12 41583 7818682622348 36.530042 45 0.057903 64.8626 106.080993 
0.020000 11620300 16 14 31155 13768851946164 34.062211 45 0.101968 124.616 163.278832 

SUSY ________________________________________________________________


0.010000 5000000 16 6 40603 409808694890 5.953287 20 0.016392 4.96378 12.293937 
0.012750 5000000 16 7 41576 868242976496 10.148152 20 0.034730 11.8388 23.378105 
0.015500 5000000 16 7 28661 1833970276280 7.369488 20 0.073359 26.8848 35.652217 
0.018250 5000000 16 8 30870 2987267993858 14.633738 20 0.119491 46.703 62.738888 
0.021000 5000000 16 9 31037 4419212407718 17.335827 20 0.176768 79.289 97.997708 

HIGGS ________________________________________________________________


0.010000 11000000 16 7 158779 1307772754462 53.069396 42 0.010808 24.5162 81.840954 
0.021375 11000000 16 9 84409 21528597087848 62.477562 55 0.177922 382.779 449.832926 
0.032750 11000000 16 12 75444 58598097697284 169.671748 299 0.484282 munmap_chunk(): invalid pointer
/var/spool/slurm/slurmd/job64610193/slurm_script: line 110: 2558686 Aborted                 (core dumped) ./build/main /scratch/bwd29/data/HIGSS_Normalized.bin 28 $j

0.044125 11000000 19 slurmstepd: error: *** JOB 64610193 ON cn2 CANCELLED AT 2023-04-21T14:06:36 ***
Job has already finished for job 64610193
slurmstepd: error: --task-epilog failed status=256
