
EPSILON | NUMPOINTS | RP | NODES | CALCS | Construct T | Total T



MSD ________________________________________________________________


0.007000 515345 12 1457 110336137813 1.735887 4.188654 
0.007525 515345 12 1220 118058439291 1.704362 4.790186 
0.008050 515345 13 1265 125691618439 1.761690 5.368674 
0.008575 515345 12 1094 133583916605 1.570295 6.318822 
0.009100 515345 13 1116 141605530565 1.726766 7.347349 

SUSY ________________________________________________________________


0.010000 5000000 6 20393 510740552958 8.468990 17.039054 
0.012750 5000000 7 20608 1020093402478 11.754505 30.171762 
0.015500 5000000 7 15850 1878604586730 10.350991 46.841472 
0.018250 5000000 8 16742 2772144678554 16.082928 79.322054 
0.021000 5000000 9 18142 4125419237122 24.011794 130.937969 

HIGGS ________________________________________________________________


0.010000 11000000 7 71328 1524806797350 52.507699 89.380085 
0.021375 11000000 10 100054 14812386447360 210.185008 658.247450 
0.032750 11000000 11 40754 47691514435650 117.967441 1721.830460 
0.044125 11000000 14 37760 74954823420816 201.221185 main: src/launcher.cu:1703: neighborTable* nodeLauncher(double*, unsigned int, unsigned int, unsigned int, unsigned int*, double): Assertion `cudaSuccess == cudaMalloc((void**)&d_pointB[i], sizeof(unsigned int)*resultsSize)' failed.
/var/spool/slurm/slurmd/job54038326/slurm_script: line 97: 1505508 Aborted                 (core dumped) ./build/main /scratch/bwd29/data/HIGSS_Normalized.bin 28 $j

0.055500 11000000 15 22323 95762657050154 122.592418 main: src/launcher.cu:1697: neighborTable* nodeLauncher(double*, unsigned int, unsigned int, unsigned int, unsigned int*, double): Assertion `cudaSuccess == cudaMalloc((void**)&d_pointA[i], sizeof(unsigned int)*resultsSize)' failed.
/var/spool/slurm/slurmd/job54038326/slurm_script: line 97: 1509691 Aborted                 (core dumped) ./build/main /scratch/bwd29/data/HIGSS_Normalized.bin 28 $j

Tiny____________________________________________________


0.200000 5000000 17 19563 5506207653390 97.301121 523.438033 
0.260000 5000000 19 13129 7501332490652 81.333039 978.430804 
0.320000 5000000 22 11181 9296532735262 87.932881 main: src/launcher.cu:1830: neighborTable* nodeLauncher(double*, unsigned int, unsigned int, unsigned int, unsigned int*, double): Assertion `cudaSuccess == cudaMemcpyAsync(&keyValueIndex[i], &d_keyValueIndex[i], sizeof(unsigned long long ), cudaMemcpyDeviceToHost, stream[tid])' failed.
main: src/launcher.cu:1840: neighborTable* nodeLauncher(double*, unsigned int, unsigned int, unsigned int, unsigned int*, double): Assertion `cudaSuccess == cudaMallocHost((void**) &pointB[tid], sizeof(unsigned int)*(keyValueIndex[i] + 1))' failed.
/var/spool/slurm/slurmd/job54038326/slurm_script: line 105: 1546311 Aborted                 (core dumped) ./build/main /scratch/bwd29/data/TINY_Normalized.bin 384 $j

0.380000 5000000 24 9365 11019322611072 86.237661 main: src/launcher.cu:1830: neighborTable* nodeLauncher(double*, unsigned int, unsigned int, unsigned int, unsigned int*, double): Assertion `cudaSuccess == cudaMemcpyAsync(&keyValueIndex[i], &d_keyValueIndex[i], sizeof(unsigned long long ), cudaMemcpyDeviceToHost, stream[tid])' failed.
/var/spool/slurm/slurmd/job54038326/slurm_script: line 105: 1581844 Aborted                 (core dumped) ./build/main /scratch/bwd29/data/TINY_Normalized.bin 384 $j

0.440000 5000000 27 8424 12611747791082 94.087091 slurmstepd: error: *** JOB 54038326 ON cn2 CANCELLED AT 2022-10-04T22:19:59 ***
Job has already finished for job 54038326
