
EPSILON | NUMPOINTS | RP | NODES | CALCS | Construct T | Total T



MSD ________________________________________________________________


0.007000 515345 12 979 111751608717 1.486834 4.011718 
0.007525 515345 13 1057 118752402897 1.723760 4.867596 
0.008050 515345 14 1041 126324401615 1.839009 5.466429 
0.008575 515345 14 998 133407766973 1.908199 6.568785 
0.009100 515345 12 697 143807192601 1.442733 7.318290 

SUSY ________________________________________________________________


0.010000 5000000 6 14029 611929908276 7.706085 16.876431 
0.012750 5000000 7 14894 1110690896942 11.743095 31.643492 
0.015500 5000000 7 11524 1937497947988 9.439140 48.865006 
0.018250 5000000 8 12960 2847032557936 14.318123 84.094673 
0.021000 5000000 9 14261 4201305210822 20.197791 main: src/launcher.cu:1830: neighborTable* nodeLauncher(double*, unsigned int, unsigned int, unsigned int, unsigned int*, double): Assertion `cudaSuccess == cudaMemcpyAsync(&keyValueIndex[i], &d_keyValueIndex[i], sizeof(unsigned long long ), cudaMemcpyDeviceToHost, stream[tid])' failed.
main: src/launcher.cu:1840: neighborTable* nodeLauncher(double*, unsigned int, unsigned int, unsigned int, unsigned int*, double): Assertion `cudaSuccess == cudaMallocHost((void**) &pointB[tid], sizeof(unsigned int)*(keyValueIndex[i] + 1))' failed.
/var/spool/slurm/slurmd/job54027061/slurm_script: line 87: 2322299 Aborted                 (core dumped) ./build/main /scratch/bwd29/data/SUSY_Normalized.bin 18 $j


HIGGS ________________________________________________________________


0.010000 11000000 7 45098 1821534431444 39.610288 83.538652 
0.021375 11000000 10 76118 15154182093780 167.729574 /var/spool/slurm/slurmd/job54027061/slurm_script: line 95: 2323073 Segmentation fault      (core dumped) ./build/main /scratch/bwd29/data/HIGSS_Normalized.bin 28 $j

0.032750 11000000 12 48053 46013145042564 183.615308 1975.486552 
0.044125 11000000 14 31351 75000902914410 167.228989 3427.163589 
0.055500 11000000 15 19019 95781760395042 102.197983 4906.504388 
Tiny____________________________________________________


0.200000 5000000 17 14807 5519763148086 78.333313 613.725292 
0.260000 5000000 20 11610 7461690334312 82.367027 1189.893077 
0.320000 5000000 23 10198 9262323527052 92.818893 terminate called after throwing an instance of 'thrust::system::detail::bad_alloc'
  what():  std::bad_alloc: cudaErrorMemoryAllocation: out of memory
/var/spool/slurm/slurmd/job54027061/slurm_script: line 103: 2570529 Aborted                 (core dumped) ./build/main /scratch/bwd29/data/TINY_Normalized.bin 384 $j

0.380000 5000000 26 9985 10952418706358 100.919773 main: src/launcher.cu:1703: neighborTable* nodeLauncher(double*, unsigned int, unsigned int, unsigned int, unsigned int*, double): Assertion `cudaSuccess == cudaMalloc((void**)&d_pointB[i], sizeof(unsigned int)*resultsSize)' failed.
/var/spool/slurm/slurmd/job54027061/slurm_script: line 103: 2608145 Aborted                 (core dumped) ./build/main /scratch/bwd29/data/TINY_Normalized.bin 384 $j

0.440000 5000000 29 8626 12567160008420 106.627914 main: src/launcher.cu:1703: neighborTable* nodeLauncher(double*, unsigned int, unsigned int, unsigned int, unsigned int*, double): Assertion `cudaSuccess == cudaMalloc((void**)&d_pointB[i], sizeof(unsigned int)*resultsSize)' failed.
/var/spool/slurm/slurmd/job54027061/slurm_script: line 103: 2615443 Aborted                 (core dumped) ./build/main /scratch/bwd29/data/TINY_Normalized.bin 384 $j
