
EPSILON | NUMPOINTS | RP | NODES | CALCS | Construct T | Total T



MSD ________________________________________________________________


0.007000 515345 10 1456 111428057663 1.492672 4.217027 
0.007525 515345 8 901 122849642555 1.166760 4.725176 
0.008050 515345 12 1507 125339927889 1.822130 6.134692 
0.008575 515345 12 1466 132833605625 1.767579 7.345683 
0.009100 515345 12 1277 141782303653 1.688156 8.333131 

UNI ________________________________________________________________


0.250000 2000000 6 8106 442725070138 4.145201 8.805446 
0.300000 2000000 6 4954 861717510220 3.096567 11.461140 
0.350000 2000000 7 6814 1182818437044 4.674072 18.022588 
0.400000 2000000 7 4542 1757881982348 3.802312 23.838314 
0.450000 2000000 8 5987 2088238497084 5.674047 32.810214 

EXPO ________________________________________________________________


0.030000 2000000 8 7770 1531225559730 6.315406 26.027592 
0.033750 2000000 9 9219 1797287137094 9.540371 36.596587 
0.037500 2000000 9 7030 2146765324230 7.031315 40.402348 
0.041250 2000000 9 5358 2493628750138 6.181584 47.628044 
0.045000 2000000 10 6489 2676176901946 8.176248 57.598349 

Census____________________________________________________________


0.001000 2458285 4 10329 28500904977 3.125209 5.004412 
0.003250 2458285 7 9624 125470105399 6.142199 9.880419 
0.005500 2458285 8 9842 331677080031 7.690633 19.640754 
0.007750 2458285 9 8839 660071767019 10.323295 33.545190 
0.010000 2458285 11 9148 1026607721105 14.834337 main: src/launcher.cu:2219: neighborTable* nodeLauncher2(double*, unsigned int, unsigned int, unsigned int, unsigned int*, double): Assertion `cudaSuccess == cudaMemcpyAsync(&keyValueIndex[i], &d_keyValueIndex[i], sizeof(unsigned long long ), cudaMemcpyDeviceToHost, stream[tid])' failed.
/var/spool/slurm/slurmd/job54081530/slurm_script: line 71: 1201071 Aborted                 (core dumped) ./build/main /scratch/bwd29/data/USC_Normalized_No1Col.bin 68 $j


Wave __________________________________________________


0.002000 287999 7 588 10731048907 0.523528 0.721362 
0.003250 287999 9 558 17998124983 0.598263 0.897709 
0.004500 287999 10 489 24623186015 0.719027 1.158841 
0.005750 287999 14 600 29861024347 0.826177 1.568107 
0.007000 287999 11 421 35781252667 0.699270 2.405068 

BIGCROSS____________________________________________________________


0.001000 11620300 3 68551 116835872028 14.575162 19.075015 
0.005750 11620300 7 38992 961114420442 34.046123 47.247076 
0.010500 11620300 10 39212 3646302197584 58.138137 95.353391 
0.015250 11620300 13 40943 8271133652476 89.188785 terminate called after throwing an instance of 'thrust::system::detail::bad_alloc'
  what():  std::bad_alloc: cudaErrorMemoryAllocation: out of memory
/var/spool/slurm/slurmd/job54081530/slurm_script: line 93: 1208072 Aborted                 (core dumped) ./build/main /scratch/bwd29/data/BIGCROSS_Normalized.bin 57 $j

0.020000 11620300 16 40461 14263078561626 130.956805 main: src/launcher.cu:2121: neighborTable* nodeLauncher2(double*, unsigned int, unsigned int, unsigned int, unsigned int*, double): Assertion `cudaSuccess == cudaMalloc((void**)&d_pointB[i], sizeof(unsigned int)*resultsSize)' failed.
/var/spool/slurm/slurmd/job54081530/slurm_script: line 93: 1210144 Aborted                 (core dumped) ./build/main /scratch/bwd29/data/BIGCROSS_Normalized.bin 57 $j


SUSY ________________________________________________________________


0.010000 5000000 6 27543 446213105684 10.630381 16.650252 
0.012750 5000000 7 27638 925336925344 16.025248 28.998207 
0.015500 5000000 7 19700 1843801873214 12.565444 37.879366 
0.018250 5000000 8 19899 2798468215830 18.586516 63.051966 
0.021000 5000000 9 22475 4081534144080 28.503452 main: src/launcher.cu:2219: neighborTable* nodeLauncher2(double*, unsigned int, unsigned int, unsigned int, unsigned int*, double): Assertion `cudaSuccess == cudaMemcpyAsync(&keyValueIndex[i], &d_keyValueIndex[i], sizeof(unsigned long long ), cudaMemcpyDeviceToHost, stream[tid])' failed.
main: src/launcher.cu:2219: neighborTable* nodeLauncher2(double*, unsigned int, unsigned int, unsigned int, unsigned int*, double): Assertion `cudaSuccess == cudaMemcpyAsync(&keyValueIndex[i], &d_keyValueIndex[i], sizeof(unsigned long long ), cudaMemcpyDeviceToHost, stream[tid])' failed.
/var/spool/slurm/slurmd/job54081530/slurm_script: line 106: 1223370 Aborted                 (core dumped) ./build/main /scratch/bwd29/data/SUSY_Normalized.bin 18 $j


HIGGS ________________________________________________________________


0.010000 11000000 7 109134 1286053237130 73.122527 98.613128 
0.021375 11000000 9 74679 16775518555940 114.871036 354.948605 
0.032750 11000000 11 48447 47646957960310 138.394870 849.109225 
0.044125 11000000 13 34149 75999649827350 142.928873 1487.802698 
0.055500 11000000 14 17996 96415667953924 81.819573 terminate called after throwing an instance of 'thrust::system::detail::bad_alloc'
  what():  std::bad_alloc: cudaErrorMemoryAllocation: out of memory
/var/spool/slurm/slurmd/job54081530/slurm_script: line 117: 1279708 Aborted                 (core dumped) ./build/main /scratch/bwd29/data/HIGSS_Normalized.bin 28 $j

Tiny____________________________________________________


0.200000 5000000 15 16291 5617394017280 71.796876 411.621309 
0.260000 5000000 19 16222 7497379931758 97.029974 main: src/launcher.cu:2121: neighborTable* nodeLauncher2(double*, unsigned int, unsigned int, unsigned int, unsigned int*, double): Assertion `cudaSuccess == cudaMalloc((void**)&d_pointB[i], sizeof(unsigned int)*resultsSize)' failed.
/var/spool/slurm/slurmd/job54081530/slurm_script: line 128: 1298736 Aborted                 (core dumped) ./build/main /scratch/bwd29/data/TINY_Normalized.bin 384 $j

0.320000 5000000 21 11941 9334278272700 84.423338 main: src/launcher.cu:2121: neighborTable* nodeLauncher2(double*, unsigned int, unsigned int, unsigned int, unsigned int*, double): Assertion `cudaSuccess == cudaMalloc((void**)&d_pointB[i], sizeof(unsigned int)*resultsSize)' failed.
/var/spool/slurm/slurmd/job54081530/slurm_script: line 128: 1300152 Aborted                 (core dumped) ./build/main /scratch/bwd29/data/TINY_Normalized.bin 384 $j

0.380000 5000000 24 11220 11017188660632 95.096321 main: src/launcher.cu:2121: neighborTable* nodeLauncher2(double*, unsigned int, unsigned int, unsigned int, unsigned int*, double): Assertion `cudaSuccess == cudaMalloc((void**)&d_pointB[i], sizeof(unsigned int)*resultsSize)' failed.
/var/spool/slurm/slurmd/job54081530/slurm_script: line 128: 1300985 Aborted                 (core dumped) ./build/main /scratch/bwd29/data/TINY_Normalized.bin 384 $j

0.440000 5000000 26 8781 12637339715094 87.949393 main: src/launcher.cu:2121: neighborTable* nodeLauncher2(double*, unsigned int, unsigned int, unsigned int, unsigned int*, double): Assertion `cudaSuccess == cudaMalloc((void**)&d_pointB[i], sizeof(unsigned int)*resultsSize)' failed.
/var/spool/slurm/slurmd/job54081530/slurm_script: line 128: 1304145 Aborted                 (core dumped) ./build/main /scratch/bwd29/data/TINY_Normalized.bin 384 $j
