
EPSILON | NUMPOINTS | RP | NODES | CALCS | Construct T | Total T



MSD ________________________________________________________________


0.007000 515345 7 5544 115583430695 1.734636 4.371006 
0.007525 515345 7 5532 124373747735 1.806730 5.223404 
0.008050 515345 7 4133 133530481957 1.403431 5.553632 
0.008575 515345 7 3830 140769326623 1.388639 6.612725 
0.009100 515345 7 3592 149471104947 1.338553 main: src/launcher.cu:1830: neighborTable* nodeLauncher(double*, unsigned int, unsigned int, unsigned int, unsigned int*, double): Assertion `cudaSuccess == cudaMemcpyAsync(&keyValueIndex[i], &d_keyValueIndex[i], sizeof(unsigned long long ), cudaMemcpyDeviceToHost, stream[tid])' failed.
/var/spool/slurm/slurmd/job54026309/slurm_script: line 33: 1804570 Aborted                 (core dumped) ./build/main /scratch/bwd29/data/MSD.bin 90 $j


MSD ________________________________________________________________


0.007000 515345 7 4886 115587984807 1.349447 3.991441 
0.007525 515345 7 4873 124377623383 1.514805 4.918097 
0.008050 515345 7 3716 133532858139 1.357186 5.540908 
0.008575 515345 7 3426 140771853027 1.303400 6.495015 
0.009100 515345 5 1098 157665753367 0.643975 7.463983 

MSD ________________________________________________________________


0.007000 515345 7 4278 115595328021 1.248746 3.958678 
0.007525 515345 7 4292 124382871739 1.501659 4.860286 
0.008050 515345 7 3271 133537371921 1.319145 5.342379 
0.008575 515345 7 3045 140776291793 1.209511 6.342764 
0.009100 515345 7 2840 149477170459 1.281123 7.482854 

MSD ________________________________________________________________


0.007000 515345 8 6128 112561441967 1.942202 4.621824 
0.007525 515345 7 3720 124391607237 1.399919 4.713797 
0.008050 515345 7 2865 133544355249 1.237902 5.280670 
0.008575 515345 7 2658 140783227669 1.228784 6.338390 
0.009100 515345 8 3722 147000562361 1.591319 7.746479 

MSD ________________________________________________________________


0.007000 515345 8 5178 112592129727 1.651839 4.309355 
0.007525 515345 7 3168 124405486299 1.210780 4.554658 
0.008050 515345 7 2451 133556060115 1.224076 5.399953 
0.008575 515345 7 2301 140793058375 1.104822 6.274282 
0.009100 515345 8 3206 147015632403 1.477118 7.655318 

MSD ________________________________________________________________


0.007000 515345 8 4267 112638031395 1.500427 4.145065 
0.007525 515345 5 1006 132716415607 0.611753 4.045334 
0.008050 515345 8 3342 130551424031 1.457288 5.527286 
0.008575 515345 8 3132 138514473629 1.459814 6.513283 
0.009100 515345 9 3633 145039056725 1.793316 7.766522 

MSD ________________________________________________________________


0.007000 515345 8 3531 112694767787 1.344434 3.975681 
0.007525 515345 8 3459 121727286585 1.405401 4.572324 
0.008050 515345 9 3563 127810970369 1.992790 5.914061 
0.008575 515345 8 2592 138552592663 1.226813 6.266334 
0.009100 515345 9 3026 145078243259 1.658387 7.738874 

MSD ________________________________________________________________


0.007000 515345 9 3788 110872555677 1.799261 4.418622 
0.007525 515345 9 3505 119630134035 1.855820 5.058994 
0.008050 515345 9 2837 127895222355 1.667028 5.642948 
0.008575 515345 9 2634 136605086163 1.590884 6.493374 
0.009100 515345 9 2414 145149248069 1.475136 7.608536 

MSD ________________________________________________________________


0.007000 515345 9 2979 111036736249 1.481535 4.135935 
0.007525 515345 9 2711 119760285501 1.637893 4.875070 
0.008050 515345 11 3747 124432081071 2.606954 6.453408 
0.008575 515345 10 2568 134937864221 1.752879 6.719030 
0.009100 515345 10 2565 143409209277 1.602280 7.535792 

MSD ________________________________________________________________


0.007000 515345 9 2312 111266898485 1.258432 3.853443 
0.007525 515345 8 1704 122065439339 1.123460 4.373091 
0.008050 515345 11 2815 124714776973 1.966471 5.750660 
0.008575 515345 12 3017 131854035019 2.431296 7.272228 
0.009100 515345 10 2032 143560595773 1.476535 7.421122 

MSD ________________________________________________________________


0.007000 515345 10 2181 110235492391 1.415998 4.016752 
0.007525 515345 10 2053 118707619261 1.446022 4.665763 
0.008050 515345 11 2155 125059690839 1.699482 5.541342 
0.008575 515345 11 1909 133081232587 1.510364 6.283044 
0.009100 515345 12 2096 141241165179 1.854400 7.661441 