rm -f build/main build/*.o
nvcc  -DDIM=90 -lcuda -Xcompiler -fopenmp -arch=compute_80 -code=sm_80 -O3 -I. -c -o build/main.o src/main.cu -lm
nvcc  -DDIM=90 -lcuda -Xcompiler -fopenmp -arch=compute_80 -code=sm_80 -O3 -I. -c -o build/launcher.o src/launcher.cu -lm
nvcc  -DDIM=90 -lcuda -Xcompiler -fopenmp -arch=compute_80 -code=sm_80 -O3 -I. -c -o build/kernel.o src/kernel.cu
nvcc  -DDIM=90 -lcuda -Xcompiler -fopenmp -arch=compute_80 -code=sm_80 -O3 -I. -c -o build/nodes.o src/nodes.cu -lm
nvcc  -DDIM=90 -lcuda -Xcompiler -fopenmp -arch=compute_80 -code=sm_80 -O3 -I. -c -o build/tree.o src/tree.cu -lm
nvcc  -DDIM=90 -lcuda -Xcompiler -fopenmp -arch=compute_80 -code=sm_80 -O3 -I. -c -o build/utils.o src/utils.cu -lm
nvcc  -DDIM=90 -lcuda -Xcompiler -fopenmp -arch=compute_80 -code=sm_80 -O3 -I. -o build/main build/main.o build/launcher.o build/kernel.o build/nodes.o build/tree.o build/utils.o
MSD ________________________________________________________________
MSD ________________________________________________________________

Time to read in file: 0.254485

Number points: 515345 
Number Dimensions: 90 
Number Concurent Streams: 2
Block Size: 1024, Kernel Blocks: 1024
Using using binary searches
Distance Threshold: 0.007000 
*********************************

Predicted calcsPerSecond: 9092458023
SubGraph 0 Layer 0 Selecting RP 1 with Nodes: 21 and calcs: 170979007977 :: Predicted time: 0.000000, Actual Time: 0.015877
Build Time: 0.015877, Calc Time: 18.804487, reduction -18.804487
############################################
Predicted calcsPerSecond: 9125358593
SubGraph 0 Layer 1 Selecting RP 3 with Nodes: 60 and calcs: 149860162609 :: Predicted time: 0.015877, Actual Time: 0.031160
Build Time: 0.031160, Calc Time: 16.422386, reduction 2.382101
############################################
Predicted calcsPerSecond: 9120935149
SubGraph 0 Layer 2 Selecting RP 1 with Nodes: 123 and calcs: 139008172495 :: Predicted time: 0.031160, Actual Time: 0.020421
Build Time: 0.020421, Calc Time: 15.240561, reduction 1.181825
############################################
Predicted calcsPerSecond: 9125956297
SubGraph 0 Layer 3 Selecting RP 1 with Nodes: 217 and calcs: 129775808043 :: Predicted time: 0.020421, Actual Time: 0.018458
Build Time: 0.018458, Calc Time: 14.220516, reduction 1.020045
############################################
Predicted calcsPerSecond: 9129637057
SubGraph 0 Layer 4 Selecting RP 1 with Nodes: 326 and calcs: 124080002709 :: Predicted time: 0.018458, Actual Time: 0.020968
Build Time: 0.020968, Calc Time: 13.590902, reduction 0.629614
############################################
Predicted calcsPerSecond: 9030633434
SubGraph 0 Layer 5 Selecting RP 1 with Nodes: 489 and calcs: 119576095503 :: Predicted time: 0.020968, Actual Time: 0.018232
Build Time: 0.018232, Calc Time: 13.241164, reduction 0.349738
############################################
Predicted calcsPerSecond: 9081146539
SubGraph 0 Layer 6 Selecting RP 5 with Nodes: 669 and calcs: 116543627597 :: Predicted time: 0.018232, Actual Time: 0.018066
Build Time: 0.018066, Calc Time: 12.833581, reduction 0.407583
############################################
Predicted calcsPerSecond: 9064801164
SubGraph 0 Layer 7 Selecting RP 3 with Nodes: 910 and calcs: 114004585017 :: Predicted time: 0.018066, Actual Time: 0.022202
Build Time: 0.022202, Calc Time: 12.576623, reduction 0.256958
############################################
Predicted calcsPerSecond: 9077147882
SubGraph 0 Layer 8 Selecting RP 3 with Nodes: 1130 and calcs: 112390412367 :: Predicted time: 0.022202, Actual Time: 0.033051
Build Time: 0.033051, Calc Time: 12.381688, reduction 0.194935
############################################
Predicted calcsPerSecond: 9050686278
SubGraph 0 Layer 9 Selecting RP 5 with Nodes: 1392 and calcs: 111189005735 :: Predicted time: 0.033051, Actual Time: 0.043193
Build Time: 0.043193, Calc Time: 12.285146, reduction 0.096542
############################################
Predicted calcsPerSecond: 9043722230
SubGraph 0 Layer 10 Selecting RP 2 with Nodes: 1667 and calcs: 109498184001 :: Predicted time: 0.043193, Actual Time: 0.071734
Build Time: 0.071734, Calc Time: 12.107646, reduction 0.177501
############################################
Predicted calcsPerSecond: 9101437608
SubGraph 0 Layer 11 Selecting RP 3 with Nodes: 1890 and calcs: 108778791561 :: Predicted time: 0.071734, Actual Time: 0.081518
Build Time: 0.081518, Calc Time: 11.951825, reduction 0.155820
############################################
Predicted calcsPerSecond: 9128722354
SubGraph 0 Layer 12 Selecting RP 4 with Nodes: 2202 and calcs: 107876911003 :: Predicted time: 0.081518, Actual Time: 0.086583
Build Time: 0.086583, Calc Time: 11.817307, reduction 0.134519
############################################
Predicted calcsPerSecond: 9135204163
SubGraph 0 Layer 13 Selecting RP 1 with Nodes: 2438 and calcs: 107142926357 :: Predicted time: 0.086583, Actual Time: 0.141103
Build Time: 0.141103, Calc Time: 11.728575, reduction 0.088732
############################################
Final graph has 2438 nodes, 107142926357 calcs total
Node Construct time: 1.508930
BatchNumber: 1/1
Total results Set Size: 65915313 
Node Laucnher time: 4.173206
Total Time: 4.661741

Time to read in file: 0.087204

Number points: 515345 
Number Dimensions: 90 
Number Concurent Streams: 2
Block Size: 1024, Kernel Blocks: 1024
Using using binary searches
Distance Threshold: 0.007525 
*********************************

Predicted calcsPerSecond: 9070218464
SubGraph 0 Layer 0 Selecting RP 1 with Nodes: 20 and calcs: 177585998311 :: Predicted time: 0.000000, Actual Time: 0.015390
Build Time: 0.015390, Calc Time: 19.579021, reduction -19.579021
############################################
Predicted calcsPerSecond: 9103213741
SubGraph 0 Layer 1 Selecting RP 5 with Nodes: 68 and calcs: 158803937551 :: Predicted time: 0.015390, Actual Time: 0.036246
Build Time: 0.036246, Calc Time: 17.444821, reduction 2.134200
############################################
Predicted calcsPerSecond: 9113065974
SubGraph 0 Layer 2 Selecting RP 3 with Nodes: 131 and calcs: 148513057549 :: Predicted time: 0.036246, Actual Time: 0.014784
Build Time: 0.014784, Calc Time: 16.296717, reduction 1.148104
############################################
Predicted calcsPerSecond: 9135180500
SubGraph 0 Layer 3 Selecting RP 1 with Nodes: 234 and calcs: 137677365371 :: Predicted time: 0.014784, Actual Time: 0.016363
Build Time: 0.016363, Calc Time: 15.071116, reduction 1.225601
############################################
Predicted calcsPerSecond: 9117608541
SubGraph 0 Layer 4 Selecting RP 7 with Nodes: 358 and calcs: 133010189565 :: Predicted time: 0.016363, Actual Time: 0.034112
Build Time: 0.034112, Calc Time: 14.588276, reduction 0.482840
############################################
Predicted calcsPerSecond: 9130845823
SubGraph 0 Layer 5 Selecting RP 1 with Nodes: 539 and calcs: 127316136919 :: Predicted time: 0.034112, Actual Time: 0.016670
Build Time: 0.016670, Calc Time: 13.943521, reduction 0.644755
############################################
Predicted calcsPerSecond: 9123874250
SubGraph 0 Layer 6 Selecting RP 1 with Nodes: 680 and calcs: 125195795947 :: Predicted time: 0.016670, Actual Time: 0.016664
Build Time: 0.016664, Calc Time: 13.721780, reduction 0.221741
############################################
Predicted calcsPerSecond: 9124582244
SubGraph 0 Layer 7 Selecting RP 3 with Nodes: 901 and calcs: 122849642555 :: Predicted time: 0.016664, Actual Time: 0.023258
Build Time: 0.023258, Calc Time: 13.463591, reduction 0.258189
############################################
Predicted calcsPerSecond: 9137161493
SubGraph 0 Layer 8 Selecting RP 1 with Nodes: 1060 and calcs: 120833241637 :: Predicted time: 0.023258, Actual Time: 0.031551
Build Time: 0.031551, Calc Time: 13.224374, reduction 0.239217
############################################
Predicted calcsPerSecond: 9105274794
SubGraph 0 Layer 9 Selecting RP 5 with Nodes: 1289 and calcs: 119524198435 :: Predicted time: 0.031551, Actual Time: 0.036325
Build Time: 0.036325, Calc Time: 13.126918, reduction 0.097456
############################################
Predicted calcsPerSecond: 9118296663
SubGraph 0 Layer 10 Selecting RP 2 with Nodes: 1541 and calcs: 117590187375 :: Predicted time: 0.036325, Actual Time: 0.068305
Build Time: 0.068305, Calc Time: 12.896069, reduction 0.230849
############################################
Predicted calcsPerSecond: 9133890278
SubGraph 0 Layer 11 Selecting RP 2 with Nodes: 1713 and calcs: 116918749089 :: Predicted time: 0.068305, Actual Time: 0.067035
Build Time: 0.067035, Calc Time: 12.800542, reduction 0.095527
############################################
Predicted calcsPerSecond: 9126563899
SubGraph 0 Layer 12 Selecting RP 4 with Nodes: 2010 and calcs: 116092384989 :: Predicted time: 0.067035, Actual Time: 0.081371
Build Time: 0.081371, Calc Time: 12.720273, reduction 0.080269
############################################
Final graph has 2010 nodes, 116092384989 calcs total
Node Construct time: 1.324677
BatchNumber: 1/1
Total results Set Size: 121384099 
Node Laucnher time: 4.823590
Total Time: 5.303713

Time to read in file: 0.075873

Number points: 515345 
Number Dimensions: 90 
Number Concurent Streams: 2
Block Size: 1024, Kernel Blocks: 1024
Using using binary searches
Distance Threshold: 0.008050 
*********************************

Predicted calcsPerSecond: 9095068028
SubGraph 0 Layer 0 Selecting RP 2 with Nodes: 20 and calcs: 185481056983 :: Predicted time: 0.000000, Actual Time: 0.015375
Build Time: 0.015375, Calc Time: 20.393587, reduction -20.393587
############################################
Predicted calcsPerSecond: 9120767092
SubGraph 0 Layer 1 Selecting RP 2 with Nodes: 49 and calcs: 166462369995 :: Predicted time: 0.015375, Actual Time: 0.024338
Build Time: 0.024338, Calc Time: 18.250918, reduction 2.142669
############################################
Predicted calcsPerSecond: 9125974613
SubGraph 0 Layer 2 Selecting RP 1 with Nodes: 98 and calcs: 155725370431 :: Predicted time: 0.024338, Actual Time: 0.015227
Build Time: 0.015227, Calc Time: 17.063971, reduction 1.186946
############################################
Predicted calcsPerSecond: 9145522210
SubGraph 0 Layer 3 Selecting RP 1 with Nodes: 178 and calcs: 145253277755 :: Predicted time: 0.015227, Actual Time: 0.015145
Build Time: 0.015145, Calc Time: 15.882448, reduction 1.181524
############################################
Predicted calcsPerSecond: 9128786863
SubGraph 0 Layer 4 Selecting RP 7 with Nodes: 272 and calcs: 140866333045 :: Predicted time: 0.015145, Actual Time: 0.054392
Build Time: 0.054392, Calc Time: 15.431003, reduction 0.451445
############################################
Predicted calcsPerSecond: 9006394796
SubGraph 0 Layer 5 Selecting RP 1 with Nodes: 388 and calcs: 137091205829 :: Predicted time: 0.054392, Actual Time: 0.016199
Build Time: 0.016199, Calc Time: 15.221541, reduction 0.209462
############################################
Predicted calcsPerSecond: 9048969892
SubGraph 0 Layer 6 Selecting RP 5 with Nodes: 532 and calcs: 134204713665 :: Predicted time: 0.016199, Actual Time: 0.015871
Build Time: 0.015871, Calc Time: 14.830938, reduction 0.390603
############################################
Predicted calcsPerSecond: 9065096669
SubGraph 0 Layer 7 Selecting RP 3 with Nodes: 760 and calcs: 131544057575 :: Predicted time: 0.015871, Actual Time: 0.019962
Build Time: 0.019962, Calc Time: 14.511049, reduction 0.319890
############################################
Predicted calcsPerSecond: 9084927383
SubGraph 0 Layer 8 Selecting RP 1 with Nodes: 926 and calcs: 128931015769 :: Predicted time: 0.019962, Actual Time: 0.028925
Build Time: 0.028925, Calc Time: 14.191750, reduction 0.319299
############################################
Predicted calcsPerSecond: 9071544939
SubGraph 0 Layer 9 Selecting RP 0 with Nodes: 1118 and calcs: 127399720333 :: Predicted time: 0.028925, Actual Time: 0.019426
Build Time: 0.019426, Calc Time: 14.043884, reduction 0.147866
############################################
Predicted calcsPerSecond: 9087675065
SubGraph 0 Layer 10 Selecting RP 8 with Nodes: 1366 and calcs: 125896598495 :: Predicted time: 0.019426, Actual Time: 0.060165
Build Time: 0.060165, Calc Time: 13.853554, reduction 0.190329
############################################
Predicted calcsPerSecond: 9115810695
SubGraph 0 Layer 11 Selecting RP 5 with Nodes: 1565 and calcs: 125172774401 :: Predicted time: 0.060165, Actual Time: 0.062577
Build Time: 0.062577, Calc Time: 13.731392, reduction 0.122162
############################################
Predicted calcsPerSecond: 9130152181
SubGraph 0 Layer 12 Selecting RP 4 with Nodes: 1884 and calcs: 124075306519 :: Predicted time: 0.062577, Actual Time: 0.079767
Build Time: 0.079767, Calc Time: 13.589621, reduction 0.141772
############################################
Predicted calcsPerSecond: 9143569260
SubGraph 0 Layer 13 Selecting RP 2 with Nodes: 2128 and calcs: 123335502953 :: Predicted time: 0.079767, Actual Time: 0.124286
Build Time: 0.124286, Calc Time: 13.488770, reduction 0.100851
############################################
Final graph has 2128 nodes, 123335502953 calcs total
Node Construct time: 1.445405
BatchNumber: 1/1
Total results Set Size: 207932133 
Node Laucnher time: 5.788155
Total Time: 6.270188

Time to read in file: 0.075751

Number points: 515345 
Number Dimensions: 90 
Number Concurent Streams: 2
Block Size: 1024, Kernel Blocks: 1024
Using using binary searches
Distance Threshold: 0.008575 
*********************************

Predicted calcsPerSecond: 9085702346
SubGraph 0 Layer 0 Selecting RP 1 with Nodes: 18 and calcs: 191503325863 :: Predicted time: 0.000000, Actual Time: 0.014381
Build Time: 0.014381, Calc Time: 21.077438, reduction -21.077438
############################################
Predicted calcsPerSecond: 9109399148
SubGraph 0 Layer 1 Selecting RP 1 with Nodes: 58 and calcs: 171337397771 :: Predicted time: 0.014381, Actual Time: 0.027967
Build Time: 0.027967, Calc Time: 18.808858, reduction 2.268579
############################################
Predicted calcsPerSecond: 9120204477
SubGraph 0 Layer 2 Selecting RP 1 with Nodes: 105 and calcs: 162079090077 :: Predicted time: 0.027967, Actual Time: 0.015632
Build Time: 0.015632, Calc Time: 17.771432, reduction 1.037427
############################################
Predicted calcsPerSecond: 9126188763
SubGraph 0 Layer 3 Selecting RP 1 with Nodes: 170 and calcs: 153617511199 :: Predicted time: 0.015632, Actual Time: 0.013721
Build Time: 0.013721, Calc Time: 16.832603, reduction 0.938829
############################################
Predicted calcsPerSecond: 9128377586
SubGraph 0 Layer 4 Selecting RP 7 with Nodes: 254 and calcs: 148977654501 :: Predicted time: 0.013721, Actual Time: 0.020143
Build Time: 0.020143, Calc Time: 16.320277, reduction 0.512325
############################################
Predicted calcsPerSecond: 9120631455
SubGraph 0 Layer 5 Selecting RP 1 with Nodes: 390 and calcs: 143698129447 :: Predicted time: 0.020143, Actual Time: 0.015368
Build Time: 0.015368, Calc Time: 15.755283, reduction 0.564994
############################################
Predicted calcsPerSecond: 9121306730
SubGraph 0 Layer 6 Selecting RP 5 with Nodes: 516 and calcs: 141380708171 :: Predicted time: 0.015368, Actual Time: 0.016050
Build Time: 0.016050, Calc Time: 15.500050, reduction 0.255233
############################################
Predicted calcsPerSecond: 9130117280
SubGraph 0 Layer 7 Selecting RP 3 with Nodes: 709 and calcs: 139396701737 :: Predicted time: 0.016050, Actual Time: 0.020828
Build Time: 0.020828, Calc Time: 15.267789, reduction 0.232261
############################################
Predicted calcsPerSecond: 9131162193
SubGraph 0 Layer 8 Selecting RP 1 with Nodes: 852 and calcs: 137536270091 :: Predicted time: 0.020828, Actual Time: 0.019747
Build Time: 0.019747, Calc Time: 15.062296, reduction 0.205492
############################################
Predicted calcsPerSecond: 9124560393
SubGraph 0 Layer 9 Selecting RP 1 with Nodes: 997 and calcs: 135897534261 :: Predicted time: 0.019747, Actual Time: 0.018973
Build Time: 0.018973, Calc Time: 14.893598, reduction 0.168698
############################################
Predicted calcsPerSecond: 9137099187
SubGraph 0 Layer 10 Selecting RP 2 with Nodes: 1241 and calcs: 133826399615 :: Predicted time: 0.018973, Actual Time: 0.047269
Build Time: 0.047269, Calc Time: 14.646486, reduction 0.247112
############################################
Predicted calcsPerSecond: 9137500269
SubGraph 0 Layer 11 Selecting RP 2 with Nodes: 1430 and calcs: 133046250459 :: Predicted time: 0.047269, Actual Time: 0.060591
Build Time: 0.060591, Calc Time: 14.560465, reduction 0.086022
############################################
Predicted calcsPerSecond: 9141262905
SubGraph 0 Layer 12 Selecting RP 4 with Nodes: 1712 and calcs: 131919015945 :: Predicted time: 0.060591, Actual Time: 0.074384
Build Time: 0.074384, Calc Time: 14.431159, reduction 0.129306
############################################
Predicted calcsPerSecond: 9137530121
SubGraph 0 Layer 13 Selecting RP 2 with Nodes: 1936 and calcs: 131170941807 :: Predicted time: 0.074384, Actual Time: 0.100465
Build Time: 0.100465, Calc Time: 14.355186, reduction 0.075973
############################################
Final graph has 1936 nodes, 131170941807 calcs total
Node Construct time: 1.424881
BatchNumber: 1/1
Total results Set Size: 335507787 
Node Laucnher time: 6.917895
Total Time: 7.403416

Time to read in file: 0.075293

Number points: 515345 
Number Dimensions: 90 
Number Concurent Streams: 2
Block Size: 1024, Kernel Blocks: 1024
Using using binary searches
Distance Threshold: 0.009100 
*********************************

Predicted calcsPerSecond: 9106915303
SubGraph 0 Layer 0 Selecting RP 1 with Nodes: 17 and calcs: 197994635393 :: Predicted time: 0.000000, Actual Time: 0.013868
Build Time: 0.013868, Calc Time: 21.741131, reduction -21.741131
############################################
Predicted calcsPerSecond: 9119706224
SubGraph 0 Layer 1 Selecting RP 6 with Nodes: 57 and calcs: 181835460273 :: Predicted time: 0.013868, Actual Time: 0.041545
Build Time: 0.041545, Calc Time: 19.938741, reduction 1.802390
############################################
Predicted calcsPerSecond: 9129942378
SubGraph 0 Layer 2 Selecting RP 1 with Nodes: 111 and calcs: 171457913779 :: Predicted time: 0.041545, Actual Time: 0.019466
Build Time: 0.019466, Calc Time: 18.779737, reduction 1.159004
############################################
Predicted calcsPerSecond: 9128231264
SubGraph 0 Layer 3 Selecting RP 1 with Nodes: 176 and calcs: 161211297375 :: Predicted time: 0.019466, Actual Time: 0.015973
Build Time: 0.015973, Calc Time: 17.660738, reduction 1.118999
############################################
Predicted calcsPerSecond: 9129184851
SubGraph 0 Layer 4 Selecting RP 7 with Nodes: 251 and calcs: 157997765075 :: Predicted time: 0.015973, Actual Time: 0.012958
Build Time: 0.012958, Calc Time: 17.306886, reduction 0.353851
############################################
Predicted calcsPerSecond: 9125677050
SubGraph 0 Layer 5 Selecting RP 1 with Nodes: 376 and calcs: 152391504645 :: Predicted time: 0.012958, Actual Time: 0.031331
Build Time: 0.031331, Calc Time: 16.699200, reduction 0.607687
############################################
Predicted calcsPerSecond: 9106552687
SubGraph 0 Layer 6 Selecting RP 2 with Nodes: 476 and calcs: 149818884943 :: Predicted time: 0.031331, Actual Time: 0.016836
Build Time: 0.016836, Calc Time: 16.451767, reduction 0.247433
############################################
Predicted calcsPerSecond: 9120260285
SubGraph 0 Layer 7 Selecting RP 7 with Nodes: 626 and calcs: 147854988681 :: Predicted time: 0.016836, Actual Time: 0.016008
Build Time: 0.016008, Calc Time: 16.211707, reduction 0.240060
############################################
Predicted calcsPerSecond: 9110259403
SubGraph 0 Layer 8 Selecting RP 2 with Nodes: 756 and calcs: 145892674049 :: Predicted time: 0.016008, Actual Time: 0.017620
Build Time: 0.017620, Calc Time: 16.014108, reduction 0.197600
############################################
Predicted calcsPerSecond: 9114995158
SubGraph 0 Layer 9 Selecting RP 1 with Nodes: 914 and calcs: 144172469429 :: Predicted time: 0.017620, Actual Time: 0.023905
Build Time: 0.023905, Calc Time: 15.817065, reduction 0.197043
############################################
Predicted calcsPerSecond: 9112137039
SubGraph 0 Layer 10 Selecting RP 8 with Nodes: 1150 and calcs: 142501832035 :: Predicted time: 0.023905, Actual Time: 0.043554
Build Time: 0.043554, Calc Time: 15.638684, reduction 0.178381
############################################
Predicted calcsPerSecond: 9113089656
SubGraph 0 Layer 11 Selecting RP 5 with Nodes: 1359 and calcs: 141748885439 :: Predicted time: 0.043554, Actual Time: 0.063884
Build Time: 0.063884, Calc Time: 15.554427, reduction 0.084257
############################################
Predicted calcsPerSecond: 9112689461
SubGraph 0 Layer 12 Selecting RP 4 with Nodes: 1596 and calcs: 140337485067 :: Predicted time: 0.063884, Actual Time: 0.064991
Build Time: 0.064991, Calc Time: 15.400227, reduction 0.154200
############################################
Predicted calcsPerSecond: 9117983441
SubGraph 0 Layer 13 Selecting RP 2 with Nodes: 1845 and calcs: 139382979989 :: Predicted time: 0.064991, Actual Time: 0.096601
Build Time: 0.096601, Calc Time: 15.286602, reduction 0.113625
############################################
Predicted calcsPerSecond: 9130741660
SubGraph 0 Layer 14 Selecting RP 3 with Nodes: 2090 and calcs: 138666871987 :: Predicted time: 0.096601, Actual Time: 0.132068
Build Time: 0.132068, Calc Time: 15.186814, reduction 0.099788
############################################
Final graph has 2090 nodes, 138666871987 calcs total
Node Construct time: 1.530418
BatchNumber: 1/1
Total results Set Size: 514928275 
Node Laucnher time: 8.327369
Total Time: 8.802620
rm -f build/main build/*.o
nvcc  -DDIM=10 -lcuda -Xcompiler -fopenmp -arch=compute_80 -code=sm_80 -O3 -I. -c -o build/main.o src/main.cu -lm
nvcc  -DDIM=10 -lcuda -Xcompiler -fopenmp -arch=compute_80 -code=sm_80 -O3 -I. -c -o build/launcher.o src/launcher.cu -lm
nvcc  -DDIM=10 -lcuda -Xcompiler -fopenmp -arch=compute_80 -code=sm_80 -O3 -I. -c -o build/kernel.o src/kernel.cu
nvcc  -DDIM=10 -lcuda -Xcompiler -fopenmp -arch=compute_80 -code=sm_80 -O3 -I. -c -o build/nodes.o src/nodes.cu -lm
nvcc  -DDIM=10 -lcuda -Xcompiler -fopenmp -arch=compute_80 -code=sm_80 -O3 -I. -c -o build/tree.o src/tree.cu -lm
nvcc  -DDIM=10 -lcuda -Xcompiler -fopenmp -arch=compute_80 -code=sm_80 -O3 -I. -c -o build/utils.o src/utils.cu -lm
nvcc  -DDIM=10 -lcuda -Xcompiler -fopenmp -arch=compute_80 -code=sm_80 -O3 -I. -o build/main build/main.o build/launcher.o build/kernel.o build/nodes.o build/tree.o build/utils.o
UNI ________________________________________________________________
UNI ________________________________________________________________

Time to read in file: 0.131085

Number points: 2000000 
Number Dimensions: 10 
Number Concurent Streams: 2
Block Size: 1024, Kernel Blocks: 1024
Using using binary searches
Distance Threshold: 0.250000 
*********************************

Predicted calcsPerSecond: 153875003558
SubGraph 0 Layer 0 Selecting RP 1 with Nodes: 10 and calcs: 2786978203204 :: Predicted time: 0.000000, Actual Time: 0.005411
Build Time: 0.005411, Calc Time: 18.111962, reduction -18.111962
############################################
Predicted calcsPerSecond: 155140853499
SubGraph 0 Layer 1 Selecting RP 4 with Nodes: 60 and calcs: 1924986499156 :: Predicted time: 0.005411, Actual Time: 0.298366
Build Time: 0.298366, Calc Time: 12.407992, reduction 5.703970
############################################
Predicted calcsPerSecond: 155985354535
SubGraph 0 Layer 2 Selecting RP 4 with Nodes: 252 and calcs: 1358592055492 :: Predicted time: 0.298366, Actual Time: 0.189898
Build Time: 0.189898, Calc Time: 8.709741, reduction 3.698251
############################################
Predicted calcsPerSecond: 155850602952
SubGraph 0 Layer 3 Selecting RP 5 with Nodes: 995 and calcs: 933942433606 :: Predicted time: 0.189898, Actual Time: 0.121676
Build Time: 0.121676, Calc Time: 5.992549, reduction 2.717192
############################################
Predicted calcsPerSecond: 156897348229
SubGraph 0 Layer 4 Selecting RP 6 with Nodes: 3026 and calcs: 671574625756 :: Predicted time: 0.121676, Actual Time: 0.239789
Build Time: 0.239789, Calc Time: 4.280344, reduction 1.712205
############################################
Predicted calcsPerSecond: 155755386794
SubGraph 0 Layer 5 Selecting RP 2 with Nodes: 7306 and calcs: 487756416650 :: Predicted time: 0.239789, Actual Time: 1.003117
Build Time: 1.003117, Calc Time: 3.131554, reduction 1.148790
############################################
Predicted calcsPerSecond: 155442679029
SubGraph 0 Layer 6 Selecting RP 5 with Nodes: 14303 and calcs: 380741931490 :: Predicted time: 1.003117, Actual Time: 2.597377
Build Time: 2.597377, Calc Time: 2.449404, reduction 0.682150
############################################
Final graph has 14303 nodes, 380741931490 calcs total
Node Construct time: 3.680806
BatchNumber: 2/2
BatchNumber: 1/2
Total results Set Size: 7264794 
Node Laucnher time: 8.363481
Total Time: 8.548099

Time to read in file: 0.043004

Number points: 2000000 
Number Dimensions: 10 
Number Concurent Streams: 2
Block Size: 1024, Kernel Blocks: 1024
Using using binary searches
Distance Threshold: 0.300000 
*********************************

Predicted calcsPerSecond: 152628427817
SubGraph 0 Layer 0 Selecting RP 1 with Nodes: 9 and calcs: 3116988747980 :: Predicted time: 0.000000, Actual Time: 0.004914
Build Time: 0.004914, Calc Time: 20.422072, reduction -20.422072
############################################
Predicted calcsPerSecond: 154536910304
SubGraph 0 Layer 1 Selecting RP 4 with Nodes: 44 and calcs: 2413552040276 :: Predicted time: 0.004914, Actual Time: 0.278533
Build Time: 0.278533, Calc Time: 15.617965, reduction 4.804107
############################################
Predicted calcsPerSecond: 156219017931
SubGraph 0 Layer 2 Selecting RP 4 with Nodes: 183 and calcs: 1899111146434 :: Predicted time: 0.278533, Actual Time: 0.170194
Build Time: 0.170194, Calc Time: 12.156722, reduction 3.461243
############################################
Predicted calcsPerSecond: 155482611952
SubGraph 0 Layer 3 Selecting RP 5 with Nodes: 658 and calcs: 1467387475396 :: Predicted time: 0.170194, Actual Time: 0.104913
Build Time: 0.104913, Calc Time: 9.437631, reduction 2.719091
############################################
Predicted calcsPerSecond: 156197283741
SubGraph 0 Layer 4 Selecting RP 6 with Nodes: 1825 and calcs: 1167045278558 :: Predicted time: 0.104913, Actual Time: 0.243968
Build Time: 0.243968, Calc Time: 7.471611, reduction 1.966020
############################################
Predicted calcsPerSecond: 156095027320
SubGraph 0 Layer 5 Selecting RP 2 with Nodes: 4463 and calcs: 924013361238 :: Predicted time: 0.243968, Actual Time: 0.794547
Build Time: 0.794547, Calc Time: 5.919557, reduction 1.552054
############################################
Predicted calcsPerSecond: 155284369999
SubGraph 0 Layer 6 Selecting RP 5 with Nodes: 9544 and calcs: 742469458250 :: Predicted time: 0.794547, Actual Time: 1.622764
Build Time: 1.622764, Calc Time: 4.781353, reduction 1.138203
############################################
Final graph has 9544 nodes, 742469458250 calcs total
Node Construct time: 2.947507
BatchNumber: 1/2
BatchNumber: 2/2
Total results Set Size: 30635922 
Node Laucnher time: 11.074290
Total Time: 11.260148

Time to read in file: 0.036245

Number points: 2000000 
Number Dimensions: 10 
Number Concurent Streams: 2
Block Size: 1024, Kernel Blocks: 1024
Using using binary searches
Distance Threshold: 0.350000 
*********************************

Predicted calcsPerSecond: 153247516419
SubGraph 0 Layer 0 Selecting RP 1 with Nodes: 8 and calcs: 3367464862012 :: Predicted time: 0.000000, Actual Time: 0.004413
Build Time: 0.004413, Calc Time: 21.974026, reduction -21.974026
############################################
Predicted calcsPerSecond: 154927811375
SubGraph 0 Layer 1 Selecting RP 4 with Nodes: 35 and calcs: 2823936905480 :: Predicted time: 0.004413, Actual Time: 0.151799
Build Time: 0.151799, Calc Time: 18.227437, reduction 3.746589
############################################
Predicted calcsPerSecond: 156111476983
SubGraph 0 Layer 2 Selecting RP 4 with Nodes: 128 and calcs: 2395502982792 :: Predicted time: 0.151799, Actual Time: 0.118101
Build Time: 0.118101, Calc Time: 15.344823, reduction 2.882614
############################################
Predicted calcsPerSecond: 155466722868
SubGraph 0 Layer 3 Selecting RP 5 with Nodes: 434 and calcs: 2007907530914 :: Predicted time: 0.118101, Actual Time: 0.109029
Build Time: 0.109029, Calc Time: 12.915353, reduction 2.429470
############################################
Predicted calcsPerSecond: 156156065599
SubGraph 0 Layer 4 Selecting RP 6 with Nodes: 1180 and calcs: 1714843608250 :: Predicted time: 0.109029, Actual Time: 0.433650
Build Time: 0.433650, Calc Time: 10.981601, reduction 1.933752
############################################
Predicted calcsPerSecond: 152795394240
SubGraph 0 Layer 5 Selecting RP 2 with Nodes: 2813 and calcs: 1456862733680 :: Predicted time: 0.433650, Actual Time: 0.248987
Build Time: 0.248987, Calc Time: 9.534729, reduction 1.446872
############################################
Predicted calcsPerSecond: 153034447603
SubGraph 0 Layer 6 Selecting RP 5 with Nodes: 6082 and calcs: 1242601335468 :: Predicted time: 0.248987, Actual Time: 1.069481
Build Time: 1.069481, Calc Time: 8.119749, reduction 1.414980
############################################
Predicted calcsPerSecond: 154088101345
SubGraph 0 Layer 7 Selecting RP 7 with Nodes: 12080 and calcs: 1051625127648 :: Predicted time: 1.069481, Actual Time: 3.774773
Build Time: 3.774773, Calc Time: 6.824830, reduction 1.294919
############################################
Final graph has 12080 nodes, 1051625127648 calcs total
Node Construct time: 4.875507
BatchNumber: 2/2
BatchNumber: 1/2
Total results Set Size: 119260792 
Node Laucnher time: 18.035957
Total Time: 18.220155

Time to read in file: 0.129868

Number points: 2000000 
Number Dimensions: 10 
Number Concurent Streams: 2
Block Size: 1024, Kernel Blocks: 1024
Using using binary searches
Distance Threshold: 0.400000 
*********************************

Predicted calcsPerSecond: 153504527644
SubGraph 0 Layer 0 Selecting RP 1 with Nodes: 7 and calcs: 3566525491118 :: Predicted time: 0.000000, Actual Time: 0.003912
Build Time: 0.003912, Calc Time: 23.234008, reduction -23.234008
############################################
Predicted calcsPerSecond: 155274669277
SubGraph 0 Layer 1 Selecting RP 4 with Nodes: 28 and calcs: 3171054354678 :: Predicted time: 0.003912, Actual Time: 0.287394
Build Time: 0.287394, Calc Time: 20.422226, reduction 2.811783
############################################
Predicted calcsPerSecond: 154817451581
SubGraph 0 Layer 2 Selecting RP 4 with Nodes: 104 and calcs: 2836465026598 :: Predicted time: 0.287394, Actual Time: 0.176517
Build Time: 0.176517, Calc Time: 18.321352, reduction 2.100874
############################################
Predicted calcsPerSecond: 154592603759
SubGraph 0 Layer 3 Selecting RP 5 with Nodes: 328 and calcs: 2517956937328 :: Predicted time: 0.176517, Actual Time: 0.132787
Build Time: 0.132787, Calc Time: 16.287693, reduction 2.033659
############################################
Predicted calcsPerSecond: 155520935522
SubGraph 0 Layer 4 Selecting RP 6 with Nodes: 846 and calcs: 2261560527590 :: Predicted time: 0.132787, Actual Time: 0.191255
Build Time: 0.191255, Calc Time: 14.541840, reduction 1.745854
############################################
Predicted calcsPerSecond: 155319927771
SubGraph 0 Layer 5 Selecting RP 2 with Nodes: 1963 and calcs: 2023433142210 :: Predicted time: 0.191255, Actual Time: 0.217739
Build Time: 0.217739, Calc Time: 13.027518, reduction 1.514322
############################################
Predicted calcsPerSecond: 151880163994
SubGraph 0 Layer 6 Selecting RP 5 with Nodes: 4081 and calcs: 1812760894300 :: Predicted time: 0.217739, Actual Time: 0.536805
Build Time: 0.536805, Calc Time: 11.935468, reduction 1.092050
############################################
Predicted calcsPerSecond: 149857886382
SubGraph 0 Layer 7 Selecting RP 7 with Nodes: 7993 and calcs: 1611980428584 :: Predicted time: 0.536805, Actual Time: 1.650022
Build Time: 1.650022, Calc Time: 10.756727, reduction 1.178741
############################################
Final graph has 7993 nodes, 1611980428584 calcs total
Node Construct time: 3.245769
BatchNumber: 1/2
BatchNumber: 2/2
Total results Set Size: 391579566 
Node Laucnher time: 22.331125
Total Time: 22.515864

Time to read in file: 0.126975

Number points: 2000000 
Number Dimensions: 10 
Number Concurent Streams: 2
Block Size: 1024, Kernel Blocks: 1024
Using using binary searches
Distance Threshold: 0.450000 
*********************************

Predicted calcsPerSecond: 151609445717
SubGraph 0 Layer 0 Selecting RP 1 with Nodes: 6 and calcs: 3682453656482 :: Predicted time: 0.000000, Actual Time: 0.003417
Build Time: 0.003417, Calc Time: 24.289078, reduction -24.289078
############################################
Predicted calcsPerSecond: 154157280379
SubGraph 0 Layer 1 Selecting RP 2 with Nodes: 24 and calcs: 3385866407064 :: Predicted time: 0.003417, Actual Time: 0.262744
Build Time: 0.262744, Calc Time: 21.963714, reduction 2.325364
############################################
Predicted calcsPerSecond: 154366458536
SubGraph 0 Layer 2 Selecting RP 2 with Nodes: 78 and calcs: 3122465778170 :: Predicted time: 0.262744, Actual Time: 0.117979
Build Time: 0.117979, Calc Time: 20.227618, reduction 1.736096
############################################
Predicted calcsPerSecond: 155154416822
SubGraph 0 Layer 3 Selecting RP 2 with Nodes: 233 and calcs: 2864943109960 :: Predicted time: 0.117979, Actual Time: 0.103592
Build Time: 0.103592, Calc Time: 18.465108, reduction 1.762510
############################################
Predicted calcsPerSecond: 156425206563
SubGraph 0 Layer 4 Selecting RP 6 with Nodes: 589 and calcs: 2642672354444 :: Predicted time: 0.103592, Actual Time: 0.160184
Build Time: 0.160184, Calc Time: 16.894159, reduction 1.570949
############################################
Predicted calcsPerSecond: 156016706601
SubGraph 0 Layer 5 Selecting RP 7 with Nodes: 1389 and calcs: 2445673971026 :: Predicted time: 0.160184, Actual Time: 0.125540
Build Time: 0.125540, Calc Time: 15.675718, reduction 1.218441
############################################
Predicted calcsPerSecond: 154829783917
SubGraph 0 Layer 6 Selecting RP 1 with Nodes: 3029 and calcs: 2252299214586 :: Predicted time: 0.125540, Actual Time: 0.367908
Build Time: 0.367908, Calc Time: 14.546938, reduction 1.128781
############################################
Predicted calcsPerSecond: 155890328262
SubGraph 0 Layer 7 Selecting RP 7 with Nodes: 5830 and calcs: 2091756932602 :: Predicted time: 0.367908, Actual Time: 1.278247
Build Time: 1.278247, Calc Time: 13.418132, reduction 1.128806
############################################
Final graph has 5830 nodes, 2091756932602 calcs total
Node Construct time: 2.940804
BatchNumber: 1/2
BatchNumber: 2/2
Total results Set Size: 1104833464 
Node Laucnher time: 30.066543
Total Time: 30.250932
rm -f build/main build/*.o
nvcc  -DDIM=16 -lcuda -Xcompiler -fopenmp -arch=compute_80 -code=sm_80 -O3 -I. -c -o build/main.o src/main.cu -lm
nvcc  -DDIM=16 -lcuda -Xcompiler -fopenmp -arch=compute_80 -code=sm_80 -O3 -I. -c -o build/launcher.o src/launcher.cu -lm
nvcc  -DDIM=16 -lcuda -Xcompiler -fopenmp -arch=compute_80 -code=sm_80 -O3 -I. -c -o build/kernel.o src/kernel.cu
nvcc  -DDIM=16 -lcuda -Xcompiler -fopenmp -arch=compute_80 -code=sm_80 -O3 -I. -c -o build/nodes.o src/nodes.cu -lm
nvcc  -DDIM=16 -lcuda -Xcompiler -fopenmp -arch=compute_80 -code=sm_80 -O3 -I. -c -o build/tree.o src/tree.cu -lm
nvcc  -DDIM=16 -lcuda -Xcompiler -fopenmp -arch=compute_80 -code=sm_80 -O3 -I. -c -o build/utils.o src/utils.cu -lm
nvcc  -DDIM=16 -lcuda -Xcompiler -fopenmp -arch=compute_80 -code=sm_80 -O3 -I. -o build/main build/main.o build/launcher.o build/kernel.o build/nodes.o build/tree.o build/utils.o
EXPO ________________________________________________________________
EXPO ________________________________________________________________

Time to read in file: 0.321577

Number points: 2000000 
Number Dimensions: 16 
Number Concurent Streams: 2
Block Size: 1024, Kernel Blocks: 1024
Using using binary searches
Distance Threshold: 0.030000 
*********************************

Predicted calcsPerSecond: 32555938350
SubGraph 0 Layer 0 Selecting RP 0 with Nodes: 10 and calcs: 3204826031224 :: Predicted time: 0.000000, Actual Time: 0.007457
Build Time: 0.007457, Calc Time: 98.440598, reduction -98.440598
############################################
Predicted calcsPerSecond: 32669685307
SubGraph 0 Layer 1 Selecting RP 0 with Nodes: 52 and calcs: 2696389429014 :: Predicted time: 0.007457, Actual Time: 0.296981
Build Time: 0.296981, Calc Time: 82.534907, reduction 15.905691
############################################
Predicted calcsPerSecond: 32699412598
SubGraph 0 Layer 2 Selecting RP 9 with Nodes: 198 and calcs: 2330635557432 :: Predicted time: 0.296981, Actual Time: 0.184911
Build Time: 0.184911, Calc Time: 71.274539, reduction 11.260368
############################################
Predicted calcsPerSecond: 32714945774
SubGraph 0 Layer 3 Selecting RP 9 with Nodes: 486 and calcs: 2137445023054 :: Predicted time: 0.184911, Actual Time: 0.071203
Build Time: 0.071203, Calc Time: 65.335429, reduction 5.939110
############################################
Predicted calcsPerSecond: 32784051613
SubGraph 0 Layer 4 Selecting RP 1 with Nodes: 1124 and calcs: 1978720989900 :: Predicted time: 0.071203, Actual Time: 0.077740
Build Time: 0.077740, Calc Time: 60.356207, reduction 4.979223
############################################
Predicted calcsPerSecond: 32773316879
SubGraph 0 Layer 5 Selecting RP 3 with Nodes: 2406 and calcs: 1785101377914 :: Predicted time: 0.077740, Actual Time: 0.129854
Build Time: 0.129854, Calc Time: 54.468133, reduction 5.888074
############################################
Predicted calcsPerSecond: 32802363031
SubGraph 0 Layer 6 Selecting RP 0 with Nodes: 4200 and calcs: 1680622894052 :: Predicted time: 0.129854, Actual Time: 0.270374
Build Time: 0.270374, Calc Time: 51.234812, reduction 3.233321
############################################
Predicted calcsPerSecond: 32766963124
SubGraph 0 Layer 7 Selecting RP 3 with Nodes: 6540 and calcs: 1609771724368 :: Predicted time: 0.270374, Actual Time: 0.924458
Build Time: 0.924458, Calc Time: 49.127889, reduction 2.106923
############################################
Predicted calcsPerSecond: 32637591801
SubGraph 0 Layer 8 Selecting RP 8 with Nodes: 9775 and calcs: 1534112310082 :: Predicted time: 0.924458, Actual Time: 1.990189
Build Time: 1.990189, Calc Time: 47.004458, reduction 2.123431
############################################
Predicted calcsPerSecond: 32687658336
SubGraph 0 Layer 9 Selecting RP 4 with Nodes: 13782 and calcs: 1447117561564 :: Predicted time: 1.990189, Actual Time: 3.566755
Build Time: 3.566755, Calc Time: 44.271069, reduction 2.733389
############################################
Final graph has 13782 nodes, 1447117561564 calcs total
Node Construct time: 7.737920
BatchNumber: 1/2
BatchNumber: 2/2
Total results Set Size: 9184214 
Node Laucnher time: 28.917033
Total Time: 29.251055

Time to read in file: 0.200797

Number points: 2000000 
Number Dimensions: 16 
Number Concurent Streams: 2
Block Size: 1024, Kernel Blocks: 1024
Using using binary searches
Distance Threshold: 0.033750 
*********************************

Predicted calcsPerSecond: 32570677467
SubGraph 0 Layer 0 Selecting RP 0 with Nodes: 9 and calcs: 3383007161662 :: Predicted time: 0.000000, Actual Time: 0.006956
Build Time: 0.006956, Calc Time: 103.866650, reduction -103.866650
############################################
Predicted calcsPerSecond: 32668031806
SubGraph 0 Layer 1 Selecting RP 0 with Nodes: 46 and calcs: 2971622283644 :: Predicted time: 0.006956, Actual Time: 0.362570
Build Time: 0.362570, Calc Time: 90.964228, reduction 12.902422
############################################
Predicted calcsPerSecond: 32695433010
SubGraph 0 Layer 2 Selecting RP 9 with Nodes: 166 and calcs: 2662784772390 :: Predicted time: 0.362570, Actual Time: 0.229995
Build Time: 0.229995, Calc Time: 81.442101, reduction 9.522126
############################################
Predicted calcsPerSecond: 32708390776
SubGraph 0 Layer 3 Selecting RP 9 with Nodes: 383 and calcs: 2494151516670 :: Predicted time: 0.229995, Actual Time: 0.078310
Build Time: 0.078310, Calc Time: 76.254180, reduction 5.187921
############################################
Predicted calcsPerSecond: 32677081623
SubGraph 0 Layer 4 Selecting RP 1 with Nodes: 863 and calcs: 2337657243256 :: Predicted time: 0.078310, Actual Time: 0.069075
Build Time: 0.069075, Calc Time: 71.538128, reduction 4.716052
############################################
Predicted calcsPerSecond: 32756947681
SubGraph 0 Layer 5 Selecting RP 3 with Nodes: 1845 and calcs: 2173452824706 :: Predicted time: 0.069075, Actual Time: 0.102481
Build Time: 0.102481, Calc Time: 66.350896, reduction 5.187232
############################################
Predicted calcsPerSecond: 32770586058
SubGraph 0 Layer 6 Selecting RP 0 with Nodes: 3190 and calcs: 2073855723804 :: Predicted time: 0.102481, Actual Time: 0.202366
Build Time: 0.202366, Calc Time: 63.284060, reduction 3.066836
############################################
Predicted calcsPerSecond: 32777882295
SubGraph 0 Layer 7 Selecting RP 3 with Nodes: 5037 and calcs: 1994560674326 :: Predicted time: 0.202366, Actual Time: 0.650038
Build Time: 0.650038, Calc Time: 60.850810, reduction 2.433250
############################################
Predicted calcsPerSecond: 32794795650
SubGraph 0 Layer 8 Selecting RP 8 with Nodes: 7591 and calcs: 1917112748992 :: Predicted time: 0.650038, Actual Time: 1.621346
Build Time: 1.621346, Calc Time: 58.457835, reduction 2.392975
############################################
Predicted calcsPerSecond: 32319240798
SubGraph 0 Layer 9 Selecting RP 4 with Nodes: 10985 and calcs: 1821002823652 :: Predicted time: 1.621346, Actual Time: 3.080648
Build Time: 3.080648, Calc Time: 56.344233, reduction 2.113602
############################################
Final graph has 10985 nodes, 1821002823652 calcs total
Node Construct time: 6.792550
BatchNumber: 1/2
BatchNumber: 2/2
Total results Set Size: 32367778 
Node Laucnher time: 34.812805
Total Time: 35.151787

Time to read in file: 0.211079

Number points: 2000000 
Number Dimensions: 16 
Number Concurent Streams: 2
Block Size: 1024, Kernel Blocks: 1024
Using using binary searches
Distance Threshold: 0.037500 
*********************************

Predicted calcsPerSecond: 32573462610
SubGraph 0 Layer 0 Selecting RP 8 with Nodes: 8 and calcs: 3520230912086 :: Predicted time: 0.000000, Actual Time: 0.006456
Build Time: 0.006456, Calc Time: 108.070516, reduction -108.070516
############################################
Predicted calcsPerSecond: 32680395595
SubGraph 0 Layer 1 Selecting RP 0 with Nodes: 41 and calcs: 3192974256792 :: Predicted time: 0.006456, Actual Time: 0.392632
Build Time: 0.392632, Calc Time: 97.703048, reduction 10.367468
############################################
Predicted calcsPerSecond: 32757728388
SubGraph 0 Layer 2 Selecting RP 9 with Nodes: 133 and calcs: 2936056919628 :: Predicted time: 0.392632, Actual Time: 0.106598
Build Time: 0.106598, Calc Time: 89.629442, reduction 8.073606
############################################
Predicted calcsPerSecond: 32470179247
SubGraph 0 Layer 3 Selecting RP 5 with Nodes: 337 and calcs: 2753622495972 :: Predicted time: 0.106598, Actual Time: 0.129146
Build Time: 0.129146, Calc Time: 84.804660, reduction 4.824783
############################################
Predicted calcsPerSecond: 32654439950
SubGraph 0 Layer 4 Selecting RP 1 with Nodes: 739 and calcs: 2617108239840 :: Predicted time: 0.129146, Actual Time: 0.064044
Build Time: 0.064044, Calc Time: 80.145556, reduction 4.659104
############################################
Predicted calcsPerSecond: 32434896566
SubGraph 0 Layer 5 Selecting RP 3 with Nodes: 1490 and calcs: 2464567897658 :: Predicted time: 0.064044, Actual Time: 0.090943
Build Time: 0.090943, Calc Time: 75.985070, reduction 4.160485
############################################
Predicted calcsPerSecond: 32476123681
SubGraph 0 Layer 6 Selecting RP 0 with Nodes: 2765 and calcs: 2361915877014 :: Predicted time: 0.090943, Actual Time: 0.195314
Build Time: 0.195314, Calc Time: 72.727765, reduction 3.257306
############################################
Predicted calcsPerSecond: 32625265201
SubGraph 0 Layer 7 Selecting RP 1 with Nodes: 4482 and calcs: 2288613385566 :: Predicted time: 0.195314, Actual Time: 0.583410
Build Time: 0.583410, Calc Time: 70.148499, reduction 2.579265
############################################
Predicted calcsPerSecond: 32615520533
SubGraph 0 Layer 8 Selecting RP 8 with Nodes: 6786 and calcs: 2209586890698 :: Predicted time: 0.583410, Actual Time: 1.428700
Build Time: 1.428700, Calc Time: 67.746486, reduction 2.402014
############################################
Predicted calcsPerSecond: 32706001149
SubGraph 0 Layer 9 Selecting RP 4 with Nodes: 9983 and calcs: 2127730479806 :: Predicted time: 1.428700, Actual Time: 3.629169
Build Time: 3.629169, Calc Time: 65.056271, reduction 2.690214
############################################
Final graph has 9983 nodes, 2127730479806 calcs total
Node Construct time: 6.714045
BatchNumber: 1/2
BatchNumber: 2/2
Total results Set Size: 107408970 
Node Laucnher time: 41.445775
Total Time: 41.783942

Time to read in file: 0.220131

Number points: 2000000 
Number Dimensions: 16 
Number Concurent Streams: 2
Block Size: 1024, Kernel Blocks: 1024
Using using binary searches
Distance Threshold: 0.041250 
*********************************

Predicted calcsPerSecond: 32584886057
SubGraph 0 Layer 0 Selecting RP 8 with Nodes: 7 and calcs: 3625132368652 :: Predicted time: 0.000000, Actual Time: 0.005955
Build Time: 0.005955, Calc Time: 111.251958, reduction -111.251958
############################################
Predicted calcsPerSecond: 32679176296
SubGraph 0 Layer 1 Selecting RP 0 with Nodes: 31 and calcs: 3378929383560 :: Predicted time: 0.005955, Actual Time: 0.325287
Build Time: 0.325287, Calc Time: 103.397018, reduction 7.854940
############################################
Predicted calcsPerSecond: 32730431239
SubGraph 0 Layer 2 Selecting RP 9 with Nodes: 113 and calcs: 3148082691048 :: Predicted time: 0.325287, Actual Time: 0.123451
Build Time: 0.123451, Calc Time: 96.182133, reduction 7.214885
############################################
Predicted calcsPerSecond: 32733133764
SubGraph 0 Layer 3 Selecting RP 5 with Nodes: 275 and calcs: 3001463238536 :: Predicted time: 0.123451, Actual Time: 0.083691
Build Time: 0.083691, Calc Time: 91.694955, reduction 4.487178
############################################
Predicted calcsPerSecond: 32795709279
SubGraph 0 Layer 4 Selecting RP 1 with Nodes: 608 and calcs: 2883319149132 :: Predicted time: 0.083691, Actual Time: 0.069563
Build Time: 0.069563, Calc Time: 87.917573, reduction 3.777383
############################################
Predicted calcsPerSecond: 32788757937
SubGraph 0 Layer 5 Selecting RP 3 with Nodes: 1249 and calcs: 2771605717484 :: Predicted time: 0.069563, Actual Time: 0.084290
Build Time: 0.084290, Calc Time: 84.529146, reduction 3.388426
############################################
Predicted calcsPerSecond: 32778219595
SubGraph 0 Layer 6 Selecting RP 0 with Nodes: 2201 and calcs: 2686695416116 :: Predicted time: 0.084290, Actual Time: 0.152245
Build Time: 0.152245, Calc Time: 81.965874, reduction 2.563272
############################################
Predicted calcsPerSecond: 32777790431
SubGraph 0 Layer 7 Selecting RP 0 with Nodes: 3376 and calcs: 2619088972994 :: Predicted time: 0.152245, Actual Time: 0.262414
Build Time: 0.262414, Calc Time: 79.904379, reduction 2.061495
############################################
Predicted calcsPerSecond: 32759700381
SubGraph 0 Layer 8 Selecting RP 8 with Nodes: 5309 and calcs: 2548697705498 :: Predicted time: 0.262414, Actual Time: 0.948351
Build Time: 0.948351, Calc Time: 77.799787, reduction 2.104592
############################################
Predicted calcsPerSecond: 32782609927
SubGraph 0 Layer 9 Selecting RP 4 with Nodes: 7673 and calcs: 2481617679726 :: Predicted time: 0.948351, Actual Time: 1.684064
Build Time: 1.684064, Calc Time: 75.699210, reduction 2.100577
############################################
Predicted calcsPerSecond: 32114439491
SubGraph 0 Layer 10 Selecting RP 3 with Nodes: 10465 and calcs: 2413733837108 :: Predicted time: 1.684064, Actual Time: 2.879325
Build Time: 2.879325, Calc Time: 75.160391, reduction 0.538819
############################################
Final graph has 10465 nodes, 2413733837108 calcs total
Node Construct time: 7.430785
BatchNumber: 1/2
BatchNumber: 2/2
Total results Set Size: 314209036 
Node Laucnher time: 51.661849
Total Time: 51.996824
rm -f build/main build/*.o
nvcc  -DDIM=68 -lcuda -Xcompiler -fopenmp -arch=compute_80 -code=sm_80 -O3 -I. -c -o build/main.o src/main.cu -lm
nvcc  -DDIM=68 -lcuda -Xcompiler -fopenmp -arch=compute_80 -code=sm_80 -O3 -I. -c -o build/launcher.o src/launcher.cu -lm
nvcc  -DDIM=68 -lcuda -Xcompiler -fopenmp -arch=compute_80 -code=sm_80 -O3 -I. -c -o build/kernel.o src/kernel.cu
nvcc  -DDIM=68 -lcuda -Xcompiler -fopenmp -arch=compute_80 -code=sm_80 -O3 -I. -c -o build/nodes.o src/nodes.cu -lm
nvcc  -DDIM=68 -lcuda -Xcompiler -fopenmp -arch=compute_80 -code=sm_80 -O3 -I. -c -o build/tree.o src/tree.cu -lm
nvcc  -DDIM=68 -lcuda -Xcompiler -fopenmp -arch=compute_80 -code=sm_80 -O3 -I. -c -o build/utils.o src/utils.cu -lm
nvcc  -DDIM=68 -lcuda -Xcompiler -fopenmp -arch=compute_80 -code=sm_80 -O3 -I. -o build/main build/main.o build/launcher.o build/kernel.o build/nodes.o build/tree.o build/utils.o
Census____________________________________________________________
Census____________________________________________________________

Time to read in file: 2.019050

Number points: 2458285 
Number Dimensions: 68 
Number Concurent Streams: 2
Block Size: 1024, Kernel Blocks: 1024
Using using binary searches
Distance Threshold: 0.001000 
*********************************

Predicted calcsPerSecond: 11986651530
SubGraph 0 Layer 0 Selecting RP 1 with Nodes: 226 and calcs: 267839562229 :: Predicted time: 0.000000, Actual Time: 0.129912
Build Time: 0.129912, Calc Time: 22.344819, reduction -22.344819
############################################
Predicted calcsPerSecond: 11984593243
SubGraph 0 Layer 1 Selecting RP 8 with Nodes: 5569 and calcs: 49684967055 :: Predicted time: 0.129912, Actual Time: 3.666237
Build Time: 3.666237, Calc Time: 4.145737, reduction 18.199083
############################################
Predicted calcsPerSecond: 11986290130
SubGraph 0 Layer 2 Selecting RP 0 with Nodes: 10186 and calcs: 28853311551 :: Predicted time: 3.666237, Actual Time: 0.119328
Build Time: 0.119328, Calc Time: 2.407193, reduction 1.738544
############################################
Predicted calcsPerSecond: 11984383869
SubGraph 0 Layer 3 Selecting RP 1 with Nodes: 10329 and calcs: 28500904977 :: Predicted time: 0.119328, Actual Time: 0.061982
Build Time: 0.061982, Calc Time: 2.378170, reduction 0.029023
############################################
Final graph has 10329 nodes, 28500904977 calcs total
Node Construct time: 2.133377
BatchNumber: 1/3
BatchNumber: 2/3
BatchNumber: 3/3
Total results Set Size: 55650567 
Node Laucnher time: 4.060914
Total Time: 5.875153

Time to read in file: 0.312840

Number points: 2458285 
Number Dimensions: 68 
Number Concurent Streams: 2
Block Size: 1024, Kernel Blocks: 1024
Using using binary searches
Distance Threshold: 0.003250 
*********************************

Predicted calcsPerSecond: 11986466540
SubGraph 0 Layer 0 Selecting RP 1 with Nodes: 71 and calcs: 845568418799 :: Predicted time: 0.000000, Actual Time: 0.052412
Build Time: 0.052412, Calc Time: 70.543593, reduction -70.543593
############################################
Predicted calcsPerSecond: 11989983667
SubGraph 0 Layer 1 Selecting RP 8 with Nodes: 916 and calcs: 366799983833 :: Predicted time: 0.052412, Actual Time: 1.050988
Build Time: 1.050988, Calc Time: 30.592200, reduction 39.951393
############################################
Predicted calcsPerSecond: 11993128733
SubGraph 0 Layer 2 Selecting RP 2 with Nodes: 2374 and calcs: 235701471557 :: Predicted time: 1.050988, Actual Time: 0.136689
Build Time: 0.136689, Calc Time: 19.653043, reduction 10.939158
############################################
Predicted calcsPerSecond: 11993798403
SubGraph 0 Layer 3 Selecting RP 6 with Nodes: 4781 and calcs: 170667439095 :: Predicted time: 0.136689, Actual Time: 0.126831
Build Time: 0.126831, Calc Time: 14.229640, reduction 5.423402
############################################
Predicted calcsPerSecond: 11990299765
SubGraph 0 Layer 4 Selecting RP 6 with Nodes: 7493 and calcs: 134513642389 :: Predicted time: 0.126831, Actual Time: 0.155267
Build Time: 0.155267, Calc Time: 11.218539, reduction 3.011102
############################################
Predicted calcsPerSecond: 11986221906
SubGraph 0 Layer 5 Selecting RP 0 with Nodes: 8805 and calcs: 127565146105 :: Predicted time: 0.155267, Actual Time: 0.143447
Build Time: 0.143447, Calc Time: 10.642648, reduction 0.575890
############################################
Predicted calcsPerSecond: 11993881021
SubGraph 0 Layer 6 Selecting RP 8 with Nodes: 9523 and calcs: 125284874529 :: Predicted time: 0.143447, Actual Time: 0.557281
Build Time: 0.557281, Calc Time: 10.445733, reduction 0.196916
############################################
Final graph has 9523 nodes, 125284874529 calcs total
Node Construct time: 3.960140
BatchNumber: 1/3
BatchNumber: 2/3
BatchNumber: 3/3
Total results Set Size: 55650567 
Node Laucnher time: 7.648026
Total Time: 9.456613

Time to read in file: 0.521694

Number points: 2458285 
Number Dimensions: 68 
Number Concurent Streams: 2
Block Size: 1024, Kernel Blocks: 1024
Using using binary searches
Distance Threshold: 0.005500 
*********************************

Predicted calcsPerSecond: 12007124056
SubGraph 0 Layer 0 Selecting RP 1 with Nodes: 43 and calcs: 1364011199683 :: Predicted time: 0.000000, Actual Time: 0.038383
Build Time: 0.038383, Calc Time: 113.600159, reduction -113.600159
############################################
Predicted calcsPerSecond: 12000749942
SubGraph 0 Layer 1 Selecting RP 8 with Nodes: 380 and calcs: 818114099099 :: Predicted time: 0.038383, Actual Time: 0.637320
Build Time: 0.637320, Calc Time: 68.171915, reduction 45.428244
############################################
Predicted calcsPerSecond: 12002565035
SubGraph 0 Layer 2 Selecting RP 6 with Nodes: 942 and calcs: 650095939019 :: Predicted time: 0.637320, Actual Time: 0.113707
Build Time: 0.113707, Calc Time: 54.163084, reduction 14.008830
############################################
Predicted calcsPerSecond: 11999103172
SubGraph 0 Layer 3 Selecting RP 9 with Nodes: 2062 and calcs: 528238697975 :: Predicted time: 0.113707, Actual Time: 0.088495
Build Time: 0.088495, Calc Time: 44.023182, reduction 10.139902
############################################
Predicted calcsPerSecond: 11999762515
SubGraph 0 Layer 4 Selecting RP 6 with Nodes: 3912 and calcs: 425410316367 :: Predicted time: 0.088495, Actual Time: 0.135369
Build Time: 0.135369, Calc Time: 35.451561, reduction 8.571620
############################################
Predicted calcsPerSecond: 11996574904
SubGraph 0 Layer 5 Selecting RP 3 with Nodes: 5775 and calcs: 381098875077 :: Predicted time: 0.135369, Actual Time: 0.233051
Build Time: 0.233051, Calc Time: 31.767307, reduction 3.684255
############################################
Predicted calcsPerSecond: 11999680365
SubGraph 0 Layer 6 Selecting RP 8 with Nodes: 7582 and calcs: 358264609455 :: Predicted time: 0.233051, Actual Time: 0.349218
Build Time: 0.349218, Calc Time: 29.856179, reduction 1.911127
############################################
Predicted calcsPerSecond: 12007070321
SubGraph 0 Layer 7 Selecting RP 4 with Nodes: 9647 and calcs: 338486210573 :: Predicted time: 0.349218, Actual Time: 0.694420
Build Time: 0.694420, Calc Time: 28.190575, reduction 1.665605
############################################
Predicted calcsPerSecond: 11992092906
SubGraph 0 Layer 8 Selecting RP 3 with Nodes: 11197 and calcs: 329064452405 :: Predicted time: 0.694420, Actual Time: 0.799631
Build Time: 0.799631, Calc Time: 27.440119, reduction 0.750456
############################################
Final graph has 11197 nodes, 329064452405 calcs total
Node Construct time: 5.929268
BatchNumber: 2/3
BatchNumber: 1/3
BatchNumber: 3/3
Total results Set Size: 311087687 
Node Laucnher time: 17.478668
Total Time: 19.281951

Time to read in file: 1.968995

Number points: 2458285 
Number Dimensions: 68 
Number Concurent Streams: 2
Block Size: 1024, Kernel Blocks: 1024
Using using binary searches
Distance Threshold: 0.007750 
*********************************

Predicted calcsPerSecond: 11977905249
SubGraph 0 Layer 0 Selecting RP 1 with Nodes: 31 and calcs: 1815151802107 :: Predicted time: 0.000000, Actual Time: 0.032424
Build Time: 0.032424, Calc Time: 151.541673, reduction -151.541673
############################################
Predicted calcsPerSecond: 11991575641
SubGraph 0 Layer 1 Selecting RP 8 with Nodes: 218 and calcs: 1307694621745 :: Predicted time: 0.032424, Actual Time: 0.459366
Build Time: 0.459366, Calc Time: 109.051109, reduction 42.490564
############################################
Predicted calcsPerSecond: 11987361658
SubGraph 0 Layer 2 Selecting RP 6 with Nodes: 538 and calcs: 1135616953867 :: Predicted time: 0.459366, Actual Time: 0.088275
Build Time: 0.088275, Calc Time: 94.734520, reduction 14.316589
############################################
Predicted calcsPerSecond: 11988500007
SubGraph 0 Layer 3 Selecting RP 9 with Nodes: 1116 and calcs: 989885489125 :: Predicted time: 0.088275, Actual Time: 0.079610
Build Time: 0.079610, Calc Time: 82.569587, reduction 12.164934
############################################
Predicted calcsPerSecond: 11995559066
SubGraph 0 Layer 4 Selecting RP 6 with Nodes: 2146 and calcs: 856108252527 :: Predicted time: 0.079610, Actual Time: 0.112189
Build Time: 0.112189, Calc Time: 71.368766, reduction 11.200820
############################################
Predicted calcsPerSecond: 11996593784
SubGraph 0 Layer 5 Selecting RP 3 with Nodes: 3313 and calcs: 792743821759 :: Predicted time: 0.112189, Actual Time: 0.121233
Build Time: 0.121233, Calc Time: 66.080742, reduction 5.288024
############################################
Predicted calcsPerSecond: 12002583335
SubGraph 0 Layer 6 Selecting RP 8 with Nodes: 4709 and calcs: 753062977845 :: Predicted time: 0.121233, Actual Time: 0.235802
Build Time: 0.235802, Calc Time: 62.741741, reduction 3.339001
############################################
Predicted calcsPerSecond: 12001130378
SubGraph 0 Layer 7 Selecting RP 4 with Nodes: 6673 and calcs: 710576583003 :: Predicted time: 0.235802, Actual Time: 0.507137
Build Time: 0.507137, Calc Time: 59.209138, reduction 3.532603
############################################
Predicted calcsPerSecond: 11995011393
SubGraph 0 Layer 8 Selecting RP 6 with Nodes: 8352 and calcs: 677300652109 :: Predicted time: 0.507137, Actual Time: 1.045663
Build Time: 1.045663, Calc Time: 56.465195, reduction 2.743943
############################################
Predicted calcsPerSecond: 11954901989
SubGraph 0 Layer 9 Selecting RP 3 with Nodes: 10617 and calcs: 651527254849 :: Predicted time: 1.045663, Actual Time: 1.133440
Build Time: 1.133440, Calc Time: 54.498753, reduction 1.966441
############################################
Predicted calcsPerSecond: 11969095670
SubGraph 0 Layer 10 Selecting RP 8 with Nodes: 12564 and calcs: 625873926701 :: Predicted time: 1.133440, Actual Time: 2.389330
Build Time: 2.389330, Calc Time: 52.290828, reduction 2.207925
############################################
Final graph has 12564 nodes, 625873926701 calcs total
Node Construct time: 9.413942
BatchNumber: 1/3
BatchNumber: 2/3
BatchNumber: 3/3
Total results Set Size: 897710957 
Node Laucnher time: 30.243285
Total Time: 32.054084
rm -f build/main build/*.o
nvcc  -DDIM=49 -lcuda -Xcompiler -fopenmp -arch=compute_80 -code=sm_80 -O3 -I. -c -o build/main.o src/main.cu -lm
nvcc  -DDIM=49 -lcuda -Xcompiler -fopenmp -arch=compute_80 -code=sm_80 -O3 -I. -c -o build/launcher.o src/launcher.cu -lm
nvcc  -DDIM=49 -lcuda -Xcompiler -fopenmp -arch=compute_80 -code=sm_80 -O3 -I. -c -o build/kernel.o src/kernel.cu
nvcc  -DDIM=49 -lcuda -Xcompiler -fopenmp -arch=compute_80 -code=sm_80 -O3 -I. -c -o build/nodes.o src/nodes.cu -lm
nvcc  -DDIM=49 -lcuda -Xcompiler -fopenmp -arch=compute_80 -code=sm_80 -O3 -I. -c -o build/tree.o src/tree.cu -lm
nvcc  -DDIM=49 -lcuda -Xcompiler -fopenmp -arch=compute_80 -code=sm_80 -O3 -I. -c -o build/utils.o src/utils.cu -lm
nvcc  -DDIM=49 -lcuda -Xcompiler -fopenmp -arch=compute_80 -code=sm_80 -O3 -I. -o build/main build/main.o build/launcher.o build/kernel.o build/nodes.o build/tree.o build/utils.o
Wave __________________________________________________
Wave __________________________________________________

Time to read in file: 0.089809

Number points: 287999 
Number Dimensions: 49 
Number Concurent Streams: 2
Block Size: 1024, Kernel Blocks: 1024
Using using binary searches
Distance Threshold: 0.002000 
*********************************

Predicted calcsPerSecond: 14185345682
SubGraph 0 Layer 0 Selecting RP 1 with Nodes: 38 and calcs: 18610355839 :: Predicted time: 0.000000, Actual Time: 0.020421
Build Time: 0.020421, Calc Time: 1.311942, reduction -1.311942
############################################
Predicted calcsPerSecond: 14303794060
SubGraph 0 Layer 1 Selecting RP 2 with Nodes: 150 and calcs: 14133410059 :: Predicted time: 0.020421, Actual Time: 0.037139
Build Time: 0.037139, Calc Time: 0.988088, reduction 0.323854
############################################
Predicted calcsPerSecond: 14273388128
SubGraph 0 Layer 2 Selecting RP 7 with Nodes: 215 and calcs: 12933587453 :: Predicted time: 0.037139, Actual Time: 0.005442
Build Time: 0.005442, Calc Time: 0.906133, reduction 0.081955
############################################
Predicted calcsPerSecond: 14342134856
SubGraph 0 Layer 3 Selecting RP 1 with Nodes: 304 and calcs: 11880589041 :: Predicted time: 0.005442, Actual Time: 0.005534
Build Time: 0.005534, Calc Time: 0.828370, reduction 0.077763
############################################
Predicted calcsPerSecond: 14374752377
SubGraph 0 Layer 4 Selecting RP 1 with Nodes: 392 and calcs: 11386496769 :: Predicted time: 0.005534, Actual Time: 0.006285
Build Time: 0.006285, Calc Time: 0.792118, reduction 0.036252
############################################
Predicted calcsPerSecond: 14370588497
SubGraph 0 Layer 5 Selecting RP 2 with Nodes: 484 and calcs: 11118774167 :: Predicted time: 0.006285, Actual Time: 0.006263
Build Time: 0.006263, Calc Time: 0.773717, reduction 0.018400
############################################
Predicted calcsPerSecond: 14357701509
SubGraph 0 Layer 6 Selecting RP 6 with Nodes: 542 and calcs: 10977666711 :: Predicted time: 0.006263, Actual Time: 0.006663
Build Time: 0.006663, Calc Time: 0.764584, reduction 0.009134
############################################
Predicted calcsPerSecond: 14357909217
SubGraph 0 Layer 7 Selecting RP 2 with Nodes: 576 and calcs: 10903610643 :: Predicted time: 0.006663, Actual Time: 0.005388
Build Time: 0.005388, Calc Time: 0.759415, reduction 0.005169
############################################
Final graph has 576 nodes, 10903610643 calcs total
Node Construct time: 0.453060
BatchNumber: 1/1
Total results Set Size: 11651957 
Node Laucnher time: 0.648325
Total Time: 0.802019

Time to read in file: 0.031575

Number points: 287999 
Number Dimensions: 49 
Number Concurent Streams: 2
Block Size: 1024, Kernel Blocks: 1024
Using using binary searches
Distance Threshold: 0.003250 
*********************************

Predicted calcsPerSecond: 14135425845
SubGraph 0 Layer 0 Selecting RP 1 with Nodes: 25 and calcs: 27540420945 :: Predicted time: 0.000000, Actual Time: 0.013926
Build Time: 0.013926, Calc Time: 1.948326, reduction -1.948326
############################################
Predicted calcsPerSecond: 14225015131
SubGraph 0 Layer 1 Selecting RP 2 with Nodes: 87 and calcs: 23345563191 :: Predicted time: 0.013926, Actual Time: 0.023744
Build Time: 0.023744, Calc Time: 1.641163, reduction 0.307164
############################################
Predicted calcsPerSecond: 14286093772
SubGraph 0 Layer 2 Selecting RP 1 with Nodes: 168 and calcs: 21381588217 :: Predicted time: 0.023744, Actual Time: 0.007435
Build Time: 0.007435, Calc Time: 1.496671, reduction 0.144491
############################################
Predicted calcsPerSecond: 14336532344
SubGraph 0 Layer 3 Selecting RP 1 with Nodes: 222 and calcs: 20136871299 :: Predicted time: 0.007435, Actual Time: 0.005537
Build Time: 0.005537, Calc Time: 1.404585, reduction 0.092087
############################################
Predicted calcsPerSecond: 14335772246
SubGraph 0 Layer 4 Selecting RP 1 with Nodes: 268 and calcs: 19473300895 :: Predicted time: 0.005537, Actual Time: 0.004992
Build Time: 0.004992, Calc Time: 1.358371, reduction 0.046213
############################################
Predicted calcsPerSecond: 14343111852
SubGraph 0 Layer 5 Selecting RP 1 with Nodes: 330 and calcs: 18972189179 :: Predicted time: 0.004992, Actual Time: 0.005574
Build Time: 0.005574, Calc Time: 1.322739, reduction 0.035633
############################################
Predicted calcsPerSecond: 14378233036
SubGraph 0 Layer 6 Selecting RP 1 with Nodes: 399 and calcs: 18572642983 :: Predicted time: 0.005574, Actual Time: 0.006894
Build Time: 0.006894, Calc Time: 1.291719, reduction 0.031019
############################################
Predicted calcsPerSecond: 14358050102
SubGraph 0 Layer 7 Selecting RP 1 with Nodes: 484 and calcs: 18269442773 :: Predicted time: 0.006894, Actual Time: 0.007252
Build Time: 0.007252, Calc Time: 1.272418, reduction 0.019301
############################################
Predicted calcsPerSecond: 14356907528
SubGraph 0 Layer 8 Selecting RP 1 with Nodes: 558 and calcs: 17998124983 :: Predicted time: 0.007252, Actual Time: 0.008125
Build Time: 0.008125, Calc Time: 1.253621, reduction 0.018797
############################################
Predicted calcsPerSecond: 14337392794
SubGraph 0 Layer 9 Selecting RP 3 with Nodes: 635 and calcs: 17878180011 :: Predicted time: 0.008125, Actual Time: 0.005351
Build Time: 0.005351, Calc Time: 1.246962, reduction 0.006660
############################################
Predicted calcsPerSecond: 14297702055
SubGraph 0 Layer 10 Selecting RP 7 with Nodes: 709 and calcs: 17768989247 :: Predicted time: 0.005351, Actual Time: 0.008733
Build Time: 0.008733, Calc Time: 1.242786, reduction 0.004175
############################################
Final graph has 709 nodes, 17768989247 calcs total
Node Construct time: 0.587375
BatchNumber: 1/1
Total results Set Size: 27340089 
Node Laucnher time: 0.890888
Total Time: 1.051159

Time to read in file: 0.028015

Number points: 287999 
Number Dimensions: 49 
Number Concurent Streams: 2
Block Size: 1024, Kernel Blocks: 1024
Using using binary searches
Distance Threshold: 0.004500 
*********************************

Predicted calcsPerSecond: 14237942655
SubGraph 0 Layer 0 Selecting RP 3 with Nodes: 17 and calcs: 34895868125 :: Predicted time: 0.000000, Actual Time: 0.009916
Build Time: 0.009916, Calc Time: 2.450907, reduction -2.450907
############################################
Predicted calcsPerSecond: 14332363079
SubGraph 0 Layer 1 Selecting RP 2 with Nodes: 52 and calcs: 30838039823 :: Predicted time: 0.009916, Actual Time: 0.016983
Build Time: 0.016983, Calc Time: 2.151637, reduction 0.299270
############################################
Predicted calcsPerSecond: 14326539339
SubGraph 0 Layer 2 Selecting RP 5 with Nodes: 96 and calcs: 28830936055 :: Predicted time: 0.016983, Actual Time: 0.007424
Build Time: 0.007424, Calc Time: 2.012415, reduction 0.139222
############################################
Predicted calcsPerSecond: 14329700517
SubGraph 0 Layer 3 Selecting RP 2 with Nodes: 157 and calcs: 27454889763 :: Predicted time: 0.007424, Actual Time: 0.007389
Build Time: 0.007389, Calc Time: 1.915943, reduction 0.096472
############################################
Predicted calcsPerSecond: 14356893634
SubGraph 0 Layer 4 Selecting RP 1 with Nodes: 211 and calcs: 26532268545 :: Predicted time: 0.007389, Actual Time: 0.005539
Build Time: 0.005539, Calc Time: 1.848051, reduction 0.067892
############################################
Predicted calcsPerSecond: 14362944160
SubGraph 0 Layer 5 Selecting RP 3 with Nodes: 261 and calcs: 26051948835 :: Predicted time: 0.005539, Actual Time: 0.005671
Build Time: 0.005671, Calc Time: 1.813831, reduction 0.034220
############################################
Predicted calcsPerSecond: 14349589917
SubGraph 0 Layer 6 Selecting RP 1 with Nodes: 313 and calcs: 25634393389 :: Predicted time: 0.005671, Actual Time: 0.005957
Build Time: 0.005957, Calc Time: 1.786420, reduction 0.027411
############################################
Predicted calcsPerSecond: 14258481359
SubGraph 0 Layer 7 Selecting RP 1 with Nodes: 355 and calcs: 25192282569 :: Predicted time: 0.005957, Actual Time: 0.005357
Build Time: 0.005357, Calc Time: 1.766828, reduction 0.019592
############################################
Predicted calcsPerSecond: 14316458318
SubGraph 0 Layer 8 Selecting RP 2 with Nodes: 418 and calcs: 24877663803 :: Predicted time: 0.005357, Actual Time: 0.005864
Build Time: 0.005864, Calc Time: 1.737697, reduction 0.029131
############################################
Predicted calcsPerSecond: 14313600810
SubGraph 0 Layer 9 Selecting RP 3 with Nodes: 485 and calcs: 24682058995 :: Predicted time: 0.005864, Actual Time: 0.007751
Build Time: 0.007751, Calc Time: 1.724378, reduction 0.013319
############################################
Predicted calcsPerSecond: 14339296488
SubGraph 0 Layer 10 Selecting RP 2 with Nodes: 566 and calcs: 24496083547 :: Predicted time: 0.007751, Actual Time: 0.009927
Build Time: 0.009927, Calc Time: 1.708318, reduction 0.016060
############################################
Predicted calcsPerSecond: 14353782262
SubGraph 0 Layer 11 Selecting RP 2 with Nodes: 626 and calcs: 24343736929 :: Predicted time: 0.009927, Actual Time: 0.010655
Build Time: 0.010655, Calc Time: 1.695981, reduction 0.012338
############################################
Predicted calcsPerSecond: 14356102869
SubGraph 0 Layer 12 Selecting RP 1 with Nodes: 688 and calcs: 24154594281 :: Predicted time: 0.010655, Actual Time: 0.010386
Build Time: 0.010386, Calc Time: 1.682531, reduction 0.013449
############################################
Predicted calcsPerSecond: 14322245589
SubGraph 0 Layer 13 Selecting RP 9 with Nodes: 764 and calcs: 24080499553 :: Predicted time: 0.010386, Actual Time: 0.012187
Build Time: 0.012187, Calc Time: 1.681335, reduction 0.001196
############################################
Final graph has 764 nodes, 24080499553 calcs total
Node Construct time: 0.698930
BatchNumber: 1/1
Total results Set Size: 47254879 
Node Laucnher time: 1.138205
Total Time: 1.296046

Time to read in file: 0.031137

Number points: 287999 
Number Dimensions: 49 
Number Concurent Streams: 2
Block Size: 1024, Kernel Blocks: 1024
Using using binary searches
Distance Threshold: 0.005750 
*********************************

Predicted calcsPerSecond: 14188041421
SubGraph 0 Layer 0 Selecting RP 6 with Nodes: 15 and calcs: 40034425453 :: Predicted time: 0.000000, Actual Time: 0.008921
Build Time: 0.008921, Calc Time: 2.821702, reduction -2.821702
############################################
Predicted calcsPerSecond: 14276363080
SubGraph 0 Layer 1 Selecting RP 4 with Nodes: 36 and calcs: 36485535735 :: Predicted time: 0.008921, Actual Time: 0.012642
Build Time: 0.012642, Calc Time: 2.555660, reduction 0.266042
############################################
Predicted calcsPerSecond: 14316779918
SubGraph 0 Layer 2 Selecting RP 4 with Nodes: 64 and calcs: 35059788465 :: Predicted time: 0.012642, Actual Time: 0.006801
Build Time: 0.006801, Calc Time: 2.448860, reduction 0.106800
############################################
Predicted calcsPerSecond: 14374317361
SubGraph 0 Layer 3 Selecting RP 6 with Nodes: 108 and calcs: 33996926329 :: Predicted time: 0.006801, Actual Time: 0.007177
Build Time: 0.007177, Calc Time: 2.365116, reduction 0.083744
############################################
Predicted calcsPerSecond: 14363967872
SubGraph 0 Layer 4 Selecting RP 1 with Nodes: 164 and calcs: 33053360959 :: Predicted time: 0.007177, Actual Time: 0.006843
Build Time: 0.006843, Calc Time: 2.301130, reduction 0.063986
############################################
Predicted calcsPerSecond: 14372180068
SubGraph 0 Layer 5 Selecting RP 4 with Nodes: 220 and calcs: 32293817869 :: Predicted time: 0.006843, Actual Time: 0.006040
Build Time: 0.006040, Calc Time: 2.246967, reduction 0.054163
############################################
Predicted calcsPerSecond: 14383638358
SubGraph 0 Layer 6 Selecting RP 1 with Nodes: 265 and calcs: 31765613457 :: Predicted time: 0.006040, Actual Time: 0.005533
Build Time: 0.005533, Calc Time: 2.208455, reduction 0.038513
############################################
Predicted calcsPerSecond: 14396173333
SubGraph 0 Layer 7 Selecting RP 2 with Nodes: 310 and calcs: 31387352775 :: Predicted time: 0.005533, Actual Time: 0.004837
Build Time: 0.004837, Calc Time: 2.180257, reduction 0.028198
############################################
Predicted calcsPerSecond: 14396719576
SubGraph 0 Layer 8 Selecting RP 1 with Nodes: 363 and calcs: 31015328147 :: Predicted time: 0.004837, Actual Time: 0.005917
Build Time: 0.005917, Calc Time: 2.154333, reduction 0.025924
############################################
Predicted calcsPerSecond: 14400907103
SubGraph 0 Layer 9 Selecting RP 4 with Nodes: 386 and calcs: 30703110237 :: Predicted time: 0.005917, Actual Time: 0.005029
Build Time: 0.005029, Calc Time: 2.132026, reduction 0.022307
############################################
Predicted calcsPerSecond: 14404339279
SubGraph 0 Layer 10 Selecting RP 3 with Nodes: 424 and calcs: 30474749757 :: Predicted time: 0.005029, Actual Time: 0.005815
Build Time: 0.005815, Calc Time: 2.115665, reduction 0.016362
############################################
Predicted calcsPerSecond: 14363193949
SubGraph 0 Layer 11 Selecting RP 3 with Nodes: 476 and calcs: 30263695755 :: Predicted time: 0.005815, Actual Time: 0.006338
Build Time: 0.006338, Calc Time: 2.107031, reduction 0.008633
############################################
Predicted calcsPerSecond: 14360553058
SubGraph 0 Layer 12 Selecting RP 1 with Nodes: 530 and calcs: 29985011037 :: Predicted time: 0.006338, Actual Time: 0.008149
Build Time: 0.008149, Calc Time: 2.088012, reduction 0.019019
############################################
Predicted calcsPerSecond: 14356212276
SubGraph 0 Layer 13 Selecting RP 9 with Nodes: 600 and calcs: 29861024347 :: Predicted time: 0.008149, Actual Time: 0.010660
Build Time: 0.010660, Calc Time: 2.080007, reduction 0.008005
############################################
Final graph has 600 nodes, 29861024347 calcs total
Node Construct time: 0.682900
BatchNumber: 1/1
Total results Set Size: 93070851 
Node Laucnher time: 1.423443
Total Time: 1.558577

Time to read in file: 0.030698

Number points: 287999 
Number Dimensions: 49 
Number Concurent Streams: 2
Block Size: 1024, Kernel Blocks: 1024
Using using binary searches
Distance Threshold: 0.007000 
*********************************

Predicted calcsPerSecond: 14192845618
SubGraph 0 Layer 0 Selecting RP 3 with Nodes: 13 and calcs: 43968382041 :: Predicted time: 0.000000, Actual Time: 0.007920
Build Time: 0.007920, Calc Time: 3.097926, reduction -3.097926
############################################
Predicted calcsPerSecond: 14286619240
SubGraph 0 Layer 1 Selecting RP 6 with Nodes: 32 and calcs: 41506087741 :: Predicted time: 0.007920, Actual Time: 0.010818
Build Time: 0.010818, Calc Time: 2.905242, reduction 0.192684
############################################
Predicted calcsPerSecond: 14300865942
SubGraph 0 Layer 2 Selecting RP 5 with Nodes: 63 and calcs: 39746059499 :: Predicted time: 0.010818, Actual Time: 0.008148
Build Time: 0.008148, Calc Time: 2.779276, reduction 0.125966
############################################
Predicted calcsPerSecond: 14347107881
SubGraph 0 Layer 3 Selecting RP 6 with Nodes: 96 and calcs: 38816859959 :: Predicted time: 0.008148, Actual Time: 0.005418
Build Time: 0.005418, Calc Time: 2.705553, reduction 0.073723
############################################
Predicted calcsPerSecond: 14382499085
SubGraph 0 Layer 4 Selecting RP 5 with Nodes: 147 and calcs: 38097259923 :: Predicted time: 0.005418, Actual Time: 0.005982
Build Time: 0.005982, Calc Time: 2.648862, reduction 0.056691
############################################
Predicted calcsPerSecond: 14397978237
SubGraph 0 Layer 5 Selecting RP 3 with Nodes: 184 and calcs: 37558645459 :: Predicted time: 0.005982, Actual Time: 0.005335
Build Time: 0.005335, Calc Time: 2.608606, reduction 0.040257
############################################
Predicted calcsPerSecond: 14381945488
SubGraph 0 Layer 6 Selecting RP 1 with Nodes: 235 and calcs: 36915363819 :: Predicted time: 0.005335, Actual Time: 0.005158
Build Time: 0.005158, Calc Time: 2.566785, reduction 0.041820
############################################
Predicted calcsPerSecond: 14392336366
SubGraph 0 Layer 7 Selecting RP 1 with Nodes: 282 and calcs: 36538113321 :: Predicted time: 0.005158, Actual Time: 0.004987
Build Time: 0.004987, Calc Time: 2.538720, reduction 0.028065
############################################
Predicted calcsPerSecond: 14362599030
SubGraph 0 Layer 8 Selecting RP 3 with Nodes: 316 and calcs: 36233727363 :: Predicted time: 0.004987, Actual Time: 0.005008
Build Time: 0.005008, Calc Time: 2.522783, reduction 0.015937
############################################
Predicted calcsPerSecond: 14333974920
SubGraph 0 Layer 9 Selecting RP 3 with Nodes: 361 and calcs: 35998401051 :: Predicted time: 0.005008, Actual Time: 0.005564
Build Time: 0.005564, Calc Time: 2.511404, reduction 0.011380
############################################
Predicted calcsPerSecond: 14349381066
SubGraph 0 Layer 10 Selecting RP 2 with Nodes: 421 and calcs: 35781252667 :: Predicted time: 0.005564, Actual Time: 0.006881
Build Time: 0.006881, Calc Time: 2.493575, reduction 0.017829
############################################
Predicted calcsPerSecond: 14352164243
SubGraph 0 Layer 11 Selecting RP 2 with Nodes: 480 and calcs: 35576042543 :: Predicted time: 0.006881, Actual Time: 0.008391
Build Time: 0.008391, Calc Time: 2.478793, reduction 0.014782
############################################
Predicted calcsPerSecond: 14356884441
SubGraph 0 Layer 12 Selecting RP 1 with Nodes: 549 and calcs: 35311801559 :: Predicted time: 0.008391, Actual Time: 0.009412
Build Time: 0.009412, Calc Time: 2.459573, reduction 0.019220
############################################
Predicted calcsPerSecond: 14343956191
SubGraph 0 Layer 13 Selecting RP 1 with Nodes: 586 and calcs: 35101001357 :: Predicted time: 0.009412, Actual Time: 0.009143
Build Time: 0.009143, Calc Time: 2.447093, reduction 0.012479
############################################
Predicted calcsPerSecond: 14345712589
SubGraph 0 Layer 14 Selecting RP 1 with Nodes: 655 and calcs: 34849457155 :: Predicted time: 0.009143, Actual Time: 0.010575
Build Time: 0.010575, Calc Time: 2.429259, reduction 0.017834
############################################
Predicted calcsPerSecond: 14328126241
SubGraph 0 Layer 15 Selecting RP 2 with Nodes: 697 and calcs: 34663684381 :: Predicted time: 0.010575, Actual Time: 0.012153
Build Time: 0.012153, Calc Time: 2.419275, reduction 0.009984
############################################
Final graph has 697 nodes, 34663684381 calcs total
Node Construct time: 0.786608
BatchNumber: 1/1
Total results Set Size: 290127035 
Node Laucnher time: 2.541390
Total Time: 2.673442
rm -f build/main build/*.o
nvcc  -DDIM=57 -lcuda -Xcompiler -fopenmp -arch=compute_80 -code=sm_80 -O3 -I. -c -o build/main.o src/main.cu -lm
nvcc  -DDIM=57 -lcuda -Xcompiler -fopenmp -arch=compute_80 -code=sm_80 -O3 -I. -c -o build/launcher.o src/launcher.cu -lm
nvcc  -DDIM=57 -lcuda -Xcompiler -fopenmp -arch=compute_80 -code=sm_80 -O3 -I. -c -o build/kernel.o src/kernel.cu
nvcc  -DDIM=57 -lcuda -Xcompiler -fopenmp -arch=compute_80 -code=sm_80 -O3 -I. -c -o build/nodes.o src/nodes.cu -lm
nvcc  -DDIM=57 -lcuda -Xcompiler -fopenmp -arch=compute_80 -code=sm_80 -O3 -I. -c -o build/tree.o src/tree.cu -lm
nvcc  -DDIM=57 -lcuda -Xcompiler -fopenmp -arch=compute_80 -code=sm_80 -O3 -I. -c -o build/utils.o src/utils.cu -lm
nvcc  -DDIM=57 -lcuda -Xcompiler -fopenmp -arch=compute_80 -code=sm_80 -O3 -I. -o build/main build/main.o build/launcher.o build/kernel.o build/nodes.o build/tree.o build/utils.o
BIGCROSS____________________________________________________________
BIGCROSS____________________________________________________________

Time to read in file: 6.193331

Number points: 11620300 
Number Dimensions: 57 
Number Concurent Streams: 2
Block Size: 1024, Kernel Blocks: 1024
Using using binary searches
Distance Threshold: 0.001000 
*********************************

Predicted calcsPerSecond: 12470980836
SubGraph 0 Layer 0 Selecting RP 1 with Nodes: 284 and calcs: 2218851098970 :: Predicted time: 0.000000, Actual Time: 0.212348
Build Time: 0.212348, Calc Time: 177.921138, reduction -177.921138
############################################
Predicted calcsPerSecond: 12464765493
SubGraph 0 Layer 1 Selecting RP 9 with Nodes: 12804 and calcs: 199240449126 :: Predicted time: 0.212348, Actual Time: 28.340499
Build Time: 28.340499, Calc Time: 15.984292, reduction 161.936846
############################################
Predicted calcsPerSecond: 12464208659
SubGraph 0 Layer 2 Selecting RP 0 with Nodes: 56603 and calcs: 120929213754 :: Predicted time: 28.340499, Actual Time: 2.245977
Build Time: 2.245977, Calc Time: 9.702117, reduction 6.282175
############################################
Predicted calcsPerSecond: 12465334695
SubGraph 0 Layer 3 Selecting RP 7 with Nodes: 56603 and calcs: 120929213754 :: Predicted time: 2.245977, Actual Time: 0.443188
Build Time: 0.443188, Calc Time: 9.701241, reduction 0.000876
############################################
Final graph has 56603 nodes, 120929213754 calcs total
Node Construct time: 11.331442
BatchNumber: 2/12
BatchNumber: 1/12
BatchNumber: 3/12
BatchNumber: 4/12
BatchNumber: 5/12
BatchNumber: 6/12
BatchNumber: 7/12
BatchNumber: 8/12
BatchNumber: 9/12
BatchNumber: 10/12
BatchNumber: 11/12
BatchNumber: 12/12
Total results Set Size: 41137474 
Node Laucnher time: 15.499528
Total Time: 23.020768
