
EPSILON | NUMPOINTS | RP | NODES | CALCS | Construct T | Kernel T | Total T



 _______________ 32 _____ 1024 ____________________________



MSD ________________________________________________________________


0.007000 515345 16 12 2995 124420547383 1.389433 16 0.468485 5.42942 7.005501 
0.007525 515345 16 13 3135 133657237373 1.562061 16 0.503265 6.76966 8.517356 
0.008050 515345 16 13 3020 142833739177 1.485527 16 0.537817 8.60101 10.275911 
0.008575 515345 16 13 2752 150640412025 1.435516 16 0.567212 9.89578 11.519357 
0.009100 515345 16 14 2859 157893113227 1.623804 16 0.594521 11.5937 13.406431 

Census____________________________________________________________


0.001000 2458285 16 10 15657 22150808571 2.964574 76 0.003665 1.72793 6.028119 
0.003250 2458285 16 9 17772 118831834865 6.064514 76 0.019664 6.63788 14.097196 
0.005500 2458285 16 9 17794 348552162179 7.394275 76 0.057677 21.8674 30.619510 
0.007750 2458285 16 10 14223 774501769591 8.146747 76 0.128162 41.4369 50.938670 
0.010000 2458285 16 11 11414 1244699820971 7.064223 76 0.205968 69.8762 78.374356 

Wave __________________________________________________


0.002000 287999 16 13 1156 11265647149 0.323630 9 0.135823 0.184589 0.604816 
0.003250 287999 16 11 1008 19199317691 0.254031 9 0.231475 0.355816 0.703986 
0.004500 287999 16 13 934 26332472335 0.270838 9 0.317475 0.566879 0.928042 
0.005750 287999 16 14 823 32178695747 0.267884 9 0.387960 0.848174 1.210404 
0.007000 287999 16 15 823 37496765487 0.283620 9 0.452076 1.62251 1.997649 

BIGCROSS____________________________________________________________


0.001000 11620300 16 9 58978 99649534414 14.567223 355 0.000738 3.90128 35.933906 
0.005750 11620300 16 8 61598 694459071994 18.393980 355 0.005143 18.8117 54.927664 
0.010500 11620300 16 10 56374 3208504899404 29.185636 355 0.023761 90.2803 137.264056 
0.015250 11620300 16 12 41583 7818682622348 35.156087 355 0.057903 169.447 222.785247 
0.020000 11620300 16 14 31155 13768851946164 31.820904 355 0.101968 314.62 364.286050 

SUSY ________________________________________________________________


0.010000 5000000 16 6 40603 409808694890 5.760465 153 0.016392 11.5404 21.140979 
0.012750 5000000 16 7 41576 868242976496 10.817626 153 0.034730 27.411 42.138621 
0.015500 5000000 16 7 28661 1833970276280 7.711261 153 0.073359 57.4559 68.983969 
0.018250 5000000 16 8 30870 2987267993858 14.428612 153 0.119491 100.251 118.516754 
0.021000 5000000 16 9 31037 4419212407718 19.210871 153 0.176768 154.39 177.446801 

 _______________ 64 _____ 1024 ____________________________



MSD ________________________________________________________________


0.007000 515345 16 12 2995 124420547383 1.390561 8 0.468485 4.73817 6.302149 
0.007525 515345 16 13 3135 133657237373 1.545031 8 0.503265 5.99232 7.704351 
0.008050 515345 16 13 3020 142833739177 1.472631 8 0.537817 7.3868 9.026685 
0.008575 515345 16 13 2752 150640412025 1.319779 8 0.567212 8.48408 9.987801 
0.009100 515345 16 14 2859 157893113227 1.620600 8 0.594521 10.3453 12.141153 

Census____________________________________________________________


0.001000 2458285 16 10 15657 22150808571 3.013617 38 0.003665 1.3535 5.345941 
0.003250 2458285 16 9 17772 118831834865 5.307532 38 0.019664 4.92914 11.237067 
0.005500 2458285 16 9 17794 348552162179 8.489410 38 0.057677 16.827 26.378425 
0.007750 2458285 16 10 14223 774501769591 7.999902 38 0.128162 34.1409 43.155192 
0.010000 2458285 16 11 11414 1244699820971 7.704152 38 0.205968 58.6508 67.369627 

Wave __________________________________________________


0.002000 287999 16 13 1156 11265647149 0.327785 5 0.135823 0.149997 0.566490 
0.003250 287999 16 11 1008 19199317691 0.261802 5 0.231475 0.293851 0.644211 
0.004500 287999 16 13 934 26332472335 0.276968 5 0.317475 0.446175 0.812628 
0.005750 287999 16 14 823 32178695747 0.266295 5 0.387960 0.737774 1.094226 
0.007000 287999 16 15 823 37496765487 0.283931 5 0.452076 1.45712 1.826816 

BIGCROSS____________________________________________________________


0.001000 11620300 16 8 58978 99649534414 12.941915 178 0.000738 5.22315 28.249892 
0.005750 11620300 16 8 61598 694459071994 19.606996 178 0.005143 16.2167 46.010136 
0.010500 11620300 16 10 56374 3208504899404 33.632670 178 0.023761 58.2994 102.215630 
0.015250 11620300 16 12 41583 7818682622348 29.941420 178 0.057903 149.157 189.345971 
0.020000 11620300 16 14 31155 13768851946164 41.122553 178 0.101968 277.528 328.873889 

SUSY ________________________________________________________________


0.010000 5000000 16 6 40603 409808694890 5.736917 77 0.016392 7.1335 15.321582 
0.012750 5000000 16 7 41576 868242976496 10.302250 77 0.034730 17.3526 30.124124 
0.015500 5000000 16 7 28661 1833970276280 7.747424 77 0.073359 36.4371 46.630746 
0.018250 5000000 16 8 30870 2987267993858 12.383277 77 0.119491 63.0967 77.904556 
0.021000 5000000 16 9 31037 4419212407718 17.241271 77 0.176768 99.7337 119.432333 

 _______________ 128 _____ 1024 ____________________________



MSD ________________________________________________________________


0.007000 515345 16 12 2995 124420547383 1.351626 4 0.468485 4.30049 5.819550 
0.007525 515345 16 13 3135 133657237373 1.539202 4 0.503265 5.47714 7.182529 
0.008050 515345 16 13 3020 142833739177 1.496227 4 0.537817 6.79421 8.456353 
0.008575 515345 16 13 2752 150640412025 1.386617 4 0.567212 8.01734 9.571606 
0.009100 515345 16 14 2859 157893113227 1.649452 4 0.594521 9.6672 11.485006 

Census____________________________________________________________


0.001000 2458285 16 10 15657 22150808571 3.059948 19 0.003665 1.08593 4.924700 
0.003250 2458285 16 9 17772 118831834865 5.477621 19 0.019664 4.24137 10.537993 
0.005500 2458285 16 9 17794 348552162179 7.866902 19 0.057677 14.1771 22.850404 
0.007750 2458285 16 10 14223 774501769591 7.811884 19 0.128162 29.3035 37.927365 
0.010000 2458285 16 11 11414 1244699820971 7.209584 19 0.205968 50.7335 58.752605 

Wave __________________________________________________


0.002000 287999 16 12 1135 11280470943 0.305194 3 0.136002 0.137983 0.530488 
0.003250 287999 16 11 1008 19199317691 0.260923 3 0.231475 0.265488 0.614457 
0.004500 287999 16 13 934 26332472335 0.286809 3 0.317475 0.412928 0.787986 
0.005750 287999 16 14 823 32178695747 0.275710 3 0.387960 0.686489 1.052068 
0.007000 287999 16 15 823 37496765487 0.294321 3 0.452076 1.47211 1.855850 

BIGCROSS____________________________________________________________


0.001000 11620300 16 9 58978 99649534414 14.535392 89 0.000738 2.01583 23.048161 
0.005750 11620300 16 9 66125 689110958738 26.723040 89 0.005103 14.9851 48.200090 
0.010500 11620300 16 10 56374 3208504899404 38.635745 89 0.023761 51.4011 96.603464 
0.015250 11620300 16 12 41583 7818682622348 32.495188 89 0.057903 127.757 166.800990 
0.020000 11620300 16 14 31155 13768851946164 35.013553 89 0.101968 242.964 284.368671 

SUSY ________________________________________________________________


0.010000 5000000 16 6 40603 409808694890 5.695795 39 0.016392 5.34457 12.816588 
0.012750 5000000 16 7 41576 868242976496 11.418957 39 0.034730 12.6781 25.886034 
0.015500 5000000 16 7 28661 1833970276280 7.659540 39 0.073359 26.7251 36.213950 
0.018250 5000000 16 8 30870 2987267993858 13.078398 39 0.119491 47.1421 62.044143 
0.021000 5000000 16 9 31037 4419212407718 17.764029 39 0.176768 76.9985 96.578042 

 _______________ 256 _____ 1024 ____________________________



MSD ________________________________________________________________


0.007000 515345 16 12 2995 124420547383 1.328399 3 0.468485 4.51465 6.008560 
0.007525 515345 16 13 3135 133657237373 1.708986 3 0.503265 5.44372 7.319994 
0.008050 515345 16 13 3020 142833739177 1.520262 3 0.537817 6.95034 8.639522 
0.008575 515345 16 13 2752 150640412025 1.397258 3 0.567212 8.10041 9.662839 
0.009100 515345 16 14 2859 157893113227 1.606536 4 0.594521 9.25545 11.034258 

Census____________________________________________________________


0.001000 2458285 16 10 15657 22150808571 3.003175 10 0.003665 1.23976 4.941068 
0.003250 2458285 16 9 17772 118831834865 5.321604 10 0.019664 5.09685 11.204070 
0.005500 2458285 16 9 17794 348552162179 8.107428 10 0.057677 17.359 26.251694 
0.007750 2458285 16 10 14223 774501769591 8.103148 10 0.128162 35.8657 44.698543 
0.010000 2458285 16 11 11414 1244699820971 8.542379 10 0.205968 main: src/launcher.cu:3453: neighborTable* nodeLauncher5(double*, unsigned int, unsigned int, unsigned int, unsigned int*, double): Assertion `cudaSuccess == cudaMemcpyAsync(&keyValueIndex[i], &d_keyValueIndex[i], sizeof(unsigned long long ), cudaMemcpyDeviceToHost, stream[tid])' failed.
main: src/launcher.cu:3453: neighborTable* nodeLauncher5(double*, unsigned int, unsigned int, unsigned int, unsigned int*, double): Assertion `cudaSuccess == cudaMemcpyAsync(&keyValueIndex[i], &d_keyValueIndex[i], sizeof(unsigned long long ), cudaMemcpyDeviceToHost, stream[tid])' failed.
/var/spool/slurm/slurmd/job64943346/slurm_script: line 80: 3589323 Aborted                 (core dumped) ./build/main /scratch/bwd29/data/USC_Normalized_No1Col.bin 68 $j


Wave __________________________________________________


0.002000 287999 16 12 1135 11280470943 0.310827 2 0.136002 0.131601 0.529034 
0.003250 287999 16 11 1008 19199317691 0.260701 2 0.231475 0.250742 0.599933 
0.004500 287999 16 13 934 26332472335 0.292212 2 0.317475 0.408411 0.785573 
0.005750 287999 16 14 823 32178695747 0.273254 2 0.387960 0.71692 1.078467 
0.007000 287999 16 15 823 37496765487 0.291666 2 0.452076 1.46461 1.844782 

BIGCROSS____________________________________________________________


0.001000 11620300 16 8 58978 99649534414 13.610635 45 0.000738 2.15914 20.668536 
0.005750 11620300 16 8 61598 694459071994 19.285723 45 0.005143 14.6855 38.651362 
0.010500 11620300 16 10 56374 3208504899404 34.014976 45 0.023761 63.5554 102.261593 
0.015250 11620300 16 12 41583 7818682622348 41.302115 45 0.057903 172.981 218.959700 
0.020000 11620300 16 14 31155 13768851946164 39.823815 45 0.101968 324.294 368.688240 

SUSY ________________________________________________________________


0.010000 5000000 16 6 40603 409808694890 5.864182 20 0.016392 4.65777 11.910515 
0.012750 5000000 16 7 41576 868242976496 10.528864 20 0.034730 10.8412 22.776534 
0.015500 5000000 16 7 28661 1833970276280 7.216916 20 0.073359 22.836 31.414987 
0.018250 5000000 16 8 30870 2987267993858 13.450959 20 0.119491 41.4729 56.335244 
0.021000 5000000 16 9 31037 4419212407718 19.604860 20 0.176768 69.2613 90.268816 

 _______________ 32 _____ 1024 ____________________________



MSD ________________________________________________________________


0.007000 515345 16 12 2995 124420547383 1.337816 16 0.468485 4.13678 5.669314 
0.007525 515345 16 13 3135 133657237373 1.611716 16 0.503265 5.18093 6.981209 
0.008050 515345 16 13 3020 142833739177 1.508623 16 0.537817 6.60865 8.308311 
0.008575 515345 16 13 2752 150640412025 1.387575 16 0.567212 7.48863 9.068079 
0.009100 515345 16 14 2859 157893113227 1.609533 16 0.594521 8.9002 10.698984 

Census____________________________________________________________


0.001000 2458285 16 10 15657 22150808571 3.015701 76 0.003665 1.446 5.797892 
0.003250 2458285 16 9 17772 118831834865 5.456188 76 0.019664 4.87955 11.703025 
0.005500 2458285 16 9 17794 348552162179 7.614141 76 0.057677 17.2195 26.192646 
0.007750 2458285 16 10 14223 774501769591 8.071622 76 0.128162 33.5663 42.998788 
0.010000 2458285 16 11 11414 1244699820971 7.226993 76 0.205968 56.1599 64.778883 

Wave __________________________________________________


0.002000 287999 16 13 1156 11265647149 0.329160 9 0.135823 0.175629 0.596500 
0.003250 287999 16 11 1008 19199317691 0.256753 9 0.231475 0.332032 0.681693 
0.004500 287999 16 13 934 26332472335 0.279631 9 0.317475 0.539005 0.910336 
0.005750 287999 16 14 823 32178695747 0.270262 9 0.387960 0.833661 1.198793 
0.007000 287999 16 15 823 37496765487 0.292377 9 0.452076 1.58568 1.972204 

BIGCROSS____________________________________________________________


0.001000 11620300 16 8 58978 99649534414 13.484445 355 0.000738 7.54247 38.753725 
0.005750 11620300 16 8 61598 694459071994 19.942797 355 0.005143 18.7236 56.564294 
0.010500 11620300 16 10 56374 3208504899404 29.481604 355 0.023761 64.7715 111.818425 
0.015250 11620300 16 12 41583 7818682622348 30.823051 355 0.057903 123.816 172.457530 
0.020000 11620300 16 14 31155 13768851946164 36.924106 355 0.101968 225.379 280.388924 

SUSY ________________________________________________________________


0.010000 5000000 16 6 40603 409808694890 5.851815 153 0.016392 9.9965 19.744942 
0.012750 5000000 16 7 41576 868242976496 10.639866 153 0.034730 24.294 38.737663 
0.015500 5000000 16 7 28661 1833970276280 7.431728 153 0.073359 55.0214 66.362711 
0.018250 5000000 16 8 30870 2987267993858 12.571427 153 0.119491 89.5732 105.969015 
0.021000 5000000 16 9 31037 4419212407718 18.052325 153 0.176768 137.024 158.897908 

 _______________ 64 _____ 1024 ____________________________



MSD ________________________________________________________________


0.007000 515345 16 12 2995 124420547383 1.446840 8 0.468485 3.65847 5.272240 
0.007525 515345 16 13 3135 133657237373 1.564838 8 0.503265 4.63188 6.364927 
0.008050 515345 16 13 3020 142833739177 1.513910 8 0.537817 5.61011 7.293217 
0.008575 515345 16 13 2752 150640412025 1.392552 8 0.567212 6.57424 8.156231 
0.009100 515345 16 14 2859 157893113227 1.688849 8 0.594521 8.017 9.874833 

Census____________________________________________________________


0.001000 2458285 16 10 15657 22150808571 3.181578 38 0.003665 1.03058 5.189912 
0.003250 2458285 16 9 17772 118831834865 5.473356 38 0.019664 3.9479 10.435777 
0.005500 2458285 16 9 17794 348552162179 7.895835 38 0.057677 13.5781 22.501748 
0.007750 2458285 16 10 14223 774501769591 9.769804 38 0.128162 28.4723 39.285984 
0.010000 2458285 16 11 11414 1244699820971 7.155366 38 0.205968 48.0362 56.186230 

Wave __________________________________________________


0.002000 287999 16 13 1156 11265647149 0.333474 5 0.135823 0.146069 0.566331 
0.003250 287999 16 11 1008 19199317691 0.260753 5 0.231475 0.280115 0.626532 
0.004500 287999 16 13 934 26332472335 0.288436 5 0.317475 0.430914 0.805895 
0.005750 287999 16 14 823 32178695747 0.273282 5 0.387960 0.698318 1.061334 
0.007000 287999 16 15 823 37496765487 0.287599 5 0.452076 1.45446 1.829445 

BIGCROSS____________________________________________________________


0.001000 11620300 16 9 58978 99649534414 14.904516 178 0.000738 2.56129 27.623073 
0.005750 11620300 16 8 61598 694459071994 18.456504 178 0.005143 14.5085 43.242944 
0.010500 11620300 16 10 56374 3208504899404 35.702590 178 0.023761 48.014 94.099606 
0.015250 11620300 16 12 41583 7818682622348 36.110063 178 0.057903 107.671 154.006648 
0.020000 11620300 16 14 31155 13768851946164 36.431134 178 0.101968 203.604 250.192064 

SUSY ________________________________________________________________


0.010000 5000000 16 6 40603 409808694890 5.928953 77 0.016392 6.38427 14.744701 
0.012750 5000000 16 7 41576 868242976496 10.288830 77 0.034730 15.6926 28.494168 
0.015500 5000000 16 7 28661 1833970276280 7.307803 77 0.073359 32.2889 42.081587 
0.018250 5000000 16 8 30870 2987267993858 14.325719 77 0.119491 56.8156 73.630959 
0.021000 5000000 16 9 31037 4419212407718 18.966386 77 0.176768 90.2024 111.759233 

 _______________ 128 _____ 1024 ____________________________



MSD ________________________________________________________________


0.007000 515345 16 12 2995 124420547383 1.387314 4 0.468485 3.36032 4.914110 
0.007525 515345 16 13 3135 133657237373 1.623119 4 0.503265 4.21768 6.009070 
0.008050 515345 16 13 3020 142833739177 1.517838 4 0.537817 5.26467 6.952329 
0.008575 515345 16 13 2752 150640412025 1.413136 4 0.567212 6.25024 7.835159 
0.009100 515345 16 14 2859 157893113227 1.664872 4 0.594521 7.46347 9.315692 

Census____________________________________________________________


0.001000 2458285 16 10 15657 22150808571 3.106209 19 0.003665 0.874168 4.764795 
0.003250 2458285 16 9 17772 118831834865 6.013313 19 0.019664 3.31859 10.151693 
0.005500 2458285 16 9 17794 348552162179 7.878227 19 0.057677 11.6117 20.389312 
0.007750 2458285 16 10 14223 774501769591 8.569253 19 0.128162 24.3075 33.697979 
0.010000 2458285 16 11 11414 1244699820971 7.623462 19 0.205968 41.644 50.072435 

Wave __________________________________________________


0.002000 287999 16 12 1135 11280470943 0.298102 3 0.136002 0.13351 0.518792 
0.003250 287999 16 11 1008 19199317691 0.256737 3 0.231475 0.245518 0.589462 
0.004500 287999 16 13 934 26332472335 0.283125 3 0.317475 0.384605 0.753416 
0.005750 287999 16 14 823 32178695747 0.275716 3 0.387960 0.652408 1.018116 
0.007000 287999 16 15 823 37496765487 0.289316 3 0.452076 1.34542 1.722337 

BIGCROSS____________________________________________________________


0.001000 11620300 16 11 58978 99649534414 17.605741 89 0.000738 3.26389 27.300998 
0.005750 11620300 16 9 66125 689110958738 24.928975 89 0.005103 9.53504 40.993152 
0.010500 11620300 16 10 56374 3208504899404 28.675357 89 0.023761 37.4665 72.641699 
0.015250 11620300 16 12 41583 7818682622348 35.873266 89 0.057903 93.3768 135.795943 
0.020000 11620300 16 14 31155 13768851946164 38.521995 89 0.101968 174.76 219.890384 

SUSY ________________________________________________________________


0.010000 5000000 16 6 40603 409808694890 5.752794 39 0.016392 4.82807 12.413189 
0.012750 5000000 16 7 41576 868242976496 10.228530 39 0.034730 11.6563 23.691995 
0.015500 5000000 16 7 28661 1833970276280 7.287884 39 0.073359 24.4686 33.566519 
0.018250 5000000 16 8 30870 2987267993858 13.095334 39 0.119491 42.604 57.525728 
0.021000 5000000 16 9 31037 4419212407718 19.726200 39 0.176768 70.1022 91.637944 

 _______________ 256 _____ 1024 ____________________________



MSD ________________________________________________________________


0.007000 515345 16 12 2995 124420547383 1.333959 3 0.468485 3.36855 4.878477 
0.007525 515345 16 13 3135 133657237373 1.564172 3 0.503265 4.15528 5.892440 
0.008050 515345 16 13 3020 142833739177 1.567930 3 0.537817 5.22853 6.969635 
0.008575 515345 16 13 2752 150640412025 1.378045 3 0.567212 6.20174 7.751671 
0.009100 515345 16 14 2859 157893113227 1.632477 4 0.594521 7.13239 8.934696 

Census____________________________________________________________


0.001000 2458285 16 11 15657 22150808571 3.584105 10 0.003665 0.97586 5.258282 
0.003250 2458285 16 9 17772 118831834865 5.601468 10 0.019664 3.94503 10.280914 
0.005500 2458285 16 9 17794 348552162179 8.520389 10 0.057677 14.1209 23.374109 
0.007750 2458285 16 10 14223 774501769591 8.061811 10 0.128162 29.5408 38.312924 
0.010000 2458285 16 11 11414 1244699820971 8.256549 10 0.205968 main: src/launcher.cu:3453: neighborTable* nodeLauncher5(double*, unsigned int, unsigned int, unsigned int, unsigned int*, double): Assertion `cudaSuccess == cudaMemcpyAsync(&keyValueIndex[i], &d_keyValueIndex[i], sizeof(unsigned long long ), cudaMemcpyDeviceToHost, stream[tid])' failed.
main: src/launcher.cu:3453: neighborTable* nodeLauncher5(double*, unsigned int, unsigned int, unsigned int, unsigned int*, double): Assertion `cudaSuccess == cudaMemcpyAsync(&keyValueIndex[i], &d_keyValueIndex[i], sizeof(unsigned long long ), cudaMemcpyDeviceToHost, stream[tid])' failed.
/var/spool/slurm/slurmd/job64943346/slurm_script: line 80: 3650802 Aborted                 (core dumped) ./build/main /scratch/bwd29/data/USC_Normalized_No1Col.bin 68 $j


Wave __________________________________________________


0.002000 287999 16 12 1135 11280470943 0.308659 2 0.136002 0.131787 0.528738 
0.003250 287999 16 11 1008 19199317691 0.255035 2 0.231475 0.239989 0.579616 
0.004500 287999 16 13 934 26332472335 0.283542 2 0.317475 0.385745 0.756754 
0.005750 287999 16 14 823 32178695747 0.269768 2 0.387960 0.674197 1.028929 
0.007000 287999 16 15 823 37496765487 0.283386 2 0.452076 1.46372 1.831939 

BIGCROSS____________________________________________________________


0.001000 11620300 16 11 58978 99649534414 17.699192 45 0.000738 1.7908 24.145874 
0.005750 11620300 16 8 61598 694459071994 20.678501 45 0.005143 11.4998 36.751365 
0.010500 11620300 16 10 56374 3208504899404 28.188755 45 0.023761 48.4766 81.273457 
0.015250 11620300 16 12 41583 7818682622348 30.734211 45 0.057903 123.244 158.667148 
0.020000 11620300 16 14 31155 13768851946164 31.789304 45 0.101968 234.4 270.757721 

SUSY ________________________________________________________________


0.010000 5000000 16 6 40603 409808694890 5.637267 20 0.016392 4.22838 11.240353 
0.012750 5000000 16 7 41576 868242976496 10.565868 20 0.034730 9.87307 21.857553 
0.015500 5000000 16 7 28661 1833970276280 7.429522 20 0.073359 20.8595 29.675390 
0.018250 5000000 16 8 30870 2987267993858 13.602746 20 0.119491 38.5068 53.521610 
0.021000 5000000 16 9 31037 4419212407718 18.089652 20 0.176768 64.0817 83.516976 

 _______________ 32 _____ 1024 ____________________________



MSD ________________________________________________________________


0.007000 515345 16 12 2995 124420547383 1.427438 16 0.468485 3.48773 5.104154 
0.007525 515345 16 13 3135 133657237373 1.622600 16 0.503265 4.33086 6.143829 
0.008050 515345 16 13 3020 142833739177 1.514257 16 0.537817 5.33994 7.048518 
0.008575 515345 16 13 2752 150640412025 1.416888 16 0.567212 6.14548 7.758584 
0.009100 515345 16 14 2859 157893113227 1.638401 16 0.594521 7.44562 9.273799 

Census____________________________________________________________


0.001000 2458285 16 10 15657 22150808571 3.061498 76 0.003665 1.31918 5.705465 
0.003250 2458285 16 9 17772 118831834865 5.493886 76 0.019664 5.66921 12.592256 
0.005500 2458285 16 9 17794 348552162179 7.855754 76 0.057677 18.473 27.775889 
0.007750 2458285 16 10 14223 774501769591 7.878118 76 0.128162 36.6251 45.936740 
0.010000 2458285 16 11 11414 1244699820971 7.826416 76 0.205968 61.2504 70.475955 

Wave __________________________________________________


0.002000 287999 16 12 1135 11280470943 0.303173 9 0.136002 0.206636 0.604129 
0.003250 287999 16 11 1008 19199317691 0.258781 9 0.231475 0.391302 0.744266 
0.004500 287999 16 13 934 26332472335 0.282479 9 0.317475 0.611786 0.986350 
0.005750 287999 16 14 823 32178695747 0.274557 9 0.387960 0.909093 1.276574 
0.007000 287999 16 15 823 37496765487 0.287749 9 0.452076 1.69109 2.074650 

BIGCROSS____________________________________________________________


0.001000 11620300 16 8 58978 99649534414 13.138560 355 0.000738 10.7143 41.502544 
0.005750 11620300 16 8 61598 694459071994 19.773172 355 0.005143 19.5826 57.079226 
0.010500 11620300 16 10 56374 3208504899404 30.943210 355 0.023761 43.1976 91.786523 
0.015250 11620300 16 12 41583 7818682622348 32.389605 355 0.057903 102.45 152.544647 
0.020000 11620300 16 14 31155 13768851946164 39.667919 355 0.101968 208.832 266.044580 

SUSY ________________________________________________________________


0.010000 5000000 16 6 40603 409808694890 5.352182 153 0.016392 10.8825 20.094691 
0.012750 5000000 16 7 41576 868242976496 10.491933 153 0.034730 30.4962 44.845220 
0.015500 5000000 16 7 28661 1833970276280 7.471202 153 0.073359 56.9165 68.239005 
0.018250 5000000 16 8 30870 2987267993858 12.916197 153 0.119491 100.021 116.756244 
0.021000 5000000 16 9 31037 4419212407718 17.078072 153 0.176768 152.075 173.001033 

 _______________ 64 _____ 1024 ____________________________



MSD ________________________________________________________________


0.007000 515345 16 12 2995 124420547383 1.351343 8 0.468485 3.05261 4.581069 
0.007525 515345 16 13 3135 133657237373 1.585153 8 0.503265 3.76307 5.515847 
0.008050 515345 16 13 3020 142833739177 1.459741 8 0.537817 4.80158 6.431758 
0.008575 515345 16 13 2752 150640412025 1.416591 8 0.567212 5.58281 7.174260 
0.009100 515345 16 14 2859 157893113227 1.645182 8 0.594521 6.71178 8.525860 

Census____________________________________________________________


0.001000 2458285 16 10 15657 22150808571 3.041245 38 0.003665 1.13941 5.178924 
0.003250 2458285 16 9 17772 118831834865 5.729824 38 0.019664 4.16025 10.922598 
0.005500 2458285 16 9 17794 348552162179 8.265639 38 0.057677 14.9483 24.220276 
0.007750 2458285 16 10 14223 774501769591 8.207118 38 0.128162 30.6471 39.912265 
0.010000 2458285 16 11 11414 1244699820971 7.551711 38 0.205968 51.7043 60.314033 

Wave __________________________________________________


0.002000 287999 16 13 1156 11265647149 0.332441 5 0.135823 0.16902 0.588101 
0.003250 287999 16 11 1008 19199317691 0.261794 5 0.231475 0.326156 0.675057 
0.004500 287999 16 13 934 26332472335 0.285307 5 0.317475 0.490393 0.866851 
0.005750 287999 16 14 823 32178695747 0.274022 5 0.387960 0.791424 1.164372 
0.007000 287999 16 15 823 37496765487 0.292512 5 0.452076 1.48655 1.869555 

BIGCROSS____________________________________________________________


0.001000 11620300 16 7 58978 99649534414 12.375433 178 0.000738 13.8354 36.444957 
0.005750 11620300 16 8 61598 694459071994 18.950915 178 0.005143 8.83048 38.037467 
0.010500 11620300 16 10 56374 3208504899404 33.750140 178 0.023761 55.5881 99.616275 
0.015250 11620300 16 12 41583 7818682622348 30.775521 178 0.057903 93.5456 134.557003 
0.020000 11620300 16 14 31155 13768851946164 35.530721 178 0.101968 165.307 211.351858 

SUSY ________________________________________________________________


0.010000 5000000 16 6 40603 409808694890 5.858301 77 0.016392 7.14314 15.460513 
0.012750 5000000 16 7 41576 868242976496 10.340188 77 0.034730 19.4965 32.334830 
0.015500 5000000 16 7 28661 1833970276280 7.339325 77 0.073359 35.9212 45.778621 
0.018250 5000000 16 8 30870 2987267993858 12.739665 77 0.119491 61.6051 76.808249 
0.021000 5000000 16 9 31037 4419212407718 19.076594 77 0.176768 98.1532 119.774779 

 _______________ 128 _____ 1024 ____________________________



MSD ________________________________________________________________


0.007000 515345 16 12 2995 124420547383 1.402960 4 0.468485 2.88768 4.454102 
0.007525 515345 16 13 3135 133657237373 1.584934 4 0.503265 3.54503 5.302078 
0.008050 515345 16 13 3020 142833739177 1.510947 4 0.537817 4.55936 6.238764 
0.008575 515345 16 13 2752 150640412025 1.382972 4 0.567212 5.24938 6.799729 
0.009100 515345 16 14 2859 157893113227 1.640080 4 0.594521 6.19391 8.007281 

Census____________________________________________________________


0.001000 2458285 16 11 15657 22150808571 3.424498 19 0.003665 0.89532 5.123946 
0.003250 2458285 16 9 17772 118831834865 5.418485 19 0.019664 3.61976 9.861563 
0.005500 2458285 16 9 17794 348552162179 7.893006 19 0.057677 12.5904 21.295029 
0.007750 2458285 16 10 14223 774501769591 8.296946 19 0.128162 26.4075 35.533510 
0.010000 2458285 16 11 11414 1244699820971 7.267141 19 0.205968 45.0028 53.076495 

Wave __________________________________________________


0.002000 287999 16 13 1156 11265647149 0.330223 3 0.135823 0.149482 0.568718 
0.003250 287999 16 11 1008 19199317691 0.257085 3 0.231475 0.291003 0.635775 
0.004500 287999 16 13 934 26332472335 0.287713 3 0.317475 0.432757 0.805603 
0.005750 287999 16 14 823 32178695747 0.276423 3 0.387960 0.711391 1.073623 
0.007000 287999 16 15 823 37496765487 0.291172 3 0.452076 1.48752 1.865779 

BIGCROSS____________________________________________________________


0.001000 11620300 16 9 58978 99649534414 15.119905 89 0.000738 1.60671 23.156931 
0.005750 11620300 16 9 66125 689110958738 23.952225 89 0.005103 8.47793 38.956505 
0.010500 11620300 16 10 56374 3208504899404 28.100862 89 0.023761 35.046 69.756868 
0.015250 11620300 16 12 41583 7818682622348 34.392520 89 0.057903 77.3472 118.266196 
0.020000 11620300 16 14 31155 13768851946164 35.631623 89 0.101968 144.961 187.074700 

SUSY ________________________________________________________________


0.010000 5000000 16 6 40603 409808694890 6.041642 39 0.016392 5.73496 13.558323 
0.012750 5000000 16 7 41576 868242976496 10.258277 39 0.034730 12.9603 24.993005 
0.015500 5000000 16 7 28661 1833970276280 8.377457 39 0.073359 26.792 37.034392 
0.018250 5000000 16 8 30870 2987267993858 13.349445 39 0.119491 46.2883 61.423725 
0.021000 5000000 16 9 31037 4419212407718 19.261690 39 0.176768 76.3331 97.431323 

 _______________ 256 _____ 1024 ____________________________



MSD ________________________________________________________________


0.007000 515345 16 12 2995 124420547383 1.606953 3 0.468485 2.912 4.690433 
0.007525 515345 16 13 3135 133657237373 1.634859 3 0.503265 3.48865 5.295609 
0.008050 515345 16 13 3020 142833739177 1.502326 3 0.537817 4.31529 5.985910 
0.008575 515345 16 13 2752 150640412025 1.412833 3 0.567212 5.17943 6.766121 
0.009100 515345 16 14 2859 157893113227 1.669457 4 0.594521 5.77656 7.620538 

Census____________________________________________________________


0.001000 2458285 16 10 15657 22150808571 3.240545 10 0.003665 0.978585 4.917071 
0.003250 2458285 16 9 17772 118831834865 5.455141 10 0.019664 4.33472 10.503564 
0.005500 2458285 16 9 17794 348552162179 8.296602 10 0.057677 15.3583 24.411362 
0.007750 2458285 16 10 14223 774501769591 8.307419 10 0.128162 32.4397 41.529091 
0.010000 2458285 16 11 11414 1244699820971 7.555147 10 0.205968 main: src/launcher.cu:3453: neighborTable* nodeLauncher5(double*, unsigned int, unsigned int, unsigned int, unsigned int*, double): Assertion `cudaSuccess == cudaMemcpyAsync(&keyValueIndex[i], &d_keyValueIndex[i], sizeof(unsigned long long ), cudaMemcpyDeviceToHost, stream[tid])' failed.
main: src/launcher.cu:3453: neighborTable* nodeLauncher5(double*, unsigned int, unsigned int, unsigned int, unsigned int*, double): Assertion `cudaSuccess == cudaMemcpyAsync(&keyValueIndex[i], &d_keyValueIndex[i], sizeof(unsigned long long ), cudaMemcpyDeviceToHost, stream[tid])' failed.
/var/spool/slurm/slurmd/job64943346/slurm_script: line 80: 3712869 Aborted                 (core dumped) ./build/main /scratch/bwd29/data/USC_Normalized_No1Col.bin 68 $j


Wave __________________________________________________


0.002000 287999 16 13 1156 11265647149 0.331483 2 0.135823 0.154242 0.567649 
0.003250 287999 16 11 1008 19199317691 0.262304 2 0.231475 0.269483 0.619610 
0.004500 287999 16 13 934 26332472335 0.286965 2 0.317475 0.421169 0.794939 
0.005750 287999 16 14 823 32178695747 0.271954 2 0.387960 0.750975 1.114248 
0.007000 287999 16 15 823 37496765487 0.288978 2 0.452076 1.48626 1.859993 

BIGCROSS____________________________________________________________


0.001000 11620300 16 9 58978 99649534414 14.545045 45 0.000738 1.61819 20.808229 
0.005750 11620300 16 8 61598 694459071994 20.241018 45 0.005143 9.19568 34.187350 
0.010500 11620300 16 10 56374 3208504899404 35.576338 45 0.023761 40.7688 81.035009 
0.015250 11620300 16 12 41583 7818682622348 30.856708 45 0.057903 105.393 140.924965 
0.020000 11620300 16 14 31155 13768851946164 40.789920 45 0.101968 192.422 237.923012 

SUSY ________________________________________________________________


0.010000 5000000 16 6 40603 409808694890 6.064725 20 0.016392 4.84243 12.292197 
0.012750 5000000 16 7 41576 868242976496 10.458954 20 0.034730 10.9342 22.826884 
0.015500 5000000 16 7 28661 1833970276280 8.100142 20 0.073359 22.8085 32.282424 
0.018250 5000000 16 8 30870 2987267993858 12.775324 20 0.119491 40.9882 55.138926 
0.021000 5000000 16 9 31037 4419212407718 17.924481 20 0.176768 67.0117 86.308151 

 _______________ 32 _____ 1024 ____________________________



MSD ________________________________________________________________


0.007000 515345 16 12 2995 124420547383 1.353704 16 0.468485 3.14465 4.720919 
0.007525 515345 16 13 3135 133657237373 1.637222 16 0.503265 3.77976 5.635973 
0.008050 515345 16 13 3020 142833739177 1.505712 16 0.537817 4.77265 6.471305 
0.008575 515345 16 13 2752 150640412025 1.457372 16 0.567212 5.4569 7.109296 
0.009100 515345 16 14 2859 157893113227 1.692781 16 0.594521 6.35816 8.243417 

Census____________________________________________________________


0.001000 2458285 16 11 15657 22150808571 3.427834 76 0.003665 1.43058 6.171785 
0.003250 2458285 16 9 17772 118831834865 5.553438 76 0.019664 6.51665 13.523141 
0.005500 2458285 16 9 17794 348552162179 8.017174 76 0.057677 20.6857 30.059804 
0.007750 2458285 16 10 14223 774501769591 8.125515 76 0.128162 41.3896 50.911736 
0.010000 2458285 16 11 11414 1244699820971 7.302310 76 0.205968 67.9764 76.646901 

Wave __________________________________________________


0.002000 287999 16 13 1156 11265647149 0.331454 9 0.135823 0.308189 0.730020 
0.003250 287999 16 11 1008 19199317691 0.265122 9 0.231475 0.562044 0.924289 
0.004500 287999 16 13 934 26332472335 0.288255 9 0.317475 0.817346 1.200717 
0.005750 287999 16 14 823 32178695747 0.274139 9 0.387960 1.13853 1.504550 
0.007000 287999 16 15 823 37496765487 0.289101 9 0.452076 2.02094 2.401823 

BIGCROSS____________________________________________________________


0.001000 11620300 16 8 58978 99649534414 12.396519 355 0.000738 10.5865 40.944156 
0.005750 11620300 16 8 61598 694459071994 19.673097 355 0.005143 22.2112 59.581083 
0.010500 11620300 16 10 56374 3208504899404 32.760067 355 0.023761 68.854 119.345358 
0.015250 11620300 16 12 41583 7818682622348 35.091539 355 0.057903 125.041 178.039471 
0.020000 11620300 16 14 31155 13768851946164 36.665700 355 0.101968 222.938 277.687844 

SUSY ________________________________________________________________


0.010000 5000000 16 6 40603 409808694890 5.733321 153 0.016392 14.4564 24.024142 
0.012750 5000000 16 7 41576 868242976496 10.392026 153 0.034730 34.1407 48.454481 
0.015500 5000000 16 7 28661 1833970276280 7.246469 153 0.073359 69.719 80.845762 
0.018250 5000000 16 8 30870 2987267993858 13.741185 153 0.119491 123.04 140.642231 
0.021000 5000000 16 9 31037 4419212407718 17.699895 153 0.176768 183.429 205.058959 

 _______________ 64 _____ 1024 ____________________________



MSD ________________________________________________________________


0.007000 515345 16 12 2995 124420547383 1.349990 8 0.468485 2.89971 4.432314 
0.007525 515345 16 13 3135 133657237373 1.582990 8 0.503265 3.39247 5.145670 
0.008050 515345 16 13 3020 142833739177 1.517370 8 0.537817 4.21946 5.907035 
0.008575 515345 16 13 2752 150640412025 1.396159 8 0.567212 4.93185 6.496672 
0.009100 515345 16 14 2859 157893113227 1.655408 8 0.594521 5.8586 7.684973 

Census____________________________________________________________


0.001000 2458285 16 10 15657 22150808571 3.107737 38 0.003665 1.17688 5.259298 
0.003250 2458285 16 9 17772 118831834865 5.770239 38 0.019664 5.44367 12.270332 
0.005500 2458285 16 9 17794 348552162179 8.252923 38 0.057677 16.6572 25.970771 
0.007750 2458285 16 10 14223 774501769591 8.040115 38 0.128162 34.8878 44.005693 
0.010000 2458285 16 11 11414 1244699820971 7.268911 38 0.205968 57.2958 65.570000 

Wave __________________________________________________


0.002000 287999 16 12 1135 11280470943 0.293591 5 0.136002 0.245362 0.629960 
0.003250 287999 16 11 1008 19199317691 0.257041 5 0.231475 0.452123 0.797875 
0.004500 287999 16 13 934 26332472335 0.285461 5 0.317475 0.63464 1.009320 
0.005750 287999 16 14 823 32178695747 0.274810 5 0.387960 0.976653 1.341409 
0.007000 287999 16 15 823 37496765487 0.289437 5 0.452076 1.73003 2.109911 

BIGCROSS____________________________________________________________


0.001000 11620300 16 9 58978 99649534414 15.686984 178 0.000738 2.92255 28.760599 
0.005750 11620300 16 8 61598 694459071994 22.061852 178 0.005143 11.8595 44.179032 
0.010500 11620300 16 10 56374 3208504899404 32.984948 178 0.023761 49.4785 105.294259 
0.015250 11620300 16 12 41583 7818682622348 37.918331 178 0.057903 121.65 169.754254 
0.020000 11620300 16 14 31155 13768851946164 31.563458 178 0.101968 200.892 242.762266 

SUSY ________________________________________________________________


0.010000 5000000 16 6 40603 409808694890 5.948113 77 0.016392 10.1749 18.590040 
0.012750 5000000 16 7 41576 868242976496 10.328988 77 0.034730 22.2467 35.061199 
0.015500 5000000 16 7 28661 1833970276280 7.595095 77 0.073359 43.8681 53.946419 
0.018250 5000000 16 8 30870 2987267993858 15.544872 77 0.119491 77.4927 95.504182 
0.021000 5000000 16 9 31037 4419212407718 17.643434 77 0.176768 119.35 139.540737 

 _______________ 128 _____ 1024 ____________________________



MSD ________________________________________________________________


0.007000 515345 16 12 2995 124420547383 1.347883 4 0.468485 2.78224 4.298720 
0.007525 515345 16 13 3135 133657237373 1.584898 4 0.503265 3.20427 4.956644 
0.008050 515345 16 13 3020 142833739177 1.510365 4 0.537817 4.0227 5.699843 
0.008575 515345 16 13 2752 150640412025 1.385781 4 0.567212 4.81916 6.369373 
0.009100 515345 16 14 2859 157893113227 1.638254 4 0.594521 5.46116 7.268909 

Census____________________________________________________________


0.001000 2458285 16 10 15657 22150808571 3.097732 19 0.003665 0.945315 4.832670 
0.003250 2458285 16 9 17772 118831834865 5.515370 19 0.019664 4.20986 10.538498 
0.005500 2458285 16 9 17794 348552162179 10.370643 19 0.057677 14.1808 25.437267 
0.007750 2458285 16 10 14223 774501769591 7.833703 19 0.128162 29.6556 38.298433 
0.010000 2458285 16 11 11414 1244699820971 7.470362 19 0.205968 49.3401 57.621716 

Wave __________________________________________________


0.002000 287999 16 13 1156 11265647149 0.324885 3 0.135823 0.231174 0.642330 
0.003250 287999 16 11 1008 19199317691 0.261028 3 0.231475 0.401199 0.747046 
0.004500 287999 16 13 934 26332472335 0.288341 3 0.317475 0.586971 0.963234 
0.005750 287999 16 14 823 32178695747 0.274786 3 0.387960 0.867258 1.228328 
0.007000 287999 16 15 823 37496765487 0.286600 3 0.452076 1.63618 2.013398 

BIGCROSS____________________________________________________________


0.001000 11620300 16 11 58978 99649534414 17.254601 89 0.000738 3.44667 27.134946 
0.005750 11620300 16 9 66125 689110958738 24.216507 89 0.005103 9.30724 40.099490 
0.010500 11620300 16 10 56374 3208504899404 28.770183 89 0.023761 39.9506 75.284589 
0.015250 11620300 16 12 41583 7818682622348 38.862359 89 0.057903 96.9157 142.208738 
0.020000 11620300 16 14 31155 13768851946164 37.007851 89 0.101968 175.492 219.227425 

SUSY ________________________________________________________________


0.010000 5000000 16 6 40603 409808694890 6.101156 39 0.016392 7.21562 15.107042 
0.012750 5000000 16 7 41576 868242976496 10.504449 39 0.034730 16.5194 28.859731 
0.015500 5000000 16 7 28661 1833970276280 7.400570 39 0.073359 33.3403 42.517238 
0.018250 5000000 16 8 30870 2987267993858 13.252970 39 0.119491 57.3878 72.422951 
0.021000 5000000 16 9 31037 4419212407718 17.503498 39 0.176768 90.3624 109.649190 

 _______________ 256 _____ 1024 ____________________________



MSD ________________________________________________________________


0.007000 515345 16 12 2995 124420547383 1.350839 3 0.468485 2.78166 4.298147 
0.007525 515345 16 13 3135 133657237373 1.653541 3 0.503265 3.43044 5.256147 
0.008050 515345 16 13 3020 142833739177 1.495645 3 0.537817 4.15554 5.825102 
0.008575 515345 16 13 2752 150640412025 1.347217 3 0.567212 4.85082 6.439465 
0.009100 515345 16 14 2859 157893113227 1.651798 4 0.594521 5.30482 7.127895 

Census____________________________________________________________


0.001000 2458285 16 10 15657 22150808571 3.125492 10 0.003665 1.07195 4.897652 
0.003250 2458285 16 9 17772 118831834865 5.455484 10 0.019664 4.95761 11.148589 
0.005500 2458285 16 9 17794 348552162179 7.732283 10 0.057677 17.5226 25.999802 
0.007750 2458285 16 10 14223 774501769591 8.152724 10 0.128162 36.6354 45.530450 
0.010000 2458285 16 11 11414 1244699820971 7.253160 10 0.205968 main: src/launcher.cu:3453: neighborTable* nodeLauncher5(double*, unsigned int, unsigned int, unsigned int, unsigned int*, double): Assertion `cudaSuccess == cudaMemcpyAsync(&keyValueIndex[i], &d_keyValueIndex[i], sizeof(unsigned long long ), cudaMemcpyDeviceToHost, stream[tid])' failed.
main: src/launcher.cu:3453: neighborTable* nodeLauncher5(double*, unsigned int, unsigned int, unsigned int, unsigned int*, double): Assertion `cudaSuccess == cudaMemcpyAsync(&keyValueIndex[i], &d_keyValueIndex[i], sizeof(unsigned long long ), cudaMemcpyDeviceToHost, stream[tid])' failed.
/var/spool/slurm/slurmd/job64943346/slurm_script: line 80: 3774373 Aborted                 (core dumped) ./build/main /scratch/bwd29/data/USC_Normalized_No1Col.bin 68 $j


Wave __________________________________________________


0.002000 287999 16 12 1135 11280470943 0.306153 2 0.136002 0.199235 0.589014 
0.003250 287999 16 11 1008 19199317691 0.262445 2 0.231475 0.347866 0.697115 
0.004500 287999 16 13 934 26332472335 0.284934 2 0.317475 0.572998 0.944300 
0.005750 287999 16 14 823 32178695747 0.277140 2 0.387960 0.87866 1.238775 
0.007000 287999 16 15 823 37496765487 0.284061 2 0.452076 1.62673 1.997919 

BIGCROSS____________________________________________________________


0.001000 11620300 16 8 58978 99649534414 13.926952 45 0.000738 1.89852 20.380189 
0.005750 11620300 16 8 61598 694459071994 19.053345 45 0.005143 12.773 36.451076 
0.010500 11620300 16 10 56374 3208504899404 28.644545 45 0.023761 52.0881 85.581920 
0.015250 11620300 16 12 41583 7818682622348 39.033435 45 0.057903 122.848 166.498745 
0.020000 11620300 16 14 31155 13768851946164 41.130467 45 0.101968 228.767 274.570902 

SUSY ________________________________________________________________


0.010000 5000000 16 6 40603 409808694890 5.729176 20 0.016392 6.25934 13.360191 
0.012750 5000000 16 7 41576 868242976496 10.320082 20 0.034730 14.3432 26.098016 
0.015500 5000000 16 7 28661 1833970276280 7.417707 20 0.073359 28.8002 37.595714 
0.018250 5000000 16 8 30870 2987267993858 12.730535 20 0.119491 50.9784 65.122245 
0.021000 5000000 16 9 31037 4419212407718 18.535100 20 0.176768 80.9923 100.971607 