
EPSILON | NUMPOINTS | RP | NODES | CALCS | Construct T | Total T



MSD ________________________________________________________________


0.007000 515345 12 979 111751608717 1.384691 3.905376 
0.007525 515345 13 1057 118752402897 1.680424 4.848944 
0.008050 515345 13 937 126893182915 1.470453 5.190356 
0.008575 515345 14 998 133407766973 1.736405 6.358848 
0.009100 515345 12 697 143807192601 1.423127 7.186663 

SUSY ________________________________________________________________


0.010000 5000000 6 14029 611929908276 8.443949 17.782469 
0.012750 5000000 7 14894 1110690896942 10.575255 30.446546 
0.015500 5000000 8 15695 1737323516914 15.608456 53.132818 
0.018250 5000000 9 18997 2649571420480 22.666571 90.441325 
0.021000 5000000 9 14261 4201305210822 19.530388 main: src/launcher.cu:1830: neighborTable* nodeLauncher(double*, unsigned int, unsigned int, unsigned int, unsigned int*, double): Assertion `cudaSuccess == cudaMemcpyAsync(&keyValueIndex[i], &d_keyValueIndex[i], sizeof(unsigned long long ), cudaMemcpyDeviceToHost, stream[tid])' failed.
main: src/launcher.cu:1840: neighborTable* nodeLauncher(double*, unsigned int, unsigned int, unsigned int, unsigned int*, double): Assertion `cudaSuccess == cudaMallocHost((void**) &pointB[tid], sizeof(unsigned int)*(keyValueIndex[i] + 1))' failed.
/var/spool/slurm/slurmd/job54029244/slurm_script: line 87: 3347775 Aborted                 (core dumped) ./build/main /scratch/bwd29/data/SUSY_Normalized.bin 18 $j


HIGGS ________________________________________________________________


0.010000 11000000 7 45098 1821534431444 39.541206 84.431307 
0.021375 11000000 10 76118 15154182093780 161.281078 /var/spool/slurm/slurmd/job54029244/slurm_script: line 95: 3357481 Segmentation fault      (core dumped) ./build/main /scratch/bwd29/data/HIGSS_Normalized.bin 28 $j

0.032750 11000000 12 48053 46013145042564 180.463104 /var/spool/slurm/slurmd/job54029244/slurm_script: line 95: 3362029 Segmentation fault      (core dumped) ./build/main /scratch/bwd29/data/HIGSS_Normalized.bin 28 $j

0.044125 11000000 14 31351 75000902914410 165.916707 3273.753833 
0.055500 11000000 15 19019 95781760395042 102.213176 terminate called after throwing an instance of 'thrust::system::detail::bad_alloc'
  what():  std::bad_alloc: cudaErrorMemoryAllocation: out of memory
/var/spool/slurm/slurmd/job54029244/slurm_script: line 95: 3428549 Aborted                 (core dumped) ./build/main /scratch/bwd29/data/HIGSS_Normalized.bin 28 $j

Tiny____________________________________________________


0.200000 5000000 17 14807 5519763148086 80.668518 590.662421 
0.260000 5000000 20 11610 7461690334312 82.710577 1087.580685 
0.320000 5000000 22 9009 9300609185566 79.452401 terminate called after throwing an instance of 'thrust::system::detail::bad_alloc'
  what():  std::bad_alloc: cudaErrorMemoryAllocation: out of memory
/var/spool/slurm/slurmd/job54029244/slurm_script: line 103: 3507273 Aborted                 (core dumped) ./build/main /scratch/bwd29/data/TINY_Normalized.bin 384 $j

0.380000 5000000 26 9985 10952418706358 101.634879 main: src/launcher.cu:1703: neighborTable* nodeLauncher(double*, unsigned int, unsigned int, unsigned int, unsigned int*, double): Assertion `cudaSuccess == cudaMalloc((void**)&d_pointB[i], sizeof(unsigned int)*resultsSize)' failed.
/var/spool/slurm/slurmd/job54029244/slurm_script: line 103: 3543313 Aborted                 (core dumped) ./build/main /scratch/bwd29/data/TINY_Normalized.bin 384 $j

0.440000 5000000 28 7729 12588950650542 94.008743 main: src/launcher.cu:1703: neighborTable* nodeLauncher(double*, unsigned int, unsigned int, unsigned int, unsigned int*, double): Assertion `cudaSuccess == cudaMalloc((void**)&d_pointB[i], sizeof(unsigned int)*resultsSize)' failed.
/var/spool/slurm/slurmd/job54029244/slurm_script: line 103: 3544317 Aborted                 (core dumped) ./build/main /scratch/bwd29/data/TINY_Normalized.bin 384 $j
