
EPSILON | NUMPOINTS | RP | NODES | CALCS | Construct T | Total T



SUSY ________________________________________________________________


0.010000 5000000 6 65570 419839867044 15.824007 23.233744 
0.012750 5000000 6 35030 1079084190234 9.809900 29.348153 
0.015500 5000000 7 39305 1838081297212 15.828188 53.877872 
0.018250 5000000 7 25025 3187346276060 11.867591 87.463614 
0.021000 5000000 8 28296 4609307277050 18.603638 150.212385 

SUSY ________________________________________________________________


0.010000 5000000 6 55693 423521455184 13.210155 20.738858 
0.012750 5000000 7 56341 880234747590 22.734852 39.567549 
0.015500 5000000 7 34443 1840294990828 14.338136 52.532141 
0.018250 5000000 7 22125 3188766213928 11.254971 87.149329 
0.021000 5000000 8 24969 4611232273728 17.887558 148.508090 

SUSY ________________________________________________________________


0.010000 5000000 6 46648 429959187576 11.927948 19.386670 
0.012750 5000000 7 47420 887450152454 19.592519 36.406545 
0.015500 5000000 7 29659 1844320414530 13.217130 51.300716 
0.018250 5000000 8 33049 2746954974030 19.885456 88.528510 
0.021000 5000000 9 35347 4149132311832 29.048026 154.286520 

SUSY ________________________________________________________________


0.010000 5000000 6 38212 441245196758 10.441618 17.720223 
0.012750 5000000 7 39178 899601845682 16.857946 34.743992 
0.015500 5000000 7 25250 1851379011844 12.713267 50.562384 
0.018250 5000000 8 27994 2755443284314 18.926691 87.324729 
0.021000 5000000 9 30045 4158412952540 26.694383 150.957922 

SUSY ________________________________________________________________


0.010000 5000000 6 30641 460604474846 8.978450 17.296682 
0.012750 5000000 7 31585 920542643636 15.238181 32.268108 
0.015500 5000000 7 21225 1863156114740 11.405737 50.122012 
0.018250 5000000 7 14499 3202769505410 8.817079 84.963605 
0.021000 5000000 9 24988 4174809810448 21.573966 147.296914 

SUSY ________________________________________________________________


0.010000 5000000 6 23843 492297730134 8.116951 17.069565 
0.012750 5000000 7 24910 954626789674 12.199355 30.047234 
0.015500 5000000 8 26005 1605686987236 17.129935 51.928513 
0.018250 5000000 9 27817 2533209290992 25.036369 91.268094 
0.021000 5000000 9 20587 4200117264358 19.435532 142.387495 

SUSY ________________________________________________________________


0.010000 5000000 6 18111 540922148988 7.345424 15.853596 
0.012750 5000000 7 19165 1006567302356 9.661467 27.522831 
0.015500 5000000 8 20351 1663459327680 14.668486 50.759848 
0.018250 5000000 9 21847 2591275709372 19.240989 85.293114 
0.021000 5000000 10 21780 4001932806700 26.600722 148.151200 

SUSY ________________________________________________________________


0.010000 5000000 6 12551 626048200364 6.160730 15.498591 
0.012750 5000000 7 13885 1092984195940 8.514275 27.401813 
0.015500 5000000 8 15092 1760791874862 12.491117 48.812015 
0.018250 5000000 9 16332 2689978141346 16.909853 84.754530 
0.021000 5000000 10 16523 4098058702722 21.526128 142.722515 

SUSY ________________________________________________________________


0.010000 5000000 6 8474 736928802034 5.583312 16.243179 
0.012750 5000000 7 9686 1216795090208 7.583093 28.201043 
0.015500 5000000 9 12410 1855769316604 12.567054 50.085066 
0.018250 5000000 9 11931 2836763812490 13.530841 83.331303 
0.021000 5000000 10 12169 4244573717430 16.756598 140.970670 

SUSY ________________________________________________________________


0.010000 5000000 6 5682 875032276142 4.620144 16.980506 
0.012750 5000000 7 6466 1375376270808 6.484818 28.896349 
0.015500 5000000 9 8228 2070247418458 10.395922 51.094151 
0.018250 5000000 9 8436 3035661485170 11.333882 82.961906 
0.021000 5000000 12 11918 4181094466870 22.763561 146.625424 

SUSY ________________________________________________________________


0.010000 5000000 6 3408 1089502634130 4.565131 19.558152 
0.012750 5000000 7 4097 1604495598916 6.431392 32.268883 
0.015500 5000000 10 5098 2344411560046 8.952097 53.601793 
0.018250 5000000 10 6123 3295710053246 11.204996 87.062116 
0.021000 5000000 12 7697 4574594544026 16.160758 142.582449 