
EPSILON | NUMPOINTS | RP | NODES | CALCS | Construct T | Total T



MSD ________________________________________________________________


0.007000 515345 14 2438 107142926357 1.508930 4.173206 
0.007525 515345 13 2010 116092384989 1.324677 4.823590 
0.008050 515345 14 2128 123335502953 1.445405 5.788155 
0.008575 515345 14 1936 131170941807 1.424881 6.917895 
0.009100 515345 15 2090 138666871987 1.530418 8.327369 

UNI ________________________________________________________________


0.250000 2000000 7 14303 380741931490 3.680806 8.363481 
0.300000 2000000 7 9544 742469458250 2.947507 11.074290 
0.350000 2000000 8 12080 1051625127648 4.875507 18.035957 
0.400000 2000000 8 7993 1611980428584 3.245769 22.331125 
0.450000 2000000 8 5830 2091756932602 2.940804 30.066543 

EXPO ________________________________________________________________


0.030000 2000000 10 13782 1447117561564 7.737920 28.917033 
0.033750 2000000 10 10985 1821002823652 6.792550 34.812805 
0.037500 2000000 10 9983 2127730479806 6.714045 41.445775 
0.041250 2000000 11 10465 2413733837108 7.430785 51.661849 
0.045000 2000000 11 8231 2664959580840 6.312797 main: src/launcher.cu:2219: neighborTable* nodeLauncher2(double*, unsigned int, unsigned int, unsigned int, unsigned int*, double): Assertion `cudaSuccess == cudaMemcpyAsync(&keyValueIndex[i], &d_keyValueIndex[i], sizeof(unsigned long long ), cudaMemcpyDeviceToHost, stream[tid])' failed.
main: src/launcher.cu:2219: neighborTable* nodeLauncher2(double*, unsigned int, unsigned int, unsigned int, unsigned int*, double): Assertion `cudaSuccess == cudaMemcpyAsync(&keyValueIndex[i], &d_keyValueIndex[i], sizeof(unsigned long long ), cudaMemcpyDeviceToHost, stream[tid])' failed.
/var/spool/slurm/slurmd/job54129471/slurm_script: line 59: 2101451 Aborted                 (core dumped) ./build/main /scratch/bwd29/data/2mil16dexpo.bin 16 $j


Census____________________________________________________________


0.001000 2458285 4 10329 28500904977 2.133377 4.060914 
0.003250 2458285 7 9523 125284874529 3.960140 7.648026 
0.005500 2458285 9 11197 329064452405 5.929268 17.478668 
0.007750 2458285 11 12564 625873926701 9.413942 30.243285 
0.010000 2458285 13 13584 975534227949 14.250907 main: src/launcher.cu:2219: neighborTable* nodeLauncher2(double*, unsigned int, unsigned int, unsigned int, unsigned int*, double): Assertion `cudaSuccess == cudaMemcpyAsync(&keyValueIndex[i], &d_keyValueIndex[i], sizeof(unsigned long long ), cudaMemcpyDeviceToHost, stream[tid])' failed.
main: src/launcher.cu:2219: neighborTable* nodeLauncher2(double*, unsigned int, unsigned int, unsigned int, unsigned int*, double): Assertion `cudaSuccess == cudaMemcpyAsync(&keyValueIndex[i], &d_keyValueIndex[i], sizeof(unsigned long long ), cudaMemcpyDeviceToHost, stream[tid])' failed.
/var/spool/slurm/slurmd/job54129471/slurm_script: line 71: 2111209 Aborted                 (core dumped) ./build/main /scratch/bwd29/data/USC_Normalized_No1Col.bin 68 $j


Wave __________________________________________________


0.002000 287999 8 576 10903610643 0.453060 0.648325 
0.003250 287999 11 709 17768989247 0.587375 0.890888 
0.004500 287999 14 764 24080499553 0.698930 1.138205 
0.005750 287999 14 600 29861024347 0.682900 1.423443 
0.007000 287999 16 697 34663684381 0.786608 2.541390 

BIGCROSS____________________________________________________________


0.001000 11620300 4 56603 120929213754 11.331442 15.499528 
0.005750 11620300 8 43764 992052523520 23.648231 slurmstepd: error: *** JOB 54129471 ON cn2 CANCELLED AT 2022-10-11T10:20:28 ***
Job has already finished for job 54129471
