
EPSILON | NUMPOINTS | RP | NODES | CALCS | Construct T | Total T



MSD ________________________________________________________________


0.007000 515345 15 787 112711928159 1.729925 4.249406 
0.007525 515345 15 811 120284125337 1.815302 4.829741 
0.008050 515345 13 661 128766559707 1.491917 5.313470 
0.008575 515345 15 762 134956852831 1.819914 6.470323 
0.009100 515345 16 757 142685755891 1.800818 7.515462 

SUSY ________________________________________________________________


0.010000 5000000 6 9128 740257669440 6.981277 18.318470 
0.012750 5000000 7 9814 1238212937974 8.604376 32.859206 
0.015500 5000000 8 11104 1888132962590 12.070420 53.227279 
0.018250 5000000 9 13483 2806142536814 17.438844 92.327724 
0.021000 5000000 10 13413 4125692180952 22.757070 main: src/launcher.cu:1870: neighborTable* nodeLauncher(double*, unsigned int, unsigned int, unsigned int, unsigned int*, double): Assertion `cudaSuccess == cudaMemcpyAsync(uniqueKeys, d_uniqueKeys[tid], sizeof(unsigned int)*uniqueCnt[i], cudaMemcpyDeviceToHost, stream[tid])' failed.
/var/spool/slurm/slurmd/job54044669/slurm_script: line 89: 3959056 Aborted                 (core dumped) ./build/main /scratch/bwd29/data/SUSY_Normalized.bin 18 $j


HIGGS ________________________________________________________________


0.010000 11000000 7 27957 2176644993594 30.558987 87.364201 
0.021375 11000000 10 56042 15671934503634 124.692407 724.900472 
0.032750 11000000 12 37968 46201766875430 140.159847 1904.791589 
0.044125 11000000 14 25500 75073924678462 138.624669 3353.939154 
0.055500 11000000 15 16025 95811452577506 85.480538 4840.172858 
Tiny____________________________________________________


0.200000 5000000 18 12792 5501451206468 78.098530 704.472865 
0.260000 5000000 22 11636 7405407488396 95.269436 slurmstepd: error: *** JOB 54044669 ON cn2 CANCELLED AT 2022-10-06T08:46:18 ***
Job has already finished for job 54044669
