rm -f build/main build/*.o
nvcc  -lcuda -Xcompiler -fopenmp -arch=compute_80 -code=sm_80 -O3 -I. -c -o build/main.o src/main.cu -lm
nvcc  -lcuda -Xcompiler -fopenmp -arch=compute_80 -code=sm_80 -O3 -I. -c -o build/launcher.o src/launcher.cu -lm
nvcc  -lcuda -Xcompiler -fopenmp -arch=compute_80 -code=sm_80 -O3 -I. -c -o build/kernel.o src/kernel.cu
nvcc  -lcuda -Xcompiler -fopenmp -arch=compute_80 -code=sm_80 -O3 -I. -c -o build/nodes.o src/nodes.cu -lm
nvcc  -lcuda -Xcompiler -fopenmp -arch=compute_80 -code=sm_80 -O3 -I. -c -o build/tree.o src/tree.cu -lm
nvcc  -lcuda -Xcompiler -fopenmp -arch=compute_80 -code=sm_80 -O3 -I. -c -o build/utils.o src/utils.cu -lm
nvcc  -lcuda -Xcompiler -fopenmp -arch=compute_80 -code=sm_80 -O3 -I. -o build/main build/main.o build/launcher.o build/kernel.o build/nodes.o build/tree.o build/utils.o
MSD ________________________________________________________________
MSD ________________________________________________________________

Time to read in file: 0.267574

Number points: 515345 
Number Dimensions: 90 
Number Concurent Streams: 2
Block Size: 512, Kernel Blocks: 512
Using using binary searches
Distance Threshold: 0.007000 
*********************************

Predicted calcsPerSecond: 9055752882
SubGraph 0 Layer 0 Selecting RP 1 with Nodes: 21 and calcs: 170979007977 :: Predicted time: 0.000000, Actual Time: 0.015899
Build Time: 0.015899, Calc Time: 18.880706, reduction -18.880706
############################################
Predicted calcsPerSecond: 9077129383
SubGraph 0 Layer 1 Selecting RP 3 with Nodes: 60 and calcs: 149860162609 :: Predicted time: 0.015899, Actual Time: 0.031857
Build Time: 0.031857, Calc Time: 16.509643, reduction 2.371063
############################################
Predicted calcsPerSecond: 9063209541
SubGraph 0 Layer 2 Selecting RP 1 with Nodes: 123 and calcs: 139008172495 :: Predicted time: 0.031857, Actual Time: 0.015515
Build Time: 0.015515, Calc Time: 15.337632, reduction 1.172011
############################################
Predicted calcsPerSecond: 9069232766
SubGraph 0 Layer 3 Selecting RP 1 with Nodes: 217 and calcs: 129775808043 :: Predicted time: 0.015515, Actual Time: 0.032514
Build Time: 0.032514, Calc Time: 14.309458, reduction 1.028174
############################################
Predicted calcsPerSecond: 9083522223
SubGraph 0 Layer 4 Selecting RP 1 with Nodes: 326 and calcs: 124080002709 :: Predicted time: 0.032514, Actual Time: 0.014717
Build Time: 0.014717, Calc Time: 13.659900, reduction 0.649559
############################################
Predicted calcsPerSecond: 9078308580
SubGraph 0 Layer 5 Selecting RP 1 with Nodes: 489 and calcs: 119576095503 :: Predicted time: 0.014717, Actual Time: 0.016302
Build Time: 0.016302, Calc Time: 13.171627, reduction 0.488273
############################################
Predicted calcsPerSecond: 9081309972
SubGraph 0 Layer 6 Selecting RP 5 with Nodes: 669 and calcs: 116543627597 :: Predicted time: 0.016302, Actual Time: 0.020914
Build Time: 0.020914, Calc Time: 12.833350, reduction 0.338277
############################################
Predicted calcsPerSecond: 9080183141
SubGraph 0 Layer 7 Selecting RP 3 with Nodes: 910 and calcs: 114004585017 :: Predicted time: 0.020914, Actual Time: 0.025277
Build Time: 0.025277, Calc Time: 12.555318, reduction 0.278032
############################################
Predicted calcsPerSecond: 9089700933
SubGraph 0 Layer 8 Selecting RP 3 with Nodes: 1130 and calcs: 112390412367 :: Predicted time: 0.025277, Actual Time: 0.040747
Build Time: 0.040747, Calc Time: 12.364589, reduction 0.190729
############################################
Predicted calcsPerSecond: 9108014202
SubGraph 0 Layer 9 Selecting RP 5 with Nodes: 1392 and calcs: 111189005735 :: Predicted time: 0.040747, Actual Time: 0.052170
Build Time: 0.052170, Calc Time: 12.207821, reduction 0.156768
############################################
Predicted calcsPerSecond: 9102428742
SubGraph 0 Layer 10 Selecting RP 2 with Nodes: 1667 and calcs: 109498184001 :: Predicted time: 0.052170, Actual Time: 0.079763
Build Time: 0.079763, Calc Time: 12.029557, reduction 0.178264
############################################
Predicted calcsPerSecond: 9094807750
SubGraph 0 Layer 11 Selecting RP 3 with Nodes: 1890 and calcs: 108778791561 :: Predicted time: 0.079763, Actual Time: 0.084463
Build Time: 0.084463, Calc Time: 11.960538, reduction 0.069019
############################################
Final graph has 1890 nodes, 108778791561 calcs total
Node Construct time: 1.165100
Batchs: 100
Batch 0 Results: 0
Batch 1 Results: 65915313
Total results Set Size: 65915313 
Node Laucnher time: 4.300235
Total Time: 4.761299

Time to read in file: 0.083911

Number points: 515345 
Number Dimensions: 90 
Number Concurent Streams: 2
Block Size: 512, Kernel Blocks: 512
Using using binary searches
Distance Threshold: 0.007525 
*********************************

Predicted calcsPerSecond: 9009990171
SubGraph 0 Layer 0 Selecting RP 1 with Nodes: 20 and calcs: 177585998311 :: Predicted time: 0.000000, Actual Time: 0.015426
Build Time: 0.015426, Calc Time: 19.709899, reduction -19.709899
############################################
Predicted calcsPerSecond: 9045333622
SubGraph 0 Layer 1 Selecting RP 5 with Nodes: 68 and calcs: 158803937551 :: Predicted time: 0.015426, Actual Time: 0.035317
Build Time: 0.035317, Calc Time: 17.556449, reduction 2.153450
############################################
Predicted calcsPerSecond: 9079693832
SubGraph 0 Layer 2 Selecting RP 3 with Nodes: 131 and calcs: 148513057549 :: Predicted time: 0.035317, Actual Time: 0.015003
Build Time: 0.015003, Calc Time: 16.356615, reduction 1.199834
############################################
Predicted calcsPerSecond: 9081495278
SubGraph 0 Layer 3 Selecting RP 1 with Nodes: 234 and calcs: 137677365371 :: Predicted time: 0.015003, Actual Time: 0.016018
Build Time: 0.016018, Calc Time: 15.160209, reduction 1.196406
############################################
Predicted calcsPerSecond: 9090008860
SubGraph 0 Layer 4 Selecting RP 7 with Nodes: 358 and calcs: 133010189565 :: Predicted time: 0.016018, Actual Time: 0.013052
Build Time: 0.013052, Calc Time: 14.632570, reduction 0.527639
############################################
Predicted calcsPerSecond: 9093799311
SubGraph 0 Layer 5 Selecting RP 1 with Nodes: 539 and calcs: 127316136919 :: Predicted time: 0.013052, Actual Time: 0.025251
Build Time: 0.025251, Calc Time: 14.000324, reduction 0.632246
############################################
Predicted calcsPerSecond: 9079714046
SubGraph 0 Layer 6 Selecting RP 1 with Nodes: 680 and calcs: 125195795947 :: Predicted time: 0.025251, Actual Time: 0.016182
Build Time: 0.016182, Calc Time: 13.788517, reduction 0.211807
############################################
Predicted calcsPerSecond: 9085084394
SubGraph 0 Layer 7 Selecting RP 3 with Nodes: 901 and calcs: 122849642555 :: Predicted time: 0.016182, Actual Time: 0.023859
Build Time: 0.023859, Calc Time: 13.522125, reduction 0.266393
############################################
Predicted calcsPerSecond: 9084072488
SubGraph 0 Layer 8 Selecting RP 1 with Nodes: 1060 and calcs: 120833241637 :: Predicted time: 0.023859, Actual Time: 0.034331
Build Time: 0.034331, Calc Time: 13.301660, reduction 0.220465
############################################
Predicted calcsPerSecond: 9087636331
SubGraph 0 Layer 9 Selecting RP 5 with Nodes: 1289 and calcs: 119524198435 :: Predicted time: 0.034331, Actual Time: 0.037510
Build Time: 0.037510, Calc Time: 13.152397, reduction 0.149263
############################################
Predicted calcsPerSecond: 9090654319
SubGraph 0 Layer 10 Selecting RP 2 with Nodes: 1541 and calcs: 117590187375 :: Predicted time: 0.037510, Actual Time: 0.070871
Build Time: 0.070871, Calc Time: 12.935283, reduction 0.217114
############################################
Predicted calcsPerSecond: 9080113283
SubGraph 0 Layer 11 Selecting RP 2 with Nodes: 1713 and calcs: 116918749089 :: Predicted time: 0.070871, Actual Time: 0.073894
Build Time: 0.073894, Calc Time: 12.876354, reduction 0.058930
############################################
Final graph has 1713 nodes, 116918749089 calcs total
Node Construct time: 1.130859
Batchs: 100
Batch 1 Results: 81954363
Batch 0 Results: 39429736
Total results Set Size: 121384099 
Node Laucnher time: 5.110813
Total Time: 5.566406

Time to read in file: 0.070483

Number points: 515345 
Number Dimensions: 90 
Number Concurent Streams: 2
Block Size: 512, Kernel Blocks: 512
Using using binary searches
Distance Threshold: 0.008050 
*********************************

Predicted calcsPerSecond: 9069536992
SubGraph 0 Layer 0 Selecting RP 2 with Nodes: 20 and calcs: 185481056983 :: Predicted time: 0.000000, Actual Time: 0.015391
Build Time: 0.015391, Calc Time: 20.450995, reduction -20.450995
############################################
Predicted calcsPerSecond: 9080181824
SubGraph 0 Layer 1 Selecting RP 2 with Nodes: 49 and calcs: 166462369995 :: Predicted time: 0.015391, Actual Time: 0.026543
Build Time: 0.026543, Calc Time: 18.332493, reduction 2.118502
############################################
Predicted calcsPerSecond: 9098497175
SubGraph 0 Layer 2 Selecting RP 1 with Nodes: 98 and calcs: 155725370431 :: Predicted time: 0.026543, Actual Time: 0.015323
Build Time: 0.015323, Calc Time: 17.115505, reduction 1.216988
############################################
Predicted calcsPerSecond: 9088826402
SubGraph 0 Layer 3 Selecting RP 1 with Nodes: 178 and calcs: 145253277755 :: Predicted time: 0.015323, Actual Time: 0.015604
Build Time: 0.015604, Calc Time: 15.981522, reduction 1.133983
############################################
Predicted calcsPerSecond: 9092817108
SubGraph 0 Layer 4 Selecting RP 7 with Nodes: 272 and calcs: 140866333045 :: Predicted time: 0.015604, Actual Time: 0.014172
Build Time: 0.014172, Calc Time: 15.492045, reduction 0.489477
############################################
Predicted calcsPerSecond: 9094922415
SubGraph 0 Layer 5 Selecting RP 1 with Nodes: 388 and calcs: 137091205829 :: Predicted time: 0.014172, Actual Time: 0.015191
Build Time: 0.015191, Calc Time: 15.073378, reduction 0.418667
############################################
Predicted calcsPerSecond: 9111776128
SubGraph 0 Layer 6 Selecting RP 5 with Nodes: 532 and calcs: 134204713665 :: Predicted time: 0.015191, Actual Time: 0.027989
Build Time: 0.027989, Calc Time: 14.728711, reduction 0.344668
############################################
Predicted calcsPerSecond: 9109292198
SubGraph 0 Layer 7 Selecting RP 3 with Nodes: 760 and calcs: 131544057575 :: Predicted time: 0.027989, Actual Time: 0.022640
Build Time: 0.022640, Calc Time: 14.440645, reduction 0.288065
############################################
Predicted calcsPerSecond: 9104695743
SubGraph 0 Layer 8 Selecting RP 1 with Nodes: 926 and calcs: 128931015769 :: Predicted time: 0.022640, Actual Time: 0.033196
Build Time: 0.033196, Calc Time: 14.160936, reduction 0.279709
############################################
Predicted calcsPerSecond: 9108778818
SubGraph 0 Layer 9 Selecting RP 0 with Nodes: 1118 and calcs: 127399720333 :: Predicted time: 0.033196, Actual Time: 0.021147
Build Time: 0.021147, Calc Time: 13.986476, reduction 0.174460
############################################
Predicted calcsPerSecond: 9110538985
SubGraph 0 Layer 10 Selecting RP 8 with Nodes: 1366 and calcs: 125896598495 :: Predicted time: 0.021147, Actual Time: 0.054548
Build Time: 0.054548, Calc Time: 13.818787, reduction 0.167689
############################################
Predicted calcsPerSecond: 9058792474
SubGraph 0 Layer 11 Selecting RP 5 with Nodes: 1565 and calcs: 125172774401 :: Predicted time: 0.054548, Actual Time: 0.073341
Build Time: 0.073341, Calc Time: 13.817821, reduction 0.000966
############################################
Final graph has 1565 nodes, 125172774401 calcs total
Node Construct time: 1.096120
Batchs: 100
Batch 1 Results: 90986496
Batch 0 Results: 116945637
Total results Set Size: 207932133 
Node Laucnher time: 6.266315
Total Time: 6.726638

Time to read in file: 0.071467

Number points: 515345 
Number Dimensions: 90 
Number Concurent Streams: 2
Block Size: 512, Kernel Blocks: 512
Using using binary searches
Distance Threshold: 0.008575 
*********************************

Predicted calcsPerSecond: 9093684122
SubGraph 0 Layer 0 Selecting RP 1 with Nodes: 18 and calcs: 191503325863 :: Predicted time: 0.000000, Actual Time: 0.014376
Build Time: 0.014376, Calc Time: 21.058938, reduction -21.058938
############################################
Predicted calcsPerSecond: 9098502324
SubGraph 0 Layer 1 Selecting RP 1 with Nodes: 58 and calcs: 171337397771 :: Predicted time: 0.014376, Actual Time: 0.034298
Build Time: 0.034298, Calc Time: 18.831385, reduction 2.227553
############################################
Predicted calcsPerSecond: 9090736663
SubGraph 0 Layer 2 Selecting RP 1 with Nodes: 105 and calcs: 162079090077 :: Predicted time: 0.034298, Actual Time: 0.014687
Build Time: 0.014687, Calc Time: 17.829038, reduction 1.002347
############################################
Predicted calcsPerSecond: 9089822523
SubGraph 0 Layer 3 Selecting RP 1 with Nodes: 170 and calcs: 153617511199 :: Predicted time: 0.014687, Actual Time: 0.014853
Build Time: 0.014853, Calc Time: 16.899946, reduction 0.929092
############################################
Predicted calcsPerSecond: 9094187069
SubGraph 0 Layer 4 Selecting RP 7 with Nodes: 254 and calcs: 148977654501 :: Predicted time: 0.014853, Actual Time: 0.014168
Build Time: 0.014168, Calc Time: 16.381635, reduction 0.518311
############################################
Predicted calcsPerSecond: 9083909567
SubGraph 0 Layer 5 Selecting RP 1 with Nodes: 390 and calcs: 143698129447 :: Predicted time: 0.014168, Actual Time: 0.052933
Build Time: 0.052933, Calc Time: 15.818974, reduction 0.562661
############################################
Predicted calcsPerSecond: 9082612016
SubGraph 0 Layer 6 Selecting RP 5 with Nodes: 516 and calcs: 141380708171 :: Predicted time: 0.052933, Actual Time: 0.018616
Build Time: 0.018616, Calc Time: 15.566085, reduction 0.252889
############################################
Predicted calcsPerSecond: 9070769004
SubGraph 0 Layer 7 Selecting RP 3 with Nodes: 709 and calcs: 139396701737 :: Predicted time: 0.018616, Actual Time: 0.021973
Build Time: 0.021973, Calc Time: 15.367683, reduction 0.198402
############################################
Predicted calcsPerSecond: 9082320295
SubGraph 0 Layer 8 Selecting RP 1 with Nodes: 852 and calcs: 137536270091 :: Predicted time: 0.021973, Actual Time: 0.022215
Build Time: 0.022215, Calc Time: 15.143297, reduction 0.224386
############################################
Predicted calcsPerSecond: 9069420721
SubGraph 0 Layer 9 Selecting RP 1 with Nodes: 997 and calcs: 135897534261 :: Predicted time: 0.022215, Actual Time: 0.019010
Build Time: 0.019010, Calc Time: 14.984147, reduction 0.159149
############################################
Predicted calcsPerSecond: 9093658973
SubGraph 0 Layer 10 Selecting RP 2 with Nodes: 1241 and calcs: 133826399615 :: Predicted time: 0.019010, Actual Time: 0.048409
Build Time: 0.048409, Calc Time: 14.716452, reduction 0.267695
############################################
Predicted calcsPerSecond: 9089304906
SubGraph 0 Layer 11 Selecting RP 2 with Nodes: 1430 and calcs: 133046250459 :: Predicted time: 0.048409, Actual Time: 0.061264
Build Time: 0.061264, Calc Time: 14.637671, reduction 0.078782
############################################
Predicted calcsPerSecond: 9105800882
SubGraph 0 Layer 12 Selecting RP 4 with Nodes: 1712 and calcs: 131919015945 :: Predicted time: 0.061264, Actual Time: 0.070729
Build Time: 0.070729, Calc Time: 14.487360, reduction 0.150310
############################################
Predicted calcsPerSecond: 9079263639
SubGraph 0 Layer 13 Selecting RP 2 with Nodes: 1936 and calcs: 131170941807 :: Predicted time: 0.070729, Actual Time: 0.108249
Build Time: 0.108249, Calc Time: 14.447311, reduction 0.040049
############################################
Final graph has 1936 nodes, 131170941807 calcs total
Node Construct time: 1.334723
Batchs: 100
Batch 1 Results: 83000394
Batch 0 Results: 252507393
Total results Set Size: 335507787 
Node Laucnher time: 7.283935
Total Time: 7.748407

Time to read in file: 0.070408

Number points: 515345 
Number Dimensions: 90 
Number Concurent Streams: 2
Block Size: 512, Kernel Blocks: 512
Using using binary searches
Distance Threshold: 0.009100 
*********************************

Predicted calcsPerSecond: 9063924180
SubGraph 0 Layer 0 Selecting RP 1 with Nodes: 17 and calcs: 197994635393 :: Predicted time: 0.000000, Actual Time: 0.013894
Build Time: 0.013894, Calc Time: 21.844251, reduction -21.844251
############################################
Predicted calcsPerSecond: 9082425869
SubGraph 0 Layer 1 Selecting RP 6 with Nodes: 57 and calcs: 181835460273 :: Predicted time: 0.013894, Actual Time: 0.034901
Build Time: 0.034901, Calc Time: 20.020583, reduction 1.823668
############################################
Predicted calcsPerSecond: 9093876046
SubGraph 0 Layer 2 Selecting RP 1 with Nodes: 111 and calcs: 171457913779 :: Predicted time: 0.034901, Actual Time: 0.015774
Build Time: 0.015774, Calc Time: 18.854217, reduction 1.166366
############################################
Predicted calcsPerSecond: 9096375477
SubGraph 0 Layer 3 Selecting RP 1 with Nodes: 176 and calcs: 161211297375 :: Predicted time: 0.015774, Actual Time: 0.013478
Build Time: 0.013478, Calc Time: 17.722586, reduction 1.131631
############################################
Predicted calcsPerSecond: 9103570692
SubGraph 0 Layer 4 Selecting RP 7 with Nodes: 251 and calcs: 157997765075 :: Predicted time: 0.013478, Actual Time: 0.014199
Build Time: 0.014199, Calc Time: 17.355582, reduction 0.367004
############################################
Predicted calcsPerSecond: 9094454162
SubGraph 0 Layer 5 Selecting RP 1 with Nodes: 376 and calcs: 152391504645 :: Predicted time: 0.014199, Actual Time: 0.037757
Build Time: 0.037757, Calc Time: 16.756531, reduction 0.599051
############################################
Predicted calcsPerSecond: 9088417340
SubGraph 0 Layer 6 Selecting RP 2 with Nodes: 476 and calcs: 149818884943 :: Predicted time: 0.037757, Actual Time: 0.015405
Build Time: 0.015405, Calc Time: 16.484596, reduction 0.271936
############################################
Predicted calcsPerSecond: 9097848607
SubGraph 0 Layer 7 Selecting RP 7 with Nodes: 626 and calcs: 147854988681 :: Predicted time: 0.015405, Actual Time: 0.018707
Build Time: 0.018707, Calc Time: 16.251643, reduction 0.232953
############################################
Predicted calcsPerSecond: 9085537440
SubGraph 0 Layer 8 Selecting RP 2 with Nodes: 756 and calcs: 145892674049 :: Predicted time: 0.018707, Actual Time: 0.016635
Build Time: 0.016635, Calc Time: 16.057682, reduction 0.193961
############################################
Predicted calcsPerSecond: 9092620986
SubGraph 0 Layer 9 Selecting RP 1 with Nodes: 914 and calcs: 144172469429 :: Predicted time: 0.016635, Actual Time: 0.025350
Build Time: 0.025350, Calc Time: 15.855986, reduction 0.201697
############################################
Predicted calcsPerSecond: 9088277931
SubGraph 0 Layer 10 Selecting RP 8 with Nodes: 1150 and calcs: 142501832035 :: Predicted time: 0.025350, Actual Time: 0.041704
Build Time: 0.041704, Calc Time: 15.679740, reduction 0.176246
############################################
Predicted calcsPerSecond: 9095341472
SubGraph 0 Layer 11 Selecting RP 5 with Nodes: 1359 and calcs: 141748885439 :: Predicted time: 0.041704, Actual Time: 0.067739
Build Time: 0.067739, Calc Time: 15.584779, reduction 0.094961
############################################
Predicted calcsPerSecond: 9102160874
SubGraph 0 Layer 12 Selecting RP 4 with Nodes: 1596 and calcs: 140337485067 :: Predicted time: 0.067739, Actual Time: 0.075954
Build Time: 0.075954, Calc Time: 15.418041, reduction 0.166738
############################################
Predicted calcsPerSecond: 9112475777
SubGraph 0 Layer 13 Selecting RP 2 with Nodes: 1845 and calcs: 139382979989 :: Predicted time: 0.075954, Actual Time: 0.095515
Build Time: 0.095515, Calc Time: 15.295841, reduction 0.122200
############################################
Predicted calcsPerSecond: 9099101691
SubGraph 0 Layer 14 Selecting RP 3 with Nodes: 2090 and calcs: 138666871987 :: Predicted time: 0.095515, Actual Time: 0.134879
Build Time: 0.134879, Calc Time: 15.239622, reduction 0.056219
############################################
Final graph has 2090 nodes, 138666871987 calcs total
Node Construct time: 1.587911
Batchs: 100
Batch 1 Results: 54957625
Batch 0 Results: 422575410
Batch 2 Results: 37395240
Total results Set Size: 514928275 
Node Laucnher time: 9.544094
Total Time: 10.005676
Census____________________________________________________________
Census____________________________________________________________

Time to read in file: 2.114458

Number points: 2458285 
Number Dimensions: 68 
Number Concurent Streams: 2
Block Size: 512, Kernel Blocks: 512
Using using binary searches
Distance Threshold: 0.001000 
*********************************

Predicted calcsPerSecond: 12007420551
SubGraph 0 Layer 0 Selecting RP 1 with Nodes: 226 and calcs: 267839562229 :: Predicted time: 0.000000, Actual Time: 0.129883
Build Time: 0.129883, Calc Time: 22.306170, reduction -22.306170
############################################
Predicted calcsPerSecond: 12020052661
SubGraph 0 Layer 1 Selecting RP 8 with Nodes: 5569 and calcs: 49684967055 :: Predicted time: 0.129883, Actual Time: 3.281669
Build Time: 3.281669, Calc Time: 4.133507, reduction 18.172663
############################################
Predicted calcsPerSecond: 12023364771
SubGraph 0 Layer 2 Selecting RP 0 with Nodes: 10186 and calcs: 28853311551 :: Predicted time: 3.281669, Actual Time: 0.109123
Build Time: 0.109123, Calc Time: 2.399770, reduction 1.733736
############################################
Predicted calcsPerSecond: 12025102812
SubGraph 0 Layer 3 Selecting RP 1 with Nodes: 10329 and calcs: 28500904977 :: Predicted time: 0.109123, Actual Time: 0.040954
Build Time: 0.040954, Calc Time: 2.370117, reduction 0.029653
############################################
Final graph has 10329 nodes, 28500904977 calcs total
Node Construct time: 1.989369
Batchs: 100
Batch 0 Results: 15987489
Batch 1 Results: 10466526
Batch 2 Results: 27378646
Batch 3 Results: 1817906
Total results Set Size: 55650567 
Node Laucnher time: 4.844917
Total Time: 6.503244

Time to read in file: 0.292314

Number points: 2458285 
Number Dimensions: 68 
Number Concurent Streams: 2
Block Size: 512, Kernel Blocks: 512
Using using binary searches
Distance Threshold: 0.003250 
*********************************

Predicted calcsPerSecond: 12013324010
SubGraph 0 Layer 0 Selecting RP 1 with Nodes: 71 and calcs: 845568418799 :: Predicted time: 0.000000, Actual Time: 0.052374
Build Time: 0.052374, Calc Time: 70.385883, reduction -70.385883
############################################
Predicted calcsPerSecond: 12012687559
SubGraph 0 Layer 1 Selecting RP 8 with Nodes: 916 and calcs: 366799983833 :: Predicted time: 0.052374, Actual Time: 1.090384
Build Time: 1.090384, Calc Time: 30.534381, reduction 39.851502
############################################
Predicted calcsPerSecond: 12009607058
SubGraph 0 Layer 2 Selecting RP 2 with Nodes: 2374 and calcs: 235701471557 :: Predicted time: 1.090384, Actual Time: 0.110981
Build Time: 0.110981, Calc Time: 19.626077, reduction 10.908305
############################################
Predicted calcsPerSecond: 12022067411
SubGraph 0 Layer 3 Selecting RP 6 with Nodes: 4781 and calcs: 170667439095 :: Predicted time: 0.110981, Actual Time: 0.107899
Build Time: 0.107899, Calc Time: 14.196181, reduction 5.429896
############################################
Predicted calcsPerSecond: 12027578561
SubGraph 0 Layer 4 Selecting RP 6 with Nodes: 7493 and calcs: 134513642389 :: Predicted time: 0.107899, Actual Time: 0.161554
Build Time: 0.161554, Calc Time: 11.183768, reduction 3.012413
############################################
Predicted calcsPerSecond: 12020235888
SubGraph 0 Layer 5 Selecting RP 0 with Nodes: 8805 and calcs: 127565146105 :: Predicted time: 0.161554, Actual Time: 0.171491
Build Time: 0.171491, Calc Time: 10.612533, reduction 0.571235
############################################
Predicted calcsPerSecond: 12030776694
SubGraph 0 Layer 6 Selecting RP 8 with Nodes: 9523 and calcs: 125284874529 :: Predicted time: 0.171491, Actual Time: 0.494164
Build Time: 0.494164, Calc Time: 10.413698, reduction 0.198835
############################################
Final graph has 9523 nodes, 125284874529 calcs total
Node Construct time: 3.929117
Batchs: 100
Batch 0 Results: 15024008
Batch 1 Results: 11073070
Batch 2 Results: 27618212
Batch 3 Results: 1935277
Total results Set Size: 55650567 
Node Laucnher time: 8.966249
Total Time: 10.641150

Time to read in file: 2.194678

Number points: 2458285 
Number Dimensions: 68 
Number Concurent Streams: 2
Block Size: 512, Kernel Blocks: 512
Using using binary searches
Distance Threshold: 0.005500 
*********************************

Predicted calcsPerSecond: 12004589838
SubGraph 0 Layer 0 Selecting RP 1 with Nodes: 43 and calcs: 1364011199683 :: Predicted time: 0.000000, Actual Time: 0.038386
Build Time: 0.038386, Calc Time: 113.624140, reduction -113.624140
############################################
Predicted calcsPerSecond: 12011342080
SubGraph 0 Layer 1 Selecting RP 8 with Nodes: 380 and calcs: 818114099099 :: Predicted time: 0.038386, Actual Time: 0.682076
Build Time: 0.682076, Calc Time: 68.111797, reduction 45.512343
############################################
Predicted calcsPerSecond: 12026981839
SubGraph 0 Layer 2 Selecting RP 6 with Nodes: 942 and calcs: 650095939019 :: Predicted time: 0.682076, Actual Time: 0.097912
Build Time: 0.097912, Calc Time: 54.053124, reduction 14.058674
############################################
Predicted calcsPerSecond: 12020722115
SubGraph 0 Layer 3 Selecting RP 9 with Nodes: 2062 and calcs: 528238697975 :: Predicted time: 0.097912, Actual Time: 0.082352
Build Time: 0.082352, Calc Time: 43.944007, reduction 10.109117
############################################
Predicted calcsPerSecond: 12033198936
SubGraph 0 Layer 4 Selecting RP 6 with Nodes: 3912 and calcs: 425410316367 :: Predicted time: 0.082352, Actual Time: 0.128237
Build Time: 0.128237, Calc Time: 35.353053, reduction 8.590954
############################################
Predicted calcsPerSecond: 12026089509
SubGraph 0 Layer 5 Selecting RP 3 with Nodes: 5775 and calcs: 381098875077 :: Predicted time: 0.128237, Actual Time: 0.160422
Build Time: 0.160422, Calc Time: 31.689343, reduction 3.663710
############################################
Predicted calcsPerSecond: 12022034932
SubGraph 0 Layer 6 Selecting RP 8 with Nodes: 7582 and calcs: 358264609455 :: Predicted time: 0.160422, Actual Time: 0.386742
Build Time: 0.386742, Calc Time: 29.800663, reduction 1.888680
############################################
Predicted calcsPerSecond: 12011578659
SubGraph 0 Layer 7 Selecting RP 4 with Nodes: 9647 and calcs: 338486210573 :: Predicted time: 0.386742, Actual Time: 0.954120
Build Time: 0.954120, Calc Time: 28.179994, reduction 1.620669
############################################
Predicted calcsPerSecond: 12010303438
SubGraph 0 Layer 8 Selecting RP 3 with Nodes: 11197 and calcs: 329064452405 :: Predicted time: 0.954120, Actual Time: 0.703844
Build Time: 0.703844, Calc Time: 27.398513, reduction 0.781481
############################################
Predicted calcsPerSecond: 12011658493
SubGraph 0 Layer 9 Selecting RP 7 with Nodes: 12698 and calcs: 321481519709 :: Predicted time: 0.703844, Actual Time: 1.153212
Build Time: 1.153212, Calc Time: 26.764124, reduction 0.634389
############################################
Final graph has 12698 nodes, 321481519709 calcs total
Node Construct time: 7.436001
Batchs: 100
Batch 1 Results: 9320286
Batch 0 Results: 43218146
Batch 2 Results: 184521306
Batch 3 Results: 55614580
Batch 4 Results: 18413369
Total results Set Size: 311087687 
Node Laucnher time: 20.530254
Total Time: 22.194612

Time to read in file: 2.012310

Number points: 2458285 
Number Dimensions: 68 
Number Concurent Streams: 2
Block Size: 512, Kernel Blocks: 512
Using using binary searches
Distance Threshold: 0.007750 
*********************************

Predicted calcsPerSecond: 12014354131
SubGraph 0 Layer 0 Selecting RP 1 with Nodes: 31 and calcs: 1815151802107 :: Predicted time: 0.000000, Actual Time: 0.032373
Build Time: 0.032373, Calc Time: 151.081929, reduction -151.081929
############################################
Predicted calcsPerSecond: 12014272564
SubGraph 0 Layer 1 Selecting RP 8 with Nodes: 218 and calcs: 1307694621745 :: Predicted time: 0.032373, Actual Time: 0.394735
Build Time: 0.394735, Calc Time: 108.845094, reduction 42.236836
############################################
Predicted calcsPerSecond: 12020730489
SubGraph 0 Layer 2 Selecting RP 6 with Nodes: 538 and calcs: 1135616953867 :: Predicted time: 0.394735, Actual Time: 0.096862
Build Time: 0.096862, Calc Time: 94.471543, reduction 14.373551
############################################
Predicted calcsPerSecond: 12013991977
SubGraph 0 Layer 3 Selecting RP 9 with Nodes: 1116 and calcs: 989885489125 :: Predicted time: 0.096862, Actual Time: 0.083633
Build Time: 0.083633, Calc Time: 82.394386, reduction 12.077157
############################################
Predicted calcsPerSecond: 12019824956
SubGraph 0 Layer 4 Selecting RP 6 with Nodes: 2146 and calcs: 856108252527 :: Predicted time: 0.083633, Actual Time: 0.133037
Build Time: 0.133037, Calc Time: 71.224686, reduction 11.169700
############################################
Predicted calcsPerSecond: 12023184883
SubGraph 0 Layer 5 Selecting RP 3 with Nodes: 3313 and calcs: 792743821759 :: Predicted time: 0.133037, Actual Time: 0.124647
Build Time: 0.124647, Calc Time: 65.934595, reduction 5.290091
############################################
Predicted calcsPerSecond: 12013484679
SubGraph 0 Layer 6 Selecting RP 8 with Nodes: 4709 and calcs: 753062977845 :: Predicted time: 0.124647, Actual Time: 0.325423
Build Time: 0.325423, Calc Time: 62.684808, reduction 3.249787
############################################
Predicted calcsPerSecond: 12024628918
SubGraph 0 Layer 7 Selecting RP 4 with Nodes: 6673 and calcs: 710576583003 :: Predicted time: 0.325423, Actual Time: 1.122165
Build Time: 1.122165, Calc Time: 59.093431, reduction 3.591376
############################################
Predicted calcsPerSecond: 12019452730
SubGraph 0 Layer 8 Selecting RP 6 with Nodes: 8352 and calcs: 677300652109 :: Predicted time: 1.122165, Actual Time: 1.054074
Build Time: 1.054074, Calc Time: 56.350374, reduction 2.743058
############################################
Predicted calcsPerSecond: 12016108165
SubGraph 0 Layer 9 Selecting RP 3 with Nodes: 10617 and calcs: 651527254849 :: Predicted time: 1.054074, Actual Time: 1.199335
Build Time: 1.199335, Calc Time: 54.221154, reduction 2.129219
############################################
Predicted calcsPerSecond: 12019353902
SubGraph 0 Layer 10 Selecting RP 8 with Nodes: 12564 and calcs: 625873926701 :: Predicted time: 1.199335, Actual Time: 1.797594
Build Time: 1.797594, Calc Time: 52.072177, reduction 2.148977
############################################
Predicted calcsPerSecond: 12017689043
SubGraph 0 Layer 11 Selecting RP 4 with Nodes: 14973 and calcs: 609975294041 :: Predicted time: 1.797594, Actual Time: 2.020555
Build Time: 2.020555, Calc Time: 50.756455, reduction 1.315722
############################################
Final graph has 14973 nodes, 609975294041 calcs total
Node Construct time: 11.830462
Batchs: 100
Batch 0 Results: 9435211
Batch 1 Results: 12293939
Batch 2 Results: 137606546
Batch 3 Results: 204422569
Batch 5 Results: 10379712
Batch 4 Results: 482798311
Batch 6 Results: 40774669
Total results Set Size: 897710957 
Node Laucnher time: 36.041569
Total Time: 37.708413
Wave __________________________________________________
Wave __________________________________________________

Time to read in file: 0.083431

Number points: 287999 
Number Dimensions: 49 
Number Concurent Streams: 2
Block Size: 512, Kernel Blocks: 512
Using using binary searches
Distance Threshold: 0.002000 
*********************************

Predicted calcsPerSecond: 14053383433
SubGraph 0 Layer 0 Selecting RP 1 with Nodes: 38 and calcs: 18610355839 :: Predicted time: 0.000000, Actual Time: 0.020435
Build Time: 0.020435, Calc Time: 1.324262, reduction -1.324262
############################################
Predicted calcsPerSecond: 14230268190
SubGraph 0 Layer 1 Selecting RP 2 with Nodes: 150 and calcs: 14133410059 :: Predicted time: 0.020435, Actual Time: 0.045777
Build Time: 0.045777, Calc Time: 0.993194, reduction 0.331068
############################################
Predicted calcsPerSecond: 14288307270
SubGraph 0 Layer 2 Selecting RP 7 with Nodes: 215 and calcs: 12933587453 :: Predicted time: 0.045777, Actual Time: 0.005532
Build Time: 0.005532, Calc Time: 0.905187, reduction 0.088007
############################################
Predicted calcsPerSecond: 14319425148
SubGraph 0 Layer 3 Selecting RP 1 with Nodes: 304 and calcs: 11880589041 :: Predicted time: 0.005532, Actual Time: 0.006685
Build Time: 0.006685, Calc Time: 0.829683, reduction 0.075503
############################################
Predicted calcsPerSecond: 14318290859
SubGraph 0 Layer 4 Selecting RP 1 with Nodes: 392 and calcs: 11386496769 :: Predicted time: 0.006685, Actual Time: 0.006880
Build Time: 0.006880, Calc Time: 0.795241, reduction 0.034442
############################################
Predicted calcsPerSecond: 14346307287
SubGraph 0 Layer 5 Selecting RP 2 with Nodes: 484 and calcs: 11118774167 :: Predicted time: 0.006880, Actual Time: 0.007051
Build Time: 0.007051, Calc Time: 0.775027, reduction 0.020214
############################################
Predicted calcsPerSecond: 14317798767
SubGraph 0 Layer 6 Selecting RP 6 with Nodes: 542 and calcs: 10977666711 :: Predicted time: 0.007051, Actual Time: 0.007068
Build Time: 0.007068, Calc Time: 0.766715, reduction 0.008312
############################################
Predicted calcsPerSecond: 14337702203
SubGraph 0 Layer 7 Selecting RP 2 with Nodes: 576 and calcs: 10903610643 :: Predicted time: 0.007068, Actual Time: 0.005528
Build Time: 0.005528, Calc Time: 0.760485, reduction 0.006229
############################################
Predicted calcsPerSecond: 14347194464
SubGraph 0 Layer 8 Selecting RP 2 with Nodes: 595 and calcs: 10871321453 :: Predicted time: 0.005528, Actual Time: 0.005688
Build Time: 0.005688, Calc Time: 0.757732, reduction 0.002754
############################################
Final graph has 595 nodes, 10871321453 calcs total
Node Construct time: 0.478191
Batchs: 100
Batch 1 Results: 0
Batch 0 Results: 11651957
Total results Set Size: 11651957 
Node Laucnher time: 0.799320
Total Time: 0.930045

Time to read in file: 0.036513

Number points: 287999 
Number Dimensions: 49 
Number Concurent Streams: 2
Block Size: 512, Kernel Blocks: 512
Using using binary searches
Distance Threshold: 0.003250 
*********************************

Predicted calcsPerSecond: 14151211590
SubGraph 0 Layer 0 Selecting RP 1 with Nodes: 25 and calcs: 27540420945 :: Predicted time: 0.000000, Actual Time: 0.013925
Build Time: 0.013925, Calc Time: 1.946153, reduction -1.946153
############################################
Predicted calcsPerSecond: 14206533974
SubGraph 0 Layer 1 Selecting RP 2 with Nodes: 87 and calcs: 23345563191 :: Predicted time: 0.013925, Actual Time: 0.030240
Build Time: 0.030240, Calc Time: 1.643298, reduction 0.302855
############################################
Predicted calcsPerSecond: 14248980514
SubGraph 0 Layer 2 Selecting RP 1 with Nodes: 168 and calcs: 21381588217 :: Predicted time: 0.030240, Actual Time: 0.006663
Build Time: 0.006663, Calc Time: 1.500570, reduction 0.142728
############################################
Predicted calcsPerSecond: 14260374976
SubGraph 0 Layer 3 Selecting RP 1 with Nodes: 222 and calcs: 20136871299 :: Predicted time: 0.006663, Actual Time: 0.005388
Build Time: 0.005388, Calc Time: 1.412086, reduction 0.088484
############################################
Predicted calcsPerSecond: 14280169563
SubGraph 0 Layer 4 Selecting RP 1 with Nodes: 268 and calcs: 19473300895 :: Predicted time: 0.005388, Actual Time: 0.005005
Build Time: 0.005005, Calc Time: 1.363660, reduction 0.048425
############################################
Predicted calcsPerSecond: 14278495670
SubGraph 0 Layer 5 Selecting RP 1 with Nodes: 330 and calcs: 18972189179 :: Predicted time: 0.005005, Actual Time: 0.005666
Build Time: 0.005666, Calc Time: 1.328725, reduction 0.034936
############################################
Predicted calcsPerSecond: 14255545302
SubGraph 0 Layer 6 Selecting RP 1 with Nodes: 399 and calcs: 18572642983 :: Predicted time: 0.005666, Actual Time: 0.006869
Build Time: 0.006869, Calc Time: 1.302836, reduction 0.025888
############################################
Predicted calcsPerSecond: 14285837255
SubGraph 0 Layer 7 Selecting RP 1 with Nodes: 484 and calcs: 18269442773 :: Predicted time: 0.006869, Actual Time: 0.007711
Build Time: 0.007711, Calc Time: 1.278850, reduction 0.023986
############################################
Predicted calcsPerSecond: 14304395737
SubGraph 0 Layer 8 Selecting RP 1 with Nodes: 558 and calcs: 17998124983 :: Predicted time: 0.007711, Actual Time: 0.010441
Build Time: 0.010441, Calc Time: 1.258223, reduction 0.020627
############################################
Predicted calcsPerSecond: 14237770825
SubGraph 0 Layer 9 Selecting RP 3 with Nodes: 635 and calcs: 17878180011 :: Predicted time: 0.010441, Actual Time: 0.010395
Build Time: 0.010395, Calc Time: 1.255687, reduction 0.002537
############################################
Final graph has 635 nodes, 17878180011 calcs total
Node Construct time: 0.502839
Batchs: 100
Batch 0 Results: 27273777
Batch 1 Results: 66312
Total results Set Size: 27340089 
Node Laucnher time: 1.025409
Total Time: 1.151151

Time to read in file: 0.031850

Number points: 287999 
Number Dimensions: 49 
Number Concurent Streams: 2
Block Size: 512, Kernel Blocks: 512
Using using binary searches
Distance Threshold: 0.004500 
*********************************

Predicted calcsPerSecond: 14028485598
SubGraph 0 Layer 0 Selecting RP 3 with Nodes: 17 and calcs: 34895868125 :: Predicted time: 0.000000, Actual Time: 0.009937
Build Time: 0.009937, Calc Time: 2.487501, reduction -2.487501
############################################
Predicted calcsPerSecond: 14138451815
SubGraph 0 Layer 1 Selecting RP 2 with Nodes: 52 and calcs: 30838039823 :: Predicted time: 0.009937, Actual Time: 0.022931
Build Time: 0.022931, Calc Time: 2.181147, reduction 0.306354
############################################
Predicted calcsPerSecond: 14189298958
SubGraph 0 Layer 2 Selecting RP 5 with Nodes: 96 and calcs: 28830936055 :: Predicted time: 0.022931, Actual Time: 0.006192
Build Time: 0.006192, Calc Time: 2.031879, reduction 0.149268
############################################
Predicted calcsPerSecond: 14212957127
SubGraph 0 Layer 3 Selecting RP 2 with Nodes: 157 and calcs: 27454889763 :: Predicted time: 0.006192, Actual Time: 0.005437
Build Time: 0.005437, Calc Time: 1.931680, reduction 0.100198
############################################
Predicted calcsPerSecond: 14240893350
SubGraph 0 Layer 4 Selecting RP 1 with Nodes: 211 and calcs: 26532268545 :: Predicted time: 0.005437, Actual Time: 0.004748
Build Time: 0.004748, Calc Time: 1.863104, reduction 0.068576
############################################
Predicted calcsPerSecond: 14268901070
SubGraph 0 Layer 5 Selecting RP 3 with Nodes: 261 and calcs: 26051948835 :: Predicted time: 0.004748, Actual Time: 0.005216
Build Time: 0.005216, Calc Time: 1.825785, reduction 0.037319
############################################
Predicted calcsPerSecond: 14279810251
SubGraph 0 Layer 6 Selecting RP 1 with Nodes: 313 and calcs: 25634393389 :: Predicted time: 0.005216, Actual Time: 0.006050
Build Time: 0.006050, Calc Time: 1.795149, reduction 0.030636
############################################
Predicted calcsPerSecond: 14263605381
SubGraph 0 Layer 7 Selecting RP 1 with Nodes: 355 and calcs: 25192282569 :: Predicted time: 0.006050, Actual Time: 0.005908
Build Time: 0.005908, Calc Time: 1.766193, reduction 0.028956
############################################
Predicted calcsPerSecond: 14286863621
SubGraph 0 Layer 8 Selecting RP 2 with Nodes: 418 and calcs: 24877663803 :: Predicted time: 0.005908, Actual Time: 0.004818
Build Time: 0.004818, Calc Time: 1.741296, reduction 0.024897
############################################
Predicted calcsPerSecond: 14250527151
SubGraph 0 Layer 9 Selecting RP 3 with Nodes: 485 and calcs: 24682058995 :: Predicted time: 0.004818, Actual Time: 0.008967
Build Time: 0.008967, Calc Time: 1.732010, reduction 0.009286
############################################
Predicted calcsPerSecond: 14266920987
SubGraph 0 Layer 10 Selecting RP 2 with Nodes: 566 and calcs: 24496083547 :: Predicted time: 0.008967, Actual Time: 0.011821
Build Time: 0.011821, Calc Time: 1.716985, reduction 0.015026
############################################
Predicted calcsPerSecond: 14247142214
SubGraph 0 Layer 11 Selecting RP 2 with Nodes: 626 and calcs: 24343736929 :: Predicted time: 0.011821, Actual Time: 0.012796
Build Time: 0.012796, Calc Time: 1.708675, reduction 0.008310
############################################
Final graph has 626 nodes, 24343736929 calcs total
Node Construct time: 0.566739
Batchs: 100
Batch 0 Results: 47174890
Batch 1 Results: 79989
Total results Set Size: 47254879 
Node Laucnher time: 1.200278
Total Time: 1.328429

Time to read in file: 0.030779

Number points: 287999 
Number Dimensions: 49 
Number Concurent Streams: 2
Block Size: 512, Kernel Blocks: 512
Using using binary searches
Distance Threshold: 0.005750 
*********************************

Predicted calcsPerSecond: 14023605193
SubGraph 0 Layer 0 Selecting RP 6 with Nodes: 15 and calcs: 40034425453 :: Predicted time: 0.000000, Actual Time: 0.008938
Build Time: 0.008938, Calc Time: 2.854788, reduction -2.854788
############################################
Predicted calcsPerSecond: 14163458314
SubGraph 0 Layer 1 Selecting RP 4 with Nodes: 36 and calcs: 36485535735 :: Predicted time: 0.008938, Actual Time: 0.013589
Build Time: 0.013589, Calc Time: 2.576033, reduction 0.278755
############################################
Predicted calcsPerSecond: 14225108175
SubGraph 0 Layer 2 Selecting RP 4 with Nodes: 64 and calcs: 35059788465 :: Predicted time: 0.013589, Actual Time: 0.006102
Build Time: 0.006102, Calc Time: 2.464641, reduction 0.111392
############################################
Predicted calcsPerSecond: 14287876737
SubGraph 0 Layer 3 Selecting RP 6 with Nodes: 108 and calcs: 33996926329 :: Predicted time: 0.006102, Actual Time: 0.005651
Build Time: 0.005651, Calc Time: 2.379425, reduction 0.085217
############################################
Predicted calcsPerSecond: 14282147992
SubGraph 0 Layer 4 Selecting RP 1 with Nodes: 164 and calcs: 33053360959 :: Predicted time: 0.005651, Actual Time: 0.005826
Build Time: 0.005826, Calc Time: 2.314313, reduction 0.065112
############################################
Predicted calcsPerSecond: 14283233309
SubGraph 0 Layer 5 Selecting RP 4 with Nodes: 220 and calcs: 32293817869 :: Predicted time: 0.005826, Actual Time: 0.005035
Build Time: 0.005035, Calc Time: 2.260960, reduction 0.053353
############################################
Predicted calcsPerSecond: 14276788674
SubGraph 0 Layer 6 Selecting RP 1 with Nodes: 265 and calcs: 31765613457 :: Predicted time: 0.005035, Actual Time: 0.005333
Build Time: 0.005333, Calc Time: 2.224983, reduction 0.035977
############################################
Predicted calcsPerSecond: 14275188365
SubGraph 0 Layer 7 Selecting RP 2 with Nodes: 310 and calcs: 31387352775 :: Predicted time: 0.005333, Actual Time: 0.005457
Build Time: 0.005457, Calc Time: 2.198735, reduction 0.026248
############################################
Predicted calcsPerSecond: 14277223496
SubGraph 0 Layer 8 Selecting RP 1 with Nodes: 363 and calcs: 31015328147 :: Predicted time: 0.005457, Actual Time: 0.005967
Build Time: 0.005967, Calc Time: 2.172364, reduction 0.026371
############################################
Predicted calcsPerSecond: 14285952080
SubGraph 0 Layer 9 Selecting RP 4 with Nodes: 386 and calcs: 30703110237 :: Predicted time: 0.005967, Actual Time: 0.004398
Build Time: 0.004398, Calc Time: 2.149182, reduction 0.023182
############################################
Predicted calcsPerSecond: 14308490307
SubGraph 0 Layer 10 Selecting RP 3 with Nodes: 424 and calcs: 30474749757 :: Predicted time: 0.004398, Actual Time: 0.005858
Build Time: 0.005858, Calc Time: 2.129837, reduction 0.019345
############################################
Predicted calcsPerSecond: 14292706654
SubGraph 0 Layer 11 Selecting RP 3 with Nodes: 476 and calcs: 30263695755 :: Predicted time: 0.005858, Actual Time: 0.007917
Build Time: 0.007917, Calc Time: 2.117422, reduction 0.012415
############################################
Predicted calcsPerSecond: 14307682359
SubGraph 0 Layer 12 Selecting RP 1 with Nodes: 530 and calcs: 29985011037 :: Predicted time: 0.007917, Actual Time: 0.009718
Build Time: 0.009718, Calc Time: 2.095728, reduction 0.021694
############################################
Predicted calcsPerSecond: 14324815092
SubGraph 0 Layer 13 Selecting RP 9 with Nodes: 600 and calcs: 29861024347 :: Predicted time: 0.009718, Actual Time: 0.011699
Build Time: 0.011699, Calc Time: 2.084566, reduction 0.011162
############################################
Final graph has 600 nodes, 29861024347 calcs total
Node Construct time: 0.652936
Batchs: 100
Batch 0 Results: 158664
Batch 1 Results: 92912187
Total results Set Size: 93070851 
Node Laucnher time: 1.610603
Total Time: 1.739380

Time to read in file: 0.031531

Number points: 287999 
Number Dimensions: 49 
Number Concurent Streams: 2
Block Size: 512, Kernel Blocks: 512
Using using binary searches
Distance Threshold: 0.007000 
*********************************

Predicted calcsPerSecond: 13895674410
SubGraph 0 Layer 0 Selecting RP 3 with Nodes: 13 and calcs: 43968382041 :: Predicted time: 0.000000, Actual Time: 0.007951
Build Time: 0.007951, Calc Time: 3.164178, reduction -3.164178
############################################
Predicted calcsPerSecond: 14073108521
SubGraph 0 Layer 1 Selecting RP 6 with Nodes: 32 and calcs: 41506087741 :: Predicted time: 0.007951, Actual Time: 0.016119
Build Time: 0.016119, Calc Time: 2.949319, reduction 0.214859
############################################
Predicted calcsPerSecond: 14197064834
SubGraph 0 Layer 2 Selecting RP 5 with Nodes: 63 and calcs: 39746059499 :: Predicted time: 0.016119, Actual Time: 0.006505
Build Time: 0.006505, Calc Time: 2.799597, reduction 0.149722
############################################
Predicted calcsPerSecond: 14231180559
SubGraph 0 Layer 3 Selecting RP 6 with Nodes: 96 and calcs: 38816859959 :: Predicted time: 0.006505, Actual Time: 0.005327
Build Time: 0.005327, Calc Time: 2.727592, reduction 0.072005
############################################
Predicted calcsPerSecond: 14237332369
SubGraph 0 Layer 4 Selecting RP 5 with Nodes: 147 and calcs: 38097259923 :: Predicted time: 0.005327, Actual Time: 0.006102
Build Time: 0.006102, Calc Time: 2.675871, reduction 0.051722
############################################
Predicted calcsPerSecond: 14255460212
SubGraph 0 Layer 5 Selecting RP 3 with Nodes: 184 and calcs: 37558645459 :: Predicted time: 0.006102, Actual Time: 0.004696
Build Time: 0.004696, Calc Time: 2.634685, reduction 0.041186
############################################
Predicted calcsPerSecond: 14246596079
SubGraph 0 Layer 6 Selecting RP 1 with Nodes: 235 and calcs: 36915363819 :: Predicted time: 0.004696, Actual Time: 0.005603
Build Time: 0.005603, Calc Time: 2.591171, reduction 0.043514
############################################
Predicted calcsPerSecond: 14229391312
SubGraph 0 Layer 7 Selecting RP 1 with Nodes: 282 and calcs: 36538113321 :: Predicted time: 0.005603, Actual Time: 0.006211
Build Time: 0.006211, Calc Time: 2.567792, reduction 0.023379
############################################
Predicted calcsPerSecond: 14259497600
SubGraph 0 Layer 8 Selecting RP 3 with Nodes: 316 and calcs: 36233727363 :: Predicted time: 0.006211, Actual Time: 0.005593
Build Time: 0.005593, Calc Time: 2.541024, reduction 0.026768
############################################
Predicted calcsPerSecond: 14280845762
SubGraph 0 Layer 9 Selecting RP 3 with Nodes: 361 and calcs: 35998401051 :: Predicted time: 0.005593, Actual Time: 0.005835
Build Time: 0.005835, Calc Time: 2.520747, reduction 0.020277
############################################
Predicted calcsPerSecond: 14273827881
SubGraph 0 Layer 10 Selecting RP 2 with Nodes: 421 and calcs: 35781252667 :: Predicted time: 0.005835, Actual Time: 0.007292
Build Time: 0.007292, Calc Time: 2.506773, reduction 0.013974
############################################
Predicted calcsPerSecond: 14261173367
SubGraph 0 Layer 11 Selecting RP 2 with Nodes: 480 and calcs: 35576042543 :: Predicted time: 0.007292, Actual Time: 0.008469
Build Time: 0.008469, Calc Time: 2.494608, reduction 0.012165
############################################
Predicted calcsPerSecond: 14279650184
SubGraph 0 Layer 12 Selecting RP 1 with Nodes: 549 and calcs: 35311801559 :: Predicted time: 0.008469, Actual Time: 0.010055
Build Time: 0.010055, Calc Time: 2.472876, reduction 0.021733
############################################
Predicted calcsPerSecond: 14258187749
SubGraph 0 Layer 13 Selecting RP 1 with Nodes: 586 and calcs: 35101001357 :: Predicted time: 0.010055, Actual Time: 0.011987
Build Time: 0.011987, Calc Time: 2.461814, reduction 0.011062
############################################
Final graph has 586 nodes, 35101001357 calcs total
Node Construct time: 0.637534
Batchs: 100
Batch 0 Results: 1026016
Batch 1 Results: 289101019
Total results Set Size: 290127035 
Node Laucnher time: 2.581802
Total Time: 2.710503
BIGCROSS____________________________________________________________
BIGCROSS____________________________________________________________

Time to read in file: 12.541090

Number points: 11620300 
Number Dimensions: 57 
Number Concurent Streams: 2
Block Size: 512, Kernel Blocks: 512
Using using binary searches
Distance Threshold: 0.001000 
*********************************

Predicted calcsPerSecond: 12383507609
SubGraph 0 Layer 0 Selecting RP 1 with Nodes: 284 and calcs: 2218851098970 :: Predicted time: 0.000000, Actual Time: 0.212845
Build Time: 0.212845, Calc Time: 179.177917, reduction -179.177917
############################################
Predicted calcsPerSecond: 12392595843
SubGraph 0 Layer 1 Selecting RP 9 with Nodes: 12804 and calcs: 199240449126 :: Predicted time: 0.212845, Actual Time: 30.429263
Build Time: 30.429263, Calc Time: 16.077378, reduction 163.100539
############################################
Predicted calcsPerSecond: 12390200286
SubGraph 0 Layer 2 Selecting RP 0 with Nodes: 56603 and calcs: 120929213754 :: Predicted time: 30.429263, Actual Time: 3.104816
Build Time: 3.104816, Calc Time: 9.760069, reduction 6.317309
############################################
Predicted calcsPerSecond: 12394338141
SubGraph 0 Layer 3 Selecting RP 0 with Nodes: 56603 and calcs: 120929213754 :: Predicted time: 3.104816, Actual Time: 0.670299
Build Time: 0.670299, Calc Time: 9.756811, reduction 0.003258
############################################
Final graph has 56603 nodes, 120929213754 calcs total
Node Construct time: 11.015422
Batchs: 100
Batch 0 Results: 8163252
Batch 1 Results: 8131991
Batch 2 Results: 8120377
Batch 3 Results: 8117440
Batch 4 Results: 8144221
Batch 5 Results: 460193
Total results Set Size: 41137474 
Node Laucnher time: 22.335938
Total Time: 29.003790

Time to read in file: 11.494354

Number points: 11620300 
Number Dimensions: 57 
Number Concurent Streams: 2
Block Size: 512, Kernel Blocks: 512
Using using binary searches
Distance Threshold: 0.005750 
*********************************

Predicted calcsPerSecond: 12391989621
SubGraph 0 Layer 0 Selecting RP 1 with Nodes: 50 and calcs: 12707374244866 :: Predicted time: 0.000000, Actual Time: 0.095797
Build Time: 0.095797, Calc Time: 1025.450685, reduction -1025.450685
############################################
Predicted calcsPerSecond: 12390916496
SubGraph 0 Layer 1 Selecting RP 9 with Nodes: 491 and calcs: 5686280490162 :: Predicted time: 0.095797, Actual Time: 3.331003
Build Time: 3.331003, Calc Time: 458.907175, reduction 566.543510
############################################
Predicted calcsPerSecond: 12396368024
SubGraph 0 Layer 2 Selecting RP 0 with Nodes: 3403 and calcs: 2813104710430 :: Predicted time: 3.331003, Actual Time: 1.825280
Build Time: 1.825280, Calc Time: 226.929751, reduction 231.977424
############################################
Predicted calcsPerSecond: 12392499286
SubGraph 0 Layer 3 Selecting RP 7 with Nodes: 7685 and calcs: 2275045131178 :: Predicted time: 1.825280, Actual Time: 0.538818
Build Time: 0.538818, Calc Time: 183.582430, reduction 43.347321
############################################
Predicted calcsPerSecond: 12396028506
SubGraph 0 Layer 4 Selecting RP 0 with Nodes: 14791 and calcs: 1618859620100 :: Predicted time: 0.538818, Actual Time: 1.213852
Build Time: 1.213852, Calc Time: 130.595022, reduction 52.987408
############################################
Predicted calcsPerSecond: 12400725828
SubGraph 0 Layer 5 Selecting RP 4 with Nodes: 29122 and calcs: 1173221806090 :: Predicted time: 1.213852, Actual Time: 1.738146
Build Time: 1.738146, Calc Time: 94.609124, reduction 35.985898
############################################
Predicted calcsPerSecond: 12400433230
SubGraph 0 Layer 6 Selecting RP 1 with Nodes: 39126 and calcs: 1014566290784 :: Predicted time: 1.738146, Actual Time: 2.029335
Build Time: 2.029335, Calc Time: 81.817004, reduction 12.792120
############################################
Predicted calcsPerSecond: 12393554911
SubGraph 0 Layer 7 Selecting RP 6 with Nodes: 43764 and calcs: 992052523520 :: Predicted time: 2.029335, Actual Time: 2.069033
Build Time: 2.069033, Calc Time: 80.045841, reduction 1.771163
############################################
Final graph has 43764 nodes, 992052523520 calcs total
Node Construct time: 23.373212
Batchs: 100
Batch 0 Results: 10238807
Batch 1 Results: 10304014
Batch 2 Results: 10036104
Batch 3 Results: 10377132
Batch 4 Results: 9998567
Batch 5 Results: 10480996
Batch 6 Results: 10646613
Batch 7 Results: 10212909
Batch 8 Results: 10268100
Batch 9 Results: 10319841
Batch 10 Results: 10341548
Batch 11 Results: 10320434
Batch 12 Results: 10662741
Batch 13 Results: 10097592
Batch 14 Results: 10726121
Batch 15 Results: 10208403
Batch 16 Results: 10697186
Batch 17 Results: 10162991
Batch 18 Results: 10428201
Batch 19 Results: 10340216
Batch 20 Results: 10234454
Batch 21 Results: 9775275
Batch 22 Results: 10227806
Batch 23 Results: 9657804
Batch 24 Results: 10263678
Batch 25 Results: 9829929
Batch 26 Results: 10271829
Batch 27 Results: 9911206
Batch 28 Results: 10304737
Batch 29 Results: 9277742
Batch 30 Results: 10236794
Batch 31 Results: 9725866
Batch 32 Results: 10236698
Batch 33 Results: 9752131
Batch 34 Results: 10525456
Batch 35 Results: 9804659
Batch 36 Results: 10395048
Batch 37 Results: 9990557
Batch 38 Results: 10501363
Batch 39 Results: 9786395
Batch 40 Results: 10230457
Batch 41 Results: 9728016
Batch 42 Results: 10186740
Batch 43 Results: 9779686
Batch 44 Results: 10248221
Batch 45 Results: 9729810
Batch 46 Results: 10123592
Batch 47 Results: 9680531
Batch 48 Results: 10379381
Batch 49 Results: 9627649
Batch 50 Results: 10666699
Batch 51 Results: 9972993
Batch 52 Results: 10553195
Batch 53 Results: 1404001
Total results Set Size: 539888914 
Node Laucnher time: 39.999612
Total Time: 46.455483

Time to read in file: 11.547123

Number points: 11620300 
Number Dimensions: 57 
Number Concurent Streams: 2
Block Size: 512, Kernel Blocks: 512
Using using binary searches
Distance Threshold: 0.010500 
*********************************

Predicted calcsPerSecond: 12406047863
SubGraph 0 Layer 0 Selecting RP 1 with Nodes: 28 and calcs: 23026901662088 :: Predicted time: 0.000000, Actual Time: 0.084717
Build Time: 0.084717, Calc Time: 1856.102920, reduction -1856.102920
############################################
Predicted calcsPerSecond: 12402867305
SubGraph 0 Layer 1 Selecting RP 9 with Nodes: 171 and calcs: 15137745540152 :: Predicted time: 0.084717, Actual Time: 2.207251
Build Time: 2.207251, Calc Time: 1220.503708, reduction 635.599211
############################################
Predicted calcsPerSecond: 12404431156
SubGraph 0 Layer 2 Selecting RP 0 with Nodes: 823 and calcs: 10665352954338 :: Predicted time: 2.207251, Actual Time: 1.185203
Build Time: 1.185203, Calc Time: 859.801858, reduction 360.701850
############################################
Predicted calcsPerSecond: 12399605214
SubGraph 0 Layer 3 Selecting RP 7 with Nodes: 1842 and calcs: 9277529000604 :: Predicted time: 1.185203, Actual Time: 0.505656
Build Time: 0.505656, Calc Time: 748.211644, reduction 111.590214
############################################
Predicted calcsPerSecond: 12406671880
SubGraph 0 Layer 4 Selecting RP 0 with Nodes: 4074 and calcs: 6944932139770 :: Predicted time: 0.505656, Actual Time: 0.628390
Build Time: 0.628390, Calc Time: 559.773983, reduction 188.437660
############################################
Predicted calcsPerSecond: 12407554344
SubGraph 0 Layer 5 Selecting RP 4 with Nodes: 8637 and calcs: 5842543402050 :: Predicted time: 0.628390, Actual Time: 1.009633
Build Time: 1.009633, Calc Time: 470.885981, reduction 88.888002
############################################
Predicted calcsPerSecond: 12405370671
SubGraph 0 Layer 6 Selecting RP 1 with Nodes: 15136 and calcs: 4685296243906 :: Predicted time: 1.009633, Actual Time: 1.372853
Build Time: 1.372853, Calc Time: 377.682890, reduction 93.203091
############################################
Predicted calcsPerSecond: 12401720195
SubGraph 0 Layer 7 Selecting RP 6 with Nodes: 21116 and calcs: 4418819402866 :: Predicted time: 1.372853, Actual Time: 1.903419
Build Time: 1.903419, Calc Time: 356.306975, reduction 21.375915
############################################
Predicted calcsPerSecond: 12404959799
SubGraph 0 Layer 8 Selecting RP 0 with Nodes: 29185 and calcs: 4029409608102 :: Predicted time: 1.903419, Actual Time: 1.845796
Build Time: 1.845796, Calc Time: 324.822464, reduction 31.484511
############################################
Predicted calcsPerSecond: 12398041100
SubGraph 0 Layer 9 Selecting RP 0 with Nodes: 37530 and calcs: 3785327975158 :: Predicted time: 1.845796, Actual Time: 1.950698
Build Time: 1.950698, Calc Time: 305.316618, reduction 19.505846
############################################
Predicted calcsPerSecond: 12395452475
SubGraph 0 Layer 10 Selecting RP 1 with Nodes: 47296 and calcs: 3638626014826 :: Predicted time: 1.950698, Actual Time: 5.516901
Build Time: 5.516901, Calc Time: 293.545235, reduction 11.771382
############################################
Predicted calcsPerSecond: 12402007917
SubGraph 0 Layer 11 Selecting RP 0 with Nodes: 57751 and calcs: 3445324284390 :: Predicted time: 5.516901, Actual Time: 5.267390
Build Time: 5.267390, Calc Time: 277.803748, reduction 15.741487
############################################
Predicted calcsPerSecond: 12401165072
SubGraph 0 Layer 12 Selecting RP 0 with Nodes: 66094 and calcs: 3359504873684 :: Predicted time: 5.267390, Actual Time: 6.507770
Build Time: 6.507770, Calc Time: 270.902359, reduction 6.901389
############################################
Predicted calcsPerSecond: 12398515181
SubGraph 0 Layer 13 Selecting RP 5 with Nodes: 72924 and calcs: 3325324912520 :: Predicted time: 6.507770, Actual Time: 14.072895
Build Time: 14.072895, Calc Time: 268.203480, reduction 2.698880
############################################
Final graph has 72924 nodes, 3325324912520 calcs total
Node Construct time: 75.917972
Batchs: 100
Batch 0 Results: 26886329
Batch 1 Results: 17797515
Batch 2 Results: 27917311
Batch 3 Results: 14836798
Batch 4 Results: 29620584
Batch 5 Results: 16751697
Batch 6 Results: 31913129
Batch 7 Results: 15287062
Batch 8 Results: 34853734
Batch 9 Results: 14122744
Batch 10 Results: 30619818
Batch 11 Results: 13038119
Batch 12 Results: 29721467
Batch 13 Results: 13577472
Batch 14 Results: 33425985
Batch 15 Results: 13212620
Batch 16 Results: 29491924
Batch 17 Results: 13622740
Batch 18 Results: 32895585
Batch 19 Results: 11371457
Batch 20 Results: 31371110
Batch 21 Results: 14744580
Batch 22 Results: 33214291
Batch 23 Results: 11338586
Batch 24 Results: 32567138
Batch 25 Results: 11954268
Batch 26 Results: 31916975
Batch 27 Results: 11078581
Batch 28 Results: 31862346
Batch 29 Results: 12449008
Batch 30 Results: 32638753
Batch 31 Results: 10819860
Batch 32 Results: 32980710
Batch 33 Results: 14578152
Batch 34 Results: 33310471
Batch 35 Results: 13403484
Batch 36 Results: 32800089
Batch 37 Results: 11813936
Batch 38 Results: 31229385
Batch 39 Results: 12796023
Batch 40 Results: 32243691
Batch 41 Results: 17156100
Batch 42 Results: 32270455
Batch 43 Results: 10190138
Batch 44 Results: 32822732
Batch 45 Results: 13416561
Batch 46 Results: 31206740
Batch 47 Results: 12953365
Batch 48 Results: 32994081
Batch 49 Results: 11560965
Batch 50 Results: 31810062
Batch 51 Results: 13361784
Batch 52 Results: 32107358
Batch 53 Results: 12971631
Batch 54 Results: 31286190
Batch 55 Results: 14417599
Batch 56 Results: 33976084
Batch 57 Results: 12068225
Batch 58 Results: 32542282
Batch 59 Results: 11664993
Batch 60 Results: 30151364
Batch 61 Results: 12810282
Batch 62 Results: 31743521
Batch 63 Results: 9915207
Batch 64 Results: 30490895
Batch 65 Results: 12381681
Batch 66 Results: 32873120
Batch 67 Results: 10626154
Batch 68 Results: 32277137
Batch 69 Results: 13278946
Batch 70 Results: 34422269
Batch 71 Results: 14322334
Batch 72 Results: 33268467
Batch 73 Results: 13651722
Batch 74 Results: 21012127
Total results Set Size: 1686078098 
Node Laucnher time: 115.833422
Total Time: 122.300607

Time to read in file: 11.680450

Number points: 11620300 
Number Dimensions: 57 
Number Concurent Streams: 2
Block Size: 512, Kernel Blocks: 512
Using using binary searches
Distance Threshold: 0.015250 
*********************************

Predicted calcsPerSecond: 12401912496
SubGraph 0 Layer 0 Selecting RP 1 with Nodes: 19 and calcs: 33074580959368 :: Predicted time: 0.000000, Actual Time: 0.080240
Build Time: 0.080240, Calc Time: 2666.893592, reduction -2666.893592
############################################
Predicted calcsPerSecond: 12399891490
SubGraph 0 Layer 1 Selecting RP 9 with Nodes: 95 and calcs: 25399610622444 :: Predicted time: 0.080240, Actual Time: 1.963225
Build Time: 1.963225, Calc Time: 2048.373620, reduction 618.519971
############################################
Predicted calcsPerSecond: 12397202487
SubGraph 0 Layer 2 Selecting RP 0 with Nodes: 355 and calcs: 20820491874220 :: Predicted time: 1.963225, Actual Time: 1.217231
Build Time: 1.217231, Calc Time: 1679.450819, reduction 368.922801
############################################
Predicted calcsPerSecond: 12391563667
SubGraph 0 Layer 3 Selecting RP 2 with Nodes: 748 and calcs: 18481532606976 :: Predicted time: 1.217231, Actual Time: 0.675750
Build Time: 0.675750, Calc Time: 1491.460893, reduction 187.989927
############################################
Predicted calcsPerSecond: 12397460111
SubGraph 0 Layer 4 Selecting RP 0 with Nodes: 1684 and calcs: 14529927649062 :: Predicted time: 0.675750, Actual Time: 0.588941
Build Time: 0.588941, Calc Time: 1172.008421, reduction 319.452472
############################################
Predicted calcsPerSecond: 12392012120
SubGraph 0 Layer 5 Selecting RP 2 with Nodes: 3058 and calcs: 13340423302278 :: Predicted time: 0.588941, Actual Time: 0.529499
Build Time: 0.529499, Calc Time: 1076.534075, reduction 95.474346
############################################
Predicted calcsPerSecond: 12388763537
SubGraph 0 Layer 6 Selecting RP 1 with Nodes: 4948 and calcs: 11895957726760 :: Predicted time: 0.529499, Actual Time: 0.980205
Build Time: 0.980205, Calc Time: 960.221550, reduction 116.312525
############################################
Predicted calcsPerSecond: 12388881888
SubGraph 0 Layer 7 Selecting RP 6 with Nodes: 7624 and calcs: 11318627801790 :: Predicted time: 0.980205, Actual Time: 0.865481
Build Time: 0.865481, Calc Time: 913.611729, reduction 46.609821
############################################
Predicted calcsPerSecond: 12396833456
SubGraph 0 Layer 8 Selecting RP 0 with Nodes: 11647 and calcs: 10530533676306 :: Predicted time: 0.865481, Actual Time: 0.811843
Build Time: 0.811843, Calc Time: 849.453509, reduction 64.158220
############################################
Predicted calcsPerSecond: 12393212184
SubGraph 0 Layer 9 Selecting RP 4 with Nodes: 14967 and calcs: 10087249078888 :: Predicted time: 0.811843, Actual Time: 1.423836
Build Time: 1.423836, Calc Time: 813.933380, reduction 35.520129
############################################
Predicted calcsPerSecond: 12399795639
SubGraph 0 Layer 10 Selecting RP 1 with Nodes: 20076 and calcs: 9760642083300 :: Predicted time: 1.423836, Actual Time: 2.620411
Build Time: 2.620411, Calc Time: 787.161528, reduction 26.771852
############################################
Predicted calcsPerSecond: 12394644187
SubGraph 0 Layer 11 Selecting RP 0 with Nodes: 27419 and calcs: 9175555938690 :: Predicted time: 2.620411, Actual Time: 2.448612
Build Time: 2.448612, Calc Time: 740.283932, reduction 46.877596
############################################
Predicted calcsPerSecond: 12400003323
SubGraph 0 Layer 12 Selecting RP 0 with Nodes: 36315 and calcs: 8835999313122 :: Predicted time: 2.448612, Actual Time: 5.026480
Build Time: 5.026480, Calc Time: 712.580399, reduction 27.703534
############################################
Predicted calcsPerSecond: 12403931756
SubGraph 0 Layer 13 Selecting RP 8 with Nodes: 42699 and calcs: 8706682541722 :: Predicted time: 5.026480, Actual Time: 7.962458
Build Time: 7.962458, Calc Time: 701.929252, reduction 10.651147
############################################
Predicted calcsPerSecond: 12393338488
SubGraph 0 Layer 14 Selecting RP 0 with Nodes: 50884 and calcs: 8416583954038 :: Predicted time: 7.962458, Actual Time: 8.191284
Build Time: 8.191284, Calc Time: 679.121607, reduction 22.807645
############################################
Predicted calcsPerSecond: 12395641812
SubGraph 0 Layer 15 Selecting RP 1 with Nodes: 59052 and calcs: 8194827042090 :: Predicted time: 8.191284, Actual Time: 10.174474
Build Time: 10.174474, Calc Time: 661.105505, reduction 18.016102
############################################
Predicted calcsPerSecond: 12385927819
SubGraph 0 Layer 16 Selecting RP 2 with Nodes: 68886 and calcs: 7999650020588 :: Predicted time: 10.174474, Actual Time: 17.788018
Build Time: 17.788018, Calc Time: 645.866029, reduction 15.239476
############################################
Final graph has 68886 nodes, 7999650020588 calcs total
Node Construct time: 92.819950
Batchs: 100
Batch 0 Results: 64505813
Batch 1 Results: 20134698
Batch 2 Results: 68019420
Batch 3 Results: 26384561
Batch 4 Results: 72967917
Batch 5 Results: 30755637
Batch 6 Results: 72318218
Batch 7 Results: 26558655
Batch 8 Results: 77141247
Batch 9 Results: 12786523
Batch 10 Results: 100948831
Batch 11 Results: 29112011
Batch 12 Results: 80501319
Batch 13 Results: 36953310
Batch 14 Results: 76828605
Batch 15 Results: 13639554
Batch 16 Results: 78082616
Batch 17 Results: 16681556
Batch 18 Results: 86335103
Batch 19 Results: 23161824
Batch 20 Results: 87823966
Batch 21 Results: 21101802
Batch 22 Results: 79484581
Batch 23 Results: 30902609
Batch 24 Results: 107162935
Batch 25 Results: 29218639
Batch 26 Results: 89270520
Batch 27 Results: 25917942
Batch 28 Results: 93865752
Batch 29 Results: 13089802
Batch 31 Results: 12524446
Batch 30 Results: 94223181
Batch 32 Results: 86241665
Batch 33 Results: 20878831
Batch 34 Results: 104740925
Batch 35 Results: 29331242
Batch 36 Results: 86791292
Batch 37 Results: 12726339
Batch 38 Results: 101328378
Batch 39 Results: 25496833
Batch 41 Results: 13088638
Batch 40 Results: 83377479
Batch 42 Results: 106232469
Batch 43 Results: 14836899
Batch 44 Results: 98779880
Batch 45 Results: 21696233
Batch 46 Results: 79831240
Batch 47 Results: 29763280
Batch 48 Results: 101125344
Batch 49 Results: 15693912
Batch 50 Results: 92379565
Batch 51 Results: 14619255
Batch 52 Results: 102231744
Batch 53 Results: 28435171
Batch 54 Results: 113706163
Batch 55 Results: 20393350
Batch 56 Results: 85119446
Batch 57 Results: 13792767
Batch 58 Results: 95178949
Batch 59 Results: 10805157
Batch 60 Results: 97064998
Batch 61 Results: 16121377
Batch 62 Results: 103931450
Batch 63 Results: 33793551
Batch 64 Results: 98689582
Batch 65 Results: 27564421
Batch 66 Results: 87700760
Batch 67 Results: 28875520
Batch 68 Results: 86129488
Batch 69 Results: 23873947
Batch 70 Results: 96607301
Batch 71 Results: 30958133
Batch 72 Results: 90019756
Batch 73 Results: 21144511
Batch 74 Results: 97296314
Batch 75 Results: 25995950
Batch 76 Results: 109998851
Batch 77 Results: 43628320
Batch 78 Results: 95995950
Batch 79 Results: 30890253
Batch 80 Results: 95934976
Batch 81 Results: 35662620
Batch 82 Results: 67034132
Total results Set Size: 4751938200 
Node Laucnher time: 184.062824
Total Time: 190.513089

Time to read in file: 11.526934

Number points: 11620300 
Number Dimensions: 57 
Number Concurent Streams: 2
Block Size: 512, Kernel Blocks: 512
Using using binary searches
Distance Threshold: 0.020000 
*********************************

Predicted calcsPerSecond: 12404288660
SubGraph 0 Layer 0 Selecting RP 1 with Nodes: 15 and calcs: 42781421770598 :: Predicted time: 0.000000, Actual Time: 0.078227
Build Time: 0.078227, Calc Time: 3448.921816, reduction -3448.921816
############################################
Predicted calcsPerSecond: 12393219305
SubGraph 0 Layer 1 Selecting RP 9 with Nodes: 58 and calcs: 35176437417218 :: Predicted time: 0.078227, Actual Time: 1.266544
Build Time: 1.266544, Calc Time: 2838.361571, reduction 610.560245
############################################
Predicted calcsPerSecond: 12396525924
SubGraph 0 Layer 2 Selecting RP 0 with Nodes: 199 and calcs: 31156064280546 :: Predicted time: 1.266544, Actual Time: 0.751767
Build Time: 0.751767, Calc Time: 2513.289971, reduction 325.071600
############################################
Predicted calcsPerSecond: 12396288707
SubGraph 0 Layer 3 Selecting RP 2 with Nodes: 401 and calcs: 28345082153310 :: Predicted time: 0.751767, Actual Time: 0.582890
Build Time: 0.582890, Calc Time: 2286.578090, reduction 226.711881
############################################
Predicted calcsPerSecond: 12403834874
SubGraph 0 Layer 4 Selecting RP 0 with Nodes: 890 and calcs: 23547976626506 :: Predicted time: 0.582890, Actual Time: 0.694329
Build Time: 0.694329, Calc Time: 1898.443253, reduction 388.134837
############################################
Predicted calcsPerSecond: 12400044931
SubGraph 0 Layer 5 Selecting RP 4 with Nodes: 1649 and calcs: 21843812575554 :: Predicted time: 0.694329, Actual Time: 0.563737
Build Time: 0.563737, Calc Time: 1761.591405, reduction 136.851848
############################################
Predicted calcsPerSecond: 12393603944
SubGraph 0 Layer 6 Selecting RP 1 with Nodes: 2817 and calcs: 19606715706008 :: Predicted time: 0.563737, Actual Time: 0.560078
Build Time: 0.560078, Calc Time: 1582.002765, reduction 179.588640
############################################
Predicted calcsPerSecond: 12392268598
SubGraph 0 Layer 7 Selecting RP 5 with Nodes: 4029 and calcs: 18935882150126 :: Predicted time: 0.560078, Actual Time: 0.664173
Build Time: 0.664173, Calc Time: 1528.040003, reduction 53.962762
############################################
Predicted calcsPerSecond: 12395303535
SubGraph 0 Layer 8 Selecting RP 0 with Nodes: 6175 and calcs: 18118395976384 :: Predicted time: 0.664173, Actual Time: 0.516594
Build Time: 0.516594, Calc Time: 1461.714586, reduction 66.325417
############################################
Predicted calcsPerSecond: 12397143081
SubGraph 0 Layer 9 Selecting RP 3 with Nodes: 7947 and calcs: 17478150168388 :: Predicted time: 0.516594, Actual Time: 1.202284
Build Time: 1.202284, Calc Time: 1409.853065, reduction 51.861521
############################################
Predicted calcsPerSecond: 12399883710
SubGraph 0 Layer 10 Selecting RP 1 with Nodes: 10893 and calcs: 17059404167616 :: Predicted time: 1.202284, Actual Time: 1.500266
Build Time: 1.500266, Calc Time: 1375.771303, reduction 34.081762
############################################
Predicted calcsPerSecond: 12402126264
SubGraph 0 Layer 11 Selecting RP 0 with Nodes: 15119 and calcs: 16260774919312 :: Predicted time: 1.500266, Actual Time: 1.515051
Build Time: 1.515051, Calc Time: 1311.127993, reduction 64.643310
############################################
Predicted calcsPerSecond: 12404034862
SubGraph 0 Layer 12 Selecting RP 0 with Nodes: 20112 and calcs: 15977405174908 :: Predicted time: 1.515051, Actual Time: 2.410410
Build Time: 2.410410, Calc Time: 1288.081286, reduction 23.046707
############################################
Predicted calcsPerSecond: 12404809875
SubGraph 0 Layer 13 Selecting RP 2 with Nodes: 23819 and calcs: 15791039660868 :: Predicted time: 2.410410, Actual Time: 3.772737
Build Time: 3.772737, Calc Time: 1272.977161, reduction 15.104125
############################################
Predicted calcsPerSecond: 12397559968
SubGraph 0 Layer 14 Selecting RP 0 with Nodes: 29046 and calcs: 15303432184740 :: Predicted time: 3.772737, Actual Time: 4.644020
Build Time: 4.644020, Calc Time: 1234.390656, reduction 38.586505
############################################
Predicted calcsPerSecond: 12397958522
SubGraph 0 Layer 15 Selecting RP 1 with Nodes: 36109 and calcs: 14860321706784 :: Predicted time: 4.644020, Actual Time: 6.879905
Build Time: 6.879905, Calc Time: 1198.610374, reduction 35.780282
############################################
Predicted calcsPerSecond: 12387692854
SubGraph 0 Layer 16 Selecting RP 7 with Nodes: 42149 and calcs: 14643395529348 :: Predicted time: 6.879905, Actual Time: 9.015487
Build Time: 9.015487, Calc Time: 1182.092235, reduction 16.518140
############################################
Predicted calcsPerSecond: 12388356343
SubGraph 0 Layer 17 Selecting RP 6 with Nodes: 49101 and calcs: 14485444117576 :: Predicted time: 9.015487, Actual Time: 14.817058
Build Time: 14.817058, Calc Time: 1169.278936, reduction 12.813299
############################################
Final graph has 49101 nodes, 14485444117576 calcs total
Node Construct time: 87.134956
Batchs: 100
Batch 1 Results: 139520052
Batch 0 Results: 16352468
Batch 2 Results: 145977776
Batch 3 Results: 57025367
Batch 4 Results: 164764487
Batch 5 Results: 35330982
Batch 6 Results: 164606489
Batch 7 Results: 15834665
Batch 8 Results: 172786890
Batch 9 Results: 53111770
Batch 10 Results: 157283719
Batch 11 Results: 48313483
Batch 12 Results: 216346679
Batch 13 Results: 64649301
Batch 14 Results: 170152473
Batch 15 Results: 69354452
Batch 16 Results: 159037987
Batch 17 Results: 28050084
Batch 18 Results: 207605398
Batch 19 Results: 52078045
Batch 20 Results: 200803299
Batch 21 Results: 63149825
Batch 22 Results: 175617751
Batch 23 Results: 25783885
Batch 24 Results: 238213022
Batch 25 Results: 73508324
Batch 26 Results: 206688109
Batch 27 Results: 45886388
Batch 28 Results: 241008235
Batch 29 Results: 30472155
Batch 30 Results: 216932700
Batch 31 Results: 83227822
Batch 32 Results: 216764029
Batch 33 Results: 54490692
Batch 34 Results: 207935329
Batch 35 Results: 32514578
Batch 36 Results: 262246878
Batch 37 Results: 49159617
Batch 38 Results: 279563216
Batch 39 Results: 68311170
Batch 40 Results: 208085006
Batch 41 Results: 51411772
Batch 42 Results: 262691843
Batch 43 Results: 30657844
Batch 44 Results: 223505564
Batch 45 Results: 116012427
Batch 46 Results: 201406932
Batch 47 Results: 41732974
Batch 48 Results: 260985364
Batch 49 Results: 29451060
Batch 50 Results: 287818626
Batch 51 Results: 91549618
Batch 52 Results: 299492555
Batch 53 Results: 61079480
Batch 54 Results: 219200514
Batch 55 Results: 98313163
Batch 56 Results: 289386968
Batch 57 Results: 67414501
Batch 58 Results: 227466477
Batch 59 Results: 24369448
Batch 60 Results: 246298114
Batch 61 Results: 107492708
Batch 62 Results: 321159861
Batch 63 Results: 25726294
Batch 64 Results: 347700638
Batch 65 Results: 63862327
Batch 66 Results: 201671294
Batch 67 Results: 24973395
Batch 68 Results: 238413520
Batch 69 Results: 51082970
Batch 70 Results: 230379928
Batch 71 Results: 49073794
Batch 72 Results: 278080242
Batch 73 Results: 114294880
Batch 74 Results: 314801338
Batch 75 Results: 70898080
Batch 76 Results: 241529742
Batch 77 Results: 71917112
Batch 78 Results: 273465620
Batch 79 Results: 90470819
Batch 80 Results: 280208878
Batch 81 Results: 80226619
Batch 82 Results: 236849285
Batch 83 Results: 94646971
Batch 84 Results: 93670286
Total results Set Size: 12151386442 
Node Laucnher time: 247.693341
Total Time: 254.141893
SUSY ________________________________________________________________
SUSY ________________________________________________________________

Time to read in file: 0.629249

Number points: 5000000 
Number Dimensions: 18 
Number Concurent Streams: 2
Block Size: 512, Kernel Blocks: 512
Using using binary searches
Distance Threshold: 0.010000 
*********************************

Predicted calcsPerSecond: 52885049942
SubGraph 0 Layer 0 Selecting RP 5 with Nodes: 33 and calcs: 8418473200814 :: Predicted time: 0.000000, Actual Time: 0.020511
Build Time: 0.020511, Calc Time: 159.184367, reduction -159.184367
############################################
Predicted calcsPerSecond: 52934808509
SubGraph 0 Layer 1 Selecting RP 7 with Nodes: 375 and calcs: 3497905710176 :: Predicted time: 0.020511, Actual Time: 1.559423
Build Time: 1.559423, Calc Time: 66.079501, reduction 93.104866
############################################
Predicted calcsPerSecond: 53107002392
SubGraph 0 Layer 2 Selecting RP 5 with Nodes: 1940 and calcs: 1940815258058 :: Predicted time: 1.559423, Actual Time: 0.560705
Build Time: 0.560705, Calc Time: 36.545374, reduction 29.534127
############################################
Predicted calcsPerSecond: 53167786910
SubGraph 0 Layer 3 Selecting RP 8 with Nodes: 5330 and calcs: 1078558060880 :: Predicted time: 0.560705, Actual Time: 0.311871
Build Time: 0.311871, Calc Time: 20.285931, reduction 16.259443
############################################
Predicted calcsPerSecond: 53232280635
SubGraph 0 Layer 4 Selecting RP 3 with Nodes: 12931 and calcs: 741620864094 :: Predicted time: 0.311871, Actual Time: 0.615910
Build Time: 0.615910, Calc Time: 13.931788, reduction 6.354143
############################################
Predicted calcsPerSecond: 53166489895
SubGraph 0 Layer 5 Selecting RP 0 with Nodes: 21594 and calcs: 604590868836 :: Predicted time: 0.615910, Actual Time: 0.763330
Build Time: 0.763330, Calc Time: 11.371653, reduction 2.560135
############################################
Predicted calcsPerSecond: 53233379718
SubGraph 0 Layer 6 Selecting RP 0 with Nodes: 32076 and calcs: 517598545148 :: Predicted time: 0.763330, Actual Time: 1.691352
Build Time: 1.691352, Calc Time: 9.723195, reduction 1.648458
############################################
Final graph has 32076 nodes, 517598545148 calcs total
Node Construct time: 7.870201
Batchs: 100
Batch 1 Results: 8324452
Batch 0 Results: 8363072
Batch 2 Results: 8428138
Batch 4 Results: 0
Batch 3 Results: 5728524
Total results Set Size: 30844186 
Node Laucnher time: 18.223207
Total Time: 19.121149

Time to read in file: 0.233848

Number points: 5000000 
Number Dimensions: 18 
Number Concurent Streams: 2
Block Size: 512, Kernel Blocks: 512
Using using binary searches
Distance Threshold: 0.012750 
*********************************

Predicted calcsPerSecond: 53293145593
SubGraph 0 Layer 0 Selecting RP 5 with Nodes: 26 and calcs: 10500822904818 :: Predicted time: 0.000000, Actual Time: 0.016980
Build Time: 0.016980, Calc Time: 197.038902, reduction -197.038902
############################################
Predicted calcsPerSecond: 53350887235
SubGraph 0 Layer 1 Selecting RP 7 with Nodes: 251 and calcs: 5350617776724 :: Predicted time: 0.016980, Actual Time: 1.607689
Build Time: 1.607689, Calc Time: 100.291074, reduction 96.747828
############################################
Predicted calcsPerSecond: 53212546272
SubGraph 0 Layer 2 Selecting RP 5 with Nodes: 1165 and calcs: 3449022735320 :: Predicted time: 1.607689, Actual Time: 0.492744
Build Time: 0.492744, Calc Time: 64.815969, reduction 35.475105
############################################
Predicted calcsPerSecond: 53106843315
SubGraph 0 Layer 3 Selecting RP 8 with Nodes: 3087 and calcs: 2215253042120 :: Predicted time: 0.492744, Actual Time: 0.317017
Build Time: 0.317017, Calc Time: 41.713137, reduction 23.102832
############################################
Predicted calcsPerSecond: 53281532655
SubGraph 0 Layer 4 Selecting RP 3 with Nodes: 7821 and calcs: 1634876869472 :: Predicted time: 0.317017, Actual Time: 0.328196
Build Time: 0.328196, Calc Time: 30.683743, reduction 11.029394
############################################
Predicted calcsPerSecond: 53380560787
SubGraph 0 Layer 5 Selecting RP 0 with Nodes: 14169 and calcs: 1369777553108 :: Predicted time: 0.328196, Actual Time: 0.807594
Build Time: 0.807594, Calc Time: 25.660606, reduction 5.023137
############################################
Predicted calcsPerSecond: 53123553376
SubGraph 0 Layer 6 Selecting RP 0 with Nodes: 25679 and calcs: 1061977281130 :: Predicted time: 0.807594, Actual Time: 2.868595
Build Time: 2.868595, Calc Time: 19.990705, reduction 5.669901
############################################
Predicted calcsPerSecond: 53055118691
SubGraph 0 Layer 7 Selecting RP 1 with Nodes: 35338 and calcs: 960853651250 :: Predicted time: 2.868595, Actual Time: 6.560060
Build Time: 6.560060, Calc Time: 18.110480, reduction 1.880225
############################################
Final graph has 35338 nodes, 960853651250 calcs total
Node Construct time: 14.130176
Batchs: 100
Batch 1 Results: 9633058
Batch 0 Results: 9522245
Batch 2 Results: 9998175
Batch 3 Results: 10536650
Batch 4 Results: 10314163
Batch 5 Results: 11156334
Batch 6 Results: 10513029
Batch 7 Results: 10261586
Batch 8 Results: 9926147
Batch 9 Results: 10148398
Batch 10 Results: 10807871
Batch 11 Results: 10939707
Batch 12 Results: 10115934
Batch 13 Results: 10728473
Batch 14 Results: 10857137
Batch 15 Results: 7188221
Total results Set Size: 162647128 
Node Laucnher time: 30.015241
Total Time: 30.913527

Time to read in file: 0.527492

Number points: 5000000 
Number Dimensions: 18 
Number Concurent Streams: 2
Block Size: 512, Kernel Blocks: 512
Using using binary searches
Distance Threshold: 0.015500 
*********************************

Predicted calcsPerSecond: 52837128924
SubGraph 0 Layer 0 Selecting RP 5 with Nodes: 21 and calcs: 12434365277642 :: Predicted time: 0.000000, Actual Time: 0.014515
Build Time: 0.014515, Calc Time: 235.333856, reduction -235.333856
############################################
Predicted calcsPerSecond: 53022955566
SubGraph 0 Layer 1 Selecting RP 7 with Nodes: 187 and calcs: 7362745253038 :: Predicted time: 0.014515, Actual Time: 1.110944
Build Time: 1.110944, Calc Time: 138.859578, reduction 96.474277
############################################
Predicted calcsPerSecond: 53117278179
SubGraph 0 Layer 2 Selecting RP 5 with Nodes: 813 and calcs: 5250065978912 :: Predicted time: 1.110944, Actual Time: 0.467499
Build Time: 0.467499, Calc Time: 98.839138, reduction 40.020441
############################################
Predicted calcsPerSecond: 53312625259
SubGraph 0 Layer 3 Selecting RP 8 with Nodes: 1979 and calcs: 3776043498506 :: Predicted time: 0.467499, Actual Time: 0.374964
Build Time: 0.374964, Calc Time: 70.828317, reduction 28.010821
############################################
Predicted calcsPerSecond: 53358604717
SubGraph 0 Layer 4 Selecting RP 3 with Nodes: 5123 and calcs: 2960837329790 :: Predicted time: 0.374964, Actual Time: 0.326471
Build Time: 0.326471, Calc Time: 55.489407, reduction 15.338910
############################################
Predicted calcsPerSecond: 53152040295
SubGraph 0 Layer 5 Selecting RP 0 with Nodes: 9367 and calcs: 2600018977904 :: Predicted time: 0.326471, Actual Time: 0.260888
Build Time: 0.260888, Calc Time: 48.916635, reduction 6.572771
############################################
Predicted calcsPerSecond: 53317702930
SubGraph 0 Layer 6 Selecting RP 0 with Nodes: 17947 and calcs: 2080969736578 :: Predicted time: 0.260888, Actual Time: 1.218945
Build Time: 1.218945, Calc Time: 39.029621, reduction 9.887014
############################################
Predicted calcsPerSecond: 53204609135
SubGraph 0 Layer 7 Selecting RP 4 with Nodes: 25167 and calcs: 1849400808182 :: Predicted time: 1.218945, Actual Time: 4.398531
Build Time: 4.398531, Calc Time: 34.760162, reduction 4.269459
############################################
Final graph has 25167 nodes, 1849400808182 calcs total
Node Construct time: 10.847659
Batchs: 100
Batch 0 Results: 10791176
Batch 1 Results: 11680076
Batch 2 Results: 20264321
Batch 3 Results: 11706377
Batch 4 Results: 26386437
Batch 5 Results: 19527677
Batch 6 Results: 29199684
Batch 7 Results: 13355818
Batch 8 Results: 23174153
Batch 9 Results: 15871730
Batch 10 Results: 24706876
Batch 11 Results: 16075124
Batch 12 Results: 36397867
Batch 13 Results: 19118717
Batch 14 Results: 35817950
Batch 15 Results: 15455261
Batch 16 Results: 36755350
Batch 17 Results: 14351578
Batch 18 Results: 41245738
Batch 19 Results: 14680689
Batch 20 Results: 41378383
Batch 21 Results: 16484860
Batch 22 Results: 41123573
Batch 23 Results: 16506401
Batch 24 Results: 38171539
Batch 25 Results: 20689024
Batch 27 Results: 3743962
Batch 26 Results: 41020605
Total results Set Size: 655680946 
Node Laucnher time: 45.610225
Total Time: 46.537852

Time to read in file: 0.511256

Number points: 5000000 
Number Dimensions: 18 
Number Concurent Streams: 2
Block Size: 512, Kernel Blocks: 512
Using using binary searches
Distance Threshold: 0.018250 
*********************************

Predicted calcsPerSecond: 52885973946
SubGraph 0 Layer 0 Selecting RP 5 with Nodes: 19 and calcs: 14196403216390 :: Predicted time: 0.000000, Actual Time: 0.013511
Build Time: 0.013511, Calc Time: 268.434183, reduction -268.434183
############################################
Predicted calcsPerSecond: 52869864068
SubGraph 0 Layer 1 Selecting RP 7 with Nodes: 139 and calcs: 9414195657546 :: Predicted time: 0.013511, Actual Time: 0.825404
Build Time: 0.825404, Calc Time: 178.063550, reduction 90.370634
############################################
Predicted calcsPerSecond: 53023359010
SubGraph 0 Layer 2 Selecting RP 5 with Nodes: 554 and calcs: 7211845423704 :: Predicted time: 0.825404, Actual Time: 0.463627
Build Time: 0.463627, Calc Time: 136.012610, reduction 42.050940
############################################
Predicted calcsPerSecond: 53029974622
SubGraph 0 Layer 3 Selecting RP 8 with Nodes: 1368 and calcs: 5619905596064 :: Predicted time: 0.463627, Actual Time: 0.294979
Build Time: 0.294979, Calc Time: 105.976019, reduction 30.036591
############################################
Predicted calcsPerSecond: 52932307780
SubGraph 0 Layer 4 Selecting RP 3 with Nodes: 3494 and calcs: 4618966869870 :: Predicted time: 0.294979, Actual Time: 0.322357
Build Time: 0.322357, Calc Time: 87.261770, reduction 18.714249
############################################
Predicted calcsPerSecond: 52862462162
SubGraph 0 Layer 5 Selecting RP 7 with Nodes: 6092 and calcs: 4193705490116 :: Predicted time: 0.322357, Actual Time: 0.404586
Build Time: 0.404586, Calc Time: 79.332390, reduction 7.929380
############################################
Predicted calcsPerSecond: 53034088760
SubGraph 0 Layer 6 Selecting RP 0 with Nodes: 11712 and calcs: 3532542974232 :: Predicted time: 0.404586, Actual Time: 0.903689
Build Time: 0.903689, Calc Time: 66.608912, reduction 12.723478
############################################
Predicted calcsPerSecond: 53166242189
SubGraph 0 Layer 7 Selecting RP 6 with Nodes: 17053 and calcs: 3136842883786 :: Predicted time: 0.903689, Actual Time: 3.230737
Build Time: 3.230737, Calc Time: 59.000651, reduction 7.608262
############################################
Predicted calcsPerSecond: 53205717061
SubGraph 0 Layer 8 Selecting RP 9 with Nodes: 24515 and calcs: 2831943967006 :: Predicted time: 3.230737, Actual Time: 4.595849
Build Time: 4.595849, Calc Time: 53.226310, reduction 5.774341
############################################
Predicted calcsPerSecond: 53222574951
SubGraph 0 Layer 9 Selecting RP 8 with Nodes: 31969 and calcs: 2635912172844 :: Predicted time: 4.595849, Actual Time: 7.761376
Build Time: 7.761376, Calc Time: 49.526205, reduction 3.700104
############################################
Final graph has 31969 nodes, 2635912172844 calcs total
Node Construct time: 19.587144
Batchs: 100
Batch 0 Results: 15049733
Batch 1 Results: 15640005
Batch 2 Results: 17146423
Batch 3 Results: 25279272
Batch 4 Results: 58989272
Batch 5 Results: 14132767
Batch 6 Results: 81573731
Batch 7 Results: 14030424
Batch 8 Results: 71602473
Batch 9 Results: 28671591
Batch 10 Results: 57395492
Batch 11 Results: 35554109
Batch 12 Results: 120574034
Batch 13 Results: 23285586
Batch 14 Results: 115671031
Batch 15 Results: 29452304
Batch 16 Results: 90180195
Batch 17 Results: 21762838
Batch 18 Results: 100469879
Batch 19 Results: 21275562
Batch 20 Results: 148085021
Batch 21 Results: 35828174
Batch 22 Results: 85231890
Batch 23 Results: 56588800
Batch 24 Results: 138201441
Batch 25 Results: 45066111
Batch 26 Results: 124159479
Batch 27 Results: 48020036
Batch 28 Results: 107737153
Batch 29 Results: 56564105
Batch 30 Results: 143146280
Batch 31 Results: 23793191
Batch 32 Results: 102739646
Total results Set Size: 2072898048 
Node Laucnher time: 77.052763
Total Time: 77.912518

Time to read in file: 0.531515

Number points: 5000000 
Number Dimensions: 18 
Number Concurent Streams: 2
Block Size: 512, Kernel Blocks: 512
Using using binary searches
Distance Threshold: 0.021000 
*********************************

Predicted calcsPerSecond: 52918346731
SubGraph 0 Layer 0 Selecting RP 5 with Nodes: 16 and calcs: 15786445839984 :: Predicted time: 0.000000, Actual Time: 0.012009
Build Time: 0.012009, Calc Time: 298.317064, reduction -298.317064
############################################
Predicted calcsPerSecond: 53011324246
SubGraph 0 Layer 1 Selecting RP 7 with Nodes: 115 and calcs: 11415409130670 :: Predicted time: 0.012009, Actual Time: 0.754400
Build Time: 0.754400, Calc Time: 215.339068, reduction 82.977997
############################################
Predicted calcsPerSecond: 52883222838
SubGraph 0 Layer 2 Selecting RP 5 with Nodes: 441 and calcs: 9217569760074 :: Predicted time: 0.754400, Actual Time: 0.495378
Build Time: 0.495378, Calc Time: 174.300454, reduction 41.038613
############################################
Predicted calcsPerSecond: 52922425198
SubGraph 0 Layer 3 Selecting RP 8 with Nodes: 1017 and calcs: 7621645778304 :: Predicted time: 0.495378, Actual Time: 0.213398
Build Time: 0.213398, Calc Time: 144.015429, reduction 30.285025
############################################
Predicted calcsPerSecond: 53062734307
SubGraph 0 Layer 4 Selecting RP 3 with Nodes: 2533 and calcs: 6497591836078 :: Predicted time: 0.213398, Actual Time: 0.316834
Build Time: 0.316834, Calc Time: 122.451131, reduction 21.564298
############################################
Predicted calcsPerSecond: 53188146733
SubGraph 0 Layer 5 Selecting RP 7 with Nodes: 4464 and calcs: 6004370893982 :: Predicted time: 0.316834, Actual Time: 0.288619
Build Time: 0.288619, Calc Time: 112.889267, reduction 9.561864
############################################
Predicted calcsPerSecond: 53219208705
SubGraph 0 Layer 6 Selecting RP 0 with Nodes: 8568 and calcs: 5283172796642 :: Predicted time: 0.288619, Actual Time: 1.040016
Build Time: 1.040016, Calc Time: 99.271916, reduction 13.617351
############################################
Predicted calcsPerSecond: 52973894660
SubGraph 0 Layer 7 Selecting RP 6 with Nodes: 12788 and calcs: 4783519594994 :: Predicted time: 1.040016, Actual Time: 2.333357
Build Time: 2.333357, Calc Time: 90.299564, reduction 8.972352
############################################
Predicted calcsPerSecond: 53340355333
SubGraph 0 Layer 8 Selecting RP 9 with Nodes: 18997 and calcs: 4358666082846 :: Predicted time: 2.333357, Actual Time: 4.341897
Build Time: 4.341897, Calc Time: 81.714230, reduction 8.585334
############################################
Predicted calcsPerSecond: 53139743858
SubGraph 0 Layer 9 Selecting RP 8 with Nodes: 25471 and calcs: 4094840908100 :: Predicted time: 4.341897, Actual Time: 8.052496
Build Time: 8.052496, Calc Time: 77.057972, reduction 4.656258
############################################
Final graph has 25471 nodes, 4094840908100 calcs total
Node Construct time: 18.584899
Batchs: 100
Batch 1 Results: 15546951
Batch 0 Results: 24936982
Batch 2 Results: 65118715
Batch 3 Results: 24071883
Batch 4 Results: 126480616
Batch 5 Results: 49299916
Batch 6 Results: 137908279
Batch 7 Results: 68623675
Batch 9 Results: 45579222
Batch 8 Results: 205244095
Batch 10 Results: 136948091
Batch 11 Results: 47432225
Batch 12 Results: 300577061
Batch 13 Results: 36737378
Batch 14 Results: 226889244
Batch 15 Results: 32879080
Batch 16 Results: 341037265
Batch 17 Results: 52943550
Batch 18 Results: 196149033
Batch 19 Results: 70623366
Batch 20 Results: 374158102
Batch 21 Results: 94584741
Batch 22 Results: 265512099
Batch 23 Results: 90871835
Batch 24 Results: 268313176
Batch 25 Results: 111561168
Batch 26 Results: 349436980
Batch 27 Results: 84500389
Batch 28 Results: 261946239
Batch 29 Results: 132271718
Batch 30 Results: 383668168
Batch 31 Results: 37256982
Batch 32 Results: 324627532
Batch 33 Results: 31373498
Batch 34 Results: 356469760
Batch 35 Results: 85681802
Total results Set Size: 5457260816 
Node Laucnher time: 113.633896
Total Time: 114.491058
HIGGS ________________________________________________________________
HIGGS ________________________________________________________________

Time to read in file: 2.837869

Number points: 11000000 
Number Dimensions: 28 
Number Concurent Streams: 2
Block Size: 512, Kernel Blocks: 512
Using using binary searches
Distance Threshold: 0.010000 
*********************************

Predicted calcsPerSecond: 25654710719
SubGraph 0 Layer 0 Selecting RP 1 with Nodes: 27 and calcs: 38474612440442 :: Predicted time: 0.000000, Actual Time: 0.036188
Build Time: 0.036188, Calc Time: 1499.709463, reduction -1499.709463
############################################
Predicted calcsPerSecond: 25663467946
SubGraph 0 Layer 1 Selecting RP 5 with Nodes: 291 and calcs: 16198994249218 :: Predicted time: 0.036188, Actual Time: 4.001200
Build Time: 4.001200, Calc Time: 631.208311, reduction 868.501152
############################################
Predicted calcsPerSecond: 25677303617
SubGraph 0 Layer 2 Selecting RP 3 with Nodes: 1766 and calcs: 8583667810584 :: Predicted time: 4.001200, Actual Time: 1.527569
Build Time: 1.527569, Calc Time: 334.290077, reduction 296.918233
############################################
Predicted calcsPerSecond: 25675575901
SubGraph 0 Layer 3 Selecting RP 8 with Nodes: 8485 and calcs: 4415495184422 :: Predicted time: 1.527569, Actual Time: 2.190745
Build Time: 2.190745, Calc Time: 171.972586, reduction 162.317491
############################################
Predicted calcsPerSecond: 25677548768
SubGraph 0 Layer 4 Selecting RP 1 with Nodes: 29540 and calcs: 2515049303244 :: Predicted time: 2.190745, Actual Time: 2.898082
Build Time: 2.898082, Calc Time: 97.947406, reduction 74.025180
############################################
Predicted calcsPerSecond: 25689082804
SubGraph 0 Layer 5 Selecting RP 2 with Nodes: 66077 and calcs: 1630322673358 :: Predicted time: 2.898082, Actual Time: 8.794009
Build Time: 8.794009, Calc Time: 63.463639, reduction 34.483768
############################################
Predicted calcsPerSecond: 25667327350
SubGraph 0 Layer 6 Selecting RP 0 with Nodes: 112063 and calcs: 1318011263498 :: Predicted time: 8.794009, Actual Time: 8.564473
Build Time: 8.564473, Calc Time: 51.349766, reduction 12.113872
############################################
Predicted calcsPerSecond: 25689795760
SubGraph 0 Layer 7 Selecting RP 5 with Nodes: 116282 and calcs: 1313330531178 :: Predicted time: 8.564473, Actual Time: 13.995490
Build Time: 13.995490, Calc Time: 51.122654, reduction 0.227113
############################################
Final graph has 116282 nodes, 1313330531178 calcs total
Node Construct time: 47.554227
Batchs: 100
Batch 0 Results: 8000105
Batch 1 Results: 3566393
Total results Set Size: 11566498 
Node Laucnher time: 120.053357
Total Time: 123.054207
Tiny____________________________________________________
Tiny____________________________________________________
