
EPSILON | NUMPOINTS | RP | NODES | CALCS | Construct T | Total T



MSD ________________________________________________________________


0.007000 515345 12 1890 108778791561 1.214532 6.329120 
0.007525 515345 13 2010 116092384989 1.305376 7.673895 
0.008050 515345 12 1565 125172774401 1.142168 8.521253 
0.008575 515345 14 1936 131170941807 1.473189 10.777153 
0.009100 515345 12 1359 141748885439 1.092723 12.665437 

Census____________________________________________________________


0.001000 2458285 4 10329 28500904977 2.177148 13.694176 
0.003250 2458285 7 9523 125284874529 3.498389 16.701706 
0.005500 2458285 9 11197 329064452405 5.936510 27.987547 
0.007750 2458285 12 14973 609975294041 11.852292 44.264831 
0.010000 2458285 12 11350 1007872259545 10.955870 main: src/launcher.cu:3025: neighborTable* nodeLauncher4(double*, unsigned int, unsigned int, unsigned int, unsigned int*, double): Assertion `cudaSuccess == cudaMemcpyAsync(&keyValueIndex[i], &d_keyValueIndex[i], sizeof(unsigned long long ), cudaMemcpyDeviceToHost, stream[tid])' failed.
main: src/launcher.cu:3025: neighborTable* nodeLauncher4(double*, unsigned int, unsigned int, unsigned int, unsigned int*, double): Assertion `cudaSuccess == cudaMemcpyAsync(&keyValueIndex[i], &d_keyValueIndex[i], sizeof(unsigned long long ), cudaMemcpyDeviceToHost, stream[tid])' failed.
/var/spool/slurm/slurmd/job57819990/slurm_script: line 69: 2558825 Aborted                 (core dumped) ./build/main /scratch/bwd29/data/USC_Normalized_No1Col.bin 68 $j


Wave __________________________________________________


0.002000 287999 8 576 10903610643 0.440027 1.816649 
0.003250 287999 10 635 17878180011 0.503392 2.001661 
0.004500 287999 12 626 24343736929 0.608644 2.311411 
0.005750 287999 14 600 29861024347 0.647044 2.661686 
0.007000 287999 16 697 34663684381 0.769620 3.796107 

BIGCROSS____________________________________________________________


0.001000 11620300 4 56603 120929213754 11.466155 65.806206 
0.005750 11620300 8 43764 992052523520 23.792446 84.031728 
0.010500 11620300 13 66094 3359504873684 71.777726 155.834009 
0.015250 11620300 14 42699 8706682541722 56.932820 192.879365 
0.020000 11620300 18 49101 14485444117576 92.661284 306.283049 

SUSY ________________________________________________________________


0.010000 5000000 7 32076 517598545148 8.634978 38.899175 
0.012750 5000000 8 35338 960853651250 13.951187 53.469600 
0.015500 5000000 8 25167 1849400808182 10.860459 68.569327 
0.018250 5000000 10 31969 2635912172844 21.131929 99.481044 
0.021000 5000000 10 25471 4094840908100 16.658186 148.438426 

HIGGS ________________________________________________________________


0.010000 11000000 7 112063 1318011263498 37.181772 111.213456 
0.021375 11000000 11 166586 13707484660112 212.296587 double free or corruption (!prev)
/var/spool/slurm/slurmd/job57819990/slurm_script: line 107: 2584031 Aborted                 (core dumped) ./build/main /scratch/bwd29/data/HIGSS_Normalized.bin 28 $j

0.032750 11000000 12 65548 47109217270942 118.141973 /var/spool/slurm/slurmd/job57819990/slurm_script: line 107: 2586236 Segmentation fault      (core dumped) ./build/main /scratch/bwd29/data/HIGSS_Normalized.bin 28 $j

0.044125 11000000 11 12610 79960108440670 26.240720 2276.478586 
0.055500 11000000 17 34941 95577570764904 108.798977 free(): invalid size
/var/spool/slurm/slurmd/job57819990/slurm_script: line 107: 2609410 Aborted                 (core dumped) ./build/main /scratch/bwd29/data/HIGSS_Normalized.bin 28 $j

Tiny____________________________________________________


0.200000 5000000 20 35750 5489796002610 91.958916 538.402818 
0.260000 5000000 22 23466 7459090958354 77.790196 1092.939313 
0.320000 5000000 25 18184 9268356805916 74.572204 main: src/launcher.cu:3025: neighborTable* nodeLauncher4(double*, unsigned int, unsigned int, unsigned int, unsigned int*, double): Assertion `cudaSuccess == cudaMemcpyAsync(&keyValueIndex[i], &d_keyValueIndex[i], sizeof(unsigned long long ), cudaMemcpyDeviceToHost, stream[tid])' failed.
/var/spool/slurm/slurmd/job57819990/slurm_script: line 116: 2629222 Aborted                 (core dumped) ./build/main /scratch/bwd29/data/TINY_Normalized.bin 384 $j

0.380000 5000000 27 14664 10971288770374 70.855306 main: src/launcher.cu:3025: neighborTable* nodeLauncher4(double*, unsigned int, unsigned int, unsigned int, unsigned int*, double): Assertion `cudaSuccess == cudaMemcpyAsync(&keyValueIndex[i], &d_keyValueIndex[i], sizeof(unsigned long long ), cudaMemcpyDeviceToHost, stream[tid])' failed.
main: src/launcher.cu:3035: neighborTable* nodeLauncher4(double*, unsigned int, unsigned int, unsigned int, unsigned int*, double): Assertion `cudaSuccess == cudaMallocHost((void**) &pointB[tid], sizeof(unsigned int)*(keyValueIndex[i] + 1))' failed.
/var/spool/slurm/slurmd/job57819990/slurm_script: line 116: 2648003 Aborted                 (core dumped) ./build/main /scratch/bwd29/data/TINY_Normalized.bin 384 $j

0.440000 5000000 29 11318 12617509457620 68.538128 main: src/launcher.cu:3025: neighborTable* nodeLauncher4(double*, unsigned int, unsigned int, unsigned int, unsigned int*, double): Assertion `cudaSuccess == cudaMemcpyAsync(&keyValueIndex[i], &d_keyValueIndex[i], sizeof(unsigned long long ), cudaMemcpyDeviceToHost, stream[tid])' failed.
/var/spool/slurm/slurmd/job57819990/slurm_script: line 116: 2673473 Aborted                 (core dumped) ./build/main /scratch/bwd29/data/TINY_Normalized.bin 384 $j
