
EPSILON | NUMPOINTS | RP | NODES | CALCS | Construct T | Total T



MSD ________________________________________________________________


0.007000 515345 12 1890 108778791561 0.831764 4.678268 
0.007525 515345 14 2271 115477802753 1.057576 6.143096 
0.008050 515345 14 2128 123335502953 1.015698 6.804903 
0.008575 515345 12 1430 133046250459 0.749122 8.050895 
0.009100 515345 15 2090 138666871987 1.090873 10.246966 

UNI ________________________________________________________________


0.250000 2000000 7 14303 380741931490 2.859749 11.719738 
0.300000 2000000 7 9544 742469458250 2.097217 18.378259 
0.350000 2000000 8 12080 1051625127648 3.414192 27.749958 
0.400000 2000000 8 7993 1611980428584 2.661885 38.471056 
0.450000 2000000 8 5830 2091756932602 2.238024 50.557779 

EXPO ________________________________________________________________


0.030000 2000000 11 18701 1380503107748 9.424465 52.835548 
0.033750 2000000 11 15593 1752850120104 7.419227 61.456742 
0.037500 2000000 11 13590 2064136427938 6.938591 79.842545 
0.041250 2000000 12 14880 2337394624788 8.414866 93.561633 
0.045000 2000000 12 11713 2596596935180 6.613897 108.405675 

SUSY ________________________________________________________________


0.010000 5000000 slurmstepd: error: *** JOB 57808504 ON cn3 CANCELLED AT 2023-01-27T10:27:36 DUE TO TIME LIMIT ***
Job has already finished for job 57808504
slurmstepd: error: --task-epilog failed status=256
