
EPSILON | NUMPOINTS | RP | NODES | CALCS | Construct T | Total T



MSD ________________________________________________________________


0.007000 515345 14 2438 107142926357 1.271696 5.061029 
0.007525 515345 14 2271 115477802753 1.054638 6.099819 
0.008050 515345 14 2128 123335502953 0.990390 6.895427 
0.008575 515345 13 1712 131919015945 0.835374 8.033188 
0.009100 515345 13 1596 140337485067 0.809716 9.856174 

UNI ________________________________________________________________


0.250000 2000000 7 14303 380741931490 2.808693 11.407677 
0.300000 2000000 7 9544 742469458250 2.194157 18.620743 
0.350000 2000000 8 12080 1051625127648 3.184349 27.418505 
0.400000 2000000 8 7993 1611980428584 2.717952 39.024442 
0.450000 2000000 5 589 2642672354444 1.030031 50.551456 

EXPO ________________________________________________________________


0.030000 2000000 11 18701 1380503107748 9.160588 51.575470 
0.033750 2000000 11 15593 1752850120104 7.514452 62.079589 
0.037500 2000000 11 13590 2064136427938 6.809171 77.375065 
0.041250 2000000 9 5309 2548697705498 2.481644 128.039975 
0.045000 2000000 12 11713 2596596935180 6.624870 slurmstepd: error: *** JOB 57808556 ON cn3 CANCELLED AT 2023-01-27T10:44:37 DUE TO TIME LIMIT ***
Job has already finished for job 57808556
slurmstepd: error: --task-epilog failed status=256
