
EPSILON | NUMPOINTS | RP | NODES | CALCS | Construct T | Total T



MSD ________________________________________________________________


0.007000 515345 12 1890 108778791561 1.174512 4.780048 
0.007525 515345 12 1713 116918749089 1.186581 5.679415 
0.008050 515345 12 1565 125172774401 1.144323 6.811787 
0.008575 515345 12 1430 133046250459 1.082254 8.218478 
0.009100 515345 14 1845 139382979989 1.376351 10.038064 

UNI ________________________________________________________________


0.250000 2000000 7 14303 380741931490 3.825128 13.431584 
0.300000 2000000 7 9544 742469458250 3.033764 20.977016 
0.350000 2000000 8 12080 1051625127648 4.681916 32.017136 
0.400000 2000000 8 7993 1611980428584 3.292309 44.685145 
0.450000 2000000 8 5830 2091756932602 2.749112 56.893933 

EXPO ________________________________________________________________


0.030000 2000000 10 13782 1447117561564 7.790642 67.111987 
0.033750 2000000 10 10985 1821002823652 6.979490 87.640348 
0.037500 2000000 10 9983 2127730479806 6.167437 115.769926 
0.041250 2000000 11 10465 2413733837108 8.259114 150.637757 
0.045000 2000000 11 8231 2664959580840 6.060489 slurmstepd: error: *** JOB 57808564 ON cn2 CANCELLED AT 2023-01-27T10:51:33 ***
Job has already finished for job 57808564
slurmstepd: error: --task-epilog failed status=256
