
EPSILON | NUMPOINTS | RP | NODES | CALCS | Construct T | Total T



MSD ________________________________________________________________


0.007000 515345 13 2202 107876911003 1.099630 4.865289 
0.007525 515345 11 1541 117590187375 0.818232 4.881572 
0.008050 515345 14 2128 123335502953 1.255250 8.003780 
0.008575 515345 14 1936 131170941807 1.194184 8.604384 
0.009100 515345 14 1845 139382979989 1.201811 9.915649 

UNI ________________________________________________________________


0.250000 2000000 7 14303 380741931490 2.798289 9.641990 
0.300000 2000000 8 17394 608320486306 4.099688 15.038723 
0.350000 2000000 8 12080 1051625127648 3.313460 22.239265 
0.400000 2000000 5 846 2261560527590 1.007606 36.821129 
0.450000 2000000 8 5830 2091756932602 2.317511 40.268279 

EXPO ________________________________________________________________


0.030000 2000000 11 18701 1380503107748 8.871953 37.572504 
0.033750 2000000 11 15593 1752850120104 7.078080 /var/spool/slurm/slurmd/job57792454/slurm_script: line 58: 1033657 Segmentation fault      (core dumped) ./build/main /scratch/bwd29/data/2mil16dexpo.bin 16 $j

0.037500 2000000 11 13590 2064136427938 6.930011 59.839257 
0.041250 2000000 12 14880 2337394624788 8.874143 75.585635 
0.045000 2000000 12 11713 2596596935180 6.887942 90.345539 

SUSY ________________________________________________________________


0.010000 5000000 8 35615 508775335134 10.870881 22.742599 
0.012750 5000000 8 35338 960853651250 11.560394 31.490094 
0.015500 5000000 10 41712 1565468629096 23.772354 56.532623 
0.018250 5000000 10 31969 2635912172844 16.886566 75.721695 
0.021000 5000000 11 33678 3814354900348 20.261441 111.317470 
Tiny____________________________________________________


0.200000 5000000 21 42074 5450005764544 98.424587 munmap_chunk(): invalid pointer
/var/spool/slurm/slurmd/job57792454/slurm_script: line 116: 1044091 Aborted                 (core dumped) ./build/main /scratch/bwd29/data/TINY_Normalized.bin 384 $j

0.260000 5000000 24 32051 7387288217810 98.475682 double free or corruption (out)
/var/spool/slurm/slurmd/job57792454/slurm_script: line 116: 1047003 Aborted                 (core dumped) ./build/main /scratch/bwd29/data/TINY_Normalized.bin 384 $j

0.320000 5000000 27 24670 9209693978714 95.571625 main: src/launcher.cu:3024: neighborTable* nodeLauncher4(double*, unsigned int, unsigned int, unsigned int, unsigned int*, double): Assertion `cudaSuccess == cudaMemcpyAsync(&keyValueIndex[i], &d_keyValueIndex[i], sizeof(unsigned long long ), cudaMemcpyDeviceToHost, stream[tid])' failed.
/var/spool/slurm/slurmd/job57792454/slurm_script: line 116: 1049909 Aborted                 (core dumped) ./build/main /scratch/bwd29/data/TINY_Normalized.bin 384 $j

0.380000 5000000 30 20754 10891658007390 105.132143 main: src/launcher.cu:3024: neighborTable* nodeLauncher4(double*, unsigned int, unsigned int, unsigned int, unsigned int*, double): Assertion `cudaSuccess == cudaMemcpyAsync(&keyValueIndex[i], &d_keyValueIndex[i], sizeof(unsigned long long ), cudaMemcpyDeviceToHost, stream[tid])' failed.
main: src/launcher.cu:3024: neighborTable* nodeLauncher4(double*, unsigned int, unsigned int, unsigned int, unsigned int*, double): Assertion `cudaSuccess == cudaMemcpyAsync(&keyValueIndex[i], &d_keyValueIndex[i], sizeof(unsigned long long ), cudaMemcpyDeviceToHost, stream[tid])' failed.
/var/spool/slurm/slurmd/job57792454/slurm_script: line 116: 1067703 Aborted                 (core dumped) ./build/main /scratch/bwd29/data/TINY_Normalized.bin 384 $j

0.440000 5000000 30 12641 12593162988542 80.837318 main: src/launcher.cu:3024: neighborTable* nodeLauncher4(double*, unsigned int, unsigned int, unsigned int, unsigned int*, double): Assertion `cudaSuccess == cudaMemcpyAsync(&keyValueIndex[i], &d_keyValueIndex[i], sizeof(unsigned long long ), cudaMemcpyDeviceToHost, stream[tid])' failed.
main: src/launcher.cu:3034: neighborTable* nodeLauncher4(double*, unsigned int, unsigned int, unsigned int, unsigned int*, double): Assertion `cudaSuccess == cudaMallocHost((void**) &pointB[tid], sizeof(unsigned int)*(keyValueIndex[i] + 1))' failed.
/var/spool/slurm/slurmd/job57792454/slurm_script: line 116: 1097521 Aborted                 (core dumped) ./build/main /scratch/bwd29/data/TINY_Normalized.bin 384 $j
