rm -f build/main build/*.o
nvcc  -lcuda -Xcompiler -fopenmp -arch=compute_80 -code=sm_80 -O3 -I. -c -o build/main.o src/main.cu -lm
nvcc  -lcuda -Xcompiler -fopenmp -arch=compute_80 -code=sm_80 -O3 -I. -c -o build/launcher.o src/launcher.cu -lm
nvcc  -lcuda -Xcompiler -fopenmp -arch=compute_80 -code=sm_80 -O3 -I. -c -o build/kernel.o src/kernel.cu
nvcc  -lcuda -Xcompiler -fopenmp -arch=compute_80 -code=sm_80 -O3 -I. -c -o build/nodes.o src/nodes.cu -lm
nvcc  -lcuda -Xcompiler -fopenmp -arch=compute_80 -code=sm_80 -O3 -I. -c -o build/tree.o src/tree.cu -lm
nvcc  -lcuda -Xcompiler -fopenmp -arch=compute_80 -code=sm_80 -O3 -I. -c -o build/utils.o src/utils.cu -lm
nvcc  -lcuda -Xcompiler -fopenmp -arch=compute_80 -code=sm_80 -O3 -I. -o build/main build/main.o build/launcher.o build/kernel.o build/nodes.o build/tree.o build/utils.o
MSD ________________________________________________________________
MSD ________________________________________________________________

Time to read in file: 0.239778

Number points: 515345 
Number Dimensions: 90 
Number Concurent Streams: 2
Block Size: 1024, Kernel Blocks: 512
Using using binary searches
Distance Threshold: 0.007000 
*********************************

Predicted calcsPerSecond: 9105387127
SubGraph 0 Layer 0 Selecting RP 1 with Nodes: 21 and calcs: 170979007977 :: Predicted time: 0.000000, Actual Time: 0.015869
Build Time: 0.015869, Calc Time: 18.777786, reduction -18.777786
############################################
Predicted calcsPerSecond: 9109673930
SubGraph 0 Layer 1 Selecting RP 3 with Nodes: 60 and calcs: 149860162609 :: Predicted time: 0.015869, Actual Time: 0.026454
Build Time: 0.026454, Calc Time: 16.450662, reduction 2.327124
############################################
Predicted calcsPerSecond: 9111829248
SubGraph 0 Layer 2 Selecting RP 1 with Nodes: 123 and calcs: 139008172495 :: Predicted time: 0.026454, Actual Time: 0.015816
Build Time: 0.015816, Calc Time: 15.255792, reduction 1.194869
############################################
Predicted calcsPerSecond: 9106178548
SubGraph 0 Layer 3 Selecting RP 1 with Nodes: 217 and calcs: 129775808043 :: Predicted time: 0.015816, Actual Time: 0.014702
Build Time: 0.014702, Calc Time: 14.251402, reduction 1.004390
############################################
Predicted calcsPerSecond: 9126757877
SubGraph 0 Layer 4 Selecting RP 1 with Nodes: 326 and calcs: 124080002709 :: Predicted time: 0.014702, Actual Time: 0.013819
Build Time: 0.013819, Calc Time: 13.595189, reduction 0.656212
############################################
Predicted calcsPerSecond: 9129144801
SubGraph 0 Layer 5 Selecting RP 1 with Nodes: 489 and calcs: 119576095503 :: Predicted time: 0.013819, Actual Time: 0.014836
Build Time: 0.014836, Calc Time: 13.098280, reduction 0.496909
############################################
Predicted calcsPerSecond: 9131713364
SubGraph 0 Layer 6 Selecting RP 5 with Nodes: 669 and calcs: 116543627597 :: Predicted time: 0.014836, Actual Time: 0.016303
Build Time: 0.016303, Calc Time: 12.762515, reduction 0.335765
############################################
Predicted calcsPerSecond: 9123080022
SubGraph 0 Layer 7 Selecting RP 3 with Nodes: 910 and calcs: 114004585017 :: Predicted time: 0.016303, Actual Time: 0.054745
Build Time: 0.054745, Calc Time: 12.496282, reduction 0.266232
############################################
Predicted calcsPerSecond: 9117627726
SubGraph 0 Layer 8 Selecting RP 3 with Nodes: 1130 and calcs: 112390412367 :: Predicted time: 0.054745, Actual Time: 0.033528
Build Time: 0.033528, Calc Time: 12.326717, reduction 0.169566
############################################
Predicted calcsPerSecond: 9127544220
SubGraph 0 Layer 9 Selecting RP 5 with Nodes: 1392 and calcs: 111189005735 :: Predicted time: 0.033528, Actual Time: 0.039386
Build Time: 0.039386, Calc Time: 12.181700, reduction 0.145016
############################################
Predicted calcsPerSecond: 9135819660
SubGraph 0 Layer 10 Selecting RP 2 with Nodes: 1667 and calcs: 109498184001 :: Predicted time: 0.039386, Actual Time: 0.061396
Build Time: 0.061396, Calc Time: 11.985589, reduction 0.196111
############################################
Predicted calcsPerSecond: 9119887889
SubGraph 0 Layer 11 Selecting RP 3 with Nodes: 1890 and calcs: 108778791561 :: Predicted time: 0.061396, Actual Time: 0.066656
Build Time: 0.066656, Calc Time: 11.927646, reduction 0.057944
############################################
Final graph has 1890 nodes, 108778791561 calcs total
Node Construct time: 0.831764
Batchs: 100
Batch 1 Results: 115074
Batch 0 Results: 66857
Batch 2 Results: 119466
Batch 3 Results: 70408
Batch 4 Results: 1512632
Batch 5 Results: 847542
Batch 6 Results: 63183343
Total results Set Size: 65915322 
Node Laucnher time: 4.678268
Total Time: 5.085502

Time to read in file: 0.105554

Number points: 515345 
Number Dimensions: 90 
Number Concurent Streams: 2
Block Size: 1024, Kernel Blocks: 512
Using using binary searches
Distance Threshold: 0.007525 
*********************************

Predicted calcsPerSecond: 9086690295
SubGraph 0 Layer 0 Selecting RP 1 with Nodes: 20 and calcs: 177585998311 :: Predicted time: 0.000000, Actual Time: 0.015380
Build Time: 0.015380, Calc Time: 19.543529, reduction -19.543529
############################################
Predicted calcsPerSecond: 9101146294
SubGraph 0 Layer 1 Selecting RP 5 with Nodes: 68 and calcs: 158803937551 :: Predicted time: 0.015380, Actual Time: 0.030264
Build Time: 0.030264, Calc Time: 17.448784, reduction 2.094745
############################################
Predicted calcsPerSecond: 9109975903
SubGraph 0 Layer 2 Selecting RP 3 with Nodes: 131 and calcs: 148513057549 :: Predicted time: 0.030264, Actual Time: 0.015126
Build Time: 0.015126, Calc Time: 16.302245, reduction 1.146539
############################################
Predicted calcsPerSecond: 9116652204
SubGraph 0 Layer 3 Selecting RP 1 with Nodes: 234 and calcs: 137677365371 :: Predicted time: 0.015126, Actual Time: 0.014873
Build Time: 0.014873, Calc Time: 15.101746, reduction 1.200499
############################################
Predicted calcsPerSecond: 9128501680
SubGraph 0 Layer 4 Selecting RP 7 with Nodes: 358 and calcs: 133010189565 :: Predicted time: 0.014873, Actual Time: 0.013307
Build Time: 0.013307, Calc Time: 14.570868, reduction 0.530878
############################################
Predicted calcsPerSecond: 9121854826
SubGraph 0 Layer 5 Selecting RP 1 with Nodes: 539 and calcs: 127316136919 :: Predicted time: 0.013307, Actual Time: 0.015414
Build Time: 0.015414, Calc Time: 13.957264, reduction 0.613604
############################################
Predicted calcsPerSecond: 9132571372
SubGraph 0 Layer 6 Selecting RP 1 with Nodes: 680 and calcs: 125195795947 :: Predicted time: 0.015414, Actual Time: 0.016012
Build Time: 0.016012, Calc Time: 13.708713, reduction 0.248552
############################################
Predicted calcsPerSecond: 9136938938
SubGraph 0 Layer 7 Selecting RP 3 with Nodes: 901 and calcs: 122849642555 :: Predicted time: 0.016012, Actual Time: 0.021128
Build Time: 0.021128, Calc Time: 13.445383, reduction 0.263330
############################################
Predicted calcsPerSecond: 9128019344
SubGraph 0 Layer 8 Selecting RP 1 with Nodes: 1060 and calcs: 120833241637 :: Predicted time: 0.021128, Actual Time: 0.028639
Build Time: 0.028639, Calc Time: 13.237619, reduction 0.207764
############################################
Predicted calcsPerSecond: 9118930093
SubGraph 0 Layer 9 Selecting RP 5 with Nodes: 1289 and calcs: 119524198435 :: Predicted time: 0.028639, Actual Time: 0.031543
Build Time: 0.031543, Calc Time: 13.107261, reduction 0.130358
############################################
Predicted calcsPerSecond: 9123253302
SubGraph 0 Layer 10 Selecting RP 2 with Nodes: 1541 and calcs: 117590187375 :: Predicted time: 0.031543, Actual Time: 0.070247
Build Time: 0.070247, Calc Time: 12.889063, reduction 0.218198
############################################
Predicted calcsPerSecond: 9123491810
SubGraph 0 Layer 11 Selecting RP 2 with Nodes: 1713 and calcs: 116918749089 :: Predicted time: 0.070247, Actual Time: 0.052530
Build Time: 0.052530, Calc Time: 12.815132, reduction 0.073931
############################################
Predicted calcsPerSecond: 9115305362
SubGraph 0 Layer 12 Selecting RP 4 with Nodes: 2010 and calcs: 116092384989 :: Predicted time: 0.052530, Actual Time: 0.063849
Build Time: 0.063849, Calc Time: 12.735984, reduction 0.079148
############################################
Predicted calcsPerSecond: 9126640911
SubGraph 0 Layer 13 Selecting RP 2 with Nodes: 2271 and calcs: 115477802753 :: Predicted time: 0.063849, Actual Time: 0.102586
Build Time: 0.102586, Calc Time: 12.652826, reduction 0.083158
############################################
Final graph has 2271 nodes, 115477802753 calcs total
Node Construct time: 1.057576
Batchs: 100
Batch 1 Results: 115772
Batch 0 Results: 72945
Batch 2 Results: 121499
Batch 3 Results: 93761
Batch 4 Results: 5985163
Batch 5 Results: 1959957
Batch 6 Results: 113035016
Total results Set Size: 121384113 
Node Laucnher time: 6.143096
Total Time: 6.542824

Time to read in file: 0.094020

Number points: 515345 
Number Dimensions: 90 
Number Concurent Streams: 2
Block Size: 1024, Kernel Blocks: 512
Using using binary searches
Distance Threshold: 0.008050 
*********************************

Predicted calcsPerSecond: 9076612274
SubGraph 0 Layer 0 Selecting RP 2 with Nodes: 20 and calcs: 185481056983 :: Predicted time: 0.000000, Actual Time: 0.015386
Build Time: 0.015386, Calc Time: 20.435053, reduction -20.435053
############################################
Predicted calcsPerSecond: 9091115884
SubGraph 0 Layer 1 Selecting RP 2 with Nodes: 49 and calcs: 166462369995 :: Predicted time: 0.015386, Actual Time: 0.023487
Build Time: 0.023487, Calc Time: 18.310444, reduction 2.124609
############################################
Predicted calcsPerSecond: 9117756838
SubGraph 0 Layer 2 Selecting RP 1 with Nodes: 98 and calcs: 155725370431 :: Predicted time: 0.023487, Actual Time: 0.015197
Build Time: 0.015197, Calc Time: 17.079351, reduction 1.231093
############################################
Predicted calcsPerSecond: 9130032531
SubGraph 0 Layer 3 Selecting RP 1 with Nodes: 178 and calcs: 145253277755 :: Predicted time: 0.015197, Actual Time: 0.014542
Build Time: 0.014542, Calc Time: 15.909393, reduction 1.169958
############################################
Predicted calcsPerSecond: 9120837381
SubGraph 0 Layer 4 Selecting RP 7 with Nodes: 272 and calcs: 140866333045 :: Predicted time: 0.014542, Actual Time: 0.013170
Build Time: 0.013170, Calc Time: 15.444452, reduction 0.464941
############################################
Predicted calcsPerSecond: 9140174523
SubGraph 0 Layer 5 Selecting RP 1 with Nodes: 388 and calcs: 137091205829 :: Predicted time: 0.013170, Actual Time: 0.014131
Build Time: 0.014131, Calc Time: 14.998751, reduction 0.445700
############################################
Predicted calcsPerSecond: 9141278989
SubGraph 0 Layer 6 Selecting RP 5 with Nodes: 532 and calcs: 134204713665 :: Predicted time: 0.014131, Actual Time: 0.015592
Build Time: 0.015592, Calc Time: 14.681175, reduction 0.317577
############################################
Predicted calcsPerSecond: 9147099483
SubGraph 0 Layer 7 Selecting RP 3 with Nodes: 760 and calcs: 131544057575 :: Predicted time: 0.015592, Actual Time: 0.019850
Build Time: 0.019850, Calc Time: 14.380958, reduction 0.300216
############################################
Predicted calcsPerSecond: 9133729881
SubGraph 0 Layer 8 Selecting RP 1 with Nodes: 926 and calcs: 128931015769 :: Predicted time: 0.019850, Actual Time: 0.027022
Build Time: 0.027022, Calc Time: 14.115922, reduction 0.265037
############################################
Predicted calcsPerSecond: 9142478571
SubGraph 0 Layer 9 Selecting RP 0 with Nodes: 1118 and calcs: 127399720333 :: Predicted time: 0.027022, Actual Time: 0.017944
Build Time: 0.017944, Calc Time: 13.934921, reduction 0.181000
############################################
Predicted calcsPerSecond: 9141166230
SubGraph 0 Layer 10 Selecting RP 8 with Nodes: 1366 and calcs: 125896598495 :: Predicted time: 0.017944, Actual Time: 0.045345
Build Time: 0.045345, Calc Time: 13.772488, reduction 0.162434
############################################
Predicted calcsPerSecond: 9128123371
SubGraph 0 Layer 11 Selecting RP 5 with Nodes: 1565 and calcs: 125172774401 :: Predicted time: 0.045345, Actual Time: 0.055175
Build Time: 0.055175, Calc Time: 13.712871, reduction 0.059617
############################################
Predicted calcsPerSecond: 9127342189
SubGraph 0 Layer 12 Selecting RP 4 with Nodes: 1884 and calcs: 124075306519 :: Predicted time: 0.055175, Actual Time: 0.066769
Build Time: 0.066769, Calc Time: 13.593805, reduction 0.119066
############################################
Predicted calcsPerSecond: 9136608996
SubGraph 0 Layer 13 Selecting RP 2 with Nodes: 2128 and calcs: 123335502953 :: Predicted time: 0.066769, Actual Time: 0.097772
Build Time: 0.097772, Calc Time: 13.499046, reduction 0.094759
############################################
Final graph has 2128 nodes, 123335502953 calcs total
Node Construct time: 1.015698
Batchs: 100
Batch 1 Results: 115692
Batch 0 Results: 67325
Batch 2 Results: 125206
Batch 3 Results: 95690
Batch 4 Results: 6966688
Batch 5 Results: 1247613
Batch 6 Results: 199313920
Total results Set Size: 207932134 
Node Laucnher time: 6.804903
Total Time: 7.203508

Time to read in file: 0.093310

Number points: 515345 
Number Dimensions: 90 
Number Concurent Streams: 2
Block Size: 1024, Kernel Blocks: 512
Using using binary searches
Distance Threshold: 0.008575 
*********************************

Predicted calcsPerSecond: 9121527596
SubGraph 0 Layer 0 Selecting RP 1 with Nodes: 18 and calcs: 191503325863 :: Predicted time: 0.000000, Actual Time: 0.014360
Build Time: 0.014360, Calc Time: 20.994655, reduction -20.994655
############################################
Predicted calcsPerSecond: 9119017919
SubGraph 0 Layer 1 Selecting RP 1 with Nodes: 58 and calcs: 171337397771 :: Predicted time: 0.014360, Actual Time: 0.028642
Build Time: 0.028642, Calc Time: 18.789019, reduction 2.205636
############################################
Predicted calcsPerSecond: 9129154008
SubGraph 0 Layer 2 Selecting RP 1 with Nodes: 105 and calcs: 162079090077 :: Predicted time: 0.028642, Actual Time: 0.014700
Build Time: 0.014700, Calc Time: 17.754010, reduction 1.035009
############################################
Predicted calcsPerSecond: 9137450746
SubGraph 0 Layer 3 Selecting RP 1 with Nodes: 170 and calcs: 153617511199 :: Predicted time: 0.014700, Actual Time: 0.013763
Build Time: 0.013763, Calc Time: 16.811857, reduction 0.942153
############################################
Predicted calcsPerSecond: 9136889659
SubGraph 0 Layer 4 Selecting RP 7 with Nodes: 254 and calcs: 148977654501 :: Predicted time: 0.013763, Actual Time: 0.012841
Build Time: 0.012841, Calc Time: 16.305073, reduction 0.506783
############################################
Predicted calcsPerSecond: 9118369976
SubGraph 0 Layer 5 Selecting RP 1 with Nodes: 390 and calcs: 143698129447 :: Predicted time: 0.012841, Actual Time: 0.014976
Build Time: 0.014976, Calc Time: 15.759190, reduction 0.545883
############################################
Predicted calcsPerSecond: 9119032521
SubGraph 0 Layer 6 Selecting RP 5 with Nodes: 516 and calcs: 141380708171 :: Predicted time: 0.014976, Actual Time: 0.015187
Build Time: 0.015187, Calc Time: 15.503915, reduction 0.255275
############################################
Predicted calcsPerSecond: 9129966986
SubGraph 0 Layer 7 Selecting RP 3 with Nodes: 709 and calcs: 139396701737 :: Predicted time: 0.015187, Actual Time: 0.018024
Build Time: 0.018024, Calc Time: 15.268040, reduction 0.235875
############################################
Predicted calcsPerSecond: 9122792306
SubGraph 0 Layer 8 Selecting RP 1 with Nodes: 852 and calcs: 137536270091 :: Predicted time: 0.018024, Actual Time: 0.022644
Build Time: 0.022644, Calc Time: 15.076115, reduction 0.191925
############################################
Predicted calcsPerSecond: 9132101563
SubGraph 0 Layer 9 Selecting RP 1 with Nodes: 997 and calcs: 135897534261 :: Predicted time: 0.022644, Actual Time: 0.024353
Build Time: 0.024353, Calc Time: 14.881299, reduction 0.194816
############################################
Predicted calcsPerSecond: 9130448324
SubGraph 0 Layer 10 Selecting RP 2 with Nodes: 1241 and calcs: 133826399615 :: Predicted time: 0.024353, Actual Time: 0.037633
Build Time: 0.037633, Calc Time: 14.657155, reduction 0.224144
############################################
Predicted calcsPerSecond: 8866587132
SubGraph 0 Layer 11 Selecting RP 2 with Nodes: 1430 and calcs: 133046250459 :: Predicted time: 0.037633, Actual Time: 0.050683
Build Time: 0.050683, Calc Time: 15.005351, reduction -0.348195
############################################
Final graph has 1430 nodes, 133046250459 calcs total
Node Construct time: 0.749122
Batchs: 100
Batch 1 Results: 116158
Batch 0 Results: 67521
Batch 2 Results: 146540
Batch 3 Results: 234821
Batch 4 Results: 20854604
Batch 5 Results: 1302725
Batch 6 Results: 312785418
Total results Set Size: 335507787 
Node Laucnher time: 8.050895
Total Time: 8.449456

Time to read in file: 0.092733

Number points: 515345 
Number Dimensions: 90 
Number Concurent Streams: 2
Block Size: 1024, Kernel Blocks: 512
Using using binary searches
Distance Threshold: 0.009100 
*********************************

Predicted calcsPerSecond: 9097014126
SubGraph 0 Layer 0 Selecting RP 1 with Nodes: 17 and calcs: 197994635393 :: Predicted time: 0.000000, Actual Time: 0.013874
Build Time: 0.013874, Calc Time: 21.764794, reduction -21.764794
############################################
Predicted calcsPerSecond: 9122002806
SubGraph 0 Layer 1 Selecting RP 6 with Nodes: 57 and calcs: 181835460273 :: Predicted time: 0.013874, Actual Time: 0.029977
Build Time: 0.029977, Calc Time: 19.933721, reduction 1.831073
############################################
Predicted calcsPerSecond: 9127803603
SubGraph 0 Layer 2 Selecting RP 1 with Nodes: 111 and calcs: 171457913779 :: Predicted time: 0.029977, Actual Time: 0.014654
Build Time: 0.014654, Calc Time: 18.784137, reduction 1.149584
############################################
Predicted calcsPerSecond: 9129630137
SubGraph 0 Layer 3 Selecting RP 1 with Nodes: 176 and calcs: 161211297375 :: Predicted time: 0.014654, Actual Time: 0.013423
Build Time: 0.013423, Calc Time: 17.658032, reduction 1.126105
############################################
Predicted calcsPerSecond: 9125412948
SubGraph 0 Layer 4 Selecting RP 7 with Nodes: 251 and calcs: 157997765075 :: Predicted time: 0.013423, Actual Time: 0.012411
Build Time: 0.012411, Calc Time: 17.314040, reduction 0.343992
############################################
Predicted calcsPerSecond: 9112320839
SubGraph 0 Layer 5 Selecting RP 1 with Nodes: 376 and calcs: 152391504645 :: Predicted time: 0.012411, Actual Time: 0.014604
Build Time: 0.014604, Calc Time: 16.723676, reduction 0.590364
############################################
Predicted calcsPerSecond: 9117537825
SubGraph 0 Layer 6 Selecting RP 2 with Nodes: 476 and calcs: 149818884943 :: Predicted time: 0.014604, Actual Time: 0.014252
Build Time: 0.014252, Calc Time: 16.431946, reduction 0.291731
############################################
Predicted calcsPerSecond: 9126473109
SubGraph 0 Layer 7 Selecting RP 7 with Nodes: 626 and calcs: 147854988681 :: Predicted time: 0.014252, Actual Time: 0.016242
Build Time: 0.016242, Calc Time: 16.200671, reduction 0.231274
############################################
Predicted calcsPerSecond: 9138392059
SubGraph 0 Layer 8 Selecting RP 2 with Nodes: 756 and calcs: 145892674049 :: Predicted time: 0.016242, Actual Time: 0.019746
Build Time: 0.019746, Calc Time: 15.964808, reduction 0.235863
############################################
Predicted calcsPerSecond: 9137698385
SubGraph 0 Layer 9 Selecting RP 1 with Nodes: 914 and calcs: 144172469429 :: Predicted time: 0.019746, Actual Time: 0.021951
Build Time: 0.021951, Calc Time: 15.777766, reduction 0.187042
############################################
Predicted calcsPerSecond: 9129912541
SubGraph 0 Layer 10 Selecting RP 8 with Nodes: 1150 and calcs: 142501832035 :: Predicted time: 0.021951, Actual Time: 0.035887
Build Time: 0.035887, Calc Time: 15.608236, reduction 0.169530
############################################
Predicted calcsPerSecond: 9133972685
SubGraph 0 Layer 11 Selecting RP 5 with Nodes: 1359 and calcs: 141748885439 :: Predicted time: 0.035887, Actual Time: 0.052591
Build Time: 0.052591, Calc Time: 15.518865, reduction 0.089372
############################################
Predicted calcsPerSecond: 9134908201
SubGraph 0 Layer 12 Selecting RP 4 with Nodes: 1596 and calcs: 140337485067 :: Predicted time: 0.052591, Actual Time: 0.061065
Build Time: 0.061065, Calc Time: 15.362769, reduction 0.156096
############################################
Predicted calcsPerSecond: 9141918664
SubGraph 0 Layer 13 Selecting RP 2 with Nodes: 1845 and calcs: 139382979989 :: Predicted time: 0.061065, Actual Time: 0.079426
Build Time: 0.079426, Calc Time: 15.246578, reduction 0.116191
############################################
Predicted calcsPerSecond: 9127585508
SubGraph 0 Layer 14 Selecting RP 3 with Nodes: 2090 and calcs: 138666871987 :: Predicted time: 0.079426, Actual Time: 0.097779
Build Time: 0.097779, Calc Time: 15.192065, reduction 0.054513
############################################
Final graph has 2090 nodes, 138666871987 calcs total
Node Construct time: 1.090873
Batchs: 100
Batch 1 Results: 116525
Batch 0 Results: 68600
Batch 2 Results: 206323
Batch 3 Results: 269011
Batch 4 Results: 28570153
Batch 5 Results: 15396378
Batch 6 Results: 470301285
Total results Set Size: 514928275 
Node Laucnher time: 10.246966
Total Time: 10.646012
UNI ________________________________________________________________
UNI ________________________________________________________________

Time to read in file: 0.176481

Number points: 2000000 
Number Dimensions: 10 
Number Concurent Streams: 2
Block Size: 1024, Kernel Blocks: 512
Using using binary searches
Distance Threshold: 0.250000 
*********************************

Predicted calcsPerSecond: 160628530430
SubGraph 0 Layer 0 Selecting RP 1 with Nodes: 10 and calcs: 2786978203204 :: Predicted time: 0.000000, Actual Time: 0.005394
Build Time: 0.005394, Calc Time: 17.350456, reduction -17.350456
############################################
Predicted calcsPerSecond: 161259664466
SubGraph 0 Layer 1 Selecting RP 4 with Nodes: 60 and calcs: 1924986499156 :: Predicted time: 0.005394, Actual Time: 0.213816
Build Time: 0.213816, Calc Time: 11.937185, reduction 5.413270
############################################
Predicted calcsPerSecond: 162462116469
SubGraph 0 Layer 2 Selecting RP 4 with Nodes: 252 and calcs: 1358592055492 :: Predicted time: 0.213816, Actual Time: 0.113037
Build Time: 0.113037, Calc Time: 8.362516, reduction 3.574669
############################################
Predicted calcsPerSecond: 162720666559
SubGraph 0 Layer 3 Selecting RP 5 with Nodes: 995 and calcs: 933942433606 :: Predicted time: 0.113037, Actual Time: 0.107322
Build Time: 0.107322, Calc Time: 5.739544, reduction 2.622972
############################################
Predicted calcsPerSecond: 161395101343
SubGraph 0 Layer 4 Selecting RP 6 with Nodes: 3026 and calcs: 671574625756 :: Predicted time: 0.107322, Actual Time: 0.188110
Build Time: 0.188110, Calc Time: 4.161060, reduction 1.578485
############################################
Predicted calcsPerSecond: 161607326897
SubGraph 0 Layer 5 Selecting RP 2 with Nodes: 7306 and calcs: 487756416650 :: Predicted time: 0.188110, Actual Time: 0.529961
Build Time: 0.529961, Calc Time: 3.018158, reduction 1.142902
############################################
Predicted calcsPerSecond: 162285504676
SubGraph 0 Layer 6 Selecting RP 5 with Nodes: 14303 and calcs: 380741931490 :: Predicted time: 0.529961, Actual Time: 1.968545
Build Time: 1.968545, Calc Time: 2.346124, reduction 0.672034
############################################
Final graph has 14303 nodes, 380741931490 calcs total
Node Construct time: 2.859749
Batchs: 100
Batch 0 Results: 450857
Batch 1 Results: 101085
Batch 2 Results: 406920
Batch 3 Results: 214979
Batch 4 Results: 469577
Batch 5 Results: 169664
Batch 6 Results: 438445
Batch 7 Results: 210610
Batch 8 Results: 402800
Batch 9 Results: 173538
Batch 10 Results: 382729
Batch 11 Results: 190249
Batch 12 Results: 444166
Batch 13 Results: 89783
Batch 14 Results: 406933
Batch 15 Results: 148888
Batch 16 Results: 421448
Batch 17 Results: 190802
Batch 18 Results: 367698
Batch 19 Results: 171881
Batch 20 Results: 360515
Batch 21 Results: 124267
Batch 22 Results: 367656
Batch 23 Results: 173961
Batch 24 Results: 309003
Batch 25 Results: 76458
Total results Set Size: 7264912 
Node Laucnher time: 11.719738
Total Time: 11.901990

Time to read in file: 0.047120

Number points: 2000000 
Number Dimensions: 10 
Number Concurent Streams: 2
Block Size: 1024, Kernel Blocks: 512
Using using binary searches
Distance Threshold: 0.300000 
*********************************

Predicted calcsPerSecond: 157452978118
SubGraph 0 Layer 0 Selecting RP 1 with Nodes: 9 and calcs: 3116988747980 :: Predicted time: 0.000000, Actual Time: 0.004902
Build Time: 0.004902, Calc Time: 19.796315, reduction -19.796315
############################################
Predicted calcsPerSecond: 160217362504
SubGraph 0 Layer 1 Selecting RP 4 with Nodes: 44 and calcs: 2413552040276 :: Predicted time: 0.004902, Actual Time: 0.168220
Build Time: 0.168220, Calc Time: 15.064235, reduction 4.732080
############################################
Predicted calcsPerSecond: 160979139812
SubGraph 0 Layer 2 Selecting RP 4 with Nodes: 183 and calcs: 1899111146434 :: Predicted time: 0.168220, Actual Time: 0.136712
Build Time: 0.136712, Calc Time: 11.797250, reduction 3.266985
############################################
Predicted calcsPerSecond: 162078208495
SubGraph 0 Layer 3 Selecting RP 5 with Nodes: 658 and calcs: 1467387475396 :: Predicted time: 0.136712, Actual Time: 0.095925
Build Time: 0.095925, Calc Time: 9.053577, reduction 2.743673
############################################
Predicted calcsPerSecond: 161691347697
SubGraph 0 Layer 4 Selecting RP 6 with Nodes: 1825 and calcs: 1167045278558 :: Predicted time: 0.095925, Actual Time: 0.107388
Build Time: 0.107388, Calc Time: 7.217735, reduction 1.835842
############################################
Predicted calcsPerSecond: 161795216085
SubGraph 0 Layer 5 Selecting RP 2 with Nodes: 4463 and calcs: 924013361238 :: Predicted time: 0.107388, Actual Time: 0.339890
Build Time: 0.339890, Calc Time: 5.711005, reduction 1.506729
############################################
Predicted calcsPerSecond: 127758732271
SubGraph 0 Layer 6 Selecting RP 5 with Nodes: 9544 and calcs: 742469458250 :: Predicted time: 0.339890, Actual Time: 1.165862
Build Time: 1.165862, Calc Time: 5.811497, reduction -0.100491
############################################
Final graph has 9544 nodes, 742469458250 calcs total
Node Construct time: 2.097217
Batchs: 100
Batch 1 Results: 2005162
Batch 0 Results: 108520
Batch 2 Results: 1819708
Batch 3 Results: 672843
Batch 4 Results: 2128809
Batch 5 Results: 422239
Batch 6 Results: 1860374
Batch 7 Results: 519021
Batch 8 Results: 1879754
Batch 9 Results: 668875
Batch 10 Results: 1500652
Batch 11 Results: 613176
Batch 12 Results: 1894999
Batch 13 Results: 491712
Batch 14 Results: 1931619
Batch 15 Results: 318806
Batch 16 Results: 1646713
Batch 17 Results: 335381
Batch 18 Results: 1817898
Batch 19 Results: 126216
Batch 20 Results: 1745212
Batch 21 Results: 593752
Batch 22 Results: 1370424
Batch 23 Results: 486085
Batch 24 Results: 1477299
Batch 25 Results: 137275
Batch 26 Results: 1370661
Batch 27 Results: 184075
Batch 28 Results: 508777
Total results Set Size: 30636037 
Node Laucnher time: 18.378259
Total Time: 18.554500

Time to read in file: 0.124614

Number points: 2000000 
Number Dimensions: 10 
Number Concurent Streams: 2
Block Size: 1024, Kernel Blocks: 512
Using using binary searches
Distance Threshold: 0.350000 
*********************************

Predicted calcsPerSecond: 159167581197
SubGraph 0 Layer 0 Selecting RP 1 with Nodes: 8 and calcs: 3367464862012 :: Predicted time: 0.000000, Actual Time: 0.004397
Build Time: 0.004397, Calc Time: 21.156726, reduction -21.156726
############################################
Predicted calcsPerSecond: 160797147189
SubGraph 0 Layer 1 Selecting RP 4 with Nodes: 35 and calcs: 2823936905480 :: Predicted time: 0.004397, Actual Time: 0.150898
Build Time: 0.150898, Calc Time: 17.562108, reduction 3.594617
############################################
Predicted calcsPerSecond: 161993106263
SubGraph 0 Layer 2 Selecting RP 4 with Nodes: 128 and calcs: 2395502982792 :: Predicted time: 0.150898, Actual Time: 0.091179
Build Time: 0.091179, Calc Time: 14.787685, reduction 2.774424
############################################
Predicted calcsPerSecond: 162366227044
SubGraph 0 Layer 3 Selecting RP 5 with Nodes: 434 and calcs: 2007907530914 :: Predicted time: 0.091179, Actual Time: 0.085977
Build Time: 0.085977, Calc Time: 12.366534, reduction 2.421150
############################################
Predicted calcsPerSecond: 161140980327
SubGraph 0 Layer 4 Selecting RP 6 with Nodes: 1180 and calcs: 1714843608250 :: Predicted time: 0.085977, Actual Time: 0.074671
Build Time: 0.074671, Calc Time: 10.641884, reduction 1.724650
############################################
Predicted calcsPerSecond: 160797138257
SubGraph 0 Layer 5 Selecting RP 2 with Nodes: 2813 and calcs: 1456862733680 :: Predicted time: 0.074671, Actual Time: 0.200211
Build Time: 0.200211, Calc Time: 9.060253, reduction 1.581631
############################################
Predicted calcsPerSecond: 159435155262
SubGraph 0 Layer 6 Selecting RP 5 with Nodes: 6082 and calcs: 1242601335468 :: Predicted time: 0.200211, Actual Time: 1.213214
Build Time: 1.213214, Calc Time: 7.793773, reduction 1.266480
############################################
Predicted calcsPerSecond: 160504163151
SubGraph 0 Layer 7 Selecting RP 7 with Nodes: 12080 and calcs: 1051625127648 :: Predicted time: 1.213214, Actual Time: 1.970406
Build Time: 1.970406, Calc Time: 6.552012, reduction 1.241761
############################################
Final graph has 12080 nodes, 1051625127648 calcs total
Node Construct time: 3.414192
Batchs: 100
Batch 1 Results: 8138206
Batch 0 Results: 2620570
Batch 2 Results: 8322921
Batch 3 Results: 3824926
Batch 4 Results: 7188978
Batch 5 Results: 1919408
Batch 6 Results: 5915044
Batch 7 Results: 3452790
Batch 8 Results: 8272801
Batch 9 Results: 4201494
Batch 10 Results: 6438911
Batch 11 Results: 1742121
Batch 12 Results: 7370204
Batch 13 Results: 3573537
Batch 14 Results: 7602228
Batch 15 Results: 3057076
Batch 16 Results: 5529482
Batch 17 Results: 2586666
Batch 18 Results: 5594300
Batch 19 Results: 1956768
Batch 20 Results: 5602748
Batch 21 Results: 117951
Batch 22 Results: 5604146
Batch 23 Results: 1011744
Batch 24 Results: 4654897
Batch 25 Results: 1938799
Batch 26 Results: 1022076
Total results Set Size: 119260792 
Node Laucnher time: 27.749958
Total Time: 27.922662

Time to read in file: 0.112537

Number points: 2000000 
Number Dimensions: 10 
Number Concurent Streams: 2
Block Size: 1024, Kernel Blocks: 512
Using using binary searches
Distance Threshold: 0.400000 
*********************************

Predicted calcsPerSecond: 158333578825
SubGraph 0 Layer 0 Selecting RP 1 with Nodes: 7 and calcs: 3566525491118 :: Predicted time: 0.000000, Actual Time: 0.003899
Build Time: 0.003899, Calc Time: 22.525389, reduction -22.525389
############################################
Predicted calcsPerSecond: 159715286331
SubGraph 0 Layer 1 Selecting RP 4 with Nodes: 28 and calcs: 3171054354678 :: Predicted time: 0.003899, Actual Time: 0.134716
Build Time: 0.134716, Calc Time: 19.854420, reduction 2.670969
############################################
Predicted calcsPerSecond: 161448174874
SubGraph 0 Layer 2 Selecting RP 4 with Nodes: 104 and calcs: 2836465026598 :: Predicted time: 0.134716, Actual Time: 0.120266
Build Time: 0.120266, Calc Time: 17.568889, reduction 2.285531
############################################
Predicted calcsPerSecond: 161910968252
SubGraph 0 Layer 3 Selecting RP 5 with Nodes: 328 and calcs: 2517956937328 :: Predicted time: 0.120266, Actual Time: 0.081121
Build Time: 0.081121, Calc Time: 15.551491, reduction 2.017398
############################################
Predicted calcsPerSecond: 161614720576
SubGraph 0 Layer 4 Selecting RP 6 with Nodes: 846 and calcs: 2261560527590 :: Predicted time: 0.081121, Actual Time: 0.080301
Build Time: 0.080301, Calc Time: 13.993531, reduction 1.557960
############################################
Predicted calcsPerSecond: 161558048309
SubGraph 0 Layer 5 Selecting RP 2 with Nodes: 1963 and calcs: 2023433142210 :: Predicted time: 0.080301, Actual Time: 0.119894
Build Time: 0.119894, Calc Time: 12.524496, reduction 1.469034
############################################
Predicted calcsPerSecond: 160392460792
SubGraph 0 Layer 6 Selecting RP 5 with Nodes: 4081 and calcs: 1812760894300 :: Predicted time: 0.119894, Actual Time: 0.571291
Build Time: 0.571291, Calc Time: 11.302033, reduction 1.222463
############################################
Predicted calcsPerSecond: 159944190843
SubGraph 0 Layer 7 Selecting RP 7 with Nodes: 7993 and calcs: 1611980428584 :: Predicted time: 0.571291, Actual Time: 1.458003
Build Time: 1.458003, Calc Time: 10.078393, reduction 1.223640
############################################
Final graph has 7993 nodes, 1611980428584 calcs total
Node Construct time: 2.661885
Batchs: 100
Batch 0 Results: 26900014
Batch 1 Results: 7332949
Batch 2 Results: 25360850
Batch 3 Results: 13666492
Batch 4 Results: 29796478
Batch 5 Results: 15249648
Batch 6 Results: 25085802
Batch 7 Results: 9679244
Batch 8 Results: 21532133
Batch 9 Results: 12240512
Batch 10 Results: 24103164
Batch 11 Results: 8485499
Batch 12 Results: 20105697
Batch 13 Results: 5619583
Batch 14 Results: 18778122
Batch 15 Results: 740343
Batch 16 Results: 23706086
Batch 17 Results: 12659492
Batch 18 Results: 18871609
Batch 19 Results: 9986643
Batch 20 Results: 17620621
Batch 21 Results: 8926220
Batch 22 Results: 16798073
Batch 23 Results: 5720528
Batch 25 Results: 1044555
Batch 24 Results: 11569209
Total results Set Size: 391579566 
Node Laucnher time: 38.471056
Total Time: 38.649207

Time to read in file: 0.154877

Number points: 2000000 
Number Dimensions: 10 
Number Concurent Streams: 2
Block Size: 1024, Kernel Blocks: 512
Using using binary searches
Distance Threshold: 0.450000 
*********************************

Predicted calcsPerSecond: 159043088068
SubGraph 0 Layer 0 Selecting RP 1 with Nodes: 6 and calcs: 3682453656482 :: Predicted time: 0.000000, Actual Time: 0.003398
Build Time: 0.003398, Calc Time: 23.153811, reduction -23.153811
############################################
Predicted calcsPerSecond: 160673007213
SubGraph 0 Layer 1 Selecting RP 2 with Nodes: 24 and calcs: 3385866407064 :: Predicted time: 0.003398, Actual Time: 0.129387
Build Time: 0.129387, Calc Time: 21.073026, reduction 2.080786
############################################
Predicted calcsPerSecond: 161958201705
SubGraph 0 Layer 2 Selecting RP 2 with Nodes: 78 and calcs: 3122465778170 :: Predicted time: 0.129387, Actual Time: 0.100164
Build Time: 0.100164, Calc Time: 19.279454, reduction 1.793571
############################################
Predicted calcsPerSecond: 162183280293
SubGraph 0 Layer 3 Selecting RP 2 with Nodes: 233 and calcs: 2864943109960 :: Predicted time: 0.100164, Actual Time: 0.082360
Build Time: 0.082360, Calc Time: 17.664849, reduction 1.614606
############################################
Predicted calcsPerSecond: 160617590132
SubGraph 0 Layer 4 Selecting RP 6 with Nodes: 589 and calcs: 2642672354444 :: Predicted time: 0.082360, Actual Time: 0.067755
Build Time: 0.067755, Calc Time: 16.453194, reduction 1.211655
############################################
Predicted calcsPerSecond: 160473612678
SubGraph 0 Layer 5 Selecting RP 7 with Nodes: 1389 and calcs: 2445673971026 :: Predicted time: 0.067755, Actual Time: 0.096822
Build Time: 0.096822, Calc Time: 15.240350, reduction 1.212844
############################################
Predicted calcsPerSecond: 161242752228
SubGraph 0 Layer 6 Selecting RP 1 with Nodes: 3029 and calcs: 2252299214586 :: Predicted time: 0.096822, Actual Time: 0.266070
Build Time: 0.266070, Calc Time: 13.968375, reduction 1.271975
############################################
Predicted calcsPerSecond: 160198755250
SubGraph 0 Layer 7 Selecting RP 7 with Nodes: 5830 and calcs: 2091756932602 :: Predicted time: 0.266070, Actual Time: 0.937517
Build Time: 0.937517, Calc Time: 13.057261, reduction 0.911114
############################################
Final graph has 5830 nodes, 2091756932602 calcs total
Node Construct time: 2.238024
Batchs: 100
Batch 0 Results: 85351896
Batch 1 Results: 19923739
Batch 2 Results: 86359672
Batch 3 Results: 1665969
Batch 4 Results: 52291683
Batch 5 Results: 21939523
Batch 6 Results: 72398010
Batch 7 Results: 713602
Batch 8 Results: 80466529
Batch 9 Results: 17005558
Batch 10 Results: 64230203
Batch 11 Results: 28941941
Batch 12 Results: 67362681
Batch 13 Results: 27316782
Batch 14 Results: 73096505
Batch 15 Results: 33561366
Batch 16 Results: 68715822
Batch 17 Results: 15144920
Batch 18 Results: 46954212
Batch 19 Results: 20190195
Batch 20 Results: 44099463
Batch 21 Results: 21660258
Batch 22 Results: 37844969
Batch 23 Results: 22634910
Batch 24 Results: 46659515
Batch 25 Results: 21542939
Batch 26 Results: 26760602
Total results Set Size: 1104833464 
Node Laucnher time: 50.557779
Total Time: 50.736889
EXPO ________________________________________________________________
EXPO ________________________________________________________________

Time to read in file: 0.272144

Number points: 2000000 
Number Dimensions: 16 
Number Concurent Streams: 2
Block Size: 1024, Kernel Blocks: 512
Using using binary searches
Distance Threshold: 0.030000 
*********************************

Predicted calcsPerSecond: 32763802881
SubGraph 0 Layer 0 Selecting RP 0 with Nodes: 10 and calcs: 3204826031224 :: Predicted time: 0.000000, Actual Time: 0.007442
Build Time: 0.007442, Calc Time: 97.816058, reduction -97.816058
############################################
Predicted calcsPerSecond: 32784997695
SubGraph 0 Layer 1 Selecting RP 0 with Nodes: 52 and calcs: 2696389429014 :: Predicted time: 0.007442, Actual Time: 0.180146
Build Time: 0.180146, Calc Time: 82.244612, reduction 15.571445
############################################
Predicted calcsPerSecond: 32870689396
SubGraph 0 Layer 2 Selecting RP 9 with Nodes: 198 and calcs: 2330635557432 :: Predicted time: 0.180146, Actual Time: 0.124735
Build Time: 0.124735, Calc Time: 70.903154, reduction 11.341458
############################################
Predicted calcsPerSecond: 32895891090
SubGraph 0 Layer 3 Selecting RP 9 with Nodes: 486 and calcs: 2137445023054 :: Predicted time: 0.124735, Actual Time: 0.086132
Build Time: 0.086132, Calc Time: 64.976049, reduction 5.927105
############################################
Predicted calcsPerSecond: 32934041284
SubGraph 0 Layer 4 Selecting RP 1 with Nodes: 1124 and calcs: 1978720989900 :: Predicted time: 0.086132, Actual Time: 0.075644
Build Time: 0.075644, Calc Time: 60.081330, reduction 4.894719
############################################
Predicted calcsPerSecond: 32941424154
SubGraph 0 Layer 5 Selecting RP 3 with Nodes: 2406 and calcs: 1785101377914 :: Predicted time: 0.075644, Actual Time: 0.147917
Build Time: 0.147917, Calc Time: 54.190170, reduction 5.891160
############################################
Predicted calcsPerSecond: 32931996799
SubGraph 0 Layer 6 Selecting RP 0 with Nodes: 4200 and calcs: 1680622894052 :: Predicted time: 0.147917, Actual Time: 0.186606
Build Time: 0.186606, Calc Time: 51.033131, reduction 3.157039
############################################
Predicted calcsPerSecond: 32916451412
SubGraph 0 Layer 7 Selecting RP 3 with Nodes: 6540 and calcs: 1609771724368 :: Predicted time: 0.186606, Actual Time: 0.602609
Build Time: 0.602609, Calc Time: 48.904777, reduction 2.128353
############################################
Predicted calcsPerSecond: 32929467874
SubGraph 0 Layer 8 Selecting RP 8 with Nodes: 9775 and calcs: 1534112310082 :: Predicted time: 0.602609, Actual Time: 1.108721
Build Time: 1.108721, Calc Time: 46.587826, reduction 2.316952
############################################
Predicted calcsPerSecond: 32941532957
SubGraph 0 Layer 9 Selecting RP 4 with Nodes: 13782 and calcs: 1447117561564 :: Predicted time: 1.108721, Actual Time: 2.048115
Build Time: 2.048115, Calc Time: 43.929879, reduction 2.657947
############################################
Predicted calcsPerSecond: 32896737981
SubGraph 0 Layer 10 Selecting RP 3 with Nodes: 18701 and calcs: 1380503107748 :: Predicted time: 2.048115, Actual Time: 4.813075
Build Time: 4.813075, Calc Time: 41.964742, reduction 1.965138
############################################
Final graph has 18701 nodes, 1380503107748 calcs total
Node Construct time: 9.424465
Batchs: 100
Batch 0 Results: 110667
Batch 1 Results: 74095
Batch 2 Results: 111393
Batch 3 Results: 68391
Batch 4 Results: 115358
Batch 5 Results: 78156
Batch 6 Results: 121021
Batch 7 Results: 80851
Batch 8 Results: 119221
Batch 9 Results: 71823
Batch 10 Results: 159739
Batch 11 Results: 86346
Batch 12 Results: 166834
Batch 13 Results: 84488
Batch 14 Results: 224342
Batch 15 Results: 97379
Batch 16 Results: 393254
Batch 17 Results: 216088
Batch 18 Results: 436440
Batch 19 Results: 223436
Batch 20 Results: 539745
Batch 21 Results: 256812
Batch 22 Results: 1759547
Batch 23 Results: 646010
Batch 24 Results: 2943024
Total results Set Size: 9184460 
Node Laucnher time: 52.835548
Total Time: 53.274984

Time to read in file: 0.194284

Number points: 2000000 
Number Dimensions: 16 
Number Concurent Streams: 2
Block Size: 1024, Kernel Blocks: 512
Using using binary searches
Distance Threshold: 0.033750 
*********************************

Predicted calcsPerSecond: 32718511572
SubGraph 0 Layer 0 Selecting RP 0 with Nodes: 9 and calcs: 3383007161662 :: Predicted time: 0.000000, Actual Time: 0.006945
Build Time: 0.006945, Calc Time: 103.397343, reduction -103.397343
############################################
Predicted calcsPerSecond: 32772872311
SubGraph 0 Layer 1 Selecting RP 0 with Nodes: 46 and calcs: 2971622283644 :: Predicted time: 0.006945, Actual Time: 0.263654
Build Time: 0.263654, Calc Time: 90.673233, reduction 12.724110
############################################
Predicted calcsPerSecond: 32807983726
SubGraph 0 Layer 2 Selecting RP 9 with Nodes: 166 and calcs: 2662784772390 :: Predicted time: 0.263654, Actual Time: 0.117491
Build Time: 0.117491, Calc Time: 81.162707, reduction 9.510526
############################################
Predicted calcsPerSecond: 32882969744
SubGraph 0 Layer 3 Selecting RP 9 with Nodes: 383 and calcs: 2494151516670 :: Predicted time: 0.117491, Actual Time: 0.146896
Build Time: 0.146896, Calc Time: 75.849339, reduction 5.313368
############################################
Predicted calcsPerSecond: 32934011119
SubGraph 0 Layer 4 Selecting RP 1 with Nodes: 863 and calcs: 2337657243256 :: Predicted time: 0.146896, Actual Time: 0.090828
Build Time: 0.090828, Calc Time: 70.980034, reduction 4.869304
############################################
Predicted calcsPerSecond: 32934572403
SubGraph 0 Layer 5 Selecting RP 3 with Nodes: 1845 and calcs: 2173452824706 :: Predicted time: 0.090828, Actual Time: 0.074873
Build Time: 0.074873, Calc Time: 65.993048, reduction 4.986986
############################################
Predicted calcsPerSecond: 32964621445
SubGraph 0 Layer 6 Selecting RP 0 with Nodes: 3190 and calcs: 2073855723804 :: Predicted time: 0.074873, Actual Time: 0.172736
Build Time: 0.172736, Calc Time: 62.911559, reduction 3.081489
############################################
Predicted calcsPerSecond: 32952705109
SubGraph 0 Layer 7 Selecting RP 3 with Nodes: 5037 and calcs: 1994560674326 :: Predicted time: 0.172736, Actual Time: 0.453393
Build Time: 0.453393, Calc Time: 60.527980, reduction 2.383579
############################################
Predicted calcsPerSecond: 32890319374
SubGraph 0 Layer 8 Selecting RP 8 with Nodes: 7591 and calcs: 1917112748992 :: Predicted time: 0.453393, Actual Time: 0.984008
Build Time: 0.984008, Calc Time: 58.288055, reduction 2.239925
############################################
Predicted calcsPerSecond: 32868123221
SubGraph 0 Layer 9 Selecting RP 4 with Nodes: 10985 and calcs: 1821002823652 :: Predicted time: 0.984008, Actual Time: 1.771832
Build Time: 1.771832, Calc Time: 55.403310, reduction 2.884745
############################################
Predicted calcsPerSecond: 32822453412
SubGraph 0 Layer 10 Selecting RP 3 with Nodes: 15593 and calcs: 1752850120104 :: Predicted time: 1.771832, Actual Time: 3.067362
Build Time: 3.067362, Calc Time: 53.403994, reduction 1.999316
############################################
Final graph has 15593 nodes, 1752850120104 calcs total
Node Construct time: 7.419227
Batchs: 100
Batch 0 Results: 110848
Batch 1 Results: 68933
Batch 2 Results: 115481
Batch 3 Results: 72701
Batch 4 Results: 132467
Batch 5 Results: 76486
Batch 6 Results: 136725
Batch 7 Results: 76103
Batch 8 Results: 214344
Batch 9 Results: 113952
Batch 10 Results: 319463
Batch 11 Results: 132962
Batch 12 Results: 521199
Batch 13 Results: 281607
Batch 14 Results: 441543
Batch 15 Results: 355128
Batch 16 Results: 816432
Batch 17 Results: 672373
Batch 18 Results: 1614615
Batch 19 Results: 199080
Batch 20 Results: 1839611
Batch 21 Results: 975608
Batch 22 Results: 6573932
Batch 23 Results: 4388059
Batch 24 Results: 12118283
Total results Set Size: 32367935 
Node Laucnher time: 61.456742
Total Time: 61.892106

Time to read in file: 0.216769

Number points: 2000000 
Number Dimensions: 16 
Number Concurent Streams: 2
Block Size: 1024, Kernel Blocks: 512
Using using binary searches
Distance Threshold: 0.037500 
*********************************

Predicted calcsPerSecond: 32746770403
SubGraph 0 Layer 0 Selecting RP 8 with Nodes: 8 and calcs: 3520230912086 :: Predicted time: 0.000000, Actual Time: 0.006443
Build Time: 0.006443, Calc Time: 107.498568, reduction -107.498568
############################################
Predicted calcsPerSecond: 32649181892
SubGraph 0 Layer 1 Selecting RP 0 with Nodes: 41 and calcs: 3192974256792 :: Predicted time: 0.006443, Actual Time: 0.168569
Build Time: 0.168569, Calc Time: 97.796455, reduction 9.702112
############################################
Predicted calcsPerSecond: 32473594541
SubGraph 0 Layer 2 Selecting RP 9 with Nodes: 133 and calcs: 2936056919628 :: Predicted time: 0.168569, Actual Time: 0.103621
Build Time: 0.103621, Calc Time: 90.413672, reduction 7.382783
############################################
Predicted calcsPerSecond: 32555088810
SubGraph 0 Layer 3 Selecting RP 5 with Nodes: 337 and calcs: 2753622495972 :: Predicted time: 0.103621, Actual Time: 0.089314
Build Time: 0.089314, Calc Time: 84.583474, reduction 5.830198
############################################
Predicted calcsPerSecond: 32625033177
SubGraph 0 Layer 4 Selecting RP 1 with Nodes: 739 and calcs: 2617108239840 :: Predicted time: 0.089314, Actual Time: 0.062178
Build Time: 0.062178, Calc Time: 80.217796, reduction 4.365678
############################################
Predicted calcsPerSecond: 32360203975
SubGraph 0 Layer 5 Selecting RP 3 with Nodes: 1490 and calcs: 2464567897658 :: Predicted time: 0.062178, Actual Time: 0.100431
Build Time: 0.100431, Calc Time: 76.160456, reduction 4.057339
############################################
Predicted calcsPerSecond: 32522781655
SubGraph 0 Layer 6 Selecting RP 0 with Nodes: 2765 and calcs: 2361915877014 :: Predicted time: 0.100431, Actual Time: 0.143497
Build Time: 0.143497, Calc Time: 72.623428, reduction 3.537029
############################################
Predicted calcsPerSecond: 32639006207
SubGraph 0 Layer 7 Selecting RP 1 with Nodes: 4482 and calcs: 2288613385566 :: Predicted time: 0.143497, Actual Time: 0.410283
Build Time: 0.410283, Calc Time: 70.118967, reduction 2.504461
############################################
Predicted calcsPerSecond: 32634327078
SubGraph 0 Layer 8 Selecting RP 8 with Nodes: 6786 and calcs: 2209586890698 :: Predicted time: 0.410283, Actual Time: 0.858322
Build Time: 0.858322, Calc Time: 67.707445, reduction 2.411522
############################################
Predicted calcsPerSecond: 32729621672
SubGraph 0 Layer 9 Selecting RP 4 with Nodes: 9983 and calcs: 2127730479806 :: Predicted time: 0.858322, Actual Time: 1.613712
Build Time: 1.613712, Calc Time: 65.009321, reduction 2.698124
############################################
Predicted calcsPerSecond: 32651018162
SubGraph 0 Layer 10 Selecting RP 3 with Nodes: 13590 and calcs: 2064136427938 :: Predicted time: 1.613712, Actual Time: 2.848717
Build Time: 2.848717, Calc Time: 63.218134, reduction 1.791187
############################################
Final graph has 13590 nodes, 2064136427938 calcs total
Node Construct time: 6.938591
Batchs: 100
Batch 0 Results: 113153
Batch 1 Results: 75582
Batch 2 Results: 155425
Batch 3 Results: 91003
Batch 4 Results: 198196
Batch 5 Results: 88001
Batch 6 Results: 229267
Batch 7 Results: 124181
Batch 8 Results: 423441
Batch 9 Results: 211967
Batch 10 Results: 926992
Batch 11 Results: 208698
Batch 12 Results: 1868979
Batch 13 Results: 349280
Batch 14 Results: 1103098
Batch 15 Results: 740776
Batch 16 Results: 1717729
Batch 17 Results: 511254
Batch 18 Results: 6682962
Batch 19 Results: 1190372
Batch 20 Results: 6126971
Batch 21 Results: 782096
Batch 22 Results: 5553073
Batch 23 Results: 1067287
Batch 24 Results: 16411096
Batch 25 Results: 4877407
Batch 26 Results: 33947329
Batch 27 Results: 21633370
Total results Set Size: 107408985 
Node Laucnher time: 79.842545
Total Time: 80.283939

Time to read in file: 0.203516

Number points: 2000000 
Number Dimensions: 16 
Number Concurent Streams: 2
Block Size: 1024, Kernel Blocks: 512
Using using binary searches
Distance Threshold: 0.041250 
*********************************

Predicted calcsPerSecond: 32716049680
SubGraph 0 Layer 0 Selecting RP 8 with Nodes: 7 and calcs: 3625132368652 :: Predicted time: 0.000000, Actual Time: 0.005945
Build Time: 0.005945, Calc Time: 110.805932, reduction -110.805932
############################################
Predicted calcsPerSecond: 32776209100
SubGraph 0 Layer 1 Selecting RP 0 with Nodes: 31 and calcs: 3378929383560 :: Predicted time: 0.005945, Actual Time: 0.161830
Build Time: 0.161830, Calc Time: 103.090915, reduction 7.715017
############################################
Predicted calcsPerSecond: 32856641032
SubGraph 0 Layer 2 Selecting RP 9 with Nodes: 113 and calcs: 3148082691048 :: Predicted time: 0.161830, Actual Time: 0.112594
Build Time: 0.112594, Calc Time: 95.812676, reduction 7.278239
############################################
Predicted calcsPerSecond: 32914362070
SubGraph 0 Layer 3 Selecting RP 5 with Nodes: 275 and calcs: 3001463238536 :: Predicted time: 0.112594, Actual Time: 0.100545
Build Time: 0.100545, Calc Time: 91.190078, reduction 4.622598
############################################
Predicted calcsPerSecond: 32963332261
SubGraph 0 Layer 4 Selecting RP 1 with Nodes: 608 and calcs: 2883319149132 :: Predicted time: 0.100545, Actual Time: 0.063483
Build Time: 0.063483, Calc Time: 87.470500, reduction 3.719578
############################################
Predicted calcsPerSecond: 32936030311
SubGraph 0 Layer 5 Selecting RP 3 with Nodes: 1249 and calcs: 2771605717484 :: Predicted time: 0.063483, Actual Time: 0.103011
Build Time: 0.103011, Calc Time: 84.151177, reduction 3.319323
############################################
Predicted calcsPerSecond: 32950999621
SubGraph 0 Layer 6 Selecting RP 0 with Nodes: 2201 and calcs: 2686695416116 :: Predicted time: 0.103011, Actual Time: 0.099659
Build Time: 0.099659, Calc Time: 81.536082, reduction 2.615095
############################################
Predicted calcsPerSecond: 32947576422
SubGraph 0 Layer 7 Selecting RP 0 with Nodes: 3376 and calcs: 2619088972994 :: Predicted time: 0.099659, Actual Time: 0.184525
Build Time: 0.184525, Calc Time: 79.492614, reduction 2.043468
############################################
Predicted calcsPerSecond: 32905954199
SubGraph 0 Layer 8 Selecting RP 8 with Nodes: 5309 and calcs: 2548697705498 :: Predicted time: 0.184525, Actual Time: 0.591984
Build Time: 0.591984, Calc Time: 77.453998, reduction 2.038616
############################################
Predicted calcsPerSecond: 32927543529
SubGraph 0 Layer 9 Selecting RP 4 with Nodes: 7673 and calcs: 2481617679726 :: Predicted time: 0.591984, Actual Time: 0.976659
Build Time: 0.976659, Calc Time: 75.366013, reduction 2.087985
############################################
Predicted calcsPerSecond: 32946070310
SubGraph 0 Layer 10 Selecting RP 3 with Nodes: 10465 and calcs: 2413733837108 :: Predicted time: 0.976659, Actual Time: 1.849307
Build Time: 1.849307, Calc Time: 73.263179, reduction 2.102834
############################################
Predicted calcsPerSecond: 32864361671
SubGraph 0 Layer 11 Selecting RP 9 with Nodes: 14880 and calcs: 2337394624788 :: Predicted time: 1.849307, Actual Time: 3.588914
Build Time: 3.588914, Calc Time: 71.122471, reduction 2.140707
############################################
Final graph has 14880 nodes, 2337394624788 calcs total
Node Construct time: 8.414866
Batchs: 100
Batch 0 Results: 119475
Batch 1 Results: 94603
Batch 2 Results: 246012
Batch 3 Results: 152540
Batch 4 Results: 276699
Batch 5 Results: 154416
Batch 6 Results: 723938
Batch 7 Results: 292044
Batch 8 Results: 1786226
Batch 9 Results: 333269
Batch 10 Results: 3644099
Batch 11 Results: 1104831
Batch 12 Results: 1485577
Batch 13 Results: 234381
Batch 14 Results: 4121532
Batch 15 Results: 4762012
Batch 16 Results: 8102600
Batch 17 Results: 1458414
Batch 18 Results: 21318429
Batch 19 Results: 2795810
Batch 20 Results: 19603920
Batch 21 Results: 1439983
Batch 22 Results: 19008752
Batch 23 Results: 8169501
Batch 24 Results: 49125859
Batch 25 Results: 9297890
Batch 26 Results: 99737647
Batch 27 Results: 54618599
Total results Set Size: 314209058 
Node Laucnher time: 93.561633
Total Time: 93.997159

Time to read in file: 0.202258

Number points: 2000000 
Number Dimensions: 16 
Number Concurent Streams: 2
Block Size: 1024, Kernel Blocks: 512
Using using binary searches
Distance Threshold: 0.045000 
*********************************

Predicted calcsPerSecond: 32701980936
SubGraph 0 Layer 0 Selecting RP 8 with Nodes: 7 and calcs: 3706139357656 :: Predicted time: 0.000000, Actual Time: 0.005946
Build Time: 0.005946, Calc Time: 113.330730, reduction -113.330730
############################################
Predicted calcsPerSecond: 32745581880
SubGraph 0 Layer 1 Selecting RP 8 with Nodes: 27 and calcs: 3511564493848 :: Predicted time: 0.005946, Actual Time: 0.128421
Build Time: 0.128421, Calc Time: 107.237810, reduction 6.092919
############################################
Predicted calcsPerSecond: 32837470264
SubGraph 0 Layer 2 Selecting RP 9 with Nodes: 88 and calcs: 3348432404094 :: Predicted time: 0.128421, Actual Time: 0.100320
Build Time: 0.100320, Calc Time: 101.969865, reduction 5.267945
############################################
Predicted calcsPerSecond: 32924729754
SubGraph 0 Layer 3 Selecting RP 7 with Nodes: 227 and calcs: 3226400091182 :: Predicted time: 0.100320, Actual Time: 0.096269
Build Time: 0.096269, Calc Time: 97.993214, reduction 3.976651
############################################
Predicted calcsPerSecond: 32939021281
SubGraph 0 Layer 4 Selecting RP 0 with Nodes: 516 and calcs: 3085568126238 :: Predicted time: 0.096269, Actual Time: 0.067297
Build Time: 0.067297, Calc Time: 93.675161, reduction 4.318053
############################################
Predicted calcsPerSecond: 32939667782
SubGraph 0 Layer 5 Selecting RP 3 with Nodes: 961 and calcs: 2990125249530 :: Predicted time: 0.067297, Actual Time: 0.068142
Build Time: 0.068142, Calc Time: 90.775817, reduction 2.899344
############################################
Predicted calcsPerSecond: 32957479180
SubGraph 0 Layer 6 Selecting RP 8 with Nodes: 1655 and calcs: 2918711605918 :: Predicted time: 0.068142, Actual Time: 0.088184
Build Time: 0.088184, Calc Time: 88.559917, reduction 2.215900
############################################
Predicted calcsPerSecond: 32926182551
SubGraph 0 Layer 7 Selecting RP 1 with Nodes: 2535 and calcs: 2860217081052 :: Predicted time: 0.088184, Actual Time: 0.190648
Build Time: 0.190648, Calc Time: 86.867558, reduction 1.692358
############################################
Predicted calcsPerSecond: 32894832130
SubGraph 0 Layer 8 Selecting RP 5 with Nodes: 3837 and calcs: 2799772909798 :: Predicted time: 0.190648, Actual Time: 0.379553
Build Time: 0.379553, Calc Time: 85.112850, reduction 1.754708
############################################
Predicted calcsPerSecond: 32910197954
SubGraph 0 Layer 9 Selecting RP 7 with Nodes: 5761 and calcs: 2733928717658 :: Predicted time: 0.379553, Actual Time: 0.883944
Build Time: 0.883944, Calc Time: 83.072388, reduction 2.040462
############################################
Predicted calcsPerSecond: 32913708088
SubGraph 0 Layer 10 Selecting RP 3 with Nodes: 8231 and calcs: 2664959580840 :: Predicted time: 0.883944, Actual Time: 1.396363
Build Time: 1.396363, Calc Time: 80.968075, reduction 2.104313
############################################
Predicted calcsPerSecond: 32879790693
SubGraph 0 Layer 11 Selecting RP 5 with Nodes: 11713 and calcs: 2596596935180 :: Predicted time: 1.396363, Actual Time: 2.401348
Build Time: 2.401348, Calc Time: 78.972429, reduction 1.995646
############################################
Final graph has 11713 nodes, 2596596935180 calcs total
Node Construct time: 6.613897
Batchs: 100
Batch 1 Results: 164650
Batch 0 Results: 116527
Batch 2 Results: 509029
Batch 3 Results: 170083
Batch 4 Results: 853494
Batch 5 Results: 224953
Batch 6 Results: 1294959
Batch 7 Results: 1381164
Batch 8 Results: 5072291
Batch 9 Results: 333056
Batch 10 Results: 10670553
Batch 11 Results: 259041
Batch 12 Results: 18324035
Batch 13 Results: 7028623
Batch 14 Results: 2286018
Batch 15 Results: 2340030
Batch 16 Results: 17447101
Batch 17 Results: 1371548
Batch 18 Results: 28712755
Batch 19 Results: 8649827
Batch 20 Results: 40522100
Batch 21 Results: 4440388
Batch 22 Results: 56646033
Batch 23 Results: 8223653
Batch 24 Results: 60437873
Batch 25 Results: 3019121
Batch 26 Results: 75496822
Batch 27 Results: 102633611
Batch 28 Results: 307945873
Batch 29 Results: 41006055
Batch 30 Results: 5687453
Total results Set Size: 813268719 
Node Laucnher time: 108.405675
Total Time: 108.845868
SUSY ________________________________________________________________
SUSY ________________________________________________________________
