
EPSILON | NUMPOINTS | RP | NODES | CALCS | Construct T | Total T



MSD ________________________________________________________________


0.007000 515345 14 2438 107142926357 1.216741 4.243748 
0.007525 515345 12 1713 116918749089 0.822443 4.615027 
0.008050 515345 14 2128 123335502953 1.109888 6.231829 
0.008575 515345 14 1936 131170941807 1.157556 8.203267 
0.009100 515345 15 2090 138666871987 1.113268 main: src/launcher.cu:3024: neighborTable* nodeLauncher4(double*, unsigned int, unsigned int, unsigned int, unsigned int*, double): Assertion `cudaSuccess == cudaMemcpyAsync(&keyValueIndex[i], &d_keyValueIndex[i], sizeof(unsigned long long ), cudaMemcpyDeviceToHost, stream[tid])' failed.
/var/spool/slurm/slurmd/job57795574/slurm_script: line 36: 1457354 Aborted                 (core dumped) ./build/main /scratch/bwd29/data/MSD.bin 90 $j


UNI ________________________________________________________________


0.250000 2000000 7 14303 380741931490 2.852780 10.089465 
0.300000 2000000 7 9544 742469458250 2.204598 14.647999 
0.350000 2000000 8 12080 1051625127648 3.329524 20.994675 
0.400000 2000000 8 7993 1611980428584 2.624598 30.374745 
0.450000 2000000 8 5830 2091756932602 2.293803 39.701703 

EXPO ________________________________________________________________


0.030000 2000000 11 18701 1380503107748 8.573018 42.016585 
0.033750 2000000 11 15593 1752850120104 7.234917 53.660335 
0.037500 2000000 11 13590 2064136427938 6.770901 63.972465 
0.041250 2000000 12 14880 2337394624788 8.435356 78.421207 
0.045000 2000000 12 11713 2596596935180 6.845899 90.669391 

SUSY ________________________________________________________________


0.010000 5000000 8 35615 508775335134 11.240904 21.551583 
0.012750 5000000 8 35338 960853651250 11.956352 32.255441 
0.015500 5000000 9 33898 1661144973446 15.204776 49.143963 
0.018250 5000000 10 31969 2635912172844 19.009931 75.893629 
0.021000 5000000 11 33678 3814354900348 22.964724 113.324685 
Tiny____________________________________________________


0.200000 5000000 20 35750 5489796002610 84.911151 481.869355 
0.260000 5000000 22 23466 7459090958354 71.908805 984.274742 
0.320000 5000000 27 24670 9209693978714 101.034972 main: src/launcher.cu:3034: neighborTable* nodeLauncher4(double*, unsigned int, unsigned int, unsigned int, unsigned int*, double): Assertion `cudaSuccess == cudaMallocHost((void**) &pointB[tid], sizeof(unsigned int)*(keyValueIndex[i] + 1))' failed.
main: src/launcher.cu:3024: neighborTable* nodeLauncher4(double*, unsigned int, unsigned int, unsigned int, unsigned int*, double): Assertion `cudaSuccess == cudaMemcpyAsync(&keyValueIndex[i], &d_keyValueIndex[i], sizeof(unsigned long long ), cudaMemcpyDeviceToHost, stream[tid])' failed.
/var/spool/slurm/slurmd/job57795574/slurm_script: line 116: 1489938 Aborted                 (core dumped) ./build/main /scratch/bwd29/data/TINY_Normalized.bin 384 $j

0.380000 5000000 30 20754 10891658007390 100.242057 main: src/launcher.cu:3024: neighborTable* nodeLauncher4(double*, unsigned int, unsigned int, unsigned int, unsigned int*, double): Assertion `cudaSuccess == cudaMemcpyAsync(&keyValueIndex[i], &d_keyValueIndex[i], sizeof(unsigned long long ), cudaMemcpyDeviceToHost, stream[tid])' failed.
main: src/launcher.cu:3024: neighborTable* nodeLauncher4(double*, unsigned int, unsigned int, unsigned int, unsigned int*, double): Assertion `cudaSuccess == cudaMemcpyAsync(&keyValueIndex[i], &d_keyValueIndex[i], sizeof(unsigned long long ), cudaMemcpyDeviceToHost, stream[tid])' failed.
/var/spool/slurm/slurmd/job57795574/slurm_script: line 116: 1507650 Aborted                 (core dumped) ./build/main /scratch/bwd29/data/TINY_Normalized.bin 384 $j

0.440000 5000000 30 12641 12593162988542 79.232651 main: src/launcher.cu:3024: neighborTable* nodeLauncher4(double*, unsigned int, unsigned int, unsigned int, unsigned int*, double): Assertion `cudaSuccess == cudaMemcpyAsync(&keyValueIndex[i], &d_keyValueIndex[i], sizeof(unsigned long long ), cudaMemcpyDeviceToHost, stream[tid])' failed.
main: src/launcher.cu:3024: neighborTable* nodeLauncher4(double*, unsigned int, unsigned int, unsigned int, unsigned int*, double): Assertion `cudaSuccess == cudaMemcpyAsync(&keyValueIndex[i], &d_keyValueIndex[i], sizeof(unsigned long long ), cudaMemcpyDeviceToHost, stream[tid])' failed.
/var/spool/slurm/slurmd/job57795574/slurm_script: line 116: 1534916 Aborted                 (core dumped) ./build/main /scratch/bwd29/data/TINY_Normalized.bin 384 $j
