
EPSILON | NUMPOINTS | MIN | MAX | SSE | STDEV | RP | Construct T | Kernel T | Total T



 _______________ 256 _____ 1024 ______1 ______________________



MSD ________________________________________________________________


0.007600 515345 32 4 394 53771213053 0.459651 2 0.202467 1.59038 131620689 2.221906 2.675893 
0.009130 515345 32 4 332 69791507065 0.442513 2 0.262789 3.40107 526971289 4.009782 4.464393 
0.011334 515345 32 4 282 89989098763 0.444746 2 0.338839 8.03357 2119984377 8.664129 9.119659 

Wave __________________________________________________


0.005400 287999 32 4 96 14735146385 0.236161 2 0.177653 0.537502 74145223 0.865232 0.993105 
0.007020 287999 32 4 78 16694286575 0.214883 2 0.201273 1.14125 296550643 1.452868 1.587837 
0.008358 287999 32 4 61 19865878009 0.233103 2 0.239511 2.88047 1175790333 3.205889 3.331092 

BIGCROSS____________________________________________________________


0.013100 11620300 32 4 7400 470479672344 10.502951 45 0.003484 12.8212 2989546486 28.160253 34.490599 
0.019940 11620300 32 4 4502 806586310000 10.325054 45 0.005973 31.7666 12015645920 47.035672 53.345883 
0.028100 11620300 32 4 3126 1701229010000 9.496586 45 0.012599 88.8228 47684544042 103.015125 109.307516 

SUSY ________________________________________________________________


0.017030 5000000 32 4 691 3397357504304 3.583765 20 0.135894 48.4259 1276531250 53.320208 54.241428 
0.020780 5000000 32 4 336 5942332333792 3.569537 21 0.237693 89.5319 5078904052 94.427766 95.270956 
0.025555 5000000 32 4 241 9544359195458 3.612769 37 0.381774 197.107 20296655478 202.336749 203.182490 

 _______________ 256 _____ 1024 ______1 ______________________



MSD ________________________________________________________________


0.007600 515345 32 5 422 53619504061 0.585491 2 0.201896 1.59877 131620689 2.353149 2.798251 
0.009130 515345 32 5 356 69555085149 0.537633 2 0.261898 3.38018 526971289 4.092480 4.538731 
0.011334 515345 32 5 313 89789991077 0.546332 2 0.338090 7.91637 2119984377 8.641423 9.087369 

Wave __________________________________________________


0.005400 287999 32 5 96 14735146385 0.262464 2 0.177653 0.496836 74145223 0.851383 0.972915 
0.007020 287999 32 5 78 16694286575 0.271652 2 0.201273 1.14441 296550643 1.511389 1.631781 
0.008358 287999 32 5 69 19865878009 0.276190 2 0.239511 2.93168 1175790333 3.304589 3.442700 

BIGCROSS____________________________________________________________


0.013100 11620300 32 5 7400 470479672344 14.403402 45 0.003484 13.0664 2989546486 32.203883 38.804072 
0.019940 11620300 32 5 4502 806586310000 14.281235 45 0.005973 31.8938 12015645920 50.930726 57.325779 
0.028100 11620300 32 5 3146 1701229010000 13.792682 45 0.012599 88.7433 47684544042 107.212803 113.529615 

SUSY ________________________________________________________________


0.017030 5000000 32 5 1399 2556382592316 4.265492 20 0.102255 38.9441 1276531250 44.519544 45.371890 
0.020780 5000000 32 5 885 4149884614698 4.172366 20 0.165995 69.319 5078904052 74.800876 75.672490 
0.025555 5000000 32 5 643 7307911523294 4.441959 24 0.292316 141.623 20296655478 147.460033 148.328850 

 _______________ 256 _____ 1024 ______1 ______________________



MSD ________________________________________________________________


0.007600 515345 32 6 423 53619504061 0.643891 2 0.201896 1.58369 131620689 2.391487 2.852681 
0.009130 515345 32 6 371 69429511557 0.619320 2 0.261426 3.41674 526971289 4.204076 4.660211 
0.011334 515345 32 6 331 89699774549 0.626389 2 0.337750 8.05553 2119984377 8.864982 9.323628 

Wave __________________________________________________


0.005400 287999 32 6 96 14735146385 0.324124 2 0.177653 0.532116 74145223 0.951004 1.075086 
0.007020 287999 32 6 78 16694286575 0.315808 2 0.201273 1.16787 296550643 1.573858 1.701443 
0.008358 287999 32 6 73 19865878009 0.320147 2 0.239511 2.89942 1175790333 3.315721 3.441053 

BIGCROSS____________________________________________________________


0.013100 11620300 32 6 7400 470479672344 18.324702 45 0.003484 14.0576 2989546486 37.035400 43.645744 
0.019940 11620300 32 6 4502 806586310000 15.282446 45 0.005973 31.6086 12015645920 51.640926 58.094351 
0.028100 11620300 32 6 3147 1701229010000 16.918134 45 0.012599 88.2694 47684544042 109.739202 116.189355 

SUSY ________________________________________________________________


0.017030 5000000 32 6 1604 2544915441984 5.047340 20 0.101797 39.0778 1276531250 45.429033 46.279909 
0.020780 5000000 32 6 2173 3804246517248 5.268771 20 0.152170 65.6114 5078904052 72.261799 73.135220 
0.025555 5000000 32 6 1779 6430194496196 5.438227 21 0.257208 127.946 20296655478 134.698874 135.560889 

 _______________ 256 _____ 1024 ______1 ______________________



MSD ________________________________________________________________


0.007600 515345 32 7 423 53619504061 0.742577 2 0.201896 1.60609 131620689 2.519675 2.972409 
0.009130 515345 32 7 372 69429511557 0.778272 2 0.261426 3.42601 526971289 4.380129 4.890489 
0.011334 515345 32 7 339 89698697175 0.741493 2 0.337746 7.93124 2119984377 8.858750 9.321908 

Wave __________________________________________________


0.005400 287999 32 7 96 14735146385 0.344331 2 0.177653 0.503437 74145223 0.941840 1.061191 
0.007020 287999 32 7 78 16694286575 0.366614 2 0.201273 1.18686 296550643 1.650300 1.772814 
0.008358 287999 32 7 76 19865878009 0.357409 2 0.239511 2.94522 1175790333 3.401713 3.527069 

BIGCROSS____________________________________________________________


0.013100 11620300 32 7 7400 470479672344 21.624058 45 0.003484 13.3382 2989546486 39.643034 46.006226 
0.019940 11620300 32 7 4502 806586310000 20.393618 45 0.005973 32.4474 12015645920 57.427929 63.824272 
0.028100 11620300 32 7 3147 1701229010000 15.642443 45 0.012599 88.0849 47684544042 108.359753 114.804019 

SUSY ________________________________________________________________


0.017030 5000000 32 7 1604 2544915441984 5.601621 20 0.101797 39.1593 1276531250 46.079959 46.932101 
0.020780 5000000 32 7 2198 3804061695574 5.940078 20 0.152162 66.7751 5078904052 74.001711 74.869557 
0.025555 5000000 32 7 2022 6341274627700 6.207765 21 0.253651 130.953 20296655478 138.486283 139.350875 

 _______________ 256 _____ 1024 ______1 ______________________



MSD ________________________________________________________________


0.007600 515345 32 8 423 53619504061 0.823813 2 0.201896 1.59595 131620689 2.584633 3.063519 
0.009130 515345 32 8 372 69429511557 0.860690 2 0.261426 3.41193 526971289 4.446374 4.911741 
0.011334 515345 32 8 346 89698405903 0.803595 2 0.337745 7.8563 2119984377 8.841117 9.293695 

Wave __________________________________________________


0.005400 287999 32 8 96 14735146385 0.373278 2 0.177653 0.520869 74145223 0.984839 1.113506 
0.007020 287999 32 8 78 16694286575 0.403222 2 0.201273 1.18813 296550643 1.687261 1.808728 
0.008358 287999 32 8 79 19865878009 0.401595 2 0.239511 2.93238 1175790333 3.427970 3.553723 

BIGCROSS____________________________________________________________


0.013100 11620300 32 8 7400 470479672344 18.370267 45 0.003484 12.9768 2989546486 36.099689 42.636372 
0.019940 11620300 32 8 4502 806586310000 24.006056 45 0.005973 31.9191 12015645920 60.680297 67.150870 
0.028100 11620300 32 8 3147 1701229010000 20.834067 45 0.012599 89.1818 47684544042 114.755911 121.198442 

SUSY ________________________________________________________________


0.017030 5000000 32 8 1608 2544913853228 6.087472 20 0.101797 39.0256 1276531250 46.407343 47.271480 
0.020780 5000000 32 8 2198 3804061695574 6.642824 20 0.152162 67.0646 5078904052 75.011603 75.919971 
0.025555 5000000 32 8 2151 6325963457302 6.925315 21 0.253039 131.391 20296655478 139.629876 140.517034 

 _______________ 256 _____ 1024 ______1 ______________________



MSD ________________________________________________________________


0.007600 515345 32 9 423 53619504061 0.903649 2 0.201896 1.58082 131620689 2.650690 3.109349 
0.009130 515345 32 9 372 69429511557 0.936141 2 0.261426 3.3978 526971289 4.522293 4.973663 
0.011334 515345 32 9 347 89698405903 0.958045 2 0.337745 7.89408 2119984377 9.044631 9.500472 

Wave __________________________________________________


0.005400 287999 32 9 96 14735146385 0.430153 2 0.177653 0.531914 74145223 1.057242 1.182924 
0.007020 287999 32 9 78 16694286575 0.427212 2 0.201273 1.16456 296550643 1.685369 1.818493 
0.008358 287999 32 9 82 19864515089 0.464699 2 0.239495 2.89358 1175790333 3.453547 3.578842 

BIGCROSS____________________________________________________________


0.013100 11620300 32 9 7400 470479672344 26.612805 45 0.003484 12.5438 2989546486 43.736031 50.427648 
0.019940 11620300 32 9 4502 806586310000 19.883242 45 0.005973 31.9076 12015645920 56.426640 63.028715 
0.028100 11620300 32 9 3147 1701229010000 24.677210 45 0.012599 88.6649 47684544042 118.020874 124.463374 

SUSY ________________________________________________________________


0.017030 5000000 32 9 1608 2544913853228 6.794444 20 0.101797 38.9826 1276531250 47.112676 47.966060 
0.020780 5000000 32 9 2198 3804061695574 7.064592 20 0.152162 67.0542 5078904052 75.436373 76.290604 
0.025555 5000000 32 9 2191 6323782411122 7.633373 21 0.252951 130.843 20296655478 139.864728 140.720584 

 _______________ 256 _____ 1024 ______1 ______________________



MSD ________________________________________________________________


0.007600 515345 32 10 423 53619504061 1.060640 2 0.201896 1.59354 131620689 2.844126 3.316378 
0.009130 515345 32 10 372 69429511557 1.072092 2 0.261426 3.43863 526971289 4.703408 5.165720 
0.011334 515345 32 10 347 89698405903 1.026378 2 0.337745 7.89777 2119984377 9.126379 9.574855 

Wave __________________________________________________


0.005400 287999 32 10 96 14735146385 0.499010 2 0.177653 0.528755 74145223 1.122510 1.251198 
0.007020 287999 32 10 78 16694286575 0.486183 2 0.201273 1.15592 296550643 1.734177 1.861650 
0.008358 287999 32 10 84 19864515089 0.509685 2 0.239495 2.95477 1175790333 3.556343 3.685074 

BIGCROSS____________________________________________________________


0.013100 11620300 32 10 7400 470479672344 28.400595 45 0.003484 12.833 2989546486 45.928126 52.538568 
0.019940 11620300 32 10 4502 806586310000 26.878878 45 0.005973 32.3773 12015645920 64.071538 70.580033 
0.028100 11620300 32 10 3147 1701229010000 22.160783 45 0.012599 88.8953 47684544042 115.746012 122.229166 

SUSY ________________________________________________________________


0.017030 5000000 32 10 1608 2544913853228 7.417288 20 0.101797 38.9091 1276531250 47.675570 48.516287 
0.020780 5000000 32 10 2198 3804061695574 7.689239 20 0.152162 66.7486 5078904052 75.755913 76.607416 
0.025555 5000000 32 10 2193 6323782411122 8.366915 21 0.252951 130.715 20296655478 140.415029 141.254667 