
EPSILON | NUMPOINTS | MIN | MAX | SSE | STDEV | RP | Construct T | Kernel T | Total T



 _______________ 256 _____ 1024 ______1 ______________________



MSD ________________________________________________________________


0.007600 515345 32 6 2239 40642617651 0.843265 2 0.153033 1.67213 131620689 2.685484 3.145923 
0.009130 515345 32 6 1945 56244445575 0.846762 2 0.211779 3.74327 526971289 4.771067 5.235477 
0.011334 515345 32 6 1589 79956754157 0.894557 2 0.301064 9.31299 2119984377 10.390108 10.850614 

Wave __________________________________________________


0.005400 287999 32 6 398 13645856357 0.378233 2 0.164520 0.479791 74145223 0.953260 1.081239 
0.007020 287999 32 6 346 16227659625 0.380423 2 0.195647 1.16526 296550643 1.638791 1.771403 
0.008358 287999 32 6 219 19432852087 0.367058 2 0.234290 2.93714 1175790333 3.396533 3.527007 

BIGCROSS____________________________________________________________


0.013100 11620300 32 6 25752 216287523600 16.575700 45 0.001602 8.39007 2989546486 29.687876 36.217438 
0.019940 11620300 32 6 26845 429999049190 22.044396 45 0.003184 24.0635 12015645920 50.902346 57.373138 
0.028100 11620300 32 6 16408 1160177982174 16.054824 45 0.008592 88.3433 47684544042 109.185807 115.700057 

SUSY ________________________________________________________________


0.017030 5000000 32 6 15398 1304435524140 8.190947 20 0.052177 20.6431 1276531250 30.157999 31.027539 
0.020780 5000000 32 6 6798 2802086994072 6.985155 20 0.112083 46.9669 5078904052 55.279976 56.172390 
0.025555 5000000 32 6 7938 5522290265662 6.614076 20 0.220892 105.158 20296655478 113.087348 113.979694 

HIGGS ________________________________________________________________


0.049186 11000000 32 6 873 99782341382562 11.094998 407 0.824647 3018.65 2829176458 3048.643653 3051.674749 
0.055580 11000000 32 6 663 107287885900376 10.859402 440 0.886677 slurmstepd: error: *** JOB 6830461 ON cn2 CANCELLED AT 2023-12-09T17:33:54 ***
