
EPSILON | NUMPOINTS | MIN | MAX | SSE | STDEV | RP | Construct T | Kernel T | Total T



 _______________ 32 _____ 1024 ______1 ______________________



MSD ________________________________________________________________


0.007600 515345 32 6 2054 41732496571 0.822186 16 0.157137 2.30611 131620689 3.332345 3.827085 
0.009130 515345 32 6 1811 58480528153 0.819333 16 0.220199 5.09333 526971289 6.112866 6.590773 
0.011334 515345 32 6 1388 80717430363 0.683018 16 0.303928 10.0667 2119984377 10.947938 11.437788 

Wave __________________________________________________


0.005400 287999 32 6 702 13660192227 0.392607 9 0.164693 0.956597 74145223 1.451448 1.583394 
0.007020 287999 32 6 533 16163964495 0.375954 9 0.194879 1.84928 296550643 2.324111 2.455462 
0.008358 287999 32 6 237 19694725725 0.348226 9 0.237448 4.20915 1175790333 4.654140 4.787197 

BIGCROSS____________________________________________________________


0.013100 11620300 32 6 32726 169538850000 17.260381 355 0.001256 14.6724 2989546486 49.884278 56.540159 
0.019940 11620300 32 6 24609 426779810736 16.831889 355 0.003161 32.0615 12015645920 66.175388 72.587159 
0.028100 11620300 32 6 15160 1273504146200 18.078677 355 0.009431 94.4524 47684544042 129.906168 136.338923 

SUSY ________________________________________________________________


0.017030 5000000 32 6 15084 1408856878678 7.304457 153 0.056354 97.9019 1276531250 108.970570 109.819696 
0.020780 5000000 32 6 7618 2908017156964 6.114964 153 0.116321 206.824 5078904052 216.644501 217.499530 
0.025555 5000000 32 6 4733 5785461748200 5.574507 153 0.231418 385.162 20296655478 394.498387 395.358340 

 _______________ 64 _____ 1024 ______1 ______________________



MSD ________________________________________________________________


0.007600 515345 32 6 2054 41732496571 0.835057 8 0.157137 1.82174 131620689 2.833840 3.287370 
0.009130 515345 32 6 1811 58480528153 0.819128 8 0.220199 4.02337 526971289 5.041972 5.497817 
0.011334 515345 32 6 1388 80717430363 0.815576 8 0.303928 9.19842 2119984377 10.204136 10.651431 

Wave __________________________________________________


0.005400 287999 32 6 702 13660192227 0.397670 5 0.164693 0.763745 74145223 1.258476 1.388593 
0.007020 287999 32 6 533 16163964495 0.368863 5 0.194879 1.54781 296550643 2.009278 2.135009 
0.008358 287999 32 6 237 19694725725 0.353931 5 0.237448 3.49748 1175790333 3.949416 4.076830 

BIGCROSS____________________________________________________________


0.013100 11620300 32 6 32726 169538850000 16.997489 178 0.001256 10.1844 2989546486 37.344419 44.086045 
0.019940 11620300 32 6 24609 426779810736 15.620497 178 0.003161 26.3645 12015645920 52.285914 58.907897 
0.028100 11620300 32 6 15160 1273504146200 16.487565 178 0.009431 74.3585 47684544042 101.084126 107.502825 

SUSY ________________________________________________________________


0.017030 5000000 32 6 15084 1408856878678 7.324495 77 0.056354 59.3283 1276531250 69.024207 69.880310 
0.020780 5000000 32 6 7618 2908017156964 5.901758 77 0.116321 120.582 5078904052 128.842420 129.699273 
0.025555 5000000 32 6 4733 5785461748200 5.774463 77 0.231418 227.734 20296655478 235.949051 236.809125 

 _______________ 128 _____ 1024 ______1 ______________________



MSD ________________________________________________________________


0.007600 515345 32 6 2054 41732496571 0.842232 4 0.157137 1.53736 131620689 2.564370 3.030477 
0.009130 515345 32 6 1811 58480528153 0.735087 4 0.220199 3.60845 526971289 4.520506 4.972509 
0.011334 515345 32 6 1388 80717430363 0.864458 4 0.303928 8.76247 2119984377 9.828902 10.301450 

Wave __________________________________________________


0.005400 287999 32 6 702 13660192227 0.372347 3 0.164693 0.570958 74145223 1.045284 1.171727 
0.007020 287999 32 6 533 16163964495 0.363194 3 0.194879 1.31386 296550643 1.776961 1.902486 
0.008358 287999 32 6 237 19694725725 0.339919 3 0.237448 3.26385 1175790333 3.699067 3.826467 

BIGCROSS____________________________________________________________


0.013100 11620300 32 6 32726 169538850000 22.852092 89 0.001256 8.11818 2989546486 37.558171 44.153780 
0.019940 11620300 32 6 24609 426779810736 21.567945 89 0.003161 20.6569 12015645920 48.879417 55.506047 
0.028100 11620300 32 6 15160 1273504146200 18.669186 89 0.009431 65.359 47684544042 90.593379 96.987211 

SUSY ________________________________________________________________


0.017030 5000000 32 6 15084 1408856878678 7.013544 39 0.056354 35.8187 1276531250 44.545336 45.401849 
0.020780 5000000 32 6 7618 2908017156964 5.871684 39 0.116321 74.8337 5078904052 82.406056 83.257588 
0.025555 5000000 32 6 4733 5785461748200 5.604524 39 0.231418 149.346 20296655478 156.643945 157.501349 

 _______________ 256 _____ 1024 ______1 ______________________



MSD ________________________________________________________________


0.007600 515345 32 6 2054 41732496571 0.850218 2 0.157137 1.43795 131620689 2.465496 2.977389 
0.009130 515345 32 6 1811 58480528153 0.819159 2 0.220199 3.27015 526971289 4.264900 4.779236 
0.011334 515345 32 6 1388 80717430363 0.777293 2 0.303928 7.91445 2119984377 8.870894 9.386634 

Wave __________________________________________________


0.005400 287999 32 6 702 13660192227 0.380248 2 0.164693 0.523821 74145223 0.999049 1.127444 
0.007020 287999 32 6 533 16163964495 0.376143 2 0.194879 1.20745 296550643 1.678118 1.804643 
0.008358 287999 32 6 237 19694725725 0.337056 2 0.237448 2.90385 1175790333 3.334617 3.454737 

BIGCROSS____________________________________________________________


0.013100 11620300 32 6 32726 169538850000 23.015370 45 0.001256 6.6849 2989546486 34.568511 41.231568 
0.019940 11620300 32 6 24609 426779810736 21.361402 45 0.003161 20.514 12015645920 46.578400 52.995755 
0.028100 11620300 32 6 15160 1273504146200 17.848244 45 0.009431 68.7872 47684544042 91.329191 97.756315 

SUSY ________________________________________________________________


0.017030 5000000 32 6 15084 1408856878678 7.294133 20 0.056354 27.2456 1276531250 35.901810 36.750011 
0.020780 5000000 32 6 7618 2908017156964 5.659061 20 0.116321 57.8461 5078904052 64.815215 65.665931 
0.025555 5000000 32 6 4733 5785461748200 5.675909 20 0.231418 120.288 20296655478 127.332753 128.210956 