rm -f build/main build/*.o
nvcc -lcuda -Xcompiler -fopenmp -arch=compute_80 -code=sm_80 -O3 -I. -c -o build/main.o src/main.cu -lm
nvcc -lcuda -Xcompiler -fopenmp -arch=compute_80 -code=sm_80 -O3 -I. -c -o build/launcher.o src/launcher.cu -lm
nvcc -lcuda -Xcompiler -fopenmp -arch=compute_80 -code=sm_80 -O3 -I. -Xcompiler -std=c++03 -c -o build/kernel.o src/kernel.cu -lm
nvcc -lcuda -Xcompiler -fopenmp -arch=compute_80 -code=sm_80 -O3 -I. -c -o build/tree.o src/tree.cu -lm
nvcc -lcuda -Xcompiler -fopenmp -arch=compute_80 -code=sm_80 -O3 -I. -c -o build/utils.o src/utils.cu -lm
nvcc -lcuda -Xcompiler -fopenmp -arch=compute_80 -code=sm_80 -O3 -I. -o build/main build/main.o build/launcher.o build/kernel.o build/tree.o build/utils.o
1024x1024 launches, 100 x 0.01 sampling, 32 per layer, 6 rps, non-rand rp, 1,000,000 calcs per thread
MSD ________________________________________________________________
MSD ________________________________________________________________
MSD ________________________________________________________________

Time to read in file: 0.371498

Number points: 515345 
Number Dimensions: 90 
Number Concurent Streams: 2
Distance Threshold: 0.007000 
*********************************

Selected 6 reference points
Last Layer Bin Count: 76752
Tree Check: 515345
Time to build tree: 1.545593
Number non-empty bins: 5382
Number of calcs: 148381418725
Number Address for calcs: 854358
Tree BINARY search time: 0.035332
BatchNumber: 1/1, Calcs: 148381418725, addresses: 5382, threads: 153273, blocks:150 
Batch 0 Results: 65915313
Total results Set Size: 65915313 
Kernel time: 8.113271
Total Time: 9.694200

Time to read in file: 0.084408

Number points: 515345 
Number Dimensions: 90 
Number Concurent Streams: 2
Distance Threshold: 0.007525 
*********************************

Selected 6 reference points
Last Layer Bin Count: 61614
Tree Check: 515345
Time to build tree: 1.773446
Number non-empty bins: 4867
Number of calcs: 175951354655
Number Address for calcs: 797255
Tree BINARY search time: 0.025473
BatchNumber: 1/1, Calcs: 175951354655, addresses: 4867, threads: 180364, blocks:177 
Batch 0 Results: 121384099
Total results Set Size: 121384099 
Kernel time: 9.174236
Total Time: 10.973160

Time to read in file: 0.263962

Number points: 515345 
Number Dimensions: 90 
Number Concurent Streams: 2
Distance Threshold: 0.008050 
*********************************

Selected 6 reference points
Last Layer Bin Count: 59940
Tree Check: 515345
Time to build tree: 2.001590
Number non-empty bins: 4034
Number of calcs: 171959041759
Number Address for calcs: 592884
Tree BINARY search time: 0.018931
BatchNumber: 1/1, Calcs: 171959041759, addresses: 4034, threads: 175616, blocks:172 
Batch 0 Results: 207932133
Total results Set Size: 207932133 
Kernel time: 11.747086
Total Time: 13.767609

Time to read in file: 0.085147

Number points: 515345 
Number Dimensions: 90 
Number Concurent Streams: 2
Distance Threshold: 0.008575 
*********************************

Selected 6 reference points
Last Layer Bin Count: 67828
Tree Check: 515345
Time to build tree: 1.892540
Number non-empty bins: 4122
Number of calcs: 177552628289
Number Address for calcs: 612804
Tree BINARY search time: 0.019962
BatchNumber: 1/1, Calcs: 177552628289, addresses: 4122, threads: 181267, blocks:178 
Batch 0 Results: 335507787
Total results Set Size: 335507787 
Kernel time: 12.115173
Total Time: 14.027680

Time to read in file: 0.073655

Number points: 515345 
Number Dimensions: 90 
Number Concurent Streams: 2
Distance Threshold: 0.009100 
*********************************

Selected 6 reference points
Last Layer Bin Count: 28710
Tree Check: 515345
Time to build tree: 1.846750
Number non-empty bins: 2819
Number of calcs: 192364128357
Number Address for calcs: 378731
Tree BINARY search time: 0.012076
BatchNumber: 1/1, Calcs: 192364128357, addresses: 2819, threads: 194885, blocks:191 
Batch 0 Results: 514928275
Total results Set Size: 514928275 
Kernel time: 11.750701
Total Time: 13.609533
Census____________________________________________________________
Census____________________________________________________________
Census____________________________________________________________

Time to read in file: 1.024661

Number points: 2458285 
Number Dimensions: 68 
Number Concurent Streams: 2
Distance Threshold: 0.001000 
*********************************

Selected 6 reference points
Last Layer Bin Count: 184673412
Tree Check: 2458285
Time to build tree: 9.999867
Number non-empty bins: 1492253
Number of calcs: 3099632743
Number Address for calcs: 177693399
Tree BINARY search time: 12.686466
BatchNumber: 1/2, Calcs: 528513536, addresses: 1048575, threads: 1048575, blocks:1024 
BatchNumber: 2/2, Calcs: 2571119207, addresses: 443678, threads: 444727, blocks:435 
Batch 0 Results: 1471506
Batch 1 Results: 54179061
Total results Set Size: 55650567 
Kernel time: 7.486667
Total Time: 30.173004

Time to read in file: 0.855008

Number points: 2458285 
Number Dimensions: 68 
Number Concurent Streams: 2
Distance Threshold: 0.003250 
*********************************

Selected 6 reference points
Last Layer Bin Count: 3904158
Tree Check: 2458285
Time to build tree: 7.067214
Number non-empty bins: 157284
Number of calcs: 99517626129
Number Address for calcs: 38787880
Tree BINARY search time: 1.108196
BatchNumber: 1/1, Calcs: 99517626129, addresses: 157284, threads: 246179, blocks:241 
Batch 0 Results: 55650567
Total results Set Size: 55650567 
Kernel time: 10.162735
Total Time: 18.338151

Time to read in file: 0.294575

Number points: 2458285 
Number Dimensions: 68 
Number Concurent Streams: 2
Distance Threshold: 0.005500 
*********************************

Selected 6 reference points
Last Layer Bin Count: 430502
Tree Check: 2458285
Time to build tree: 7.002781
Number non-empty bins: 27837
Number of calcs: 536202601989
Number Address for calcs: 5717763
Tree BINARY search time: 0.146145
BatchNumber: 1/1, Calcs: 536202601989, addresses: 27837, threads: 559386, blocks:547 
Batch 0 Results: 311087687
Total results Set Size: 311087687 
Kernel time: 30.104945
Total Time: 37.253876

Time to read in file: 0.923215

Number points: 2458285 
Number Dimensions: 68 
Number Concurent Streams: 2
Distance Threshold: 0.007750 
*********************************

Selected 6 reference points
Last Layer Bin Count: 96309
Tree Check: 2458285
Time to build tree: 6.968099
Number non-empty bins: 8106
Number of calcs: 1331746513071
Number Address for calcs: 1330570
Tree BINARY search time: 0.029145
BatchNumber: 1/2, Calcs: 1027212198144, addresses: 6899, threads: 1032509, blocks:1009 
BatchNumber: 2/2, Calcs: 304534314927, addresses: 1207, threads: 305368, blocks:299 
Batch 1 Results: 19896210
Batch 0 Results: 877814747
Total results Set Size: 897710957 
Kernel time: 60.988359
Total Time: 67.985608
Wave __________________________________________________
Wave __________________________________________________
Wave __________________________________________________

Time to read in file: 0.123264

Number points: 287999 
Number Dimensions: 49 
Number Concurent Streams: 2
Distance Threshold: 0.002000 
*********************************

Selected 6 reference points
Last Layer Bin Count: 1052376
Tree Check: 287999
Time to build tree: 0.950728
Number non-empty bins: 28158
Number of calcs: 10501432791
Number Address for calcs: 6661170
Tree BINARY search time: 0.174069
BatchNumber: 1/1, Calcs: 10501432791, addresses: 28158, threads: 38003, blocks:38 
Batch 0 Results: 11651957
Total results Set Size: 11651957 
Kernel time: 3.602915
Total Time: 4.727723

Time to read in file: 0.032466

Number points: 287999 
Number Dimensions: 49 
Number Concurent Streams: 2
Distance Threshold: 0.003250 
*********************************

Selected 6 reference points
Last Layer Bin Count: 185328
Tree Check: 287999
Time to build tree: 0.871729
Number non-empty bins: 8017
Number of calcs: 20096585581
Number Address for calcs: 1858143
Tree BINARY search time: 0.037348
BatchNumber: 1/1, Calcs: 20096585581, addresses: 8017, threads: 27471, blocks:27 
Batch 0 Results: 27340089
Total results Set Size: 27340089 
Kernel time: 3.283448
Total Time: 4.192529

Time to read in file: 0.028129

Number points: 287999 
Number Dimensions: 49 
Number Concurent Streams: 2
Distance Threshold: 0.004500 
*********************************

Selected 6 reference points
Last Layer Bin Count: 46576
Tree Check: 287999
Time to build tree: 0.626289
Number non-empty bins: 2422
Number of calcs: 27835386607
Number Address for calcs: 417664
Tree BINARY search time: 0.011597
BatchNumber: 1/1, Calcs: 27835386607, addresses: 2422, threads: 29873, blocks:30 
Batch 0 Results: 47254879
Total results Set Size: 47254879 
Kernel time: 3.935715
Total Time: 4.573605

Time to read in file: 0.028656

Number points: 287999 
Number Dimensions: 49 
Number Concurent Streams: 2
Distance Threshold: 0.005750 
*********************************

Selected 6 reference points
Last Layer Bin Count: 12725
Tree Check: 287999
Time to build tree: 0.797547
Number non-empty bins: 973
Number of calcs: 38971093875
Number Address for calcs: 128777
Tree BINARY search time: 0.003770
BatchNumber: 1/1, Calcs: 38971093875, addresses: 973, threads: 39717, blocks:39 
Batch 0 Results: 93070851
Total results Set Size: 93070851 
Kernel time: 5.230727
Total Time: 6.032050

Time to read in file: 0.032438

Number points: 287999 
Number Dimensions: 49 
Number Concurent Streams: 2
Distance Threshold: 0.007000 
*********************************

Selected 6 reference points
Last Layer Bin Count: 5940
Tree Check: 287999
Time to build tree: 0.974204
Number non-empty bins: 489
Number of calcs: 44380467507
Number Address for calcs: 51141
Tree BINARY search time: 0.001893
BatchNumber: 1/1, Calcs: 44380467507, addresses: 489, threads: 44728, blocks:44 
Batch 0 Results: 290127035
Total results Set Size: 290127035 
Kernel time: 7.614071
Total Time: 8.590175
SUSY ________________________________________________________________
SUSY ________________________________________________________________
SUSY ________________________________________________________________

Time to read in file: 0.585464

Number points: 5000000 
Number Dimensions: 18 
Number Concurent Streams: 2
Distance Threshold: 0.010000 
*********************************

Selected 6 reference points
Last Layer Bin Count: 5821589
Tree Check: 5000000
Time to build tree: 6.217375
Number non-empty bins: 328064
Number of calcs: 333719497200
Number Address for calcs: 109203690
Tree BINARY search time: 2.561369
BatchNumber: 1/1, Calcs: 333719497200, addresses: 328064, threads: 634462, blocks:620 
Batch 0 Results: 30844186
Total results Set Size: 30844186 
Kernel time: 26.247353
Total Time: 35.026101

Time to read in file: 0.484815

Number points: 5000000 
Number Dimensions: 18 
Number Concurent Streams: 2
Distance Threshold: 0.012750 
*********************************

Selected 6 reference points
Last Layer Bin Count: 1674641
Tree Check: 5000000
Time to build tree: 5.732966
Number non-empty bins: 96826
Number of calcs: 1429328041938
Number Address for calcs: 28397628
Tree BINARY search time: 0.614989
BatchNumber: 1/2, Calcs: 983693302343, addresses: 73170, threads: 1048371, blocks:1024 
BatchNumber: 2/2, Calcs: 445634739595, addresses: 23656, threads: 465825, blocks:455 
Batch 0 Results: 105905389
Batch 1 Results: 56741739
Total results Set Size: 162647128 
Kernel time: 68.448905
Total Time: 74.796866

Time to read in file: 0.493834

Number points: 5000000 
Number Dimensions: 18 
Number Concurent Streams: 2
Distance Threshold: 0.015500 
*********************************

Selected 6 reference points
Last Layer Bin Count: 602010
Tree Check: 5000000
Time to build tree: 5.821939
Number non-empty bins: 41773
Number of calcs: 3351372342840
Number Address for calcs: 11132695
Tree BINARY search time: 0.294880
BatchNumber: 1/4, Calcs: 1013284699966, addresses: 36902, threads: 1045624, blocks:1022 
BatchNumber: 2/4, Calcs: 1029868056248, addresses: 1162, threads: 1030606, blocks:1007 
Batch 1 Results: 179334553
Batch 0 Results: 160973617
BatchNumber: 3/4, Calcs: 1032461494147, addresses: 2377, threads: 1033970, blocks:1010 
BatchNumber: 4/4, Calcs: 275758092479, addresses: 1332, threads: 276581, blocks:271 
Batch 2 Results: 223650253
Batch 3 Results: 91722523
Total results Set Size: 655680946 
Kernel time: 149.484070
Total Time: 155.600895

Time to read in file: 0.488384

Number points: 5000000 
Number Dimensions: 18 
Number Concurent Streams: 2
Distance Threshold: 0.018250 
*********************************

Selected 6 reference points
Last Layer Bin Count: 501267
Tree Check: 5000000
Time to build tree: 5.784308
Number non-empty bins: 34009
Number of calcs: 7514313337886
Number Address for calcs: 8240999
Tree BINARY search time: 0.203914
BatchNumber: 1/8, Calcs: 1009288024252, addresses: 29315, threads: 1035739, blocks:1012 
BatchNumber: 2/8, Calcs: 901628933541, addresses: 106, threads: 901682, blocks:881 
Batch 1 Results: 182486822
Batch 0 Results: 122766881
BatchNumber: 3/8, Calcs: 1046361757360, addresses: 925, threads: 1047057, blocks:1023 
BatchNumber: 4/8, Calcs: 1019587805888, addresses: 1682, threads: 1020885, blocks:997 
Batch 2 Results: 239447707
Batch 3 Results: 278167873
BatchNumber: 5/8, Calcs: 1002187792902, addresses: 541, threads: 1002555, blocks:980 
BatchNumber: 6/8, Calcs: 1012435947790, addresses: 34, threads: 1012452, blocks:989 
Batch 4 Results: 295970711
Batch 5 Results: 309282491
BatchNumber: 7/8, Calcs: 1025315511118, addresses: 588, threads: 1025749, blocks:1002 
BatchNumber: 8/8, Calcs: 497507565035, addresses: 818, threads: 498101, blocks:487 
Batch 6 Results: 412445982
Batch 7 Results: 232329581
Total results Set Size: 2072898048 
Kernel time: 317.318226
Total Time: 323.306458

Time to read in file: 0.542400

Number points: 5000000 
Number Dimensions: 18 
Number Concurent Streams: 2
Distance Threshold: 0.021000 
*********************************

Selected 6 reference points
Last Layer Bin Count: 118854
Tree Check: 5000000
Time to build tree: 5.530443
Number non-empty bins: 15476
Number of calcs: 8370761559324
Number Address for calcs: 3841412
Tree BINARY search time: 0.071854
BatchNumber: 1/9, Calcs: 1026315311887, addresses: 8299, threads: 1033329, blocks:1010 
BatchNumber: 2/9, Calcs: 1002151082249, addresses: 192, threads: 1002276, blocks:979 
Batch 1 Results: 573021580
Batch 0 Results: 721882214
BatchNumber: 3/9, Calcs: 1040868122839, addresses: 921, threads: 1041585, blocks:1018 
BatchNumber: 4/9, Calcs: 1002160503268, addresses: 2159, threads: 1003904, blocks:981 
Batch 2 Results: 626276393
Batch 3 Results: 557966251
BatchNumber: 5/9, Calcs: 986119374993, addresses: 780, threads: 986722, blocks:964 
BatchNumber: 6/9, Calcs: 1010124087199, addresses: 133, threads: 1010207, blocks:987 
Batch 4 Results: 506611925
Batch 5 Results: 644549814
BatchNumber: 7/9, Calcs: 1045509830382, addresses: 39, threads: 1045532, blocks:1022 
BatchNumber: 8/9, Calcs: 1042810904165, addresses: 2383, threads: 1044720, blocks:1021 
Batch 6 Results: 674818598
Batch 7 Results: 842002399
BatchNumber: 9/9, Calcs: 214702342342, addresses: 570, threads: 215143, blocks:211 
Batch 8 Results: 310131642
Total results Set Size: 5457260816 
Kernel time: 378.486072
Total Time: 384.088377
HIGGS ________________________________________________________________
HIGGS ________________________________________________________________
HIGGS ________________________________________________________________

Time to read in file: 1.758566

Number points: 11000000 
Number Dimensions: 28 
Number Concurent Streams: 2
Distance Threshold: 0.010000 
*********************************

Selected 6 reference points
Last Layer Bin Count: 2969753
Tree Check: 11000000
Time to build tree: 15.319437
Number non-empty bins: 244931
Number of calcs: 2768512779600
Number Address for calcs: 89224687
Tree BINARY search time: 1.935812
BatchNumber: 1/3, Calcs: 918860787321, addresses: 145662, threads: 1048316, blocks:1024 
BatchNumber: 2/3, Calcs: 1015274136750, addresses: 42146, threads: 1048473, blocks:1024 
Batch 1 Results: 3326239
Batch 0 Results: 4544987
BatchNumber: 3/3, Calcs: 834377855529, addresses: 57123, threads: 879424, blocks:859 
Batch 2 Results: 3695272
Total results Set Size: 11566498 
Kernel time: 166.091665
Total Time: 183.346921

Time to read in file: 1.604562

Number points: 11000000 
Number Dimensions: 28 
Number Concurent Streams: 2
Distance Threshold: 0.021375 
*********************************

Selected 6 reference points
Last Layer Bin Count: 71589
Tree Check: 11000000
Time to build tree: 15.667642
Number non-empty bins: 8676
Number of calcs: 45944079460656
Number Address for calcs: 1972806
Tree BINARY search time: 0.044847
BatchNumber: 1/50, Calcs: 992876513120, addresses: 4233, threads: 996358, blocks:974 
BatchNumber: 2/50, Calcs: 986036500060, addresses: 220, threads: 986161, blocks:964 
Batch 0 Results: 801426
Batch 1 Results: 364406
BatchNumber: 3/50, Calcs: 965106473395, addresses: 28, threads: 965121, blocks:943 
BatchNumber: 4/50, Calcs: 967162101594, addresses: 70, threads: 967198, blocks:945 
Batch 2 Results: 294150
Batch 3 Results: 265058
BatchNumber: 5/50, Calcs: 992493062256, addresses: 678, threads: 992897, blocks:970 
BatchNumber: 6/50, Calcs: 1040685599973, addresses: 107, threads: 1040746, blocks:1017 
Batch 4 Results: 348515
Batch 5 Results: 332287
BatchNumber: 7/50, Calcs: 994158358477, addresses: 155, threads: 994246, blocks:971 
BatchNumber: 8/50, Calcs: 995300881320, addresses: 83, threads: 995346, blocks:973 
Batch 6 Results: 277632
Batch 7 Results: 254174
BatchNumber: 9/50, Calcs: 592259562062, addresses: 1, threads: 592260, blocks:579 
BatchNumber: 10/50, Calcs: 566772297592, addresses: 5, threads: 566775, blocks:554 
Batch 8 Results: 124984
Batch 9 Results: 112642
BatchNumber: 11/50, Calcs: 618992458369, addresses: 1, threads: 618993, blocks:605 
BatchNumber: 12/50, Calcs: 787893046227, addresses: 17, threads: 787902, blocks:770 
Batch 10 Results: 134890
Batch 11 Results: 165588
BatchNumber: 13/50, Calcs: 660546172377, addresses: 1, threads: 660547, blocks:646 
BatchNumber: 14/50, Calcs: 1918638155972, addresses: 1, threads: 1918639, blocks:1874 
Batch 12 Results: 134529
Batch 13 Results: 318599
BatchNumber: 15/50, Calcs: 772559985398, addresses: 4, threads: 772562, blocks:755 
BatchNumber: 16/50, Calcs: 1917177596412, addresses: 1, threads: 1917178, blocks:1873 
Batch 14 Results: 163097
Batch 15 Results: 296431
BatchNumber: 17/50, Calcs: 866399079626, addresses: 67, threads: 866436, blocks:847 
BatchNumber: 18/50, Calcs: 920669091659, addresses: 147, threads: 920747, blocks:900 
Batch 16 Results: 199063
Batch 17 Results: 222311
BatchNumber: 19/50, Calcs: 713544993111, addresses: 18, threads: 713553, blocks:697 
BatchNumber: 20/50, Calcs: 694723610440, addresses: 5, threads: 694726, blocks:679 
Batch 18 Results: 161566
Batch 19 Results: 144475
BatchNumber: 21/50, Calcs: 2037173726496, addresses: 1, threads: 2037174, blocks:1990 
BatchNumber: 22/50, Calcs: 1038096546774, addresses: 16, threads: 1038105, blocks:1014 
Batch 20 Results: 321935
Batch 21 Results: 210873
BatchNumber: 23/50, Calcs: 1014585768760, addresses: 53, threads: 1014612, blocks:991 
BatchNumber: 24/50, Calcs: 986710238332, addresses: 589, threads: 987038, blocks:964 
Batch 22 Results: 213077
Batch 23 Results: 298289
BatchNumber: 25/50, Calcs: 599112164435, addresses: 5, threads: 599115, blocks:586 
BatchNumber: 26/50, Calcs: 1031435075208, addresses: 69, threads: 1031470, blocks:1008 
Batch 24 Results: 122662
Batch 25 Results: 210124
BatchNumber: 27/50, Calcs: 332190913077, addresses: 5, threads: 332193, blocks:325 
BatchNumber: 28/50, Calcs: 918927233261, addresses: 1, threads: 918928, blocks:898 
Batch 26 Results: 76420
Batch 27 Results: 158471
BatchNumber: 29/50, Calcs: 648196469888, addresses: 22, threads: 648208, blocks:634 
BatchNumber: 30/50, Calcs: 1045528489232, addresses: 112, threads: 1045583, blocks:1022 
Batch 28 Results: 150604
Batch 29 Results: 229574
BatchNumber: 31/50, Calcs: 775418324512, addresses: 24, threads: 775430, blocks:758 
BatchNumber: 32/50, Calcs: 1036164388121, addresses: 72, threads: 1036204, blocks:1012 
Batch 30 Results: 148196
Batch 31 Results: 216448
BatchNumber: 33/50, Calcs: 50844617894, addresses: 1, threads: 50845, blocks:50 
BatchNumber: 34/50, Calcs: 1277689932763, addresses: 1, threads: 1277690, blocks:1248 
Batch 32 Results: 13665
Batch 33 Results: 206825
BatchNumber: 35/50, Calcs: 948229279819, addresses: 5, threads: 948232, blocks:927 
BatchNumber: 36/50, Calcs: 758939486256, addresses: 1, threads: 758940, blocks:742 
Batch 34 Results: 167887
Batch 35 Results: 150024
BatchNumber: 37/50, Calcs: 897351460497, addresses: 18, threads: 897363, blocks:877 
BatchNumber: 38/50, Calcs: 1002943055469, addresses: 1, threads: 1002944, blocks:980 
Batch 36 Results: 193359
Batch 37 Results: 178384
BatchNumber: 39/50, Calcs: 1661253188140, addresses: 1, threads: 1661254, blocks:1623 
BatchNumber: 40/50, Calcs: 528903244639, addresses: 4, threads: 528905, blocks:517 
Batch 38 Results: 287974
Batch 39 Results: 121498
BatchNumber: 41/50, Calcs: 985969173350, addresses: 1, threads: 985970, blocks:963 
BatchNumber: 42/50, Calcs: 960295349877, addresses: 169, threads: 960387, blocks:938 
Batch 40 Results: 190976
Batch 41 Results: 294028
BatchNumber: 43/50, Calcs: 793592608489, addresses: 19, threads: 793602, blocks:776 
BatchNumber: 44/50, Calcs: 1006807704334, addresses: 48, threads: 1006832, blocks:984 
Batch 42 Results: 215441
Batch 43 Results: 274258
BatchNumber: 45/50, Calcs: 992889582619, addresses: 456, threads: 993140, blocks:970 
BatchNumber: 46/50, Calcs: 663829365199, addresses: 60, threads: 663860, blocks:649 
Batch 44 Results: 329776
Batch 45 Results: 201790
BatchNumber: 47/50, Calcs: 956054470292, addresses: 117, threads: 956111, blocks:934 
BatchNumber: 48/50, Calcs: 954397622624, addresses: 58, threads: 954426, blocks:933 
Batch 46 Results: 325958
Batch 47 Results: 314588
BatchNumber: 49/50, Calcs: 1048071527123, addresses: 574, threads: 1048378, blocks:1024 
BatchNumber: 50/50, Calcs: 28482913736, addresses: 331, threads: 28721, blocks:29 
Batch 48 Results: 655167
Batch 49 Results: 66536
Total results Set Size: 11660630 
Kernel time: 2101.962795
Total Time: 2117.675291

Time to read in file: 1.663702

Number points: 11000000 
Number Dimensions: 28 
Number Concurent Streams: 2
Distance Threshold: 0.032750 
*********************************

Selected 6 reference points
Last Layer Bin Count: 20235
Tree Check: 11000000
Time to build tree: 14.638576
Number non-empty bins: 2753
Number of calcs: 77800609544432
Number Address for calcs: 501973
Tree BINARY search time: 0.041714
BatchNumber: 1/61, Calcs: 572026369066, addresses: 1228, threads: 573010, blocks:560 
BatchNumber: 2/61, Calcs: 786685835777, addresses: 4, threads: 786688, blocks:769 
Batch 0 Results: 412342
Batch 1 Results: 369917
BatchNumber: 3/61, Calcs: 1042916435370, addresses: 9, threads: 1042921, blocks:1019 
BatchNumber: 4/61, Calcs: 1038605374749, addresses: 7, threads: 1038608, blocks:1015 
Batch 2 Results: 498934
Batch 3 Results: 685403
BatchNumber: 5/61, Calcs: 512072990526, addresses: 33, threads: 512089, blocks:501 
BatchNumber: 6/61, Calcs: 919484523430, addresses: 103, threads: 919550, blocks:898 
Batch 4 Results: 280684
Batch 5 Results: 618839
BatchNumber: 7/61, Calcs: 1008469800017, addresses: 288, threads: 1008658, blocks:986 
BatchNumber: 8/61, Calcs: 490999940423, addresses: 3, threads: 491002, blocks:480 
Batch 6 Results: 558109
Batch 7 Results: 156667
BatchNumber: 9/61, Calcs: 1045346423020, addresses: 9, threads: 1045350, blocks:1021 
BatchNumber: 10/61, Calcs: 276412113963, addresses: 4, threads: 276414, blocks:270 
Batch 8 Results: 300482
Batch 9 Results: 128302
BatchNumber: 11/61, Calcs: 1811214421905, addresses: 1, threads: 1811215, blocks:1769 
BatchNumber: 12/61, Calcs: 1045637550404, addresses: 42, threads: 1045659, blocks:1022 
Batch 10 Results: 856447
Batch 11 Results: 317087
BatchNumber: 13/61, Calcs: 83779515822, addresses: 3, threads: 83781, blocks:82 
BatchNumber: 14/61, Calcs: 3013250682183, addresses: 1, threads: 3013251, blocks:2943 
Batch 12 Results: 23802
Batch 13 Results: 1355218
BatchNumber: 15/61, Calcs: 258421594783, addresses: 2, threads: 258422, blocks:253 
BatchNumber: 16/61, Calcs: 1293339096630, addresses: 1, threads: 1293340, blocks:1264 
Batch 14 Results: 103057
Batch 15 Results: 718615
BatchNumber: 17/61, Calcs: 1046039066251, addresses: 105, threads: 1046096, blocks:1022 
BatchNumber: 18/61, Calcs: 982321400632, addresses: 1, threads: 982322, blocks:960 
Batch 16 Results: 502681
Batch 17 Results: 238621
BatchNumber: 19/61, Calcs: 414057933194, addresses: 11, threads: 414064, blocks:405 
BatchNumber: 20/61, Calcs: 3021119265888, addresses: 1, threads: 3021120, blocks:2951 
Batch 18 Results: 130720
Batch 19 Results: 1250479
BatchNumber: 21/61, Calcs: 926986013792, addresses: 2, threads: 926987, blocks:906 
BatchNumber: 22/61, Calcs: 961281144763, addresses: 21, threads: 961291, blocks:939 
Batch 20 Results: 385402
Batch 21 Results: 286266
BatchNumber: 23/61, Calcs: 747594723424, addresses: 13, threads: 747600, blocks:731 
BatchNumber: 24/61, Calcs: 4691246272678, addresses: 1, threads: 4691247, blocks:4582 
Batch 22 Results: 193586
Batch 23 Results: 1648200
BatchNumber: 25/61, Calcs: 6588827076014, addresses: 1, threads: 6588828, blocks:6435 
BatchNumber: 26/61, Calcs: 961441846, addresses: 2, threads: 962, blocks:1 
Batch 24 Results: 2419174
Batch 25 Results: 283
BatchNumber: 27/61, Calcs: 1801040580400, addresses: 1, threads: 1801041, blocks:1759 
BatchNumber: 28/61, Calcs: 4967325492021, addresses: 1, threads: 4967326, blocks:4851 
Batch 26 Results: 799378
Batch 27 Results: 2095373
BatchNumber: 29/61, Calcs: 815681918686, addresses: 11, threads: 815688, blocks:797 
BatchNumber: 30/61, Calcs: 1245457978537, addresses: 1, threads: 1245458, blocks:1217 
Batch 28 Results: 386708
Batch 29 Results: 653134
BatchNumber: 31/61, Calcs: 326281736354, addresses: 19, threads: 326289, blocks:319 
BatchNumber: 32/61, Calcs: 1244624857200, addresses: 1, threads: 1244625, blocks:1216 
Batch 30 Results: 156251
Batch 31 Results: 766826
BatchNumber: 33/61, Calcs: 750463317134, addresses: 63, threads: 750492, blocks:733 
BatchNumber: 34/61, Calcs: 1037559753756, addresses: 125, threads: 1037625, blocks:1014 
Batch 32 Results: 405389
Batch 33 Results: 349362
BatchNumber: 35/61, Calcs: 993232945044, addresses: 103, threads: 993288, blocks:971 
BatchNumber: 36/61, Calcs: 1581534726068, addresses: 1, threads: 1581535, blocks:1545 
Batch 34 Results: 345421
Batch 35 Results: 479949
BatchNumber: 37/61, Calcs: 2282617334145, addresses: 1, threads: 2282618, blocks:2230 
BatchNumber: 38/61, Calcs: 1626420603, addresses: 2, threads: 1627, blocks:2 
Batch 37 Results: 330
Batch 36 Results: 663387
BatchNumber: 39/61, Calcs: 1139217398152, addresses: 1, threads: 1139218, blocks:1113 
Batch 38 Results: 460716
BatchNumber: 40/61, Calcs: 3560786758800, addresses: 1, threads: 3560787, blocks:3478 
BatchNumber: 41/61, Calcs: 995494952830, addresses: 11, threads: 995502, blocks:973 
Batch 39 Results: 1158353
Batch 40 Results: 518985
BatchNumber: 42/61, Calcs: 2475821769576, addresses: 1, threads: 2475822, blocks:2418 
BatchNumber: 43/61, Calcs: 281195073013, addresses: 19, threads: 281205, blocks:275 
Batch 41 Results: 1269500
Batch 42 Results: 104873
BatchNumber: 44/61, Calcs: 1659228138744, addresses: 1, threads: 1659229, blocks:1621 
BatchNumber: 45/61, Calcs: 266619576915, addresses: 10, threads: 266624, blocks:261 
Batch 43 Results: 688924
Batch 44 Results: 135730
BatchNumber: 46/61, Calcs: 2428602547435, addresses: 1, threads: 2428603, blocks:2372 
BatchNumber: 47/61, Calcs: 765873648284, addresses: 64, threads: 765908, blocks:748 
Batch 45 Results: 1263433
Batch 46 Results: 552557
BatchNumber: 48/61, Calcs: 1148317255612, addresses: 1, threads: 1148318, blocks:1122 
BatchNumber: 49/61, Calcs: 55094763310, addresses: 2, threads: 55096, blocks:54 
Batch 48 Results: 16161
Batch 47 Results: 364851
BatchNumber: 50/61, Calcs: 1469909904736, addresses: 1, threads: 1469910, blocks:1436 
BatchNumber: 51/61, Calcs: 497843576625, addresses: 9, threads: 497846, blocks:487 
Batch 49 Results: 438388
Batch 50 Results: 212247
BatchNumber: 52/61, Calcs: 1782144429614, addresses: 1, threads: 1782145, blocks:1741 
BatchNumber: 53/61, Calcs: 374975618918, addresses: 19, threads: 374986, blocks:367 
Batch 51 Results: 904300
Batch 52 Results: 185206
BatchNumber: 54/61, Calcs: 1045600683764, addresses: 3, threads: 1045603, blocks:1022 
BatchNumber: 55/61, Calcs: 105727203393, addresses: 5, threads: 105729, blocks:104 
Batch 53 Results: 363433
Batch 54 Results: 46531
BatchNumber: 56/61, Calcs: 1983754672815, addresses: 1, threads: 1983755, blocks:1938 
BatchNumber: 57/61, Calcs: 1354522707559, addresses: 1, threads: 1354523, blocks:1323 
Batch 55 Results: 955991
Batch 56 Results: 698022
BatchNumber: 58/61, Calcs: 959615180136, addresses: 161, threads: 959689, blocks:938 
BatchNumber: 59/61, Calcs: 704506262929, addresses: 24, threads: 704516, blocks:689 
Batch 57 Results: 591654
Batch 58 Results: 478023
BatchNumber: 60/61, Calcs: 1027962940002, addresses: 74, threads: 1027999, blocks:1004 
BatchNumber: 61/61, Calcs: 91250414772, addresses: 117, threads: 91322, blocks:90 
Batch 59 Results: 817715
Batch 60 Results: 117010
Total results Set Size: 33883428 
Kernel time: 4048.226281
Total Time: 4062.906576

Time to read in file: 1.899053

Number points: 11000000 
Number Dimensions: 28 
Number Concurent Streams: 2
Distance Threshold: 0.044125 
*********************************

Selected 6 reference points
Last Layer Bin Count: 5388
Tree Check: 11000000
Time to build tree: 14.334436
Number non-empty bins: 915
Number of calcs: 102700348890812
Number Address for calcs: 121529
Tree BINARY search time: 0.029000
BatchNumber: 1/42, Calcs: 581943600783, addresses: 473, threads: 582300, blocks:569 
BatchNumber: 2/42, Calcs: 1307022252360, addresses: 1, threads: 1307023, blocks:1277 
Batch 1 Results: 9462376
Batch 0 Results: 1467315
BatchNumber: 3/42, Calcs: 124621766155, addresses: 9, threads: 124627, blocks:122 
BatchNumber: 4/42, Calcs: 2632599828608, addresses: 1, threads: 2632600, blocks:2571 
Batch 2 Results: 322541
Batch 3 Results: 16552555
BatchNumber: 5/42, Calcs: 1047256849730, addresses: 124, threads: 1047318, blocks:1023 
BatchNumber: 6/42, Calcs: 986666358359, addresses: 8, threads: 986671, blocks:964 
Batch 4 Results: 3724576
Batch 5 Results: 10027381
BatchNumber: 7/42, Calcs: 8662626198742, addresses: 1, threads: 8662627, blocks:8460 
BatchNumber: 8/42, Calcs: 213187367328, addresses: 2, threads: 213189, blocks:209 
Batch 6 Results: 68864308
Batch 7 Results: 1500362
BatchNumber: 9/42, Calcs: 1468620884379, addresses: 1, threads: 1468621, blocks:1435 
BatchNumber: 10/42, Calcs: 461394611418, addresses: 18, threads: 461403, blocks:451 
Batch 8 Results: 13963153
Batch 9 Results: 2067630
BatchNumber: 11/42, Calcs: 7095360983721, addresses: 1, threads: 7095361, blocks:6930 
BatchNumber: 12/42, Calcs: 1720133296412, addresses: 1, threads: 1720134, blocks:1680 
Batch 10 Results: 39439018
Batch 11 Results: 8996874
BatchNumber: 13/42, Calcs: 532305032, addresses: 1, threads: 533, blocks:1 
BatchNumber: 14/42, Calcs: 5133322551873, addresses: 1, threads: 5133323, blocks:5014 
Batch 12 Results: 138
Batch 13 Results: 44992363
BatchNumber: 15/42, Calcs: 5253444125561, addresses: 1, threads: 5253445, blocks:5131 
Batch 14 Results: 42887309
BatchNumber: 16/42, Calcs: 864483157608, addresses: 7, threads: 864486, blocks:845 
BatchNumber: 17/42, Calcs: 810400198723, addresses: 33, threads: 810418, blocks:792 
Batch 15 Results: 3932304
Batch 16 Results: 3798801
BatchNumber: 18/42, Calcs: 1430373949020, addresses: 1, threads: 1430374, blocks:1397 
BatchNumber: 19/42, Calcs: 136755791590, addresses: 1, threads: 136756, blocks:134 
Batch 17 Results: 11083109
Batch 18 Results: 959909
BatchNumber: 20/42, Calcs: 1330880482400, addresses: 1, threads: 1330881, blocks:1300 
BatchNumber: 21/42, Calcs: 599357632268, addresses: 13, threads: 599365, blocks:586 
Batch 19 Results: 12494590
Batch 20 Results: 3952974
BatchNumber: 22/42, Calcs: 2073310216568, addresses: 1, threads: 2073311, blocks:2025 
BatchNumber: 23/42, Calcs: 1023943254620, addresses: 1, threads: 1023944, blocks:1000 
Batch 21 Results: 13469816
Batch 22 Results: 5236483
BatchNumber: 24/42, Calcs: 5212344913479, addresses: 1, threads: 5212345, blocks:5091 
BatchNumber: 25/42, Calcs: 14353075847126, addresses: 1, threads: 14353076, blocks:14017 
Batch 23 Results: 53136738
Batch 24 Results: 142109830
BatchNumber: 26/42, Calcs: 185277829604, addresses: 6, threads: 185281, blocks:181 
BatchNumber: 27/42, Calcs: 1978585562952, addresses: 1, threads: 1978586, blocks:1933 
Batch 25 Results: 807194
Batch 26 Results: 12995300
BatchNumber: 28/42, Calcs: 10256978683248, addresses: 1, threads: 10256979, blocks:10017 
BatchNumber: 29/42, Calcs: 1044881449600, addresses: 49, threads: 1044907, blocks:1021 
Batch 27 Results: 83130736
Batch 28 Results: 7368983
BatchNumber: 30/42, Calcs: 922732277675, addresses: 26, threads: 922744, blocks:902 
BatchNumber: 31/42, Calcs: 3093182654862, addresses: 1, threads: 3093183, blocks:3021 
Batch 29 Results: 5661474
Batch 30 Results: 25164931
BatchNumber: 32/42, Calcs: 1029467048011, addresses: 7, threads: 1029469, blocks:1006 
BatchNumber: 33/42, Calcs: 10526696350092, addresses: 1, threads: 10526697, blocks:10280 
Batch 31 Results: 5736148
Batch 32 Results: 82290860
BatchNumber: 34/42, Calcs: 28127738694, addresses: 2, threads: 28129, blocks:28 
BatchNumber: 35/42, Calcs: 1762655325830, addresses: 1, threads: 1762656, blocks:1722 
Batch 33 Results: 189745
Batch 34 Results: 21908240
BatchNumber: 36/42, Calcs: 248269467448, addresses: 16, threads: 248274, blocks:243 
BatchNumber: 37/42, Calcs: 2733034265316, addresses: 1, threads: 2733035, blocks:2669 
Batch 35 Results: 1555567
Batch 36 Results: 13087816
BatchNumber: 38/42, Calcs: 156434714964, addresses: 2, threads: 156436, blocks:153 
BatchNumber: 39/42, Calcs: 1709364235072, addresses: 1, threads: 1709365, blocks:1670 
Batch 37 Results: 718261
Batch 38 Results: 12994030
BatchNumber: 40/42, Calcs: 938182556417, addresses: 23, threads: 938195, blocks:917 
BatchNumber: 41/42, Calcs: 918618654931, addresses: 13, threads: 918623, blocks:898 
Batch 39 Results: 7645395
Batch 40 Results: 8538824
BatchNumber: 42/42, Calcs: 644201652233, addresses: 61, threads: 644231, blocks:630 
Batch 41 Results: 4576377
Total results Set Size: 808812334 
Kernel time: 5870.784126
Total Time: 5885.147569
Tiny____________________________________________________
Tiny____________________________________________________
Tiny____________________________________________________

Time to read in file: 12.269165

Number points: 5000000 
Number Dimensions: 384 
Number Concurent Streams: 2
Distance Threshold: 0.200000 
*********************************

Selected 6 reference points
Last Layer Bin Count: 10760
Tree Check: 5000000
Time to build tree: 79.033180
Number non-empty bins: 959
Number of calcs: 7648832381140
Number Address for calcs: 82733
Tree BINARY search time: 0.028786
BatchNumber: 1/8, Calcs: 1010317726630, addresses: 408, threads: 1010571, blocks:987 
BatchNumber: 2/8, Calcs: 1129713039954, addresses: 1, threads: 1129714, blocks:1104 
Batch 1 Results: 644615
Batch 0 Results: 1157561
BatchNumber: 3/8, Calcs: 603898999303, addresses: 83, threads: 603934, blocks:590 
BatchNumber: 4/8, Calcs: 1443001377132, addresses: 1, threads: 1443002, blocks:1410 
Batch 2 Results: 430452
Batch 3 Results: 718729
BatchNumber: 5/8, Calcs: 513696828954, addresses: 79, threads: 513732, blocks:502 
BatchNumber: 6/8, Calcs: 1142260090725, addresses: 1, threads: 1142261, blocks:1116 
Batch 4 Results: 390007
Batch 5 Results: 662004
BatchNumber: 7/8, Calcs: 1047412293257, addresses: 120, threads: 1047470, blocks:1023 
BatchNumber: 8/8, Calcs: 758532025185, addresses: 266, threads: 758676, blocks:741 
Batch 6 Results: 908870
Batch 7 Results: 48706874
Total results Set Size: 53619112 
Kernel time: 709.945322
Total Time: 789.007296

Time to read in file: 11.832771

Number points: 5000000 
Number Dimensions: 384 
Number Concurent Streams: 2
Distance Threshold: 0.260000 
*********************************

Selected 6 reference points
Last Layer Bin Count: 4928
Tree Check: 5000000
Time to build tree: 82.006342
Number non-empty bins: 541
Number of calcs: 9195192734842
Number Address for calcs: 39629
Tree BINARY search time: 0.020484
BatchNumber: 1/11, Calcs: 783436249156, addresses: 224, threads: 783566, blocks:766 
BatchNumber: 2/11, Calcs: 882215485529, addresses: 21, threads: 882224, blocks:862 
Batch 1 Results: 508862
Batch 0 Results: 878570
BatchNumber: 3/11, Calcs: 981192730736, addresses: 40, threads: 981215, blocks:959 
BatchNumber: 4/11, Calcs: 587202504724, addresses: 12, threads: 587209, blocks:574 
Batch 2 Results: 537869
Batch 3 Results: 283137
BatchNumber: 5/11, Calcs: 1372908566472, addresses: 1, threads: 1372909, blocks:1341 
BatchNumber: 6/11, Calcs: 1022189767369, addresses: 59, threads: 1022217, blocks:999 
Batch 4 Results: 608109
Batch 5 Results: 549808
BatchNumber: 7/11, Calcs: 583141980540, addresses: 11, threads: 583148, blocks:570 
BatchNumber: 8/11, Calcs: 986099455096, addresses: 17, threads: 986109, blocks:963 
Batch 6 Results: 296169
Batch 7 Results: 539232
BatchNumber: 9/11, Calcs: 847792728431, addresses: 43, threads: 847817, blocks:828 
BatchNumber: 10/11, Calcs: 1026727288034, addresses: 76, threads: 1026761, blocks:1003 
Batch 8 Results: 616187
Batch 9 Results: 1279466
BatchNumber: 11/11, Calcs: 122285978755, addresses: 37, threads: 122307, blocks:120 
Batch 10 Results: 175067013
Total results Set Size: 181164422 
Kernel time: 1033.570221
Total Time: 1115.597052

Time to read in file: 11.793416

Number points: 5000000 
Number Dimensions: 384 
Number Concurent Streams: 2
Distance Threshold: 0.320000 
*********************************

Selected 6 reference points
Last Layer Bin Count: 2940
Tree Check: 5000000
Time to build tree: 85.702799
Number non-empty bins: 347
Number of calcs: 11415744325378
Number Address for calcs: 20551
Tree BINARY search time: 0.025666
BatchNumber: 1/12, Calcs: 886336902866, addresses: 146, threads: 886425, blocks:866 
BatchNumber: 2/12, Calcs: 1007285918686, addresses: 25, threads: 1007298, blocks:984 
Batch 1 Results: 486013
Batch 0 Results: 824168
BatchNumber: 3/12, Calcs: 1640272594675, addresses: 1, threads: 1640273, blocks:1602 
BatchNumber: 4/12, Calcs: 1026372115345, addresses: 29, threads: 1026388, blocks:1003 
Batch 2 Results: 688323
Batch 3 Results: 469512
BatchNumber: 5/12, Calcs: 41565768672, addresses: 1, threads: 41566, blocks:41 
BatchNumber: 6/12, Calcs: 1748393408680, addresses: 1, threads: 1748394, blocks:1708 
Batch 4 Results: 18184
Batch 5 Results: 680446
BatchNumber: 7/12, Calcs: 689124892, addresses: 21, threads: 700, blocks:1 
BatchNumber: 8/12, Calcs: 1681572653866, addresses: 1, threads: 1681573, blocks:1643 
Batch 6 Results: 359
Batch 7 Results: 681846
BatchNumber: 9/12, Calcs: 677850406744, addresses: 30, threads: 677865, blocks:662 
Batch 8 Results: 387841
BatchNumber: 10/12, Calcs: 1005904121670, addresses: 10, threads: 1005910, blocks:983 
BatchNumber: 11/12, Calcs: 939085972163, addresses: 30, threads: 939101, blocks:918 
Batch 9 Results: 552023
Batch 10 Results: 694436
BatchNumber: 12/12, Calcs: 760415337119, addresses: 52, threads: 760441, blocks:743 
Batch 11 Results: 624766065
Total results Set Size: 630249216 
Kernel time: 1739.836996
Total Time: 1825.565467
Completed!
