rm -f build/main build/*.o
nvcc -lcuda -Xcompiler -fopenmp -arch=compute_80 -code=sm_80 -O3 -I. -c -o build/main.o src/main.cu -lm
nvcc -lcuda -Xcompiler -fopenmp -arch=compute_80 -code=sm_80 -O3 -I. -c -o build/launcher.o src/launcher.cu -lm
nvcc -lcuda -Xcompiler -fopenmp -arch=compute_80 -code=sm_80 -O3 -I. -Xcompiler -std=c++03 -c -o build/kernel.o src/kernel.cu -lm
nvcc -lcuda -Xcompiler -fopenmp -arch=compute_80 -code=sm_80 -O3 -I. -c -o build/tree.o src/tree.cu -lm
nvcc -lcuda -Xcompiler -fopenmp -arch=compute_80 -code=sm_80 -O3 -I. -c -o build/utils.o src/utils.cu -lm
nvcc -lcuda -Xcompiler -fopenmp -arch=compute_80 -code=sm_80 -O3 -I. -o build/main build/main.o build/launcher.o build/kernel.o build/tree.o build/utils.o
1024x1024*2 launches, sqrt(N) x 0.01 sampling, 64 per layer, k rps, non-rand RP, dynamic calcs per thread max 250000, 30 registers
UNI ________________________________________________________________
UNI ________________________________________________________________
UNI ________________________________________________________________

Time to read in file: 0.138425

Number points: 2000000 
Number Dimensions: 10 
Number Reference Points: 3 
Number Concurent Streams: 2
Block Size: 1024, Kernel Blocks: 2048
Using using binary searches
Distance Threshold: 0.250000 
*********************************

Selecting 64 Rp from a pool of 1414
Selected 3 reference points
Layer 0 sumqrs: 5089032508.000000
Layer 1 sumqrs: 26499591380.000000
Layer 2 sumqrs: 38924081316.000000
Last Layer Bin Count: 840
Tree Check: 2000000
Time to build tree: 2.155461
Number non-empty bins: 154
Number of calcs: 1843696659858
Number Address for calcs: 2442
Tree BINARY search time: 0.000194
Total Time: 2.155686

Time to read in file: 0.056829

Number points: 2000000 
Number Dimensions: 10 
Number Reference Points: 3 
Number Concurent Streams: 2
Block Size: 1024, Kernel Blocks: 2048
Using using binary searches
Distance Threshold: 0.300000 
*********************************

Selecting 64 Rp from a pool of 1414
Selected 3 reference points
Layer 0 sumqrs: 2853296788.000000
Layer 1 sumqrs: 20881566224.000000
Layer 2 sumqrs: 40785110468.000000
Last Layer Bin Count: 624
Tree Check: 2000000
Time to build tree: 2.099005
Number non-empty bins: 216
Number of calcs: 1900775725918
Number Address for calcs: 4154
Tree BINARY search time: 0.001841
Total Time: 2.100874

Time to read in file: 0.050923

Number points: 2000000 
Number Dimensions: 10 
Number Reference Points: 3 
Number Concurent Streams: 2
Block Size: 1024, Kernel Blocks: 2048
Using using binary searches
Distance Threshold: 0.350000 
*********************************

Selecting 64 Rp from a pool of 1414
Selected 3 reference points
Layer 0 sumqrs: 3553753120.000000
Layer 1 sumqrs: 17022803210.000000
Layer 2 sumqrs: 34272311204.000000
Last Layer Bin Count: 396
Tree Check: 2000000
Time to build tree: 2.079673
Number non-empty bins: 127
Number of calcs: 2607620999508
Number Address for calcs: 2241
Tree BINARY search time: 0.000246
Total Time: 2.079949

Time to read in file: 0.052292

Number points: 2000000 
Number Dimensions: 10 
Number Reference Points: 3 
Number Concurent Streams: 2
Block Size: 1024, Kernel Blocks: 2048
Using using binary searches
Distance Threshold: 0.400000 
*********************************

Selecting 64 Rp from a pool of 1414
Selected 3 reference points
Layer 0 sumqrs: 3176713886.000000
Layer 1 sumqrs: 12786842272.000000
Layer 2 sumqrs: 27025811416.000000
Last Layer Bin Count: 300
Tree Check: 2000000
Time to build tree: 2.136134
Number non-empty bins: 98
Number of calcs: 2974413695944
Number Address for calcs: 1676
Tree BINARY search time: 0.000324
Total Time: 2.136489

Time to read in file: 0.051182

Number points: 2000000 
Number Dimensions: 10 
Number Reference Points: 3 
Number Concurent Streams: 2
Block Size: 1024, Kernel Blocks: 2048
Using using binary searches
Distance Threshold: 0.450000 
*********************************

Selecting 64 Rp from a pool of 1414
Selected 3 reference points
Layer 0 sumqrs: 2820141990.000000
Layer 1 sumqrs: 9432902914.000000
Layer 2 sumqrs: 19936573996.000000
Last Layer Bin Count: 230
Tree Check: 2000000
Time to build tree: 2.062681
Number non-empty bins: 76
Number of calcs: 3292057542034
Number Address for calcs: 1214
Tree BINARY search time: 0.001070
Total Time: 2.063781
EXPO ________________________________________________________________
EXPO ________________________________________________________________
EXPO ________________________________________________________________

Time to read in file: 0.186942

Number points: 2000000 
Number Dimensions: 16 
Number Reference Points: 3 
Number Concurent Streams: 2
Block Size: 1024, Kernel Blocks: 2048
Using using binary searches
Distance Threshold: 0.030000 
*********************************

Selecting 64 Rp from a pool of 1414
Selected 3 reference points
Layer 0 sumqrs: 3055138520.000000
Layer 1 sumqrs: 12618913054.000000
Layer 2 sumqrs: 24624182604.000000
Last Layer Bin Count: 858
Tree Check: 2000000
Time to build tree: 2.535411
Number non-empty bins: 241
Number of calcs: 2552743368574
Number Address for calcs: 4445
Tree BINARY search time: 0.000255
Total Time: 2.535726

Time to read in file: 0.091626

Number points: 2000000 
Number Dimensions: 16 
Number Reference Points: 3 
Number Concurent Streams: 2
Block Size: 1024, Kernel Blocks: 2048
Using using binary searches
Distance Threshold: 0.035000 
*********************************

Selecting 64 Rp from a pool of 1414
Selected 3 reference points
Layer 0 sumqrs: 3498455282.000000
Layer 1 sumqrs: 10181739020.000000
Layer 2 sumqrs: 16931449736.000000
Last Layer Bin Count: 624
Tree Check: 2000000
Time to build tree: 2.667174
Number non-empty bins: 156
Number of calcs: 2940718834652
Number Address for calcs: 2698
Tree BINARY search time: 0.000177
Total Time: 2.667381

Time to read in file: 0.080873

Number points: 2000000 
Number Dimensions: 16 
Number Reference Points: 3 
Number Concurent Streams: 2
Block Size: 1024, Kernel Blocks: 2048
Using using binary searches
Distance Threshold: 0.040000 
*********************************

Selecting 64 Rp from a pool of 1414
Selected 3 reference points
Layer 0 sumqrs: 2509016302.000000
Layer 1 sumqrs: 9590371166.000000
Layer 2 sumqrs: 14573236036.000000
Last Layer Bin Count: 432
Tree Check: 2000000
Time to build tree: 2.631344
Number non-empty bins: 112
Number of calcs: 3250545461662
Number Address for calcs: 1812
Tree BINARY search time: 0.029650
Total Time: 2.661140

Time to read in file: 0.165063

Number points: 2000000 
Number Dimensions: 16 
Number Reference Points: 3 
Number Concurent Streams: 2
Block Size: 1024, Kernel Blocks: 2048
Using using binary searches
Distance Threshold: 0.045000 
*********************************

Selecting 64 Rp from a pool of 1414
Selected 3 reference points
Layer 0 sumqrs: 3180904236.000000
Layer 1 sumqrs: 7657669926.000000
Layer 2 sumqrs: 12435062548.000000
Last Layer Bin Count: 290
Tree Check: 2000000
Time to build tree: 2.516751
Number non-empty bins: 87
Number of calcs: 3516039525840
Number Address for calcs: 1395
Tree BINARY search time: 0.000151
Total Time: 2.516931

Time to read in file: 0.089927

Number points: 2000000 
Number Dimensions: 16 
Number Reference Points: 3 
Number Concurent Streams: 2
Block Size: 1024, Kernel Blocks: 2048
Using using binary searches
Distance Threshold: 0.050000 
*********************************

Selecting 64 Rp from a pool of 1414
Selected 3 reference points
Layer 0 sumqrs: 2901631134.000000
Layer 1 sumqrs: 6766872726.000000
Layer 2 sumqrs: 11687554394.000000
Last Layer Bin Count: 190
Tree Check: 2000000
Time to build tree: 2.481711
Number non-empty bins: 49
Number of calcs: 3617548414132
Number Address for calcs: 651
Tree BINARY search time: 0.023797
Total Time: 2.505626
UNI ________________________________________________________________
UNI ________________________________________________________________
UNI ________________________________________________________________

Time to read in file: 0.113963

Number points: 2000000 
Number Dimensions: 10 
Number Reference Points: 4 
Number Concurent Streams: 2
Block Size: 1024, Kernel Blocks: 2048
Using using binary searches
Distance Threshold: 0.250000 
*********************************

Selecting 64 Rp from a pool of 1414
Selected 4 reference points
Layer 0 sumqrs: 5089032508.000000
Layer 1 sumqrs: 26499591380.000000
Layer 2 sumqrs: 38924081316.000000
Layer 3 sumqrs: 37214546912.000000
Last Layer Bin Count: 2156
Tree Check: 2000000
Time to build tree: 2.716091
Number non-empty bins: 637
Number of calcs: 1470362311300
Number Address for calcs: 25501
Tree BINARY search time: 0.000482
Total Time: 2.716606

Time to read in file: 0.056486

Number points: 2000000 
Number Dimensions: 10 
Number Reference Points: 4 
Number Concurent Streams: 2
Block Size: 1024, Kernel Blocks: 2048
Using using binary searches
Distance Threshold: 0.300000 
*********************************

Selecting 64 Rp from a pool of 1414
Selected 4 reference points
Layer 0 sumqrs: 2853296788.000000
Layer 1 sumqrs: 20881566224.000000
Layer 2 sumqrs: 40785110468.000000
Layer 3 sumqrs: 39266192816.000000
Last Layer Bin Count: 2808
Tree Check: 2000000
Time to build tree: 2.488835
Number non-empty bins: 861
Number of calcs: 1473072200754
Number Address for calcs: 43081
Tree BINARY search time: 0.024319
Total Time: 2.513185

Time to read in file: 0.051149

Number points: 2000000 
Number Dimensions: 10 
Number Reference Points: 4 
Number Concurent Streams: 2
Block Size: 1024, Kernel Blocks: 2048
Using using binary searches
Distance Threshold: 0.350000 
*********************************

Selecting 64 Rp from a pool of 1414
Selected 4 reference points
Layer 0 sumqrs: 3553753120.000000
Layer 1 sumqrs: 17022803210.000000
Layer 2 sumqrs: 34272311204.000000
Layer 3 sumqrs: 41159353462.000000
Last Layer Bin Count: 1397
Tree Check: 2000000
Time to build tree: 2.439027
Number non-empty bins: 415
Number of calcs: 2272710862698
Number Address for calcs: 18031
Tree BINARY search time: 0.000508
Total Time: 2.439571

Time to read in file: 0.079762

Number points: 2000000 
Number Dimensions: 10 
Number Reference Points: 4 
Number Concurent Streams: 2
Block Size: 1024, Kernel Blocks: 2048
Using using binary searches
Distance Threshold: 0.400000 
*********************************

Selecting 64 Rp from a pool of 1414
Selected 4 reference points
Layer 0 sumqrs: 3176713886.000000
Layer 1 sumqrs: 12786842272.000000
Layer 2 sumqrs: 27025811416.000000
Layer 3 sumqrs: 41387416018.000000
Last Layer Bin Count: 1078
Tree Check: 2000000
Time to build tree: 2.470517
Number non-empty bins: 252
Number of calcs: 2796687051292
Number Address for calcs: 9454
Tree BINARY search time: 0.001947
Total Time: 2.472495

Time to read in file: 0.052564

Number points: 2000000 
Number Dimensions: 10 
Number Reference Points: 4 
Number Concurent Streams: 2
Block Size: 1024, Kernel Blocks: 2048
Using using binary searches
Distance Threshold: 0.450000 
*********************************

Selecting 64 Rp from a pool of 1414
Selected 4 reference points
Layer 0 sumqrs: 2820141990.000000
Layer 1 sumqrs: 9432902914.000000
Layer 2 sumqrs: 19936573996.000000
Layer 3 sumqrs: 30427955496.000000
Last Layer Bin Count: 760
Tree Check: 2000000
Time to build tree: 2.579699
Number non-empty bins: 220
Number of calcs: 3075621243380
Number Address for calcs: 8252
Tree BINARY search time: 0.000342
Total Time: 2.580074
EXPO ________________________________________________________________
EXPO ________________________________________________________________
EXPO ________________________________________________________________

Time to read in file: 0.199837

Number points: 2000000 
Number Dimensions: 16 
Number Reference Points: 4 
Number Concurent Streams: 2
Block Size: 1024, Kernel Blocks: 2048
Using using binary searches
Distance Threshold: 0.030000 
*********************************

Selecting 64 Rp from a pool of 1414
Selected 4 reference points
Layer 0 sumqrs: 3055138520.000000
Layer 1 sumqrs: 12618913054.000000
Layer 2 sumqrs: 24624182604.000000
Layer 3 sumqrs: 33487577264.000000
Last Layer Bin Count: 3133
Tree Check: 2000000
Time to build tree: 3.047647
Number non-empty bins: 855
Number of calcs: 2338994409902
Number Address for calcs: 38749
Tree BINARY search time: 0.029987
Total Time: 3.077666

Time to read in file: 0.093043

Number points: 2000000 
Number Dimensions: 16 
Number Reference Points: 4 
Number Concurent Streams: 2
Block Size: 1024, Kernel Blocks: 2048
Using using binary searches
Distance Threshold: 0.035000 
*********************************

Selecting 64 Rp from a pool of 1414
Selected 4 reference points
Layer 0 sumqrs: 3498455282.000000
Layer 1 sumqrs: 10181739020.000000
Layer 2 sumqrs: 16931449736.000000
Layer 3 sumqrs: 26979858602.000000
Last Layer Bin Count: 1872
Tree Check: 2000000
Time to build tree: 3.305582
Number non-empty bins: 501
Number of calcs: 2775600899774
Number Address for calcs: 20569
Tree BINARY search time: 0.023967
Total Time: 3.329596

Time to read in file: 0.084235

Number points: 2000000 
Number Dimensions: 16 
Number Reference Points: 4 
Number Concurent Streams: 2
Block Size: 1024, Kernel Blocks: 2048
Using using binary searches
Distance Threshold: 0.040000 
*********************************

Selecting 64 Rp from a pool of 1414
Selected 4 reference points
Layer 0 sumqrs: 2509016302.000000
Layer 1 sumqrs: 9590371166.000000
Layer 2 sumqrs: 14573236036.000000
Layer 3 sumqrs: 22342587624.000000
Last Layer Bin Count: 1232
Tree Check: 2000000
Time to build tree: 2.801215
Number non-empty bins: 317
Number of calcs: 3116545573574
Number Address for calcs: 11819
Tree BINARY search time: 0.000575
Total Time: 2.801821

Time to read in file: 0.174921

Number points: 2000000 
Number Dimensions: 16 
Number Reference Points: 4 
Number Concurent Streams: 2
Block Size: 1024, Kernel Blocks: 2048
Using using binary searches
Distance Threshold: 0.045000 
*********************************

Selecting 64 Rp from a pool of 1414
Selected 4 reference points
Layer 0 sumqrs: 3180904236.000000
Layer 1 sumqrs: 7657669926.000000
Layer 2 sumqrs: 12435062548.000000
Layer 3 sumqrs: 16940250168.000000
Last Layer Bin Count: 957
Tree Check: 2000000
Time to build tree: 3.040277
Number non-empty bins: 204
Number of calcs: 3395598632610
Number Address for calcs: 6940
Tree BINARY search time: 0.023857
Total Time: 3.064186

Time to read in file: 0.089600

Number points: 2000000 
Number Dimensions: 16 
Number Reference Points: 4 
Number Concurent Streams: 2
Block Size: 1024, Kernel Blocks: 2048
Using using binary searches
Distance Threshold: 0.050000 
*********************************

Selecting 64 Rp from a pool of 1414
Selected 4 reference points
Layer 0 sumqrs: 2901631134.000000
Layer 1 sumqrs: 6766872726.000000
Layer 2 sumqrs: 11687554394.000000
Layer 3 sumqrs: 14731879950.000000
Last Layer Bin Count: 490
Tree Check: 2000000
Time to build tree: 2.782594
Number non-empty bins: 137
Number of calcs: 3551342412834
Number Address for calcs: 4139
Tree BINARY search time: 0.000211
Total Time: 2.782834
UNI ________________________________________________________________
UNI ________________________________________________________________
UNI ________________________________________________________________

Time to read in file: 0.114295

Number points: 2000000 
Number Dimensions: 10 
Number Reference Points: 5 
Number Concurent Streams: 2
Block Size: 1024, Kernel Blocks: 2048
Using using binary searches
Distance Threshold: 0.250000 
*********************************

Selecting 64 Rp from a pool of 1414
Selected 5 reference points
Layer 0 sumqrs: 5089032508.000000
Layer 1 sumqrs: 26499591380.000000
Layer 2 sumqrs: 38924081316.000000
Layer 3 sumqrs: 37214546912.000000
Layer 4 sumqrs: 18699855602.000000
Last Layer Bin Count: 8918
Tree Check: 2000000
Time to build tree: 2.950494
Number non-empty bins: 2715
Number of calcs: 1012914758384
Number Address for calcs: 284529
Tree BINARY search time: 0.029094
Total Time: 2.979626

Time to read in file: 0.059646

Number points: 2000000 
Number Dimensions: 10 
Number Reference Points: 5 
Number Concurent Streams: 2
Block Size: 1024, Kernel Blocks: 2048
Using using binary searches
Distance Threshold: 0.300000 
*********************************

Selecting 64 Rp from a pool of 1414
Selected 5 reference points
Layer 0 sumqrs: 2853296788.000000
Layer 1 sumqrs: 20881566224.000000
Layer 2 sumqrs: 40785110468.000000
Layer 3 sumqrs: 39266192816.000000
Layer 4 sumqrs: 12103212336.000000
Last Layer Bin Count: 11193
Tree Check: 2000000
Time to build tree: 2.918420
Number non-empty bins: 2976
Number of calcs: 1138606946816
Number Address for calcs: 379078
Tree BINARY search time: 0.029679
Total Time: 2.948133

Time to read in file: 0.054343

Number points: 2000000 
Number Dimensions: 10 
Number Reference Points: 5 
Number Concurent Streams: 2
Block Size: 1024, Kernel Blocks: 2048
Using using binary searches
Distance Threshold: 0.350000 
*********************************

Selecting 64 Rp from a pool of 1414
Selected 5 reference points
Layer 0 sumqrs: 3553753120.000000
Layer 1 sumqrs: 17022803210.000000
Layer 2 sumqrs: 34272311204.000000
Layer 3 sumqrs: 41159353462.000000
Layer 4 sumqrs: 31353222042.000000
Last Layer Bin Count: 4980
Tree Check: 2000000
Time to build tree: 2.711119
Number non-empty bins: 1333
Number of calcs: 1902206650030
Number Address for calcs: 143169
Tree BINARY search time: 0.007267
Total Time: 2.718429

Time to read in file: 0.083668

Number points: 2000000 
Number Dimensions: 10 
Number Reference Points: 5 
Number Concurent Streams: 2
Block Size: 1024, Kernel Blocks: 2048
Using using binary searches
Distance Threshold: 0.400000 
*********************************

Selecting 64 Rp from a pool of 1414
Selected 5 reference points
Layer 0 sumqrs: 3176713886.000000
Layer 1 sumqrs: 12786842272.000000
Layer 2 sumqrs: 27025811416.000000
Layer 3 sumqrs: 41387416018.000000
Layer 4 sumqrs: 33655792772.000000
Last Layer Bin Count: 2520
Tree Check: 2000000
Time to build tree: 2.907838
Number non-empty bins: 510
Number of calcs: 2693020462078
Number Address for calcs: 37788
Tree BINARY search time: 0.024873
Total Time: 2.932798

Time to read in file: 0.124487

Number points: 2000000 
Number Dimensions: 10 
Number Reference Points: 5 
Number Concurent Streams: 2
Block Size: 1024, Kernel Blocks: 2048
Using using binary searches
Distance Threshold: 0.450000 
*********************************

Selecting 64 Rp from a pool of 1414
Selected 5 reference points
Layer 0 sumqrs: 2820141990.000000
Layer 1 sumqrs: 9432902914.000000
Layer 2 sumqrs: 19936573996.000000
Layer 3 sumqrs: 30427955496.000000
Layer 4 sumqrs: 35557937888.000000
Last Layer Bin Count: 2200
Tree Check: 2000000
Time to build tree: 3.020693
Number non-empty bins: 529
Number of calcs: 2922739519488
Number Address for calcs: 44055
Tree BINARY search time: 0.001008
Total Time: 3.021742
EXPO ________________________________________________________________
EXPO ________________________________________________________________
EXPO ________________________________________________________________

Time to read in file: 0.195970

Number points: 2000000 
Number Dimensions: 16 
Number Reference Points: 5 
Number Concurent Streams: 2
Block Size: 1024, Kernel Blocks: 2048
Using using binary searches
Distance Threshold: 0.030000 
*********************************

Selecting 64 Rp from a pool of 1414
Selected 5 reference points
Layer 0 sumqrs: 3055138520.000000
Layer 1 sumqrs: 12618913054.000000
Layer 2 sumqrs: 24624182604.000000
Layer 3 sumqrs: 33487577264.000000
Layer 4 sumqrs: 25727354988.000000
Last Layer Bin Count: 11115
Tree Check: 2000000
Time to build tree: 3.599332
Number non-empty bins: 2157
Number of calcs: 2198585076930
Number Address for calcs: 217301
Tree BINARY search time: 0.002667
Total Time: 3.602034

Time to read in file: 0.092572

Number points: 2000000 
Number Dimensions: 16 
Number Reference Points: 5 
Number Concurent Streams: 2
Block Size: 1024, Kernel Blocks: 2048
Using using binary searches
Distance Threshold: 0.035000 
*********************************

Selecting 64 Rp from a pool of 1414
Selected 5 reference points
Layer 0 sumqrs: 3498455282.000000
Layer 1 sumqrs: 10181739020.000000
Layer 2 sumqrs: 16931449736.000000
Layer 3 sumqrs: 26979858602.000000
Layer 4 sumqrs: 27407662810.000000
Last Layer Bin Count: 6012
Tree Check: 2000000
Time to build tree: 3.686980
Number non-empty bins: 1375
Number of calcs: 2624877465424
Number Address for calcs: 131795
Tree BINARY search time: 0.002149
Total Time: 3.689158

Time to read in file: 0.187098

Number points: 2000000 
Number Dimensions: 16 
Number Reference Points: 5 
Number Concurent Streams: 2
Block Size: 1024, Kernel Blocks: 2048
Using using binary searches
Distance Threshold: 0.040000 
*********************************

Selecting 64 Rp from a pool of 1414
Selected 5 reference points
Layer 0 sumqrs: 2509016302.000000
Layer 1 sumqrs: 9590371166.000000
Layer 2 sumqrs: 14573236036.000000
Layer 3 sumqrs: 22342587624.000000
Layer 4 sumqrs: 24691207938.000000
Last Layer Bin Count: 3487
Tree Check: 2000000
Time to build tree: 3.504108
Number non-empty bins: 795
Number of calcs: 3008848740716
Number Address for calcs: 65039
Tree BINARY search time: 0.001262
Total Time: 3.505398

Time to read in file: 0.093349

Number points: 2000000 
Number Dimensions: 16 
Number Reference Points: 5 
Number Concurent Streams: 2
Block Size: 1024, Kernel Blocks: 2048
Using using binary searches
Distance Threshold: 0.045000 
*********************************

Selecting 64 Rp from a pool of 1414
Selected 5 reference points
Layer 0 sumqrs: 3180904236.000000
Layer 1 sumqrs: 7657669926.000000
Layer 2 sumqrs: 12435062548.000000
Layer 3 sumqrs: 16940250168.000000
Layer 4 sumqrs: 23311281716.000000
Last Layer Bin Count: 2244
Tree Check: 2000000
Time to build tree: 3.682816
Number non-empty bins: 456
Number of calcs: 3308465574068
Number Address for calcs: 32374
Tree BINARY search time: 0.001084
Total Time: 3.683931

Time to read in file: 0.089235

Number points: 2000000 
Number Dimensions: 16 
Number Reference Points: 5 
Number Concurent Streams: 2
Block Size: 1024, Kernel Blocks: 2048
Using using binary searches
Distance Threshold: 0.050000 
*********************************

Selecting 64 Rp from a pool of 1414
Selected 5 reference points
Layer 0 sumqrs: 2901631134.000000
Layer 1 sumqrs: 6766872726.000000
Layer 2 sumqrs: 11687554394.000000
Layer 3 sumqrs: 14731879950.000000
Layer 4 sumqrs: 21110733918.000000
Last Layer Bin Count: 1507
Tree Check: 2000000
Time to build tree: 3.894263
Number non-empty bins: 336
Number of calcs: 3489100423342
Number Address for calcs: 21738
Tree BINARY search time: 0.030205
Total Time: 3.924499
UNI ________________________________________________________________
UNI ________________________________________________________________
UNI ________________________________________________________________

Time to read in file: 0.124556

Number points: 2000000 
Number Dimensions: 10 
Number Reference Points: 6 
Number Concurent Streams: 2
Block Size: 1024, Kernel Blocks: 2048
Using using binary searches
Distance Threshold: 0.250000 
*********************************

Selecting 64 Rp from a pool of 1414
Selected 6 reference points
Layer 0 sumqrs: 5089032508.000000
Layer 1 sumqrs: 26499591380.000000
Layer 2 sumqrs: 38924081316.000000
Layer 3 sumqrs: 37214546912.000000
Layer 4 sumqrs: 18699855602.000000
Layer 5 sumqrs: 4941844586.000000
Last Layer Bin Count: 35295
Tree Check: 2000000
Time to build tree: 3.440357
Number non-empty bins: 9710
Number of calcs: 702518378342
Number Address for calcs: 2588590
Tree BINARY search time: 0.039458
Total Time: 3.479858

Time to read in file: 0.060850

Number points: 2000000 
Number Dimensions: 10 
Number Reference Points: 6 
Number Concurent Streams: 2
Block Size: 1024, Kernel Blocks: 2048
Using using binary searches
Distance Threshold: 0.300000 
*********************************

Selecting 64 Rp from a pool of 1414
Selected 6 reference points
Layer 0 sumqrs: 2853296788.000000
Layer 1 sumqrs: 20881566224.000000
Layer 2 sumqrs: 40785110468.000000
Layer 3 sumqrs: 39266192816.000000
Layer 4 sumqrs: 12103212336.000000
Layer 5 sumqrs: 3717159094.000000
Last Layer Bin Count: 38688
Tree Check: 2000000
Time to build tree: 3.542418
Number non-empty bins: 9271
Number of calcs: 878300475258
Number Address for calcs: 2948557
Tree BINARY search time: 0.038725
Total Time: 3.581186

Time to read in file: 0.090620

Number points: 2000000 
Number Dimensions: 10 
Number Reference Points: 6 
Number Concurent Streams: 2
Block Size: 1024, Kernel Blocks: 2048
Using using binary searches
Distance Threshold: 0.350000 
*********************************

Selecting 64 Rp from a pool of 1414
Selected 6 reference points
Layer 0 sumqrs: 3553753120.000000
Layer 1 sumqrs: 17022803210.000000
Layer 2 sumqrs: 34272311204.000000
Layer 3 sumqrs: 41159353462.000000
Layer 4 sumqrs: 31353222042.000000
Layer 5 sumqrs: 12855451666.000000
Last Layer Bin Count: 14663
Tree Check: 2000000
Time to build tree: 3.248184
Number non-empty bins: 3895
Number of calcs: 1615760695252
Number Address for calcs: 1009267
Tree BINARY search time: 0.014495
Total Time: 3.262725

Time to read in file: 0.123751

Number points: 2000000 
Number Dimensions: 10 
Number Reference Points: 6 
Number Concurent Streams: 2
Block Size: 1024, Kernel Blocks: 2048
Using using binary searches
Distance Threshold: 0.400000 
*********************************

Selecting 64 Rp from a pool of 1414
Selected 6 reference points
Layer 0 sumqrs: 3176713886.000000
Layer 1 sumqrs: 12786842272.000000
Layer 2 sumqrs: 27025811416.000000
Layer 3 sumqrs: 41387416018.000000
Layer 4 sumqrs: 33655792772.000000
Layer 5 sumqrs: 29528092604.000000
Last Layer Bin Count: 5100
Tree Check: 2000000
Time to build tree: 3.362557
Number non-empty bins: 1412
Number of calcs: 2414467453666
Number Address for calcs: 242480
Tree BINARY search time: 0.004920
Total Time: 3.367510

Time to read in file: 0.057792

Number points: 2000000 
Number Dimensions: 10 
Number Reference Points: 6 
Number Concurent Streams: 2
Block Size: 1024, Kernel Blocks: 2048
Using using binary searches
Distance Threshold: 0.450000 
*********************************

Selecting 64 Rp from a pool of 1414
Selected 6 reference points
Layer 0 sumqrs: 2820141990.000000
Layer 1 sumqrs: 9432902914.000000
Layer 2 sumqrs: 19936573996.000000
Layer 3 sumqrs: 30427955496.000000
Layer 4 sumqrs: 35557937888.000000
Layer 5 sumqrs: 31951803008.000000
Last Layer Bin Count: 5290
Tree Check: 2000000
Time to build tree: 3.386046
Number non-empty bins: 1320
Number of calcs: 2719370739892
Number Address for calcs: 246166
Tree BINARY search time: 0.004657
Total Time: 3.390732
EXPO ________________________________________________________________
EXPO ________________________________________________________________
EXPO ________________________________________________________________

Time to read in file: 0.188918

Number points: 2000000 
Number Dimensions: 16 
Number Reference Points: 6 
Number Concurent Streams: 2
Block Size: 1024, Kernel Blocks: 2048
Using using binary searches
Distance Threshold: 0.030000 
*********************************

Selecting 64 Rp from a pool of 1414
Selected 6 reference points
Layer 0 sumqrs: 3055138520.000000
Layer 1 sumqrs: 12618913054.000000
Layer 2 sumqrs: 24624182604.000000
Layer 3 sumqrs: 33487577264.000000
Layer 4 sumqrs: 25727354988.000000
Layer 5 sumqrs: 25113803554.000000
Last Layer Bin Count: 30198
Tree Check: 2000000
Time to build tree: 4.332325
Number non-empty bins: 4165
Number of calcs: 2124481839752
Number Address for calcs: 851369
Tree BINARY search time: 0.018984
Total Time: 4.351359

Time to read in file: 0.093414

Number points: 2000000 
Number Dimensions: 16 
Number Reference Points: 6 
Number Concurent Streams: 2
Block Size: 1024, Kernel Blocks: 2048
Using using binary searches
Distance Threshold: 0.035000 
*********************************

Selecting 64 Rp from a pool of 1414
Selected 6 reference points
Layer 0 sumqrs: 3498455282.000000
Layer 1 sumqrs: 10181739020.000000
Layer 2 sumqrs: 16931449736.000000
Layer 3 sumqrs: 26979858602.000000
Layer 4 sumqrs: 27407662810.000000
Layer 5 sumqrs: 30156306296.000000
Last Layer Bin Count: 17875
Tree Check: 2000000
Time to build tree: 4.558597
Number non-empty bins: 2661
Number of calcs: 2517291231812
Number Address for calcs: 479391
Tree BINARY search time: 0.009990
Total Time: 4.568621

Time to read in file: 0.186286

Number points: 2000000 
Number Dimensions: 16 
Number Reference Points: 6 
Number Concurent Streams: 2
Block Size: 1024, Kernel Blocks: 2048
Using using binary searches
Distance Threshold: 0.040000 
*********************************

Selecting 64 Rp from a pool of 1414
Selected 6 reference points
Layer 0 sumqrs: 2509016302.000000
Layer 1 sumqrs: 9590371166.000000
Layer 2 sumqrs: 14573236036.000000
Layer 3 sumqrs: 22342587624.000000
Layer 4 sumqrs: 24691207938.000000
Layer 5 sumqrs: 28443335662.000000
Last Layer Bin Count: 9540
Tree Check: 2000000
Time to build tree: 4.500209
Number non-empty bins: 1808
Number of calcs: 2915774373100
Number Address for calcs: 317046
Tree BINARY search time: 0.034143
Total Time: 4.534385

Time to read in file: 0.211249

Number points: 2000000 
Number Dimensions: 16 
Number Reference Points: 6 
Number Concurent Streams: 2
Block Size: 1024, Kernel Blocks: 2048
Using using binary searches
Distance Threshold: 0.045000 
*********************************

Selecting 64 Rp from a pool of 1414
Selected 6 reference points
Layer 0 sumqrs: 3180904236.000000
Layer 1 sumqrs: 7657669926.000000
Layer 2 sumqrs: 12435062548.000000
Layer 3 sumqrs: 16940250168.000000
Layer 4 sumqrs: 23311281716.000000
Layer 5 sumqrs: 20428890050.000000
Last Layer Bin Count: 5016
Tree Check: 2000000
Time to build tree: 4.328398
Number non-empty bins: 961
Number of calcs: 3225060934432
Number Address for calcs: 138865
Tree BINARY search time: 0.003368
Total Time: 4.331794

Time to read in file: 0.088726

Number points: 2000000 
Number Dimensions: 16 
Number Reference Points: 6 
Number Concurent Streams: 2
Block Size: 1024, Kernel Blocks: 2048
Using using binary searches
Distance Threshold: 0.050000 
*********************************

Selecting 64 Rp from a pool of 1414
Selected 6 reference points
Layer 0 sumqrs: 2901631134.000000
Layer 1 sumqrs: 6766872726.000000
Layer 2 sumqrs: 11687554394.000000
Layer 3 sumqrs: 14731879950.000000
Layer 4 sumqrs: 21110733918.000000
Layer 5 sumqrs: 27324385798.000000
Last Layer Bin Count: 3360
Tree Check: 2000000
Time to build tree: 4.302966
Number non-empty bins: 681
Number of calcs: 3423127499236
Number Address for calcs: 86547
Tree BINARY search time: 0.002611
Total Time: 4.305606
UNI ________________________________________________________________
UNI ________________________________________________________________
UNI ________________________________________________________________

Time to read in file: 0.114312

Number points: 2000000 
Number Dimensions: 10 
Number Reference Points: 7 
Number Concurent Streams: 2
Block Size: 1024, Kernel Blocks: 2048
Using using binary searches
Distance Threshold: 0.250000 
*********************************

Selecting 64 Rp from a pool of 1414
Selected 7 reference points
Layer 0 sumqrs: 5089032508.000000
Layer 1 sumqrs: 26499591380.000000
Layer 2 sumqrs: 38924081316.000000
Layer 3 sumqrs: 37214546912.000000
Layer 4 sumqrs: 18699855602.000000
Layer 5 sumqrs: 4941844586.000000
Layer 6 sumqrs: 1278715344.000000
Last Layer Bin Count: 135940
Tree Check: 2000000
Time to build tree: 3.868656
Number non-empty bins: 30899
Number of calcs: 476713640682
Number Address for calcs: 20143637
Tree BINARY search time: 0.422355
Total Time: 4.291052

Time to read in file: 0.059427

Number points: 2000000 
Number Dimensions: 10 
Number Reference Points: 7 
Number Concurent Streams: 2
Block Size: 1024, Kernel Blocks: 2048
Using using binary searches
Distance Threshold: 0.300000 
*********************************

Selecting 64 Rp from a pool of 1414
Selected 7 reference points
Layer 0 sumqrs: 2853296788.000000
Layer 1 sumqrs: 20881566224.000000
Layer 2 sumqrs: 40785110468.000000
Layer 3 sumqrs: 39266192816.000000
Layer 4 sumqrs: 12103212336.000000
Layer 5 sumqrs: 3717159094.000000
Layer 6 sumqrs: 1155854390.000000
Last Layer Bin Count: 120523
Tree Check: 2000000
Time to build tree: 3.746786
Number non-empty bins: 25514
Number of calcs: 671651823842
Number Address for calcs: 19477972
Tree BINARY search time: 0.722432
Total Time: 4.469262

Time to read in file: 0.074218

Number points: 2000000 
Number Dimensions: 10 
Number Reference Points: 7 
Number Concurent Streams: 2
Block Size: 1024, Kernel Blocks: 2048
Using using binary searches
Distance Threshold: 0.350000 
*********************************

Selecting 64 Rp from a pool of 1414
Selected 7 reference points
Layer 0 sumqrs: 3553753120.000000
Layer 1 sumqrs: 17022803210.000000
Layer 2 sumqrs: 34272311204.000000
Layer 3 sumqrs: 41159353462.000000
Layer 4 sumqrs: 31353222042.000000
Layer 5 sumqrs: 12855451666.000000
Layer 6 sumqrs: 4537076546.000000
Last Layer Bin Count: 42845
Tree Check: 2000000
Time to build tree: 3.818288
Number non-empty bins: 10402
Number of calcs: 1355361436342
Number Address for calcs: 6340514
Tree BINARY search time: 0.148572
Total Time: 3.966907

Time to read in file: 0.056660

Number points: 2000000 
Number Dimensions: 10 
Number Reference Points: 7 
Number Concurent Streams: 2
Block Size: 1024, Kernel Blocks: 2048
Using using binary searches
Distance Threshold: 0.400000 
*********************************

Selecting 64 Rp from a pool of 1414
Selected 7 reference points
Layer 0 sumqrs: 3176713886.000000
Layer 1 sumqrs: 12786842272.000000
Layer 2 sumqrs: 27025811416.000000
Layer 3 sumqrs: 41387416018.000000
Layer 4 sumqrs: 33655792772.000000
Layer 5 sumqrs: 29528092604.000000
Layer 6 sumqrs: 19829328170.000000
Last Layer Bin Count: 14120
Tree Check: 2000000
Time to build tree: 3.716182
Number non-empty bins: 3424
Number of calcs: 2210508391236
Number Address for calcs: 1306378
Tree BINARY search time: 0.039625
Total Time: 3.755848

Time to read in file: 0.053691

Number points: 2000000 
Number Dimensions: 10 
Number Reference Points: 7 
Number Concurent Streams: 2
Block Size: 1024, Kernel Blocks: 2048
Using using binary searches
Distance Threshold: 0.450000 
*********************************

Selecting 64 Rp from a pool of 1414
Selected 7 reference points
Layer 0 sumqrs: 2820141990.000000
Layer 1 sumqrs: 9432902914.000000
Layer 2 sumqrs: 19936573996.000000
Layer 3 sumqrs: 30427955496.000000
Layer 4 sumqrs: 35557937888.000000
Layer 5 sumqrs: 31951803008.000000
Layer 6 sumqrs: 21054588118.000000
Last Layer Bin Count: 13200
Tree Check: 2000000
Time to build tree: 3.852340
Number non-empty bins: 2899
Number of calcs: 2550645013920
Number Address for calcs: 1149387
Tree BINARY search time: 0.069124
Total Time: 3.921507
EXPO ________________________________________________________________
EXPO ________________________________________________________________
EXPO ________________________________________________________________

Time to read in file: 0.211850

Number points: 2000000 
Number Dimensions: 16 
Number Reference Points: 7 
Number Concurent Streams: 2
Block Size: 1024, Kernel Blocks: 2048
Using using binary searches
Distance Threshold: 0.030000 
*********************************

Selecting 64 Rp from a pool of 1414
Selected 7 reference points
Layer 0 sumqrs: 3055138520.000000
Layer 1 sumqrs: 12618913054.000000
Layer 2 sumqrs: 24624182604.000000
Layer 3 sumqrs: 33487577264.000000
Layer 4 sumqrs: 25727354988.000000
Layer 5 sumqrs: 25113803554.000000
Layer 6 sumqrs: 25066643176.000000
Last Layer Bin Count: 58310
Tree Check: 2000000
Time to build tree: 5.089325
Number non-empty bins: 9654
Number of calcs: 1988786197182
Number Address for calcs: 4183700
Tree BINARY search time: 0.155016
Total Time: 5.244379

Time to read in file: 0.096295

Number points: 2000000 
Number Dimensions: 16 
Number Reference Points: 7 
Number Concurent Streams: 2
Block Size: 1024, Kernel Blocks: 2048
Using using binary searches
Distance Threshold: 0.035000 
*********************************

Selecting 64 Rp from a pool of 1414
Selected 7 reference points
Layer 0 sumqrs: 3498455282.000000
Layer 1 sumqrs: 10181739020.000000
Layer 2 sumqrs: 16931449736.000000
Layer 3 sumqrs: 26979858602.000000
Layer 4 sumqrs: 27407662810.000000
Layer 5 sumqrs: 30156306296.000000
Layer 6 sumqrs: 24334808408.000000
Last Layer Bin Count: 34593
Tree Check: 2000000
Time to build tree: 4.663288
Number non-empty bins: 5750
Number of calcs: 2427166787872
Number Address for calcs: 2185996
Tree BINARY search time: 0.067708
Total Time: 4.731034

Time to read in file: 0.171786

Number points: 2000000 
Number Dimensions: 16 
Number Reference Points: 7 
Number Concurent Streams: 2
Block Size: 1024, Kernel Blocks: 2048
Using using binary searches
Distance Threshold: 0.040000 
*********************************

Selecting 64 Rp from a pool of 1414
Selected 7 reference points
Layer 0 sumqrs: 2509016302.000000
Layer 1 sumqrs: 9590371166.000000
Layer 2 sumqrs: 14573236036.000000
Layer 3 sumqrs: 22342587624.000000
Layer 4 sumqrs: 24691207938.000000
Layer 5 sumqrs: 28443335662.000000
Layer 6 sumqrs: 25629703716.000000
Last Layer Bin Count: 19888
Tree Check: 2000000
Time to build tree: 5.268068
Number non-empty bins: 3503
Number of calcs: 2840812953250
Number Address for calcs: 1217137
Tree BINARY search time: 0.042123
Total Time: 5.310229

Time to read in file: 0.074652

Number points: 2000000 
Number Dimensions: 16 
Number Reference Points: 7 
Number Concurent Streams: 2
Block Size: 1024, Kernel Blocks: 2048
Using using binary searches
Distance Threshold: 0.045000 
*********************************

Selecting 64 Rp from a pool of 1414
Selected 7 reference points
Layer 0 sumqrs: 3180904236.000000
Layer 1 sumqrs: 7657669926.000000
Layer 2 sumqrs: 12435062548.000000
Layer 3 sumqrs: 16940250168.000000
Layer 4 sumqrs: 23311281716.000000
Layer 5 sumqrs: 20428890050.000000
Layer 6 sumqrs: 31730027852.000000
Last Layer Bin Count: 9610
Tree Check: 2000000
Time to build tree: 4.579843
Number non-empty bins: 1876
Number of calcs: 3163771128210
Number Address for calcs: 521990
Tree BINARY search time: 0.020766
Total Time: 4.600639

Time to read in file: 0.089488

Number points: 2000000 
Number Dimensions: 16 
Number Reference Points: 7 
Number Concurent Streams: 2
Block Size: 1024, Kernel Blocks: 2048
Using using binary searches
Distance Threshold: 0.050000 
*********************************

Selecting 64 Rp from a pool of 1414
Selected 7 reference points
Layer 0 sumqrs: 2901631134.000000
Layer 1 sumqrs: 6766872726.000000
Layer 2 sumqrs: 11687554394.000000
Layer 3 sumqrs: 14731879950.000000
Layer 4 sumqrs: 21110733918.000000
Layer 5 sumqrs: 27324385798.000000
Layer 6 sumqrs: 25833530836.000000
Last Layer Bin Count: 6810
Tree Check: 2000000
Time to build tree: 4.466087
Number non-empty bins: 1307
Number of calcs: 3388440135318
Number Address for calcs: 317407
Tree BINARY search time: 0.013796
Total Time: 4.479917
UNI ________________________________________________________________
UNI ________________________________________________________________
UNI ________________________________________________________________

Time to read in file: 0.127429

Number points: 2000000 
Number Dimensions: 10 
Number Reference Points: 8 
Number Concurent Streams: 2
Block Size: 1024, Kernel Blocks: 2048
Using using binary searches
Distance Threshold: 0.250000 
*********************************

Selecting 64 Rp from a pool of 1414
Selected 8 reference points
Layer 0 sumqrs: 5089032508.000000
Layer 1 sumqrs: 26499591380.000000
Layer 2 sumqrs: 38924081316.000000
Layer 3 sumqrs: 37214546912.000000
Layer 4 sumqrs: 18699855602.000000
Layer 5 sumqrs: 4941844586.000000
Layer 6 sumqrs: 1278715344.000000
Layer 7 sumqrs: 370558396.000000
Last Layer Bin Count: 432586
Tree Check: 2000000
Time to build tree: 4.675684
Number non-empty bins: 83135
Number of calcs: 338501485850
Number Address for calcs: 125135983
Tree BINARY search time: 4.445773
Total Time: 9.121535

Time to read in file: 0.090174

Number points: 2000000 
Number Dimensions: 10 
Number Reference Points: 8 
Number Concurent Streams: 2
Block Size: 1024, Kernel Blocks: 2048
Using using binary searches
Distance Threshold: 0.300000 
*********************************

Selecting 64 Rp from a pool of 1414
Selected 8 reference points
Layer 0 sumqrs: 2853296788.000000
Layer 1 sumqrs: 20881566224.000000
Layer 2 sumqrs: 40785110468.000000
Layer 3 sumqrs: 39266192816.000000
Layer 4 sumqrs: 12103212336.000000
Layer 5 sumqrs: 3717159094.000000
Layer 6 sumqrs: 1155854390.000000
Layer 7 sumqrs: 381213194.000000
Last Layer Bin Count: 331682
Tree Check: 2000000
Time to build tree: 4.285657
Number non-empty bins: 63076
Number of calcs: 521490124116
Number Address for calcs: 111116208
Tree BINARY search time: 3.544550
Total Time: 7.830261

Time to read in file: 0.054127

Number points: 2000000 
Number Dimensions: 10 
Number Reference Points: 8 
Number Concurent Streams: 2
Block Size: 1024, Kernel Blocks: 2048
Using using binary searches
Distance Threshold: 0.350000 
*********************************

Selecting 64 Rp from a pool of 1414
Selected 8 reference points
Layer 0 sumqrs: 3553753120.000000
Layer 1 sumqrs: 17022803210.000000
Layer 2 sumqrs: 34272311204.000000
Layer 3 sumqrs: 41159353462.000000
Layer 4 sumqrs: 31353222042.000000
Layer 5 sumqrs: 12855451666.000000
Layer 6 sumqrs: 4537076546.000000
Layer 7 sumqrs: 1632533888.000000
Last Layer Bin Count: 114422
Tree Check: 2000000
Time to build tree: 4.160419
Number non-empty bins: 24717
Number of calcs: 1135145036046
Number Address for calcs: 33987573
Tree BINARY search time: 1.618622
Total Time: 5.779096

Time to read in file: 0.053820

Number points: 2000000 
Number Dimensions: 10 
Number Reference Points: 8 
Number Concurent Streams: 2
Block Size: 1024, Kernel Blocks: 2048
Using using binary searches
Distance Threshold: 0.400000 
*********************************

Selecting 64 Rp from a pool of 1414
Selected 8 reference points
Layer 0 sumqrs: 3176713886.000000
Layer 1 sumqrs: 12786842272.000000
Layer 2 sumqrs: 27025811416.000000
Layer 3 sumqrs: 41387416018.000000
Layer 4 sumqrs: 33655792772.000000
Layer 5 sumqrs: 29528092604.000000
Layer 6 sumqrs: 19829328170.000000
Layer 7 sumqrs: 10143275454.000000
Last Layer Bin Count: 37664
Tree Check: 2000000
Time to build tree: 4.074931
Number non-empty bins: 7919
Number of calcs: 1983369259060
Number Address for calcs: 6545007
Tree BINARY search time: 0.305329
Total Time: 4.380297

Time to read in file: 0.052349

Number points: 2000000 
Number Dimensions: 10 
Number Reference Points: 8 
Number Concurent Streams: 2
Block Size: 1024, Kernel Blocks: 2048
Using using binary searches
Distance Threshold: 0.450000 
*********************************

Selecting 64 Rp from a pool of 1414
Selected 8 reference points
Layer 0 sumqrs: 2820141990.000000
Layer 1 sumqrs: 9432902914.000000
Layer 2 sumqrs: 19936573996.000000
Layer 3 sumqrs: 30427955496.000000
Layer 4 sumqrs: 35557937888.000000
Layer 5 sumqrs: 31951803008.000000
Layer 6 sumqrs: 21054588118.000000
Layer 7 sumqrs: 13233416538.000000
Last Layer Bin Count: 28990
Tree Check: 2000000
Time to build tree: 4.603756
Number non-empty bins: 6422
Number of calcs: 2367548374228
Number Address for calcs: 5506052
Tree BINARY search time: 0.408825
Total Time: 5.012621
EXPO ________________________________________________________________
EXPO ________________________________________________________________
EXPO ________________________________________________________________

Time to read in file: 0.202722

Number points: 2000000 
Number Dimensions: 16 
Number Reference Points: 8 
Number Concurent Streams: 2
Block Size: 1024, Kernel Blocks: 2048
Using using binary searches
Distance Threshold: 0.030000 
*********************************

Selecting 64 Rp from a pool of 1414
Selected 8 reference points
Layer 0 sumqrs: 3055138520.000000
Layer 1 sumqrs: 12618913054.000000
Layer 2 sumqrs: 24624182604.000000
Layer 3 sumqrs: 33487577264.000000
Layer 4 sumqrs: 25727354988.000000
Layer 5 sumqrs: 25113803554.000000
Layer 6 sumqrs: 25066643176.000000
Layer 7 sumqrs: 20178059068.000000
Last Layer Bin Count: 135156
Tree Check: 2000000
Time to build tree: 4.971353
Number non-empty bins: 19742
Number of calcs: 1846476423270
Number Address for calcs: 16780652
Tree BINARY search time: 0.798402
Total Time: 5.769793

Time to read in file: 0.178269

Number points: 2000000 
Number Dimensions: 16 
Number Reference Points: 8 
Number Concurent Streams: 2
Block Size: 1024, Kernel Blocks: 2048
Using using binary searches
Distance Threshold: 0.035000 
*********************************

Selecting 64 Rp from a pool of 1414
Selected 8 reference points
Layer 0 sumqrs: 3498455282.000000
Layer 1 sumqrs: 10181739020.000000
Layer 2 sumqrs: 16931449736.000000
Layer 3 sumqrs: 26979858602.000000
Layer 4 sumqrs: 27407662810.000000
Layer 5 sumqrs: 30156306296.000000
Layer 6 sumqrs: 24334808408.000000
Layer 7 sumqrs: 22232082576.000000
Last Layer Bin Count: 69000
Tree Check: 2000000
Time to build tree: 5.185114
Number non-empty bins: 10648
Number of calcs: 2333218188246
Number Address for calcs: 7603590
Tree BINARY search time: 0.410941
Total Time: 5.596095

Time to read in file: 0.089661

Number points: 2000000 
Number Dimensions: 16 
Number Reference Points: 8 
Number Concurent Streams: 2
Block Size: 1024, Kernel Blocks: 2048
Using using binary searches
Distance Threshold: 0.040000 
*********************************

Selecting 64 Rp from a pool of 1414
Selected 8 reference points
Layer 0 sumqrs: 2509016302.000000
Layer 1 sumqrs: 9590371166.000000
Layer 2 sumqrs: 14573236036.000000
Layer 3 sumqrs: 22342587624.000000
Layer 4 sumqrs: 24691207938.000000
Layer 5 sumqrs: 28443335662.000000
Layer 6 sumqrs: 25629703716.000000
Layer 7 sumqrs: 23743068802.000000
Last Layer Bin Count: 42036
Tree Check: 2000000
Time to build tree: 5.497935
Number non-empty bins: 7077
Number of calcs: 2721284719838
Number Address for calcs: 4838305
Tree BINARY search time: 0.295315
Total Time: 5.793289

Time to read in file: 0.085971

Number points: 2000000 
Number Dimensions: 16 
Number Reference Points: 8 
Number Concurent Streams: 2
Block Size: 1024, Kernel Blocks: 2048
Using using binary searches
Distance Threshold: 0.045000 
*********************************

Selecting 64 Rp from a pool of 1414
Selected 8 reference points
Layer 0 sumqrs: 3180904236.000000
Layer 1 sumqrs: 7657669926.000000
Layer 2 sumqrs: 12435062548.000000
Layer 3 sumqrs: 16940250168.000000
Layer 4 sumqrs: 23311281716.000000
Layer 5 sumqrs: 20428890050.000000
Layer 6 sumqrs: 31730027852.000000
Layer 7 sumqrs: 29884127940.000000
Last Layer Bin Count: 18760
Tree Check: 2000000
Time to build tree: 5.326891
Number non-empty bins: 3257
Number of calcs: 3117465592184
Number Address for calcs: 1652133
Tree BINARY search time: 0.117693
Total Time: 5.444621

Time to read in file: 0.085209

Number points: 2000000 
Number Dimensions: 16 
Number Reference Points: 8 
Number Concurent Streams: 2
Block Size: 1024, Kernel Blocks: 2048
Using using binary searches
Distance Threshold: 0.050000 
*********************************

Selecting 64 Rp from a pool of 1414
Selected 8 reference points
Layer 0 sumqrs: 2901631134.000000
Layer 1 sumqrs: 6766872726.000000
Layer 2 sumqrs: 11687554394.000000
Layer 3 sumqrs: 14731879950.000000
Layer 4 sumqrs: 21110733918.000000
Layer 5 sumqrs: 27324385798.000000
Layer 6 sumqrs: 25833530836.000000
Layer 7 sumqrs: 27832678448.000000
Last Layer Bin Count: 13070
Tree Check: 2000000
Time to build tree: 5.517693
Number non-empty bins: 2161
Number of calcs: 3363230462144
Number Address for calcs: 910143
Tree BINARY search time: 0.143306
Total Time: 5.661040
UNI ________________________________________________________________
UNI ________________________________________________________________
UNI ________________________________________________________________

Time to read in file: 0.131134

Number points: 2000000 
Number Dimensions: 10 
Number Reference Points: 9 
Number Concurent Streams: 2
Block Size: 1024, Kernel Blocks: 2048
Using using binary searches
Distance Threshold: 0.250000 
*********************************

Selecting 64 Rp from a pool of 1414
Selected 9 reference points
Layer 0 sumqrs: 5089032508.000000
Layer 1 sumqrs: 26499591380.000000
Layer 2 sumqrs: 38924081316.000000
Layer 3 sumqrs: 37214546912.000000
Layer 4 sumqrs: 18699855602.000000
Layer 5 sumqrs: 4941844586.000000
Layer 6 sumqrs: 1278715344.000000
Layer 7 sumqrs: 370558396.000000
Layer 8 sumqrs: 107413930.000000
Last Layer Bin Count: 1163890
Tree Check: 2000000
Time to build tree: 4.761240
Number non-empty bins: 197097
Number of calcs: 236340973438
Number Address for calcs: 647067955
Tree BINARY search time: 35.498142
Total Time: 40.259640

Time to read in file: 0.129508

Number points: 2000000 
Number Dimensions: 10 
Number Reference Points: 9 
Number Concurent Streams: 2
Block Size: 1024, Kernel Blocks: 2048
Using using binary searches
Distance Threshold: 0.300000 
*********************************

Selecting 64 Rp from a pool of 1414
Selected 9 reference points
Layer 0 sumqrs: 2853296788.000000
Layer 1 sumqrs: 20881566224.000000
Layer 2 sumqrs: 40785110468.000000
Layer 3 sumqrs: 39266192816.000000
Layer 4 sumqrs: 12103212336.000000
Layer 5 sumqrs: 3717159094.000000
Layer 6 sumqrs: 1155854390.000000
Layer 7 sumqrs: 381213194.000000
Layer 8 sumqrs: 134459348.000000
Last Layer Bin Count: 819988
Tree Check: 2000000
Time to build tree: 4.695472
Number non-empty bins: 139488
Number of calcs: 408224643632
Number Address for calcs: 537838594
Tree BINARY search time: 25.592252
Total Time: 30.287785

Time to read in file: 0.135457

Number points: 2000000 
Number Dimensions: 10 
Number Reference Points: 9 
Number Concurent Streams: 2
Block Size: 1024, Kernel Blocks: 2048
Using using binary searches
Distance Threshold: 0.350000 
*********************************

Selecting 64 Rp from a pool of 1414
Selected 9 reference points
Layer 0 sumqrs: 3553753120.000000
Layer 1 sumqrs: 17022803210.000000
Layer 2 sumqrs: 34272311204.000000
Layer 3 sumqrs: 41159353462.000000
Layer 4 sumqrs: 31353222042.000000
Layer 5 sumqrs: 12855451666.000000
Layer 6 sumqrs: 4537076546.000000
Layer 7 sumqrs: 1632533888.000000
Layer 8 sumqrs: 649505270.000000
Last Layer Bin Count: 271887
Tree Check: 2000000
Time to build tree: 4.549634
Number non-empty bins: 52704
Number of calcs: 972595218556
Number Address for calcs: 154432380
Tree BINARY search time: 8.982572
Total Time: 13.532257

Time to read in file: 0.054969

Number points: 2000000 
Number Dimensions: 10 
Number Reference Points: 9 
Number Concurent Streams: 2
Block Size: 1024, Kernel Blocks: 2048
Using using binary searches
Distance Threshold: 0.400000 
*********************************

Selecting 64 Rp from a pool of 1414
Selected 9 reference points
Layer 0 sumqrs: 3176713886.000000
Layer 1 sumqrs: 12786842272.000000
Layer 2 sumqrs: 27025811416.000000
Layer 3 sumqrs: 41387416018.000000
Layer 4 sumqrs: 33655792772.000000
Layer 5 sumqrs: 29528092604.000000
Layer 6 sumqrs: 19829328170.000000
Layer 7 sumqrs: 10143275454.000000
Layer 8 sumqrs: 4237116224.000000
Last Layer Bin Count: 79190
Tree Check: 2000000
Time to build tree: 4.458929
Number non-empty bins: 17187
Number of calcs: 1766753918136
Number Address for calcs: 29896251
Tree BINARY search time: 2.876109
Total Time: 7.335085

Time to read in file: 0.048779

Number points: 2000000 
Number Dimensions: 10 
Number Reference Points: 9 
Number Concurent Streams: 2
Block Size: 1024, Kernel Blocks: 2048
Using using binary searches
Distance Threshold: 0.450000 
*********************************

Selecting 64 Rp from a pool of 1414
Selected 9 reference points
Layer 0 sumqrs: 2820141990.000000
Layer 1 sumqrs: 9432902914.000000
Layer 2 sumqrs: 19936573996.000000
Layer 3 sumqrs: 30427955496.000000
Layer 4 sumqrs: 35557937888.000000
Layer 5 sumqrs: 31951803008.000000
Layer 6 sumqrs: 21054588118.000000
Layer 7 sumqrs: 13233416538.000000
Layer 8 sumqrs: 6101277724.000000
Last Layer Bin Count: 64220
Tree Check: 2000000
Time to build tree: 4.777327
Number non-empty bins: 13404
Number of calcs: 2197816190080
Number Address for calcs: 23894272
Tree BINARY search time: 2.189252
Total Time: 6.966632
EXPO ________________________________________________________________
EXPO ________________________________________________________________
EXPO ________________________________________________________________

Time to read in file: 0.188379

Number points: 2000000 
Number Dimensions: 16 
Number Reference Points: 9 
Number Concurent Streams: 2
Block Size: 1024, Kernel Blocks: 2048
Using using binary searches
Distance Threshold: 0.030000 
*********************************

Selecting 64 Rp from a pool of 1414
Selected 9 reference points
Layer 0 sumqrs: 3055138520.000000
Layer 1 sumqrs: 12618913054.000000
Layer 2 sumqrs: 24624182604.000000
Layer 3 sumqrs: 33487577264.000000
Layer 4 sumqrs: 25727354988.000000
Layer 5 sumqrs: 25113803554.000000
Layer 6 sumqrs: 25066643176.000000
Layer 7 sumqrs: 20178059068.000000
Layer 8 sumqrs: 13113242392.000000
Last Layer Bin Count: 276388
Tree Check: 2000000
Time to build tree: 5.660405
Number non-empty bins: 36635
Number of calcs: 1720590345332
Number Address for calcs: 58499039
Tree BINARY search time: 5.819742
Total Time: 11.480228

Time to read in file: 0.220569

Number points: 2000000 
Number Dimensions: 16 
Number Reference Points: 9 
Number Concurent Streams: 2
Block Size: 1024, Kernel Blocks: 2048
Using using binary searches
Distance Threshold: 0.035000 
*********************************

Selecting 64 Rp from a pool of 1414
Selected 9 reference points
Layer 0 sumqrs: 3498455282.000000
Layer 1 sumqrs: 10181739020.000000
Layer 2 sumqrs: 16931449736.000000
Layer 3 sumqrs: 26979858602.000000
Layer 4 sumqrs: 27407662810.000000
Layer 5 sumqrs: 30156306296.000000
Layer 6 sumqrs: 24334808408.000000
Layer 7 sumqrs: 22232082576.000000
Layer 8 sumqrs: 16025570420.000000
Last Layer Bin Count: 138424
Tree Check: 2000000
Time to build tree: 5.687168
Number non-empty bins: 20483
Number of calcs: 2228715281318
Number Address for calcs: 28313309
Tree BINARY search time: 2.922110
Total Time: 8.609320

Time to read in file: 0.087062

Number points: 2000000 
Number Dimensions: 16 
Number Reference Points: 9 
Number Concurent Streams: 2
Block Size: 1024, Kernel Blocks: 2048
Using using binary searches
Distance Threshold: 0.040000 
*********************************

Selecting 64 Rp from a pool of 1414
Selected 9 reference points
Layer 0 sumqrs: 2509016302.000000
Layer 1 sumqrs: 9590371166.000000
Layer 2 sumqrs: 14573236036.000000
Layer 3 sumqrs: 22342587624.000000
Layer 4 sumqrs: 24691207938.000000
Layer 5 sumqrs: 28443335662.000000
Layer 6 sumqrs: 25629703716.000000
Layer 7 sumqrs: 23743068802.000000
Layer 8 sumqrs: 19862704586.000000
Last Layer Bin Count: 77847
Tree Check: 2000000
Time to build tree: 5.776373
Number non-empty bins: 11090
Number of calcs: 2673950218424
Number Address for calcs: 12984632
Tree BINARY search time: 1.445948
Total Time: 7.222359

Time to read in file: 0.075178

Number points: 2000000 
Number Dimensions: 16 
Number Reference Points: 9 
Number Concurent Streams: 2
Block Size: 1024, Kernel Blocks: 2048
Using using binary searches
Distance Threshold: 0.045000 
*********************************

Selecting 64 Rp from a pool of 1414
Selected 9 reference points
Layer 0 sumqrs: 3180904236.000000
Layer 1 sumqrs: 7657669926.000000
Layer 2 sumqrs: 12435062548.000000
Layer 3 sumqrs: 16940250168.000000
Layer 4 sumqrs: 23311281716.000000
Layer 5 sumqrs: 20428890050.000000
Layer 6 sumqrs: 31730027852.000000
Layer 7 sumqrs: 29884127940.000000
Layer 8 sumqrs: 23682733780.000000
Last Layer Bin Count: 35827
Tree Check: 2000000
Time to build tree: 5.500795
Number non-empty bins: 5795
Number of calcs: 3065057964036
Number Address for calcs: 5240095
Tree BINARY search time: 0.700012
Total Time: 6.200845

Time to read in file: 0.087948

Number points: 2000000 
Number Dimensions: 16 
Number Reference Points: 9 
Number Concurent Streams: 2
Block Size: 1024, Kernel Blocks: 2048
Using using binary searches
Distance Threshold: 0.050000 
*********************************

Selecting 64 Rp from a pool of 1414
Selected 9 reference points
Layer 0 sumqrs: 2901631134.000000
Layer 1 sumqrs: 6766872726.000000
Layer 2 sumqrs: 11687554394.000000
Layer 3 sumqrs: 14731879950.000000
Layer 4 sumqrs: 21110733918.000000
Layer 5 sumqrs: 27324385798.000000
Layer 6 sumqrs: 25833530836.000000
Layer 7 sumqrs: 27832678448.000000
Layer 8 sumqrs: 28393687548.000000
Last Layer Bin Count: 21610
Tree Check: 2000000
Time to build tree: 5.298439
Number non-empty bins: 3787
Number of calcs: 3329252073772
Number Address for calcs: 2839773
Tree BINARY search time: 0.435550
Total Time: 5.734025
Completed!
