rm -f build/main build/*.o
nvcc -lcuda -Xcompiler -fopenmp -arch=compute_80 -code=sm_80 -O3 -I. -c -o build/main.o src/main.cu -lm
nvcc -lcuda -Xcompiler -fopenmp -arch=compute_80 -code=sm_80 -O3 -I. -c -o build/launcher.o src/launcher.cu -lm
nvcc -lcuda -Xcompiler -fopenmp -arch=compute_80 -code=sm_80 -O3 -I. -Xcompiler -std=c++03 -c -o build/kernel.o src/kernel.cu -lm
nvcc -lcuda -Xcompiler -fopenmp -arch=compute_80 -code=sm_80 -O3 -I. -c -o build/tree.o src/tree.cu -lm
nvcc -lcuda -Xcompiler -fopenmp -arch=compute_80 -code=sm_80 -O3 -I. -c -o build/utils.o src/utils.cu -lm
nvcc -lcuda -Xcompiler -fopenmp -arch=compute_80 -code=sm_80 -O3 -I. -o build/main build/main.o build/launcher.o build/kernel.o build/tree.o build/utils.o
512x1024 launches, sqrt(N) x 0.01 sampling, 64 per layer, 6 rps, rand RP, dynamic calcs per thread max 250000
MSD ________________________________________________________________
MSD ________________________________________________________________
MSD ________________________________________________________________

Time to read in file: 0.309563

Number points: 515345 
Number Dimensions: 90 
Number Concurent Streams: 2
Distance Threshold: 0.007000 
*********************************

Selecting 64 Rp from a pool of 717
Selected 6 reference points
Last Layer Bin Count: 80823
Tree Check: 515345
Time to build tree: 1.756319
Number non-empty bins: 4545
Number of calcs: 143083357307
Number Address for calcs: 656283
Tree TRAVERSAL search time: 0.017187
Total Number of Batches: 9 , with calcs per threads: 13645
Total results Set Size: 65915313 
Kernel time: 3.705550
Total Time: 5.479061

Time to read in file: 0.086805

Number points: 515345 
Number Dimensions: 90 
Number Concurent Streams: 2
Distance Threshold: 0.007525 
*********************************

Selecting 64 Rp from a pool of 717
Selected 6 reference points
Last Layer Bin Count: 52210
Tree Check: 515345
Time to build tree: 1.692227
Number non-empty bins: 4034
Number of calcs: 149305288909
Number Address for calcs: 604732
Tree TRAVERSAL search time: 0.016008
Total Number of Batches: 10 , with calcs per threads: 14238
Total results Set Size: 121384099 
Kernel time: 4.230787
Total Time: 5.939028

Time to read in file: 0.075482

Number points: 515345 
Number Dimensions: 90 
Number Concurent Streams: 2
Distance Threshold: 0.008050 
*********************************

Selecting 64 Rp from a pool of 717
Selected 6 reference points
Last Layer Bin Count: 71584
Tree Check: 515345
Time to build tree: 1.795384
Number non-empty bins: 4066
Number of calcs: 151917981241
Number Address for calcs: 576136
Tree TRAVERSAL search time: 0.025413
Total Number of Batches: 10 , with calcs per threads: 14488
Total results Set Size: 207932133 
Kernel time: 5.373242
Total Time: 7.194046

Time to read in file: 0.074844

Number points: 515345 
Number Dimensions: 90 
Number Concurent Streams: 2
Distance Threshold: 0.008575 
*********************************

Selecting 64 Rp from a pool of 717
Selected 6 reference points
Last Layer Bin Count: 31120
Tree Check: 515345
Time to build tree: 1.686245
Number non-empty bins: 2502
Number of calcs: 171491601465
Number Address for calcs: 320684
Tree TRAVERSAL search time: 0.008172
Total Number of Batches: 9 , with calcs per threads: 16354
Total results Set Size: 335507787 
Kernel time: 6.999669
Total Time: 8.694090

Time to read in file: 0.074804

Number points: 515345 
Number Dimensions: 90 
Number Concurent Streams: 2
Distance Threshold: 0.009100 
*********************************

Selecting 64 Rp from a pool of 717
Selected 6 reference points
Last Layer Bin Count: 45443
Tree Check: 515345
Time to build tree: 1.835362
Number non-empty bins: 2809
Number of calcs: 174038358125
Number Address for calcs: 382891
Tree TRAVERSAL search time: 0.014317
Total Number of Batches: 9 , with calcs per threads: 16597
Total results Set Size: 514928275 
Kernel time: 8.747669
Total Time: 10.597353
SUSY ________________________________________________________________
SUSY ________________________________________________________________
SUSY ________________________________________________________________

Time to read in file: 0.590303

Number points: 5000000 
Number Dimensions: 18 
Number Concurent Streams: 2
Distance Threshold: 0.010000 
*********************************

Selecting 64 Rp from a pool of 2236
Selected 6 reference points
Last Layer Bin Count: 7007489
Tree Check: 5000000
Time to build tree: 8.922433
Number non-empty bins: 298644
Number of calcs: 328317403114
Number Address for calcs: 93062550
Tree TRAVERSAL search time: 1.954102
Total Number of Batches: 11 , with calcs per threads: 31310
Total results Set Size: 30844186 
Kernel time: 8.627526
Total Time: 19.504070

Time to read in file: 0.171813

Number points: 5000000 
Number Dimensions: 18 
Number Concurent Streams: 2
Distance Threshold: 0.012750 
*********************************

Selecting 64 Rp from a pool of 2236
Selected 6 reference points
Last Layer Bin Count: 2609925
Tree Check: 5000000
Time to build tree: 7.996672
Number non-empty bins: 121695
Number of calcs: 1041124362346
Number Address for calcs: 34837689
Tree TRAVERSAL search time: 0.451373
Total Number of Batches: 11 , with calcs per threads: 99289
Total results Set Size: 162647128 
Kernel time: 25.048985
Total Time: 33.497039

Time to read in file: 0.541833

Number points: 5000000 
Number Dimensions: 18 
Number Concurent Streams: 2
Distance Threshold: 0.015500 
*********************************

Selecting 64 Rp from a pool of 2236
Selected 6 reference points
Last Layer Bin Count: 769692
Tree Check: 5000000
Time to build tree: 8.142077
Number non-empty bins: 40941
Number of calcs: 4673016600680
Number Address for calcs: 9030199
Tree TRAVERSAL search time: 0.186162
Total Number of Batches: 20 , with calcs per threads: 250000
Total results Set Size: 655680946 
Kernel time: 103.687790
Total Time: 112.016036

Time to read in file: 0.556974

Number points: 5000000 
Number Dimensions: 18 
Number Concurent Streams: 2
Distance Threshold: 0.018250 
*********************************

Selecting 64 Rp from a pool of 2236
Selected 6 reference points
Last Layer Bin Count: 361020
Tree Check: 5000000
Time to build tree: 8.229904
Number non-empty bins: 22160
Number of calcs: 5109724637374
Number Address for calcs: 4759278
Tree TRAVERSAL search time: 0.079965
Total Number of Batches: 21 , with calcs per threads: 250000
Total results Set Size: 2072898048 
Kernel time: 128.264299
Total Time: 136.574176

Time to read in file: 0.558306

Number points: 5000000 
Number Dimensions: 18 
Number Concurent Streams: 2
Distance Threshold: 0.021000 
*********************************

Selecting 64 Rp from a pool of 2236
Selected 6 reference points
Last Layer Bin Count: 102146
Tree Check: 5000000
Time to build tree: 8.299161
Number non-empty bins: 9617
Number of calcs: 9359241337668
Number Address for calcs: 1721855
Tree TRAVERSAL search time: 0.030358
Total Number of Batches: 42 , with calcs per threads: 250000
Total results Set Size: 5457260816 
Kernel time: 279.219728
Total Time: 287.549257
HIGGS ________________________________________________________________
HIGGS ________________________________________________________________
HIGGS ________________________________________________________________

Time to read in file: 1.891710

Number points: 11000000 
Number Dimensions: 28 
Number Concurent Streams: 2
Distance Threshold: 0.010000 
*********************************

Selecting 64 Rp from a pool of 3316
Selected 6 reference points
Last Layer Bin Count: 1617812
Tree Check: 11000000
Time to build tree: 27.160306
Number non-empty bins: 154939
Number of calcs: 4089579123788
Number Address for calcs: 50084841
Tree TRAVERSAL search time: 1.329734
Total Number of Batches: 16 , with calcs per threads: 250000
Total results Set Size: 11566498 
Kernel time: 128.251011
Total Time: 156.741055

Time to read in file: 1.781603

Number points: 11000000 
Number Dimensions: 28 
Number Concurent Streams: 2
Distance Threshold: 0.021375 
*********************************

Selecting 64 Rp from a pool of 3316
Selected 6 reference points
Last Layer Bin Count: 56031
Tree Check: 11000000
Time to build tree: 26.315074
Number non-empty bins: 6253
Number of calcs: 46811983521256
Number Address for calcs: 1218107
Tree TRAVERSAL search time: 0.049350
Total Number of Batches: 132 , with calcs per threads: 250000
Total results Set Size: 11660630 
Kernel time: 1635.336256
Total Time: 1661.700691

Time to read in file: 2.048844

Number points: 11000000 
Number Dimensions: 28 
Number Concurent Streams: 2
Distance Threshold: 0.032750 
*********************************

Selecting 64 Rp from a pool of 3316
Selected 6 reference points
Last Layer Bin Count: 16252
Tree Check: 11000000
Time to build tree: 31.301617
Number non-empty bins: 1831
Number of calcs: 77253595625616
Number Address for calcs: 272187
Tree TRAVERSAL search time: 0.005147
Total Number of Batches: 96 , with calcs per threads: 250000
Total results Set Size: 33883428 
Kernel time: 3707.037531
Total Time: 3738.344302

Time to read in file: 1.848637

Number points: 11000000 
Number Dimensions: 28 
Number Concurent Streams: 2
Distance Threshold: 0.044125 
*********************************

Selecting 64 Rp from a pool of 3316
Selected 6 reference points
Last Layer Bin Count: 4884
Tree Check: 11000000
Time to build tree: 24.879294
Number non-empty bins: 817
Number of calcs: 97643359675076
Number Address for calcs: 102067
Tree TRAVERSAL search time: 0.028115
Total Number of Batches: 77 , with calcs per threads: 250000
Total results Set Size: 808812334 
Kernel time: 5592.695957
Total Time: 5617.603374
