rm -f build/main build/*.o
nvcc -lcuda -Xcompiler -fopenmp -arch=compute_80 -code=sm_80 -O3 -I. -c -o build/main.o src/main.cu -lm
nvcc -lcuda -Xcompiler -fopenmp -arch=compute_80 -code=sm_80 -O3 -I. -c -o build/launcher.o src/launcher.cu -lm
nvcc -lcuda -Xcompiler -fopenmp -arch=compute_80 -code=sm_80 -O3 -I. -Xcompiler -std=c++03 -c -o build/kernel.o src/kernel.cu -lm
nvcc -lcuda -Xcompiler -fopenmp -arch=compute_80 -code=sm_80 -O3 -I. -c -o build/tree.o src/tree.cu -lm
nvcc -lcuda -Xcompiler -fopenmp -arch=compute_80 -code=sm_80 -O3 -I. -c -o build/utils.o src/utils.cu -lm
nvcc -lcuda -Xcompiler -fopenmp -arch=compute_80 -code=sm_80 -O3 -I. -o build/main build/main.o build/launcher.o build/kernel.o build/tree.o build/utils.o
512x1024 launches, sqrt(N) x 0.005 sampling, 64 per layer, 6 rps, non-rand RP, dynamic calcs per thread max 250000
MSD ________________________________________________________________
MSD ________________________________________________________________
MSD ________________________________________________________________

Time to read in file: 0.324209

Number points: 515345 
Number Dimensions: 90 
Number Concurent Streams: 2
Distance Threshold: 0.007000 
*********************************

Selecting 64 Rp from a pool of 717
Selected 6 reference points
Last Layer Bin Count: 103232
Tree Check: 515345
Time to build tree: 2.030623
Number non-empty bins: 5391
Number of calcs: 141234331441
Number Address for calcs: 823891
Tree TRAVERSAL search time: 0.020129
Total Number of Batches: 10 , with calcs per threads: 13469
Total results Set Size: 65915313 
Total time in kernel: 2.878598
Kernel time: 3.592965
Total Time: 5.643718

Time to read in file: 0.101731

Number points: 515345 
Number Dimensions: 90 
Number Concurent Streams: 2
Distance Threshold: 0.007525 
*********************************

Selecting 64 Rp from a pool of 717
Selected 6 reference points
Last Layer Bin Count: 91222
Tree Check: 515345
Time to build tree: 2.012001
Number non-empty bins: 5276
Number of calcs: 145867665441
Number Address for calcs: 824842
Tree TRAVERSAL search time: 0.029964
Total Number of Batches: 12 , with calcs per threads: 13911
Total results Set Size: 121384099 
Total time in kernel: 2.737274
Kernel time: 4.187196
Total Time: 6.229162

Time to read in file: 0.087928

Number points: 515345 
Number Dimensions: 90 
Number Concurent Streams: 2
Distance Threshold: 0.008050 
*********************************

Selecting 64 Rp from a pool of 717
Selected 6 reference points
Last Layer Bin Count: 71584
Tree Check: 515345
Time to build tree: 1.994883
Number non-empty bins: 4066
Number of calcs: 151917981241
Number Address for calcs: 576136
Tree TRAVERSAL search time: 0.023902
Total Number of Batches: 10 , with calcs per threads: 14488
Total results Set Size: 207932133 
Total time in kernel: 3.742493
Kernel time: 5.380942
Total Time: 7.399728

Time to read in file: 0.087637

Number points: 515345 
Number Dimensions: 90 
Number Concurent Streams: 2
Distance Threshold: 0.008575 
*********************************

Selecting 64 Rp from a pool of 717
Selected 6 reference points
Last Layer Bin Count: 31120
Tree Check: 515345
Time to build tree: 1.987248
Number non-empty bins: 2502
Number of calcs: 171491601465
Number Address for calcs: 320684
Tree TRAVERSAL search time: 0.011473
Total Number of Batches: 9 , with calcs per threads: 16354
Total results Set Size: 335507787 
Total time in kernel: 4.054918
Kernel time: 6.964467
Total Time: 8.963189

Time to read in file: 0.087513

Number points: 515345 
Number Dimensions: 90 
Number Concurent Streams: 2
Distance Threshold: 0.009100 
*********************************

Selecting 64 Rp from a pool of 717
Selected 6 reference points
Last Layer Bin Count: 45443
Tree Check: 515345
Time to build tree: 2.051102
Number non-empty bins: 2809
Number of calcs: 174038358125
Number Address for calcs: 382891
Tree TRAVERSAL search time: 0.011457
Total Number of Batches: 9 , with calcs per threads: 16597
Total results Set Size: 514928275 
Total time in kernel: 6.401574
Kernel time: 8.747652
Total Time: 10.810213
SUSY ________________________________________________________________
SUSY ________________________________________________________________
SUSY ________________________________________________________________

Time to read in file: 0.662445

Number points: 5000000 
Number Dimensions: 18 
Number Concurent Streams: 2
Distance Threshold: 0.010000 
*********************************

Selecting 64 Rp from a pool of 2236
Selected 6 reference points
Last Layer Bin Count: 7007489
Tree Check: 5000000
Time to build tree: 8.059974
Number non-empty bins: 298644
Number of calcs: 328317403114
Number Address for calcs: 93062550
Tree TRAVERSAL search time: 1.555614
Total Number of Batches: 11 , with calcs per threads: 31310
Total results Set Size: 30844186 
Total time in kernel: 4.507229
Kernel time: 8.717674
Total Time: 18.333268

Time to read in file: 0.522326

Number points: 5000000 
Number Dimensions: 18 
Number Concurent Streams: 2
Distance Threshold: 0.012750 
*********************************

Selecting 64 Rp from a pool of 2236
Selected 6 reference points
Last Layer Bin Count: 2609925
Tree Check: 5000000
Time to build tree: 7.289642
Number non-empty bins: 121695
Number of calcs: 1041124362346
Number Address for calcs: 34837689
Tree TRAVERSAL search time: 0.489078
Total Number of Batches: 11 , with calcs per threads: 99289
Total results Set Size: 162647128 
Total time in kernel: 17.167083
Kernel time: 24.908934
Total Time: 32.687661

Time to read in file: 0.518174

Number points: 5000000 
Number Dimensions: 18 
Number Concurent Streams: 2
Distance Threshold: 0.015500 
*********************************

Selecting 64 Rp from a pool of 2236
Selected 6 reference points
Last Layer Bin Count: 434382
Tree Check: 5000000
Time to build tree: 7.216190
Number non-empty bins: 41690
Number of calcs: 3718127572148
Number Address for calcs: 10391666
Tree TRAVERSAL search time: 0.176898
Total Number of Batches: 15 , with calcs per threads: 250000
Total results Set Size: 655680946 
Total time in kernel: 48.965387
Kernel time: 82.911444
Total Time: 90.304547

Time to read in file: 0.515034

Number points: 5000000 
Number Dimensions: 18 
Number Concurent Streams: 2
Distance Threshold: 0.018250 
*********************************

Selecting 64 Rp from a pool of 2236
Selected 6 reference points
Last Layer Bin Count: 245448
Tree Check: 5000000
Time to build tree: 7.200589
Number non-empty bins: 23335
Number of calcs: 6279730446774
Number Address for calcs: 4730027
Tree TRAVERSAL search time: 0.082677
Total Number of Batches: 26 , with calcs per threads: 250000
Total results Set Size: 2072898048 
Total time in kernel: 84.572328
Kernel time: 157.230870
Total Time: 164.514142

Time to read in file: 0.495527

Number points: 5000000 
Number Dimensions: 18 
Number Concurent Streams: 2
Distance Threshold: 0.021000 
*********************************

Selecting 64 Rp from a pool of 2236
Selected 6 reference points
Last Layer Bin Count: 126500
Tree Check: 5000000
Time to build tree: 7.803641
Number non-empty bins: 10169
Number of calcs: 9535228672662
Number Address for calcs: 1657825
Tree TRAVERSAL search time: 0.066275
Total Number of Batches: 39 , with calcs per threads: 250000
Total results Set Size: 5457260816 
Total time in kernel: 192.920975
Kernel time: 292.524617
Total Time: 300.394539
HIGGS ________________________________________________________________
HIGGS ________________________________________________________________
HIGGS ________________________________________________________________

Time to read in file: 1.891314

Number points: 11000000 
Number Dimensions: 28 
Number Concurent Streams: 2
Distance Threshold: 0.010000 
*********************************

Selecting 64 Rp from a pool of 3316
Selected 6 reference points
Last Layer Bin Count: 1617812
Tree Check: 11000000
Time to build tree: 25.732638
Number non-empty bins: 154939
Number of calcs: 4089579123788
Number Address for calcs: 50084841
Tree TRAVERSAL search time: 1.321522
Total Number of Batches: 16 , with calcs per threads: 250000
Total results Set Size: 11566498 
Total time in kernel: 116.202908
Kernel time: 127.968712
Total Time: 155.022878
