
0.007000 515345 16 1678 108419784921 3.815456 
0.007525 515345 13 1359 117592042109 4.202439 
0.008050 515345 18 1628 123683775403 5.225216 
0.008575 515345 18 1496 131214825813 5.939017 
0.009100 515345 18 1491 139379541457 6.785103 
0.250000 2000000 7 7655 459528971786 9.381193 
0.300000 2000000 7 5670 800198585558 15.567795 
0.350000 2000000 8 5744 1158883002088 24.777525 
0.400000 2000000 9 5541 1600862279156 38.182355 
0.450000 2000000 9 4131 2055540543152 52.891126 
0.030000 2000000 12 6521 1510646828228 44.951622 
0.035000 2000000 13 5772 1950794119230 64.444233 
0.040000 2000000 13 4562 2344434666974 85.623945 
0.045000 2000000 15 4952 2652970108058 112.528634 
0.050000 2000000 15 4247 2965842249682 main: src/launcher.cu:1829: neighborTable* nodeLauncher(double*, unsigned int, unsigned int, unsigned int, unsigned int*, double): Assertion `cudaSuccess == cudaMemcpyAsync(&keyValueIndex[i], &d_keyValueIndex[i], sizeof(unsigned long long ), cudaMemcpyDeviceToHost, stream[tid])' failed.
main: src/launcher.cu:1829: neighborTable* nodeLauncher(double*, unsigned int, unsigned int, unsigned int, unsigned int*, double): Assertion `cudaSuccess == cudaMemcpyAsync(&keyValueIndex[i], &d_keyValueIndex[i], sizeof(unsigned long long ), cudaMemcpyDeviceToHost, stream[tid])' failed.
/var/spool/slurm/slurmd/job53982393/slurm_script: line 44: 3225762 Aborted                 (core dumped) ./build/main /scratch/bwd29/data/2mil16dexpo.bin 16 $j

0.001000 2458285 5 22627 17445731633 4.592115 
0.003250 2458285 5 9185 133785442209 6.000588 
0.005500 2458285 13 9337 350560858305 18.296533 
0.007750 2458285 15 8250 678346897149 32.108313 
0.010000 2458285 17 7370 1043133222983 main: src/launcher.cu:1829: neighborTable* nodeLauncher(double*, unsigned int, unsigned int, unsigned int, unsigned int*, double): Assertion `cudaSuccess == cudaMemcpyAsync(&keyValueIndex[i], &d_keyValueIndex[i], sizeof(unsigned long long ), cudaMemcpyDeviceToHost, stream[tid])' failed.
/var/spool/slurm/slurmd/job53982393/slurm_script: line 54: 3229629 Aborted                 (core dumped) ./build/main /scratch/bwd29/data/USC_Normalized_No1Col.bin 68 $j

0.002000 287999 9 1026 10165936027 0.667445 
0.003250 287999 12 874 17411173175 0.893784 
0.004500 287999 11 633 24218784659 0.983771 
0.005750 287999 16 705 29463191753 1.334285 
0.007000 287999 17 635 34618201329 2.064052 
0.001000 11620300 4 197509 36522403064 21.494731 
0.005750 11620300 8 34895 1137456610318 40.604537 
0.010500 11620300 14 30888 4037509895150 101.207198 
0.015250 11620300 16 24424 9105754063934 178.477380 
0.020000 11620300 20 22393 15266364242616 terminate called after throwing an instance of 'thrust::system::detail::bad_alloc'
  what():  std::bad_alloc: cudaErrorMemoryAllocation: out of memory
/var/spool/slurm/slurmd/job53982393/slurm_script: line 70: 3250106 Aborted                 (core dumped) ./build/main /scratch/bwd29/data/BIGCROSS_Normalized.bin 57 $j

0.010000 5000000 7 20952 623050020698 17.158004 
0.012750 5000000 7 16683 1205826455752 27.249540 
0.015500 5000000 9 16124 1988754876438 50.438190 
0.018250 5000000 12 16479 2944223647408 88.974101 
0.021000 5000000 8 7567 4943904870504 137.802109 
0.010000 11000000 6 47856 1819454675606 64.143151 
0.021375 11000000 12 40890 16892825559414 619.387527 
0.032750 11000000 17 34458 45709713117058 /var/spool/slurm/slurmd/job53982393/slurm_script: line 88: 3276152 Segmentation fault      (core dumped) ./build/main /scratch/bwd29/data/HIGSS_Normalized.bin 28 $j

0.044125 11000000 12 6191 79017209049890 3263.623819 
0.055500 11000000 20 14244 94836586050100 4520.078982 
0.200000 5000000 20 10329 5574417688722 574.943057 
0.260000 5000000 20 5866 7576542639610 1066.698268 
0.320000 5000000 20 3387 9458660553058 1846.522089 
0.380000 5000000 20 2328 11216869483384 main: src/launcher.cu:1839: neighborTable* nodeLauncher(double*, unsigned int, unsigned int, unsigned int, unsigned int*, double): Assertion `cudaSuccess == cudaMallocHost((void**) &pointB[tid], sizeof(unsigned int)*(keyValueIndex[i] + 1))' failed.
main: src/launcher.cu:1829: neighborTable* nodeLauncher(double*, unsigned int, unsigned int, unsigned int, unsigned int*, double): Assertion `cudaSuccess == cudaMemcpyAsync(&keyValueIndex[i], &d_keyValueIndex[i], sizeof(unsigned long long ), cudaMemcpyDeviceToHost, stream[tid])' failed.
/var/spool/slurm/slurmd/job53982393/slurm_script: line 96: 3506731 Aborted                 (core dumped) ./build/main /scratch/bwd29/data/TINY_Normalized.bin 384 $j

0.440000 5000000 20 1584 12888632386648 main: src/launcher.cu:1829: neighborTable* nodeLauncher(double*, unsigned int, unsigned int, unsigned int, unsigned int*, double): Assertion `cudaSuccess == cudaMemcpyAsync(&keyValueIndex[i], &d_keyValueIndex[i], sizeof(unsigned long long ), cudaMemcpyDeviceToHost, stream[tid])' failed.
/var/spool/slurm/slurmd/job53982393/slurm_script: line 96: 3561496 Aborted                 (core dumped) ./build/main /scratch/bwd29/data/TINY_Normalized.bin 384 $j
