

MSD ________________________________________________________________


0.007000 515345 18 1869 107921820803 2.252125 4.724918 
0.007525 515345 15 1550 116653159563 1.675976 4.734105 
0.008050 515345 22 1878 123141035071 3.048802 6.788305 
0.008575 515345 18 1507 131194193299 2.423674 6.928493 
0.009100 515345 22 1710 138887292179 3.128356 8.670312 

SUSY ________________________________________________________________


0.010000 5000000 8 21594 532416051544 11.278021 22.094639 
0.012750 5000000 6 13069 1161889693246 6.097515 27.976068 
0.015500 5000000 7 11908 1979553457182 7.445977 50.311112 
0.018250 5000000 7 8375 3299802125090 6.581194 84.847142 
0.021000 5000000 9 9979 4513644419152 10.669665 136.865568 
Tiny____________________________________________________


0.200000 5000000 25 15736 5420597734216 100.140347 terminate called after throwing an instance of 'thrust::system::detail::bad_alloc'
  what():  std::bad_alloc: cudaErrorMemoryAllocation: out of memory
/var/spool/slurm/slurmd/job53991542/slurm_script: line 96: 2650513 Aborted                 (core dumped) ./build/main /scratch/bwd29/data/TINY_Normalized.bin 384 $j

0.260000 5000000 25 10577 7344423473974 75.684216 terminate called after throwing an instance of 'thrust::system::detail::bad_alloc'
  what():  std::bad_alloc: cudaErrorMemoryAllocation: out of memory
/var/spool/slurm/slurmd/job53991542/slurm_script: line 96: 2665408 Aborted                 (core dumped) ./build/main /scratch/bwd29/data/TINY_Normalized.bin 384 $j

0.320000 5000000 25 6470 9244708070106 64.748054 terminate called after throwing an instance of 'thrust::system::detail::bad_alloc'
  what():  std::bad_alloc: cudaErrorMemoryAllocation: out of memory
/var/spool/slurm/slurmd/job53991542/slurm_script: line 96: 2687627 Aborted                 (core dumped) ./build/main /scratch/bwd29/data/TINY_Normalized.bin 384 $j

0.380000 5000000 25 4333 11030300752800 59.281271 main: src/launcher.cu:1830: neighborTable* nodeLauncher(double*, unsigned int, unsigned int, unsigned int, unsigned int*, double): Assertion `cudaSuccess == cudaMemcpyAsync(&keyValueIndex[i], &d_keyValueIndex[i], sizeof(unsigned long long ), cudaMemcpyDeviceToHost, stream[tid])' failed.
/var/spool/slurm/slurmd/job53991542/slurm_script: line 96: 2723920 Aborted                 (core dumped) ./build/main /scratch/bwd29/data/TINY_Normalized.bin 384 $j

0.440000 5000000 25 2942 12694204436452 55.346455 terminate called after throwing an instance of 'thrust::system::detail::bad_alloc'
  what():  std::bad_alloc: cudaErrorMemoryAllocation: out of memory
/var/spool/slurm/slurmd/job53991542/slurm_script: line 96: 2784758 Aborted                 (core dumped) ./build/main /scratch/bwd29/data/TINY_Normalized.bin 384 $j
