
EPSILON | NUMPOINTS | MIN | MAX | SSE | STDEV | RP | Construct T | Kernel T | Total T



 _______________ 256 _____ 1024 ______1 ______________________



MSD ________________________________________________________________


0.007600 515345 6 0.930221 7174 2.738952 91082658535 3.810291 
0.009130 515345 6 0.987936 5834 3.331696 110927845535 4.433377 
0.011334 515345 6 0.951043 3601 3.965659 133410754145 5.028112 

Wave __________________________________________________


0.005400 287999 6 0.342399 3686 0.463120 14884400441 0.863010 
0.007020 287999 6 0.354051 1570 0.570914 18837215353 0.982870 
0.008358 287999 6 0.355552 1200 0.651288 21595650491 1.064670 

BIGCROSS____________________________________________________________


0.013100 11620300 6 20.120220 43863 23.776172 766023174560 48.319829 
0.019940 11620300 6 17.895654 13715 59.667150 2014186718650 82.116517 
0.028100 11620300 6 17.856185 5595 118.487437 4053281272246 140.661014 

SUSY ________________________________________________________________


0.017030 5000000 6 4.538698 42795 78.565160 2661525962610 84.293967 
0.020780 5000000 6 4.590594 25732 140.792565 4810618997844 146.471122 
0.025555 5000000 6 4.655416 13326 239.801719 8236495327188 245.656429 

HIGGS ________________________________________________________________


0.049186 11000000 6 12.135104 1257 3041.514245 105014531913808 3057.396324 
0.055580 11000000 6 12.010384 824 3256.245689 112425365460730 3271.971182 
0.063117 11000000 6 12.404245 627 3349.330450 115682868873784 3365.487549 