
EPSILON | NUMPOINTS | MIN | MAX | SSE | STDEV | RP | Construct T | Kernel T | Total T



 _______________ 256 _____ 1024 ______1 ______________________



MSD ________________________________________________________________


0.007600 515345 6 1.278218 7174 2.565191 131620689 3.961869 
0.009130 515345 6 1.092006 5834 4.532300 526971289 5.745916 
0.011334 515345 6 1.455959 3601 10.690329 2119984377 12.262393 

Wave __________________________________________________


0.005400 287999 6 0.619521 3686 0.501640 74145223 1.184300 
0.007020 287999 6 0.880445 1570 1.148076 296550643 2.100811 
0.008358 287999 6 0.882710 1200 2.786393 1175790333 3.740412 

BIGCROSS____________________________________________________________


0.013100 11620300 6 18.268495 43863 19.445546 2989546486 41.708303 
0.019940 11620300 6 18.275137 13715 56.137058 12015645920 78.344543 
0.028100 11620300 6 18.066108 5595 153.773255 47684544042 175.783896 

SUSY ________________________________________________________________


0.017030 5000000 6 5.462567 42795 32.559347 1276531250 39.111578 
0.020780 5000000 6 5.295874 25732 67.601901 5078904052 73.998662 
0.025555 5000000 6 5.174478 13326 128.921434 20296655478 135.227925 

HIGGS ________________________________________________________________


0.049186 11000000 6 13.220334 1257 1280.336049 2829176458 1297.034413 
0.055580 11000000 6 12.381436 824 1522.294840 11290229514 1538.149212 
0.063117 11000000 6 12.362154 627 1737.469766 45284147570 1753.299068 