
EPSILON | NUMPOINTS | MIN | MAX | SSE | STDEV | RP | Construct T | Kernel T | Total T

src/launcher.cu(3612): warning #177-D: variable "lastLayerOffset" was declared but never referenced
      const unsigned int lastLayerOffset = totalBinNumber - binSizes[numLayers-1];
                         ^

Remark: The warnings can be suppressed with "-diag-suppress <warning-number>"

src/launcher.cu(3755): warning #177-D: variable "d_arrayCounter" was declared but never referenced
      const unsigned int d_arrayCounter = nonEmptyBins;
                         ^

src/launcher.cu(3756): warning #177-D: variable "d_numLayers" was declared but never referenced
      const unsigned int d_numLayers = numLayers;
                         ^



 _______________ 256 _____ 512 ______1 ______________________



MSD ________________________________________________________________


0.007000 515345 6 1.518884 10472 2.923000 65915313 4.564765 
0.007525 515345 6 1.123444 7727 3.705042 121384099 4.949247 
0.008050 515345 6 1.169475 7506 4.918580 207932133 6.233151 
0.008575 515345 6 1.077032 5944 6.205914 335507787 7.401776 
0.009100 515345 6 1.519388 4941 7.864265 514928277 9.504297 src/launcher.cu(3612): warning #177-D: variable "lastLayerOffset" was declared but never referenced
      const unsigned int lastLayerOffset = totalBinNumber - binSizes[numLayers-1];
                         ^

Remark: The warnings can be suppressed with "-diag-suppress <warning-number>"

src/launcher.cu(3755): warning #177-D: variable "d_arrayCounter" was declared but never referenced
      const unsigned int d_arrayCounter = nonEmptyBins;
                         ^

src/launcher.cu(3756): warning #177-D: variable "d_numLayers" was declared but never referenced
      const unsigned int d_numLayers = numLayers;
                         ^



Wave __________________________________________________


0.002000 287999 6 1.074922 52773 0.329875 11651957 1.503793 
0.003250 287999 6 0.917256 16026 0.444777 27340089 1.431089 
0.004500 287999 6 0.510891 6484 0.575808 47254879 1.150192 
0.005750 287999 6 0.920628 2366 0.956819 93070851 1.948347 
0.007000 287999 6 0.629546 1973 1.979848 290127035 2.671458 src/launcher.cu(3612): warning #177-D: variable "lastLayerOffset" was declared but never referenced
      const unsigned int lastLayerOffset = totalBinNumber - binSizes[numLayers-1];
                         ^

Remark: The warnings can be suppressed with "-diag-suppress <warning-number>"

src/launcher.cu(3755): warning #177-D: variable "d_arrayCounter" was declared but never referenced
      const unsigned int d_arrayCounter = nonEmptyBins;
                         ^

src/launcher.cu(3756): warning #177-D: variable "d_numLayers" was declared but never referenced
      const unsigned int d_numLayers = numLayers;
                         ^



BIGCROSS____________________________________________________________


0.001000 11620300 malloc(): corrupted top size
/var/spool/slurm/slurmd/job6380661/slurm_script: line 103: 3610649 Segmentation fault      (core dumped) ./build/main /scratch/bwd29/data/BIGCROSS_Normalized.bin 57 7 $j

0.005750 11620300 6 21.299567 422643 297.399565 539888914 324.548924 
0.010500 11620300 6 18.877727 84933 307.748220 1686078098 332.383548 
0.015250 11620300 6 18.713991 30538 324.945915 4751938200 349.467023 
0.020000 11620300 6 19.409961 13837 361.715952 12151386442 386.931468 src/launcher.cu(3612): warning #177-D: variable "lastLayerOffset" was declared but never referenced
      const unsigned int lastLayerOffset = totalBinNumber - binSizes[numLayers-1];
                         ^

Remark: The warnings can be suppressed with "-diag-suppress <warning-number>"

src/launcher.cu(3755): warning #177-D: variable "d_arrayCounter" was declared but never referenced
      const unsigned int d_arrayCounter = nonEmptyBins;
                         ^

src/launcher.cu(3756): warning #177-D: variable "d_numLayers" was declared but never referenced
      const unsigned int d_numLayers = numLayers;
                         ^



SUSY ________________________________________________________________


0.010000 5000000 6 6.257295 296788 123.541243 30844186 131.339951 
0.012750 5000000 6 5.756019 126859 117.764950 162647128 125.052782 
0.015500 5000000 6 5.541669 59201 140.586435 655680946 147.672278 
0.018250 5000000 6 5.638439 47123 196.424913 2072898048 203.595968 
0.021000 5000000 6 5.654166 24618 208.327538 5457260816 215.519878 src/launcher.cu(3612): warning #177-D: variable "lastLayerOffset" was declared but never referenced
      const unsigned int lastLayerOffset = totalBinNumber - binSizes[numLayers-1];
                         ^

Remark: The warnings can be suppressed with "-diag-suppress <warning-number>"

src/launcher.cu(3755): warning #177-D: variable "d_arrayCounter" was declared but never referenced
      const unsigned int d_arrayCounter = nonEmptyBins;
                         ^

src/launcher.cu(3756): warning #177-D: variable "d_numLayers" was declared but never referenced
      const unsigned int d_numLayers = numLayers;
                         ^



HIGGS ________________________________________________________________


0.010000 11000000 6 14.269117 491204 1086.424252 11566498 1105.823866 
0.021375 11000000 6 12.991680 26718 1280.470058 11660630 1298.574550 
0.032750 11000000 6 12.443833 4451 1727.124297 33883428 1744.593462 
0.044125 11000000 6 12.496279 1663 2416.133145 808812334 2433.709102 
0.055500 11000000 6 12.234357 923 3428.841078 11110258258 3446.104842 