
EPSILON | NUMPOINTS | RP | Construct T | Kernel T | Total T



 _______________ 256 _____ 1024 ______1 ______________________



MSD ________________________________________________________________


0.007600 515345 6 1.447273 8417 2.691825 131620689 4.259719 
0.009130 515345 6 1.484098 5556 4.747769 526971289 6.366637 
0.011334 515345 6 1.110453 3493 11.071834 2119984377 12.307666 

Wave __________________________________________________


0.005400 287999 6 0.896950 2909 0.445721 74145223 1.413311 
0.007020 287999 6 0.878442 1587 1.113485 296550643 2.064546 
0.008358 287999 6 0.855353 1058 2.736537 1175790333 3.662906 

BIGCROSS____________________________________________________________


0.013100 11620300 6 16.866506 47311 20.809098 2989546486 41.755024 
0.019940 11620300 6 17.070256 14108 69.193400 12015645920 90.199674 
0.028100 11620300 6 16.685926 5487 190.039254 47684544042 210.837859 

SUSY ________________________________________________________________


0.017030 5000000 6 5.330527 46927 30.088382 1276531250 36.558468 
0.020780 5000000 6 5.185956 27936 60.033674 5078904052 66.357800 
0.025555 5000000 6 5.191650 14618 122.211679 20296655478 128.431336 

HIGGS ________________________________________________________________


0.049186 11000000 6 11.539473 1141 1470.082963 2829176458 1485.162323 
0.055580 11000000 6 11.670916 813 1648.201895 11290229520 1663.401741 
0.063117 11000000 6 11.694588 703 1881.469523 45284147572 1896.664181 