
EPSILON | NUMPOINTS | MIN | MAX | SSE | STDEV | RP | Construct T | Kernel T | Total T



 _______________ 256 _____ 1024 ______1 ______________________



MSD ________________________________________________________________


0.007600 515345 6 1 35828 5738127495.882230 105.520311 0.994084 6248 2.548815 85745144729 3.673948 
0.009130 515345 6 1 53815 9542291666.104830 136.074676 0.983617 2752 3.050455 104195201537 4.145579 
0.011334 515345 6 1 354431 130060289136.961502 502.369569 0.991042 26 7.092478 244574019975 8.193564 

Wave __________________________________________________


0.005400 287999 6 1 15532 1670489995.038219 76.159915 0.343814 3261 0.473962 15256839109 0.875077 
0.007020 287999 6 1 14448 1659673286.216815 75.912940 0.396547 2361 0.565464 18563575627 1.019709 
0.008358 287999 6 1 33343 3478523074.191110 109.901079 0.381887 1843 0.637555 21154065941 1.077259 

BIGCROSS____________________________________________________________


0.013100 11620300 6 1742100 4548100 4223747607500.000000 602.893094 17.912267 4 2382.389829 82323169270000 2404.826860 
0.019940 11620300 6 2393500 6323900 9136924506666.666016 886.729890 17.849930 3 3031.577641 104758862790000 3053.840931 
0.028100 11620300 6 5600 10212800 71858164987500.000000 2486.734337 18.149933 4 3885.076640 134253943850000 3907.793328 

SUSY ________________________________________________________________


0.017030 5000000 6 376894 1234442 538636889394.000000 328.218491 4.491484 5 427.261131 14760886799944 432.847161 
0.020780 5000000 6 749407 1510227 368945484308.000000 271.641486 4.518179 4 494.039766 17069081171390 499.683954 
0.025555 5000000 6 420757 2012127 1701212587348.000000 583.303109 4.540709 4 571.685582 19752482609270 577.360629 

HIGGS ________________________________________________________________


0.049186 11000000 6 1068216 7723546 25337229968082.664062 1517.690529 11.770062 3 3364.983255 116282249673184 3380.485178 
0.055580 11000000 6 398102 7403323 24865225342024.664062 1503.487623 11.997301 3 3427.804102 118453281790700 3443.630181 
0.063117 11000000 6 99879 6418657 20959319748252.667969 1380.359629 11.944948 3 3475.576934 120104791714288 3491.327352 