
EPSILON | NUMPOINTS | MIN | MAX | SSE | STDEV | RP | Construct T | Kernel T | Total T



 _______________ 256 _____ 1024 ______1 ______________________



MSD ________________________________________________________________


0.007600 515345 6 1.110569 6248 2.273498 131620689 3.502917 
0.009130 515345 6 1.092590 2752 4.865840 526971289 6.075140 
0.011334 515345 6 1.485899 26 20.953417 2119984377 22.565888 

Wave __________________________________________________


0.005400 287999 6 0.739864 3261 0.453651 74145223 1.264590 
0.007020 287999 6 0.936788 2361 1.164669 296550643 2.172132 
0.008358 287999 6 0.879756 1843 2.867898 1175790333 3.817966 

BIGCROSS____________________________________________________________


0.013100 11620300 6 16.601043 4 768.160920 2989546486 788.838919 
0.019940 11620300 6 16.536106 3 1000.305193 12015645920 1020.788120 
0.028100 11620300 6 15.892238 4 1643.407305 47684544042 1663.249360 

SUSY ________________________________________________________________


0.017030 5000000 6 5.266605 5 103.853242 1276531250 110.233073 
0.020780 5000000 6 5.237818 4 143.342493 5078904052 149.723825 
0.025555 5000000 6 5.379056 4 215.702581 20296655478 222.224193 

HIGGS ________________________________________________________________


0.049186 11000000 6 11.073395 3 1371.855696 2829176458 1386.444224 
0.055580 11000000 6 11.792699 3 1523.752916 11290229514 1539.041692 
0.063117 11000000 6 10.987340 3 1740.400048 45284147570 1754.943313 