
EPSILON | NUMPOINTS | RP | Construct T | Kernel T | Total T

src/kernel.cu(1164): warning #550-D: variable "cachedPoint" was set but never used
      double cachedPoint[90];
             ^

Remark: The warnings can be suppressed with "-diag-suppress <warning-number>"



 _______________ 256 _____ 1024 ______1 ______________________



MSD ________________________________________________________________


0.007600 515345 6 1.744804 8417 2.777288 91939711329 4.652255 
0.009130 515345 6 1.331020 5556 3.329970 111172450895 4.776804 
0.011334 515345 6 1.336793 3493 4.007656 134860480771 5.469455 src/kernel.cu(1164): warning #550-D: variable "cachedPoint" was set but never used
      double cachedPoint[49];
             ^

Remark: The warnings can be suppressed with "-diag-suppress <warning-number>"



Wave __________________________________________________


0.005400 287999 6 0.615435 2909 0.462637 14929606651 1.144702 
0.007020 287999 6 0.990817 1587 0.570871 18837413579 1.636727 
0.008358 287999 6 0.583191 1058 0.649618 21598101071 1.300612 src/kernel.cu(1164): warning #550-D: variable "cachedPoint" was set but never used
      double cachedPoint[57];
             ^

Remark: The warnings can be suppressed with "-diag-suppress <warning-number>"



BIGCROSS____________________________________________________________


0.013100 11620300 6 21.169423 52941 24.830791 795687469234 50.401519 
0.019940 11620300 6 22.377532 17928 60.687550 2037901812726 87.069331 
0.028100 11620300 6 22.760836 6661 120.247184 4105296809508 147.041037 src/kernel.cu(1164): warning #550-D: variable "cachedPoint" was set but never used
      double cachedPoint[18];
             ^

Remark: The warnings can be suppressed with "-diag-suppress <warning-number>"



SUSY ________________________________________________________________


0.017030 5000000 6 5.704947 39529 76.406830 2591047181846 83.180504 
0.020780 5000000 6 5.851123 20184 148.849487 5091533999308 155.801119 
0.025555 5000000 6 5.856382 13113 235.336879 8080519992170 242.291011 src/kernel.cu(1164): warning #550-D: variable "cachedPoint" was set but never used
      double cachedPoint[28];
             ^

Remark: The warnings can be suppressed with "-diag-suppress <warning-number>"



HIGGS ________________________________________________________________


0.049186 11000000 6 13.597105 1141 3095.583475 106880242005596 3112.721694 
0.055580 11000000 6 14.775496 813 3261.381767 112622487647946 3279.670363 
0.063117 11000000 6 13.012666 703 3350.642754 115706758246096 3367.061151 