
EPSILON | NUMPOINTS | MIN | MAX | SSE | STDEV | RP | Construct T | Kernel T | Total T



 _______________ 256 _____ 1024 ______1 ______________________



MSD ________________________________________________________________


0.007600 515345 6 1 32892 6154091497.922095 109.278051 
0.009130 515345 6 1 38011 8172549263.210300 125.930156 
0.011334 515345 6 1 51009 11351059521.122456 148.412051 

Wave __________________________________________________


0.005400 287999 6 1 19820 1731361837.595615 77.535114 
0.007020 287999 6 1 23250 2507367002.629834 93.306836 
0.008358 287999 6 1 33944 3413890042.999147 108.875277 

BIGCROSS____________________________________________________________


0.013100 11620300 6 1 9103 12074926256.225658 32.235438 
0.019940 11620300 6 1 19098 39017581691.517990 57.945739 
0.028100 11620300 6 1 47036 108618988037.597305 96.681684 

SUSY ________________________________________________________________


0.017030 5000000 6 1 13237 14625074359.096449 54.083407 
0.020780 5000000 6 1 28412 31611295463.793011 79.512635 
0.025555 5000000 6 1 69336 91113049626.493195 134.991148 

HIGGS ________________________________________________________________


0.049186 11000000 6 1 908351 4409875648038.962891 633.164897 
0.055580 11000000 6 1 1332710 6355727798407.826172 760.127250 
0.063117 11000000 6 1 1159778 7394930406575.650391 819.918533 