
EPSILON | NUMPOINTS | MIN | MAX | SSE | STDEV | RP | Construct T | Kernel T | Total T



 _______________ 256 _____ 1024 ______1 ______________________



MSD ________________________________________________________________


0.007000 515345 6 1.289358 10472 1.978334 65915313 3.436589 
0.007525 515345 6 1.526433 7727 2.301573 121384099 3.946353 
0.008050 515345 6 1.167581 7506 3.015054 207932133 4.295983 
0.008575 515345 6 1.497272 5944 3.611791 335507787 5.236170 
0.009100 515345 6 1.138913 4941 4.552081 514928277 5.809696 

Wave __________________________________________________


0.002000 287999 6 1.133654 52773 0.141260 11651957 1.385405 
0.003250 287999 6 0.960523 16026 0.247825 27340089 1.283031 
0.004500 287999 6 0.885509 6484 0.346161 47254879 1.299480 
0.005750 287999 6 0.949039 2366 0.540526 93070851 1.564724 
0.007000 287999 6 0.910888 1973 1.184222 290127035 2.168638 

BIGCROSS____________________________________________________________


0.001000 11620300 malloc(): corrupted top size
/var/spool/slurm/slurmd/job6390167/slurm_script: line 103: 3867168 Segmentation fault      (core dumped) ./build/main /scratch/bwd29/data/BIGCROSS_Normalized.bin 57 7 $j

0.005750 11620300 6 21.419986 422643 4.911990 539888914 30.602468 
0.010500 11620300 6 19.178482 84933 9.607135 1686078098 32.974116 
0.015250 11620300 6 18.554682 30538 25.484568 4751938200 48.026026 
0.020000 11620300 6 18.700286 13837 58.254869 12151386442 81.008520 

SUSY ________________________________________________________________


0.010000 5000000 6 5.700514 296788 3.616058 30844186 10.541487 
0.012750 5000000 6 5.361397 126859 8.354119 162647128 14.922350 
0.015500 5000000 6 5.337581 59201 17.299827 655680946 23.796570 
0.018250 5000000 6 5.638037 47123 28.644702 2072898048 35.440142 
0.021000 5000000 6 5.356237 24618 51.298401 5457260816 57.818445 

HIGGS ________________________________________________________________


0.010000 11000000 6 14.245986 491204 16.897264 11566498 34.739691 
0.021375 11000000 6 12.743611 26718 234.717457 11660630 250.990541 
0.032750 11000000 6 12.664559 4451 733.049654 33883428 749.268626 
0.044125 11000000 6 12.386475 1663 1178.612600 808812334 1194.539793 
0.055500 11000000 6 12.435080 923 1553.528405 11110258258 1569.454697 