
EPSILON | NUMPOINTS | RP | Construct T | Kernel T | Total T



 _______________ 256 _____ 1024 ____________________________



MSD ________________________________________________________________


0.007000 515345 6 1.366569 7802 3.173907 4.664562 
0.007525 515345 6 1.115227 6532 3.353628 4.589004 
0.008050 515345 6 1.249381 5698 4.277001 5.648706 
0.008575 515345 6 1.136607 4269 4.706623 5.966345 
0.009100 515345 6 1.480189 4716 5.623597 7.232356 

Census____________________________________________________________


0.001000 2458285 6 8.178549 1481289 1.425292 10.520641 
0.003250 2458285 6 4.546189 139295 4.398519 9.515983 
0.005500 2458285 6 4.117227 28171 16.066933 20.737861 
0.007750 2458285 6 4.610783 10637 34.394310 39.555798 
0.010000 2458285 6 4.609663 4722 52.324505 57.499237 

Wave __________________________________________________


0.002000 287999 6 0.601100 28462 0.205485 0.870583 
0.003250 287999 6 0.838559 5249 0.307205 1.213017 
0.004500 287999 6 0.864423 2882 0.416439 1.349793 
0.005750 287999 6 0.864644 987 0.710126 1.645460 
0.007000 287999 6 0.664202 621 1.300192 2.029081 

BIGCROSS____________________________________________________________


0.001000 11620300 6 32.446182 3892654 6.434310 44.176938 
0.005750 11620300 6 16.855860 127360 11.050546 31.817501 
0.010500 11620300 6 17.025905 17501 54.477749 75.506368 
0.015250 11620300 6 16.622328 5076 137.978103 158.739897 
0.020000 11620300 6 16.944778 2821 265.161768 286.147245 

SUSY ________________________________________________________________


0.010000 5000000 6 5.348467 241811 5.256061 11.650084 
0.012750 5000000 6 5.529509 108069 11.440881 18.119471 
0.015500 5000000 6 5.120961 67146 23.773411 30.033065 
0.018250 5000000 6 5.282768 39425 43.852289 50.243669 
0.021000 5000000 6 5.320429 25076 66.819042 73.287008 

HIGGS ________________________________________________________________


0.010000 11000000 6 12.198064 334183 26.176913 41.929599 
0.021375 11000000 6 12.001688 18638 319.836809 335.355144 
0.032750 11000000 6 11.732846 5290 825.305264 840.547405 
0.044125 11000000 6 12.157368 1827 1264.267755 1279.945345 
0.055500 11000000 6 11.461005 940 1658.264346 1673.192959 

 _______________ 256 _____ 1024 ____________________________



MSD ________________________________________________________________


0.007000 515345 6 1.361681 6317 3.075287 4.559762 
0.007525 515345 6 1.107564 5629 3.555177 4.782772 
0.008050 515345 6 1.335337 4744 4.375805 5.845873 
0.008575 515345 6 1.467898 3883 4.789263 6.388612 
0.009100 515345 6 1.457957 3753 6.057985 7.642877 

Census____________________________________________________________


0.001000 2458285 6 7.739111 1423607 1.528191 10.152700 
0.003250 2458285 6 4.540905 179742 3.844226 8.967840 
0.005500 2458285 6 4.129802 30033 15.163073 19.788613 
0.007750 2458285 6 4.465612 10029 32.610287 37.635330 
0.010000 2458285 6 4.265603 5135 50.137000 54.968033 

Wave __________________________________________________


0.002000 287999 6 0.876165 24808 0.226001 1.172124 
0.003250 287999 6 0.858269 5241 0.323404 1.244197 
0.004500 287999 6 0.740936 1802 0.444372 1.248760 
0.005750 287999 6 0.887737 868 0.704313 1.656216 
0.007000 287999 6 0.921722 500 1.296862 2.289245 

BIGCROSS____________________________________________________________


0.001000 11620300 6 32.815293 4017235 6.087321 44.347224 
0.005750 11620300 6 17.548839 117357 12.513525 34.096845 
0.010500 11620300 6 16.811494 17950 61.107003 81.923456 
0.015250 11620300 6 17.013357 5421 144.484085 165.484981 
0.020000 11620300 6 16.860410 2819 243.538968 264.507202 

SUSY ________________________________________________________________


0.010000 5000000 6 5.436000 249096 4.527156 11.013551 
0.012750 5000000 6 5.245771 103511 13.115314 19.516521 
0.015500 5000000 6 5.157907 59339 23.262035 29.563896 
0.018250 5000000 6 5.380504 34545 42.099680 48.623750 
0.021000 5000000 6 4.923317 18517 62.756401 68.722856 

HIGGS ________________________________________________________________


0.010000 11000000 6 12.374667 461208 19.405240 35.324603 
0.021375 11000000 6 11.968815 20228 317.021164 332.535279 
0.032750 11000000 6 11.785017 4730 842.005163 857.291783 
0.044125 11000000 6 11.832398 1653 1302.449661 1317.785719 
0.055500 11000000 6 11.965073 758 1667.944083 1683.409924 

 _______________ 256 _____ 1024 ____________________________



MSD ________________________________________________________________


0.007000 515345 6 1.464174 8097 2.876353 4.466644 
0.007525 515345 6 1.464478 5433 3.530459 5.117482 
0.008050 515345 6 1.458154 4849 4.417938 5.998161 
0.008575 515345 6 1.478261 4328 4.931052 6.535403 
0.009100 515345 6 1.478671 3877 5.516776 7.120202 

Census____________________________________________________________


0.001000 2458285 6 8.345296 1399596 1.500362 10.751129 
0.003250 2458285 6 4.464847 154399 4.122646 9.163925 
0.005500 2458285 6 4.514959 30994 15.563789 20.665659 
0.007750 2458285 6 4.162403 13003 27.389808 32.113123 
0.010000 2458285 6 4.142612 5586 47.382094 52.083890 

Wave __________________________________________________


0.002000 287999 6 0.875242 24657 0.215000 1.154188 
0.003250 287999 6 0.846567 5263 0.295992 1.213003 
0.004500 287999 6 0.843947 2458 0.450789 1.365996 
0.005750 287999 6 0.857424 1105 0.716517 1.646203 
0.007000 287999 6 0.858516 458 1.308412 2.235988 

BIGCROSS____________________________________________________________


0.001000 11620300 6 32.108621 4083939 6.046710 43.565486 
0.005750 11620300 6 17.458587 110732 12.680078 34.382969 
0.010500 11620300 6 17.348937 20878 53.047550 74.391262 
0.015250 11620300 6 17.075246 5603 142.166938 163.199445 
0.020000 11620300 6 16.651997 2908 241.641870 262.311427 

SUSY ________________________________________________________________


0.010000 5000000 6 5.490684 243478 4.915454 11.554820 
0.012750 5000000 6 5.050864 117595 11.234194 17.327666 
0.015500 5000000 6 5.125880 74386 19.612880 25.895954 
0.018250 5000000 6 5.184867 41633 41.312206 47.646149 
0.021000 5000000 6 5.066712 31103 61.693240 67.891832 

HIGGS ________________________________________________________________


0.010000 11000000 6 12.529136 287966 26.331452 42.390022 
0.021375 11000000 6 11.696416 24289 320.396596 335.578265 
0.032750 11000000 6 11.842245 4601 829.710250 845.054624 
0.044125 11000000 6 11.540314 1405 1304.637359 1319.659484 
0.055500 11000000 6 12.011078 835 1650.564522 1666.063194 

 _______________ 256 _____ 1024 ____________________________



MSD ________________________________________________________________


0.007000 515345 6 1.457082 7123 2.999149 4.577318 
0.007525 515345 6 1.457090 5851 3.471557 5.056504 
0.008050 515345 6 1.454758 3879 3.992564 5.570914 
0.008575 515345 6 1.210443 3997 5.056376 6.389444 
0.009100 515345 6 1.424706 3810 5.929966 7.474657 

Census____________________________________________________________


0.001000 2458285 6 8.129147 1393966 1.515645 10.477678 
0.003250 2458285 6 4.299218 149981 4.333217 9.201693 
0.005500 2458285 6 4.205460 31635 14.596904 19.367589 
0.007750 2458285 6 4.200924 11040 30.818281 35.597638 
0.010000 2458285 6 4.454161 5481 51.940385 56.952503 

Wave __________________________________________________


0.002000 287999 6 0.815118 26810 0.204434 1.085231 
0.003250 287999 6 0.697790 4641 0.288467 1.050765 
0.004500 287999 6 0.846081 2079 0.448377 1.365031 
0.005750 287999 6 0.886657 1239 0.707188 1.663845 
0.007000 287999 6 0.840605 481 1.325888 2.236888 

BIGCROSS____________________________________________________________


0.001000 11620300 6 32.102305 3941555 6.472334 43.907474 
0.005750 11620300 6 16.924422 116169 12.509440 33.431859 
0.010500 11620300 6 16.712833 13197 67.382451 88.045136 
0.015250 11620300 6 16.561849 6672 131.532952 152.258783 
0.020000 11620300 6 16.730068 2716 272.649616 293.317895 

SUSY ________________________________________________________________


0.010000 5000000 6 5.535012 285036 4.543547 11.134547 
0.012750 5000000 6 5.489423 95866 12.492834 19.120608 
0.015500 5000000 6 5.194307 50616 28.630916 34.965049 
0.018250 5000000 6 5.200197 43801 36.647480 42.984723 
0.021000 5000000 6 5.405743 33444 60.509247 67.074937 

HIGGS ________________________________________________________________


0.010000 11000000 6 12.511480 274688 31.100035 47.150980 
0.021375 11000000 6 12.267464 25385 297.192726 313.010615 
0.032750 11000000 6 11.975549 5410 813.167541 828.655705 
0.044125 11000000 6 12.163104 1566 1299.177959 1314.861228 
0.055500 11000000 6 11.868000 827 1656.883042 1672.238530 

 _______________ 256 _____ 1024 ____________________________



MSD ________________________________________________________________


0.007000 515345 6 1.458955 6512 3.149275 4.732042 
0.007525 515345 6 1.206272 6107 3.647156 4.974118 
0.008050 515345 6 1.449970 5007 4.210611 5.787186 
0.008575 515345 6 1.114025 4296 4.899474 6.136083 
0.009100 515345 6 1.080637 3689 5.608382 6.812105 

Census____________________________________________________________


0.001000 2458285 6 7.773996 1489275 1.388663 10.174821 
0.003250 2458285 6 4.361443 170506 4.201858 9.094054 
0.005500 2458285 6 4.031888 31992 15.819734 20.406463 
0.007750 2458285 6 4.163490 10221 32.496087 37.229853 
0.010000 2458285 6 4.488028 5738 54.090670 59.075641 

Wave __________________________________________________


0.002000 287999 6 0.630556 26733 0.192750 0.888139 
0.003250 287999 6 0.810233 5367 0.317388 1.193443 
0.004500 287999 6 0.839947 1550 0.437399 1.342683 
0.005750 287999 6 0.868190 1202 0.675428 1.613954 
0.007000 287999 6 0.810801 801 1.246513 2.129937 

BIGCROSS____________________________________________________________


0.001000 11620300 6 32.863359 3900560 6.877993 45.745355 
0.005750 11620300 6 17.211461 105039 11.322618 32.560562 
0.010500 11620300 6 16.746517 17774 53.518509 74.439638 
0.015250 11620300 6 16.619040 6136 130.823788 151.432748 
0.020000 11620300 6 16.607776 2403 285.248711 305.873704 

SUSY ________________________________________________________________


0.010000 5000000 6 5.492914 230121 4.839822 11.401013 
0.012750 5000000 6 4.686193 121370 11.600053 17.402864 
0.015500 5000000 6 5.102891 78291 20.038250 26.294021 
0.018250 5000000 6 5.140822 39404 37.320687 43.618828 
0.021000 5000000 6 4.947601 27843 70.898524 76.903752 

HIGGS ________________________________________________________________


0.010000 11000000 6 13.175300 327981 25.830426 42.560904 
0.021375 11000000 6 11.853922 25794 307.575461 322.924891 
0.032750 11000000 6 12.081157 5284 794.269975 809.866333 
0.044125 11000000 6 11.640174 1666 1274.029207 1289.153117 
0.055500 11000000 6 11.723574 812 1644.769117 1659.990759 