
EPSILON | NUMPOINTS | RP | Construct T | Kernel T | Total T



 _______________ 256 _____ 1024 ______1 ______________________



MSD ________________________________________________________________


0.007600 515345 2 0.934641 123 4.157261 131620689 5.238368 
0.009130 515345 2 0.935128 96 6.759116 526971289 7.829426 
0.011334 515345 2 0.860759 82 13.426404 2119984377 14.420429 

Wave __________________________________________________


0.005400 287999 2 0.290644 58 0.591748 74145223 0.952472 
0.007020 287999 2 0.465133 32 1.433750 296550643 1.975094 
0.008358 287999 2 0.401540 25 3.308475 1175790333 3.785864 

BIGCROSS____________________________________________________________


0.013100 11620300 2 11.677708 200 146.974820 2989546486 162.691678 
0.019940 11620300 2 11.745768 91 343.990554 12015645920 359.719460 
0.028100 11620300 2 11.470422 55 711.373512 47684544042 726.943587 

SUSY ________________________________________________________________


0.017030 5000000 2 3.121414 192 94.562138 1276531250 98.821421 
0.020780 5000000 2 3.165485 139 144.006060 5078904052 148.319202 
0.025555 5000000 2 3.174299 100 216.976522 20296655478 221.289262 

HIGGS ________________________________________________________________


0.049186 11000000 2 7.264298 28 1493.060558 2829176458 1503.814327 
0.055580 11000000 2 7.412901 28 1663.394482 11290229520 1674.422023 
0.063117 11000000 2 7.088466 25 1879.870487 45284147572 1890.616118 

 _______________ 256 _____ 1024 ______1 ______________________



MSD ________________________________________________________________


0.007600 515345 4 1.121424 1656 3.706685 131620689 4.955301 
0.009130 515345 4 0.893294 1127 6.194102 526971289 7.217291 
0.011334 515345 4 1.176017 738 12.609587 2119984377 13.917254 

Wave __________________________________________________


0.005400 287999 4 0.434030 371 0.581378 74145223 1.100320 
0.007020 287999 4 0.614938 165 1.340145 296550643 2.030257 
0.008358 287999 4 0.650880 112 3.103561 1175790333 3.831482 

BIGCROSS____________________________________________________________


0.013100 11620300 4 14.409882 2161 105.394026 2989546486 123.847306 
0.019940 11620300 4 13.860888 862 281.244581 12015645920 299.085137 
0.028100 11620300 4 14.358323 307 627.672993 47684544042 646.024065 

SUSY ________________________________________________________________


0.017030 5000000 4 4.042146 5289 58.649175 1276531250 63.821340 
0.020780 5000000 4 4.065335 3516 101.348080 5078904052 106.540222 
0.025555 5000000 4 4.194005 2099 179.244066 20296655478 184.598275 

HIGGS ________________________________________________________________


0.049186 11000000 4 9.405811 251 1465.601593 2829176458 1478.507246 
0.055580 11000000 4 9.646446 203 1609.537095 11290229520 1622.899379 
0.063117 11000000 4 9.437173 157 1879.894623 45284147572 1892.894825 

 _______________ 256 _____ 1024 ______1 ______________________



MSD ________________________________________________________________


0.007600 515345 6 1.103328 6437 3.737562 131620689 4.965854 
0.009130 515345 6 1.451778 3456 5.865498 526971289 7.439767 
0.011334 515345 6 1.476468 1944 11.981600 2119984377 13.585598 

Wave __________________________________________________


0.005400 287999 6 0.778295 1614 0.632237 74145223 1.475864 
0.007020 287999 6 0.666103 577 1.409430 296550643 2.140786 
0.008358 287999 6 0.713467 308 3.141928 1175790333 3.926919 

BIGCROSS____________________________________________________________


0.013100 11620300 6 16.532676 10080 94.340746 2989546486 114.989666 
0.019940 11620300 6 16.915547 2883 257.641878 12015645920 278.877631 
0.028100 11620300 6 16.110528 1188 568.193525 47684544042 588.244942 

SUSY ________________________________________________________________


0.017030 5000000 6 5.245145 45078 43.842049 1276531250 50.207313 
0.020780 5000000 6 5.104289 23323 85.052063 5078904052 91.275939 
0.025555 5000000 6 5.323520 13882 155.191357 20296655478 161.643432 

HIGGS ________________________________________________________________


0.049186 11000000 6 11.506944 1075 1421.825675 2829176458 1436.810125 
0.055580 11000000 6 12.111112 827 1609.861696 11290229520 1625.469742 
0.063117 11000000 6 11.728386 638 1879.257149 45284147572 1894.517319 

 _______________ 256 _____ 1024 ______1 ______________________



MSD ________________________________________________________________


0.007600 515345 8 1.243092 15327 6.769485 131620689 8.131761 
0.009130 515345 8 1.194418 8007 7.981425 526971289 9.296946 
0.011334 515345 8 1.448769 5249 13.500424 2119984377 15.069942 

Wave __________________________________________________


0.005400 287999 8 0.895840 4265 1.508322 74145223 2.470757 
0.007020 287999 8 1.036663 1774 1.921265 296550643 3.035144 
0.008358 287999 8 0.535990 977 3.505791 1175790333 4.106618 

BIGCROSS____________________________________________________________


0.013100 11620300 8 19.461519 26021 116.260425 2989546486 139.662619 
0.019940 11620300 8 19.119130 7434 267.169519 12015645920 290.256776 
0.028100 11620300 8 18.914445 2832 559.254833 47684544042 582.557097 

SUSY ________________________________________________________________


0.017030 5000000 8 5.802008 184610 61.040989 1276531250 67.931051 
0.020780 5000000 8 6.165305 91378 91.579008 5078904052 98.893501 
0.025555 5000000 8 6.245737 48930 152.926487 20296655478 160.305648 

HIGGS ________________________________________________________________


0.049186 11000000 8 13.378449 3739 1406.750959 2829176458 1423.632678 
0.055580 11000000 8 13.862560 2697 1613.709436 11290229520 1631.152765 
0.063117 11000000 8 13.584085 1748 1894.870181 45284147572 1911.968114 

 _______________ 256 _____ 1024 ______1 ______________________



MSD ________________________________________________________________


0.007600 515345 10 2.056618 24838 51.187895 131620689 53.380300 
0.009130 515345 10 1.727007 15140 41.633860 526971289 43.479663 
0.011334 515345 10 1.375733 8884 37.086393 2119984377 38.579952 

Wave __________________________________________________


0.005400 287999 10 1.155870 10220 17.912635 74145223 19.155637 
0.007020 287999 10 0.709315 3860 15.972556 296550643 16.747110 
0.008358 287999 10 1.239912 2358 14.998045 1175790333 16.306321 

BIGCROSS____________________________________________________________


0.013100 11620300 10 21.884747 46810 497.845825 2989546486 523.749206 
0.019940 11620300 10 22.003333 15554 527.625911 12015645920 553.605354 
0.028100 11620300 10 21.343725 5646 750.251291 47684544042 775.521679 

SUSY ________________________________________________________________


0.017030 5000000 10 7.796616 437600 538.176248 1276531250 547.112655 
0.020780 5000000 10 6.924335 237350 469.495828 5078904052 477.411601 
0.025555 5000000 10 6.942209 130677 451.828987 20296655478 459.824835 

HIGGS ________________________________________________________________


0.049186 11000000 10 15.175310 9990 1534.669947 2829176458 1553.332004 
0.055580 11000000 10 15.321826 7403 1750.364076 11290229520 1769.110553 
0.063117 11000000 10 15.465760 4162 2028.759787 45284147572 2047.650301 