
EPSILON | NUMPOINTS | RP | Construct T | Kernel T | Total T



 _______________ 256 _____ 1024 ______1 ______________________



MSD ________________________________________________________________


0.007600 515345 2 0.749589 305 2.760435 131620689 3.638689 
0.009130 515345 2 0.906647 203 4.704978 526971289 5.749125 
0.011334 515345 2 0.862083 165 11.083467 2119984377 12.082180 

Wave __________________________________________________


0.005400 287999 2 0.423955 191 0.394848 74145223 0.893844 
0.007020 287999 2 0.419804 124 1.076032 296550643 1.570190 
0.008358 287999 2 0.396755 94 2.751144 1175790333 3.215974 

BIGCROSS____________________________________________________________


0.013100 11620300 2 12.679116 973 48.569526 2989546486 65.219060 
0.019940 11620300 2 12.238610 446 126.456245 12015645920 142.665824 
0.028100 11620300 2 12.414335 238 300.531919 47684544042 316.900172 

SUSY ________________________________________________________________


0.017030 5000000 2 3.227479 251 83.765168 1276531250 88.120291 
0.020780 5000000 2 3.259521 180 122.615472 5078904052 127.029143 
0.025555 5000000 2 3.037578 130 194.099102 20296655478 198.264431 

HIGGS ________________________________________________________________


0.049186 11000000 2 7.282163 25 1485.654946 2829176458 1496.441861 
0.055580 11000000 2 7.258097 29 1648.154844 11290229520 1658.988960 
0.063117 11000000 2 7.328766 42 1863.578879 45284147572 1874.440753 

 _______________ 256 _____ 1024 ______1 ______________________



MSD ________________________________________________________________


0.007600 515345 4 1.170632 2781 2.652589 131620689 3.954078 
0.009130 515345 4 0.933109 1988 4.748523 526971289 5.810868 
0.011334 515345 4 1.050562 1262 11.027123 2119984377 12.209554 

Wave __________________________________________________


0.005400 287999 4 0.632205 891 0.428350 74145223 1.134647 
0.007020 287999 4 0.602800 495 1.090663 296550643 1.762340 
0.008358 287999 4 0.634155 385 2.701471 1175790333 3.411369 

BIGCROSS____________________________________________________________


0.013100 11620300 4 14.445561 18502 20.907626 2989546486 39.336551 
0.019940 11620300 4 14.261436 6027 71.760244 12015645920 90.021988 
0.028100 11620300 4 14.381409 2526 198.201509 47684544042 216.596146 

SUSY ________________________________________________________________


0.017030 5000000 4 4.186646 6099 45.196976 1276531250 50.534602 
0.020780 5000000 4 4.162350 3652 80.327254 5078904052 85.644043 
0.025555 5000000 4 4.063827 2141 150.009152 20296655478 155.177344 

HIGGS ________________________________________________________________


0.049186 11000000 4 9.608818 277 1491.262409 2829176458 1504.524572 
0.055580 11000000 4 9.887515 173 1623.258455 11290229520 1636.688162 
0.063117 11000000 4 9.246065 204 1898.648220 45284147572 1911.536316 

 _______________ 256 _____ 1024 ______1 ______________________



MSD ________________________________________________________________


0.007600 515345 6 1.441873 8417 2.701992 131620689 4.267010 
0.009130 515345 6 1.509448 5556 4.709732 526971289 6.354067 
0.011334 515345 6 1.483674 3493 11.174998 2119984377 12.786969 

Wave __________________________________________________


0.005400 287999 6 0.742854 2909 0.445929 74145223 1.255099 
0.007020 287999 6 0.827170 1587 1.111955 296550643 2.007562 
0.008358 287999 6 0.844048 1058 2.824863 1175790333 3.740681 

BIGCROSS____________________________________________________________


0.013100 11620300 6 16.810630 47311 20.870024 2989546486 41.866379 
0.019940 11620300 6 16.520522 14108 69.159619 12015645920 89.802904 
0.028100 11620300 6 16.478695 5487 189.391622 47684544042 209.828195 

SUSY ________________________________________________________________


0.017030 5000000 6 5.292768 46927 29.945584 1276531250 36.385103 
0.020780 5000000 6 5.411792 27936 59.996263 5078904052 66.549876 
0.025555 5000000 6 5.161806 14618 122.778190 20296655478 128.977577 

HIGGS ________________________________________________________________


0.049186 11000000 6 11.622619 1141 slurmstepd: error: *** JOB 5778096 ON cn2 CANCELLED AT 2023-10-15T22:47:36 ***
